ARM GAS  C:\Users\PETERL~1\AppData\Local\Temp\ccD1Skob.s 			page 1


   1              		.syntax unified
   2              		.cpu cortex-m4
   3              		.fpu softvfp
   4              		.eabi_attribute 20, 1
   5              		.eabi_attribute 21, 1
   6              		.eabi_attribute 23, 3
   7              		.eabi_attribute 24, 1
   8              		.eabi_attribute 25, 1
   9              		.eabi_attribute 26, 1
  10              		.eabi_attribute 30, 2
  11              		.eabi_attribute 34, 1
  12              		.eabi_attribute 18, 4
  13              		.thumb
  14              		.file	"board.c"
  15              		.text
  16              	.Ltext0:
  17              		.section	.gnu.lto_.profile.7649764f,"",%progbits
  18 0000 789C6366 		.ascii	"x\234cf```a\200\000F\006>f\000\000\223\000\032"
  18      60606061 
  18      80004606 
  18      3E660000 
  18      93001A
  19              		.text
  20              		.section	.gnu.lto_.jmpfuncs.7649764f,"",%progbits
  21 0000 789C6366 		.ascii	"x\234cf\300\0168\2414\023\210`\004b\000\001S\000\020"
  21      C00E38A1 
  21      34138860 
  21      04620001 
  21      530010
  22              		.text
  23              		.section	.gnu.lto_.inline.7649764f,"",%progbits
  24 0000 789C6366 		.ascii	"x\234cf\300\016\264\2414\023\003\003\013\017#\210b`"
  24      C00EB4A1 
  24      34130303 
  24      0B0F2388 
  24      6260
  25 0012 5B200FA2 		.ascii	"[ \017\242\030\030\271@\004\0033\023\2520\003\000,\231"
  25      1818B940 
  25      04033313 
  25      AA300300 
  25      2C99
  26 0024 01E6     		.ascii	"\001\346"
  27              		.text
  28              		.section	.gnu.lto_.pureconst.7649764f,"",%progbits
  29 0000 789C6366 		.ascii	"x\234cf```e\200\000&\006\011F\006\000\000\331\000$"
  29      60606065 
  29      80002606 
  29      09460600 
  29      00D90024 
  30              		.text
  31              		.section	.gnu.lto___early_init.7649764f,"",%progbits
  32 0000 789C6366 		.ascii	"x\234cf\300\004R@\274\010\210\235\201\230\221\231\201"
  32      C0045240 
  32      BC08889D 
  32      81989199 
  32      81
  33 0011 9169C239 		.ascii	"\221i\3029\006\206F\016&FF\020\203\201\221\241\236\211"
ARM GAS  C:\Users\PETERL~1\AppData\Local\Temp\ccD1Skob.s 			page 2


  33      0686460E 
  33      26464610 
  33      838191A1 
  33      9E89
  34 0023 B19EF125 		.ascii	"\261\236\361%\323G&\306\011\007V\317\340V_\332\320\320"
  34      D34726C6 
  34      090756CF 
  34      E0565FDA 
  34      D0D0
  35 0035 F0E1D146 		.ascii	"\360\341\321F\211V\211\237L\014\014\237\231 \3060.g"
  35      8956899F 
  35      4C0C0C9F 
  35      9920C630 
  35      2E67
  36 0047 546700AA 		.ascii	"Tg\000\252\371\330\362\367:7[\013P\215\000D\216q\005"
  36      F9D8F2F7 
  36      3A375B0B 
  36      508D0044 
  36      8E7105
  37 005a 231B2390 		.ascii	"#\033#\220^/t\240\341\377\377\307s\346lfaf`x\002\224"
  37      5E2F74A0 
  37      E1FFFFC7 
  37      73E66C66 
  37      61666078 
  38 0070 0299FF94 		.ascii	"\002\231\377\224\211\011D3\337al>\260\361\030#H1\310"
  38      89094433 
  38      DF616C3E 
  38      B0F11823 
  38      4831C8
  39 0083 947997FB 		.ascii	"\224y\227\373\3261\325\376n\350h\340\370\311\304\370"
  39      D631D5FE 
  39      6EE868E0 
  39      F8C9C4F8 
  40 0093 99096800 		.ascii	"\231\011h\000\343J\306Z\206\237@\345\367\030\033\017"
  40      E34AC65A 
  40      869F40E5 
  40      F7181B0F 
  41 00a3 6C7603AB 		.ascii	"lv\003\253d\000\031\304\0102\000h\234\243\263U\214s"
  41      640019C4 
  41      08320068 
  41      9CA3B355 
  41      8C73
  42 00b5 46665266 		.ascii	"FfRfpIiJf~L2\210\235_ll\240\237_\254\237\221\230\243"
  42      7049694A 
  42      667E4C32 
  42      889D5F6C 
  42      6CA09F5F 
  43 00ce 9F949F58 		.ascii	"\237\224\237X\224R\254\357\357\343\351\353\032\021\037"
  43      9452ACEF 
  43      EFE3E9EB 
  43      1A111F
  44 00dd 1CE26B6C 		.ascii	"\034\342kl\024\357jb`\016\221\320Kf\000\000\014\306"
  44      14EF6A62 
  44      600E91D0 
  44      4B660000 
  44      0CC6
  45 00ef 5087     		.ascii	"P\207"
ARM GAS  C:\Users\PETERL~1\AppData\Local\Temp\ccD1Skob.s 			page 3


  46              		.text
  47              		.section	.gnu.lto_boardInit.7649764f,"",%progbits
  48 0000 789C6366 		.ascii	"x\234cf\300\004R@\\\002\304\316@\314\310\314\300\310"
  48      C0045240 
  48      5C02C4CE 
  48      40CCC8CC 
  48      C0C8
  49 0012 34E11C03 		.ascii	"4\341\034\003C#\007\023##\210\301\300\310P\317\304X"
  49      43230713 
  49      232388C1 
  49      C0C850CF 
  49      C458
  50 0024 CFF892E9 		.ascii	"\317\370\222\351#\023\343\204\003\253gp\253/mhh\370"
  50      2313E384 
  50      03AB6770 
  50      AB2F6D68 
  50      68F8
  51 0036 B069BF44 		.ascii	"\260i\277D\253\304O&\006\206\317L\020c\030\2273\252"
  51      ABC44F26 
  51      0686CF4C 
  51      10631897 
  51      33AA
  52 0048 3300D57C 		.ascii	"3\000\325|l\371{\235\233\255\005\250F\000\"\307\270"
  52      6CF97B9D 
  52      9BAD05A8 
  52      460022C7 
  52      B8
  53 0059 82918D11 		.ascii	"\202\221\215\021H\257\027:\320\360\377\377\342\351g"
  53      48AF173A 
  53      D0F0FFFF 
  53      E2E967
  54 0068 F6B30085 		.ascii	"\366\263\000\205\237\0001\310\374\247LL \232\371\036"
  54      9F0031C8 
  54      FCA74C4C 
  54      209AF91E 
  55 0078 23234821 		.ascii	"##H!\310\244'L\214 !\240\002Gg\253\030\347\214\314\244"
  55      C8A4274C 
  55      8C2021A0 
  55      024767AB 
  55      18E78CCC 
  56 008d CCE092D2 		.ascii	"\314\340\222\322\224\314\374\230d\020;\277\330\330@"
  56      94CCFC98 
  56      64103BBF 
  56      D8D840
  57 009c 3FBF583F 		.ascii	"?\277X?#1G?)?\261(\245X\337\337\307\323\3275\">8\304"
  57      2331473F 
  57      293FB128 
  57      A558DFDF 
  57      C7D3D735 
  58 00b4 D7D828DE 		.ascii	"\327\330(\336\325\304\300\034\"\241\227\314\000\000"
  58      D5C4C01C 
  58      22A197CC 
  58      0000
  59 00c2 88483EEA 		.ascii	"\210H>\352"
  60              		.text
  61              		.section	.gnu.lto_.symbol_nodes.7649764f,"",%progbits
  62 0000 789C6366 		.ascii	"x\234cf``pa\200\002\246V\246z\006\206\011\347\030\030"
ARM GAS  C:\Users\PETERL~1\AppData\Local\Temp\ccD1Skob.s 			page 4


  62      60607061 
  62      8002A656 
  62      A67A0686 
  62      09E71818 
  63 0014 EAEB19E6 		.ascii	"\352\353\031\346-\340``jc\252gD\026`mabX\010T\304\330"
  63      2DE06060 
  63      6A63AA67 
  63      4416606D 
  63      61625808 
  64 002b CE54CF04 		.ascii	"\316T\317\004\221`hh\340``\006\302%\017\37612\000\000"
  64      91606868 
  64      E0606006 
  64      C2250FFE 
  64      31320000 
  65 003f 6AD211C4 		.ascii	"j\322\021\304"
  66              		.text
  67              		.section	.gnu.lto_.refs.7649764f,"",%progbits
  68 0000 789C6366 		.ascii	"x\234cf```d\200\002\000\000=\000\005"
  68      60606064 
  68      80020000 
  68      3D0005
  69              		.text
  70              		.section	.gnu.lto_.decls.7649764f,"",%progbits
  71 0000 789CAD57 		.ascii	"x\234\255W}PSW\026\177\367\275$@\214\350\224\031\355"
  71      7D505357 
  71      167FF7BD 
  71      24408CE8 
  71      9419ED
  72 0013 389D2DB5 		.ascii	"8\235-\2653\264\323i\301U\353v\373\307\256\026\255e"
  72      33B4D369 
  72      C155EB76 
  72      FBC7AE16 
  72      AD65
  73 0025 C6B6CC74 		.ascii	"\306\266\314tw\2663\245\223\006\0225\263@\330$\354\324"
  73      77B633A5 
  73      93061235 
  73      B340D824 
  73      ECD4
  74 0037 BFF6017E 		.ascii	"\277\366\001~`@>\254\202(J\\\320 \004\214HU>\304\210"
  74      60403EAC 
  74      82284A5C 
  74      D020048C 
  74      48553EC4 
  75 004c 0229424B 		.ascii	"\002)BK-\240\273\353j*U\261\212\"\202\305\312\307\236"
  75      2DA0BBEB 
  75      6A2A55B1 
  75      8A2282C5 
  75      CAC79E
  76 005f 7B6E5E02 		.ascii	"{n^\002\257\260vwzg\356;\357\334\363;\037\357\334s\317"
  76      AFB07677 
  76      7A67EE3B 
  76      EFDCF33B 
  76      1FEFDC73 
  77 0074 7B4FE038 		.ascii	"{O\3408.\017\346$\214\373s9\356o<\307\011\300\307r\201"
  77      2E0FE624 
  77      8CFB7339 
  77      EE6F3CC7 
ARM GAS  C:\Users\PETERL~1\AppData\Local\Temp\ccD1Skob.s 			page 5


  77      09C0C772 
  78 0089 417927CC 		.ascii	"Ay'\314j\230.\230\004\346\002\302M\033N.\240\267\020"
  78      6A982E98 
  78      04E602C2 
  78      4D1B4E2E 
  78      A0B710
  79 009c 64477CEB 		.ascii	"dG|\353\274O\346\342~:\252}\266$_\304\267&\037\017x"
  79      BC4FE6E2 
  79      7E3AAA7D 
  79      B6245FC4 
  79      B7261F0F 
  80 00b1 52573DDC 		.ascii	"RW=\3349\247\237'\241\352p\312\326\357\364\354Q\001"
  80      39A79F27 
  80      A1EA70CA 
  80      D6EFF4EC 
  80      5101
  81 00c3 AB512B28 		.ascii	"\253Q+(\333\360\344z\267b\341n\021F^\2068_Ab\027\020"
  81      DBF0E47A 
  81      B762E16E 
  81      11465E86 
  81      385F4162 
  82 00d9 075944CA 		.ascii	"\007YD\312\311\"\260z\204,\204\353G\012f\2519\177h\200"
  82      C922B07A 
  82      842C84EB 
  82      470A66A9 
  82      397F6880 
  83 00ed 083CA1F7 		.ascii	"\010<\241\367\245{\276\355V\277Z\001j\231\242{\224\004"
  83      A57BBEED 
  83      56BF5A01 
  83      6A99A27B 
  83      9404
  84 00ff DCD97A1D 		.ascii	"\334\331z\035\277\013? \332]\203\325\305[\205\"\321"
  84      BF0B3F20 
  84      DA5D83D5 
  84      C55B8522 
  84      D1
  85 0110 9E2E4E4C 		.ascii	"\236.NLN\022\264E*\210@*\311\253\0301\334\263\320\235"
  85      4E12B445 
  85      2A88402A 
  85      C9AB1831 
  85      DCB3D09D 
  86 0124 241CF42A 		.ascii	"$\034\364*Jr{\202\204\017\321\270s\270\251.\010\214"
  86      4A727B82 
  86      840FD1B8 
  86      73B8A92E 
  86      088C
  87 0136 B85CF627 		.ascii	"\270\\\366'\245*\217\350\236\234\374=\352WM\321\257"
  87      A52A8FE8 
  87      9E9CFC3D 
  87      EA574DD1 
  87      AF
  88 0147 92F4AB51 		.ascii	"\222\364\253Q\337\341\350\255R\012\361\250\177;\303"
  88      DFE1E8AD 
  88      520AF1A8 
  88      7F3BC3
  89 0156 3BA8027D 		.ascii	";\250\002}\2578x\247\257\342\271=5b\363fq\014\242 h"
  89      AF3878A7 
ARM GAS  C:\Users\PETERL~1\AppData\Local\Temp\ccD1Skob.s 			page 6


  89      AFE2B93D 
  89      3562F366 
  89      710CA220 
  90 016b E5E8142B 		.ascii	"\345\350\024+G%+.\264\322x\361\330\367JL\226w\036\265"
  90      47252B2E 
  90      B4D278F1 
  90      D8F74A4C 
  90      96771EB5 
  91 017f 34DA7220 		.ascii	"4\332r \207ek\014-7\214\236p\20429\3625\215\375#\363"
  91      87656B0C 
  91      2D378C9E 
  91      70843239 
  91      F2358DFD 
  92 0195 50FE1C65 		.ascii	"P\376\034e\25755\334T\011\265\004eg\232F[\325B\033c"
  92      AF3535DC 
  92      5409B504 
  92      65679A46 
  92      5BD5421B 
  93 01aa B233BD5F 		.ascii	"\2623\275_\250\205.\306\244\035n\310\016\002\255\027"
  93      A8852EC6 
  93      A41D6EC8 
  93      0E02AD17 
  94 01ba D498B26B 		.ascii	"\324\230\262k\373\036\227\205 KK\211\372\345=7\305\322"
  94      FB1E9785 
  94      204B4B89 
  94      FAE53D37 
  94      C5D2
  95 01cc 5012A12E 		.ascii	"P\022\241.\203\004\01768\256\277\223!\256$\015DMN\372"
  95      83040F36 
  95      38AEBF93 
  95      21AE240D 
  95      444D4EFA 
  96 01e0 63476D3A 		.ascii	"cGm:2E1\235n^\210'\224\363\357\035\251'\021\200@,9\005"
  96      3245319D 
  96      6E5E8827 
  96      94F3EF1D 
  96      A9271180 
  97 01f8 8B75B008 		.ascii	"\213u\260\010\206[\306\2326+\211:bf\245\3233(a\010\266"
  97      865BC69A 
  97      362B893A 
  97      6266A5D3 
  97      33286108 
  98 020d AC9D0B44 		.ascii	"\254\235\013DQA\032!\204\023\201\020 \"\377\306\217"
  98      51411A21 
  98      84138110 
  98      2022FFC6 
  98      8F
  99 021e B5EFADD3 		.ascii	"\265\357\255\323\010\007\004|\302\222\274\342\021\245"
  99      0807047C 
  99      C292BCE2 
  99      11A5
 100 022c 50C698D2 		.ascii	"P\306\230\322\341\256\007\301B%c\312v\0278\225\230\261"
 100      E1AE07C1 
 100      422563CA 
 100      76173895 
 100      98B1
 101 023e 60CAFEFD 		.ascii	"`\312\376\375h\335\237\204\343LTkw\266\011B\035c.\\"
ARM GAS  C:\Users\PETERL~1\AppData\Local\Temp\ccD1Skob.s 			page 7


 101      68DD9F84 
 101      E34C546B 
 101      77B60942 
 101      1D632E5C 
 102 0252 1F7DA841 		.ascii	"\037}\250A\334|\254\275\201\312\254P\3414\223\225\037"
 102      DC7CACBD 
 102      81CAAC50 
 102      E1349395 
 102      1F
 103 0263 DA714B10 		.ascii	"\332qK\020\232\031S\364CG+\333\202g\201\015\331~v\363"
 103      9A1953F4 
 103      43472BDB 
 103      8267810D 
 103      D97E76F3 
 104 0277 4D0D59CC 		.ascii	"M\015Y\314FX\204\035\236s0\367h_\314g\031b\331\263\030"
 104      4658841D 
 104      9E7330F7 
 104      685FCC67 
 104      1962D9B3 
 105 028c FF1988FF 		.ascii	"\377\031\210\377+\022\026x\352\227i\251;h\301s\024n"
 105      2B121678 
 105      EA9769A9 
 105      3B68C173 
 105      146E
 106 029e DFE75079 		.ascii	"\337\347Py\226 \364\234\034z\036\217\305+~h\226\037"
 106      9620F49C 
 106      1C7A1E8F 
 106      C52B7E68 
 106      961F
 107 02b0 DA34A3D5 		.ascii	"\3324\243\325\000\262\310\217l\226#\317\022Y\000\373"
 107      00B2C88F 
 107      6C9623CF 
 107      125900FB 
 108 02c0 FDD89699 		.ascii	"\375\330\226\231\003\230\202\315\365c\3353\333\015\204"
 108      039882CD 
 108      F563DD33 
 108      DB0D84
 109 02cf 50E287B6 		.ascii	"P\342\207\266\312\241m\001h>\366\002Q\\i\345\310q\220"
 109      CAA16D01 
 109      683EF602 
 109      515C69E5 
 109      C87190
 110 02e2 D7A288A2 		.ascii	"\327\242\210\242a\323I\027TH;YL<0;a^\200\371\005\314"
 110      61D34917 
 110      54483B59 
 110      4C3C303B 
 110      615E80F9 
 111 02f8 0E985F92 		.ascii	"\016\230_\222\305X\014\264b\274\333\035*\221P5N:kR\245"
 111      C5580CB4 
 111      62BCDB1D 
 111      2A915035 
 111      4E3A6B52 
 112 030d F0D99D05 		.ascii	"\360\331\235\005\331sIX\304L\236\310Ep\360?;+\337\020"
 112      D9734958 
 112      C44C9EC8 
 112      4570F03F 
 112      3B2BDF10 
ARM GAS  C:\Users\PETERL~1\AppData\Local\Temp\ccD1Skob.s 			page 8


 113 0321 4CBE06A5 		.ascii	"L\276\006\245\317\003\245I=K\245\3313\336\371+a\273"
 113      CF03A549 
 113      3D4BA5D9 
 113      33DEF92B 
 113      61BB
 114 0333 02CBC53B 		.ascii	"\002\313\305;\236W\253\024\362\030\263\253=\377\023"
 114      9E57AB14 
 114      F218B3AB 
 114      3DFF13
 115 0342 A190DDA7 		.ascii	"\241\220\335\247\271\253\276\011\302:z\003{\2203\257"
 115      B9ABBE09 
 115      C23A7A03 
 115      7B9033AF 
 116 0352 204838C0 		.ascii	" H8\300d\267\232\356\212<\312b\261\277\234\271\3358"
 116      64B79AEE 
 116      8A3CCA62 
 116      B1BF9CB9 
 116      DD38
 117 0364 4738C464 		.ascii	"G8\304d%95\217Y\213H\241\354@\363\243\314 \301\311d"
 117      2539358F 
 117      598B48A1 
 117      EC40F3A3 
 117      CC20C1C9 
 118 0379 B5678E0F 		.ascii	"\265g\216\017\261\"\316D\276E\024=\274p\234\011\313"
 118      B122CE44 
 118      BE45143D 
 118      BC709C09 
 118      CB
 119 038a 2EE41511 		.ascii	".\344\025\021\024\226#\277\367rf\250P\317d\035Y%E\314"
 119      149623BF 
 119      F77266A8 
 119      50CF641D 
 119      592545CC 
 120 039e A11BF963 		.ascii	"\241\033\371c\347\317\026\023\341\254bZ\023\322\260"
 120      E7CF1613 
 120      E1AC625A 
 120      13D2B0
 121 03ad 2634C736 		.ascii	"&4\3076\262o\213\222\204-\226\306\264\304\036\203\304"
 121      B26F8B92 
 121      842D96C6 
 121      B4C41E83 
 121      C4
 122 03be D6E016F6 		.ascii	"\326\340\026\366\371\262:\000Y\275\011\031\274\015\363"
 122      F9B23A00 
 122      59BD0919 
 122      BC0DF3
 123 03cd 16CCBB30 		.ascii	"\026\314\2730\373a~\017\363;\230w`\336\360e\327N\263"
 123      FB617E0F 
 123      F33B9877 
 123      60DEF065 
 123      D74EB3
 124 03e0 7BD7F19E 		.ascii	"{\327\361\236\010\205C\023\374oH0\265\343\337\256\253"
 124      08854313 
 124      FC6F4830 
 124      B5E3DFAE 
 124      AB
 125 03f1 D36A4CB4 		.ascii	"\323jL\264\217\275\344C~+G^\227!\033%\3447r\344\313"
ARM GAS  C:\Users\PETERL~1\AppData\Local\Temp\ccD1Skob.s 			page 9


 125      8FBDE443 
 125      7E2B475E 
 125      97211B25 
 125      E43772E4 
 126 0406 D3811D12 		.ascii	"\323\201\035\022\260G\016\354\225\231\274\"!\377!G\376"
 126      B0470EEC 
 126      9599BC22 
 126      21FF2147 
 126      FE
 127 0417 5386F448 		.ascii	"S\206\364H\310n9\262m\372\001\023\355\375\022\364_r"
 127      C86E39B2 
 127      6DFA0113 
 127      EDFD12F4 
 127      5F72
 128 0429 E8153974 		.ascii	"\350\0259tT\202^\223C\275r\350e\011zI\016\275<\005\212"
 128      54825E93 
 128      43BD72E8 
 128      65097A49 
 128      0EBD3C05 
 129 043e C55D8727 		.ascii	"\305]\207'\251o\206\223D\016\016;O\006\011\036,\013"
 129      A96F8693 
 129      440E0E3B 
 129      4F06091E 
 129      2C0B
 130 0450 FE64AE37 		.ascii	"\376d\2567/Xv\254\244\335'\203\260\351\377O\001`\004"
 130      2F5876AC 
 130      A4DD2783 
 130      B0E9FF4F 
 130      016004
 131 0463 1370BCEE 		.ascii	"\023p\274\356\203\362\275\300\361\352\233r\274\206\036"
 131      83F2BDC0 
 131      F1EA9B72 
 131      BC861E
 132 0472 4FDA42C2 		.ascii	"O\332B\302|n\355\263\271\345~\266O0y\351\326w%\202p"
 132      7C6EEDB3 
 132      B9E57EB6 
 132      4F3079E9 
 132      D6772582 
 133 0487 91D57BDB 		.ascii	"\221\325{\333\330@\261\342\371\033\212\375b0\012\013"
 133      D840B1E2 
 133      F91B8AFD 
 133      62300A0B 
 134 0497 9C5B1B42 		.ascii	"\234[\033B\361}Y.n\355Qc\"\232J*\025\270$V\330E\236"
 134      F17D592E 
 134      6EED5163 
 134      229A4A2A 
 134      15B82456 
 135 04ae 2E1D2AEE 		.ascii	".\035*\356\327\262\227\352\270@\371\207_w\226\315\303"
 135      D7B297EA 
 135      B840F987 
 135      5F7796CD 
 135      C3
 136 04bf 0557A128 		.ascii	"\005W\241(\316\241K\275\265\347\362\325L\253\373\025"
 136      CEA14BBD 
 136      B5E7F2D5 
 136      4CABFB15 
 137 04cf 3C92356D 		.ascii	"<\2225m\351\363V\324\212\231\3667psh\363\031\206g\241"
ARM GAS  C:\Users\PETERL~1\AppData\Local\Temp\ccD1Skob.s 			page 10


 137      E9F356D4 
 137      8A99F637 
 137      707368F3 
 137      198667A1 
 138 04e3 0D88BE0F 		.ascii	"\015\210\276\017i\023\202w\"6\242\021\240\264\031=\002"
 138      69138277 
 138      2236A211 
 138      A0B4193D 
 138      02
 139 04f4 4A1BD20F 		.ascii	"J\033\322\017@\241)\221Q|\321\222\013W\333\267\260\210"
 139      40A12991 
 139      517CD192 
 139      0B57DBB7 
 139      B088
 140 0506 D2B694E7 		.ascii	"\322\266\224\347c\220\255\267\233r4\314\235\212\362"
 140      6390ADB7 
 140      9B7234CC 
 140      9D8AF2
 141 0515 776D6523 		.ascii	"wme#<\343\313\323\336\242+\335\343c_2\245\211I\014\372"
 141      3CE3CBD3 
 141      DEA22BDD 
 141      E3635F32 
 141      A589490C 
 142 052a 5A867B9C 		.ascii	"Z\206{\234A\316\333\\^\015\366\242\372\206\313D\026"
 142      41CEDB5C 
 142      5E0DF6A2 
 142      FA86CB44 
 142      16
 143 053b E38FBE18 		.ascii	"\343\217\276\030\237\310b\034\363\3058\356\213\361\224"
 143      9FC8621C 
 143      F3C538EE 
 143      8BF194
 144 054a 2FC60916 		.ascii	"/\306\011\026c\326\216{M\354\303\243\274\247\342uL\365"
 144      63D68E7B 
 144      4DECC3A3 
 144      BCA7E275 
 144      4CF5
 145 055c FEFE1A16 		.ascii	"\376\376\032\026\000f\276\360\316hm\260\357\313\004"
 145      0066BEF0 
 145      CE686DB0 
 145      EFCB04
 146 056b E3B1B93E 		.ascii	"\343\261\271>\277!\260$V\016\264\340\033\274\275\356"
 146      BF21B024 
 146      560EB4E0 
 146      1BBCBDEE 
 147 057b C7432CAF 		.ascii	"\307C,\257\035E\313\360\311\357\335\377*D\026\240\310"
 147      1D45CBF0 
 147      C9EFDDFF 
 147      2A4416A0 
 147      C8
 148 058c CF9CC434 		.ascii	"\317\234\3044\236\005\230\316\263\0003x\026\340f~\321"
 148      9E0598CE 
 148      B3003378 
 148      16E0667E 
 148      D1
 149 059d D46FD717 		.ascii	"\324o\327\027\330\267k\325\221\201J%\262-\025=\025J"
 149      D8B76BD5 
ARM GAS  C:\Users\PETERL~1\AppData\Local\Temp\ccD1Skob.s 			page 11


 149      91814A25 
 149      B22D153D 
 149      154A
 150 05af BAD45F72 		.ascii	"\272\324_r\342\022\253\005\221\276\376\311\325\346\216"
 150      E212AB05 
 150      91BEFEC9 
 150      D5E68E
 151 05be 2185CCF9 		.ascii	"!\205\314\371\326Y\234o\2239\317\3649?\305\2623\\\357"
 151      D6599C6F 
 151      9339CFF4 
 151      393FC5B2 
 151      335CEF
 152 05d1 EE998BA6 		.ascii	"\356\231\213\246{$oW\032rn\004\311\254\237\232\245>"
 152      7B246F57 
 152      1A726E04 
 152      C9AC9F9A 
 152      A53E
 153 05e3 6C32EB52 		.ascii	"l2\353R\356}\326\257<J\317\011\225\254\227\243\365\252"
 153      EE7DD6AF 
 153      3C4ACF09 
 153      95AC97A3 
 153      F5AA
 154 05f5 6DBB0AE4 		.ascii	"m\273\012\344\211\233\315z\366\177\267~\330\336Z\352"
 154      899BCD7A 
 154      F67FB77E 
 154      D8DE5AEA 
 155 0605 AB6CD17D 		.ascii	"\253l\321}\036\317\303\370\266\302{\202\317\341\356"
 155      1ECFC3F8 
 155      B6C27B82 
 155      CFE1EE
 156 0614 4CFCF8EF 		.ascii	"L\374\370\357rM\364\262%\321\333\3741]q\027\215\334"
 156      724DF4B2 
 156      25D1DBFC 
 156      315D7117 
 156      8DDC
 157 0626 911757CE 		.ascii	"\221\027W\316,\351\313\235%\204<\266w\217\262\016f\263"
 157      2CE9CB9D 
 157      25843CB6 
 157      778FB20E 
 157      66B3
 158 0638 10BAA4F4 		.ascii	"\020\272\244\364\235\336{.=\364g>\340\316\247\244\357"
 158      9DDE7B2E 
 158      3DF4673E 
 158      E0CEA7A4 
 158      EF
 159 0649 97DB897D 		.ascii	"\227\333\211}\203\007\253x4\345!\344\001\330\242}\352"
 159      8307AB78 
 159      34E521E4 
 159      01D8A27D 
 159      EA
 160 065a 315981BD 		.ascii	"1Y\201\275j\022(\355W[\370\025\330\263\266\003\245}"
 160      6A1228ED 
 160      575BF815 
 160      D8B3B603 
 160      A57D
 161 066c 2B0B28ED 		.ascii	"+\013(\355];\200\322\376\225\017\224\366\260\317\200"
 161      5D3B80D2 
ARM GAS  C:\Users\PETERL~1\AppData\Local\Temp\ccD1Skob.s 			page 12


 161      FE950F94 
 161      F6B0CF80 
 162 067c 421F23BB 		.ascii	"B\037#\273\370\025\370\1770\264\3550\377\342A\321e\037"
 162      F815F87F 
 162      30B4ED30 
 162      FFE241D1 
 162      651F
 163 068e AC1E2A23 		.ascii	"\254\036*#i\364wH\244\1773\350h\210\365\323)\357h\272"
 163      69F47748 
 163      A47F33E8 
 163      6888F5D3 
 163      29EF68BA 
 164 06a2 F2903CCF 		.ascii	"\362\220<\317\221\335\240O\012\370\027iI\357q\333\024"
 164      91DDA04F 
 164      0AF81769 
 164      49EF71DB 
 164      14
 165 06b3 1A5BE083 		.ascii	"\032[\340\203\035\177b\002?i\205\274\006\377`(\325h"
 165      1D7F6202 
 165      3F6985BC 
 165      06FF6028 
 165      D568
 166 06c5 B5069D39 		.ascii	"\265\006\2359q\223\326\230l\264\252\326\276\367\307"
 166      7193D698 
 166      6CB4AAD6 
 166      BEF7C7
 167 06d4 F0686E55 		.ascii	"\360hnU\364\233q\321\033\215\361\306\017\254\251z\243"
 167      F49B71D1 
 167      1B8DF1C6 
 167      0FACA97A 
 167      A3
 168 06e5 292E81DE 		.ascii	").\201\336\233,\313\226D\231,Q\033u\211Q\361&\235Yo"
 168      9B2CCB96 
 168      44992C51 
 168      1B758951 
 168      F1269D59 
 169 06fa 897A7F5D 		.ascii	"\211z\177]\314\273k>\324~\360\207w\227-\325\256Y\276"
 169      CCBB6B3E 
 169      D47EF087 
 169      77972DD5 
 169      AE59BE
 170 070d E4374C10 		.ascii	"\3447L\020\231\300\205\340M\014\230\234o\261&\2014!"
 170      99C085E0 
 170      4D0C989C 
 170      6FB12681 
 170      3421
 171 071f D194F067 		.ascii	"\321\224\360g\364\261\362i\306SLf\253%\012\215\262\353"
 171      F4B1F269 
 171      C6534C66 
 171      AB250A8D 
 171      B2EB
 172 0731 DBCB3FFD 		.ascii	"\333\313?\375\224J\264\211\211\372\310\215\3343\314"
 172      944AB489 
 172      89FAC88D 
 172      DC33CC
 173 0740 E28614A3 		.ascii	"\342\206\024\243Ik1XSS\264\326\340Tc\262\025\326\254"
 173      496B3158 
ARM GAS  C:\Users\PETERL~1\AppData\Local\Temp\ccD1Skob.s 			page 13


 173      5353B4D6 
 173      E05463B2 
 173      15D6AC
 174 0753 6AAD56BA 		.ascii	"j\255V\272]\237\360&\263ma~\254&S\242%nCrj8\336\205"
 174      5D9FF026 
 174      B36D617E 
 174      AC2653A2 
 174      256E4372 
 175 076b EBCC49E1 		.ascii	"\353\314I\341\206\244x\203^o\320\307-\217\374m\370\322"
 175      86A47883 
 175      5E6FD0C7 
 175      2D8FFC6D 
 175      F8D2
 176 077d 25BF7EFD 		.ascii	"%\277~\375/\313\342`\375\265dS\262\3415\203.\336\030"
 176      2FCBE260 
 176      FDB56453 
 176      B2E13583 
 176      2EDE18
 177 0790 674C4E48 		.ascii	"gLNHL\325\033\342\222t`+\331\020\247\325\033\326\353"
 177      4CD51BE2 
 177      9274602B 
 177      D910A7D5 
 177      1BD6EB
 178 07a3 5213AD5A 		.ascii	"R\023\255Z\353\246\024\203\005\242\371\350\027uc\331"
 178      EBA61483 
 178      05A2F9E8 
 178      177563D9 
 179 07b3 6489D35A 		.ascii	"d\211\323Z\254zx\006\260\255L2\351\015f\225\211\372"
 179      AC7A7806 
 179      B0AD4C32 
 179      E90D6695 
 179      89FA
 180 07c5 3207992C 		.ascii	"2\007\231,)\006\203\336\254LI"
 180      290683DE 
 180      AC4C49
 181 07d0 4DD19B05 		.ascii	"M\321\233\005\223\336\254\320\2557'\322\313\306\247"
 181      93DEACD0 
 181      AD3727D2 
 181      CBC6A7
 182 07df 6ED8D49C 		.ascii	"n\330\324\234\256[\267:jml\314\373\177]\032\225\342"
 182      AE5BB73A 
 182      6A6D6CCC 
 182      FB7F5D1A 
 182      95E2
 183 07f1 4FAA2A76 		.ascii	"O\252*v\325j\235U\247\212}\213\221hFV3\262\206\221\267"
 183      D56A9D55 
 183      A78A7D8B 
 183      91684656 
 183      33B28691 
 184 0806 1959CBC8 		.ascii	"\031Y\313\310;\214\304P\022\022\273j]\264)y\275q\303"
 184      3B8CC450 
 184      1212BB6A 
 184      5DB42979 
 184      BD71C3
 185 0819 33D4A694 		.ascii	"3\324\246\224\244\004\\Z\024i6\351\001\024\371S\321"
 185      A4045C5A 
 185      146936E9 
ARM GAS  C:\Users\PETERL~1\AppData\Local\Temp\ccD1Skob.s 			page 14


 185      0114F953 
 185      D1
 186 082a 7F007512 		.ascii	"\177\000u\022\016\030"
 186      0E18
 187              		.text
 188              		.section	.gnu.lto_.symtab.7649764f,"",%progbits
 189 0000 5F5F6561 		.ascii	"__early_init\000\000\000\000\000\000\000\000\000\000"
 189      726C795F 
 189      696E6974 
 189      00000000 
 189      00000000 
 190 0016 0000AC00 		.ascii	"\000\000\254\000\000\000boardInit\000\000\000\000\000"
 190      0000626F 
 190      61726449 
 190      6E697400 
 190      00000000 
 191 002a 00000000 		.ascii	"\000\000\000\000\000\000\000\256\000\000\000pal_def"
 191      000000AE 
 191      00000070 
 191      616C5F64 
 191      6566
 192 003c 61756C74 		.ascii	"ault_config\000\000\000\000\000\000\000\000\000\000"
 192      5F636F6E 
 192      66696700 
 192      00000000 
 192      00000000 
 193 0051 00001601 		.ascii	"\000\000\026\001\000\000stm32_clock_init\000\000\002"
 193      00007374 
 193      6D33325F 
 193      636C6F63 
 193      6B5F696E 
 194 006a 00000000 		.ascii	"\000\000\000\000\000\000\000\000\000\260\000\000\000"
 194      00000000 
 194      00B00000 
 194      00
 195              		.text
 196              		.section	.gnu.lto_.opts,"",%progbits
 197 0000 272D666E 		.ascii	"'-fno-trapv' '-mcpu=cortex-m4' '-mno-thumb-interwor"
 197      6F2D7472 
 197      61707627 
 197      20272D6D 
 197      6370753D 
 198 0033 6B272027 		.ascii	"k' '-mthumb' '-ggdb' '-O2' '-fomit-frame-pointer' '"
 198      2D6D7468 
 198      756D6227 
 198      20272D67 
 198      67646227 
 199 0066 2D66616C 		.ascii	"-falign-functions=16' '-ffunction-sections' '-fdata"
 199      69676E2D 
 199      66756E63 
 199      74696F6E 
 199      733D3136 
 200 0099 2D736563 		.ascii	"-sections' '-fno-common' '-flto'\000"
 200      74696F6E 
 200      73272027 
 200      2D666E6F 
 200      2D636F6D 
ARM GAS  C:\Users\PETERL~1\AppData\Local\Temp\ccD1Skob.s 			page 15


 201              		.text
 202              		.comm	__gnu_lto_v1,1,1
 203              		.comm	__gnu_lto_slim,1,1
 204              		.ident	"GCC: (GNU Tools for ARM Embedded Processors) 4.9.3 20150529 (release) [ARM/embedded-4_9-br
ARM GAS  C:\Users\PETERL~1\AppData\Local\Temp\ccD1Skob.s 			page 16


DEFINED SYMBOLS
                            *ABS*:00000000 board.c
                            *COM*:00000001 __gnu_lto_v1
                            *COM*:00000001 __gnu_lto_slim

NO UNDEFINED SYMBOLS
