ARM GAS  C:\Users\PETERL~1\AppData\Local\Temp\cc9cVNcU.s 			page 1


   1              		.syntax unified
   2              		.cpu cortex-m4
   3              		.fpu softvfp
   4              		.eabi_attribute 20, 1
   5              		.eabi_attribute 21, 1
   6              		.eabi_attribute 23, 3
   7              		.eabi_attribute 24, 1
   8              		.eabi_attribute 25, 1
   9              		.eabi_attribute 26, 1
  10              		.eabi_attribute 30, 2
  11              		.eabi_attribute 34, 1
  12              		.eabi_attribute 18, 4
  13              		.thumb
  14              		.file	"chstats.c"
  15              		.text
  16              	.Ltext0:
  17              		.section	.gnu.lto_.profile.7649bd42,"",%progbits
  18 0000 789C6366 		.ascii	"x\234cf```a\200\000F\206\0249\000\001Z\000\213"
  18      60606061 
  18      80004686 
  18      14390001 
  18      5A008B
  19              		.text
  20              		.section	.gnu.lto_.jmpfuncs.7649bd42,"",%progbits
  21 0000 789C95D1 		.ascii	"x\234\225\3219\016\3020\020\005P\377q  n\300\035r\001"
  21      390EC230 
  21      100550FF 
  21      7120206E 
  21      C01D7201 
  22 0014 EE16C588 		.ascii	"\356\026\305\210\002\204\340\016\251\330\367\035\321"
  22      0284E00E 
  22      A9D8F71D 
  22      D1
  23 0021 D0222E41 		.ascii	"\320\".A\231\226\024H\021b\2318\320\305\205G\262\\\374"
  23      99961448 
  23      11629938 
  23      D0C58547 
  23      B25CFC
  24 0034 F1D38C2C 		.ascii	"\361\323\214,E~\325(\273]>\240;!\351^\337eo\254\224"
  24      457ED528 
  24      BB5D3EA0 
  24      3B21E95E 
  24      DF656FAC 
  25 0049 2A25245E 		.ascii	"*%$^$b\335\301I\373\322lT\376\011\320\207\027\023\262"
  25      2462DDC1 
  25      49FBD26C 
  25      54FE09D0 
  25      871713B2 
  26 005d 280CA387 		.ascii	"(\014\243\207\364\237\252\225F\204\001<\326\206\360"
  26      F49FAA95 
  26      4684013C 
  26      D686F0
  27 006c 2DC9514A 		.ascii	"-\311QJR.9\326\344\004>p\373\374\012\334V\357\235:n"
  27      522E39D6 
  27      E4043E70 
  27      FBFC0ADC 
  27      56EF9D3A 
ARM GAS  C:\Users\PETERL~1\AppData\Local\Temp\cc9cVNcU.s 			page 2


  28 0081 4409498E 		.ascii	"D\011I\216\247\250\362k\311\222\014\002r\316\216\340"
  28      A7A8F26B 
  28      C9920C02 
  28      72CE8EE0 
  29 0091 F9D28BCB 		.ascii	"\371\322\213\313\261\335of\036f\256\207Y\360~\005[u"
  29      B1DD6F66 
  29      1E66AE87 
  29      59F07E05 
  29      5B75
  30 00a3 6956575A 		.ascii	"iVWZ]\263Z\264U7\346\277\330ju\307\252k\253\356\315"
  30      5DB35AB4 
  30      5537E6BF 
  30      D86A75C7 
  30      AA6BABEE 
  31 00b8 EA41AB47 		.ascii	"\352A\253GV\305\027\205\374\273\333"
  31      56C51785 
  31      FCBBDB
  32              		.text
  33              		.section	.gnu.lto_.inline.7649bd42,"",%progbits
  34 0000 789C6366 		.ascii	"x\234cf\300\016v@iv\006\006N)F\006&\226\005\362\014"
  34      C00E7640 
  34      69760606 
  34      4E294606 
  34      269605F2 
  35 0015 6C0BE499 		.ascii	"l\013\344\231@bL\334\014\014\2140\222\201\215\025H\262"
  35      40624CDC 
  35      0C0C8C30 
  35      92818D15 
  35      48B2
  36 0027 7DD0834B 		.ascii	"}\320\203K33p\01222122\200\344\321\244x\200\002\023"
  36      3333700A 
  36      32323132 
  36      3280E4D1 
  36      A4788002 
  37 003c FC26F8B1 		.ascii	"\374&\370\2610\260\362\20243\240\031\312\212C\234\015"
  37      30B0F282 
  37      3433A019 
  37      CA8A439C 
  37      0D
  38 004d 87383B0E 		.ascii	"\2078;\016q\006\000B\211\014%"
  38      71060042 
  38      890C25
  39              		.text
  40              		.section	.gnu.lto_.pureconst.7649bd42,"",%progbits
  41 0000 789C6366 		.ascii	"x\234cf``\340g\200\000v\006\011&\011f\011\026\011V\011"
  41      6060E067 
  41      80007606 
  41      09260966 
  41      09160956 
  42 0015 36097609 		.ascii	"6\011v\011\000\007`\000\335"
  42      00076000 
  42      DD
  43              		.text
  44              		.section	.gnu.lto__stats_init.7649bd42,"",%progbits
  45 0000 789C95D2 		.ascii	"x\234\225\322\277K\033a\030\007\360\367\373\\rIq\221"
  45      BF4B1B61 
  45      1807F0F7 
ARM GAS  C:\Users\PETERL~1\AppData\Local\Temp\cc9cVNcU.s 			page 3


  45      FB5C7249 
  45      7191
  46 0012 8EFE0342 		.ascii	"\216\376\003B\341\274B7\327\200\203S\241k\026\215\203"
  46      E1BC4237 
  46      D7808353 
  46      A16B168D 
  46      83
  47 0023 9902B938 		.ascii	"\231\002\2718\206\334\225\014\035J\265CK\213\326E\374"
  47      86DC950C 
  47      1D4AB543 
  47      4B8BD645 
  47      FC
  48 0034 19AB26FE 		.ascii	"\031\253&\376\326\232^!t\222\206\326\241PD\241X\320"
  48      D69A5E21 
  48      749286D6 
  48      A15044A1 
  48      58D0
  49 0046 2DEA7448 		.ascii	"-\352tH\222>\317\035.\3768\360\340x\337{\277\317=\317"
  49      923ECF1D 
  49      2EFE38F0 
  49      E078DF7B 
  49      BFCF3DCF 
  50 005a 87E33475 		.ascii	"\207\3434u\373\352\342\273MJ\231\274BS\240\261\037J"
  50      FBEAE2BB 
  50      4D4A99BC 
  50      4253A0B1 
  50      1F4A
  51 006c 39710264 		.ascii	"9q\002d\243\240\012\204\002\316\350\2340\346\226>tt"
  51      A3A00A84 
  51      02CEE89C 
  51      30E6963E 
  51      7474
  52 007e 4FDBB6DD 		.ascii	"O\333\266\335\370[w\236\273\360\370\275K\012\372`\026"
  52      F85B779E 
  52      BBF0F8BD 
  52      4B0AFA60 
  52      16
  53 008f DD8A8BCE 		.ascii	"\335\212\213\316\213\315\337\035z\221\213:\203\014s"
  53      8BCDDF1D 
  53      7A918B3A 
  53      830C73
  54 009e D0C1EBF2 		.ascii	"\320\301\353\362c\327n\267\247&\366\313\021]\251\023"
  54      63D76EB7 
  54      A726F6CB 
  54      115DA913 
  55 00ae 8E64C03F 		.ascii	"\216d\300?\"Y\265?x\331X\251\275\215I5w\231<x\263D\371"
  55      2259B53F 
  55      78D958A9 
  55      BD8D4935 
  55      77993C78 
  56 00c5 2BFB951D 		.ascii	"+\373\225\035\367\010M\351\303\247\307'\365\237\361"
  56      F7084DE9 
  56      C3A7C727 
  56      F59FF1
  57 00d4 53E213FF 		.ascii	"S\342\023\377q\316)N\340\023\306\035[\252\010\363\310"
  57      71CE294E 
  57      E013C61D 
ARM GAS  C:\Users\PETERL~1\AppData\Local\Temp\cc9cVNcU.s 			page 4


  57      5BAA08F3 
  57      C8
  58 00e5 63015D7E 		.ascii	"c\001]~\326Z\034\255\350F\211\031n\324#\015%.\274\360"
  58      D65A1CAD 
  58      E8468919 
  58      6ED4230D 
  58      252EBCF0 
  59 00f9 A91CEE7D 		.ascii	"\251\034\356}\375\325\212\004\341\023\217\"X\204q!="
  59      FDD58A04 
  59      E1138F22 
  59      58847121 
  59      3D
  60 010a 153EC3E0 		.ascii	"\025>\303\340\334\231\331}\035\2239Q>Z\342\216\242k"
  60      DC99D97D 
  60      1D933951 
  60      3E5AE28E 
  60      A26B
  61 011c D4BE85EB 		.ascii	"\324\276\205\353nr\226C8+a\234\262p\374OW\201\341\317"
  61      6E729643 
  61      382B619C 
  61      B270FC4F 
  61      5781E1CF 
  62 0130 3F44D17D 		.ascii	"?D\321}\367\0352^\335\234\257_\012\035\253\310\337\212"
  62      F71D325E 
  62      DD9CAF5F 
  62      0A1DABC8 
  62      DF8A
  63 0142 EEA5ADDD 		.ascii	"\356\245\255\335M3\204\266~\017\255\337\243\0306\204"
  63      4D3384B6 
  63      7E0FADDF 
  63      A3183684 
  64 0152 A605D941 		.ascii	"\246\005\331A\263:\032\365G\271\232Gql2V\200\330B\336"
  64      B33A1AF5 
  64      47B99A47 
  64      716C3256 
  64      80D842DE 
  65 0166 A3473EFA 		.ascii	"\243G>\372\275\036f\336~\210y'\304\274\033f\376\"\346"
  65      BD1E66DE 
  65      7E887927 
  65      C4BC1B66 
  65      FE22E6
  66 0179 C8DDE6BD 		.ascii	"\310\335\346\275ks50\037\301q?\366\371GJ~R\310\317\311"
  66      6B733530 
  66      1FC1713F 
  66      F6F9474A 
  66      7E52C8CF 
  67 018e 8D8D446F 		.ascii	"\215\215Do21\234\036L\277\310\215\014\2453\311\224\354"
  67      32319C1E 
  67      4CBFC88D 
  67      0CA533C9 
  67      94EC
  68 01a0 33D6B3A7 		.ascii	"3\326\263\247f\3062\2639\323\312\246\314\324\260\225"
  68      66C632B3 
  68      39D3CAA6 
  68      CCD4B095 
  69 01b0 1BC8593D 		.ascii	"\033\310Y=)\365\037\205\310$\272"
  69      29F51F85 
ARM GAS  C:\Users\PETERL~1\AppData\Local\Temp\cc9cVNcU.s 			page 5


  69      C824BA
  70              		.text
  71              		.section	.gnu.lto__stats_increase_irq.7649bd42,"",%progbits
  72 0000 789C7D90 		.ascii	"x\234}\220\313K\002Q\024\306\3179\343\210\340\242h%"
  72      CB4B0251 
  72      14C6CF39 
  72      E388E0A2 
  72      6825
  73 0012 FE034230 		.ascii	"\376\003B0M\320\256\255\320?\320\326MM\013]\011\316"
  73      4DD0AEAD 
  73      D03FD0D6 
  73      4D4D0B5D 
  73      09CE
  74 0024 B41467D2 		.ascii	"\264\024g\322\242U\211\253\350\005\321\313\322\324\024"
  74      A25589AB 
  74      E805D1CB 
  74      D2D414
  75 0033 8216D12C 		.ascii	"\202\026\321,Z\366\300Z\004.jcP\273\264E\014\241v\256"
  75      5AF6C05A 
  75      042E6A63 
  75      50BBB445 
  75      0CA176AE 
  76 0047 032D8ABC 		.ascii	"\003-\212\274p\237\337w\316\367\343J\360w\004yV\020"
  76      709FDF77 
  76      CEF7E34A 
  76      F0770479 
  76      5610
  77 0059 40E51D25 		.ascii	"@\345\035%@\312\336\002X>B\024\007@H\021\246\360\215"
  77      40CADE02 
  77      583E4214 
  77      07404811 
  77      A6F08D
  78 006c 5A8459BB 		.ascii	"Z\204Y\273\260\346\017\355\233\246\371\236\253\005\026"
  78      B0E60FED 
  78      9BA6F99E 
  78      AB0516
  79 007b 030E017C 		.ascii	"\003\016\001|\220\333\006\0171\004\354ie:\217~o\206"
  79      90DB060F 
  79      3104EC69 
  79      653A8F7E 
  79      6F86
  80 008d 3DC3AE86 		.ascii	"=\303\256\206y\364r{(\217\330f\257\267\273w]\363\310"
  80      79F4727B 
  80      288FD866 
  80      AFB7BB77 
  80      5DF3C8
  81 00a0 040E7116 		.ascii	"\004\016q\026/\000M6\211\244\027\"\261K\015\\8k\335"
  81      2F004D36 
  81      89A41722 
  81      B14B0D5C 
  81      386BDD
  82 00b3 ECC8A2EE 		.ascii	"\354\310\242\356\223D\354\366\303J\211\222_\346\262"
  82      9344ECF6 
  82      C34A8992 
  82      5FE6B2
  83 00c2 E973883A 		.ascii	"\351s\210:\242)\277>7\357\352\276W\342\227\3765oe6q"
  83      A229BF3E 
ARM GAS  C:\Users\PETERL~1\AppData\Local\Temp\cc9cVNcU.s 			page 6


  83      37EFEABE 
  83      57E297FE 
  83      356F6536 
  84 00d7 0B372C53 		.ascii	"\0137,S\270$<\302$\036c\260\257u\213\253U\257R`&[v\310"
  84      B8243CC2 
  84      241E63B0 
  84      AF758BAB 
  84      55AF5260 
  85 00ef 830536B6 		.ascii	"\203\0056\266\373\334,^\\\336w=\2568\352\220\214ET\332"
  85      FBDC2C5E 
  85      5CDE773D 
  85      AE38EA90 
  85      8C4554DA 
  86 0103 820BF004 		.ascii	"\202\013\360\004\025h`:\267t%\2710\222\313S_?H\017\211"
  86      1568603A 
  86      B77425B9 
  86      3092CB53 
  86      5F3F480F 
  87 0118 6419014B 		.ascii	"d\031\001K\234\301\3109\024\226\177a\177\323\225\007"
  87      9CC1C839 
  87      14967F61 
  87      7FD39507 
  88 0128 D05506D1 		.ascii	"\320U\006\321\235\376\320UQa\"xB\313>\237\022\341\242"
  88      9DFED055 
  88      51612278 
  88      42CB3E9F 
  88      12E1A2
  89 013b A2C91A7F 		.ascii	"\242\311\032\177\"W+\341\311H8\032\233\215M\033\363"
  89      22572BE1 
  89      C948381A 
  89      9B8D4D1B 
  89      F3
  90 014c 73B17844 		.ascii	"s\261xD\023\347\270>1\256\306u5a\250zBS\265\250n\314"
  90      13E7B83E 
  90      31AEC675 
  90      3561A87A 
  90      4253B5A8 
  91 0162 18FA9806 		.ascii	"\030\372\230\006\337\020\223\247\342"
  91      DF1093A7 
  91      E2
  92              		.text
  93              		.section	.gnu.lto__stats_ctxswc.7649bd42,"",%progbits
  94 0000 789C7D52 		.ascii	"x\234}RAH\024a\024\376\277\367\357\316\216n\262\321"
  94      41481461 
  94      14FEBFF7 
  94      EFCE8E6E 
  94      B2D1
  95 0012 493C7511 		.ascii	"I<u\021\241\330V(\010\272\024\010\335\243\253\004\265"
  95      A1D85628 
  95      08BA1408 
  95      DDA3AB04 
  95      B5
  96 0023 1DF4D28A 		.ascii	"\035\364\322\212;\035\305Y\2652\210\222\015B6+B,kMS"
  96      3B1DC559 
  96      B5328892 
  96      0D42362B 
  96      422C6B4D 
ARM GAS  C:\Users\PETERL~1\AppData\Local\Temp\cc9cVNcU.s 			page 7


  97 0038 5B4D4D1D 		.ascii	"[MM\035:\325!\303<Hbu10\"hU\262A\\{o\306\"\314v`\346"
  97      3AD521C3 
  97      3C486275 
  97      31302268 
  97      55B2415C 
  98 0054 7F6FFEEF 		.ascii	"\177o\376\357}\337\367\336\377k\365\357S\301\357)\255"
  98      7DDFF7DE 
  98      FF6BF5EF 
  98      53C1EF29 
  98      AD
  99 0065 D4515EA1 		.ascii	"\324Q^\241\025\250cF\251\224I\200\004\012\252\231\320"
  99      15A86346 
  99      A9944980 
  99      040AAA99 
  99      D0
 100 0076 8C2F9427 		.ascii	"\214/\224't8\331\316pU\217m\333\337_\346\312/\225\273"
 100      7438D9CE 
 100      70558F6D 
 100      DBDF5FE6 
 100      CA2F95BB 
 101 008a A4D42AF9 		.ascii	"\244\324*\3714x\210*\206\014;\033_\003\272\032\212\343"
 101      3478882A 
 101      860C3B1B 
 101      5F03BA1A 
 101      8AE3
 102 009c B1FEB537 		.ascii	"\261\376\2657\341er\011\373%\035O\277\3524$\245\200"
 102      E1657209 
 102      FB251D4F 
 102      BFEA3424 
 102      A580
 103 00ae A4335787 		.ascii	"\2443W\207\267\314\312n\333nq\246\206\354\023\001\227"
 103      B7CCCA6E 
 103      DB6E71A6 
 103      86EC1301 
 103      97
 104 00bf 347AA199 		.ascii	"4z\241\231\017\217P\201\307\250P\374K!\213JF/L\364d"
 104      0F8F5081 
 104      C7A850FC 
 104      4B218B4A 
 104      462F4CF4 
 105 00d4 4C7DC4E3 		.ascii	"L}\304\343\275\265<=\025\361+?\374\256\354\333\245\362"
 105      BDB53C3D 
 105      15F12B3F 
 105      FCAEECDB 
 105      A5F2
 106 00e6 092A059E 		.ascii	"\011*\005\236o\333\234\017\033m\354z\257\357\026\375"
 106      6FDB9C0F 
 106      1B6DEC7A 
 106      AFEF16FD 
 107 00f6 30C0EBC0 		.ascii	"0\300\353\300>\307\336\332\352\316]\033\015\224\022"
 107      3EC7DEDA 
 107      EACE5D1B 
 107      0D9412
 108 0105 9704B47C 		.ascii	"\227\004\264|\202\220B\203\303`\010\242nJ\250\324\022"
 108      82904283 
 108      C36008A2 
 108      6E4AA8D4 
ARM GAS  C:\Users\PETERL~1\AppData\Local\Temp\cc9cVNcU.s 			page 8


 108      12
 109 0116 97CA443E 		.ascii	"\227\312D>\023\311\252\027\320228\177?(l\353$\343\271"
 109      13C9AA17 
 109      D0323238 
 109      7F3F286C 
 109      EB24E3B9 
 110 012a 3B77BD9F 		.ascii	";w\275\237\2326\354v\333t\311\330\024)\376\373i\351"
 110      9A36EC76 
 110      DB74C9D8 
 110      1429FEFB 
 110      69E9
 111 013c EDAC296D 		.ascii	"\355\254)m\033^\332\233j\353\302\035\334N\331\202\012"
 111      1B5EDA9B 
 111      6AEBC21D 
 111      DC4ED982 
 111      0A
 112 014d 61004D78 		.ascii	"a\000Mx\312\216e\257\320wc\310\210f\331\251\023t\311"
 112      CA8E65AF 
 112      D07763C8 
 112      8866D9A9 
 112      1374C9
 113 0160 C4200357 		.ascii	"\304 \003W\274\371\362\346\344\364\273B\300\337<\340"
 113      BCF9F2E6 
 113      E4F4BB42 
 113      C0DF3CE0 
 114 0170 52098610 		.ascii	"R\011\206\020]!i\003\303\210\252\005\264\246//j\337"
 114      5D216903 
 114      C388AA05 
 114      B4A62F2F 
 114      6ADF
 115 0182 8CF6FDCC 		.ascii	"\214\366\375\314f\036\264FD\271\004\012\317X\203-\247"
 115      661EB446 
 115      44B9040A 
 115      CF58832D 
 115      A7
 116 0193 2190FF9A 		.ascii	"!\220\377\232\335\351.W\304\335H1w\243\177\334=G\224"
 116      DDE92E57 
 116      C4DD4831 
 116      77A37FDC 
 116      3D4794
 117 01a6 1D89F68F 		.ascii	"\035\211\366\217+\205\214\341;4\376\036\214\366\030"
 117      2B858CE1 
 117      3B34FE1E 
 117      8CF618
 118 01b5 723FEF7D 		.ascii	"r?\357}+\363\245\235\343.\225\256S\020c\333\322]k7\337"
 118      2BF3A59D 
 118      E32E95AE 
 118      531063DB 
 118      D25D6B37 
 119 01ca 47A2075D 		.ascii	"G\242\007]\012c\334S\335\266;\322\367z\256\214\233\340"
 119      0A63DC53 
 119      DDB63BD2 
 119      F77AAE8C 
 119      9BE0
 120 01dc 12CD8784 		.ascii	"\022\315\207\204\011\236\204\302\0134yr!_\313\334A~"
 120      099E84C2 
 120      0B347972 
ARM GAS  C:\Users\PETERL~1\AppData\Local\Temp\cc9cVNcU.s 			page 9


 120      215FCBDC 
 120      417E
 121 01ee C6230FED 		.ascii	"\306#\017\355F>Y\214|\312#\237f\362Ex\247\256v\216q"
 121      463E598C 
 121      7CCA239F 
 121      66F24578 
 121      A7AE768E 
 122 0203 CFAAB40C 		.ascii	"\317\252\264\014\207!\334\"+\273T\246>\"\345\344Ozx"
 122      8721DC22 
 122      2BBB54A6 
 122      3E22E5E4 
 122      4F7A78
 123 0216 25B70872 		.ascii	"%\267\010r{X\"Zs\254\266\246\256\376\\\375i\353\342"
 123      7B58225A 
 123      73ACB6A6 
 123      AEFE5CFD 
 123      69EBE2
 124 0229 F9FA446D 		.ascii	"\371\372Dm\\\342D\362pu,\221\2145Z\261dc<\026\257KZ"
 124      5CE244F2 
 124      70752C91 
 124      8C355AB1 
 124      64633C16 
 125 0240 67ADE4A1 		.ascii	"g\255\344\241\270\322\027\254\006\235\260\032~\001C"
 125      B8D217AC 
 125      069DB01A 
 125      7E0143
 126 024f 8C3B86   		.ascii	"\214;\206"
 127              		.text
 128              		.section	.gnu.lto__stats_start_measure_crit_thd.7649bd42,"",%progbits
 129 0000 789C658F 		.ascii	"x\234e\217=K\303P\024\206\317{\322\306B\027q*\375\003"
 129      3D4BC350 
 129      1486CF7B 
 129      D2C64217 
 129      712AFD03 
 130 0014 4E31829B 		.ascii	"N1\202\233\272u\360\0078\011]4\016\355Th\342\030z\003"
 130      BA75F007 
 130      38095D34 
 130      0EED5468 
 130      E2187A03 
 131 0028 111CC4D6 		.ascii	"\021\034\304\326M\360c\021\261\332/p\021\0075\223\243"
 131      4DF06311 
 131      B1DA2F70 
 131      11073593 
 131      A3
 132 0039 623BB888 		.ascii	"b;\270\210.\025t\263\355\024\244\255\367\246c/\\\316"
 132      2E1574B3 
 132      ED14A4AD 
 132      F7A6632F 
 132      5CCE
 133 004b C7F3F29E 		.ascii	"\307\363\362\236s4\232~i\371W@d\312\010\215\300\225"
 133      73349A7E 
 133      69F95740 
 133      64CA088D 
 133      C095
 134 005d 67222FC1 		.ascii	"g\"/\301\200J\010Tb\224\360\303=F%\250\035%\347/\204"
 134      804A0854 
 134      6294F0C3 
ARM GAS  C:\Users\PETERL~1\AppData\Local\Temp\cc9cVNcU.s 			page 10


 134      3D4625A8 
 134      1D25E72F 
 135 0072 10BFEDDB 		.ascii	"\020\277\355\333\324n*d\242\001Olp\211y\222\232\236"
 135      D46E2A64 
 135      A2014F6C 
 135      70897992 
 135      9A9E
 136 0084 3F7C4BEA 		.ascii	"?|K\352\276\324\314N\030\252\320\245=\265\346\0021\036"
 136      BED4CC4E 
 136      18AAD0A5 
 136      3DB5E602 
 136      311E
 137 0096 9F37F6EF 		.ascii	"\2377\366\357b\032QW\"\345\377\305\254\242\366\016?"
 137      621A5157 
 137      22E5FFC5 
 137      ACA2F60E 
 137      3F
 138 00a7 183F4189 		.ascii	"\030?A\211\225\313Y\347\240\311\356\237\330\023\211"
 138      95CB59E7 
 138      A0C9EE9F 
 138      D81389
 139 00b6 90316069 		.ascii	"\2201`i\200+\270S\210\207j\204\354~v_^\023\337,;QY\365"
 139      802BB853 
 139      88876A84 
 139      EC7E765F 
 139      5E13DF2C 
 140 00ce FC139CE2 		.ascii	"\374\023\234\342\330\023J\245\341\032.jHGlT/\337\350"
 140      D8134AA5 
 140      E11A2E6A 
 140      48476C54 
 140      2FDFE8
 141 00e1 464D6E18 		.ascii	"FMn\030\254\206\034C]\012\373\321\025\022\336?\266G"
 141      AC861C43 
 141      5D0AFBD1 
 141      1512DE3F 
 141      B647
 142 00f3 B109DC08 		.ascii	"\261\011\334\0109\216\006\214\276\232\256Xg\370P\216"
 142      398E068C 
 142      BE9AAE58 
 142      67F8508E 
 143 0103 4793032D 		.ascii	"G\223\003-d\035M\030\321\276h\301\015y\206>\340\005"
 143      641D4D18 
 143      D1BE68C1 
 143      0D79863E 
 143      E005
 144 0115 876B518B 		.ascii	"\207kQ\213\324\205P\227Ic#\263\234\315\344\362[\371"
 144      D4855097 
 144      496323B3 
 144      9CCDE4F2 
 144      5BF9
 145 0127 7567673B 		.ascii	"ugg;_\310Z*/\330K\213f\3016\213\216i\027-\323\312\331"
 145      5FC85A2A 
 145      2FD84B8B 
 145      66C1368B 
 145      8E69172D 
 146 013e CEA6632F 		.ascii	"\316\246c/X\364\017\010\353\202\323"
 146      58F40F08 
ARM GAS  C:\Users\PETERL~1\AppData\Local\Temp\cc9cVNcU.s 			page 11


 146      EB82D3
 147              		.text
 148              		.section	.gnu.lto__stats_stop_measure_crit_thd.7649bd42,"",%progbits
 149 0000 789C658F 		.ascii	"x\234e\217=O\302P\024\206\317{\012\225\204\3058\021"
 149      3D4FC250 
 149      1486CF7B 
 149      0A9584C5 
 149      3811
 150 0012 FE8053AD 		.ascii	"\376\200S\255\211\233\214\014\376\000\027\007\026\255"
 150      899B8C0C 
 150      FE001707 
 150      16AD
 151 0020 034C24B4 		.ascii	"\003L$\264\216\015\267IM\034\2140\232\3705\031Q\020"
 151      8E0DB749 
 151      4D1C8C30 
 151      9AF83519 
 151      5110
 152 0032 A29B316A 		.ascii	"\242\2331j77\2150\270\030\035\304D7\201\2511\200\367"
 152      37378D30 
 152      B8181DC4 
 152      443781A9 
 152      3180F7
 153 0045 96919BDC 		.ascii	"\226\221\233\334\234\217\347\315{\316\321h\372\245\345"
 153      9C8FE7CD 
 153      7BCED168 
 153      FAA5E5
 154 0054 CF80C894 		.ascii	"\317\200\310\224\021\032\201\253OD^\202\001\225\020"
 154      111A81AB 
 154      4F445E82 
 154      019510
 155 0063 A8CC28E3 		.ascii	"\250\314(\343\207{\214jP\337O\316\237\012!~\3337\251"
 155      877B8C6A 
 155      50DF4FCE 
 155      9F0A217E 
 155      DB37A9
 156 0076 ED54C844 		.ascii	"\355T\310D\003\236\330\340\014\363$5=\177\370\232\324"
 156      039ED8E0 
 156      0CF32435 
 156      3D7FF89A 
 156      D4
 157 0087 7DA9999D 		.ascii	"}\251\231\2350\324\240K{j\315\005b<\376l\354\336\306"
 157      30D4A04B 
 157      7B6ACD05 
 157      623CFE6C 
 157      ECDEC6
 158 009a 34A2AE44 		.ascii	"4\242\256D\312\377\213YE\355\015~p\362\010%V.\307\235"
 158      CAFF8B59 
 158      45ED0D7E 
 158      70F20825 
 158      562EC79D 
 159 00ae BD26BB7F 		.ascii	"\275&\273\177bG$B\306\200\245\001\316\341N!\036\252"
 159      62472442 
 159      C680A501 
 159      CEE14E21 
 159      1EAA
 160 00c0 11B2FBD1 		.ascii	"\021\262\373\321}~I|\263\354De\315\363\017q\204\003"
 160      7D7E497C 
ARM GAS  C:\Users\PETERL~1\AppData\Local\Temp\cc9cVNcU.s 			page 12


 160      B3EC4465 
 160      CDF30F71 
 160      8403
 161 00d2 4F289586 		.ascii	"O(\225\206\013\270\250#\035\261Q\243r\255\033u\271a"
 161      0BB8A823 
 161      1DB151A3 
 161      72AD1B75 
 161      B961
 162 00e4 90093986 		.ascii	"\220\0119\206\206\024\366\243+$\274{h\217b\023\270\026"
 162      8614F6A3 
 162      2B24BC7B 
 162      688F6213 
 162      B816
 163 00f6 721C9730 		.ascii	"r\034\2270\372j\272b\235\341}%\036M\016\264\220u4aD"
 163      FA6ABA62 
 163      9DE17D25 
 163      1E4D0EB4 
 163      90753461 
 164 010b FBA20537 		.ascii	"\373\242\0057\344\031z\207\027\\\255D-R\027B]&\215\215"
 164      E4197A87 
 164      175CAD44 
 164      2D521742 
 164      5D268D8D 
 165 011f EC722E9B 		.ascii	"\354r.\233/l\024V\235\255\315B1g\251\274h/-\232E\333"
 165      2F6C1456 
 165      9DADCD42 
 165      3167A9BC 
 165      682F2D9A 
 166 0135 2C39A65D 		.ascii	",9\246]\262L+o;\353\216\275`\321?\373%\202\325"
 166      B24C2B6F 
 166      3BEB8EBD 
 166      60D13FFB 
 166      2582D5
 167              		.text
 168              		.section	.gnu.lto__stats_start_measure_crit_isr.7649bd42,"",%progbits
 169 0000 789C658F 		.ascii	"x\234e\217=K\303P\024\206\317{\322\306B\027q*\375\003"
 169      3D4BC350 
 169      1486CF7B 
 169      D2C64217 
 169      712AFD03 
 170 0014 9D620437 		.ascii	"\235b\0047u\353\340\017p\022\272h\034\232\251\320\304"
 170      75EBE00F 
 170      7012BA68 
 170      1C9AA9D0 
 170      C4
 171 0025 31348108 		.ascii	"14\201\010\016b;\012~,\"V\373\005\256R\233\315Mi;\270"
 171      0E623B0A 
 171      7E2C2256 
 171      FB05AE52 
 171      9BCD4D69 
 172 003b 882E1574 		.ascii	"\210.\025t\263\355\024\244\255\367\246c/\\\316\307\363"
 172      B3ED14A4 
 172      ADF7A663 
 172      2F5CCEC7 
 172      F3
 173 004c F29E7314 		.ascii	"\362\236s\024Z|i\3617A\244\213\010\205\300\225\027\""
 173      5A7C69F1 
ARM GAS  C:\Users\PETERL~1\AppData\Local\Temp\cc9cVNcU.s 			page 13


 173      3741A48B 
 173      0885C095 
 173      1722
 174 005e 2FC1804C 		.ascii	"/\301\200L\010Tb\224\360\303CF%\250\235%37\256\353\376"
 174      08546294 
 174      F0C34346 
 174      25A89D25 
 174      3337AEEB 
 175 0073 F61E5347 		.ascii	"\366\036SG\251\220\211\306<\267\301-2$4C\177\362\226"
 175      A99089C6 
 175      3CB7C12D 
 175      32243443 
 175      7FF296
 176 0086 547DA159 		.ascii	"T}\241Y\2363T\241\012{j\255\004\356lv\3358i\307\024"
 176      9E3354A1 
 176      0A7B6AAD 
 176      04EE6C76 
 176      DD3869C7 
 177 009b A28140D2 		.ascii	"\242\201@\322\377\213YF\345\035~\320y\206\024K\227\253"
 177      FF8B5946 
 177      E51D7ED0 
 177      7986144B 
 177      97AB
 178 00ad FE69939D 		.ascii	"\376i\223\235?\367\330M\204\2141\013\003\334\301Y@<"
 178      3FF7D84D 
 178      848C310B 
 178      03DCC159 
 178      403C
 179 00bf 912344F7 		.ascii	"\221#D\367s\360\332M|\263\350De\325\363/p\211s\317\225"
 179      73F0DA4D 
 179      7CB3E844 
 179      65D5F32F 
 179      708973CF 
 180 00d4 2A05F770 		.ascii	"*\005\367pPC:b\323z\371A\325jb\303`+\344\030\352B8\212"
 180      50433A62 
 180      D37AF941 
 180      D56A62C3 
 180      602BE418 
 181 00ec AE10B0DD 		.ascii	"\256\020\260\335\351Mcs\270\033r\034\015h#9]\262\376"
 181      E94D6373 
 181      B81B721C 
 181      0D682339 
 181      5DB2FE
 182 00ff E4A91C8F 		.ascii	"\344\251\034\217&\007J\310*\232\320\242}\321\202\023"
 182      26074AC8 
 182      2A9AD0A2 
 182      7DD18213 
 183 010f F2127DC0 		.ascii	"\362\022}\300\013\272\333Q\213\344\205\220\227\011c"
 183      0BBADB51 
 183      8BE48590 
 183      970963
 184 011e 2DBB91CB 		.ascii	"-\273\221\313\346\315}s\307><0\0139C\346\005k}M/Xz\321"
 184      E6CD7D73 
 184      C73E3C30 
 184      0B3943E6 
 184      056B7D4D 
 185 0136 D6ADA2A1 		.ascii	"\326\255\242\241\033y\313\336\263\255U\203\376\001\342"
ARM GAS  C:\Users\PETERL~1\AppData\Local\Temp\cc9cVNcU.s 			page 14


 185      1B79CBDE 
 185      B3AD5583 
 185      FE01E2
 186 0145 C182DC   		.ascii	"\301\202\334"
 187              		.text
 188              		.section	.gnu.lto__stats_stop_measure_crit_isr.7649bd42,"",%progbits
 189 0000 789C658F 		.ascii	"x\234e\217=O\302P\024\206\317{\012\225\204\3058\021"
 189      3D4FC250 
 189      1486CF7B 
 189      0A9584C5 
 189      3811
 190 0012 FE0053AD 		.ascii	"\376\000S\255\211\233\214\014\376\000\027\007\026\255"
 190      899B8C0C 
 190      FE001707 
 190      16AD
 191 0020 034C24B4 		.ascii	"\003L$\264\216\015\267IM\034\2140\232\370\261\031Q\020"
 191      8E0DB749 
 191      4D1C8C30 
 191      9AF8B119 
 191      5110
 192 0032 1277A49B 		.ascii	"\022w\244\233\233F\030\\\214\014b\242\233\300\324\030"
 192      9B46185C 
 192      8C0C62A2 
 192      9BC0D418 
 193 0042 C07BCBC8 		.ascii	"\300{\313\310Mn\316\307\363\346=\347h\264\374\322\362"
 193      4D6ECEC7 
 193      F3E63DE7 
 193      68B4FCD2 
 193      F2
 194 0053 674164CA 		.ascii	"gAd\312\010\215\300\265g\"/\301\200J\010TaT\360\303"
 194      088DC0B5 
 194      67222FC1 
 194      804A0854 
 194      6154F0C3 
 195 0067 23462D68 		.ascii	"#F-h\234%3\327B\210\337^'u\224\012\231h\302\013\033"
 195      9C2533D7 
 195      4288DF5E 
 195      2775940A 
 195      9968C20B 
 196 007c DC204352 		.ascii	"\334 CR3\362\247oI\335\227\232\325\005C\035\272\264"
 196      33F2A76F 
 196      49DD979A 
 196      D505431D 
 196      BAB4
 197 008e A7F65A20 		.ascii	"\247\366Z \346\363\317\346I7\246\021\015%R\376_\314"
 197      E6F3CFE6 
 197      4937A611 
 197      0D2552FE 
 197      5FCC
 198 00a0 2A6AEFF0 		.ascii	"*j\357\360\203\301\023\224X\271\\\365O[\354\376\211"
 198      83C11394 
 198      58B95CF5 
 198      4F5BECFE 
 198      89
 199 00b1 63910819 		.ascii	"c\221\010\031\023\226\006\270\205\273\204x\252F\310"
 199      139606B8 
 199      85BB8478 
ARM GAS  C:\Users\PETERL~1\AppData\Local\Temp\cc9cVNcU.s 			page 15


 199      AA46C8
 200 00c0 EE60F8F2 		.ascii	"\356`\370\362\232\370f\331\211\312\272\347_\340\022"
 200      9AF866D9 
 200      89CABAE7 
 200      5FE012
 201 00cf E79E502A 		.ascii	"\347\236P*\015wp\321@:b\263f\365A7\032r\303 \033r\014"
 201      0D7770D1 
 201      403A62B3 
 201      66F54137 
 201      1A72C320 
 202 00e6 4D291C47 		.ascii	"M)\034GWH\330\351\366f\261\005\334\0159\216{\030c5]"
 202      5748D8E9 
 202      F666B105 
 202      DC0D398E 
 202      7B186335 
 203 00fb B1FEF4B1 		.ascii	"\261\376\364\261\032\217&\007Z\310:Z0\242}\321\206\033"
 203      1A8F2607 
 203      5AC83A5A 
 203      30A27DD1 
 203      861B
 204 010d F20A7DC0 		.ascii	"\362\012}\300\013F\333Q\213\324\205P\227Ic#\267\225"
 204      0B46DB51 
 204      8BD48550 
 204      97496323 
 204      B795
 205 011f CF158AFB 		.ascii	"\317\025\212\373\305\035\347\360\240X\312[*/\331\233"
 205      C51DE7F0 
 205      A058CA5B 
 205      2A2FD99B 
 206 012f 1B66C936 		.ascii	"\033f\3116\313\216i\227-\323*\330\316\236c\257[\364"
 206      CB8E6997 
 206      2DD32AD8 
 206      CE9E63AF 
 206      5BF4
 207 0141 0F571483 		.ascii	"\017W\024\203]"
 207      5D
 208              		.text
 209              		.section	.gnu.lto_.symbol_nodes.7649bd42,"",%progbits
 210 0000 789C55C8 		.ascii	"x\234U\310;\016\3020\024D\321\031;N\234\320\260\343"
 210      3B0EC230 
 210      1444D119 
 210      3B4E9CD0 
 210      B0E3
 211 0012 49C10258 		.ascii	"I\301\002X\001\242`)\324\254\001$\376\341WR!b9\305\363"
 211      01A26029 
 211      D4AC0124 
 211      FEE15752 
 211      216239C5 
 212 0027 34A37B3C 		.ascii	"4\243{<\200/\246\271\023\005,w\200\204\325:\"<\210\271"
 212      802FA6B9 
 212      13052C77 
 212      8084D53A 
 212      223C88B9 
 213 003b E0CE14AD 		.ascii	"\340\316\024\255\273\013\345\012\270R\276\200\033U\025"
 213      BB0BE50A 
 213      B852BE80 
 213      1B5515
ARM GAS  C:\Users\PETERL~1\AppData\Local\Temp\cc9cVNcU.s 			page 16


 214 004a 70A74201 		.ascii	"p\247B\001\003U[\340\223j2\240\357\307~Q\321\366\233"
 214      03555BE0 
 214      936A32A0 
 214      EFC77E51 
 214      D1F69B
 215 005d 6A6D7FA8 		.ascii	"jm\177\250\316\264G\304q\377c\372\305a|\337b\233\276"
 215      CEB447C4 
 215      71FF63FA 
 215      C5617CDF 
 215      629BBE
 216 0070 EAB0491E 		.ascii	"\352\260I\036f\371\353\251\233\334\370\003\257\304I"
 216      66F9EBA9 
 216      9BDCF803 
 216      AFC449
 217 007f A2       		.ascii	"\242"
 218              		.text
 219              		.section	.gnu.lto_.refs.7649bd42,"",%progbits
 220 0000 789C2588 		.ascii	"x\234%\210\301\021\000 \014\302(T\035\310\375w\023l"
 220      C1110020 
 220      0CC22854 
 220      1DC8FD77 
 220      136C
 221 0012 1EC98100 		.ascii	"\036\311\201\000\\\014\215\012d\211\325\344\237\242"
 221      5C0C8D0A 
 221      6489D5E4 
 221      9FA2
 222 0020 A67E9C15 		.ascii	"\246~\234\025\355\350Xx\025R\000\220"
 222      EDE85878 
 222      15520090 
 223              		.text
 224              		.section	.gnu.lto_.decls.7649bd42,"",%progbits
 225 0000 789CBD5A 		.ascii	"x\234\275ZyTTW\232\257\373n\355\024\220\304t\222\343"
 225      79545457 
 225      9AAFFB6E 
 225      ED1490C4 
 225      7492E3
 226 0013 494F1BBA 		.ascii	"IO\033\272\333I\367Ib\322Yz\231\236\351t\233\351\316"
 226      DB49F749 
 226      62D2597A 
 226      999EE974 
 226      9BE9CE
 227 0026 A427E925 		.ascii	"\244'\351%\351s\372\234\330C#\224J\207\255\213\"&\363"
 227      E973FA9C 
 227      D8432394 
 227      4A87AD8B 
 227      2226F3
 228 0039 CF94207B 		.ascii	"\317\224 {T6\021T\264\020Tv\020\005\331dQ@vQvP(\026"
 228      54361154 
 228      B4105476 
 228      1005D964 
 228      51407651 
 229 0051 657143C1 		.ascii	"eqC\301\000\2420\337\275\367U\275W\345\003M\2379\303"
 229      00A230DF 
 229      BDF755BD 
 229      57E5034D 
 229      9F39C3
 230 0064 F1FADEF7 		.ascii	"\361\372\336\367\336w\177\337z\277\273\324\3032\231"
ARM GAS  C:\Users\PETERL~1\AppData\Local\Temp\cc9cVNcU.s 			page 17


 230      DE777FDF 
 230      7ABFBBD4 
 230      C33299
 231 0073 CCC2C964 		.ascii	"\314\302\311d\313\360\027\363\216LV\255\226\311\340"
 231      CBF017F3 
 231      8E4C56AD 
 231      96C9E0
 232 0082 9FECF7D0 		.ascii	"\237\354\367\320\344\320\256A\353\2076\016\355%h\030"
 232      E4D0AE41 
 232      EB87360E 
 232      ED256818 
 233 0092 DADBC03F 		.ascii	"\332\333\300?\014\327QhN\320\376\005\350\177\205\366"
 233      0CD75168 
 233      4ED0FE05 
 233      E87F85F6 
 234 00a2 2B68EF41 		.ascii	"+h\357A\3735\264\367\241}\000\355#h\177\202\366gh\237"
 234      FB35B4F7 
 234      A17D00ED 
 234      23687F82 
 234      F667689F 
 235 00b6 4243C0FF 		.ascii	"BC\300\377W\270\212\377H\177-/\323\003\356\377\213c"
 235      57B88AFF 
 235      487F2D2F 
 235      D303EEFF 
 235      8B63
 236 00c8 724FF332 		.ascii	"rO\36327s\202\016\377\011\367\012^\207\021\270\016\361"
 236      3773820E 
 236      FF09F70A 
 236      5E8711B8 
 236      0EF1
 237 00da 7A107D38 		.ascii	"z\020}8\036\353\243\025\344\020\035\225\274\234\227"
 237      1EEBA315 
 237      E4101D95 
 237      BC9C97
 238 00e9 24647122 		.ascii	"$dq\"\\\304\363K\341\020;]x\034r\325A\333\205\030\346"
 238      5CC4F34B 
 238      E1103B5D 
 238      781C72D5 
 238      41DB8518 
 239 00fe B804EE11 		.ascii	"\270\004\356\021\304\364\367\204g\177\340\004\037\022"
 239      C4F4F784 
 239      677FE004 
 239      1F12
 240 010c DD631193 		.ascii	"\335c\021\223\373+\336OR\362\210O\2551!\276\020\343"
 240      FB2BDE4F 
 240      52F2884F 
 240      AD3121BE 
 240      10E3
 241 011e 8BFD62D5 		.ascii	"\213\375b\325\177\224\267\345=\336\357R\230\277\376"
 241      7F94B7E5 
 241      3DDEEF52 
 241      98BFFE
 242 012d 07317FBD 		.ascii	"\0071\177\275J\034\337\377\206\230\326\230\275\277\212"
 242      4A1CDFFF 
 242      8698D698 
 242      BDBF8A
 243 013c 9E1FFC83 		.ascii	"\236\037\374\203\230\037\254\242\347\035\016\265$N\274"
ARM GAS  C:\Users\PETERL~1\AppData\Local\Temp\cc9cVNcU.s 			page 18


 243      981FACA2 
 243      E71D0EB5 
 243      244EBC
 244 014b 3FC12117 		.ascii	"?\301!\027m5&\344\216\352\334\016\025\320:\355O\010"
 244      6D3526E4 
 244      8EEADC0E 
 244      15D03AED 
 244      4F08
 245 015d D95E93F5 		.ascii	"\331^\223\365\320\005s\210\334\247%\015wj_\3112\231"
 245      D0057388 
 245      DCA7250D 
 245      776A5FC9 
 245      3299
 246 016f 4C11A6EA 		.ascii	"L\021\246\352\006N\200(\315\233mu\242\030\353\010Y\026"
 246      064E8028 
 246      CD9B6D75 
 246      A218EB08 
 246      5916
 247 0181 D790A4A4 		.ascii	"\327\220\244\244\020rB\026u\356\313\347\360\013\024"
 247      10724216 
 247      75EECBE7 
 247      F00B14
 248 0190 A2AA72BE 		.ascii	"\242\252r\276^\213\277C\357\277\212\2604j\361\313\364"
 248      5E8BBF43 
 248      EFBF8AB0 
 248      346AF1CB 
 248      F4
 249 01a1 7EC7B1F2 		.ascii	"~\307\261\362\257\210\324\227\264\024p\350\300B\272"
 249      AF88D497 
 249      B41470E8 
 249      C042BA
 250 01b0 86926430 		.ascii	"\206\222d0\272\302#\256\341\232)\315\005\255\327\246"
 250      BAC223AE 
 250      E19A29CD 
 250      05ADD7A6 
 251 01c0 83F8E9EB 		.ascii	"\203\370\351\353q\365/\232Lrt\022iQ>\302(\013\275\002"
 251      71F52F9A 
 251      4C727412 
 251      69513EC2 
 251      280BBD02 
 252 01d4 9AD0DEE4 		.ascii	"\232\320\336\344/\302d\0126\305\204\2304\015.2\224\215"
 252      2FC2640A 
 252      36C58498 
 252      340D2E32 
 252      948D
 253 01e6 D6A21CB4 		.ascii	"\326\242\034\264V\206\012\321z\340\240\274\250\000\036"
 253      56860AD1 
 253      7AE0A0BC 
 253      A8001E
 254 01f5 9E808700 		.ascii	"\236\200\207\000\\\367\240r\247\002i\327Kw*\222\350"
 254      5CF7A072 
 254      A70269D7 
 254      4B772A92 
 254      E8
 255 0206 4455280B 		.ascii	"DU(\013\215{\216\250p\012T\310\023T\000\215\254n\341"
 255      8D7B8EA8 
 255      700A54C8 
ARM GAS  C:\Users\PETERL~1\AppData\Local\Temp\cc9cVNcU.s 			page 19


 255      1354008D 
 255      AC6EE1
 256 0219 8A12EF56 		.ascii	"\212\022\357V*\255*\337:?\265-\304\364.:\015\374\271"
 256      2AAD2ADF 
 256      3A3FB52D 
 256      C4F42E3A 
 256      0DFCB9
 257 022c 02FF29B4 		.ascii	"\002\377)\264\252\316\305\222:\243\230\252\244p5.ga"
 257      AACEC592 
 257      3AA398AA 
 257      A470352E 
 257      6761
 258 023e 99AC8E1C 		.ascii	"\231\254\216\034\220\343\032F\264D\037N\346X8)\235<"
 258      90E31A46 
 258      B4441F4E 
 258      E6583829 
 258      9D3C
 259 0250 D752EF4A 		.ascii	"\327R\357Jc\361\002!\357\205Z\032t\270\211\361\016\035"
 259      63F10221 
 259      EF855A1A 
 259      74B889F1 
 259      0E1D
 260 0262 BBBC2CC7 		.ascii	"\273\274,\307W(\301\015\3175\334@\274\262\346]\030\241"
 260      5728C10D 
 260      CF35DC40 
 260      BCB2E65D 
 260      18A1
 261 0274 2A50F4CC 		.ascii	"*P\364\314\023+Z)\255\350\304\370\354\036\005\276\312"
 261      132B5A29 
 261      ADE8C4F8 
 261      EC1E05BE 
 261      CA
 262 0285 E4B54E17 		.ascii	"\344\265N\027_R\343)F\334\216\035\275\357\214\247\031"
 262      5F52E329 
 262      46DC8E1D 
 262      BDEF8CA7 
 262      19
 263 0296 91BE3731 		.ascii	"\221\27671GA\265T\023\262\263w4L\216\357\261w\205iG"
 263      4741B554 
 263      13B2B377 
 263      344C8EEF 
 263      B1778569 
 264 02ab 8B35D4A2 		.ascii	"\2135\324\242w\011\331_\036\266\250\301s\354]\302tI"
 264      7709D95F 
 264      1EB6A8C1 
 264      73EC5DC2 
 264      7449
 265 02bd AF069B30 		.ascii	"\257\006\2330%\356\264\246\324\272\340Hl\227Pn,\241"
 265      25EEB4A6 
 265      D4BAE048 
 265      6C97506E 
 265      2CA1
 266 02cf 16C22377 		.ascii	"\026\302#wj)\271l\375\243V7\205\306\036\325Y\203o\016"
 266      6A29B96C 
 266      FDA35637 
 266      85C61ED5 
 266      59836F0E 
ARM GAS  C:\Users\PETERL~1\AppData\Local\Temp\cc9cVNcU.s 			page 20


 267 02e3 313DBDE3 		.ascii	"1=\275\343\304\2132T\007\006\234#V\265\200Un\274U\215"
 267      C48B3254 
 267      07069C23 
 267      56B58055 
 267      6EBC558D 
 268 02f7 F0B0C91A 		.ascii	"\360\260\311\032\375\353_\263\004l\006'5\010Nr\023\202"
 268      FDEB5FB3 
 268      046C0627 
 268      35084E72 
 268      1382
 269 0309 7FA5A8F1 		.ascii	"\177\245\250\361\241be\344\266\225\220\313\352\342i"
 269      A16265E4 
 269      B69590CB 
 269      EAE269
 270 0318 5EB502F2 		.ascii	"^\265\002\362y\001\271Y\224W\015u\351\335\352\225\241"
 270      7901B959 
 270      94570D75 
 270      E9DDEA95 
 270      A1
 271 0329 DB5782BE 		.ascii	"\333W\202\276u~\224\246\340\005\200\256\027\240[\005"
 271      757E94A6 
 271      E00580AE 
 271      17A05B05 
 272 0339 6874F94C 		.ascii	"ht\371L^\205\026'0\0376\217\314\317\350hT\236\002R\225"
 272      5E851627 
 272      301F368F 
 272      CCCFE868 
 272      549E0252 
 273 034e DC5EB119 		.ascii	"\334^\261\031\271\255q\203\277\365f\020=]\325z\355\375"
 273      B9AD7183 
 273      BFF56610 
 273      3D5DD57A 
 273      EDFD
 274 0360 F81053FA 		.ascii	"\370\020S\372\0134Wj\000\261\023\255\021R\342\345\265"
 274      0B34576A 
 274      00B113AD 
 274      1152E2E5 
 274      B5
 275 0371 329A2080 		.ascii	"2\232 \200\034\013\342M1&\323\273I\2203e\300PN\036S"
 275      1C0BE24D 
 275      3126D3BB 
 275      49903365 
 275      C0504E1E 
 276 0386 765002F5 		.ascii	"vP\002\365\201\306=\310\015u@\353\206\326\013\255\013"
 276      81C63DC8 
 276      0D7540EB 
 276      86D60BAD 
 276      0B
 277 0397 B951A588 		.ascii	"\271Q\245\210$s\3129eD\210\222*~\221\027c3\367\022\205"
 277      2473CA39 
 277      65448892 
 277      2A7E9117 
 277      6333F712 
 278 03ac FAE15A2B 		.ascii	"\372\341Z+\357\2014e\303\353T\243\263\216\032\235s`"
 278      EF813465 
 278      C3EB54A3 
 278      B38E1A9D 
ARM GAS  C:\Users\PETERL~1\AppData\Local\Temp\cc9cVNcU.s 			page 21


 278      7360
 279 03be 4DB6B156 		.ascii	"M\266\261VK*/p\036\244\234d\354\326J\2032;\211\233-"
 279      4B2A2F70 
 279      1EA49C64 
 279      ECD64A83 
 279      323B899B 
 280 03d3 49694A13 		.ascii	"IiJ\023\"<2\336\303\266B\3115Z.\206c\264f\275\244?\320"
 280      223C32DE 
 280      C3B642C9 
 280      355A2E86 
 280      63B466BD 
 281 03ea 00B8E149 		.ascii	"\000\270\341I\\B\245\034\362T\243~`\256\020\002IDZ\003"
 281      5C42A51C 
 281      F254A37E 
 281      60AE1002 
 281      49445A03 
 282 03fe 59D65F9C 		.ascii	"Y\326_\234\245\304m,\220\211\325w\017a\334\307\010k"
 282      A5C46D2C 
 282      9089D577 
 282      0F61DCC7 
 282      086B
 283 0410 B1D6D162 		.ascii	"\261\326\321b\255l?\227\321\353\304\302\312\242\332"
 283      AD6C3F97 
 283      D1EBC4C2 
 283      CAA2DA
 284 041f 7261F0C5 		.ascii	"ra\360\305d\223\371,\242\346\226\002\274\345I\242z\034"
 284      6493F92C 
 284      A2E69602 
 284      BCE549A2 
 284      7A1C
 285 0431 1832A82B 		.ascii	"\0302\250+,\274\011c`\302\010\250=\004m\024\332\260"
 285      2CBC0963 
 285      60C208A8 
 285      3D046D14 
 285      DAB0
 286 0443 105193F9 		.ascii	"\020Q\223\371a0t{\235Zp\205\027a\363\303\240C\230\026"
 286      6130747B 
 286      9D5A7085 
 286      1761F3C3 
 286      A0439816 
 287 0457 0A4DEFEE 		.ascii	"\012M\357\356\304T\235\022Iu\254\254&\363\242\000{\331"
 287      C4549D12 
 287      4975ACAC 
 287      26F3A200 
 287      7BD9
 288 0469 1156147D 		.ascii	"\021V\024}\352\301\371\037\251\011\303\243Q\032\212"
 288      EAC1F91F 
 288      A909C3A3 
 288      511A8A
 289 0478 ABC268FD 		.ascii	"\253\302h\375\032\312\264\254D\350\032\240d\012n\266"
 289      1ACAB4AC 
 289      44E81AA0 
 289      640A6EB6 
 290 0488 58DD2C69 		.ascii	"X\335,i?\272\012f?\316\005\004\022B\321\020U\021\257"
 290      3FBA0A66 
 290      3FCE0504 
 290      1242D110 
ARM GAS  C:\Users\PETERL~1\AppData\Local\Temp\cc9cVNcU.s 			page 22


 290      5511AF
 291 049b D5450905 		.ascii	"\325E\011\005\225*n\265M\206\306\221\216r\303\225\024"
 291      952A6EB5 
 291      4D86C691 
 291      8E72C395 
 291      14
 292 04ac C9B1CE19 		.ascii	"\311\261\316\031\214\023\345\254\276\015\335:\243eu"
 292      8C13E5AC 
 292      BE0DDD3A 
 292      A36575
 293 04bb FE2F843E 		.ascii	"\376/\204>\033\263\343\230\232F\265\327\211\320\247"
 293      1BB3E398 
 293      9A46B5D7 
 293      89D0A7
 294 04ca 6B669FC6 		.ascii	"kf\237\306i\214\267|\276\370\270\013\345\265\260\212"
 294      698CB77C 
 294      BEF8B80B 
 294      E5B5B08A 
 295 04da 5A31718F 		.ascii	"Z1q\217\315\011/\0222\370\341\342\230\013\316e\274\245"
 295      CD092F12 
 295      32F8E1E2 
 295      980BCE65 
 295      BCA5
 296 04ec 474F673A 		.ascii	"GOg:\3432F\334\012\337\327\305\341\006F\354o\034p\305"
 296      E33246DC 
 296      0ADFD7C5 
 296      E10646EC 
 296      6F1C70C5 
 297 0500 BDECBE7E 		.ascii	"\275\354\276~\262r\267\216\"\232\224\204.\250\312\216"
 297      B272B78E 
 297      229A9484 
 297      2EA8CA8E 
 298 0510 D450C4BF 		.ascii	"\324P\304\277\0222\2630\367\026\207'\031\357\350\341"
 298      1232B330 
 298      F7168727 
 298      19EFE8E1 
 299 0520 E66BAEF8 		.ascii	"\346k\256\370.#\366\216\347\336\325\340\007\214\350"
 299      2E23F68E 
 299      E7DED5E0 
 299      078CE8
 300 052f DB3D13A3 		.ascii	"\333=\023\243\306!\012Jt\357\271\336\251\303Q\224\340"
 300      C6210A4A 
 300      74EFB9DE 
 300      A9C35194 
 300      E0
 301 0540 D22783B3 		.ascii	"\322'\203\263\025\266\2313|\234\226\255\373\020\377"
 301      15B69933 
 301      7C9C96AD 
 301      FB10FF
 302 054f F9279E90 		.ascii	"\371'\236\220\026\244'\244\303\265\367R\235p\034\223"
 302      16A427A4 
 302      C3B5F752 
 302      9D701C93 
 303 055f D931367D 		.ascii	"\33116}C\215\223\031Q\337zq\014Q\233\314\034\241SG\233"
 303      438D9319 
 303      51DF7A71 
 303      0C519BCC 
ARM GAS  C:\Users\PETERL~1\AppData\Local\Temp\cc9cVNcU.s 			page 23


 303      1CA15347 
 304 0574 9AD938F9 		.ascii	"\232\3318\371\036\235r\217W\327;\341T\306{\351n\251"
 304      1E9D728F 
 304      57D73BE1 
 304      54C67BE9 
 304      6EA9
 305 0586 49857399 		.ascii	"I\205s\231\262\273.\016-\311\321z\035S\266\350\224\313"
 305      B2BB2E0E 
 305      2DC9D17A 
 305      1D53B6E8 
 305      94CB
 306 0598 6193498D 		.ascii	"a\223I\215\2029\0352q6m\177\247c\312\212\203\375\373"
 306      82391D32 
 306      71366D7F 
 306      A763CA8A 
 306      83FDFB
 307 05ab E7047577 		.ascii	"\347\004uwp\353\201\207\347\006\011_\233\352\243\\\361"
 307      70EB8187 
 307      E706095F 
 307      9BEAA35C 
 307      F1
 308 05bc 0D262E6A 		.ascii	"\015&.jfg\215\016\337f\304\3553\215)\340OFL\334\231"
 308      66678D0E 
 308      DF66C4ED 
 308      338D29E0 
 308      4F464CDC 
 309 05d1 E876C1F7 		.ascii	"\350v\301\367\030\021?U=\342\202\347\031q\244j4D\207"
 309      18113F55 
 309      3DE282E7 
 309      1971A46A 
 309      344487
 310 05e4 17193110 		.ascii	"\027\0311\020\023\226\241\301K\214\310IM.\326\340`%"
 310      1396A1C1 
 310      4B8CC849 
 310      4D2ED6E0 
 310      6025
 311 05f6 0B7163CE 		.ascii	"\013qc\316\010\207\303(\3414\233Y\236\252Cn\354o\215"
 311      0887C328 
 311      E1349B59 
 311      9EAA436E 
 311      EC6F8D
 312 0609 DB7A375A 		.ascii	"\333z7Z\020\222K-\337\313,4U\303\020$F\355\004\243\342"
 312      10924B2D 
 312      DFCB2C34 
 312      55C31024 
 312      46ED04A3 
 313 061e 39E98AC0 		.ascii	"9\351\212\300je&\251\225\2045\302\221\365\022r\340M"
 313      6A6526A9 
 313      958435C2 
 313      91F51272 
 313      E04D
 314 0630 B1F1463A 		.ascii	"\261\361F:\362\226;T\201\3756\3260G\326s\216\260\311"
 314      F2963B54 
 314      81FD36D6 
 314      3047D673 
 314      8EB0C9
 315 0643 36DE5069 		.ascii	"6\336Pi^\001\366\260\2155\332\221\325\261\016\355\261"
ARM GAS  C:\Users\PETERL~1\AppData\Local\Temp\cc9cVNcU.s 			page 24


 315      5E01F6B0 
 315      8D35DA91 
 315      D5B10EED 
 315      B1
 316 0654 B18648FA 		.ascii	"\261\206H\372\340\207vE\321(C\017\341\365\022y\275\214"
 316      E0877645 
 316      D128430F 
 316      E1F51279 
 316      BD8C
 317 0666 183FA909 		.ascii	"\030?\251\011{!\322q\234\033\372\012Z\014\264=\320\022"
 317      7B21D271 
 317      9C1BFA0A 
 317      5A0CB43D 
 317      D012
 318 0678 A1ED82B6 		.ascii	"\241\355\202\266\033Z\002\264XN4\371\035\262\211\215"
 318      1B5A02B4 
 318      584E34F9 
 318      1DB2898D 
 319 0688 92F69168 		.ascii	"\222\366\221h\356\271\021N\346\036\340q\250j\004\310"
 319      EEB9114E 
 319      E61EE071 
 319      A86A04C8 
 320 0698 7220B349 		.ascii	"r \263Ig\342\241\302\245CCM\200\264\030\017\215HW\330"
 320      67E2A1C2 
 320      A543434D 
 320      80B4180F 
 320      8D4857D8 
 321 06ac 552631B3 		.ascii	"U&1\263\014\355\343t\374D3\031\036\372\001>G\363\007"
 321      0CEDE374 
 321      FC443319 
 321      1EFA013E 
 321      47F307
 322 06bf D744C76E 		.ascii	"\327D\307nG\2207\314\007!\324\0076\001\017\300\007\311"
 322      479037CC 
 322      0721D407 
 322      36010FC0 
 322      07C9
 323 06d1 BC0F0E80 		.ascii	"\274\017\016\200\017\366\213l\204a3\361l>\3131\200F"
 323      0FF68B6C 
 323      846133F1 
 323      6C3ECB31 
 323      8046
 324 06e3 491CE395 		.ascii	"I\034\343\225\360/539\224\230\231\374\210\231\240\317"
 324      F02F3533 
 324      39949899 
 324      FC8899A0 
 324      CF
 325 06f4 83BDA361 		.ascii	"\203\275\243aj|\236e\367Pq\335\214\006\2672b\177\301"
 325      6A7C9E65 
 325      F75071DD 
 325      8C06B732 
 325      627FC1
 326 0707 FC9C1677 		.ascii	"\374\234\026w1\242!;\345\257\370\012\275\227\217\036"
 326      31A2213B 
 326      E5AFF80A 
 326      BD978F1E 
 327 0717 2C287645 		.ascii	",(vE\353\327\256\245\365&\002JM\032\247E\2079,\000\313"
ARM GAS  C:\Users\PETERL~1\AppData\Local\Temp\cc9cVNcU.s 			page 25


 327      EBD7AEA5 
 327      F526024A 
 327      4D1AA745 
 327      87392C00 
 328 072c 92E0F9FC 		.ascii	"\222\340\371\374/\310\013\270U\323+\255;\323q&\374\202"
 328      2FC80BB8 
 328      55D32BAD 
 328      3BD37126 
 328      FC82
 329 073e 0CBDB216 		.ascii	"\014\275\262\026\375\000\3244\203]\344\225\014\035\341"
 329      FD00D434 
 329      835DE495 
 329      0C1DE1
 330 074d D6A2548E 		.ascii	"\326\242T\216\226\234\221\370;\221\012-\317\035\361"
 330      969C91F8 
 330      3B910A2D 
 330      CF1DF1
 331 075c 38EEA4A8 		.ascii	"8\356\244\250\244\010\235\235\347\323A\031\301\363G"
 331      A4089D9D 
 331      E7D34119 
 331      C1F347
 332 076b 6D9EEF1A 		.ascii	"m\236\357\032\215\2055\327\010\263\347\314dL\271\026"
 332      8D8535D7 
 332      08B3E7CC 
 332      644CB916 
 333 077b 4F52824B 		.ascii	"OR\202K\236\351oXeU\233\311I/\020-W\316i\301\255\031"
 333      9EE96F58 
 333      65559BC9 
 333      492F102D 
 333      57CE69C1 
 334 0791 20EF3827 		.ascii	" \3578'\271<\214Z\032iq\262S.\303N\271,\233r\301\031"
 334      B93C8C5A 
 334      1A6971B2 
 334      532EC34E 
 334      B92C9B72 
 335 07a7 8B27319E 		.ascii	"\213'1\236e\312=x\270s\237+^f\304\276\213\275\247\345"
 335      65CA3D78 
 335      B8739F2B 
 335      5E66C4BE 
 335      8BBDA7E5 
 336 07bb 3842C52A 		.ascii	"8B\305*\333@f\213\012\307\250\354\326\354\317\2615\373"
 336      DB40668B 
 336      0AC7A8EC 
 336      D6ECCFB1 
 336      35FB
 337 07cd EEE6FD   		.ascii	"\356\346\375"
 338 07d0 3598926C 		.ascii	"5\230\222l\255\0367:{\024Y\255\262\367{!X\364\034oQ"
 338      AD1E373A 
 338      7B1459AD 
 338      B2F77B21 
 338      58F41C6F 
 339 07e5 3EF8B280 		.ascii	">\370\262\200\263\256\323\357[\020YM\237\0005\363\004"
 339      B3AED3EF 
 339      5B10594D 
 339      9F0035F3 
 339      04
 340 07f6 9B9E1316 		.ascii	"\233\236\023\026\323\226\236\243\177\220\006=\265\022"
ARM GAS  C:\Users\PETERL~1\AppData\Local\Temp\cc9cVNcU.s 			page 26


 340      D3969EA3 
 340      7F90063D 
 340      B512
 341 0804 685968F3 		.ascii	"hYh\363\267\350\356\023@s\005\320\023\234\0105un\253"
 341      B7E8EE13 
 341      407305D0 
 341      139C0835 
 341      756EAB
 342 0817 346AF14A 		.ascii	"4j\361J\250\267\216_\243\323\\\021\240\346\010\250'"
 342      A8B78E5F 
 342      A3D35C11 
 342      A0E608A8 
 342      27
 343 0828 0554D49F 		.ascii	"\005T\324\237\323S\213\361~\346\255\326\256\244Pg|\204"
 343      D3538BF1 
 343      7EE6ADD6 
 343      AEA45067 
 343      7C84
 344 083a 125CD7C3 		.ascii	"\022\\\327\303\2605\322\362\312V\220gN\202=^)\310*\221"
 344      B035D2F2 
 344      CA569067 
 344      4E823D5E 
 344      29C82A91 
 345 084e 96357AB7 		.ascii	"\2265z\267?C\207\263\230\254\203\341\263\367\345\270"
 345      3F4387B3 
 345      98AC83E1 
 345      B3F7E5B8 
 346 085e 90C93AB5 		.ascii	"\220\311:\265k(\024K\013\253\\I\330~\020v\006\204UH"
 346      6B28144B 
 346      0BAB5C49 
 346      D87E1076 
 346      06845548 
 347 0872 0B1B9EAA 		.ascii	"\013\033\236\252<&\307e*\273m\207\013\335v\240S\365"
 347      3C26C765 
 347      2ABB6D87 
 347      0BDD76A0 
 347      53F5
 348 0884 43ADCEB8 		.ascii	"C\255\316\270\206\275+\037\017\356S\341\363\214\230"
 348      86BD2B1F 
 348      0FEE53E1 
 348      F38C98
 349 0893 9F1ABF81 		.ascii	"\237\032\277\201\360\005F\344]9\267\035:)\265\244\366"
 349      F00546E4 
 349      5D39B71D 
 349      3A29B5A4 
 349      F6
 350 08a4 CCD30DDE 		.ascii	"\314\323\015\336\377\300\343\306\216\013\355\012\372"
 350      FFC0E3C6 
 350      8E0BED0A 
 350      FA
 351 08b1 9C3C5211 		.ascii	"\234<R\021\375\027jK\362\225L\177\323\243\353\206\363"
 351      FD176A4B 
 351      F2954C7F 
 351      D3A3EB86 
 351      F3
 352 08c2 60829237 		.ascii	"`\202\2227\241\026L\250\263\245\322\3220M\245z0\343"
 352      A1164CA8 
ARM GAS  C:\Users\PETERL~1\AppData\Local\Temp\cc9cVNcU.s 			page 27


 352      B3A5D2D2 
 352      304DA57A 
 352      30E3
 353 08d4 9C608652 		.ascii	"\234`\206R\010z_Qj\231\355\210\242\354\352\005\232$"
 353      087A5F51 
 353      6A99ED88 
 353      A2ECEA05 
 353      9A24
 354 08e6 8DC07E56 		.ascii	"\215\300~V`\257\347\204U\213\204\364\006\011\351\200"
 354      60AFE784 
 354      558B84F4 
 354      0609E980 
 355 08f6 7CE4D268 		.ascii	"|\344\322h\024\262\255\207\216\263\365P3 \327\010\310"
 355      14B2AD87 
 355      8EB3F550 
 355      3320D708 
 355      C8
 356 0907 8DAB2337 		.ascii	"\215\253#7I\"\243\230\236\276%5\356c>\354\314l7\273"
 356      4922A398 
 356      9EBE2535 
 356      EE633EEC 
 356      CC6C37BB 
 357 091b 620B237A 		.ascii	"b\013#z\373jSTx\222\021\245\011\031u:<\315\210s'\313"
 357      FB6A5354 
 357      789211A5 
 357      0919753A 
 357      3CCD8873 
 358 0931 FF1D87A8 		.ascii	"\377\035\207\250\221x\345\347\302V~s\241\323\221Z\272"
 358      9178E5E7 
 358      C2567E73 
 358      A1D3915A 
 358      BA
 359 0942 68D2D150 		.ascii	"h\322\321P6N\015\252p$c=\037\235vI\211\023\031q\372"
 359      364E0DAA 
 359      7024633D 
 359      1F9D7649 
 359      89131971 
 360 0957 E6D14405 		.ascii	"\346\321D\005>D\011\2560\245.Yc={\310\204T\351\001\323"
 360      3E4409AE 
 360      30A52E59 
 360      633D7BC8 
 360      8454E901 
 361 096c BA9ED8B4 		.ascii	"\272\236\330\264ni\323B\257\225$b\234\316\344\315\267"
 361      6E69D342 
 361      AF952462 
 361      9CCEE4CD 
 361      B7
 362 097d 8D65A970 		.ascii	"\215e\251p\026#\366V\034\214cJ\233(==\030s\337\031\237"
 362      1623F656 
 362      1C8C634A 
 362      9B283D3D 
 362      1873DF19 
 363 0992 602F83A7 		.ascii	"`/\203\247\222\315\010\2271\342jXa\212\034\237eDbv\312"
 363      92CD0897 
 363      31E26A58 
 363      618A1C9F 
 363      65446276 
ARM GAS  C:\Users\PETERL~1\AppData\Local\Temp\cc9cVNcU.s 			page 28


 364 09a7 7D256E62 		.ascii	"}%nbD\374\356\301\"\035\276\304\210\274\251;\011\012"
 364      44FCEEC1 
 364      221DBEC4 
 364      88BCA93B 
 364      090A
 365 09b9 DCC78813 		.ascii	"\334\307\210\023\223\375\257b\013\263,y\366j\023Z\361"
 365      93FDAF62 
 365      0BB32C79 
 365      F66A135A 
 365      F1
 366 09ca 70699493 		.ascii	"pi\224\223>\\2\037\006\037\214\200\017\206\271G\227"
 366      3E5C321F 
 366      061F8C80 
 366      0F86B947 
 366      97
 367 09db BB2021E5 		.ascii	"\273 !\345\362\261\303:|\203\211;\264\243'^\201g\030"
 367      F2B1C33A 
 367      7C83893B 
 367      B4A3275E 
 367      816718
 368 09ee B194F655 		.ascii	"\261\224\366U9\302s\214\030\316\037\237\204\265\235"
 368      39C2738C 
 368      18CE1F9F 
 368      84B59D
 369 09fd 8612496D 		.ascii	"\206\022Im\273:t8\221\021\031#mq\3164L/\023r\327Y\313"
 369      BB3A7438 
 369      91111923 
 369      6D71CE34 
 369      4C2F1372 
 370 0a14 250536B3 		.ascii	"%\0056\263w\231}\335\347U8\233\021CsCg\331i\340\353"
 370      77997DDD 
 370      E755389B 
 370      11437343 
 370      67D969E0 
 371 0a29 54B06576 		.ascii	"T\260evX\203O\260w\203\265\301\335r\\\301\210\344\272"
 371      58834FB0 
 371      7783B5C1 
 371      DD725CC1 
 371      88E4BA
 372 0a3c BDB34EB8 		.ascii	"\275\263N\270^cwd\243cG6!!\225\365\012|\221\275++>\276"
 372      5E637764 
 372      A3634736 
 372      212195F5 
 372      0A7C91BD 
 373 0a54 A4C27D8C 		.ascii	"\244\302}\214(=\021\263\340B\031\337\007\362\337\222"
 373      283D11B3 
 373      E04219DF 
 373      07F2DF92 
 374 0a64 53E2BB35 		.ascii	"S\342\2735\210\2360\300\342\223ok\330\221\303\2325:"
 374      889E30C0 
 374      E2936F6B 
 374      D891C39A 
 374      353A
 375 0a76 9D9B9BF0 		.ascii	"\235\233\233\360\216,Ou\272g\351\2235:7\335z\372\347"
 375      8E2C4F75 
 375      BA67E993 
 375      353A37DD 
ARM GAS  C:\Users\PETERL~1\AppData\Local\Temp\cc9cVNcU.s 			page 29


 375      7AFAE7
 376 0a89 E666B729 		.ascii	"\346f\267)\273\013N\235!\236\276\007\213\217Y~\361\221"
 376      BB0B4E9D 
 376      219EBE07 
 376      8B8F597E 
 376      F191
 377 0a9b 83D72313 		.ascii	"\203\327#\023\206\205\026\264dhq\320\222\240\245A\333"
 377      868516B4 
 377      646871D0 
 377      92A0A541 
 377      DB
 378 0aac 076D0FB4 		.ascii	"\007m\017\264\010h\013\260\020+\200\353^ha\320\016@"
 378      08680BB0 
 378      102B80EB 
 378      5E6861D0 
 378      0E40
 379 0abe 8B84B61B 		.ascii	"\213\204\266\033\332\"\274{\010-\035\356c\261\260\257"
 379      DA22BC7B 
 379      082D1DEE 
 379      63B1B0AF 
 380 0ace 9D6EECB1 		.ascii	"\235n\354\261|\257\224-d\310\370l\205\000\232\361\263"
 380      7CAF942D 
 380      64C8F86C 
 380      85009AF1 
 380      B3
 381 0adf 2B9D2B4C 		.ascii	"+\235+Lg\365M\177\314\216Pva\035\272\002\334\321x\345"
 381      67F54D7F 
 381      CC8E5076 
 381      611DBA02 
 381      DCD178E5 
 382 0af3 C56A4163 		.ascii	"\305jAcO\311\367\331\336\3740\260\267\257\012n\262D"
 382      4FC9F7D9 
 382      DEFC30B0 
 382      B7AF0A6E 
 382      B244
 383 0b05 66B6D1F5 		.ascii	"f\266\321\365\036Q\244euE\314\215\343\012\3307\223\371"
 383      1E51A465 
 383      7545CC8D 
 383      E30AD837 
 383      93F9
 384 0b17 A09C63AE 		.ascii	"\240\234c\256\342K:[\004\277b]zMG\015\230\235\033\311"
 384      E24B3A5B 
 384      04BF625D 
 384      7A4D470D 
 384      989D1BC9 
 385 0b2b 06270614 		.ascii	"\006'\006\024\235\026\266c\241x\215\260\324\0047\314"
 385      9D16B663 
 385      A1788DB0 
 385      D40437CC 
 386 0b3b BE52C6DC 		.ascii	"\276R\306\334p\0344\275\305c\332\244g8\256\330/\320"
 386      701C34BD 
 386      C563DAA4 
 386      6738AED8 
 386      2FD0
 387 0b4d 452EE1B5 		.ascii	"E.\341\265\254\256\251%3\233YE\266\203\267\035q\247"
 387      ACAEA925 
 387      339B5945 
ARM GAS  C:\Users\PETERL~1\AppData\Local\Temp\cc9cVNcU.s 			page 30


 387      B683B71D 
 387      71A7
 388 0b5f 39BB8522 		.ascii	"9\273\205\"h\373\340cR+\217\200\262\263\202\262\320"
 388      68FBE063 
 388      522B8F80 
 388      B2B382B2 
 388      D0
 389 0b70 475016BC 		.ascii	"GP\026\274jy\236y\225\004\341k`\013\305+\037\005E\037"
 389      6A799E79 
 389      9504E16B 
 389      600BC52B 
 389      1F05451F 
 390 0b84 279A5A39 		.ascii	"'\232Z9g\245W\251\224s\362\250\230\363\2304&U3\253\257"
 390      67A557A9 
 390      9473F2A8 
 390      98F39834 
 390      265533AB 
 391 0b99 E0B744CD 		.ascii	"\340\267D\315\375\3003(\214\371hlw\322\340\260\240N"
 391      FDC03328 
 391      8CF9686C 
 391      77D2E0B0 
 391      A04E
 392 0bab 843C26A0 		.ascii	"\204<&\240$\247\363\341~\207(\017\013n\017\234\302;"
 392      24A7F3E1 
 392      7E87280F 
 392      0B6E0F9C 
 392      C23B
 393 0bbd A84D244E 		.ascii	"\250M$N\235\200\031\205E\207f\216\373\0253\205\266\275"
 393      9D801985 
 393      4587668E 
 393      FB153385 
 393      B6BD
 394 0bcf BEC3FB80 		.ascii	"\276\303\373\200@\347\001\3642\244z\274\030\036\022"
 394      40E701F4 
 394      32A47ABC 
 394      181E12
 395 0bde F19F99CB 		.ascii	"\361\237\231\313B\200m\3021\014\223\234c\232\317\363"
 395      42806DC2 
 395      310C939C 
 395      639ACFF3 
 396 0bee 697E08BC 		.ascii	"i~\010\2741$\235\346B6\220\364\371vi\236\251z\007\246"
 396      31249DE6 
 396      423690F4 
 396      F976699E 
 396      A97A07A6 
 397 0c02 CBA1D352 		.ascii	"\313\241\323R))\034\372Dd+\371,\277\356\250\310\015"
 397      29291CFA 
 397      44642BF9 
 397      2CBFEEA8 
 397      C80D
 398 0c14 4EE2B80A 		.ascii	"N\342\270\012,\275\010\323\304%x\207:x\317\020K\263"
 398      2CBD08D3 
 398      C4257887 
 398      3A78CF10 
 398      4BB3
 399 0c26 C1D29D30 		.ascii	"\301\322\2350\240O\360\226\212;\364\223\016\364\220"
 399      A04FF096 
ARM GAS  C:\Users\PETERL~1\AppData\Local\Temp\cc9cVNcU.s 			page 31


 399      8A3BF493 
 399      0EF490
 400 0c35 8E579E74 		.ascii	"\216W\236t\310\205\016\031\320\341kpO8\337I\2748>\""
 400      C8850E19 
 400      D0E16B70 
 400      4F38DF49 
 400      BC383E22 
 401 0c49 36F22030 		.ascii	"6\362 0\223\\`\261]\211M&\342\241I\264\233\032G&\203"
 401      935C60B1 
 401      5D894D26 
 401      E2A149B4 
 401      9B1A4726 
 402 0c5e 9BD28348 		.ascii	"\233\322\203H\030\031%\347\331\310\200U8\312vd\026o"
 402      181925E7 
 402      D9C88055 
 402      38CA7664 
 402      166F
 403 0c70 15C586D9 		.ascii	"\025\305\206\331b~\037&\243\325bn\251\314\376\310DN"
 403      627E1F26 
 403      A3D5626E 
 403      A9CCFEC8 
 403      444E
 404 0c82 61C919D5 		.ascii	"a\311\031\325]\036\336v\2706\303\331\307$\211\216\022"
 404      5D1EDE76 
 404      B836C3D9 
 404      C724898E 
 404      12
 405 0c93 B2873BE8 		.ascii	"\262\207;\350\250\211c\264-\013uLob\371\234\344\350"
 405      A88963B4 
 405      2D0B754C 
 405      6F62F99C 
 405      E4E8
 406 0ca5 13158A5D 		.ascii	"\023\025\212]\266\3417'9\374l\254&\313$_\377H5\271\352"
 406      B6E13727 
 406      39FC6CAC 
 406      26CB245F 
 406      FF4835B9 
 407 0cba A8C5A0C3 		.ascii	"\250\305\240\303\326\031J\305\230\256\201\0246\222\321"
 407      D6194AC5 
 407      98AE8114 
 407      3692D1
 408 0cc9 D7844178 		.ascii	"\327\204Ax\314\241\260e|\233/l\260\023C\307\244\335"
 408      CCA1B065 
 408      7C9B2F6C 
 408      B01343C7 
 408      A4DD
 409 0cdb 2C3AB5B0 		.ascii	",:\265\260\251\233\342\310\352ppm\331s\\(l\213\216\266"
 409      A99BE2C8 
 409      EA70706D 
 409      D9735C28 
 409      6C8B8EB6 
 410 0cef 896602C9 		.ascii	"\211f\002\311\264\014\206\210\255\226\2264(\017~\000"
 410      B40C8688 
 410      AD969634 
 410      280F7E00 
 411 0cff F0A41E4C 		.ascii	"\360\244\036L\361\272\330\202?\311=\342\215\002]\016"
 411      F1BAD882 
ARM GAS  C:\Users\PETERL~1\AppData\Local\Temp\cc9cVNcU.s 			page 32


 411      3FC93DE2 
 411      8D025D0E 
 412 0d0f F1C657A0 		.ascii	"\361\306W\240\372\005\301\033`\211\2357\346\277\317"
 412      FA05C11B 
 412      60899D37 
 412      E6BFCF
 413 0d1e 7B2313F8 		.ascii	"{#\023\370\372V.\335\342|\337o\227\357\207\030\242\230"
 413      FA562EDD 
 413      E27CDF6F 
 413      97EF8718 
 413      A298
 414 0d30 81C81418 		.ascii	"\201\310\024\030\0163\2068\211\032(\243\342\210\315"
 414      0E338638 
 414      891A28A3 
 414      E288CD
 415 0d3f 5960F33C 		.ascii	"Y`\363<\330{\017\332Q\260}\016\256)p}\000\327T\301\007"
 415      D87B0FDA 
 415      51B07D0E 
 415      AE29707D 
 415      00D754C1 
 416 0d54 C196213E 		.ascii	"\301\226!>)\310\210\032[Y_\351e\304\022\214\221\377"
 416      29C8881A 
 416      5B595FE9 
 416      65C4128C 
 416      91FF
 417 0d66 876544B0 		.ascii	"\207eD\260\345\300yaH\034\222N\034\321\230(\2415\342"
 417      E5C07961 
 417      481C924E 
 417      1CD19828 
 417      A135E2
 418 0d79 773A7447 		.ascii	"w:tGz>\024\261\262\343.`m{\234\355\016\263\3158\207"
 418      7A3E14B1 
 418      B2E32E60 
 418      6D7B9CED 
 418      0EB3CD38 
 419 0d8e 25671B71 		.ascii	"%g\033q\334\242\355\002{\234\305\315\314&\270\211\337"
 419      DCA2ED02 
 419      7B9CC5CD 
 419      CC26B889 
 419      DF
 420 0d9f C69BC804 		.ascii	"\306\233\310\004@\322\3572_C%\246#1\\\224\035\\&\203"
 420      40D2EF32 
 420      5F4325A6 
 420      23315C94 
 420      1D5C2683 
 421 0db3 4B67ABAC 		.ascii	"Kg\253\254\211\357\220\371\022\014p8\001\242\257o\017"
 421      89EF90F9 
 421      120C7038 
 421      01A2AF6F 
 421      0F
 422 0dc4 146C0C86 		.ascii	"\024l\014\206\327\000 \365\032\306\360\213I$\267g\037"
 422      D70020F5 
 422      1AC6F08B 
 422      4924B767 
 422      1F
 423 0dd5 394022EF 		.ascii	"9@\"\357\013\262\372\3060\331\272EKv\207\271\257\342"
 423      0BB2FAC6 
ARM GAS  C:\Users\PETERL~1\AppData\Local\Temp\cc9cVNcU.s 			page 33


 423      30D9BA45 
 423      4B7687B9 
 423      AFE2
 424 0de7 79F23A54 		.ascii	"y\362:T\362\265yB\201h\315\2208\200k;\336\346d\202e"
 424      F2B57942 
 424      8168CD90 
 424      38806B3B 
 424      DEE66482 
 425 0dfc 16D90957 		.ascii	"\026\331\011WI\315i\325\234\265x\301\004^\201\331\014"
 425      49CD69D5 
 425      9CB578C1 
 425      045E81D9 
 425      0C
 426 0e0d 4B3643BD 		.ascii	"K6C\275\3744%U\017`\035\035\267o\274\320\005\037w\242"
 426      FC342555 
 426      0F601D1D 
 426      B76FBCD0 
 426      051F77A2 
 427 0e21 8BEAC8CC 		.ascii	"\213\352\310\314\346Q\035\316gDia\021\024\236bF\214"
 427      E6511DCE 
 427      67446961 
 427      11149E62 
 427      468C
 428 0e33 EF484D71 		.ascii	"\357HMq\301\025\214\250K\230\374\004\327\262\373\216"
 428      C1158CA8 
 428      4B98FC04 
 428      D7B2FB8E 
 429 0e43 91AE63CE 		.ascii	"\221\256c\316\270\205\022\352\312\035\027\322\345\326"
 429      B88512EA 
 429      CA1D17D2 
 429      E5D6
 430 0e51 1FFADCF8 		.ascii	"\037\372\334\370\351>\375ma5Q\2101*]m5\301j\323\015"
 430      E93EFD6D 
 430      61355188 
 430      312A5D6D 
 430      35C16AD3 
 431 0e66 787D93BC 		.ascii	"x}\223\274\276\215\030?I\235JH\235\022\310\3663\320"
 431      BE8D183F 
 431      499D4A48 
 431      9D12C8F6 
 431      33D0
 432 0e78 CAA09543 		.ascii	"\312\240\225C\253\200V%\256S9\271\326\311\343\024/j"
 432      AB805625 
 432      AE5339B9 
 432      D6C9E314 
 432      2F6A
 433 0e8a E5C923BF 		.ascii	"\345\311#\277U\030)E\216\334\216\277\015\226\344Z\253"
 433      55182945 
 433      8EDC8EBF 
 433      0D96E45A 
 433      AB
 434 0e9b 71B134AB 		.ascii	"q\2614\253\0108+W(\307'\245\325\020\016$3v\221\003\311"
 434      08382B57 
 434      28C727A5 
 434      D5100E24 
 434      33769103 
 435 0eb0 52E9B097 		.ascii	"R\351\260\227\213T<\355\210T.\016$\227\274T\232\253"
ARM GAS  C:\Users\PETERL~1\AppData\Local\Temp\cc9cVNcU.s 			page 34


 435      8B543CED 
 435      88542E0E 
 435      2497BC54 
 435      9AAB
 436 0ec2 E37F7B82 		.ascii	"\343\177{\202\032\\\341\\I\362\264\006:\334\022V\257"
 436      1A5CE15C 
 436      49F2B406 
 436      3ADC1256 
 436      AF
 437 0ed3 A5D8F107 		.ascii	"\245\330\361\007(\261\267\253\301\303O\352m\362\213"
 437      28B1B7AB 
 437      C1C34FEA 
 437      6DF28B
 438 0ee2 6F7ACF69 		.ascii	"oz\317i9\356fy\2209[{\003\343\313\214\310;Y\335\350"
 438      39EE6679 
 438      90395B7B 
 438      03E3CB8C 
 438      C83B59DD 
 439 0ef7 84EF32A2 		.ascii	"\204\3572\242\366\342@\266\222\375:\302\266\320\315"
 439      F6E240B6 
 439      92FD3AC2 
 439      B6D0CD
 440 0f06 2557D846 		.ascii	"%W\330F\377Y\372\343I\332h\202\006G\352X\232\345\005"
 440      FF59FAE3 
 440      49DA6882 
 440      0647EA58 
 440      9AE505
 441 0f19 EFE67032 		.ascii	"\357\346p2#\022\343\367\236\326\340,F\214e\2465;\343"
 441      2312E3F7 
 441      9ED6E02C 
 441      468C65A6 
 441      353BE3
 442 0f2c 4246B41D 		.ascii	"BF\264\0352\237r\305e\224\340n\346\305\025YO8,\327?"
 442      329F72C5 
 442      6594E06E 
 442      E6C51559 
 442      4F382CD7 
 443 0f41 51A356AC 		.ascii	"Q\243V\254E\315\370I\177\355i\301\222\277\366\244uT"
 443      45CDF849 
 443      7FED69C1 
 443      92BFF6A4 
 443      7554
 444 0f53 16215CCB 		.ascii	"\026!\\\313\344\235\275P\222\210\344\034\3751\006}J"
 444      E49DBD50 
 444      9288E41C 
 444      FD31067D 
 444      4A
 445 0f64 3F4D99AB 		.ascii	"?M\231\253\252\273\243|~/_\357\236\222\213\177\222\221"
 445      AABBA37C 
 445      7E2F5FEF 
 445      9E928B7F 
 445      9291
 446 0f76 A176FC3C 		.ascii	"\241v\374<\374\177\001\313\231\247\312\007g\2325\270"
 446      FC7F01CB 
 446      99A7CA07 
 446      679A35B8 
 447 0f86 9581E5C4 		.ascii	"\225\201\345\304\237\256\266?\011\005nQ\337KX\3701\207"
ARM GAS  C:\Users\PETERL~1\AppData\Local\Temp\cc9cVNcU.s 			page 35


 447      9FAEB63F 
 447      09056E51 
 447      DF4B58F8 
 447      3187
 448 0f98 CBE9C8D8 		.ascii	"\313\351\310\330\353\204t\353"
 448      EB8474EB 
 449 0fa0 5762479D 		.ascii	"WbG\235\240\276\320\203\372\240\"\204\234\305v\300\303"
 449      A0BED083 
 449      FAA02284 
 449      9CC576C0 
 449      C3
 450 0fb1 8B82172E 		.ascii	"\213\202\027.Yg_\362\003\317l|\251\023\356f\352dY\016"
 450      59675FF2 
 450      03CF6C7C 
 450      A913EE66 
 450      EA64590E 
 451 0fc5 2FB8E041 		.ascii	"/\270\340AJh+o\355x\003\361\373f\235\333z\012\327\230"
 451      4A682B6F 
 451      ED7803F1 
 451      FB669DDB 
 451      7A0AD798 
 452 0fd9 F60CC0F5 		.ascii	"\366\014\300\365B^\234\027\340\372\245\022\251\016\257"
 452      425E9C17 
 452      E0FAA512 
 452      A90EAF
 453 0fe8 45F51894 		.ascii	"E\365\030\224\352\001\245\372\371D\262\300}\037$\316"
 453      EA01A5FA 
 453      F944B2C0 
 453      7D1F24CE 
 454 0ff8 10B40168 		.ascii	"\020\264\001h\227\241]\021"
 454      97A15D11 
 455 1000 4D585053 		.ascii	"MXPS\247_\343W\002\203\240s#\010\351\227\336\360H\312"
 455      A75FE357 
 455      0283A073 
 455      2308E997 
 455      DEF048CA 
 456 1014 6AE0F99F 		.ascii	"j\340\371\237D\226e\220\337\001\222\024is\024\344\370"
 456      44966590 
 456      DF019214 
 456      697314E4 
 456      F8
 457 1025 FBCE109D 		.ascii	"\373\316\020\235\033\211\037\273\244YEC~\262\231\001"
 457      1B891FBB 
 457      A4594543 
 457      7EB29901 
 458 1035 437E743B 		.ascii	"C~t;2\213J\2118\214\275vs\324\240m\312\0136_\241\202"
 458      328B4A89 
 458      388CBD76 
 458      73D4A06D 
 458      CA0B365F 
 459 104b 89339A24 		.ascii	"\2113\232$\235!\372\325f \232T\217\376G\252\007\251"
 459      9D21FAD5 
 459      66209A54 
 459      8FFE47AA 
 459      07A9
 460 105d EC671B61 		.ascii	"\354g\033a\367s\225\006V97_\226\354*\372\255\336\222"
 460      F7739506 
ARM GAS  C:\Users\PETERL~1\AppData\Local\Temp\cc9cVNcU.s 			page 36


 460      5639375F 
 460      96EC2AFA 
 460      ADDE92
 461 1070 942B7862 		.ascii	"\224+xb\030\244\214\256d\236\344\232\261\226\357A\234"
 461      18A48CAE 
 461      649EE49A 
 461      B196EF41 
 461      9C
 462 1081 3E0E4EBF 		.ascii	">\016N\277\006\216\036\203v\025\332\210\330\341K\274"
 462      068E1E83 
 462      7615DA88 
 462      D8E14BBC 
 463 1091 5FACC68C 		.ascii	"_\254\306\214\256\262@\267D\344\332GGB'a\315\373@\204"
 463      AEB240B7 
 463      44E4DA47 
 463      47422761 
 463      CDFB4084 
 464 10a5 DC28892C 		.ascii	"\334(\211,\324\330E\352\245Q\011/qs\327\363r\345B\331"
 464      D4D845EA 
 464      A551092F 
 464      7173D7F3 
 464      72E542D9 
 465 10b9 2C71E925 		.ascii	",q\351%es\022\300\316\011\331>*\225\3556gL\200\003\036"
 465      657312C0 
 465      CE09D93E 
 465      2A95ED36 
 465      674C8003 
 466 10ce E70C7202 		.ascii	"\347\014r\002649#\307w\330\250+l\233HreE\361\227\364"
 466      36343923 
 466      C777D8A8 
 466      2B6C9B48 
 466      726545F1 
 467 10e4 C7D4CCA8 		.ascii	"\307\324\314\250\004vZ\226@\277cJ[:\234\257\306\363"
 467      04765A96 
 467      40BF634A 
 467      5B3A9CAF 
 467      C6F3
 468 10f6 8CB9FA6A 		.ascii	"\214\271\372jh\2473\016wf\265h\244%ZC\312G\310\343~"
 468      68A7330E 
 468      7766B568 
 468      A4255A43 
 468      CA47C8E3 
 469 110b E5492CC9 		.ascii	"\345I,\311\271\247\301\373X\267\326\304\243\211.8\225"
 469      B9A7C1FB 
 469      58B7D6C4 
 469      A3892E38 
 469      95
 470 111c 11A78E5D 		.ascii	"\021\247\216]\216V\342LF,\356i\\\222\263\357\001\350"
 470      8E56E24C 
 470      462CEE69 
 470      5C92B3EF 
 470      01E8
 471 112e 99DBE5C9 		.ascii	"\231\333\345\311\202\014\366\015^\004U\345\341Tg\277"
 471      820CF60D 
 471      5E0455E5 
 471      E15467BF 
 472 113e 061732E6 		.ascii	"\006\0272\346\223cU\261*\\\313\210\201\270\253f\015"
ARM GAS  C:\Users\PETERL~1\AppData\Local\Temp\cc9cVNcU.s 			page 37


 472      936355B1 
 472      2A5CCB88 
 472      81B8AB66 
 472      0D
 473 114f 6E61445E 		.ascii	"naD^S\323^\015\036`Djhb\264\013\036eD\332T\331.\016"
 473      53D35E0D 
 473      1E60446A 
 473      6862B40B 
 473      1E6544DA 
 474 1167 4F32A2B3 		.ascii	"O2\242\263`\274X\216g(\241\374zvW\207\012\321\2639\366"
 474      60BC588E 
 474      6728A1FC 
 474      7A765787 
 474      0AD1B339 
 475 117c 05C983B9 		.ascii	"\005\311\203\2711g\276\026\220)o\001B\260\264Z\3064"
 475      3167BE16 
 475      90296F01 
 475      42B0B45A 
 475      C634
 476 118e A6B16511 		.ascii	"\246\261e\021\371=e\221g\346\227E\217\313a\031e&1\333"
 476      F93D6591 
 476      67E69745 
 476      8FCB6119 
 476      652631DB 
 477 11a2 21872D2B 		.ascii	"!\207-+Y\360C3\311aY-J`s.\375|\207d\344\274\2442BB\236"
 477      59F04333 
 477      C961592D 
 477      4A60732E 
 477      FD7C8764 
 478 11bd 39672B01 		.ascii	"9g+\001\367\035Y\035'\375L\372\241\317\222TB\026\305"
 478      F71D591D 
 478      27FD4CFA 
 478      A1CF9254 
 478      4216C5
 479 11d0 962EBA8A 		.ascii	"\226.\272\212?\364\021\247Z\010\250\3728\265\251\200"
 479      3FF411A7 
 479      5A08A8FA 
 479      38B5A980 
 480 11e0 264F350A 		.ascii	"&O5\012\226\257AsB\022/a\341\033\237\350D\363\260\375"
 480      96AF4173 
 480      42122F61 
 480      E11B9FE8 
 480      44F3B0FD 
 481 11f4 1C449885 		.ascii	"\034D\230\205$\332)\267&Q\302\231\313\371\012\234\347"
 481      24DA29B7 
 481      2651C299 
 481      CBF90A9C 
 481      E7
 482 1205 42831773 		.ascii	"B\203\027s\254\367<\233\312M4U\232\233s^\240\231b\242"
 482      ACF73C9B 
 482      CA4D3455 
 482      9A9B735E 
 482      A09962A2 
 483 1219 993276A1 		.ascii	"\2312v\241\253\222%\361/\010i\236{\370G\255\350\334"
 483      AB9225F1 
 483      2F08699E 
 483      7BF847AD 
ARM GAS  C:\Users\PETERL~1\AppData\Local\Temp\cc9cVNcU.s 			page 38


 483      E8DC
 484 122b 1D9E8B44 		.ascii	"\035\236\213DD\312\311\317\227/\257E\021r:\341.X\362"
 484      44CAC9CF 
 484      972FAF45 
 484      11723AE1 
 484      2E58F2
 485 123e 3E7E2686 		.ascii	">~&\2067z\235\221*\024&_\213\302\345\204;J\376\214\265"
 485      377A9D91 
 485      2A14265F 
 485      8BC2E584 
 485      3B4AFE8C 
 486 1253 0F3D5CBF 		.ascii	"\017=\\\277\037z\303\031\027Q\255\024\235\267\022\346"
 486      1F7AC319 
 486      1751AD14 
 486      9DB712E6 
 487 1263 54C89644 		.ascii	"T\310\226D\226!>\020`\004\012\225C&\311\2453H\354\341"
 487      96213E10 
 487      60040A95 
 487      4326C9A5 
 487      3348ECE1 
 488 1277 19984E66 		.ascii	"\031\230Nf1=D\2213\367\306\200{w\203[\277\202\266G."
 488      313D4491 
 488      33F7C680 
 488      7B77835B 
 488      BF82B647 
 489 128c 2A690369 		.ascii	"*i\003i\014\376}-\372\032K\241\013G\031\327\277\013"
 489      0CFE7D2D 
 489      FA1A4BA1 
 489      0B4719D7 
 489      BF0B
 490 129e 7CA03A8A 		.ascii	"|\240:\212\346\325\260\032\364HB\\\240\011\001,\217"
 490      E6D5B01A 
 490      F448425C 
 490      A009012C 
 490      8F
 491 12af 26447AD2 		.ascii	"&Dz\322\305\233\330!!\254\352\2428\320r5\215\331O\373"
 491      C59BD821 
 491      21ACEAA2 
 491      38D07235 
 491      8DD94FFB 
 492 12c3 900CB1C0 		.ascii	"\220\014\261\300tOH\006\"\311\232\014y\365S\243Z\\E"
 492      744F4806 
 492      22C99A0C 
 492      79F553A3 
 492      5A5C45
 493 12d6 9DA98CAD 		.ascii	"\235\251\214\255\263\344\351\330A\272\235\304\353 \361"
 493      B3E4E9D8 
 493      41BA9DC4 
 493      EB20F1
 494 12e5 0691780B 		.ascii	"\006\221x\013@\022x\211\311 1\021\244\355\205\226\004"
 494      40127889 
 494      C9203111 
 494      A4ED8596 
 494      04
 495 12f6 6D9FDCEE 		.ascii	"m\237\334\356<\373\301;\374y6\331\207\334\341\373I\217"
 495      3CFBC13B 
 495      FC7936D9 
ARM GAS  C:\Users\PETERL~1\AppData\Local\Temp\cc9cVNcU.s 			page 39


 495      87DCE1FB 
 495      498F
 496 1308 E59D2196 		.ascii	"\345\235!\226\376]\035\324\257\267a\340OK2\013\347\323"
 496      FE5D1DD4 
 496      AFB761E0 
 496      4F4B320B 
 496      E7D3
 497 131a 0BB91F11 		.ascii	"\013\271\037\021VbT\274\234\261\332\\\34207C\024\350"
 497      566254BC 
 497      9CB1DA5C 
 497      E2303743 
 497      14E8
 498 132c D29DE870 		.ascii	"\322\235\350p\327\021\3261\014Mt1\236 \025\206\342\256"
 498      D711D631 
 498      0C4D7431 
 498      9E201586 
 498      E2AE
 499 133e 8930C730 		.ascii	"\2110\3070\330\234r\000\034\3618\247\3603\314\015\027"
 499      D89C7200 
 499      1CF138A7 
 499      F033CC0D 
 499      17
 500 134f 7A54B41F 		.ascii	"zT\264\037\270o\012\361H\020\305cygK;\302-l\310\355"
 500      B86F0AF1 
 500      4810C563 
 500      79674B3B 
 500      C22D6CC8 
 501 1364 6DCFE956 		.ascii	"m\317\351V\341vF\214\214\217\007\263\317*\253\351\200"
 501      E176468C 
 501      8C8F07B3 
 501      CF2AABE9 
 501      80
 502 1375 6BEF69DF 		.ascii	"k\357i\337\213\360\000{\2313~\262\037\343\033\224\300"
 502      8BF0007B 
 502      99337EB2 
 502      1FE31B94 
 502      C0
 503 1386 F9F97D7F 		.ascii	"\371\371}\177Y\351{\012\031J\345UM\003U\217\210r{\272"
 503      59E97B0A 
 503      194AE555 
 503      4D03558F 
 503      88727BBA 
 504 139a 6AD710FF 		.ascii	"j\327\020\377\005\037\371\264\321\014\256M\225\216\202"
 504      051FF9B4 
 504      D10CAE4D 
 504      958E82
 505 13a9 ED33B854 		.ascii	"\3553\270T)_\325\264\233\026\025\326\357\340\036*\021"
 505      295FD5B4 
 505      9B1615D6 
 505      EFE01E2A 
 505      11
 506 13ba 3A0A2887 		.ascii	":\012(\207\3456kS\345\253\235N\247\203VR\032\222/\230"
 506      E5366B53 
 506      E5AB9D4E 
 506      A7835652 
 506      1A922F98 
 507 13ce DAA22311 		.ascii	"\332\242#\021\236a\006\207\245\345\224\261\017\327\314"
ARM GAS  C:\Users\PETERL~1\AppData\Local\Temp\cc9cVNcU.s 			page 40


 507      9E610687 
 507      A5E594B1 
 507      0FD7CC
 508 13dd 1ABAAC9D 		.ascii	"\032\272\254\235\013O\300l\"s\245\273\331\235\351c\354"
 508      0B4FC06C 
 508      2273A5BB 
 508      D99DE963 
 508      EC
 509 13ee 33AC79CA 		.ascii	"3\254y\312\277'\376\341I\216\322\377Dw\261sw3]V\256"
 509      BF27FEE1 
 509      498ED2FF 
 509      4477B173 
 509      77335D56 
 510 1403 4FD9D6FA 		.ascii	"O\331\326\372\224\305\352S\356\365\224\005\245P\240"
 510      94C5EA53 
 510      EEF59405 
 510      A550A0
 511 1412 92D8070C 		.ascii	"\222\330\007\014\0310\2403i\205\312\241\025*\333Z\241"
 511      1930A033 
 511      6985CAA1 
 511      152ADB5A 
 511      A1
 512 1423 42A3EE75 		.ascii	"B\243\356u\350\360\327L\323\350\273\0359lJ\265PM\227"
 512      E8F0D74C 
 512      D3E8BB1D 
 512      396C4AB5 
 512      504D97
 513 1436 A6666E31 		.ascii	"\246fn1M2\010\2559\272\343J\203\034\331>\236\342\207"
 513      4D3208AD 
 513      39BAE34A 
 513      831CD93E 
 513      9EE287
 514 1449 CFFCCF4B 		.ascii	"\317\374\317K\203\351\360!\271r\020\274W\014W[\312M"
 514      83E9F021 
 514      B97210BC 
 514      570C575B 
 514      CA4D
 515 145b 720E699E 		.ascii	"r\016i\236\265\201\034\261\222\023\341\024\236\327v"
 515      B5811CB1 
 515      9213E114 
 515      9ED776
 516 146a F874486E 		.ascii	"\370tHn?|\232o\313\253a\326\004\225Q.\317k5\004\345"
 516      3F7C9A6F 
 516      CBAB61D6 
 516      0495512E 
 516      CF6B3504 
 517 147f 39F0EECE 		.ascii	"9\360\356\316\247C\215l$\317b\306k\3330:\224\273\375"
 517      A7438D6C 
 517      24CF62C6 
 517      6BDB303A 
 517      94BBFD
 518 1492 1B80912C 		.ascii	"\033\200\221,\235\246xF\333\274U\3568&\317Pe\311\347"
 518      9DA67846 
 518      DBBC55EE 
 518      3826CF50 
 518      65C9E7
 519 14a5 911388F1 		.ascii	"\221\023\210\361\332\276\202\314\027\024\260;J\233\004"
ARM GAS  C:\Users\PETERL~1\AppData\Local\Temp\cc9cVNcU.s 			page 41


 519      DABE82CC 
 519      1714B03B 
 519      4A9B04
 520 14b4 8629C270 		.ascii	"\206)\302p\235\357A\362\243\004\362\343$\014\262S\320"
 520      9DEF41F2 
 520      A304F2E3 
 520      240CB253 
 520      D0
 521 14c5 0AA09D80 		.ascii	"\012\240\235\200v\032Z\021\264BQ52\347\347\223\"@\362"
 521      761A5A11 
 521      B4425135 
 521      32E7E793 
 521      2240F2
 522 14d8 F0186FB1 		.ascii	"\360\030o\261-\337\216\313\355\323:j\017)\002\305\217"
 522      2DDF8ECB 
 522      EDD33A6A 
 522      0F2902C5 
 522      8F
 523 14e9 24360125 		.ascii	"$6\001%\233\271\305\221N\371\212;\277R9\331\371}\312"
 523      9BB9C591 
 523      4EF98A3B 
 523      BF5239D9 
 523      F97DCA
 524 14fc 6FFC52D2 		.ascii	"o\374R\322o\355\326\340PW\232\0057\207J\223\235\326"
 524      6FEDD6E0 
 524      50579A05 
 524      37874A93 
 524      9DD6
 525 150e 1D32990B 		.ascii	"\0352\231\013\2463\037\316\277\011\343,\330\264D\276"
 525      A6331FCE 
 525      BF09E32C 
 525      D8B444BE 
 526 151e 26279D50 		.ascii	"&'\235P\231mx\310\310=\223X._\007\035\263\217d\265:"
 526      996D78C8 
 526      C83D9358 
 526      2E5F071D 
 526      B38F64B5 
 527 1533 E12A8612 		.ascii	"\341*\206\022\233\036\335\253\245(\364#dS\365\362\362"
 527      9B1EDDAB 
 527      A528F423 
 527      6453F5F2 
 527      F2
 528 1544 2F284085 		.ascii	"/(@\205\010\240\302\012p\206\002\244T\264_\326\322\375"
 528      08A0C20A 
 528      708602A4 
 528      54B45FD6 
 528      D2FD
 529 1556 2B5955B1 		.ascii	"+YU\261\015\354|\331\3025\265\355Y\245\234>l\352>U\343"
 529      0DEC7CD9 
 529      C235B5ED 
 529      59A59C3E 
 529      6CEA3E55 
 530 156b BCA26DD5 		.ascii	"\274\242m\325\324\266*9o\\A\301b\276\012w0\265.\347"
 530      D4B62A39 
 530      6F5C41C1 
 530      62BE0A77 
 530      30B52EE7 
ARM GAS  C:\Users\PETERL~1\AppData\Local\Temp\cc9cVNcU.s 			page 42


 531 157f EFEE404C 		.ascii	"\357\356@L\255\034\233Z\320\001\325\210\324\252\261"
 531      AD1C9B5A 
 531      D001D588 
 531      D4AAB1
 532 158e AA7596AA 		.ascii	"\252u\226\252uk<g\311\025\0173\200\251\256\340\203\304"
 532      756B3C67 
 532      C9150F33 
 532      80A9AEE0 
 532      83C4
 533 15a0 3B9602F3 		.ascii	";\226\002\363\031;\273\316\211\000\316Y\001j)\300b\345"
 533      193BBBCE 
 533      8900CE59 
 533      016A29C0 
 533      62E5
 534 15b2 D97817BC 		.ascii	"\331x\027\274\314\000z;B\303]\031@\253\035@\235\010"
 534      CC007A3B 
 534      42C35D19 
 534      40AB1D40 
 534      9D08
 535 15c4 A0CE0A50 		.ascii	"\240\316\012PO\001\272\312\232K\265\370\340S\024\340"
 535      4F01BACA 
 535      9A4BB5F8 
 535      E05314E0 
 536 15d4 C268EDDB 		.ascii	"\302h\355\333\254\377\025\273\376\347E\375\317[\373"
 536      ACFF15BB 
 536      FEE745FD 
 536      CF5BFB
 537 15e3 37B0C834 		.ascii	"7\260\3104\0166p\270\214\365_\310\253\011\3231\200\233"
 537      0E3670B8 
 537      8CF55FC8 
 537      AB09D331 
 537      809B
 538 15f5 76008D22 		.ascii	"v\000\215\"\200F+@\023\005\350\263\014\337\226\323("
 538      80462B40 
 538      1305E8B3 
 538      0CDF96D3 
 538      28
 539 1606 8C236B64 		.ascii	"\214#kd\262\263\036\266\255|\264\320B\203\320l\015B"
 539      B2B31EB6 
 539      AD7CB4D0 
 539      4283D06C 
 539      0D42
 540 1618 F2818624 		.ascii	"\362\201\206$9\356a\032T\357\277\331\352L40A%\277\375"
 540      39EE611A 
 540      54EFBFD9 
 540      EA4C3430 
 540      4125BFFD 
 541 162c 6E6C484C 		.ascii	"nlHL\272\311\262\274\374\035\332\013\265\212\324h\265"
 541      BAC9B2BC 
 541      FC1DDA0B 
 541      B58AD468 
 541      B5
 542 163d AAD1B6A2 		.ascii	"\252\321\266\242\032\351\355\007s\221\355\331\005\226"
 542      1AE9ED07 
 542      7391EDD9 
 542      0596
 543 164b 20A72D97 		.ascii	" \247-\227\277R\255\250\333E\252[\273U\267k\003\003"
ARM GAS  C:\Users\PETERL~1\AppData\Local\Temp\cc9cVNcU.s 			page 43


 543      BF52ADA8 
 543      DB45AA5B 
 543      BB55B76B 
 543      0303
 544 165d 7EF81A53 		.ascii	"~\370\032S-26-U\207\227\030\221\233\230\320E\240Q\007"
 544      2D32362D 
 544      55879718 
 544      919B98D0 
 544      45A05107 
 545 1671 55039E44 		.ascii	"U\003\236D\304t\\\342\250\346\226\252\264&\235\231z"
 545      C4745CE2 
 545      A8E696AA 
 545      B4269D99 
 545      7A
 546 1682 AFEA5D0A 		.ascii	"\257\352]\012\211.Y\025G\235\000MH\246{\027\325\335"
 546      892E5915 
 546      479D004D 
 546      48A67B17 
 546      D5DD
 547 1694 5CDF7E0D 		.ascii	"\\\337~\015vGO\257\200<ri\374*\246\310\220Wa\353x`\352"
 547      76474FAF 
 547      803C7269 
 547      FC2AA6C8 
 547      905761EB 
 548 16ab 906E1B6E 		.ascii	"\220n\033n\017\301\355\266\342\366R\334\273\215\271"
 548      0FC1EDB6 
 548      E2F652DC 
 548      BB8DB9
 549 16ba B55A9CB2 		.ascii	"\265Z\234\262\022nONH\014b\270\225\016\270}6\334~\202"
 549      126E4F4E 
 549      480C62B8 
 549      950EB87D 
 549      36DC7E82 
 550 16ce DB67C51D 		.ascii	"\333g\305\035\240\270a}%z\\Ha\271\260\263\373\303\235"
 550      A0B8617D 
 550      257A5C48 
 550      61B9B0B3 
 550      FBC39D
 551 16e1 84DDA7D9 		.ascii	"\204\335\247\331\265\214\254\015\006\241:]\026f\313"
 551      B58CAC0D 
 551      06A13A5D 
 551      1666CB
 552 16f0 62B9D457 		.ascii	"b\271\324W\343\266rx\005J\3407)\207\240\302\314\201"
 552      E3B67278 
 552      054AE037 
 552      2987A0C2 
 552      CC81
 553 1702 6133C695 		.ascii	"a3\306\225\314\264\222\211}\327\344\337M%I\323\3303"
 553      CCB49289 
 553      7DD7E4DF 
 553      4D2549D3 
 553      D833
 554 1714 F65ECD51 		.ascii	"\366^\315Q\2239\"\304d\372\371\362\262\212j2\3044\261"
 554      933922C4 
 554      64FAF9F2 
 554      B28A6A32 
 554      C434B1
ARM GAS  C:\Users\PETERL~1\AppData\Local\Temp\cc9cVNcU.s 			page 44


 555 1727 09949127 		.ascii	"\011\224\221'\324\036\213\374\273d\340\016\225\267\331"
 555      D41E8BFC 
 555      BB64E00E 
 555      95B7D9
 556 1736 7FF03968 		.ascii	"\177\3609h\267\227\030f{\011r\005\356\252\244\301\011"
 556      B7971866 
 556      7B097205 
 556      EEAAA4C1 
 556      09
 557 1747 7B6EE231 		.ascii	"{n\3421\201{\204\347\036\241\334\027\253\333\213\\\354"
 557      817B84E7 
 557      1EA1DC17 
 557      ABDB8B5C 
 557      EC
 558 1758 B82FDA71 		.ascii	"\270/\332q\217\362\334\344\352\362\231\336\340\247\367"
 558      8FF2DCE4 
 558      EAF299DE 
 558      E0A7F7
 559 1767 710F347A 		.ascii	"q\0174z\030\003\335\215\312\337|\364\247u\033e\312 "
 559      1803DD8D 
 559      CADF7CF4 
 559      A7751B65 
 559      CA20
 560 1779 4F3FA3BB 		.ascii	"O?\243\273Q\035\344\355g|\363G\356F\255\273\273\365"
 560      511DE4ED 
 560      677CF347 
 560      EE46ADBB 
 560      BBF5
 561 178b 768BE7CF 		.ascii	"v\213\347\3176yn\363\336\354\035h\014\362\362\366\337"
 561      36796EF3 
 561      DEEC1D68 
 561      0CF2F2F6 
 561      DF
 562 179c 64F4F7F7 		.ascii	"d\364\367\367\011\334\264\325/h\035\275[\347a\360]\247"
 562      09DCB4D5 
 562      2F681DBD 
 562      5BE761F0 
 562      5DA7
 563 17ae F7DDACF7 		.ascii	"\367\335\254\367\362\322{mz\353\265\237\256\373\321"
 563      F2D27B6D 
 563      7AEBB59F 
 563      AEFBD1
 564 17bd EB6FBCFD 		.ascii	"\353o\274\375\36777\301\363W\375\374\375\364\257\352"
 564      F73737C1 
 564      F357FDFC 
 564      FDF4AFEA 
 565 17cd 3D367B   		.ascii	"=6{"
 566 17d0 6FF2F6F3 		.ascii	"o\362\366\363\364\011\362\322o\362\365\000,?\375&w/"
 566      F409F2D2 
 566      6FF2F500 
 566      2C3FFD26 
 566      772F
 567 17e2 FD168F20 		.ascii	"\375\026\217 \037\220\371e\200>\360\265m\262O\377O\305"
 567      1F90F965 
 567      803EF0B5 
 567      6DB24FFF 
 567      4FC5
ARM GAS  C:\Users\PETERL~1\AppData\Local\Temp\cc9cVNcU.s 			page 45


 568 17f4 047E19B8 		.ascii	"\004~\031\270\011L\364\002\033\000\373\275\215?\333"
 568      094CF402 
 568      1B00FBBD 
 568      8D3FDB
 569 1803 B491607F 		.ascii	"\264\221`\177\314\260\251\034\377\3007_\337\340\037"
 569      CCB0A91C 
 569      FFC0375F 
 569      DFE01F
 570 1812 B8C160DC 		.ascii	"\270\301`\334\020\340o0\006n\370\345\037?\334\370\341"
 570      10E06F30 
 570      066EF8E5 
 570      1F3FDCF8 
 570      E1
 571 1823 171B3CFD 		.ascii	"\027\033<\375}\003\274}\364\206\300\015\277\331\270"
 571      7D03BC7D 
 571      F486C00D 
 571      BFD9B8
 572 1832 7183E736 		.ascii	"q\203\3476\253\202\012?wo\303\337\325~\356\236\306/"
 572      AB820A3F 
 572      776FC3DF 
 572      D57EEE9E 
 572      C62F
 573 1844 02B77B3E 		.ascii	"\002\267{>c\364\366\325\273\373\352=\002\203\014z_="
 573      63F4F6D5 
 573      BBFBEA3D 
 573      02830C7A 
 573      5F3D
 574 1856 F19ECA60 		.ascii	"\361\236\312`\244^\224o\326\007\032\025\333\375\015"
 574      A45E946F 
 574      D6071A15 
 574      DBFD0D
 575 1865 8146B98F 		.ascii	"\201F\271\217G\240\021\371\251\015F\312\316\034\374"
 575      47A011F9 
 575      A90D46CA 
 575      CE1CFC
 576 1874 CE5B3607 		.ascii	"\316[6\007\323[\317 \337 \037\017\243\367\347\372\327"
 576      D35BCF20 
 576      DF201F0F 
 576      A3F7E7FA 
 576      D7
 577 1885 1EA3286F 		.ascii	"\036\243(o\036\321\312\027T\322\372\272{\032\274A\342"
 577      1ED1CA17 
 577      54D2FABA 
 577      7B1ABC41 
 577      E2
 578 1896 362FEBAD 		.ascii	"6/\353\255w\240\341\215'\006\2419\0008:qNh<\267\271"
 578      77A0E18D 
 578      2706A139 
 578      00383A71 
 578      4E683CB7 
 579 18ab 83FB8C7A 		.ascii	"\203\373\214z_\235A\357\341\365\245\273\017\204\304"
 579      5F9D41EF 
 579      E1F5A5BB 
 579      0F84C4
 580 18ba DDE80C8F 		.ascii	"\335\350\014\217\005\332\325\270\215\020\201\356\177"
 580      05DAD5B8 
 580      8D1081EE 
ARM GAS  C:\Users\PETERL~1\AppData\Local\Temp\cc9cVNcU.s 			page 46


 580      7F
 581 18c7 0FD20781 		.ascii	"\017\322\007\201]O\301[\273GjF\271\0335\2667\312\000"
 581      5D4FC15B 
 581      BB476A46 
 581      B91B35B6 
 581      37CA00
 582 18da 773FFD17 		.ascii	"w?\375\027F\270\004\030\364\237\253\214\001\006o\177"
 582      46B80418 
 582      F49FAB8C 
 582      01066F7F 
 583 18ea 77467AFB 		.ascii	"wFz\373\253<\375\375\214\360\326\211\304\302\035<\003"
 583      AB3CFDFD 
 583      8CF0D689 
 583      C4C21D3C 
 583      03
 584 18fb 5E561BF4 		.ascii	"^V\033\364[!\274\356\306\267\277Q\374\266y\372\033\364"
 584      5B21BCEE 
 584      C6B7BF51 
 584      FCB679FA 
 584      1BF4
 585 190d 60156778 		.ascii	"`\025gx\2133\274\315\031\336\341\014?\346\014?\341\014"
 585      8B33BCCD 
 585      19DEE10C 
 585      3FE60C3F 
 585      E10C
 586 191f 3FC58637 		.ascii	"?\305\2067^\207\366\006\347c\370\3517\207t\377\374\307"
 586      5E87F606 
 586      E763F8E9 
 586      378774FF 
 586      FCC7
 587 1931 C4E900F0 		.ascii	"\304\351\000\360\246\"\200d\201\212\030\264]o\200\253"
 587      A6228064 
 587      818A18B4 
 587      5D6F80AB 
 588 1941 BF8F97DE 		.ascii	"\277\217\227\336 \367\334\346a Vz\370\352\265\201\306"
 588      20F7DCE6 
 588      6120567A 
 588      F8EAB581 
 588      C6
 589 1952 CF3C7CBC 		.ascii	"\317<|\274\267\372A|\003\300\261\237\371x\373z\033\325"
 589      B7FA417C 
 589      03C0B19F 
 589      F978FB7A 
 589      1BD5
 590 1964 46E262F0 		.ascii	"F\342b\360\227\212\004\377'\340\035\226\006p\247\012"
 590      978A04FF 
 590      27E01D96 
 590      0670A70A 
 591 1974 A0EED7AB 		.ascii	"\240\356\327\253\214\276\376^zJo\361\361\330\032\250"
 591      8CBEFE5E 
 591      7A4A6FF1 
 591      F1D81AA8 
 592 1984 321AF45B 		.ascii	"2\032\364[\002\251\237\310\215\3027p+\274\344\307&t"
 592      02A99FC8 
 592      8DC23770 
 592      2BBCE4C7 
 592      2674
ARM GAS  C:\Users\PETERL~1\AppData\Local\Temp\cc9cVNcU.s 			page 47


 593 1996 E7EF9406 		.ascii	"\347\357\224\006\257/\341\225Z\377\205\267\321\023\000"
 593      AF2FE195 
 593      5AFF85B7 
 593      D11300
 594 19a5 94DB8DFE 		.ascii	"\224\333\215\376\233\377\026\360\014\037\006\350\252"
 594      9BFF16F0 
 594      0C1F06E8 
 594      AA
 595 19b2 37E8FD3C 		.ascii	"7\350\375<\001X\261\335h4\004\350H\224\365\276\036\001"
 595      0158B1DD 
 595      683404E8 
 595      4894F5BE 
 595      1E01
 596 19c4 DBC03215 		.ascii	"\333\3002\025\0374\005M_E\240;\\\001\000\336\007\250"
 596      1F34054D 
 596      5F45A03B 
 596      5C0100DE 
 596      07A8
 597 19d6 81CF3708 		.ascii	"\201\3177\010\"\243\362e<p\365\337\356\007F\323\247"
 597      22A3F265 
 597      3C70F5DF 
 597      EE0746D3 
 597      A7
 598 19e7 20D89745 		.ascii	" \330\227Eu\273\321\327\370E\200\223\376s\030\012\276"
 598      75BBD1D7 
 598      F8458093 
 598      FE73180A 
 598      BE
 599 19f8 1E819FC1 		.ascii	"\036\201\237\301\033\375vr\203\003\334\203\\\254\271"
 599      1BFD7672 
 599      8303DC83 
 599      5CACB9
 600 1a07 C172C955 		.ascii	"\301r\311U\224-\344\211&\300}\273\207\267\321\333o+"
 600      942DE489 
 600      26C07DBB 
 600      87B7D1DB 
 600      6F2B
 601 1a19 F80AAC60 		.ascii	"\370\012\254`\312\320[x\240\017\320\373\301@\336\012"
 601      CAD05B78 
 601      A00FD0FB 
 601      C140DE0A 
 602 1a29 5C2082F0 		.ascii	"\\ \202\360k\211/<|h\336\300\303\000(\020\274\373\002"
 602      6B892F3C 
 602      7C68DEC0 
 602      C3002810 
 602      BCFB02
 603 1a3c 5F7FF2E4 		.ascii	"_\177\362\344\367\334\346\005\341\334\360\304\035@8"
 603      F7DCE605 
 603      E1DCF0C4 
 603      1D4038
 604 1a4b F0BFF5E4 		.ascii	"\360\277\365\344\002`\020\361\265\343\311\205\200\317"
 604      026010F1 
 604      B5E3C985 
 604      80CF
 605 1a59 815F6560 		.ascii	"\201_e`\316V\032\350\340P\030h\272\031\370t3\260t\323"
 605      CE561AE8 
 605      E0501868 
ARM GAS  C:\Users\PETERL~1\AppData\Local\Temp\cc9cVNcU.s 			page 48


 605      BA19F874 
 605      33B074D3 
 606 1a6d C0D32003 		.ascii	"\300\323 \003D\325\2500\020\257|\353so\2031\310\303"
 606      44D5A830 
 606      10AF7CEB 
 606      736F8331 
 606      C8C3
 607 1a7f C79D941A 		.ascii	"\307\235\224\032\203\325\327\317\201\257%^\270\332="
 607      83D5D7CF 
 607      81AF255E 
 607      B8DA3D
 608 1a8e 6303D8EE 		.ascii	"c\003\330\356\221\352s#\015,\271\222\361\252!\346\260"
 608      91EA7323 
 608      0D2CB992 
 608      F1AA21E6 
 608      B0
 609 1a9f 1A064FBC 		.ascii	"\032\006O\274\364>F\017\270\331\022\344\347\351Ny\310"
 609      F43E460F 
 609      B8D912E4 
 609      E7E94E79 
 609      C8
 610 1ab0 9D92F07A 		.ascii	"\235\222\360z\030\234\340B\352\036a\207GD\234\013\253"
 610      189CE042 
 610      EA1E6187 
 610      47449C0B 
 610      AB
 611 1ac1 28D06F73 		.ascii	"(\320os\320V\226\000\342'\232\000\017?oO\022o\025\024"
 611      D0569600 
 611      E2279A00 
 611      0F3F6F4F 
 611      126F1514 
 612 1ad5 30927E6A 		.ascii	"0\222~j\037\177\317\317\310\315\323$W\014\036\220\271"
 612      1F7FCFCF 
 612      C8CDD324 
 612      570C1E90 
 612      B9
 613 1ae6 9B83B66C 		.ascii	"\233\203\266l!\252\252\214\233\335\003\275\377[\357"
 613      21AAAA8C 
 613      9BDD03BD 
 613      FF5BEF
 614 1af5 4240B67B 		.ascii	"B@\266{\272\323\224\203\307\201z\252\271\202\\\0034"
 614      BAD39483 
 614      C7817AAA 
 614      B9825C03 
 614      34
 615 1b06 F03F1B02 		.ascii	"\360?\033\002j\270\243#\353\311\353\"\325\011\302\240"
 615      6AB8A323 
 615      EBC9EB22 
 615      D509C2A0 
 616 1b16 04490146 		.ascii	"\004I\001F\203\006.L\270N\254\011\366\332\274U\353\353"
 616      83062E4C 
 616      B84EAC09 
 616      F6DABC55 
 616      EBEB
 617 1b28 010390A6 		.ascii	"\001\003\220\246\362SF(\3010\3447\033\240\224\373\303"
 617      F2534628 
 617      C130E437 
ARM GAS  C:\Users\PETERL~1\AppData\Local\Temp\cc9cVNcU.s 			page 49


 617      1BA094FB 
 617      C3
 618 1b39 B857FA6F 		.ascii	"\270W\372o\331\022\2507rF_\027o/\037=\237\361\220\351"
 618      D912A837 
 618      72465F17 
 618      6F2F1F3D 
 618      9FF190E9 
 619 1b4d 4EFCE4EB 		.ascii	"N\374\344\353\355\347m|\3651J\005\032<m\205\332S\266"
 619      EDE76D7C 
 619      F5314A05 
 619      1A3C6D85 
 619      DA53B6
 620 1b60 C6D6D313 		.ascii	"\306\326\323\023\260\3000\230\221\234\371glZ\3726O\301"
 620      B0C03098 
 620      919CF967 
 620      6C5AFA36 
 620      4FC1
 621 1b72 FF5047F9 		.ascii	"\377PG\371\351\3116K\274h{\353\037\360\310\313U\272"
 621      E9C9364B 
 621      BC687BEB 
 621      1FF0C8CB 
 621      55BA
 622 1b84 425056EE 		.ascii	"BPV\356\012/!\024\237|\370\273\315\177\323{\032\377"
 622      0A2F2114 
 622      9F7CF8BB 
 622      CD7FD37B 
 622      1AFF
 623 1b96 038C7A9E 		.ascii	"\003\214z\236\220\033\267\201k>\024\346\307O\374\377"
 623      901BB781 
 623      6B3E14E6 
 623      C74FFCFF 
 624 1ba6 ACF6F3F7 		.ascii	"\254\366\363\367\366\363\201\351\377[\204\341c\"G\304"
 624      F6F381E9 
 624      FF5B84E1 
 624      632247C4 
 625 1bb6 F0E767D9 		.ascii	"\360\347g\331S\377\000\361C'!U\214\234\347\266\377\005"
 625      53FF00F1 
 625      43272155 
 625      8C9CE7B6 
 625      FF05
 626 1bc8 AD8CD672 		.ascii	"\255\214\326r"
 627              		.text
 628              		.section	.gnu.lto_.symtab.7649bd42,"",%progbits
 629 0000 5F737461 		.ascii	"_stats_init\000\000\000\000\000\000\000\000\000\000"
 629      74735F69 
 629      6E697400 
 629      00000000 
 629      00000000 
 630 0015 00003B02 		.ascii	"\000\000;\002\000\000_stats_increase_irq\000\000\000"
 630      00005F73 
 630      74617473 
 630      5F696E63 
 630      72656173 
 631 0031 00000000 		.ascii	"\000\000\000\000\000\000\000\000\000=\002\000\000_s"
 631      00000000 
 631      003D0200 
 631      005F73
ARM GAS  C:\Users\PETERL~1\AppData\Local\Temp\cc9cVNcU.s 			page 50


 632 0040 74617473 		.ascii	"tats_ctxswc\000\000\000\000\000\000\000\000\000\000"
 632      5F637478 
 632      73776300 
 632      00000000 
 632      00000000 
 633 0055 00004202 		.ascii	"\000\000B\002\000\000_stats_start_measure_crit_thd\000"
 633      00005F73 
 633      74617473 
 633      5F737461 
 633      72745F6D 
 634 0079 00000000 		.ascii	"\000\000\000\000\000\000\000\000\000\000\000D\002\000"
 634      00000000 
 634      00000044 
 634      0200
 635 0087 005F7374 		.ascii	"\000_stats_stop_measure_crit_thd\000\000\000\000\000"
 635      6174735F 
 635      73746F70 
 635      5F6D6561 
 635      73757265 
 636 00a9 00000000 		.ascii	"\000\000\000\000\000\000\000F\002\000\000_stats_sta"
 636      00000046 
 636      0200005F 
 636      73746174 
 636      735F7374 
 637 00be 72745F6D 		.ascii	"rt_measure_crit_isr\000\000\000\000\000\000\000\000"
 637      65617375 
 637      72655F63 
 637      7269745F 
 637      69737200 
 638 00d9 00000000 		.ascii	"\000\000\000\000H\002\000\000_stats_stop_measure_cr"
 638      48020000 
 638      5F737461 
 638      74735F73 
 638      746F705F 
 639 00f7 69745F69 		.ascii	"it_isr\000\000\000\000\000\000\000\000\000\000\000\000"
 639      73720000 
 639      00000000 
 639      00000000 
 639      0000
 640 0109 4A020000 		.ascii	"J\002\000\000ch\000\000\002\000\000\000\000\000\000"
 640      63680000 
 640      02000000 
 640      000000
 641 0118 00000060 		.ascii	"\000\000\000`\002\000\000chTMObjectInit\000\000\002"
 641      02000063 
 641      68544D4F 
 641      626A6563 
 641      74496E69 
 642 0130 00000000 		.ascii	"\000\000\000\000\000\000\000\000\000N\002\000\000ch"
 642      00000000 
 642      004E0200 
 642      006368
 643 013f 544D4368 		.ascii	"TMChainMeasurementToX\000\000\002\000\000\000\000\000"
 643      61696E4D 
 643      65617375 
 643      72656D65 
 643      6E74546F 
ARM GAS  C:\Users\PETERL~1\AppData\Local\Temp\cc9cVNcU.s 			page 51


 644 015c 00000000 		.ascii	"\000\000\000\000U\002\000\000chTMStartMeasurementX\000"
 644      55020000 
 644      6368544D 
 644      53746172 
 644      744D6561 
 645 017a 00020000 		.ascii	"\000\002\000\000\000\000\000\000\000\000\000X\002\000"
 645      00000000 
 645      00000058 
 645      0200
 646 0188 00636854 		.ascii	"\000chTMStopMeasurementX\000\000\002\000\000\000\000"
 646      4D53746F 
 646      704D6561 
 646      73757265 
 646      6D656E74 
 647 01a4 00000000 		.ascii	"\000\000\000\000\000[\002\000\000"
 647      005B0200 
 647      00
 648              		.text
 649              		.section	.gnu.lto_.opts,"",%progbits
 650 0000 272D666E 		.ascii	"'-fno-trapv' '-mcpu=cortex-m4' '-mno-thumb-interwor"
 650      6F2D7472 
 650      61707627 
 650      20272D6D 
 650      6370753D 
 651 0033 6B272027 		.ascii	"k' '-mthumb' '-ggdb' '-O2' '-fomit-frame-pointer' '"
 651      2D6D7468 
 651      756D6227 
 651      20272D67 
 651      67646227 
 652 0066 2D66616C 		.ascii	"-falign-functions=16' '-ffunction-sections' '-fdata"
 652      69676E2D 
 652      66756E63 
 652      74696F6E 
 652      733D3136 
 653 0099 2D736563 		.ascii	"-sections' '-fno-common' '-flto'\000"
 653      74696F6E 
 653      73272027 
 653      2D666E6F 
 653      2D636F6D 
 654              		.text
 655              		.comm	__gnu_lto_v1,1,1
 656              		.comm	__gnu_lto_slim,1,1
 657              		.ident	"GCC: (GNU Tools for ARM Embedded Processors) 4.9.3 20150529 (release) [ARM/embedded-4_9-br
ARM GAS  C:\Users\PETERL~1\AppData\Local\Temp\cc9cVNcU.s 			page 52


DEFINED SYMBOLS
                            *ABS*:00000000 chstats.c
                            *COM*:00000001 __gnu_lto_v1
                            *COM*:00000001 __gnu_lto_slim

NO UNDEFINED SYMBOLS
