ARM GAS  C:\Users\PETERL~1\AppData\Local\Temp\ccA6v6IV.s 			page 1


   1              		.syntax unified
   2              		.cpu cortex-m4
   3              		.fpu softvfp
   4              		.eabi_attribute 20, 1
   5              		.eabi_attribute 21, 1
   6              		.eabi_attribute 23, 3
   7              		.eabi_attribute 24, 1
   8              		.eabi_attribute 25, 1
   9              		.eabi_attribute 26, 1
  10              		.eabi_attribute 30, 2
  11              		.eabi_attribute 34, 1
  12              		.eabi_attribute 18, 4
  13              		.thumb
  14              		.file	"crt1.c"
  15              		.text
  16              	.Ltext0:
  17              		.section	.gnu.lto_.profile.bbabce64,"",%progbits
  18 0000 789C6366 		.ascii	"x\234cf```a\200\000F\0066f\000\000\203\000\022"
  18      60606061 
  18      80004606 
  18      36660000 
  18      830012
  19              		.text
  20              		.section	.gnu.lto_.jmpfuncs.bbabce64,"",%progbits
  21 0000 789C6366 		.ascii	"x\234cf\300\016\370\2404\013\0203200100\003Y\000\002"
  21      C00EF8A0 
  21      340B1033 
  21      32303031 
  21      30300359 
  22 0016 48001C   		.ascii	"H\000\034"
  23              		.text
  24              		.section	.gnu.lto_.inline.bbabce64,"",%progbits
  25 0000 789C6366 		.ascii	"x\234cf\300\016<\2414\013\003\0033\023#\003\023\220"
  25      C00E3CA1 
  25      340B0303 
  25      33132303 
  25      1390
  26 0012 C9B6401E 		.ascii	"\311\266@\036D10b\2100a\2100\003y\020\021\0260\311\300"
  26      44313062 
  26      88306188 
  26      30037910 
  26      111630C9 
  27 0027 000083B3 		.ascii	"\000\000\203\263\002\317"
  27      02CF
  28              		.text
  29              		.section	.gnu.lto_.pureconst.bbabce64,"",%progbits
  30 0000 789C6366 		.ascii	"x\234cf``\340d\200\000\026\006\011F\011&\011f\023\000"
  30      6060E064 
  30      80001606 
  30      09460926 
  30      09661300 
  31 0014 02C10093 		.ascii	"\002\301\000\223"
  32              		.text
  33              		.section	.gnu.lto___core_init.bbabce64,"",%progbits
  34 0000 789C6366 		.ascii	"x\234cf\300\004R@\\\002\304\356@\314\310\314\300\310"
  34      C0045240 
  34      5C02C4EE 
ARM GAS  C:\Users\PETERL~1\AppData\Local\Temp\ccA6v6IV.s 			page 2


  34      40CCC8CC 
  34      C0C8
  35 0012 34E11C03 		.ascii	"4\341\034\003C#\007\023##\210\301\300\310P\317\304X"
  35      43230713 
  35      232388C1 
  35      C0C850CF 
  35      C458
  36 0024 CFF892E9 		.ascii	"\317\370\222\351#\023\343\204\003\253gp\253/mhh\370"
  36      2313E384 
  36      03AB6770 
  36      AB2F6D68 
  36      68F8
  37 0036 B0E87463 		.ascii	"\260\350tc\300\001\306\237L\014\014\237\231 \3460.g"
  37      C001C69F 
  37      4C0C0C9F 
  37      9920E630 
  37      2E67
  38 0048 5467002A 		.ascii	"Tg\000*\372\330\362\367:7[\013P\221\000D\216q\005#\033"
  38      FAD8F2F7 
  38      3A375B0B 
  38      50910044 
  38      8E710523 
  39 005d 23905E2F 		.ascii	"#\220^/t\240\341\377\377\305szt\201\242O\200\030d\376"
  39      74A0E1FF 
  39      FFC5737A 
  39      7481A24F 
  39      801864FE 
  40 0071 53262610 		.ascii	"S&&\020\315|\217\221\021\244\016d\320\023&F\220\020"
  40      CD7C8F91 
  40      11A40E64 
  40      D0132646 
  40      9010
  41 0083 5081ABB3 		.ascii	"P\201\253\263U\214sFfRfpIiJf~L2\210\235_ll\240\237_"
  41      558C7346 
  41      66526670 
  41      49694A66 
  41      7E4C3288 
  42 009e AC9F9C9F 		.ascii	"\254\237\234\237\233\233\237\247_\220_TR\254\357\030"
  42      9B9B9FA7 
  42      5F905F54 
  42      52ACEF18 
  43 00ae E4EBEC5B 		.ascii	"\344\353\354[\001\022+\310\314I-*\326wwv\326O.*1\324"
  43      01122BC8 
  43      CC492D2A 
  43      D6777776 
  43      D64F2E2A 
  44 00c4 4B660000 		.ascii	"Kf\000\000\320JA\231"
  44      D04A4199 
  45              		.text
  46              		.section	.gnu.lto___early_init.bbabce64,"",%progbits
  47 0000 789C6366 		.ascii	"x\234cf\300\004R@\\\014\304\356@\314\310\314\300\310"
  47      C0045240 
  47      5C0CC4EE 
  47      40CCC8CC 
  47      C0C8
  48 0012 34E11C03 		.ascii	"4\341\034\003C#\007\023##\210\301\300\310P\317\304X"
  48      43230713 
ARM GAS  C:\Users\PETERL~1\AppData\Local\Temp\ccA6v6IV.s 			page 3


  48      232388C1 
  48      C0C850CF 
  48      C458
  49 0024 CFF892E9 		.ascii	"\317\370\222\351#\023\343\204\003\253gp\253/mhh\370"
  49      2313E384 
  49      03AB6770 
  49      AB2F6D68 
  49      68F8
  50 0036 70E97C63 		.ascii	"p\351|c\300\001\306\237L\014\014\237\231 \3460.gTg\000"
  50      C001C69F 
  50      4C0C0C9F 
  50      9920E630 
  50      2E675467 
  51 004b 2AFAD8F2 		.ascii	"*\372\330\362\367:7[\013P\221\000D\216q\005#\033#\220"
  51      F73A375B 
  51      0B509100 
  51      448E7105 
  51      231B2390 
  52 005f 5E2F74A0 		.ascii	"^/t\240\341\377\377\307s$\200\202O\200\030d\374S&&\020"
  52      E1FFFFC7 
  52      73248082 
  52      4F801864 
  52      FC532626 
  53 0074 CD7C8F91 		.ascii	"\315|\217\221\021\244\014d\316\023&F\220\020P\201\253"
  53      11A40C64 
  53      CE132646 
  53      90105081 
  53      AB
  54 0085 B3558C73 		.ascii	"\263U\214sFfRfpIiJf~L2\210\235_ll\240\237_\254\237\234"
  54      46665266 
  54      7049694A 
  54      667E4C32 
  54      889D5F6C 
  55 00a0 9F9B9B9F 		.ascii	"\237\233\233\237\247_\220_TR\254\357\030\344\353\354"
  55      A75F905F 
  55      5452ACEF 
  55      18E4EBEC 
  56 00b0 5B01122B 		.ascii	"[\001\022+\310\314I-*\326wwv\326O.*1\324Kf\000\000\247"
  56      C8CC492D 
  56      2AD67777 
  56      76D64F2E 
  56      2A31D44B 
  57 00c8 ED416B   		.ascii	"\355Ak"
  58              		.text
  59              		.section	.gnu.lto___late_init.bbabce64,"",%progbits
  60 0000 789C6366 		.ascii	"x\234cf\300\004R@\\\004\304\356@\314\310\314\300\310"
  60      C0045240 
  60      5C04C4EE 
  60      40CCC8CC 
  60      C0C8
  61 0012 34E11C03 		.ascii	"4\341\034\003C#\007\023##\210\301\300\310P\317\304X"
  61      43230713 
  61      232388C1 
  61      C0C850CF 
  61      C458
  62 0024 CFF892E9 		.ascii	"\317\370\222\351#\023\343\204\003\253gp\253/mhh\370"
  62      2313E384 
ARM GAS  C:\Users\PETERL~1\AppData\Local\Temp\ccA6v6IV.s 			page 4


  62      03AB6770 
  62      AB2F6D68 
  62      68F8
  63 0036 B069B344 		.ascii	"\260i\263D\253\304O&\006\206\317L\020c\030\2273\252"
  63      ABC44F26 
  63      0686CF4C 
  63      10631897 
  63      33AA
  64 0048 3300D57C 		.ascii	"3\000\325|l\371{\235\233\255\005\250F\000\"\307\270"
  64      6CF97B9D 
  64      9BAD05A8 
  64      460022C7 
  64      B8
  65 0059 82918D11 		.ascii	"\202\221\215\021H\257\027:\320\360\377\377\3429\022"
  65      48AF173A 
  65      D0F0FFFF 
  65      E23912
  66 0068 40C12740 		.ascii	"@\301'@\0142\375)\023\023\210f\276\307\310\010R\006"
  66      0C32FD29 
  66      13138866 
  66      BEC7C808 
  66      5206
  67 007a 32E70913 		.ascii	"2\347\011\023#H\010\250\300\325\331*\3069#3)3\270\244"
  67      234808A8 
  67      C0D5D92A 
  67      C6392333 
  67      2933B8A4 
  68 008e 3425333F 		.ascii	"4%3?&\031\304\316/66\320\317/\326O\316\317\315\315\317"
  68      2619C4CE 
  68      2F3636D0 
  68      CF2FD64F 
  68      CECFCDCD 
  69 00a3 D32FC82F 		.ascii	"\323/\310/*)\326w\014\362u\366\255\000\211\025d\346"
  69      2A29D677 
  69      0CF275F6 
  69      AD008915 
  69      64E6
  70 00b5 A41615EB 		.ascii	"\244\026\025\353\273;;\353'\027\225\030\352%3\000\000"
  70      BB3B3BEB 
  70      27179518 
  70      EA253300 
  70      00
  71 00c6 C41F4011 		.ascii	"\304\037@\021"
  72              		.text
  73              		.section	.gnu.lto___default_exit.bbabce64,"",%progbits
  74 0000 789C6366 		.ascii	"x\234cf\300\004&@\\\014\304\356@\314\310\312\300\310"
  74      C0042640 
  74      5C0CC4EE 
  74      40CCC8CA 
  74      C0C8
  75 0012 34E11C03 		.ascii	"4\341\034\003C#\007\023#3\210\301\310\314\310\002\021"
  75      43230713 
  75      233388C1 
  75      C8CCC802 
  75      11
  76 0023 60810838 		.ascii	"`\201\010822\32431\2630\002\011\210\376\227L\037\231"
  76      3232D433 
ARM GAS  C:\Users\PETERL~1\AppData\Local\Temp\ccA6v6IV.s 			page 5


  76      31B33002 
  76      0988FE97 
  76      4C1F99
  77 0036 18271C58 		.ascii	"\030'\034X=\203[}iCC\303\207\246\355\022\255\022?\231"
  77      3D835B7D 
  77      694343C3 
  77      87A6ED12 
  77      AD123F99 
  78 004a 18183E33 		.ascii	"\030\030>3A\0240.gTg\000\252\371\330\362\367:7[\013"
  78      4114302E 
  78      67546700 
  78      AAF9D8F2 
  78      F73A375B 
  79 005f 508D0044 		.ascii	"P\215\000D\216q\005#\033#\220^/t\240\341\377\377\307"
  79      8E710523 
  79      1B23905E 
  79      2F74A0E1 
  79      FFFFC7
  80 0072 73EF6C67 		.ascii	"s\357lg\001r\237\000\245\030\201$\023\320\356'@K\200"
  80      01729F00 
  80      A5188124 
  80      13D0EE27 
  80      404B80
  81 0085 96323E61 		.ascii	"\2262>ab\201\322\214`#]\235\255b\23432\2232\203KJS2"
  81      6281D28C 
  81      60235D9D 
  81      AD629C33 
  81      32933283 
  82 009d F3639241 		.ascii	"\363c\222A\354\374bc\003\375\374b\375\344\374\334\334"
  82      ECFC6263 
  82      03FDFC62 
  82      FDE4FCDC 
  82      DC
  83 00ae FC3CFD82 		.ascii	"\374<\375\202\374\242\222b}\307 _g\337\012\220XAfNj"
  83      FCA29262 
  83      7DC7205F 
  83      67DF0A90 
  83      5841664E 
  84 00c3 51B1BEBB 		.ascii	"Q\261\276\273\263\263~rQ\211\241^2\003\000\244\243D"
  84      B3B37E72 
  84      5189A15E 
  84      320300A4 
  84      A344
  85 00d5 4B       		.ascii	"K"
  86              		.text
  87              		.section	.gnu.lto_.symbol_nodes.bbabce64,"",%progbits
  88 0000 789C6366 		.ascii	"x\234cf``pc\200\002\246\017\014\365\014\014\023\316"
  88      60607063 
  88      8002A60F 
  88      0CF50C0C 
  88      13CE
  89 0012 3130D4D7 		.ascii	"10\324\3273\314[\300\301\300\364\221\241\236\021E\340"
  89      33CC5BC0 
  89      C1C0F491 
  89      A19E1145 
  89      E0
  90 0023 13433D13 		.ascii	"\023C=\023\212\300g\206zf\204\000\013\003\003\000\356"
ARM GAS  C:\Users\PETERL~1\AppData\Local\Temp\ccA6v6IV.s 			page 6


  90      8AC06786 
  90      7A668400 
  90      0B030300 
  90      EE
  91 0034 7A149E   		.ascii	"z\024\236"
  92              		.text
  93              		.section	.gnu.lto_.refs.bbabce64,"",%progbits
  94 0000 789C6366 		.ascii	"x\234cf```d\200\002\000\000=\000\005"
  94      60606064 
  94      80020000 
  94      3D0005
  95              		.text
  96              		.section	.gnu.lto_.decls.bbabce64,"",%progbits
  97 0000 789C6366 		.ascii	"x\234cf``\270\002\304\377\201\340%#\003\303\004 \233"
  97      6060B802 
  97      C4FF81E0 
  97      252303C3 
  97      04209B
  98 0013 15880318 		.ascii	"\025\210\003\030\020\200\005\210\327\001\361F \336\002"
  98      10800588 
  98      D701F146 
  98      20DE02
  99 0022 C43B1930 		.ascii	"\304;\0310\001H\236\021I\037#T\014\035l\304\242n#\026"
  99      01489E11 
  99      491F2354 
  99      0C1D6CC4 
  99      A26E2316 
 100 0036 755BB0A8 		.ascii	"u[\260\250\333\202E\335N,\352\260\271\357#\023\343\316"
 100      DB8245DD 
 100      4E2CEAB0 
 100      B9EF2313 
 100      E3CE
 101 0048 755FCE72 		.ascii	"u_\316r\277`b\344\343R\000qwM:1\203\015\310\345\341"
 101      BF6062E4 
 101      E3520071 
 101      774D3A31 
 101      830DC8E5 
 102 005d 62017177 		.ascii	"b\001qw\377~t\205E|j\003\020Lhn\020`a\014\020c\\\316"
 102      FF7E7485 
 102      457C6A03 
 102      104C686E 
 102      1060610C 
 103 0075 28C5B882 		.ascii	"(\305\270\202Q\012h\352JFq \031\315\0021\351\326\274"
 103      510A68EA 
 103      4A467120 
 103      19CD0231 
 103      E9D6BC
 104 0088 CBC73898 		.ascii	"\313\3078\230\231\030A\354\3053\036^\341\322Y\005\324"
 104      991841EC 
 104      C5331E5E 
 104      E1D25905 
 104      D4
 105 0099 D6D170E0 		.ascii	"\326\321p\340\003#\302\272[\315\035\237\370\231E\301"
 105      0323C2BA 
 105      5BCD1D9F 
 105      F89945C1 
 106 00a9 8A5ACFBD 		.ascii	"\212Z\317\275\376\304\314\302\304\300\270\206\221\031"
ARM GAS  C:\Users\PETERL~1\AppData\Local\Temp\ccA6v6IV.s 			page 7


 106      FEC4CCC2 
 106      C4C0B886 
 106      9119
 107 00b7 22DBDFB5 		.ascii	"\"\333\337\265o/\277\302\274\206\005\013>\354\332r\223"
 107      6F2FBFC2 
 107      BC86050B 
 107      3EECDA72 
 107      93
 108 00c8 A7E1C484 		.ascii	"\247\341\304\204\003\377\377\333\203-b\\\305\310\314"
 108      03FFFFDB 
 108      832D625C 
 108      C5C8CC
 109 00d7 B89A5107 		.ascii	"\270\232Q\007h\341ZF\026\006\020\027\342\265u\214\012"
 109      68E15A46 
 109      16061017 
 109      E2B5758C 
 109      0A
 110 00e8 409D8726 		.ascii	"@\235\207&~z\313\310\234\200\303\334\306{\307\347\361"
 110      7E7ACBC8 
 110      9C80C3DC 
 110      C67BC7E7 
 110      F1
 111 00f9 81CD5DF0 		.ascii	"\201\315]\360wS\203CK\343\237\377\377\231\301\246\256"
 111      77538343 
 111      4BE39FFF 
 111      FF99C1A6 
 111      AE
 112 010a 879BBA01 		.ascii	"\207\233\272\001d\352z\230\251\033\301\246N\2736\367"
 112      64EA7A98 
 112      A91BC1A6 
 112      4EBB36F7 
 113 011a 3927732E 		.ascii	"9's.\016Sw\336y\261\200\021b\352\354\305l\020\267\202"
 113      0E5377DE 
 113      79B18011 
 113      62EAECC5 
 113      6C10B782 
 114 012e 0DDD0437 		.ascii	"\015\335\0047t3\310\320M0C\267\200\015\335p\257\357"
 114      7433C8D0 
 114      4D3043B7 
 114      800DDD70 
 114      AFEF
 115 0140 133B7325 		.ascii	"\023;s%\330\320\233\017_^ag\356`\004s\346\317\230w\235"
 115      D8D09B0F 
 115      5F5E6167 
 115      EE600473 
 115      E6CF9877 
 116 0155 0764C336 		.ascii	"\007d\3036\230\015\367nN\331\305\011\263\223q;#8N\016"
 116      980DF76E 
 116      4ED9C509 
 116      B393713B 
 116      23384E0E 
 117 0169 4F9CF490 		.ascii	"O\234\364\220\011d\355\302\005;P\254\335\012\267v\007"
 117      0964EDC2 
 117      053B50AC 
 117      DD0AB776 
 117      07
 118 017a C8DAAD30 		.ascii	"\310\332\2550kw2*0p\307\307'\347\027\245\306g\346e\226"
ARM GAS  C:\Users\PETERL~1\AppData\Local\Temp\ccA6v6IV.s 			page 8


 118      6B77322A 
 118      3070C7C7 
 118      27E717A5 
 118      C667E665 
 119 018f B0B9FB85 		.ascii	"\260\271\373\205*83\260\224\247&f\273:[\3058gd&e\006"
 119      2A3833B0 
 119      94A72666 
 119      BB3A5BC5 
 119      38676426 
 120 01a5 9794A664 		.ascii	"\227\224\246d\346\307$\203\330\371\305\306\006\372\371"
 120      E6C72483 
 120      D8F9C5C6 
 120      06FAF9
 121 01b4 C5FAC9F9 		.ascii	"\305\372\311\371\271\271\371y\372\005\371E%\305\372"
 121      B9B9F979 
 121      FA05F945 
 121      25C5FA
 122 01c3 8E41BECE 		.ascii	"\216A\276\316\276\025 \261\202\314\234\324\242b}wgg"
 122      BE1520B1 
 122      82CC9CD4 
 122      A2627D77 
 122      6767
 123 01d5 FDE4A212 		.ascii	"\375\344\242\022C\275d\006\236\370\370\324\304\242\234"
 123      43BD6406 
 123      9EF8F8D4 
 123      C4A29C
 124 01e4 4AB0F140 		.ascii	"J\260\361@\253r\022K V\361\305\307\247\244\246%\226"
 124      AB72124B 
 124      2056F1C5 
 124      C7A7A4A6 
 124      2596
 125 01f6 E694C4A7 		.ascii	"\346\224\304\247Vd\226p\344\001\335PRZ\224\007\000\251"
 125      56649670 
 125      E401DD50 
 125      525A9407 
 125      00A9
 126 0208 4BDC00   		.ascii	"K\334\000"
 127              		.text
 128              		.section	.gnu.lto_.symtab.bbabce64,"",%progbits
 129 0000 5F5F636F 		.ascii	"__core_init\000\000\001\000\000\000\000\000\000\000"
 129      72655F69 
 129      6E697400 
 129      00010000 
 129      00000000 
 130 0015 0000AE00 		.ascii	"\000\000\256\000\000\000__early_init\000\000\001\000"
 130      00005F5F 
 130      6561726C 
 130      795F696E 
 130      69740000 
 131 002b 00000000 		.ascii	"\000\000\000\000\000\000\000\000\261\000\000\000__l"
 131      00000000 
 131      B1000000 
 131      5F5F6C
 132 003a 6174655F 		.ascii	"ate_init\000\000\001\000\000\000\000\000\000\000\000"
 132      696E6974 
 132      00000100 
 132      00000000 
ARM GAS  C:\Users\PETERL~1\AppData\Local\Temp\ccA6v6IV.s 			page 9


 132      000000
 133 004d 00B40000 		.ascii	"\000\264\000\000\000__default_exit\000\000\001\000\000"
 133      005F5F64 
 133      65666175 
 133      6C745F65 
 133      78697400 
 134 0065 00000000 		.ascii	"\000\000\000\000\000\000\000\271\000\000\000"
 134      000000B9 
 134      000000
 135              		.text
 136              		.section	.gnu.lto_.opts,"",%progbits
 137 0000 272D666E 		.ascii	"'-fno-trapv' '-mcpu=cortex-m4' '-mno-thumb-interwor"
 137      6F2D7472 
 137      61707627 
 137      20272D6D 
 137      6370753D 
 138 0033 6B272027 		.ascii	"k' '-mthumb' '-ggdb' '-O2' '-fomit-frame-pointer' '"
 138      2D6D7468 
 138      756D6227 
 138      20272D67 
 138      67646227 
 139 0066 2D66616C 		.ascii	"-falign-functions=16' '-ffunction-sections' '-fdata"
 139      69676E2D 
 139      66756E63 
 139      74696F6E 
 139      733D3136 
 140 0099 2D736563 		.ascii	"-sections' '-fno-common' '-flto'\000"
 140      74696F6E 
 140      73272027 
 140      2D666E6F 
 140      2D636F6D 
 141              		.text
 142              		.comm	__gnu_lto_v1,1,1
 143              		.comm	__gnu_lto_slim,1,1
 144              		.ident	"GCC: (GNU Tools for ARM Embedded Processors) 4.9.3 20150529 (release) [ARM/embedded-4_9-br
ARM GAS  C:\Users\PETERL~1\AppData\Local\Temp\ccA6v6IV.s 			page 10


DEFINED SYMBOLS
                            *ABS*:00000000 crt1.c
                            *COM*:00000001 __gnu_lto_v1
                            *COM*:00000001 __gnu_lto_slim

NO UNDEFINED SYMBOLS
