ARM GAS  C:\Users\PETERL~1\AppData\Local\Temp\ccp62gto.s 			page 1


   1              		.syntax unified
   2              		.cpu cortex-m4
   3              		.fpu softvfp
   4              		.eabi_attribute 20, 1
   5              		.eabi_attribute 21, 1
   6              		.eabi_attribute 23, 3
   7              		.eabi_attribute 24, 1
   8              		.eabi_attribute 25, 1
   9              		.eabi_attribute 26, 1
  10              		.eabi_attribute 30, 2
  11              		.eabi_attribute 34, 1
  12              		.eabi_attribute 18, 4
  13              		.thumb
  14              		.file	"hal.c"
  15              		.text
  16              	.Ltext0:
  17              		.section	.gnu.lto_.profile.76496b20,"",%progbits
  18 0000 789C6366 		.ascii	"x\234cf```a\200\000F\006m6\000\000\320\000:"
  18      60606061 
  18      80004606 
  18      6D360000 
  18      D0003A
  19              		.text
  20              		.section	.gnu.lto_.jmpfuncs.76496b20,"",%progbits
  21 0000 789C6366 		.ascii	"x\234cf\300\016T\2414#\204d\372\310\3048\255\377\312"
  21      C00E54A1 
  21      34238464 
  21      FAC8C438 
  21      ADFFCA
  22 0013 0EE6DADF 		.ascii	"\016\346\332\337\0153\0328~21\374e\002\211/g\254\005"
  22      0D331A38 
  22      7E3231FC 
  22      6502892F 
  22      67AC05
  23 0026 5200C12E 		.ascii	"R\000\301.\012\015"
  23      0A0D
  24              		.text
  25              		.section	.gnu.lto_.inline.76496b20,"",%progbits
  26 0000 789C6366 		.ascii	"x\234cf\300\0164\2414#\003\003\2076#\003\023\220\311"
  26      C00E34A1 
  26      34230303 
  26      87362303 
  26      1390C9
  27 0013 B6409E09 		.ascii	"\266@\236\011,\304\005#\230\270A\012\300L\006\000)\315"
  27      2CC40523 
  27      98B8410A 
  27      C04C0600 
  27      29CD
  28 0025 015A     		.ascii	"\001Z"
  29              		.text
  30              		.section	.gnu.lto_.pureconst.76496b20,"",%progbits
  31 0000 789C6366 		.ascii	"x\234cf```f\200\000F\006\011\000\000x\000 "
  31      60606066 
  31      80004606 
  31      09000078 
  31      0020
  32              		.text
ARM GAS  C:\Users\PETERL~1\AppData\Local\Temp\ccp62gto.s 			page 2


  33              		.section	.gnu.lto_halInit.76496b20,"",%progbits
  34 0000 789C7590 		.ascii	"x\234u\220\261KBQ\024\306\317w\236=$\011\242)\374\007"
  34      B14B4251 
  34      14C6CF77 
  34      9E3D2409 
  34      A229FC07 
  35 0014 84880CDA 		.ascii	"\204\210\014\332Z\335\232\202V\227\322A!\020\262\306"
  35      5ADD9A82 
  35      5697D241 
  35      2110B2C6 
  36 0024 97EFA543 		.ascii	"\227\357\245CSJ\210\010Q\015\021i\226FK\016\015\367"
  36      534A8808 
  36      510D1169 
  36      96464B0E 
  36      0DF7
  37 0036 2F48C2A0 		.ascii	"/H\302\240Ej1\250-qz\204\330\271\317h)/\\\316\271\347"
  37      456A31A8 
  37      2D717A84 
  37      D8B9CF68 
  37      292F5CCE 
  38 004c FBDD733E 		.ascii	"\373\335s>\216A\177OP\356.\210\346%\302 p\341\201\310"
  38      8E417F4F 
  38      50EE2E88 
  38      E625C220 
  38      70E181C8 
  39 0060 F133A013 		.ascii	"\3613\240\023\002e\030\031|p\217QP\265r tn\333\366\347"
  39      02651819 
  39      7C708F51 
  39      50B57220 
  39      746EDBF6 
  40 0075 5ECB5955 		.ascii	"^\313YUp\231\250\317\243>\270@\210\004\352\345\006\317"
  40      7099A8CF 
  40      A33EB840 
  40      8804EAE5 
  40      06CF
  41 0087 013327D0 		.ascii	"\0013'\320\364HC\005\246\364\247\306\214\262\207\303"
  41      F4484305 
  41      A6F4A7C6 
  41      8CB287C3 
  42 0097 B3D27DDB 		.ascii	"\263\322}\333g\022uE\322\003\336\230u4:\310\252\301"
  42      67127545 
  42      D203DE98 
  42      75343AC8 
  42      AAC1
  43 00a9 94667593 		.ascii	"\224fu\223\223\366A\235\255/{\337\366\273\214>\313\177"
  43      93F6419D 
  43      AD2F7BDF 
  43      F6BB8C3E 
  43      CB7F
  44 00bb 5461912B 		.ascii	"Ta\221+t\0079uh\376K\032}\321\011\227B\212T\312?5\015"
  44      74073975 
  44      68FE4B1A 
  44      7DD10997 
  44      428A54CA 
  45 00d2 91CA5AF2 		.ascii	"\221\312Z\362\015\264\027\251\276v[\217\376w\226\212"
  45      0DB417A9 
  45      BE765B8F 
ARM GAS  C:\Users\PETERL~1\AppData\Local\Temp\ccp62gto.s 			page 3


  45      FE77968A 
  46 00e2 F7ACE68B 		.ascii	"\367\254\346\213M\034\343\310)hj\0025X\270B\320\323"
  46      4D1CE3C8 
  46      29686A02 
  46      3558B842 
  46      D0D3
  47 00f4 4EBB9572 		.ascii	"N\273\225r@\032\314\012\214k\241\274\241\250\303r\331"
  47      401ACC0A 
  47      8C6BA1BC 
  47      A1A8C372 
  47      D9
  48 0105 24EDB838 		.ascii	"$\355\27089\316\261!>\032\277\216\263\352v,)>p\363C"
  48      39CEB121 
  48      3E1ABF8E 
  48      B3EA762C 
  48      293E70F3 
  49 011a BEC05177 		.ascii	"\276\300Qw+\036IzG\320\273\021\343s\221\345h$\221\334"
  49      2B1E497A 
  49      47D0BB11 
  49      E37391E5 
  49      682491DC 
  50 012e 48AE6DEF 		.ascii	"H\256m\357\304\223\251hL\347\251\364\322b8\225\016'"
  50      C493A968 
  50      4CE7A9F4 
  50      D2623895 
  50      0E27
  51 0140 D637C3E9 		.ascii	"\3267\303\351\255\230\216\0131\372\006\331*\226o"
  51      AD988E0B 
  51      31FA06D9 
  51      2A966F
  52              		.text
  53              		.section	.gnu.lto_.symbol_nodes.76496b20,"",%progbits
  54 0000 789C4DC8 		.ascii	"x\234M\310;\016@`\024D\341s\347\222(\255Ws\025\236\235"
  54      3B0E4060 
  54      1444E173 
  54      E79228AD 
  54      5773159E 
  55 0015 1588C252 		.ascii	"\025\210\302R\324\326@b\035\"A\361Os\362\215\003\025"
  55      D4D64062 
  55      1D2241F1 
  55      4F73F28D 
  55      0315
  56 0027 FFD42860 		.ascii	"\377\324(`\332!\202y)\310{Q\0066*\354\373\251\353\002"
  56      DA218279 
  56      29C87B51 
  56      06362AEC 
  56      FBA9EB02 
  57 003b 1B144ADD 		.ascii	"\033\024J\335)<u\253\310\022;9\353q\233\223\261\275"
  57      293C75AB 
  57      C8123B39 
  57      EB719B93 
  57      B1BD
  58 004d 75AEB7A2 		.ascii	"u\256\267\2429o\343\001ot m"
  58      396FE301 
  58      6F74206D 
  59              		.text
  60              		.section	.gnu.lto_.refs.76496b20,"",%progbits
ARM GAS  C:\Users\PETERL~1\AppData\Local\Temp\ccp62gto.s 			page 4


  61 0000 789C6366 		.ascii	"x\234cf```c\200\000F\006&F&\006\000\000\261\000\020"
  61      60606063 
  61      80004606 
  61      26462606 
  61      0000B100 
  62              		.text
  63              		.section	.gnu.lto_.decls.76496b20,"",%progbits
  64 0000 789CAD55 		.ascii	"x\234\255U{LSW\030\277\247\247\017\250\025\215$j\214"
  64      7B4C5357 
  64      18BFA7A7 
  64      0FA8158D 
  64      246A8C
  65 0013 994C3366 		.ascii	"\231L3f\214Z\246.\333\374g:|\214D'\211[\266\304&]\241"
  65      8C5AA62E 
  65      DBFC673A 
  65      7C8C4427 
  65      895BB6C4 
  66 002a 559A00ED 		.ascii	"U\232\000\355\332\262\350\177G\321\004\237T|\342\213"
  66      DAB2E87F 
  66      47D1049F 
  66      547CE28B 
  67 003a AA3850F1 		.ascii	"\2528P\361\375`H\005t\202\340{>\006S\324\372\342\241"
  67      FD604805 
  67      7482E07B 
  67      3E0653D4 
  67      FAE2A1
  68 004d 88958716 		.ascii	"\210\225\207\026E\331w\316\351\355\343\006\343\\v\323"
  68      45D977CE 
  68      E9EDE306 
  68      E35C76D3 
  69 005d EF9EFBDD 		.ascii	"\357\236\373\335\363\373~\337w~\347;\267X\020\204\265"
  69      F3FB7EDF 
  69      777EE73B 
  69      B7581084 
  69      B5
  70 006e 603D70CD 		.ascii	"`=p\315Q\013B\215L\020\340'$\202!\260'\002\277\024`"
  70      510B428D 
  70      4C10E027 
  70      248221B0 
  70      2702BF14 
  71 0083 AD605EB0 		.ascii	"\255`^\2606\260\027`>?\346\225\020~Q\234\312\317\361"
  71      36B01760 
  71      3E3FE695 
  71      107E519C 
  71      CACFF1
  72 0096 1AAC05AC 		.ascii	"\032\254\005\254\333\317\365\030\254C\302\351\363\363"
  72      DBCFF518 
  72      AC43C2E9 
  72      F3F3
  73 00a4 B5F9F97B 		.ascii	"\265\371\371{\343|.C\356\253\207\036+\232d(J\355\351"
  73      E37C2E43 
  73      EEAB871E 
  73      2B9A6428 
  73      4AEDE9
  74 00b7 477D5FE5 		.ascii	"G}_\345\266UJ\3605\352nD\375\235\033\357]W\217\336C"
  74      B6554AF0 
  74      35EA6E44 
ARM GAS  C:\Users\PETERL~1\AppData\Local\Temp\ccp62gto.s 			page 5


  74      FD9D1BEF 
  74      5D578FDE 
  75 00cc 08C92215 		.ascii	"\010\311\"\025\375\203q\245\276\343\005Q<\216\341\016"
  75      FD8371A5 
  75      BEE30551 
  75      3C8EE10E 
  76 00dc BB9B3AFB 		.ascii	"\273\233:\373\261\270\241\324\275[V\332\240\304\221"
  76      B1B8A1D4 
  76      BD5B56DA 
  76      A0C491
  77 00eb 6CAA647F 		.ascii	"l\252d\177\307\305>\014\032C\335\0239\325\033y\0069"
  77      C7C53E0C 
  77      1A43DD13 
  77      39D51B79 
  77      0639
  78 00fd 75CBCB7C 		.ascii	"u\313\313|Uj<\224!Wdyj\324\370\023\366\274\360\267\322"
  78      556A3C94 
  78      21576479 
  78      6AD4F813 
  78      F6BCF0B7 
  79 0112 152A807D 		.ascii	"\025*\200}\254f\371\356n\356\312\217d.\025\225\226*"
  79      AC66F9EE 
  79      6EEECA8F 
  79      642E1595 
  79      962A
  80 0124 AB6E203B 		.ascii	"\253n ;\243P\254:\037\212\3636\345T\015%D\216\216\""
  80      A350AC3A 
  80      1F8AF336 
  80      E5540D25 
  80      448E8E22 
  81 0138 353A8830 		.ascii	"5:\2100\332\215F\323E\323hze\021\262\21083Idu\224\200"
  81      DA8D46D3 
  81      45D3687A 
  81      6511B288 
  81      38334964 
  82 014f F6A12168 		.ascii	"\366\241!h?\032\"\240#(\026\020\014\213\016\301\313"
  82      3F1A22A0 
  82      23281610 
  82      0C8B0EC1 
  82      CB
  83 0160 C3F01288 		.ascii	"\303\360\022\210+\273\313\026+\220:\266\367\240\343"
  83      2BBBCB16 
  83      2B903AB6 
  83      F7A0E3
  84 016f BD04B112 		.ascii	"\275\004\261\022\016,\311\031HK8\006%\034\010\226\000"
  84      0E2CC919 
  84      484B3806 
  84      251C0896 
  84      00
  85 0180 150554EB 		.ascii	"\025\005T\353>\267\251D\203\333\021[a\236sK\247\002"
  85      3EB7A944 
  85      83DB115B 
  85      619E734B 
  85      A702
  86 0192 77716767 		.ascii	"wqgg\307\225\347\021\230\310\230\223\277n}\221\202I"
  86      C795E711 
  86      98C89893 
ARM GAS  C:\Users\PETERL~1\AppData\Local\Temp\ccp62gto.s 			page 6


  86      BF6E7D91 
  86      8249
  87 01a4 1441DD1D 		.ascii	"\024A\335\035\007J~\304Y|\352\250\253\350,\306\253\270"
  87      074A7EC4 
  87      597CEAA8 
  87      ABE82CC6 
  87      ABB8
  88 01b6 73FEBEAF 		.ascii	"s\376\276\257]\303p\375\251{\372\351\336\345Q8\207\317"
  88      5DC370FD 
  88      A97BFAE9 
  88      DEE55138 
  88      87CF
  89 01c8 15EE5AD9 		.ascii	"\025\356Z\331\210\361\006\356\344\276\274P\305wg0\270"
  89      88F106EE 
  89      E4BEBC50 
  89      C5776730 
  89      B8
  90 01d9 914B4F2D 		.ascii	"\221KO-n\320\240\341\374\212\216u\301:\275\356\335\017"
  90      6ED0A0E1 
  90      FC8A8E75 
  90      C13ABDEE 
  90      DD0F
  91 01eb 12D66492 		.ascii	"\022\326d\222\374\301\254\376\337\241\376j\024\035\\"
  91      FCC1ACFE 
  91      DFA1FE6A 
  91      141D5C
  92 01fa F5C82102 		.ascii	"\365\310!\002\323\000\326A\341\256\315\005\312\3528"
  92      D300D641 
  92      E1AECD05 
  92      CAEA38
  93 0209 06754BA1 		.ascii	"\006uK\241')\012\215\012@\227\007\240\305\275\262\006"
  93      27290A8D 
  93      0A409707 
  93      A0C5BDB2 
  93      06
  94 021a 91B90164 		.ascii	"\221\271\001d\251\024y\002I\012\330\032\300\226\365"
  94      A9147902 
  94      490AD81A 
  94      C096F5
  95 0229 5E400836 		.ascii	"^@\0106;\200-\351\2357XB^\000Z.\205V\004\241\253a\277"
  95      3B802DE9 
  95      9D375842 
  95      5E005A2E 
  95      855604A1 
  96 0240 89939049 		.ascii	"\211\223\220I\016\001\355\201\371\275l\212\242a\323"
  96      0E01ED81 
  96      F9BD6C8A 
  96      A261D3
  97 024f 510D74C8 		.ascii	"Q\015t\310\037h8:\005V\005v\006\3544X%\330Y4\2345\003"
  97      1F68383A 
  97      05560576 
  97      06EC3458 
  97      25D85934 
  98 0266 ED18CFD2 		.ascii	"\355\030\317\322\002%A4L\3607K\340|\311V\\\\\277\242"
  98      02254134 
  98      4CF0374B 
  98      E07CC956 
ARM GAS  C:\Users\PETERL~1\AppData\Local\Temp\ccp62gto.s 			page 7


  98      5C5CBFA2 
  99 027a 2F8A8EED 		.ascii	"/\212\216\355-\023:\017\011>8Y\341\274\010t\016\202"
  99      2D133A0F 
  99      093E3859 
  99      E1BC0874 
  99      0E82
 100 028c 8A82AD49 		.ascii	"\212\202\255I3\213\255y\343\315\305\217\360\035\336"
 100      338BAD79 
 100      E3CDC58F 
 100      F01DDE
 101 029b 2E9E37CE 		.ascii	".\2367\316\243\012\374\210;k\317\255\376\031\267\360"
 101      A30AFC88 
 101      3B6BCFAD 
 101      FE19B7F0 
 102 02ab E78515FB 		.ascii	"\347\205\025\373\256\251X\037}I\335\242\"\347z\025n"
 102      AEA9581F 
 102      7D49DDA2 
 102      22E77A15 
 102      6E
 103 02bc E7738D65 		.ascii	"\347s\215e-D\306\346\022\251\333\\\336\354\356\203_"
 103      2D44C6E6 
 103      12A9DB5C 
 103      DEECEE83 
 103      5F
 104 02cd F1B9BC55 		.ascii	"\361\271\274U\207\273\370\231\267R\367\351\351\027Y"
 104      87BBF899 
 104      B752F7E9 
 104      E91759
 105 02dc 2ABC10F3 		.ascii	"*\274\020\363\216.?\322\306\2338\213\371\225\204T\313"
 105      8E2E3FD2 
 105      C69B388B 
 105      F9958454 
 105      CB
 106 02ed 70169FCC 		.ascii	"p\026\237\314?\357\314El\262\220\371\233\352\262\242"
 106      3FEFCC45 
 106      6CB290F9 
 106      9BEAB2A2 
 107 02fd 70369FBB 		.ascii	"p6\237\273\260</\227'\254`\376\2413\247\266 \274\236"
 107      B03C2F97 
 107      27AC60FE 
 107      A133A7B6 
 107      20BC9E
 108 0310 4F8ADF27 		.ascii	"O\212\337'\015\377>\365Y\326\271y\211\002E\017\027\257"
 108      0DFF3EF5 
 108      59D6B979 
 108      8902450F 
 108      17AF
 109 0322 30610B40 		.ascii	"0a\013@\330B\266\205\365~U\033@\325\273\240\340}0\017"
 109      D842B685 
 109      F57E551B 
 109      40D5BBA0 
 109      E07D300F 
 110 0336 D823B07B 		.ascii	"\330#\260{`\017\300n\203=\004\273\343W\327E\325m)\370"
 110      600FC06E 
 110      833D04BB 
 110      E357D745 
 110      D56D29F8 
ARM GAS  C:\Users\PETERL~1\AppData\Local\Temp\ccp62gto.s 			page 8


 111 034a 8E40E350 		.ascii	"\216@\343P\201\377\002\201)O`\273j\303z\214\270\272"
 111      81FF0281 
 111      294F60BB 
 111      6AC37A8C 
 111      B8BA
 112 035c 3FF5236F 		.ascii	"?\365#oJ\221\267$H\267\210\274 E\216\014\007^\020\201"
 112      4A91B724 
 112      48B788BC 
 112      20458E0C 
 112      075E1081 
 113 0370 97A4C0CB 		.ascii	"\227\244\300\313\022\312z\021yU\212\274&AV\213\310\213"
 113      12CA7A11 
 113      79558ABC 
 113      2641568B 
 113      C88B
 114 0382 526445F8 		.ascii	"RdE\370\001#\256&\021z]\012\275!\205\372Dh\235\024\372"
 114      0123AE26 
 114      117A5D0A 
 114      BD2185FA 
 114      44689D14 
 115 0397 B7145A27 		.ascii	"\267\024Z'B\257H\241\177\206@Ys\227\260\223T\337\313"
 115      42AF48A1 
 115      7F864059 
 115      7397B093 
 115      54DFCB
 116 03aa 4942DB3B 		.ascii	"IB\333;\212\212Ux+k\013Yq\266\307\031!9V\342\356\243"
 116      8A8A5578 
 116      2B6B0B59 
 116      71B6C719 
 116      213956E2 
 117 03c0 66D8F4FF 		.ascii	"f\330\364\377\322\000\254\202\267p\274\232 \2701x\274"
 117      D200AC82 
 117      B770BC9A 
 117      20B83178 
 117      BC
 118 03d1 EA438E57 		.ascii	"\352C\216W[W\317\262\310h\177Z\327\273\322\012\377:"
 118      5B57CFB2 
 118      C8687F5A 
 118      D7BBD20A 
 118      FF3A
 119 03e3 27505E5A 		.ascii	"'P^ZR\271\001i\226\005\377\244\320\343\220\317\225\200"
 119      52B90169 
 119      9605FFA4 
 119      D0E390CF 
 119      9580
 120 03f5 9E200D45 		.ascii	"\236 \015E\322\221\036\210\327\367\257\313\007\255c"
 120      D2911E88 
 120      D7F7AFCB 
 120      07AD63
 121 0404 056492FE 		.ascii	"\005d\222\376r\22480\004\333\202\006\301}\216\2343\337"
 121      72943830 
 121      04DB8206 
 121      C17D8E9C 
 121      33DF
 122 0416 AF2868EC 		.ascii	"\257(h\354\207\013\370I\332\277:\267@\025\263\215\270"
 122      870BF849 
 122      DABF3AB7 
ARM GAS  C:\Users\PETERL~1\AppData\Local\Temp\ccp62gto.s 			page 9


 122      4015B38D 
 122      B8
 123 0427 0E7AEFAE 		.ascii	"\016z\357\256\334\206s\211k\021y\333\323\203X\020z\032"
 123      DC867389 
 123      6B1179DB 
 123      D3835810 
 123      7A1A
 124 0439 58AE409F 		.ascii	"X\256@\237Ym\250\025\305@\240\253xq\233\034\337\344"
 124      596DA815 
 124      C540A0AB 
 124      78719B1C 
 124      DFE4
 125 044b 2C9E06B7 		.ascii	",\236\006\267\017\003\213\207xk.?\231\264:\323\231O"
 125      0F038B87 
 125      786B2E3F 
 125      99B43AD3 
 125      994F
 126 045d 3C3D3DC3 		.ascii	"<==\3038\313\263\020\226g\"\213\227\261\354\311\313"
 126      38CBB310 
 126      9667228B 
 126      97B1ECC9 
 126      CB
 127 046e BEA1C2D9 		.ascii	"\276\241\302\331r\306\262g\315\243\366>\214\345`\311"
 127      72C6B267 
 127      CDA3F63E 
 127      8CE560C9 
 128 047e 219F3127 		.ascii	"!\2371'\234\345y\010\313s\221\245\215\261<[\371\266"
 128      9CE57908 
 128      CB7391A5 
 128      8DB13C5B 
 128      F9B6
 129 0490 49239771 		.ascii	"I#\227q5\350:\341\335\272]u\205\262w*\322\301\024iG"
 129      35E83AE1 
 129      DDBA5D75 
 129      85B2772A 
 129      D2C11469 
 130 04a5 A22485B5 		.ascii	"\242$\205\265\245*|\213\227qlwm\235\222\227\341n~\006"
 130      A52A7C8B 
 130      97716C77 
 130      6D9D9297 
 130      E16E7E06 
 131 04b9 926C1725 		.ascii	"\222l\027%\201(\324\031RF\247X\306\013VF\266\363)\374"
 131      8128D419 
 131      5246A758 
 131      C60B5646 
 131      B6F329FC 
 132 04cd 07367396 		.ascii	"\0076s\226\372\223\367\332\372q\226\326#\205S\327\204"
 132      FA93F7DA 
 132      FA7196D6 
 132      238553D7 
 132      84
 133 04de 2FE66508 		.ascii	"/\346e\010\313K\221\305\307Xj\033\037\346a\\\254`,\267"
 133      CB4B91C5 
 133      C7586A1B 
 133      1FE6615C 
 133      AC602CB7 
 134 04f2 3D2776C9 		.ascii	"='v\311Gl'^\342u\327\264\306\257!\300B\274=_\017c\335"
ARM GAS  C:\Users\PETERL~1\AppData\Local\Temp\ccp62gto.s 			page 10


 134      476C275E 
 134      E275D7B4 
 134      C6AF21C0 
 134      42BC3D5F 
 135 0509 D0C55942 		.ascii	"\320\305YB\276p]\234\013\275B# \372\316\306\212e\362"
 135      BE705D9C 
 135      0BBD4223 
 135      20FACEC6 
 135      8A65F2
 136 051c B01EA2B9 		.ascii	"\260\036\242\271\203*\274\366\367\320k\326C\255\371"
 136      832ABCF6 
 136      F7D06BD6 
 136      43ADF9
 137 052b 3B16ABC2 		.ascii	";\026\253\302\320\035a\350n?\232\216\312\351\337\375"
 137      D01D61E8 
 137      6E3F9A8E 
 137      CAE9DFFD 
 138 053b 10132F0C 		.ascii	"\020\023/\014\260;\322\306\217\323\317\263\232-z\273"
 138      B03BD2C6 
 138      8FD3CFB3 
 138      9A2D7ABB 
 139 054b C99161D5 		.ascii	"\311\221a\325;\"2\314\351\016x\347P\353\365\342\343"
 139      3B2232CC 
 139      E90E78E7 
 139      50EBF5E2 
 139      E3
 140 055c DCE489BA 		.ascii	"\334\344\211\272\344\024s\222\331\356\3100\232-:\207"
 140      E4147392 
 140      D9EEC830 
 140      9A2D3A87 
 141 056c C5926AD7 		.ascii	"\305\222j\327\315K\317\210aO1\006[Z\214)-\311d4\232"
 141      CD4BCF88 
 141      614F3106 
 141      5B5A8C29 
 141      2DC96434 
 142 0581 8CBA0963 		.ascii	"\214\272\011c\277\212\031\027\367\331\347\277\214\327"
 142      BF8A1917 
 142      F7D9E7BF 
 142      8CD7
 143 058f C1FB31E9 		.ascii	"\301\3731\351\226t\323\030\223!\311\2543\247'\247f\030"
 143      9674D318 
 143      9321C9AC 
 143      33A727A7 
 143      6618
 144 05a1 4DBA3403 		.ascii	"M\2724\003p\245\233tz\243i\256!#\325\241w,\260\232\354"
 144      70A59B74 
 144      7AA369AE 
 144      2123D5A1 
 144      772CB09A 
 145 05b6 63538439 		.ascii	"cS\2049\377k\032\373\002\273Now\030a\015\300\255H\263"
 145      FF6B1AFB 
 145      02BB4E6F 
 145      7718610D 
 145      C0AD48B3 
 146 05ca 184D36A5 		.ascii	"\030M6\245\205\346\262\251,v\253\311d\264)\254\031V"
 146      85E6B2A9 
 146      2C76ABC9 
ARM GAS  C:\Users\PETERL~1\AppData\Local\Temp\ccp62gto.s 			page 11


 146      64B429AC 
 146      1956
 147 05dc A30D5B8C 		.ascii	"\243\015[\2146\271a\256-\225\336R&\307O\324\305\323"
 147      36B961AE 
 147      2D95DE52 
 147      26C74FD4 
 147      C5D3
 148 05ee 2266F322 		.ascii	"\"f\363\"XA\026\373\3708\255\305\256M1\244j\255\026"
 148      584116FB 
 148      F838ADC5 
 148      AE4D31A4 
 148      6AAD16
 149 0601 9BC3AE9D 		.ascii	"\233\303\256\235\375\375\314\361\343\2643fL\321NOL\230"
 149      FDFDCCF1 
 149      E3B43366 
 149      4CD14E4F 
 149      4C98
 150 0613 F5EB38AD 		.ascii	"\365\3538\255\325\220\252OM5B*e\342\344)\006\207A\231"
 150      D590AA4F 
 150      4D35422A 
 150      65E2E429 
 150      06874199 
 151 0627 F80D1FE2 		.ascii	"\370\015\037\342\3710\205\017S\3710\215\017\323\371"
 151      F930850F 
 151      53F9308D 
 151      0FD3F9
 152 0636 F02D1F12 		.ascii	"\360-\037\022\350\020\2318yF\274%}\256y\236\012\322"
 152      E8109938 
 152      7946BC25 
 152      7DAE799E 
 152      0AD2
 153 0648 25A49B1D 		.ascii	"%\244\233\035\243\336W\222\335\226L\307\261\311\202"
 153      A3DE5792 
 153      DD964CC7 
 153      B1C982
 154 0657 D2EEA011 		.ascii	"\322\356\240\021c\336\027\341\027Ik\247\332D&Y\0146"
 154      63DE17E1 
 154      17496BA7 
 154      DA442659 
 154      0C36
 155 0669 238D7BEF 		.ascii	"#\215{\357\342\031\322\256\2355#a\346\324\237\364L\004"
 155      E219D2AE 
 155      9D352361 
 155      E6D49FF4 
 155      4C04
 156 067b FDD40971 		.ascii	"\375\324\011q_\360\011\340\352\253\367\013\2417\003"
 156      5FF009E0 
 156      EAABF70B 
 156      A13703
 157 068a 9F2625C4 		.ascii	"\237&%\304\231\364!\312\262\373\264\011\363\347kS\002"
 157      99F421CA 
 157      B2FBB409 
 157      F3E76B53 
 157      02
 158 069b C20EA0D4 		.ascii	"\302\016\240\324b\323$3\211\376\001\200\026\027\027"
 158      62D32433 
 158      89FE0180 
ARM GAS  C:\Users\PETERL~1\AppData\Local\Temp\ccp62gto.s 			page 12


 158      161717
 159              		.text
 160              		.section	.gnu.lto_.symtab.76496b20,"",%progbits
 161 0000 68616C49 		.ascii	"halInit\000\000\000\000\000\000\000\000\000\000\000"
 161      6E697400 
 161      00000000 
 161      00000000 
 161      0000
 162 0012 00EE0000 		.ascii	"\000\356\000\000\000pal_default_config\000\000\002\000"
 162      0070616C 
 162      5F646566 
 162      61756C74 
 162      5F636F6E 
 163 002d 00000000 		.ascii	"\000\000\000\000\000\000\000\000\372\000\000\000stI"
 163      00000000 
 163      FA000000 
 163      737449
 164 003c 6E697400 		.ascii	"nit\000\000\002\000\000\000\000\000\000\000\000\000"
 164      00020000 
 164      00000000 
 164      000000
 165 004b F0000000 		.ascii	"\360\000\000\000boardInit\000\000\002\000\000\000\000"
 165      626F6172 
 165      64496E69 
 165      74000002 
 165      00000000 
 166 005f 00000000 		.ascii	"\000\000\000\000\000\362\000\000\000_pal_lld_init\000"
 166      00F20000 
 166      005F7061 
 166      6C5F6C6C 
 166      645F696E 
 167 0076 00020000 		.ascii	"\000\002\000\000\000\000\000\000\000\000\000\366\000"
 167      00000000 
 167      000000F6 
 167      00
 168 0083 00006861 		.ascii	"\000\000hal_lld_init\000\000\002\000\000\000\000\000"
 168      6C5F6C6C 
 168      645F696E 
 168      69740000 
 168      02000000 
 169 0099 00000000 		.ascii	"\000\000\000\000\370\000\000\000"
 169      F8000000 
 170              		.text
 171              		.section	.gnu.lto_.opts,"",%progbits
 172 0000 272D666E 		.ascii	"'-fno-trapv' '-mcpu=cortex-m4' '-mno-thumb-interwor"
 172      6F2D7472 
 172      61707627 
 172      20272D6D 
 172      6370753D 
 173 0033 6B272027 		.ascii	"k' '-mthumb' '-ggdb' '-O2' '-fomit-frame-pointer' '"
 173      2D6D7468 
 173      756D6227 
 173      20272D67 
 173      67646227 
 174 0066 2D66616C 		.ascii	"-falign-functions=16' '-ffunction-sections' '-fdata"
 174      69676E2D 
 174      66756E63 
ARM GAS  C:\Users\PETERL~1\AppData\Local\Temp\ccp62gto.s 			page 13


 174      74696F6E 
 174      733D3136 
 175 0099 2D736563 		.ascii	"-sections' '-fno-common' '-flto'\000"
 175      74696F6E 
 175      73272027 
 175      2D666E6F 
 175      2D636F6D 
 176              		.text
 177              		.comm	__gnu_lto_v1,1,1
 178              		.comm	__gnu_lto_slim,1,1
 179              		.ident	"GCC: (GNU Tools for ARM Embedded Processors) 4.9.3 20150529 (release) [ARM/embedded-4_9-br
ARM GAS  C:\Users\PETERL~1\AppData\Local\Temp\ccp62gto.s 			page 14


DEFINED SYMBOLS
                            *ABS*:00000000 hal.c
                            *COM*:00000001 __gnu_lto_v1
                            *COM*:00000001 __gnu_lto_slim

NO UNDEFINED SYMBOLS
