ARM GAS  C:\Users\PETERL~1\AppData\Local\Temp\ccLcdd7a.s 			page 1


   1              		.syntax unified
   2              		.cpu cortex-m4
   3              		.fpu softvfp
   4              		.eabi_attribute 20, 1
   5              		.eabi_attribute 21, 1
   6              		.eabi_attribute 23, 3
   7              		.eabi_attribute 24, 1
   8              		.eabi_attribute 25, 1
   9              		.eabi_attribute 26, 1
  10              		.eabi_attribute 30, 2
  11              		.eabi_attribute 34, 1
  12              		.eabi_attribute 18, 4
  13              		.thumb
  14              		.file	"hal_lld.c"
  15              		.text
  16              	.Ltext0:
  17              		.section	.gnu.lto_.profile.bbabd77a,"",%progbits
  18 0000 789C6366 		.ascii	"x\234cf```a\200\000F\206\370X\000\001\217\000\305"
  18      60606061 
  18      80004686 
  18      F8580001 
  18      8F00C5
  19              		.text
  20              		.section	.gnu.lto_.jmpfuncs.bbabd77a,"",%progbits
  21 0000 789C6366 		.ascii	"x\234cf\300\0168\2404\023\0203\0021\000\0014\000\017"
  21      C00E38A0 
  21      34131033 
  21      02310001 
  21      34000F
  22              		.text
  23              		.section	.gnu.lto_.inline.bbabd77a,"",%progbits
  24 0000 789C6366 		.ascii	"x\234cf\300\016t\2404\023\003\203\274\034#\003\223\305"
  24      C00E74A0 
  24      34130383 
  24      BC1C2303 
  24      93C5
  25 0012 82F5CC0C 		.ascii	"\202\365\314\014l\013\344\231@\202\214\014\207\030\356"
  25      6C0BE499 
  25      40828C0C 
  25      8718EE
  26 0021 300145EB 		.ascii	"0\001E\353~\314\327\202\2132\000\000\244\247\007m"
  26      7ECCD782 
  26      8B320000 
  26      A4A7076D 
  27              		.text
  28              		.section	.gnu.lto_.pureconst.bbabd77a,"",%progbits
  29 0000 789C6366 		.ascii	"x\234cf```e\200\000&\006)F)\000\000\371\000@"
  29      60606065 
  29      80002606 
  29      29462900 
  29      00F90040 
  30              		.text
  31              		.section	.gnu.lto_hal_lld_init.bbabd77a,"",%progbits
  32 0000 789C9D95 		.ascii	"x\234\235\225KL\023Q\024\206\357\2713\035\312#\320\310"
  32      4B4C1351 
  32      1486EFB9 
  32      331DCA23 
ARM GAS  C:\Users\PETERL~1\AppData\Local\Temp\ccLcdd7a.s 			page 2


  32      D0C8
  33 0012 ABC11897 		.ascii	"\253\301\030\227\254**\256\\\020#\306\205\211\013\203"
  33      AC2A2AAE 
  33      5C1023C6 
  33      85890B83 
  34 0022 4B12A3B0 		.ascii	"K\022\243\260\200\204\004\"\230\260c*\225\270@\344\221"
  34      80840422 
  34      98B0632A 
  34      95B840E4 
  34      91
  35 0033 A809B031 		.ascii	"\250\011\2601\032@D@\024P^\005\025D\021,OAy\030 \021"
  35      1A404440 
  35      14505E05 
  35      1544112C 
  35      4F417918 
  36 0049 E3A20808 		.ascii	"\343\242\010\010\015J\275\347\336\241Cq\343\264I\317"
  36      0D4ABDE7 
  36      DEA14371 
  36      E3B449CF 
  37 0059 B43377BE 		.ascii	"\2643w\276\377?\347\3349#\221\177?\211\354{\301L\310"
  37      FF3FE7DC 
  37      3923917F 
  37      3F89EC7B 
  37      C14CC8
  38 006c 69760413 		.ascii	"iv\004\023\001Z:L\210\335L\2514\230D\324\020y \202\250"
  38      015A3A4C 
  38      88DD4CA9 
  38      349844D4 
  38      10792082 
  39 0081 6112C8E2 		.ascii	"a\022\310\342\264\014\200?\010\220\002*\311P\000+t\225"
  39      B40C803F 
  39      0890022A 
  39      C950002B 
  39      7495
  40 0093 42A9B3FE 		.ascii	"B\251\263\376^h\374CUU\335\367\273\2547\254\036J\310"
  40      5E68FC43 
  40      5555DDF7 
  40      BBAC37AC 
  40      1E4AC8
  41 00a6 1A157CA8 		.ascii	"\032\025|\250\201x\302\326\254:\376L\205*\016\266\306"
  41      8178C2D6 
  41      AC3AFE4C 
  41      852A0EB6 
  41      C6
  42 00b7 22AE412D 		.ascii	"\"\256A-(\300\216\215\007\234\252\327\273XU5&\037\242"
  42      28C08E8D 
  42      079CAAD7 
  42      BB585535 
  42      261FA2
  43 00ca C4439909 		.ascii	"\304C\231\011\026\314\030\2021\204a\210\300`\301\020"
  43      16CC1882 
  43      31846188 
  43      C060C110 
  44 00da 89210A43 		.ascii	"\211!\012C4\206\030\014\261\030\254\030\010Ybl\264\270"
  44      3486180C 
  44      B118AC18 
  44      0859626C 
ARM GAS  C:\Users\PETERL~1\AppData\Local\Temp\ccLcdd7a.s 			page 3


  44      B4B8
  45 00ec 4C291EA5 		.ascii	"L)\036\245\031\350km\336<\206j\233\024\315nu\314\216"
  45      19E86B6D 
  45      DE3C866A 
  45      9B14CD6E 
  45      75CC8E
  46 00ff C9DFA887 		.ascii	"\311\337\250\207R\325}S\225\321\333\374\322\210\313"
  46      52D57D53 
  46      95D1DBFC 
  46      D288CB
  47 010e CC4F11FC 		.ascii	"\314O\021\374[\2643\3571UC%x\250\004u\020\007\217 \216"
  47      5BB433EF 
  47      31554325 
  47      78A80475 
  47      10078F20 
  48 0123 5F282BDF 		.ascii	"_(+\337\250\010\261\325\253\016\273\331Ce\250\207j\370"
  48      A808B1D5 
  48      AB0EBBD9 
  48      4365A887 
  48      6AF8
  49 0135 C9D384C7 		.ascii	"\311\323\204\307`#L)\007e\014\020\032t\302\023\260\241"
  49      60234C29 
  49      07650C10 
  49      1A74C213 
  49      B0A1
  50 0147 934ACF83 		.ascii	"\223J\317\203`t\002^\366\211 \320\310n4\004\006\344"
  50      6074025E 
  50      F68920D0 
  50      C86E3404 
  50      06E4
  51 0159 36E9DC66 		.ascii	"6\351\334f\301\335\315Pf\247\236\012f\253k\023DYL\006"
  51      C1DDCD50 
  51      66A79E0A 
  51      66AB6B13 
  51      44594C06 
  52 016d 2CB77034 		.ascii	",\267p46\016\236\005\226\364s\235\320\012\266\0003l"
  52      360E9E05 
  52      96F4739D 
  52      D00AB600 
  52      336C
  53 017f D321ED0C 		.ascii	"\323!\355\014\262\233R\331o-%\263\001C/8\213\357\311"
  53      B29B52D9 
  53      6F2D25B3 
  53      01432F38 
  53      8BEFC9
  54 0192 973CA5C2 		.ascii	"\227<\245\302uEP\202\005h\275\370\307/\305\327\225p"
  54      75455082 
  54      0568BDF8 
  54      C72FC5D7 
  54      9570
  55 01a4 021D42AE 		.ascii	"\002\035B\256\034\014\246\336\251+u\201\215\361\003"
  55      1C0CA6DE 
  55      A92B7581 
  55      8DF103
  56 01b3 C8BC5B67 		.ascii	"\310\274[g\364\354\311\334\265\233y\230\001?N\316\222"
  56      F4ECC9DC 
  56      B59B7998 
ARM GAS  C:\Users\PETERL~1\AppData\Local\Temp\ccLcdd7a.s 			page 4


  56      013F4ECE 
  56      92
  57 01c4 90D51B58 		.ascii	"\220\325\033X3\373t\302\253\200\233\371Z\207\274\331"
  57      33FB74C2 
  57      AB809BF9 
  57      5A87BCD9 
  58 01d4 DBCC1D2D 		.ascii	"\333\314\035-\245\010\003\206\3729KF\326\200\1773-\002"
  58      A5080386 
  58      FA394B46 
  58      D6807F33 
  58      2D02
  59 01e6 34787D71 		.ascii	"4x}q9\2247\223\315\"\025\010\274\015\260\231\203\272"
  59      39943793 
  59      CD221508 
  59      BC0DB099 
  59      83BA
  60 01f8 D23B6CA6 		.ascii	"\322;l\246\205\233^\355<\3507\355\234\336\001\340\263"
  60      859B5EED 
  60      3CE837ED 
  60      9CDE01E0 
  60      B3
  61 0209 6E8DEDD6 		.ascii	"n\215\355\326}s\020\336\203\302\356\036Bw\221\354Z\341"
  61      7D7310DE 
  61      83C2EE1E 
  61      427791EC 
  61      5AE1
  62 021b E8D81974 		.ascii	"\350\330\031tfR\027\354\373&\223\211;h\370^s7\234Y\263"
  62      665217EC 
  62      FB269389 
  62      3B68F85E 
  62      73379C59 
  63 0230 97AACC82 		.ascii	"\227\252\314\202\002\037\230\273a\315]\305\373\256\222"
  63      021F98BB 
  63      61CD5DC5 
  63      FBAE92
  64 023f 20DDDD08 		.ascii	" \335\335\010wg\022\032\360Q+E\321p\233$\364\242\204"
  64      7767121A 
  64      F0512B45 
  64      D1709B24 
  64      F4A284
  65 0252 64C7505D 		.ascii	"d\307P]#\025\325\240\004\\\276R\014\361R\030\320\033"
  65      2315D5A0 
  65      045CBE52 
  65      0CF15218 
  65      D01B
  66 0264 F5D31BC3 		.ascii	"\365\323\033\303\202D\211.&\011\301hv\317bq\373|\260"
  66      8244892E 
  66      2609C168 
  66      76CF6271 
  66      FB7CB0
  67 0277 8FE75FDD 		.ascii	"\217\347_\335\372\232\232I\305\267%\3069N\321p\023\302"
  67      FA9A9A49 
  67      C5B725C6 
  67      394ED170 
  67      13C2
  68 0289 FE56D138 		.ascii	"\376V\3218\025\260\030\301\353_\351.\011\023\356\331"
  68      15B018C1 
ARM GAS  C:\Users\PETERL~1\AppData\Local\Temp\ccLcdd7a.s 			page 5


  68      EB5FE92E 
  68      0913EED9 
  69 0299 AA49469A 		.ascii	"\252IF\232\000\307ta\234\266\210\255\270\355v\335\022"
  69      00C77461 
  69      9CB688AD 
  69      B8ED76DD 
  69      12
  70 02aa 03951514 		.ascii	"\003\225\025\024\246P\213\340\313A\"\203I\370np7\365"
  70      A6508BE0 
  70      CB412283 
  70      49F86E70 
  70      37F5
  71 02bc 1CD692FD 		.ascii	"\034\326\222\375/sv\247\025\355}\362\2637\315g\354\235"
  71      2F7376A7 
  71      15ED7DF2 
  71      B337CD67 
  71      EC9D
  72 02ce 8DDA3A45 		.ascii	"\215\332:E\333XLkF\324\322\355\016H\340\263\237\300"
  72      DB584C6B 
  72      46D4D2ED 
  72      0E48E0B3 
  72      9FC0
  73 02e0 17EDA940 		.ascii	"\027\355\251@\347\262\357\265\266\272\324\25353\326"
  73      E7B2EFB5 
  73      B6BAD4AB 
  73      3533D6
  74 02ef 58AF6639 		.ascii	"X\257f9<H\203\317i\305U\004\313*p\025\333m+!b\346m\363"
  74      3C4883CF 
  74      69C55504 
  74      CB2A7015 
  74      DB6D2B21 
  75 0307 37D17CE0 		.ascii	"7\321|\340{c\301O\357+\356\015+\231\003\273\263\345"
  75      7B63C14F 
  75      EF2BEE0D 
  75      2B9903BB 
  75      B3E5
  76 0319 1C3E19D8 		.ascii	"\034>\031\330\221%\366t\260\274\330X;\225|259#\363J"
  76      9125F674 
  76      B0BCD858 
  76      3B957C32 
  76      353923F3 
  77 032e 664ADEB5 		.ascii	"fJ\336\265\364\314\354\3244\374\235\235\233x4!;7!\343"
  77      F4CCECD4 
  77      34FC9D9D 
  77      9B783421 
  77      3B3721E3 
  78 0342 7256424E 		.ascii	"rVBN\366\325\274\334\204\224\213\347\023\217\213x\366"
  78      F6D5BCDC 
  78      84948BE7 
  78      138F8B78 
  78      F6
  79 0353 447E3E5E 		.ascii	"D~>^\271\224\225\225~$\215\374\005\015T\351\353"
  79      B9949595 
  79      7E248DFC 
  79      050D54E9 
  79      EB
  80              		.text
ARM GAS  C:\Users\PETERL~1\AppData\Local\Temp\ccLcdd7a.s 			page 6


  81              		.section	.gnu.lto_stm32_clock_init.bbabd77a,"",%progbits
  82 0000 789C9D57 		.ascii	"x\234\235W]lTE\024\2363{\357\356\335\237\356O\333mK"
  82      5D6C5445 
  82      149E337B 
  82      EFEEDD9F 
  82      EE4FDB6D 
  83 0015 0381F013 		.ascii	"\003\201\360\023 \320\026\204'b\242+\3067_\304G\022"
  83      20D01684 
  83      2762A22B 
  83      C6375FC4 
  83      4712
  84 0027 A3100309 		.ascii	"\243\020\003\011I\215`\302\033w\333\2026i\002\202\020"
  84      498D60C2 
  84      1B77DB82 
  84      36690282 
  84      10
  85 0038 A32931C4 		.ascii	"\243)1\304\237\" m\301* Z\241RQ(\320RK\221\377\356j"
  85      9F22206D 
  85      C12A205A 
  85      A1525128 
  85      D0524B91 
  86 004f 4190DD96 		.ascii	"A\220\335\226\332\256\322\256sf\346\356\354.\321\354"
  86      DAAED2AE 
  86      7366E6EE 
  86      EC2ED1EC 
  87 005f 6E1FBED9 		.ascii	"n\037\276\331\316\231\375\346\233\357\2349\367\256\215"
  87      CE99FDE6 
  87      9BEF9C39 
  87      F7AE8D
  88 006e 3CF9F70C 		.ascii	"<\371\367\014\020\262\307K\310s\3543T\020\240;z\010"
  88      10B2C74B 
  88      C873EC33 
  88      5410A03B 
  88      7A08
  89 0080 091B146C 		.ascii	"\011\033\024l\342\203\215\2267u\023b\272\264\006\007"
  89      E2838D96 
  89      37751362 
  89      BAB40607 
  90 0090 313DE562 		.ascii	"1=\345b>\244\201.\342:-\023q;\217\227\211\371\220\035"
  90      3EA4812E 
  90      E23A2D13 
  90      713B8F97 
  90      89F9901D 
  91 00a4 1C22EEA0 		.ascii	"\034\"\356\240A\0217x<(\346C\0068E\334IKE\334\305\343"
  91      41113778 
  91      3C28E643 
  91      063845DC 
  91      494B45DC 
  92 00ba A5623EE4 		.ascii	"\245b>\344\002\267\210\273i\211\210{x\274D\314\207<"
  92      02B788BB 
  92      6989887B 
  92      78BC44CC 
  92      873C
  93 00cc E0C711FC 		.ascii	"\340\307\021\374\264X\204\213x\270XL\207\212\300+\276"
  93      B458848B 
  93      78B8584C 
  93      878AC02B 
ARM GAS  C:\Users\PETERL~1\AppData\Local\Temp\ccLcdd7a.s 			page 7


  93      BE
  94 00dd EEA50111 		.ascii	"\356\245\001\021\367\361x@\314\207|\0008\022 [\250\255"
  94      F7F17840 
  94      CC877C00 
  94      3812205B 
  94      A8AD
  95 00ef 5CD3CBEC 		.ascii	"\\\323\313\354\216\240\341,u\271K<\376\342\"o\300\007"
  95      8EA0E12C 
  95      75B94B3C 
  95      FEE2226F 
  95      C007
  96 0101 5B0C9B30 		.ascii	"[\014\2330H\027\203C\014N1\270\305\340\027\203W\014"
  96      48178343 
  96      0C4E31B8 
  96      C5E01783 
  96      570C
  97 0113 77699CC2 		.ascii	"wi\234\302\216\316\003\357\273\347\177b\232fl_\177\305"
  97      8ECE03EF 
  97      BBE77F62 
  97      9A666C5F 
  97      7FC5
  98 0125 D68A0425 		.ascii	"\326\212\004%d\224\212\005\360\031\314'lM\274ar\300"
  98      64948A05 
  98      F019CC27 
  98      6C4DBC61 
  98      72C0
  99 0137 6D6F606B 		.ascii	"mo`k\374\"\006-`gy \207\213;\315drh\357\271\335\372"
  99      FC22062D 
  99      60677920 
  99      878B3BCD 
  99      647268EF 
 100 014e 328D2428 		.ascii	"2\215$(\350\010\016\004\003\301\211\340B\360 x\021|"
 100      E8080E04 
 100      03C189E0 
 100      42F02078 
 100      117C
 101 0160 087E8400 		.ascii	"\010~\204\000B)B\020\241\034\241\002a\032B%\302t\204"
 101      42294210 
 101      A11CA102 
 101      611A4225 
 101      C27484
 102 0173 19083311 		.ascii	"\031\0103\021f!\314F\230\2030\027a\036\302\002\204\205"
 102      6621CC46 
 102      98833017 
 102      611EC202 
 102      8485
 103 0185 088B1016 		.ascii	"\010\213\020\026#T!T#,AX\212@H\204\351g\326F)e\203\355"
 103      23542154 
 103      232C4158 
 103      8A404884 
 103      E967D646 
 104 019d 2A9C8AB5 		.ascii	"*\234\212\265\016\324\351x v\320\211\023\327\373\264"
 104      0ED4E978 
 104      2076D089 
 104      13D7FBB4 
 105 01ad 619AA0D4 		.ascii	"a\232\240\324\214\275cjx\366\233\221\013\227\014>E\360"
 105      8CBD636A 
ARM GAS  C:\Users\PETERL~1\AppData\Local\Temp\ccLcdd7a.s 			page 8


 105      78F69B91 
 105      0B970C3E 
 105      45F0
 106 01bf DF6D5337 		.ascii	"\337mS7\023z3|\0306\315N{\202\332`?T\302\347L,\006\337"
 106      137A337C 
 106      1836CD4E 
 106      7B82DA60 
 106      3F54C2E7 
 107 01d7 DD39B6CB 		.ascii	"\3359\266\313Uu\300l\200\004\325\340\0004\303\010w\022"
 107      5575C06C 
 107      8004D5E0 
 107      0034C308 
 107      7712
 108 01e9 0E42150B 		.ascii	"\016B\025\013\237\255\033\212\272\221\012\230\223&\020"
 108      9FAD1B8A 
 108      BA910A98 
 108      932610
 109 01f8 38C4BEC7 		.ascii	"8\304\276\307\025\\o\267I\005\365\275}\317\343\022\335"
 109      155C6FB7 
 109      4905F5BD 
 109      7DCFE312 
 109      DD
 110 0209 BC15CE12 		.ascii	"\274\025\316\022\240\363=\006\2167\336\266+\001v\370"
 110      A0F33D06 
 110      8E37DEB6 
 110      2B0176F8 
 111 0219 8209382C 		.ascii	"\202\0118,\005\264\357\216\364+\001\255\\\000\346\011"
 111      05B4EF8E 
 111      F42B01AD 
 111      5C00E609 
 112 0229 DAB880C6 		.ascii	"\332\270\200\306\355\367v\024I\0016\002\355b\373\216"
 112      EDF77614 
 112      49013602 
 112      ED62FB8E 
 113 0239 78446C3F 		.ascii	"xDl?N\265\264\023\302\177\236.l \373\021\316\316\253"
 113      4EB5B413 
 113      C27F9E2E 
 113      6C20FB11 
 113      CECEAB
 114 024c E128F3FA 		.ascii	"\341(\363\372*\324?\262\013\026]\020u7\017\267s3\201"
 114      2AD43FB2 
 114      0B165D10 
 114      75370FB7 
 114      733381
 115 025f 1DF54BB1 		.ascii	"\035\365K\261\327N\220\347\314u\227\016\265\313WP5\216"
 115      D74E90E7 
 115      CC75970E 
 115      B5CB5750 
 115      358E
 116 0271 26B0DCD9 		.ascii	"&\260\334\331\010\273\015\230\274\216\266\350\210\324"
 116      08BB0D98 
 116      BC8EB6E8 
 116      88D4
 117 027f EEC88995 		.ascii	"\356\310\211\225\033\363\265\"=&\244Ol\213PAc\010\246"
 117      1BF3B522 
 117      3D26A44F 
 117      6C8B5041 
ARM GAS  C:\Users\PETERL~1\AppData\Local\Temp\ccLcdd7a.s 			page 9


 117      6308A6
 118 0292 0F06A28F 		.ascii	"\017\006\242\217l\\<%p\234\261\364C\303\225\372\327"
 118      6C5C3C25 
 118      709CB1F4 
 118      43C395FA 
 118      D7
 119 02a3 E51AB620 		.ascii	"\345\032\266 \374\351\211&\007_\300XN\3406\004\213\253"
 119      FCE98926 
 119      075FC058 
 119      4EE03604 
 119      8BAB
 120 02b5 9CB0EB0B 		.ascii	"\234\260\353\013Q\252\311\352\352h\273\337+\005:\363"
 120      51AAC9EA 
 120      EA68BBDF 
 120      2B053AF3 
 121 02c5 38F6375C 		.ascii	"8\3667\\!\336h8)\025Js]\202(\332S\327(R\3718\231L\372"
 121      21DE6838 
 121      29154A73 
 121      5D8228DA 
 121      53D72852 
 122 02de 087C5BA0 		.ascii	"\010|[\240\301\337\251\235:\321`\027/\211K\367\245\035"
 122      C1DFA99D 
 122      3AD16017 
 122      2F894BF7 
 122      A51D
 123 02f0 9E3CA8BE 		.ascii	"\236<\250\276WT\247\270\350\374\325\234V\024]\250\306"
 123      5754A7B8 
 123      E8FCD59C 
 123      56145DA8 
 123      C6
 124 0301 C3D3ADAB 		.ascii	"\303\323\255\253t?\270#\335\364\346\236\356\037\024"
 124      743FB823 
 124      DDF4E69E 
 124      EE1F14
 125 0310 E9192BDD 		.ascii	"\351\031+\335\326\371|\202i|k\254\321\305\355\364\020"
 125      D6F97C82 
 125      697C6BAC 
 125      D1C5EDF4 
 125      10
 126 0321 E816E91E 		.ascii	"\350\026\351\036\264\322\355K\313o\231\314\257=\225"
 126      B4D2ED4B 
 126      CB6F99CC 
 126      AF3D95
 127 0330 DF87D6E5 		.ascii	"\337\207\326\345\361\347q\316\037U\005\236\315\314o"
 127      F1E771CE 
 127      1F55059E 
 127      CDCC6F
 128 033f 4010B54F 		.ascii	"@\020\265O\266\356\022\275\"\301n\317O\005&\367g\265"
 128      B6EE12BD 
 128      22C16ECF 
 128      4F0526F7 
 128      67B5
 129 0351 CD39B433 		.ascii	"\3159\2643\300\333M\354a\257-\213(\207vv^\271\330\303"
 129      C0DB4DEC 
 129      61AF2D8B 
 129      28877676 
 129      5EB9D8C3 
ARM GAS  C:\Users\PETERL~1\AppData\Local\Temp\ccLcdd7a.s 			page 10


 130 0365 BB49AA31 		.ascii	"\273I\2521il\352\202\354%m\217-;J\363\320yQ\351\274"
 130      696CEA82 
 130      EC256D8F 
 130      2D3B4AF3 
 130      D07951E9 
 131 037a 94D94B82 		.ascii	"\224\331K\202\202h\317X\313~\273\354\\\032\201\336\002"
 131      8268CF58 
 131      CB7EBBEC 
 131      5C1A81DE 
 131      02
 132 038b FDE853FB 		.ascii	"\375\350S\373\\F?\202\274\274\034\252\274&\255\362*"
 132      5C463F82 
 132      BCBC1CAA 
 132      BC26ADF2 
 132      2A
 133 039c CFBDBCFA 		.ascii	"\317\275\274\372\025\351/Vy]\223\345U!\230\366N\034"
 133      15E92F56 
 133      795D93E5 
 133      552198F6 
 133      4E1C
 134 03ae AAD3A47C 		.ascii	"\252\323\244|\203\300@V?\251H+\260\240,0#U`]\247\245"
 134      83C04056 
 134      3FA9482B 
 134      B0A02C30 
 134      2355605D 
 135 03c4 A669799C 		.ascii	"\246iy\234\364\012\027\245\241\250\301LG+\031Q\301\355"
 135      F40A17A5 
 135      A1A8C14C 
 135      472B1951 
 135      C1ED
 136 03d6 F8AAA2FD 		.ascii	"\370\252\242\375\025\015\254\344\006:S\006\306\273\206"
 136      150DACE4 
 136      063A5306 
 136      C6BB86
 137 03e5 A4D8E9B9 		.ascii	"\244\330\351\271\033xM\221^\317n\3073\030\323\023\375"
 137      1B784D91 
 137      5ECF6EC7 
 137      3318D313 
 137      FD
 138 03f6 77469A5F 		.ascii	"wF\232_\245\322/\227\3658\217u\327\353\371W\367\015"
 138      A5D22F97 
 138      F5388F75 
 138      D7EBF957 
 138      F70D
 139 0408 AE019F2E 		.ascii	"\256\001\237.p\223W\367\366\266\370\224\227WwSKx\005"
 139      709357F7 
 139      F6B6F894 
 139      97577753 
 139      4B7805
 140 041b 815BD6C3 		.ascii	"\201[\326\303\362\334\021y\302\231y\370v[\325\310\235"
 140      F2DC1179 
 140      C29979F8 
 140      765BD5C8 
 140      9D
 141 042c CC74CC12 		.ascii	"\314t\314\022D;\217\0156\271\254w\003V\"C\005&(\242"
 141      443B8F0D 
 141      36B9AC77 
ARM GAS  C:\Users\PETERL~1\AppData\Local\Temp\ccLcdd7a.s 			page 11


 141      03562243 
 141      052628A2 
 142 0440 368A6282 		.ascii	"6\212b\202f\361\004\271U\202z\254\004\315N{\231\200"
 142      66F104B9 
 142      55827AAC 
 142      04CD4E7B 
 142      9980
 143 0452 FF7F91F8 		.ascii	"\377\177\221\370\215\223\332\221\364\367\354\004\315"
 143      8D93DA91 
 143      F4F7EC04 
 143      CD
 144 045f 114C6327 		.ascii	"\021Lc'\223#\226~\326\260\206\26326'-c%<c\021\326\333"
 144      9323967E 
 144      D6B086B3 
 144      3236272D 
 144      63253C63 
 145 0476 59C6A2D4 		.ascii	"Y\306\242\324\217\332\200k\2731*\265\315\315\275x\356"
 145      8FDA806B 
 145      BB312AB5 
 145      CDCDBD78 
 145      EE
 146 0487 AA03DFCB 		.ascii	"\252\003\337\313\3266O2]\030\276k\263\274\365\023\370"
 146      D6364F32 
 146      5D18BE6B 
 146      B3BCF513 
 146      F8
 147 0498 234BDCBC 		.ascii	"#K\334\2744q\305\262\234\212R\3454\336W@\263\274\257"
 147      3471C5B2 
 147      9C8A52E5 
 147      34DE5740 
 147      B3BCAF
 148 04ab 9AE5035E 		.ascii	"\232\345\003^N\361\367\266\215\212fi\266\354\353b/_"
 148      4EF1F7B6 
 148      8D8A6669 
 148      B6ECEB62 
 148      2F5F
 149 04bd 7FCA77BF 		.ascii	"\177\312w\277\330\231\210\305\377\321\321\326\263\274"
 149      D89988C5 
 149      FFD1D1D6 
 149      B3BC
 150 04cb 4B38CC89 		.ascii	"K8\314\211\354\267O\007\337d\252\267\377\012\225\012"
 150      ECB74F07 
 150      DF64AAB7 
 150      FF0A950A 
 151 04db D89BBA01 		.ascii	"\330\233\272\001\017\231\202\230T\020o\216<\235\022"
 151      0F998298 
 151      54106F8E 
 151      3C9D12
 152 04ea 10E702F0 		.ascii	"\020\347\002\360G\000\214p\001o\307._\364p\023\266z"
 152      47008C70 
 152      016FC72E 
 152      5FF47013 
 152      B67A
 153 04fc 098C5AD5 		.ascii	"\011\214Z\325|\376\262\264|A\036E\366H\235n,\263\232"
 153      7CFEB2B4 
 153      7C411E45 
 153      F6489D6E 
ARM GAS  C:\Users\PETERL~1\AppData\Local\Temp\ccLcdd7a.s 			page 12


 153      2CB39A
 154 050f 1732227E 		.ascii	"\0272\"~]\013\251\335\277\024\3558\326\356B^\273^\325"
 154      5D0BA9DD 
 154      BF14ED38 
 154      D6EE425E 
 154      BB5ED5
 155 0522 9D7B2252 		.ascii	"\235{\"R\354\242\334\353cB\221&\262\037\376\213\031"
 155      ECA2DCEB 
 155      63429126 
 155      B21FFE8B 
 155      19
 156 0533 D3134FFB 		.ascii	"\323\023O\373\305\214\342\343\335{\016\352\334,v\025"
 156      C58CE2E3 
 156      DD7B0EEA 
 156      DC2C7615 
 157 0543 FF4E1547 		.ascii	"\377N\025G@\026\207\317\352\315\361\376\345\342KUy\034"
 157      401687CF 
 157      EACDF1FE 
 157      E5E24B55 
 157      791C
 158 0555 F31FAEC8 		.ascii	"\363\037\256\310@E\2173\335\253fD\374\352\024\342\336"
 158      40458F33 
 158      DDAB6644 
 158      FCEA14E2 
 158      DE
 159 0566 A4A29D42 		.ascii	"\244\242\235B\367\252y\202A0/\311\203(\311\211\360\207"
 159      F7AA7982 
 159      41302FC9 
 159      8328C989 
 159      F087
 160 0578 23983443 		.ascii	"#\2304C\337RFT\260\2760M\321\326Q\246o)\271\001\341"
 160      DF524654 
 160      B0BE304D 
 160      D1D651A6 
 160      6F29B901 
 161 058d CEC19790 		.ascii	"\316\301\227\220F\330\013\314Vv\221\237]\271b\365\312"
 161      46D80BCC 
 161      5676919F 
 161      5DB962F5 
 161      CA
 162 059e 75EB5F5B 		.ascii	"u\353_[\277j\323[k\327\327\256^\203\237k7.[RS\273\261"
 162      BF6AD35B 
 162      6BD7D7AE 
 162      5E839F6B 
 162      372E5B52 
 163 05b5 66DDAB1B 		.ascii	"f\335\253\033j\336\250}s\323\306\232U/\277\270\354)"
 163      6ADEA87D 
 163      73D3C69A 
 163      552FBFB8 
 163      EC29
 164 05c7 812F2CDF 		.ascii	"\201/,\337\274\031#\257l\330\260\266z\015\371\027\337"
 164      BC1923AF 
 164      6CD8B0B6 
 164      7A0DF917 
 164      DF
 165 05d8 4F2283   		.ascii	"O\"\203"
 166              		.text
ARM GAS  C:\Users\PETERL~1\AppData\Local\Temp\ccLcdd7a.s 			page 13


 167              		.section	.gnu.lto_.symbol_nodes.bbabd77a,"",%progbits
 168 0000 789C6366 		.ascii	"x\234cf``\320a\200\002\2466\246z\006\206\011\347\030"
 168      6060D061 
 168      8002A636 
 168      A67A0686 
 168      09E718
 169 0013 18EAEB19 		.ascii	"\030\352\353\031\346-\340``jg\252gD\026`mabX\010R\004"
 169      E62DE060 
 169      606A67AA 
 169      67441660 
 169      6D616258 
 170 002a 0007C60B 		.ascii	"\000\007\306\0135"
 170      35
 171              		.text
 172              		.section	.gnu.lto_.refs.bbabd77a,"",%progbits
 173 0000 789C6366 		.ascii	"x\234cf```d\200\002\000\000=\000\005"
 173      60606064 
 173      80020000 
 173      3D0005
 174              		.text
 175              		.section	.gnu.lto_.decls.bbabd77a,"",%progbits
 176 0000 789CCD57 		.ascii	"x\234\315W}PSW\026\177\367\335$\204\020\300\221\255"
 176      7D505357 
 176      167FF7DD 
 176      248410C0 
 176      91AD
 177 0012 ED309D29 		.ascii	"\3550\235)\2453\214\333m\005\301nw\235\331Ym\374\234"
 177      A5338CDB 
 177      6D05C16E 
 177      779DD959 
 177      6DFC9C
 178 0025 DA3693B8 		.ascii	"\3326\223\270\333\335)3,\222\2702\005bM\230\301\377"
 178      DBDD2933 
 178      2C92B832 
 178      05624D98 
 178      C1FF
 179 0037 1EA0028A 		.ascii	"\036\240\002\212\010\370\005~\246\002\202|*Q\273\025"
 179      08F8057E 
 179      A602827C 
 179      2A51BB15 
 180 0047 0A942E18 		.ascii	"\012\224.\030E\261E\213\337\200X\205\"(*\012\010%{\356"
 180      45B1458B 
 180      DF805885 
 180      22282A0A 
 180      08257BEE 
 181 005b BD495E78 		.ascii	"\275I^x\244\335\335\231\375c\337\314y\367\234{~\367"
 181      A4DDDD99 
 181      FD63DFCC 
 181      79F79C7B 
 181      7EF7
 182 006d DC73CE3D 		.ascii	"\334s\316=\367\276\3730\307q2\304q\016x\206gq\3348\317"
 182      F7BEFB30 
 182      C77132C4 
 182      710E7886 
 182      6771DC38 
 183 0082 7118FAB4 		.ascii	"q\030\372\264\234\370@\027W\011T\015\004P\356\0147\375"
 183      9CF84017 
ARM GAS  C:\Users\PETERL~1\AppData\Local\Temp\ccLcdd7a.s 			page 14


 183      5709540D 
 183      0450EE0C 
 183      37FD
 184 0094 213A1FE7 		.ascii	"!:\037\347\230\327\201f\003h\026P\003\360\301\320\276"
 184      98D78166 
 184      03681650 
 184      03F0C1D0 
 184      BE
 185 00a5 02A4045E 		.ascii	"\002\244\004^\005\255\032h\030\370)\240\011\240_\201"
 185      05AD1A68 
 185      18F829A0 
 185      09A05F81 
 186 00b5 3C0AED4B 		.ascii	"<\012\355KH\234\347U\304\315x\310\334\276\377f\216\371"
 186      489CE755 
 186      C4CD78C8 
 186      DCBEFF66 
 186      8EF9
 187 00c7 40E1402A 		.ascii	"@\341@*\017\333\217\211o\320>\203\366\205s\2367\021"
 187      0FDB8F89 
 187      6FD03E83 
 187      F685739E 
 187      3711
 188 00d9 0BC4E18C 		.ascii	"\013\304\341\214\247z\346t\334c\036}Y=r\321\257\237"
 188      A77AE674 
 188      DC631E7D 
 188      593D72D1 
 188      AF9F
 189 00eb 4701AA10 		.ascii	"G\001\252\020\"\236\311\267\027(@T\253dD\254\233\350"
 189      229EC9B7 
 189      17284054 
 189      AB6444AC 
 189      9BE8
 190 00fd BD227B79 		.ascii	"\275\"{y\267\000On\2720K\206\264sP)\012Fe(\030\254\036"
 190      B7004F6E 
 190      BA304B86 
 190      B4735029 
 190      0A466528 
 191 0114 432FC3FB 		.ascii	"C/\303\373\023\031\263\264#w\350\013\204yD\370\242\202"
 191      1319B3B4 
 191      2377E80B 
 191      847944F8 
 191      A282
 192 0126 3B57546F 		.ascii	";WTo\225\303\260L\241i\014\211\323]-\311NU\207\034\022"
 192      95C3B04C 
 192      A1690C89 
 192      D35D2DC9 
 192      4E55871C 
 193 013b ACC787AB 		.ascii	"\254\307\207\253\257d\340B\301\232&L9\034\210\032C\345"
 193      AF64E042 
 193      C19A264C 
 193      391C881A 
 193      43E5
 194 014d 08A30AF4 		.ascii	"\010\243\012\364\026\301\022\236\016B\225(\004\006\226"
 194      16C1129E 
 194      0E429528 
 194      040696
 195 015c 967656C9 		.ascii	"\226vV\311\361\307\324\372\223\246\356\033\230\032\261"
ARM GAS  C:\Users\PETERL~1\AppData\Local\Temp\ccLcdd7a.s 			page 15


 195      F1C7D4FA 
 195      93A6EE1B 
 195      981AB1
 196 016b 969728EC 		.ascii	"\226\227(\354B\223\303\361G:\276\312c|\225k|5\035\337"
 196      4293C3F1 
 196      473ABECA 
 196      637C956B 
 196      7C351DDF 
 197 017f D830D6AA 		.ascii	"\3300\326\252\302\353\350\370\354\314\236s*\374\031"
 197      C2EBE8F8 
 197      ECCC9E73 
 197      2AFC19
 198 018e E5538FD6 		.ascii	"\345S\217\326e\373@\300\257\253\250\177\335\373\307"
 198      65FB40C0 
 198      AFABA87F 
 198      DDFBC7
 199 019d 8B7DA948 		.ascii	"\213}\251Hj%\020\272x\373}\241(\000\205\251\212!\232"
 199      6A2510BA 
 199      78FB7DA1 
 199      280085A9 
 199      8A219A
 200 01b0 E1C9A2DE 		.ascii	"\341\311\242\336\025\351\302\"t\022\251\320q\367lt4"
 200      15E9C222 
 200      7412A9D0 
 200      71F76C74 
 200      34
 201 01c1 79320521 		.ascii	"y2\005!\215d\312\327\036\300\271\023\205l(\014\020\024"
 201      8D64CAD7 
 201      1EC0B913 
 201      856C280C 
 201      1014
 202 01d3 8B4E4067 		.ascii	"\213N@g-t\202\341\226\311\206Mr\244\012\363>\350\264"
 202      2D7482E1 
 202      96C9864D 
 202      72A40AF3 
 202      3EE8B4
 203 01e6 9741D485 		.ascii	"\227A\324\205\266\214\3749\202 C\247\300\205\032\321"
 203      B68CFC39 
 203      822043A7 
 203      C0851AD1 
 204 01f6 05F0C89D 		.ascii	"\005\360\310\235\345{\203\025\035*\334\310\326\242u"
 204      E57B8315 
 204      1D2ADCC8 
 204      D6A275
 205 0205 A42E4BF1 		.ascii	"\244.K\361\332%\376\240\240dKpd\344\254\034B\204\361"
 205      DA25FEA0 
 205      A0644B70 
 205      64E4AC1C 
 205      4284F1
 206 0218 C2C8762D 		.ascii	"\302\310v-M\350\263\262\014\325\033\237\013\326#\303"
 206      4DE8B3B2 
 206      0CD51B9F 
 206      0BD623C3 
 207 0228 D587E2E9 		.ascii	"\325\207\342\351\242\010$\247t\216/\330\034\036\353"
 207      A20824A7 
 207      748E2FD8 
 207      1C1EEB
ARM GAS  C:\Users\PETERL~1\AppData\Local\Temp\ccLcdd7a.s 			page 16


 208 0237 4E7AFE81 		.ascii	"Nz\376\201^\343\320\227\304\3213\350\0150\321\333\327"
 208      5EE3D097 
 208      C4D133E8 
 208      0D30D1DB 
 208      D7
 209 0248 97A6A675 		.ascii	"\227\246\246u\324\244$&O6\332\236\250i!eR/\366\265_"
 209      D4A42426 
 209      4F36DA9E 
 209      A8692165 
 209      522FF6B5 
 210 025d CD92E37B 		.ascii	"\315\222\343{\314\245\241\346\342\024\025\204\235\376"
 210      CCA5A1E6 
 210      E2141584 
 210      9DFE
 211 026b 9F850D23 		.ascii	"\237\205\015#\322\276\035\274\033\210\037\263\341\327"
 211      D2BE1DBC 
 211      1B881FB3 
 211      E1D7
 212 0279 BA7A9AFC 		.ascii	"\272z\232\374\360\010\023\204\035}\2330\236dB\361\356"
 212      F0081384 
 212      1D7D9B30 
 212      9E6442F1 
 212      EE
 213 028a 3D95723A 		.ascii	"=\225r:+u\"+?\275O\211S1\325\325\324N\034\366\305\233"
 213      2B75222B 
 213      3FBD4F89 
 213      5331D5D5 
 213      D44E1CF6 
 214 02a0 99D0D63B 		.ascii	"\231\320\326;\366\224\2717\213\210\007[[:\0248\207\351"
 214      F694B937 
 214      8B88075B 
 214      5B3A1438 
 214      87E9
 215 02b2 1E779EFE 		.ascii	"\036w\236\376\015\336\313\370\302\321\013\255\201\024"
 215      0DDECBF8 
 215      C2D10BAD 
 215      8114
 216 02c0 F70AB57F 		.ascii	"\367\012\265\177m\307\001\214\255L7\336\336w\012\343"
 216      6DC7018C 
 216      AD4C37DE 
 216      DE770AE3 
 217 02d0 7226B8F6 		.ascii	"r&\270\366\221\232\355\243\313e\271\231Jlc\272\332\242"
 217      919AEDA3 
 217      CB65B999 
 217      4A6C63BA 
 217      DAA2
 218 02e2 92D3BE34 		.ascii	"\222\323\27647\213\210\270u\333\011\207\017\011_p\206"
 218      378B88B8 
 218      75DB0987 
 218      0F095F70 
 218      86
 219 02f3 0F833CB2 		.ascii	"\017\203<\262\333N\026\022\315\015F\277\246\221\247"
 219      DB4E1612 
 219      CD0D46BF 
 219      A691A7
 220 0302 1E2CE9C1 		.ascii	"\036,\351\301\263s)\332*\204X\350\232\\\004t3E_B\263"
 220      B37329DA 
ARM GAS  C:\Users\PETERL~1\AppData\Local\Temp\ccLcdd7a.s 			page 17


 220      2A8458E8 
 220      9A5C0474 
 220      33455F42 
 221 0317 5D6308BA 		.ascii	"]c\010\272](\310\015\300\365l\336\262\336\366|\177\352"
 221      5D28C80D 
 221      C0F56CDE 
 221      B2DEF67C 
 221      7FEA
 222 0329 D35C2296 		.ascii	"\323\\\"\226wM\244\313q+\323u\217v7\373P]\004\021\317"
 222      774DA4CB 
 222      712BD375 
 222      8F7637FB 
 222      505D0411 
 223 033e 96D41C56 		.ascii	"\226\324\034V\340v\246;\373\340\371\000\302\235LHm\252"
 223      E076A63B 
 223      FBE0F900 
 223      C29D4C48 
 223      6DAA
 224 0350 BACC80BF 		.ascii	"\272\314\200\277#\342\375\252\326\242\000\334\305t\327"
 224      23E2FDAA 
 224      D6A200DC 
 224      C574D7
 225 035f 4B33762A 		.ascii	"K3v*q\377\364(\325,\312\226\253[~T\340a\246s\234.8\347"
 225      71FFF428 
 225      D52CCA96 
 225      AB5B7E54 
 225      E061A673 
 226 0377 8FC79CA9 		.ascii	"\217\307\234\251:\221;\036@\201+he\330\323Z\3448MFu"
 226      3A913B1E 
 226      40812B68 
 226      65D8D35A 
 226      E4384D46 
 227 038c 7D0D8302 		.ascii	"}\015\203\002Ou\2640\267\377`-R\342l\246+\034\272\277"
 227      4F75B430 
 227      B7FF602D 
 227      52E26CA6 
 227      2B1CBABF 
 228 03a0 4381F730 		.ascii	"C\201\3670!\263~\327Q6\333_\21081u\354\221?\2662]E\251"
 228      21B37ED7 
 228      5136DB5F 
 228      88383175 
 228      EC913FB6 
 229 03b8 30079733 		.ascii	"0\007\2273\376xcE\026\303\375\215\256myWY >\311t\235"
 229      FE786345 
 229      16C3FD8D 
 229      AE6D7957 
 229      59203EC9 
 230 03ce 2D376EF9 		.ascii	"-7n\371\343\006&\354\317\355(d\025\261\216\210y%\273"
 230      E30626EC 
 230      CFED2864 
 230      15B18E88 
 230      7925BB
 231 03e1 B6F0D8CE 		.ascii	"\266\360\330\316t\207sj\307\331\251\270\236\210\215"
 231      7487736A 
 231      C7D9A9B8 
 231      9E888D
 232 03f0 ADED477C 		.ascii	"\255\355G|\361E\246{\221mk\345\361wL8\361}\377U\025"
ARM GAS  C:\Users\PETERL~1\AppData\Local\Temp\ccLcdd7a.s 			page 18


 232      F145A67B 
 232      916D6BE5 
 232      F1774C38 
 232      F17DFF55 
 233 0405 05A610D1 		.ascii	"\005\246\020\321z\271\361\230\032\337d\272\335\365\007"
 233      7AB9F198 
 233      1ADF64BA 
 233      DDF507
 234 0414 F2992702 		.ascii	"\362\231'\002\225\007lSw\345\370\016U\206\264\216l\253"
 234      95076C53 
 234      77E5F80E 
 234      5586B48E 
 234      6CAB
 235 0426 F341A1CE 		.ascii	"\363A\241\316'(\324\353\023f\0256\245\017\337\262\025"
 235      2728D4EB 
 235      13661536 
 235      A50FDFB2 
 235      15
 236 0437 7F9457B2 		.ascii	"\177\224W\262E\260G\240\006(\205\363\260\031\307P\220"
 236      45B047A0 
 236      062885F3 
 236      B019C750 
 236      90
 237 0448 B883DA68 		.ascii	"\270\203\332h]\274\011/\216\340\255\327m\206\246M\230"
 237      5DBC092F 
 237      8EE0ADD7 
 237      6D86A64D 
 237      98
 238 0459 621BA5D8 		.ascii	"b\033\245\330\271\323\241\333O\271\241CR\350C\211\331"
 238      B9D3A1DB 
 238      4FB9A143 
 238      52E84389 
 238      D9
 239 046a 09D1EC6D 		.ascii	"\011\321\354m)\266\313\023+\010\326\254S2\202\205ZE"
 239      29B6CB13 
 239      2B08D6AC 
 239      53328285 
 239      5A45
 240 047c F79D5857 		.ascii	"\367\235XW\005\243>\211\335m\242\017\003R\273?Rl)r\033"
 240      05A33E89 
 240      DD6DA20F 
 240      0352BB3F 
 240      526C2972 
 241 0491 CE160D3F 		.ascii	"\316\026\015?\220\032\036\224\030\336*\032\356\367n"
 241      901A1E94 
 241      18DE2A1A 
 241      EEF76E
 242 04a0 9862F3E8 		.ascii	"\230b\363\350N\023\204E\026\016\325\201\276\236\252"
 242      4E138445 
 242      160ED581 
 242      BE9EAA
 243 04af 089A1C82 		.ascii	"\010\232\034\202;\3700\364\030\205\242\027@\031|(\332"
 243      3BF830F4 
 243      1885A217 
 243      40197C28 
 243      DA
 244 04c0 0EB41528 		.ascii	"\016\264\025(\033h\033\320&\240a\320M\001\245\001\237"
ARM GAS  C:\Users\PETERL~1\AppData\Local\Temp\ccLcdd7a.s 			page 19


 244      1B681BD0 
 244      26A061D0 
 244      4D01A501 
 244      9F
 245 04d1 0E940394 		.ascii	"\016\224\003\224\005\224\0114\001\375\002\264\233\201"
 245      05940934 
 245      01FD02B4 
 245      9B81
 246 04df 9E02BF05 		.ascii	"\236\002\277\005\332qh\177\002J\005\336\001\355\010"
 246      DA71687F 
 246      024A05DE 
 246      01ED08
 247 04ee D028D033 		.ascii	"\320(\3203\240\347@O\200&Q(=\334i$?\211\251\357\221"
 247      A0E7404F 
 247      80265128 
 247      3DDC6924 
 247      3F89A9EF 
 248 0503 46724712 		.ascii	"FrG\022\365\015\021\333\344u\365]\331\004\354\230\210"
 248      F50D11DB 
 248      E475F55D 
 248      D904EC98 
 248      88
 249 0514 BD26C55E 		.ascii	"\275&\305^\227\330\315\021\263\371\310{\251\270\227"
 249      97D8CD11 
 249      B3F9C87B 
 249      A9B897
 250 0523 29CD3AC5 		.ascii	")\315:\305\014\223\223\253\327\273\303\036^\014\210"
 250      0C9393AB 
 250      D7BBC31E 
 250      5E0C88
 251 0532 5E5CF05E 		.ascii	"^\\\360^\333\036\340L\321\215{R\360\017R\360\270h\371"
 251      DB1EE04C 
 251      D18D7B52 
 251      F00F52F0 
 251      B868F9
 252 0545 86F7F83C 		.ascii	"\206\367\370<\300\016\021|\327\273e\261\276\037\330"
 252      C00E117C 
 252      D7BB65B1 
 252      BE1FD8
 253 0554 DC65F8AD 		.ascii	"\334e\370\255\264\014\277\223$nP\264\333!\265{y\232"
 253      B40CBF93 
 253      246E50B4 
 253      DB21B57B 
 253      799A
 254 0566 DD346BBF 		.ascii	"\3354k\277\230\267sR\254]\272\027^\210N\334\224:qK\342"
 254      98B77352 
 254      AC5DBA17 
 254      5E884EDC 
 254      943A714B 
 255 057b C4A4E844 		.ascii	"\304\244\350D\267\367\315\353\221\211\233\"\370k)\270"
 255      B7F7CDEB 
 255      91899B22 
 255      F86B29B8 
 256 058b 59E2F123 		.ascii	"Y\342\361#\321\343\253Rl\247\324\360C\321\360\367\336"
 256      D1E3AB52 
 256      6CA7D4F0 
 256      43D1F0F7 
ARM GAS  C:\Users\PETERL~1\AppData\Local\Temp\ccLcdd7a.s 			page 20


 256      DE
 257 059c C1A2C7B7 		.ascii	"\301\242\307\267E\354?\245\330\026\011\266[\304\236"
 257      45EC3FA5 
 257      D81609B6 
 257      5BC49E
 258 05ab F59E3611 		.ascii	"\365\2366\021\333%b[\275\333\365p\370\226\010\376\306"
 258      DB25625B 
 258      BDDBF570 
 258      F89608FE 
 258      C6
 259 05bc 7B263CC0 		.ascii	"{&<\300C\"\370\212\367\205f`r\251\353\271d3\220;\035"
 259      4322F88A 
 259      F7856660 
 259      72A9EBB9 
 259      6433903B 
 260 05d1 8038D70D 		.ascii	"\2008\327\015\326u\233\343od\264\225\253PP\230\267\223"
 260      D6759BE3 
 260      6F64B495 
 260      AB505098 
 260      B793
 261 05e3 09E5C181 		.ascii	"\011\345\301\201\364\377r8\321H\012N\251\005\204r\371"
 261      F4FF7238 
 261      D1480A4E 
 261      A9058472 
 261      F9
 262 05f4 20F49578 		.ascii	" \364\225x9%q\271.\247\235\017\307\352\345\352\255\342"
 262      392571B9 
 262      2EA79D0F 
 262      C7EAE5EA 
 262      ADE2
 263 0606 A59782C5 		.ascii	"\245\227\202\305\373O>\257\246\367vh\001=\370M\3418"
 263      FB4F3EAF 
 263      A6F77668 
 263      013DF84D 
 263      E138
 264 0618 C6C572F2 		.ascii	"\306\305r\362\225\2249&S;\374\340+\031D\277\204=\215"
 264      95943926 
 264      533BFCE0 
 264      2B1944BF 
 264      843D8D
 265 062b B6620497 		.ascii	"\266b\004\227\325f\344\376\270\355\341\177\376\343f"
 265      D566E4FE 
 265      B8EDE17F 
 265      FEE366
 266 063a B74DFBB0 		.ascii	"\267M\373\260\314\204\262\345\310s\336\264H\226\305"
 266      CC84B2E5 
 266      C873DEB4 
 266      4896C5
 267 0649 6B164193 		.ascii	"k\026A\223\024\357\205\024\357\202T\354\346=B\376\212"
 267      14EF8514 
 267      EF8254EC 
 267      E63D42FE 
 267      8A
 268 065a 2D1E6066 		.ascii	"-\036`f.\336\375}\3439\342\342M7\213\012\301\332/Z>"
 268      2EDEFD7D 
 268      E339E2E2 
 268      4D378B0A 
ARM GAS  C:\Users\PETERL~1\AppData\Local\Temp\ccLcdd7a.s 			page 21


 268      C1DA2F5A 
 269 066f 6723C92C 		.ascii	"g#\311,\000\310N\336\235L2\217+\231w\277\356\250TLK"
 269      00C84EDE 
 269      9D4C328F 
 269      2B9977BF 
 269      EEA8544C 
 270 0684 66C1B464 		.ascii	"f\301\264d\356s&s\037M\346\341\332\363\017d\370\270"
 270      EE732673 
 270      1F4DE6E1 
 270      DAF30F64 
 270      F8B8
 271 0696 9C5DECA6 		.ascii	"\234]\354\246\366\246\373\303_T\023\374\212\335Jv\377"
 271      F6A6FBC3 
 271      5F5413FC 
 271      8ADD4A76 
 271      FF
 272 06a7 89F1F44F 		.ascii	"\211\361\364Oj?/\376I\001\317\376\244\016\360\344O\252"
 272      6A3F2FFE 
 272      4901CFFE 
 272      A40EF0E4 
 272      4FAA
 273 06b9 6EEC7469 		.ascii	"n\354ti\000\275\315\366\260{_}\3773vE~\225\336\324\233"
 273      00BDCDF6 
 273      B07B5F7D 
 273      FF337645 
 273      7E95DED4 
 274 06ce 363FE771 		.ascii	"6?\347q\033\233\243?\247 \335\037_gB\263}g\215\037\276"
 274      1B9BA33F 
 274      A720DD1F 
 274      5F6742B3 
 274      7D678D1F 
 275 06e3 CD84EBE7 		.ascii	"\315\204\353\347\007J\025\270\227\011Gw\215f\005\342"
 275      074A15B8 
 275      97094777 
 275      8D6605E2 
 276 06f3 01268C4E 		.ascii	"\001&\214N\014-\304C\214\337s\2417\317\007?\245\202"
 276      0C2DC443 
 276      8CDF73A1 
 276      37CF073F 
 276      A582
 277 0705 EFE61715 		.ascii	"\357\346\027\025y\376\316;RPX\250\36324\362\207c\265"
 277      79FECE3B 
 277      525058A8 
 277      F33234F2 
 277      8763B5
 278 0718 826B613F 		.ascii	"\202ka?\007\267+\177fai\0214\326(\234\367\246\")t\306"
 278      07B72B7F 
 278      66616911 
 278      34D6289C 
 278      F7A62229 
 279 072e 063EE7C6 		.ascii	"\006>\347\306\026K\2613N\206\0067\366\210w\273b\035"
 279      164BB133 
 279      4E860637 
 279      F68877BB 
 279      621D
 280 0740 D6BBA156 		.ascii	"\326\273\241V\257\336\212\310\363nd\211\024\351q\214"
 280      AFDE8AC8 
ARM GAS  C:\Users\PETERL~1\AppData\Local\Temp\ccLcdd7a.s 			page 22


 280      F36E6489 
 280      14E9718C 
 281 0750 791E0B07 		.ascii	"y\036\013\007\371`t\210'\252JgYUAY\225CY\035\005:\006"
 281      F9607488 
 281      27AA4A67 
 281      59554159 
 281      9543591D 
 282 0767 540A540D 		.ascii	"T\012T\015T\006T\341Yjgj\024Pj\2253j\230\3564{\315y"
 282      540654E1 
 282      596A676A 
 282      14506A95 
 282      336A98EE 
 283 077f B5EBC249 		.ascii	"\265\353\302I\366\231\227dP_\240\340\267W\026\216*%"
 283      F6999764 
 283      505FA0E0 
 283      B757168E 
 283      2A25
 284 0791 A795CB2D 		.ascii	"\247\225\313-t\034\274\371\257=k3)Q\015\014:,n\201J"
 284      741CBCF9 
 284      AF3D6B33 
 284      29510D0C 
 284      3A2C6E81 
 285 07a6 8F2D50F4 		.ascii	"\217-P\364\360\341\031\277i[\240f\332\0268\341\334\002"
 285      F0E119BF 
 285      695BA066 
 285      DA1638E1 
 285      DC02
 286 07b8 A455AF8B 		.ascii	"\244U\257\213M\210IH0\304\304'\305[\024\313?\374S\210"
 286      4D884948 
 286      30C4C427 
 286      C55B14CB 
 286      3FFC5388 
 287 07cc 865BA459 		.ascii	"\206[\244Y"
 288 07d0 18AD5917 		.ascii	"\030\255Y\027\277&^oI6\304\233\242\343\010o2GE\204\233"
 288      BF265E6F 
 288      4936C49B 
 288      A2E3086F 
 288      32474584 
 289 07e5 CCE1800F 		.ascii	"\314\341\200\017_o\332`1\207\353W\177\020\025\311\336"
 289      5F6FDA60 
 289      3187EB57 
 289      7F1015C9 
 289      DE
 290 07f6 CB16A4A4 		.ascii	"\313\026\244\244\204;-\315\213\343f\231-\211Q\2211q"
 290      843B2DCD 
 290      8BE36699 
 290      2D895191 
 290      3171
 291 0808 09A6B84F 		.ascii	"\011\246\270O\251aer|\222\005z,\252\230\030\027\273"
 291      A9616572 
 291      7C92057A 
 291      2CAA9818 
 291      17BB
 292 081a 366E21B3 		.ascii	"6n!\263lf\263XL\246\004s\364\337\223\222C(\027\022\273"
 292      6C66B358 
 292      4CA60473 
 292      F4DF9392 
ARM GAS  C:\Users\PETERL~1\AppData\Local\Temp\ccLcdd7a.s 			page 23


 292      43281712 
 293 082f 2131C498 		.ascii	"!1\304\230\270\306h0\030\015\321\013\346\375>$2b\376"
 293      B8C66830 
 293      180DD10B 
 293      E6FD3E24 
 293      3262FE
 294 0842 3B9F4545 		.ascii	";\237EEC\377\333I\246$\343\333\306\3305\361\321\361"
 294      43FFDB49 
 294      A624E3DB 
 294      C6D835F1 
 294      D1F1
 295 0854 497109C9 		.ascii	"Iq\011\311\006ctb,\330J2F\307\030\214kc\223\023,1\226"
 295      06637462 
 295      2CD84A32 
 295      46C7188C 
 295      6B639313 
 296 086b 8DEB8DE6 		.ascii	"\215\353\215\346y\353\270O\376\247\323\2307\232\243"
 296      79EBB84F 
 296      FEA7D398 
 296      379AA3
 297 087a 63CC1603 		.ascii	"c\314\026\003\304\000\266\003\365\033\315\026c\242\306"
 297      C400B603 
 297      F51BCD16 
 297      63A2C6
 298 0889 B4C1A821 		.ascii	"\264\301\250!\261\2764\317\020k\211\235'\351\365\323"
 298      B1BE34CF 
 298      106B899D 
 298      27E9F5D3 
 299 0899 693431AB 		.ascii	"i41\253\301\235%\306\265\274F\347\243]\265J\263l\271"
 299      C19D25C6 
 299      B5BC46E7 
 299      A35DB54A 
 299      B36CB9
 300 08ac 4E465E58 		.ascii	"NF^X\263R\247\\\274\342\275\371:\375j\312D\272\230("
 300      B352A75C 
 300      BCE2BDF9 
 300      3AFD6ACA 
 300      44BA9828 
 301 08c0 C2F8EA96 		.ascii	"\302\370\352\226\352\227\352\376\274tI\204r\261\326"
 301      EA97EAFE 
 301      BC744984 
 301      72B1D6
 302 08cf 05D23290 		.ascii	"\005\3222\220[7\337\207\030X\372\241\216\264\221\316"
 302      5B37DF87 
 302      1858FAA1 
 302      8EB491CE 
 303 08df 360A5A37 		.ascii	"6\012Z7\"\322\207\214\246\032-E\2705Q\276d\354*-\351"
 303      22D2878C 
 303      A61A2D45 
 303      B83551BE 
 303      64EC2A2D 
 304 08f4 23A3DD5C 		.ascii	"#\243\335\\\024\343\\\270\005\276\304\202S\253u\341"
 304      14E35CB8 
 304      05BEC482 
 304      53AB75E1 
 305 0904 5CDA7764 		.ascii	"\\\332wd\357-\321@,z\261\353\267r\275^\263\\\247\202"
 305      EF2DD140 
ARM GAS  C:\Users\PETERL~1\AppData\Local\Temp\ccLcdd7a.s 			page 24


 305      2C7AB1EB 
 305      B772BD5E 
 305      B35CA782 
 306 0918 605746EA 		.ascii	"`WF\352I\250\357\376RU\031S,\341\232\017\364+\365PO"
 306      49A8EFFE 
 306      52551953 
 306      2CE19A0F 
 306      F42BF550 
 307 092d E1B47AD6 		.ascii	"\341\264z\326.\210x7%\005\222\354\247\375X\347J_\260"
 307      2E887837 
 307      250592EC 
 307      A7FD58E7 
 307      4A5FB0
 308 0940 AB5AD7C4 		.ascii	"\253Z\327\304\306}\232\274>\306`J\214\215O\242%\346"
 308      C67D9ABC 
 308      3EC6604A 
 308      8C8D4FA2 
 308      25E6
 309 0952 BF6CD562 		.ascii	"\277l\325b\375\012\027\020/\326\350d\357/\375\253\316"
 309      FD0A1710 
 309      2FD6E864 
 309      EF2FFDAB 
 309      CE
 310 0963 E723ED6A 		.ascii	"\347#\355j\322\362z\235\034X\215NA\337\363\377\005:"
 310      D2F27A9D 
 310      1C588D4E 
 310      41DFF3FF 
 310      053A
 311 0975 D2D38F   		.ascii	"\322\323\217"
 312              		.text
 313              		.section	.gnu.lto_.symtab.bbabd77a,"",%progbits
 314 0000 68616C5F 		.ascii	"hal_lld_init\000\000\000\000\000\000\000\000\000\000"
 314      6C6C645F 
 314      696E6974 
 314      00000000 
 314      00000000 
 315 0016 0000AC00 		.ascii	"\000\000\254\000\000\000stm32_clock_init\000\000\000"
 315      00007374 
 315      6D33325F 
 315      636C6F63 
 315      6B5F696E 
 316 002f 00000000 		.ascii	"\000\000\000\000\000\000\000\000\000\256\000\000\000"
 316      00000000 
 316      00AE0000 
 316      00
 317 003c 53797374 		.ascii	"SystemCoreClock\000\000\000\000\000\000\000\000\000"
 317      656D436F 
 317      7265436C 
 317      6F636B00 
 317      00000000 
 318 0054 000000BA 		.ascii	"\000\000\000\272\000\000\000"
 318      000000
 319              		.text
 320              		.section	.gnu.lto_.opts,"",%progbits
 321 0000 272D666E 		.ascii	"'-fno-trapv' '-mcpu=cortex-m4' '-mno-thumb-interwor"
 321      6F2D7472 
 321      61707627 
ARM GAS  C:\Users\PETERL~1\AppData\Local\Temp\ccLcdd7a.s 			page 25


 321      20272D6D 
 321      6370753D 
 322 0033 6B272027 		.ascii	"k' '-mthumb' '-ggdb' '-O2' '-fomit-frame-pointer' '"
 322      2D6D7468 
 322      756D6227 
 322      20272D67 
 322      67646227 
 323 0066 2D66616C 		.ascii	"-falign-functions=16' '-ffunction-sections' '-fdata"
 323      69676E2D 
 323      66756E63 
 323      74696F6E 
 323      733D3136 
 324 0099 2D736563 		.ascii	"-sections' '-fno-common' '-flto'\000"
 324      74696F6E 
 324      73272027 
 324      2D666E6F 
 324      2D636F6D 
 325              		.text
 326              		.comm	__gnu_lto_v1,1,1
 327              		.comm	__gnu_lto_slim,1,1
 328              		.ident	"GCC: (GNU Tools for ARM Embedded Processors) 4.9.3 20150529 (release) [ARM/embedded-4_9-br
ARM GAS  C:\Users\PETERL~1\AppData\Local\Temp\ccLcdd7a.s 			page 26


DEFINED SYMBOLS
                            *ABS*:00000000 hal_lld.c
                            *COM*:00000001 __gnu_lto_v1
                            *COM*:00000001 __gnu_lto_slim

NO UNDEFINED SYMBOLS
