ARM GAS  C:\Users\PETERL~1\AppData\Local\Temp\ccZhcEtx.s 			page 1


   1              		.syntax unified
   2              		.cpu cortex-m4
   3              		.fpu softvfp
   4              		.eabi_attribute 20, 1
   5              		.eabi_attribute 21, 1
   6              		.eabi_attribute 23, 3
   7              		.eabi_attribute 24, 1
   8              		.eabi_attribute 25, 1
   9              		.eabi_attribute 26, 1
  10              		.eabi_attribute 30, 2
  11              		.eabi_attribute 34, 1
  12              		.eabi_attribute 18, 4
  13              		.thumb
  14              		.file	"main.c"
  15              		.text
  16              	.Ltext0:
  17              		.section	.gnu.lto_.profile.bbabde58,"",%progbits
  18 0000 789C6366 		.ascii	"x\234cf```a\200\000F\006\035\016\000\000\324\000="
  18      60606061 
  18      80004606 
  18      1D0E0000 
  18      D4003D
  19              		.text
  20              		.section	.gnu.lto_.jmpfuncs.bbabde58,"",%progbits
  21 0000 789C6366 		.ascii	"x\234cf\300\016T\2414#\0103}db<x\377\356^\276\027L?"
  21      C00E54A1 
  21      34230833 
  21      7D64623C 
  21      78FFEE5E 
  22 0018 99185EB0 		.ascii	"\231\030^\26030.g\224\002\012\203) \000\000\306\216"
  22      33302E67 
  22      94020A83 
  22      29200000 
  22      C68E
  23 002a 08C6     		.ascii	"\010\306"
  24              		.text
  25              		.section	.gnu.lto_.inline.bbabde58,"",%progbits
  26 0000 789C6366 		.ascii	"x\234cf\300\016t\2404#\003\003\327\027!F\006&\226\206"
  26      C00E74A0 
  26      34230303 
  26      D7172146 
  26      06269686 
  27 0014 AD120C2C 		.ascii	"\255\022\014,\014L A&nF\240\004\204d\344\002\251\002"
  27      0C4C2041 
  27      266E46A0 
  27      048464E4 
  27      02A902
  28 0027 110C0064 		.ascii	"\021\014\000d\240\002\317"
  28      A002CF
  29              		.text
  30              		.section	.gnu.lto_.pureconst.bbabde58,"",%progbits
  31 0000 789C6366 		.ascii	"x\234cf```f\200\000F\006S\000\000\225\000="
  31      60606066 
  31      80004606 
  31      53000095 
  31      003D
  32              		.text
ARM GAS  C:\Users\PETERL~1\AppData\Local\Temp\ccZhcEtx.s 			page 2


  33              		.section	.gnu.lto_main.bbabde58,"",%progbits
  34 0000 789C8D92 		.ascii	"x\234\215\222\317J\033Q\024\306\317wf2I\032#\3422+w"
  34      CF4A1B51 
  34      14C6CF77 
  34      6632491A 
  34      23E2322B 
  35 0015 2E6CDCB9 		.ascii	".l\334\271\257o\340+\210\253.\352\033\210W\234\205\013"
  35      AF6FE02B 
  35      88AB2EEA 
  35      1B88579C 
  35      850B
  36 0027 95285D08 		.ascii	"\225(]\010b7\022\243\265\216Z\377& DAT\260\325\322\205"
  36      623712A3 
  36      B58E5AFF 
  36      26204441 
  36      54B0D5D2 
  37 003c 526C0312 		.ascii	"Rl\003\022\213\356\306\244\233A$\2363I\335\264)\035"
  37      8BEEC6A4 
  37      9B41249E 
  37      3349DDB4 
  37      291D
  38 004e 98B9F7DC 		.ascii	"\230\271\367\334\357;\347\236\337\235k\321\237O\217"
  38      EF3BE79E 
  38      DF9D6BD1 
  38      9F4F8F
  39 005d BC2E13C5 		.ascii	"\274.\023\305eD\204\300\231\317D#1\206U\237X\260\353"
  39      654484C0 
  39      99CF4423 
  39      3186559F 
  39      58B0EB
  40 0070 13BBBED2 		.ascii	"\023\273\276\322\013\032f\313\206|\352\005\356\370\236"
  40      0B1A66CB 
  40      867CEA05 
  40      EEF89E
  41 007f 91F77E7D 		.ascii	"\221\367~}J\334r\300\324A\022\026\246\217g\034\015a"
  41      4ADC72C0 
  41      D4411216 
  41      A68F671C 
  41      0D61
  42 0091 6BF890F5 		.ascii	"k\370\220\365\357\234\316\2541\306\257do\372\212v\300"
  42      EF9CCEAC 
  42      31C6AF64 
  42      6FFA8A76 
  42      C0
  43 00a2 4C5526E4 		.ascii	"LU&\344\220\302\"R\272\365\022:\325z\357>^$\034W\254"
  43      90C22252 
  43      BAF5123A 
  43      D57AEF3E 
  43      5E241C57 
  44 00b7 6DEA10E1 		.ascii	"m\352\020\341=\034\310\270\332^4\265\332\374\333\323"
  44      3D1CC8B8 
  44      DA5E34B5 
  44      DAFCDBD3 
  45 00c7 2EE9B42C 		.ascii	".\351\264,\012\350F\252\300\272\302hq*\2516\315\177"
  45      0AE846AA 
  45      C0BAC268 
  45      712AA936 
ARM GAS  C:\Users\PETERL~1\AppData\Local\Temp\ccZhcEtx.s 			page 3


  45      CD7F
  46 00d9 F775D2E3 		.ascii	"\367u\322\343\241\0073fb\001[U\226T,c\210\002\266I\235"
  46      A1073366 
  46      62015B55 
  46      96542C63 
  46      8802B649 
  47 00ee D368E6D4 		.ascii	"\323h\346\324\222\037\032N\222\332\026\011\256\365\015"
  47      921F1A4E 
  47      92DA1609 
  47      AEF50D
  48 00fd 07BE9F8B 		.ascii	"\007\276\237\213h\222\344\354\375\314M\204\230\021\223"
  48      6892E4EC 
  48      FDCC4D84 
  48      981193
  49 010c 1933215B 		.ascii	"\0313![\251|\366%\026.\221\206\265\361\353\037\255s"
  49      A97CF625 
  49      162E9186 
  49      B5F1EB1F 
  49      AD73
  50 011e 9845C00E 		.ascii	"\230E\300\016V\004\317S<\021\016'\252\276\235^6\256"
  50      5604CF53 
  50      3C110E27 
  50      AABE9D5E 
  50      36AE
  51 0130 2851AC62 		.ascii	"(Q\254b\016\025\305S\351$\233\367\222\015)\2065\244"
  51      0E15C553 
  51      E9249BF7 
  51      920D2986 
  51      35A4
  52 0142 2BDAB62A 		.ascii	"+\332\266*\027^\251\020o(q\254\253\022\236\311G\244"
  52      175EA910 
  52      6F2871AC 
  52      AB129EC9 
  52      47A4
  53 0154 45CD2C5C 		.ascii	"E\315,\\\036\205\247\374\302\274\"l\310FWp\213k\177"
  53      1E85A7FC 
  53      C2BC226C 
  53      C8465770 
  53      8B6B7F
  54 0167 274C54F5 		.ascii	"'LT\365\207aS\010E\332/}\337k\325\324\226\333(a\013"
  54      87615308 
  54      45DA2F7D 
  54      DF6BD5D4 
  54      96DB2861 
  55 017c A98093A4 		.ascii	"\251\200\223\244\254\347/\033\250\377\011\262\335\034"
  55      ACE72F1B 
  55      A8FF09B2 
  55      DD1C
  56 018a 64A729C8 		.ascii	"d\247)\310\256*z}\220G\372\271\361\315\1776^\220\306"
  56      AE2A7A7D 
  56      9047FAB9 
  56      F1CD7F36 
  56      5E90C6
  57 019d 7F37AA17 		.ascii	"\1777\252\027\300\326\337\203r\270\001Q\364M\377\353"
  57      C0D6DF83 
  57      72B80151 
  57      F44DFFEB 
ARM GAS  C:\Users\PETERL~1\AppData\Local\Temp\ccZhcEtx.s 			page 4


  58 01ad C1EE017A 		.ascii	"\301\356\001z\002\314\254\346\007"
  58      02CCACE6 
  58      07
  59              		.text
  60              		.section	.gnu.lto_.symbol_nodes.bbabde58,"",%progbits
  61 0000 789C6366 		.ascii	"x\234cf``He\200\002\246\026\246z\006\206\011\347\030"
  61      60604865 
  61      8002A616 
  61      A67A0686 
  61      09E718
  62 0013 18EAEB19 		.ascii	"\030\352\353\031\346-\020a`lg\252g\204\010044p00\266"
  62      E62D1061 
  62      606C67AA 
  62      67840830 
  62      34347030 
  63 0029 31D53321 		.ascii	"1\3253!\363[\231\352\231\221\370\314@\270\344\301?F"
  63      F35B99EA 
  63      9991F8CC 
  63      40B8E4C1 
  63      3F46
  64 003b 66062686 		.ascii	"f\006&\206#`\232\221\241e\341\265nv\020\343\010\210"
  64      23609A91 
  64      A165E1B5 
  64      6E7610E3 
  64      0888
  65 004d C1000051 		.ascii	"\301\000\000Q\242\033~"
  65      A21B7E
  66              		.text
  67              		.section	.gnu.lto_.refs.bbabde58,"",%progbits
  68 0000 789C6366 		.ascii	"x\234cf```d\200\002\000\000=\000\005"
  68      60606064 
  68      80020000 
  68      3D0005
  69              		.text
  70              		.section	.gnu.lto_.decls.bbabde58,"",%progbits
  71 0000 789CAD55 		.ascii	"x\234\255UkLTG\024\276\263s\227\307u\001\033\2506\266"
  71      6B4C5447 
  71      14BEB373 
  71      97C77501 
  71      1BA836B6 
  72 0014 4957D210 		.ascii	"IW\322\020\323\250\253b\233\324?\365\001\365Q[\310\242"
  72      D3A8AB62 
  72      9BD43FF5 
  72      01F5515B 
  72      C8A2
  73 0026 691A37D9 		.ascii	"i\0327\331\254\354U6Y\036e/M\375w\001\265>\260\342Z"
  73      ACEC5536 
  73      591E652F 
  73      4DFD7701 
  73      B53EB0E2 
  74 003b AD62B40B 		.ascii	"\255b\264\013\202\240(\005\361\011\012T\205\002*Z\305"
  74      82A02805 
  74      F1090A54 
  74      85022A5A 
  74      C5
  75 004c 8AA2B8E0 		.ascii	"\212\242\270\340\013A\004\025\024\001\331\236\231\273"
  75      0B410415 
ARM GAS  C:\Users\PETERL~1\AppData\Local\Temp\ccZhcEtx.s 			page 5


  75      1401D99E 
  75      99BB
  76 005a 4F5CAD4D 		.ascii	"O\\\255M{\303Yf\356\375\316w\276\231s\316\014f\030\246"
  76      7BC35966 
  76      EEFDCE77 
  76      BE9973CE 
  76      0C6618A6 
  77 006e 18CC064F 		.ascii	"\030\314\006O\310(\206I\2231\014\3741\321`\010l<#=,"
  77      C8288649 
  77      93310CFC 
  77      31D16008 
  77      6C3C233D 
  78 0083 58215819 		.ascii	"X!X\031\330I\260J\346\325\207|\017\264\233\002l\001"
  78      D849B04A 
  78      E6D5877C 
  78      0FB49B02 
  78      6C01
  79 0095 58155839 		.ascii	"X\025X9\330 \330\000\330m\260!\260\227`J\260a{\214c"
  79      D820D800 
  79      D86DB021 
  79      B097604A 
  79      B0617B8C 
  80 00aa F618CFC0 		.ascii	"\366\030\317\300\254`\327\301n\270\305\255\264\307-"
  80      AC60D7C1 
  80      6EB8C5AD 
  80      B4C72D
  81 00b9 F312F7B1 		.ascii	"\363\022\367\261\014\035/\352=?\252]\206\0029%\231\226"
  81      0C1D2FEA 
  81      3D3FAA5D 
  81      86023925 
  81      9996
  82 00cb 996BB7F9 		.ascii	"\231k\267\371\300T\301\261dZ>\330\326\310\216\335\""
  82      C054C1B1 
  82      645A3ED8 
  82      D6C88EDD 
  82      22
  83 00dc C293992E 		.ascii	"\302\223\231.\216f\321\002\016\345\243q\250\000\215"
  83      8E66D102 
  83      0EE5A371 
  83      A8008D
  84 00eb 8355EE45 		.ascii	"\203U\356Ec\341w\011+1\355\336\326\332\310M\334\007"
  84      63E17709 
  84      2B31EDDE 
  84      D6DAC84D 
  84      DC07
  85 00fd D03562D5 		.ascii	"\3205b\325hW\204\312\324\235\365X\271K\264\224\364l"
  85      685784CA 
  85      D49DF558 
  85      B94BB494 
  85      F46C
  86 010f 6F695488 		.ascii	"oiT\210\265b\225\315\3669\365F\032\214\366\241\211\004"
  86      B56295CD 
  86      F639F546 
  86      1A8CF6A1 
  86      8904
  87 0121 0843EA80 		.ascii	"\010C\352\200\012\221\022\234\032vY\016\005\341w\020"
  87      0A91129C 
ARM GAS  C:\Users\PETERL~1\AppData\Local\Temp\ccZhcEtx.s 			page 6


  87      1A76590E 
  87      05E17710 
  88 0131 25A8E8AF 		.ascii	"%\250\350\257\341\360\373t\234\261\306Z\307\341\217"
  88      E1F0FB74 
  88      9CB1C65A 
  88      C7E18F
  89 0140 E838754F 		.ascii	"\3508uOy\206/h\035\317\3218\267v\274\310\365\247S\222"
  89      79862F68 
  89      1DCFD138 
  89      B776BCC8 
  89      F5A75392 
  90 0154 92207825 		.ascii	"\222 x%\253\275'\356\016Da\\.\210\352\271e\256\371@"
  90      ABBD27EE 
  90      0E44615C 
  90      2E88EAB9 
  90      65AEF940 
  91 0168 14597410 		.ascii	"\024Yt\020q\250\0109\002So\362\254\021\3054\262H\377"
  91      71A80839 
  91      02536FF2 
  91      AC11C534 
  91      B248FF
  92 017b DA40C6B9 		.ascii	"\332@\306\271FT\202\302\000A\261\3507xY\014/\201\270"
  92      465482C2 
  92      0041B1E8 
  92      3778590C 
  92      2F81B8
  93 018e 7AA862A5 		.ascii	"z\250b\245\034qa\336\235\016yq\242\022\212V\231\307"
  93      1C7161DE 
  93      9D0E7971 
  93      A2128A56 
  93      99C7
  94 01a0 1009A520 		.ascii	"\020\011\245 \341\200K\002(r\354\226\254\253\310|\030"
  94      E1804B02 
  94      2872EC96 
  94      ACABC87C 
  94      18
  95 01b1 392477DC 		.ascii	"9$w\334\317z\227\340\217\000~\277\013_\212\336\250\371"
  95      CF7A97E0 
  95      8F007EBF 
  95      0B5F8ADE 
  95      A8F9
  96 01c3 B057CDA8 		.ascii	"\260W\315\250dC\313Z_\026J\224\322-\241\371\275\326"
  96      6443CB5A 
  96      5F164A94 
  96      D22DA1F9 
  96      BDD6
  97 01d5 B476827B 		.ascii	"\264v\202{z\243\307\270\245\367\030M\357Qd\317ow\317"
  97      7AA3C7B8 
  97      A5F7184D 
  97      EF5164CF 
  97      6F77CF
  98 01e8 B10E19CE 		.ascii	"\261\016\031\316\227\321\275\257\337\276\272\305\027"
  98      97D1BDAF 
  98      DFBEBAC5 
  98      17
  99 01f5 926A0591 		.ascii	"\222j\005\221u\205\2636\245g\346\212V\233\355C\352\205"
  99      7585B336 
ARM GAS  C:\Users\PETERL~1\AppData\Local\Temp\ccZhcEtx.s 			page 7


  99      A567E68A 
  99      569BED43 
  99      EA85
 100 0207 8E23575E 		.ascii	"\216#W^a,%\266\214&\366\225\212\362\010Y\356QQ;\323"
 100      612C25B6 
 100      8C26F695 
 100      8AF20859 
 100      EE51513B 
 101 021c 2DDD08DF 		.ascii	"-\335\010\337\223\">\276\2241\204i\304\342\366\302B"
 101      93223EBE 
 101      94318469 
 101      C4E2F6C2 
 101      42
 102 022d D976313B 		.ascii	"\331v1;M\034\266\331\020uB'\334\"\236pD<I#\266U\345"
 102      4D1CB6D9 
 102      10754227 
 102      DC229E70 
 102      443C4923 
 103 0244 DF0FC216 		.ascii	"\337\017\302\026LY\266\024\337>\307J,M\007\212\320\010"
 103      4C59B614 
 103      DF3EC74A 
 103      2C4D078A 
 103      D008
 104 0256 960A3796 		.ascii	"\226\0127\226\012\007K%ei\331V\265\216U\254sm8up)\257"
 104      0A074B25 
 104      6569D956 
 104      B58E55AC 
 104      736D3875 
 105 026d 420A8A86 		.ascii	"B\012\212\206\377\200>]\233\335,\247]e\225\221\260\327"
 105      FF803E5D 
 105      9BDD2CA7 
 105      5D659591 
 105      B0D7
 106 027f 2F94B406 		.ascii	"/\224\264\006\322\266\232H\246[\367\265\353\361UIQ\327"
 106      D2B69A48 
 106      A65BF7B5 
 106      EBF15549 
 106      51D7
 107 0291 A9DC1F38 		.ascii	"\251\334\0378Hd\372\333\325\021x\0147\257^\251\300w"
 107      4864FADB 
 107      D511780C 
 107      37AF5EA9 
 107      C077
 108 02a3 24F70DA5 		.ascii	"$\367\015\245YY~\270C\232\364g\346\345\261\370\2614"
 108      59597EB8 
 108      439AF467 
 108      E6E5B1F8 
 108      B134
 109 02b5 C9DDB275 		.ascii	"\311\335\262u\277\234\306\364\243\255\234\275\267\333"
 109      BF9CC6F4 
 109      A3AD9CBD 
 109      B7DB
 110 02c3 0FBF90BE 		.ascii	"\017\277\220\276U\326\245\236\347\260M\232\234m\353"
 110      55D6A59E 
 110      E7B04D9A 
 110      9C6DEB
 111 02d2 7FAAA0C0 		.ascii	"\177\252\240\300\321d\332l\316\316\017\304\351,\375"
ARM GAS  C:\Users\PETERL~1\AppData\Local\Temp\ccZhcEtx.s 			page 8


 111      D164DA6C 
 111      CECE0FC4 
 111      E92CFD
 112 02e1 D6309CF9 		.ascii	"\3260\234\371\304\027\377\310z\000\003%`\326\325\273"
 112      C417FFC8 
 112      7A000325 
 112      60D6D5BB 
 113 02f1 BD98FAD1 		.ascii	"\275\230\372\3215n\251\337\261Q\216\327J\320\314V\363"
 113      356EA9DF 
 113      B1518ED7 
 113      4AD0CC56 
 113      F3
 114 0302 65169B59 		.ascii	"e\026\233Y\217FUJ\215\372Kg\377!?:\265\3310\251\371"
 114      8F46554A 
 114      8DFA4B67 
 114      FF213F3A 
 114      B5D930A9 
 115 0317 9C9B175B 		.ascii	"\234\233\027[\375\235mz\344.\"5\177\005\212\364OW\315"
 115      FD9D6D7A 
 115      E42E2235 
 115      7F058AF4 
 115      4F57CD
 116 032a 2BDD4B1E 		.ascii	"+\335K\0366K^\000;\325\000\233r\201\354T#\354\224\322"
 116      364B5E00 
 116      3BD5009B 
 116      7281EC54 
 116      23EC94D2 
 117 033e BE5397E0 		.ascii	"\276S\227\340\345e\251MK\333\036\255\347\034\304E\325"
 117      E565A94D 
 117      4BDB1EAD 
 117      E71CC445 
 117      D5
 118 034f 3FD1E6BB 		.ascii	"?\321\346\273\012\304\027]\304W\320\033\231\377\362"
 118      0AC4175D 
 118      C457D01B 
 118      99FFF2
 119 035e CA8C8E76 		.ascii	"\312\214\216volCx\247\264\276\365?\367\326\311p6\235"
 119      6F6C4378 
 119      A7B4BEF5 
 119      3FF7D6C9 
 119      70369D
 120 0371 B0EB2A4F 		.ascii	"\260\353*O\204\240\320\340\3200\013\360\365\\()\036"
 120      84A0D0E0 
 120      D0300BF0 
 120      F55C2829 
 120      1E
 121 0382 7BBC58AC 		.ascii	"{\274X\254J\3034n\023\304mF\301.\372\011\244v>\206\037"
 121      4AC3346E 
 121      13C46D46 
 121      C12EFA09 
 121      A4763E86 
 122 0397 66136D09 		.ascii	"f\023m\011\21383\231q++\002\206\330\350&\310\270\216"
 122      8B383399 
 122      712B2B02 
 122      86D8E826 
 122      C8B88E
 123 03aa 42D10D14 		.ascii	"B\321\015\024J\305\022rK\327*\237\202)\224\367\232W"
ARM GAS  C:\Users\PETERL~1\AppData\Local\Temp\ccZhcEtx.s 			page 9


 123      4AC51272 
 123      4BD72A9F 
 123      822994F7 
 123      9A57
 124 03bc DE064241 		.ascii	"\336\006BAO\036kg\036\362#\010\306Q\337\316\343\271"
 124      4F1E6B67 
 124      1EF22308 
 124      C651DFCE 
 124      E3B9
 125 03ce BEA3A6CB 		.ascii	"\276\243\246\313\007?\220\304g\364\035mV\240\320\320"
 125      073F90C4 
 125      67F41D6D 
 125      56A0D0D0 
 126 03de 10AADEDA 		.ascii	"\020\252\336\332\221\327\000\347\365\024z^\235\207\020"
 126      91D700E7 
 126      F5147A5E 
 126      9D8710
 127 03ed AD28C455 		.ascii	"\255(\304U\235.\351\026\022\341\321]9Y%Q\321\362z\250"
 127      9D2EE916 
 127      12E1D15D 
 127      39592551 
 127      D1F27AA8 
 128 0401 D9DEF833 		.ascii	"\331\336\3703\005\367U\0220Ye\033\254\362\026\254\322"
 128      05F75512 
 128      3059651B 
 128      ACF216AC 
 128      D2
 129 0412 6A5F2595 		.ascii	"j_%\225\376`\225\257\210\010\344U\3559\033\273\327\007"
 129      FE6095AF 
 129      8808E455 
 129      ED391BBB 
 129      D707
 130 0424 850067EA 		.ascii	"\205\000g\352k9\031\017B\360\331\334\2243\314\341N)"
 130      6B39190F 
 130      42F0D9DC 
 130      9433CCE1 
 130      4E29
 131 0436 73DB9F9F 		.ascii	"s\333\237\237\253\011\242%\374\036=\"\317T\244\217\302"
 131      AB09A225 
 131      FC1E3D22 
 131      CF54A48F 
 131      C2
 132 0447 3DD23771 		.ascii	"=\3227q\270\366e\000\356\223&\216kR!]\223;o^~\030\200"
 132      B8F66500 
 132      EE93268E 
 132      6B52215D 
 132      933B6F5E 
 133 045e 07A46FA5 		.ascii	"\007\244o\245\025k6C3I\223\202\266\006s\000\005N\200"
 133      156B3643 
 133      33499382 
 133      B6067300 
 133      054E80
 134 0471 69404E4E 		.ascii	"i@NN_\207\017\012\016u=aR\242E*\367w\220{\212\312}h"
 134      5F870F0A 
 134      0E753D61 
 134      52A2452A 
 134      F777907B 
ARM GAS  C:\Users\PETERL~1\AppData\Local\Temp\ccZhcEtx.s 			page 10


 135 0489 4F743F6C 		.ascii	"Ot?l\301cP\374\034\354\011X\027\330#\260\036\260g`\335"
 135      C16350FC 
 135      1CEC0958 
 135      17D823B0 
 135      1EB06760 
 136 049e 604FC17A 		.ascii	"`O\301z\301\372\234\305\2602\335\332b\317\325\031\310"
 136      C1FA9CC5 
 136      B032DDDA 
 136      62CFD519 
 136      C8
 137 04af 551D2480 		.ascii	"U\035$\200\020:\023PKc\344\243qv\264\345V\236\217\035"
 137      103A1350 
 137      4B63E4A3 
 137      7176B4E5 
 137      569E8F1D 
 138 04c3 5B3F127B 		.ascii	"[?\022{\026\271%\026\240\375N\350\275\221\320\273#i"
 138      16B92516 
 138      A0FD4EE8 
 138      BD91D0BB 
 138      2369
 139 04d5 DB9DD873 		.ascii	"\333\235\330s\336i\335\260\315Nl\365H\354\004O\0057"
 139      DE69DDB0 
 139      CD4E6CF5 
 139      48EC044F 
 139      0537
 140 04e7 9DC83FBC 		.ascii	"\235\310?\274/\314\005}\341\204\336\037\011m\037\001"
 140      2FCC057D 
 140      E184DE1F 
 140      096D1F01 
 141 04f7 1D70421F 		.ascii	"\035pB\037x\207\272i\035tb;Fb;=hS\255\335y|\325J\214"
 141      7887BA69 
 141      1D74623B 
 141      46623B3D 
 141      6853ADDD 
 142 0510 6E43F9DD 		.ascii	"nC\371\335\361\276_N\011\326\033n9\253\361\272\011\371"
 142      F1BE5F4E 
 142      09D61B6E 
 142      39ABF1BA 
 142      09F9
 143 0522 AE16BE96 		.ascii	"\256\026\276\226\347\003}\360\320K\017\313v\355\351"
 143      E7037DF0 
 143      D04B0FCB 
 143      76EDE9
 144 0531 ED1C85C2 		.ascii	"\355\034\205\302\202)n\210\367C\003@t\332u\306\021'"
 144      82296E88 
 144      F7430340 
 144      74DA75C6 
 144      1127
 145 0543 FA78AB3D 		.ascii	"\372x\253=\364\002J\356\277\224\037\271\205N\374\372"
 145      F4024AEE 
 145      BF941FB9 
 145      854EFCFA 
 146 0553 C4DFE376 		.ascii	"\304\337\343v\034p[\012\203\006\221\302\241e\220^\220"
 146      1C705B0A 
 146      830691C2 
 146      A165905E 
 146      90
ARM GAS  C:\Users\PETERL~1\AppData\Local\Temp\ccZhcEtx.s 			page 11


 147 0564 67B3AAAD 		.ascii	"g\263\252\255\362\340M\264s_s\3461\036\007\036\032B"
 147      F2E04DB4 
 147      735F73E6 
 147      311E071E 
 147      1A42
 148 0576 C1E077B0 		.ascii	"\301\340w\260ow\001']\227ouT\243\227\210\003\2673\273"
 148      6F770127 
 148      5D976F75 
 148      54A39788 
 148      03B733BB 
 149 058a B755731E 		.ascii	"\267Us\036\372\216y\334\336\303\366\333\233\374\367"
 149      FA8E79DC 
 149      DEC3F6DB 
 149      9BFCF7
 150 0599 99FBF562 		.ascii	"\231\373\365b\345\034\3067^gH\230\034\313\370\233V\230"
 150      E51CC637 
 150      5E674898 
 150      1CCBF89B 
 150      5698
 151 05ab 04433CAF 		.ascii	"\004C<\257\025\374R\014\011B\3704\255\300i\265\216\341"
 151      15FC520C 
 151      0942F834 
 151      ADC069B5 
 151      8EE1
 152 05bd B2D8199A 		.ascii	"\262\330\031\232\3308\303R\203IH\321\033\0225Bb\242"
 152      D838C352 
 152      834948D1 
 152      1B123542 
 152      62A2
 153 05cf D1A4599E 		.ascii	"\321\244Y\236\220\242\244#\245.9^\311\307/\345\365z"
 153      90A2A423 
 153      A52E395E 
 153      C9C72FE5 
 153      F57A
 154 05e1 5EAF993E 		.ascii	"^\257\231>\3713\345\264)S?\371.\\\003\357'%$&\360\223"
 154      F933E5B4 
 154      29533FF9 
 154      2E5C03EF 
 154      27252426 
 155 05f7 78DD5283 		.ascii	"x\335R\203\306\220\020kL\321\363\232x\035p%\360\032"
 155      C690106B 
 155      4CD1F39A 
 155      781D7025 
 155      F01A
 156 0609 AD9E5FA6 		.ascii	"\255\236_\246K1\012ZaE\022o\232\034\307,\371_\303\300"
 156      4B310A5A 
 156      6145126F 
 156      9A1CC72C 
 156      F95FC3C0 
 157 061d 8A345A93 		.ascii	"\2124Z\223\240\2075\000\367\364934s\010w\214\304M\343"
 157      A0873500 
 157      F7F43933 
 157      34730877 
 157      8CC44DE3 
 158 0631 249AC2A7 		.ascii	"$\232\302\247\250\022M\252dAe\367R\305\306\221\235\260"
 158      A8124DAA 
 158      644165F7 
ARM GAS  C:\Users\PETERL~1\AppData\Local\Temp\ccZhcEtx.s 			page 12


 158      52C5C691 
 158      9DB0
 159 0643 0BE262E3 		.ascii	"\013\342b\343\026\305\351c\214<\237\024\376\326\376"
 159      16C5E963 
 159      8C3C9F14 
 159      FED6FE
 160 0652 425C32AF 		.ascii	"B\\2\257\323\023w\377\330\270\230\025\246\371\011\006"
 160      D31377FF 
 160      D8B89815 
 160      A6F90906 
 161 0662 41F56FA2 		.ascii	"A\365o\242\203\247o\234\316H\374&\277\311\0170NG\030"
 161      83A76F9C 
 161      CE48FC26 
 161      BFC90F30 
 161      4E4718
 162 0675 839BC224 		.ascii	"\203\233\302$\304C\276\226'\031\022\265\202\374\253"
 162      C443BE96 
 162      271912B5 
 162      82FCAB
 163 0684 A88848B5 		.ascii	"\250\210H\265O\324\242o\243#\325\276Q1\321\221\221\021"
 163      4FD4A26F 
 163      A323D5BE 
 163      5131D191 
 163      9111
 164 0696 6A79F4E2 		.ascii	"jy\364\342\350\0105\236\017\026\025\241F\337\320lO\375"
 164      E808359E 
 164      0F1615A1 
 164      46DFD06C 
 164      4FFD
 165 06a8 D4996D32 		.ascii	"\324\231m2\304&^\220\307\032y]\362\254\177\012\237\224"
 165      C4265E90 
 165      C71A795D 
 165      F2AC7F0A 
 165      9F94
 166 06ba 982C9854 		.ascii	"\230,\230T1\213\276\012\237\246Z\2700B57z~\324\367\323"
 166      318BBE0A 
 166      9FA65AB8 
 166      30423537 
 166      7A7ED4F7 
 167 06cf 54493AA3 		.ascii	"TI:\243\326h\324\203\"4\217\235\035\243V\263\013\347"
 167      D668D483 
 167      22348F9D 
 167      1DA356B3 
 167      0BE7
 168 06e1 7CA96667 		.ascii	"|\251fg}\241^H~\346\341\331j\365\337\005a(\001"
 168      7DA15E48 
 168      7EE6E1D9 
 168      6AF5DF05 
 168      612801
 169              		.text
 170              		.section	.gnu.lto_.symtab.bbabde58,"",%progbits
 171 0000 6D61696E 		.ascii	"main\000\000\000\000\000\000\000\000\000\000\000\000"
 171      00000000 
 171      00000000 
 171      00000000 
 172 0010 AB000000 		.ascii	"\253\000\000\000chThdSleep\000\000\002\000\000\000\000"
 172      63685468 
ARM GAS  C:\Users\PETERL~1\AppData\Local\Temp\ccZhcEtx.s 			page 13


 172      64536C65 
 172      65700000 
 172      02000000 
 173 0025 00000000 		.ascii	"\000\000\000\000\000\272\000\000\000chSysInit\000\000"
 173      00BA0000 
 173      00636853 
 173      7973496E 
 173      69740000 
 174 0039 02000000 		.ascii	"\002\000\000\000\000\000\000\000\000\000\275\000\000"
 174      00000000 
 174      0000BD00 
 174      00
 175 0046 0068616C 		.ascii	"\000halInit\000\000\002\000\000\000\000\000\000\000"
 175      496E6974 
 175      00000200 
 175      00000000 
 175      0000
 176 0058 0000BF00 		.ascii	"\000\000\277\000\000\000"
 176      0000
 177              		.text
 178              		.section	.gnu.lto_.opts,"",%progbits
 179 0000 272D666E 		.ascii	"'-fno-trapv' '-mcpu=cortex-m4' '-mno-thumb-interwor"
 179      6F2D7472 
 179      61707627 
 179      20272D6D 
 179      6370753D 
 180 0033 6B272027 		.ascii	"k' '-mthumb' '-ggdb' '-O2' '-fomit-frame-pointer' '"
 180      2D6D7468 
 180      756D6227 
 180      20272D67 
 180      67646227 
 181 0066 2D66616C 		.ascii	"-falign-functions=16' '-ffunction-sections' '-fdata"
 181      69676E2D 
 181      66756E63 
 181      74696F6E 
 181      733D3136 
 182 0099 2D736563 		.ascii	"-sections' '-fno-common' '-flto'\000"
 182      74696F6E 
 182      73272027 
 182      2D666E6F 
 182      2D636F6D 
 183              		.text
 184              		.comm	__gnu_lto_v1,1,1
 185              		.comm	__gnu_lto_slim,1,1
 186              		.ident	"GCC: (GNU Tools for ARM Embedded Processors) 4.9.3 20150529 (release) [ARM/embedded-4_9-br
ARM GAS  C:\Users\PETERL~1\AppData\Local\Temp\ccZhcEtx.s 			page 14


DEFINED SYMBOLS
                            *ABS*:00000000 main.c
                            *COM*:00000001 __gnu_lto_v1
                            *COM*:00000001 __gnu_lto_slim

NO UNDEFINED SYMBOLS
