ARM GAS  C:\Users\PETERL~1\AppData\Local\Temp\ccN3iszb.s 			page 1


   1              		.syntax unified
   2              		.cpu cortex-m4
   3              		.fpu softvfp
   4              		.eabi_attribute 20, 1
   5              		.eabi_attribute 21, 1
   6              		.eabi_attribute 23, 3
   7              		.eabi_attribute 24, 1
   8              		.eabi_attribute 25, 1
   9              		.eabi_attribute 26, 1
  10              		.eabi_attribute 30, 2
  11              		.eabi_attribute 34, 1
  12              		.eabi_attribute 18, 4
  13              		.thumb
  14              		.file	"nvic.c"
  15              		.text
  16              	.Ltext0:
  17              		.section	.gnu.lto_.profile.bbabdc06,"",%progbits
  18 0000 789C6366 		.ascii	"x\234cf```a\200\000F\006u)\000\000\334\000J"
  18      60606061 
  18      80004606 
  18      75290000 
  18      DC004A
  19              		.text
  20              		.section	.gnu.lto_.jmpfuncs.bbabdc06,"",%progbits
  21 0000 789C6366 		.ascii	"x\234cf\300\016\314\2414\013\003\023##s}=#\020\3243"
  21      C00ECCA1 
  21      340B0313 
  21      2323737D 
  21      3D2310D4 
  22 0015 41D94C1F 		.ascii	"A\331L\037\231\030\247\365_\331\301\\\373\273aF\003"
  22      9918A7F5 
  22      5FD9C15C 
  22      FBBB6146 
  22      03
  23 0026 C74F2686 		.ascii	"\307O&\206\277L@\265\214\313\031k\031X@\012\031\000"
  23      BF4C40B5 
  23      8CCB196B 
  23      1958400A 
  23      1900
  24 0038 5F210D37 		.ascii	"_!\0157"
  25              		.text
  26              		.section	.gnu.lto_.inline.bbabdc06,"",%progbits
  27 0000 789C6D4E 		.ascii	"x\234mN\273\015\203@\014}\317X\307qDJ\35240A\266\202"
  27      BB0D8340 
  27      0C7DCF58 
  27      C771444A 
  27      EA343041 
  28 0016 4D52640B 		.ascii	"MRd\013:\212,\2231R\222*J\307;\016Q\305\222e[\357\347"
  28      3A8A2C93 
  28      3152922A 
  28      4AC73B0E 
  28      51C59265 
  29 002d 0AFFEBB9 		.ascii	"\012\377\353\271O\007RC#\265\253=,7\204\2513\330\353"
  29      4F075243 
  29      23B5AB3D 
  29      2C3784A9 
  29      33D8EB
ARM GAS  C:\Users\PETERL~1\AppData\Local\Temp\ccN3iszb.s 			page 2


  30 0040 ECD01505 		.ascii	"\354\320\025\005DA\261\026G\214\312\247\2560\004\372"
  30      4441B116 
  30      478CCAA7 
  30      AE3004FA 
  31 0050 E6606812 		.ascii	"\346`h\022\035\343\307\370\275/\217\364\266\237\361"
  31      1DE3C7F8 
  31      BD2F8FF4 
  31      B69FF1
  32 005f 04CEBC02 		.ascii	"\004\316\274\002C\031R\346\014\227mQ\313\346\222C\372"
  32      431952E6 
  32      0C976D51 
  32      CBE69243 
  32      FA
  33 0070 FC85B5B2 		.ascii	"\374\205\265\262\241\272\016{\312\301;R\260\002\315"
  33      A1BA0E7B 
  33      CAC13B52 
  33      B002CD
  34 007f D11670   		.ascii	"\321\026p"
  35              		.text
  36              		.section	.gnu.lto_.pureconst.bbabdc06,"",%progbits
  37 0000 789C6366 		.ascii	"x\234cf``\340d\200\000\026\006)F)&)\026)\000\002\307"
  37      6060E064 
  37      80001606 
  37      29462926 
  37      29162900 
  38 0016 0080     		.ascii	"\000\200"
  39              		.text
  40              		.section	.gnu.lto_nvicEnableVector.bbabdc06,"",%progbits
  41 0000 789C9552 		.ascii	"x\234\225RMHTQ\030\275\347\2767\363\306\031\265h\023"
  41      4D485451 
  41      18BDE7BE 
  41      37F3C619 
  41      B56813
  42 0013 4C446DC4 		.ascii	"LDm\304\225\275\240]A\031F;Aj\353\246\246\205\003\351"
  42      95BDA05D 
  42      4119463B 
  42      416AEBA6 
  42      A68503E9 
  43 0027 13B568E7 		.ascii	"\023\265h\347\235\037tQ\240\270Q\222\331\244\321\317"
  43      9D1F7451 
  43      A0B85192 
  43      D9A4D1CF 
  44 0037 E4D85856 		.ascii	"\344\330XV\232\302C\260\\\2246d$\"\2124\201\375,\322"
  44      9AC243B0 
  44      5C943664 
  44      24228A34 
  44      81FD2CD2 
  45 004b 8471A0B2 		.ascii	"\204q\240\262\357\2733\321B\02750\367\336\357\347|\347"
  45      EFBB33D1 
  45      42173530 
  45      F7DEEFE7 
  45      7CE7
  46 005d 9C7B9F21 		.ascii	"\234{\237!v\376\202\364?e\010q\206v\030\002\262{V\210"
  46      76FE82F4 
  46      3F650871 
  46      86761802 
  46      B27B5688 
ARM GAS  C:\Users\PETERL~1\AppData\Local\Temp\ccN3iszb.s 			page 3


  47 0071 884F027C 		.ascii	"\210O\002|\020\020\355\022\355\370$\327%\272\335d_\240"
  47      1010ED12 
  47      EDF824D7 
  47      25BADD64 
  47      5FA0
  48 0083 F2B652EA 		.ascii	"\362\266R\352[\317\\\244\316E^\012\361]\026\346\340"
  48      5BCF5CA4 
  48      CE455E0A 
  48      F15D16E6 
  48      E0
  49 0094 0E2AA967 		.ascii	"\016*\251g~\341C\207i\234\204\240\363Xj\363u`M\346%"
  49      7EE14387 
  49      699C84A0 
  49      F3586AF3 
  49      75604DE6 
  50 00a9 0E7338DE 		.ascii	"\016s8\3363\323\347\345P\232\034\216N\246^\354\251\030"
  50      33D3E7E5 
  50      509A1C8E 
  50      4EA65EEC 
  50      A918
  51 00bb 502AEACE 		.ascii	"P*\352\316\214\250j3/\015\334\205A\363p\017A\334GPP"
  51      8CA86A33 
  51      2F0DDC85 
  51      41F3700F 
  51      41DC4750 
  52 00d0 4A20890A 		.ascii	"J \211\012\352~sss\3364\252\365\334L\352\325|\021\271"
  52      EA7E7373 
  52      73DE34AA 
  52      F5DC4CEA 
  52      D57C11B9 
  53 00e4 F407F960 		.ascii	"\364\007\371`\027\344\020*\270}=\376\363}\300\033'\331"
  53      17E4102A 
  53      B87D3DFE 
  53      F37DC01B 
  53      27D9
  54 00f6 7B0B6A91 		.ascii	"{\013j\221\202\027\264\017\357s\325\366\366\300\350"
  54      8217B40F 
  54      EF73D5F6 
  54      F6C0E8
  55 0105 44DA2C03 		.ascii	"D\332,\003\270]\022\3204x\361\200\211-:z|\264xKx\361"
  55      B85D12D0 
  55      3478F180 
  55      892D3A7A 
  55      7CB4784B 
  56 011b D3620991 		.ascii	"\323b\011\221\245!|9\037\245\344\335XDt\241\363W\316"
  56      A5217C39 
  56      1FA5E4DD 
  56      584474A1 
  56      F357CE
  57 012e E0B93929 		.ascii	"\340\2719)s\022b\021\261%o!6(E*\0063+\031\203\335\373"
  57      73126211 
  57      B1256F21 
  57      3628452A 
  57      06332B19 
  58 0145 4C816192 		.ascii	"L\201a\222\270\210\251\036p\013\0257\276\250\204\311"
  58      B888A91E 
  58      700B1537 
ARM GAS  C:\Users\PETERL~1\AppData\Local\Temp\ccN3iszb.s 			page 4


  58      BEA884C9 
  59 0155 C5123515 		.ascii	"\305\0225\025S\345\254z%;\227\361\351\224\340\360\326"
  59      53E5AC7A 
  59      253B97F1 
  59      E994E0F0 
  59      D6
  60 0166 BBADCFE5 		.ascii	"\273\255\317\345\011\364G\224r\255\274\364\343!9M\323"
  60      09F44794 
  60      72ADBCF4 
  60      E321394D 
  60      D3
  61 0177 182EE607 		.ascii	"\030.\346\007o\004\252\222*N\017\022\300\010\022\330"
  61      6F04AA92 
  61      2A4E0F12 
  61      C00812D8 
  62 0187 D08F4295 		.ascii	"\320\217B\225\353\275\231-\237=\244\342\021\367\000"
  62      EBBD992D 
  62      9F3DA4E2 
  62      11F700
  63 0196 51E311AA 		.ascii	"Q\343\021\252r\322\243\337\3531l\022\307J\227;f\373"
  63      72D2A3DF 
  63      EB316C12 
  63      C74A973B 
  63      66FB
  64 01a8 EA0A622D 		.ascii	"\352\012b-\252\022\354\353\333\376\361R&\367z\004F\265"
  64      AA12ECEB 
  64      DBFEF152 
  64      26F77A04 
  64      46B5
  65 01ba D8E872E7 		.ascii	"\330\350r\347\017Yh\362\361\010\302m\025\035\226P\212"
  65      0F5968F2 
  65      F108C26D 
  65      151D9650 
  65      8A
  66 01cb 40135D5D 		.ascii	"@\023]]\323\226\006\035\022x\242A\261\245\216l\361Z"
  66      D396061D 
  66      1278A241 
  66      B1A58E6C 
  66      F15A
  67 01dd FCD4F132 		.ascii	"\374\324\3612\2616\242mZ\020x\212 A\3655\254\356/\336"
  67      B136A26D 
  67      5A10788A 
  67      2041F535 
  67      ACEE2FDE 
  68 01f1 C3BFBA2C 		.ascii	"\303\277\272,\3053\355\022;\\\036\314\3132\214\261K"
  68      C533ED12 
  68      3B5C1ECC 
  68      CB328CB1 
  68      4B
  69 0202 4BBB1C67 		.ascii	"K\273\034g\227~\315\222\236^\367\3747\317s\315#w\347"
  69      977ECD92 
  69      9E5EF7FC 
  69      37CF73CD 
  69      2377E7
  70 0215 99F8CB33 		.ascii	"\231\370\3133Y\340YF\304\355=\313,\234\315\222@\372"
  70      59E05946 
  70      C4ED3DCB 
ARM GAS  C:\Users\PETERL~1\AppData\Local\Temp\ccN3iszb.s 			page 5


  70      2C9CCD92 
  70      40FA
  71 0227 40087DA2 		.ascii	"@\010}\242\346x}MC\370b\370|\333\225Ka\247>\304g\247"
  71      E6787D4D 
  71      43F862F8 
  71      7CDB954B 
  71      61A73EC4 
  72 023d F5D851DB 		.ascii	"\365\330Q\333i\265\033.\\\266\233\235\226\266V;\344"
  72      69B51B2E 
  72      5CB69B9D 
  72      96B6563B 
  72      E4
  73 024e 34363A4D 		.ascii	"46:M\366\351s\2655\265\327\354\246\253\341\320\221\220"
  73      F6E973B5 
  73      35B5D7EC 
  73      A6ABE1D0 
  73      9190
  74 0260 4093D9DC 		.ascii	"@\223\331\334\022v~\003\344+5f"
  74      12767E03 
  74      E42B3566 
  75              		.text
  76              		.section	.gnu.lto_nvicDisableVector.bbabdc06,"",%progbits
  77 0000 789C8D91 		.ascii	"x\234\215\221Kh\023Q\024\206\357\177f\362\250\011U\334"
  77      4B681351 
  77      1486EF7F 
  77      66F2A809 
  77      55DC
  78 0012 5822A29B 		.ascii	"X\"\242\233\322U\035\301\235\202\017\002\356\012\242"
  78      D2551DC1 
  78      9D820F02 
  78      EE0AA2
  79 0021 DB6E342E 		.ascii	"\333n4.:`3b\252\270\353M\023\343B\241\245\033+%\233"
  79      3A603362 
  79      AAB8EB4D 
  79      13E342A1 
  79      A51B2B25 
  80 0036 D677DAB4 		.ascii	"\326w\332\264\246\306GQ\030\012\276\026*\305\026\245"
  80      A6C64751 
  80      180ABE16 
  80      2AC516A5 
  81 0046 48441AA5 		.ascii	"HD\032\245>\026M\025\232\001\245\2363q!t\343\300\334"
  81      3E164D15 
  81      9A01A59E 
  81      33712174 
  81      E3C0DC
  82 0059 7BCF99EF 		.ascii	"{\317\231\357?\3779s\015\265\376\211\361k\223R\373y"
  82      3FFF3973 
  82      0DB5FE89 
  82      F16B9352 
  82      FB79
  83 006b 87A14003 		.ascii	"\207\241@\003\257\224J\207\011\220\203\202\352%\364"
  83      AF944A87 
  83      09908382 
  83      EA25F4
  84 007a E20BD508 		.ascii	"\342\013\325\010\003na(\322vMk\275<2\325r\276\305c\331"
  84      036E6128 
  84      D2764D6B 
ARM GAS  C:\Users\PETERL~1\AppData\Local\Temp\ccN3iszb.s 			page 6


  84      BD3C32D5 
  84      72BEC563 
  85 008f 0F6A94C1 		.ascii	"\017j\224\301\015\26412\367n1g\032\373\240\370\374\260"
  85      0DB43132 
  85      F76E3167 
  85      1AFBA0F8 
  85      FCB0
  86 00a1 F8F36564 		.ascii	"\370\363ed\211<\302\016\011\247\007\237\017\005%$S\302"
  86      893CC20E 
  86      09A7079F 
  86      0F052524 
  86      53C2
  87 00b3 F2E3E2D3 		.ascii	"\362\343\342\323\215\255\243Z\367\271/J\372\200\351"
  87      8DADA35A 
  87      F7B92F4A 
  87      FA80E9
  88 00c2 91819B30 		.ascii	"\221\201\2330\270\036n!\206\333\210)N)\024\320*x-\373"
  88      B81E6E21 
  88      86DB8829 
  88      4E2914D0 
  88      2A782DFB 
  89 00d6 FB6D2498 		.ascii	"\373m$\230e\357M\015O\214!\010\336'6\273zmm\364\372"
  89      65EF4D0D 
  89      4F8C2108 
  89      DE2736BB 
  89      7A6D6DF4 
  90 00eb 58D96C02 		.ascii	"X\331l\002\004'\026\232\006/\001S\226\000/A\245\252"
  90      0427169A 
  90      062F0153 
  90      96002F41 
  90      A5AA
  91 00fd 2C92893E 		.ascii	",\222\211>\021\311n, S\311}\276rX\352\254\022\255\262"
  91      11C96E2C 
  91      2053C97D 
  91      BE7258EA 
  91      AC12ADB2 
  92 0111 05E1FB9B 		.ascii	"\005\341\373\233\341\351\250\364\310*\214s\013\013\350"
  92      E1E9A8F4 
  92      C82A8C73 
  92      0B0BE8
  93 0120 AB5CF845 		.ascii	"\253\\\370E\015\310`\2103\231z\260\021\233\234b\321"
  93      0DC86088 
  93      33997AB0 
  93      119B9C62 
  93      D1
  94 0131 A3FEFE27 		.ascii	"\243\376\376'!_\264]\241\350\2132\357sU\243\001\005"
  94      215FB45D 
  94      A1E88B32 
  94      EF7355A3 
  94      0105
  95 0143 9878965F 		.ascii	"\230x\226_*\231Bp\307\230@\214\245\014\315\014~\334"
  95      2A994270 
  95      C798408C 
  95      A50CCD0C 
  95      7EDC
  96 0155 220C032B 		.ascii	"\"\014\003+\337t\336\007Bz&\243\233e\340\017\325\327"
  96      DF74DE07 
ARM GAS  C:\Users\PETERL~1\AppData\Local\Temp\ccN3iszb.s 			page 7


  96      427A26A3 
  96      9B65E00F 
  96      D5D7
  97 0167 B3613FA5 		.ascii	"\263a?\245$\034\231\257\177m\316c8\255\265\033\362("
  97      241C99AF 
  97      7F6DCE63 
  97      38ADB51B 
  97      F228
  98 0179 8C49FE49 		.ascii	"\214I\376Iw\330L>zW/E\332\013:\013\217\232PB\036+\376"
  98      77D84C3E 
  98      7A572F45 
  98      DA0B3A0B 
  98      8F9A5042 
  99 0190 ADF0978B 		.ascii	"\255\360\227\213\227g\353ak\\g\323\3566\2176`\012\355"
  99      9767EB61 
  99      6B5C67D3 
  99      EE368F36 
  99      600AED
 100 01a3 3CAC7F61 		.ascii	"<\254\177awaqw\322\307\362\344\\\315\370\333\311\377"
 100      77617177 
 100      D2C7F2E4 
 100      5CCDF8DB 
 100      C9FF
 101 01b5 FA4450F6 		.ascii	"\372DP\366}\260\316g\253GQ\334\023\037\370>\367a\375"
 101      7DB0CE67 
 101      AB4751DC 
 101      131FF83E 
 101      F761FD
 102 01c8 3B4E9453 		.ascii	";N\224S\017\270^\005iw\376\220\270\012Ue\230o\205;\333"
 102      0FB85E05 
 102      6977FE90 
 102      B80A5565 
 102      986F853B 
 103 01dd 1BDFD319 		.ascii	"\033\337\323\031\357\262\217\333G{\316\234\260\235\316"
 103      EFB28FDB 
 103      477BCE9C 
 103      B09DCE
 104 01ec 849C9DD4 		.ascii	"\204\234\235\324\356]\226\223\262\272\216\235\264N9"
 104      EE5D9693 
 104      B2BA8E9D 
 104      B44E39
 105 01fb A77B5256 		.ascii	"\247{RV\302\351\356v\222\326\301#\035\361\216sV\362"
 105      C2E9EE76 
 105      92D6C123 
 105      1DF18E73 
 105      56F2
 106 020d AC9DD899 		.ascii	"\254\235\330\231PH\376\001\346r\355a"
 106      5048FE01 
 106      E672ED61 
 107              		.text
 108              		.section	.gnu.lto_nvicSetSystemHandlerPriority.bbabdc06,"",%progbits
 109 0000 789C6D52 		.ascii	"x\234mRMHTQ\024\276\337\275o\336\033\2351\243\225\030"
 109      4D485451 
 109      14BEDFBD 
 109      6FDE1B9D 
 109      31A39518 
 110 0014 481B7165 		.ascii	"H\033qe/pW\020\205P\020\270\251]\270\2611p@}\242\026"
ARM GAS  C:\Users\PETERL~1\AppData\Local\Temp\ccN3iszb.s 			page 8


 110      2F705710 
 110      855010B8 
 110      A95DB8B1 
 110      3170407D 
 111 002a 6D06EFE8 		.ascii	"m\006\357\350H\005\245\"\021CeQ\026i\352\230\366\243"
 111      4805A522 
 111      11436551 
 111      1669EA98 
 111      F6A3
 112 003c CE6A6A11 		.ascii	"\316jj\021\"e\015Y\306 I\240Q\264QG\220G\232\235\363"
 112      22650D59 
 112      C62049A0 
 112      51B45147 
 112      90479A9D 
 113 0051 2617518F 		.ascii	"&\027Q\217\367\336\275\347\234\357|\347;\347^%\376}"
 113      F7DEBDE7 
 113      9CEF7CE7 
 113      3BE75E25 
 113      FE7D
 114 0063 2AE8BB2B 		.ascii	"*\350\273+\2058A+|\002\262gV\210\250_J\225,\021:\337"
 114      8538412B 
 114      7C02B267 
 114      5688A85F 
 114      4A952C11 
 115 0079 F8680B1D 		.ascii	"\370h\013\035T0rn\003\340\215\200h\223\312@\033\276"
 115      5430726E 
 115      03E08D80 
 115      6893CA40 
 115      1BBE
 116 008b CB55899E 		.ascii	"\313U\211\236\324P<P\366@k\275ro\242\250\263\310%\276"
 116      D4503C50 
 116      F6406BBD 
 116      726FA2A8 
 116      B3C825BE 
 117 009f ACCCF1E3 		.ascii	"\254\314\361\343!\312\010rg`~\270P\035\206\240\375T"
 117      21CA0872 
 117      67607EB8 
 117      501D86A0 
 117      FD54
 118 00b1 62FD4DE0 		.ascii	"b\375M\340\233t%\366\261\231\354\235\216\233lJ\203\315"
 118      9B7425F6 
 118      B199EC9D 
 118      8E9B6C4A 
 118      83CD
 119 00c3 B1CDD826 		.ascii	"\261\315\330&J\373\265nO-\214\353#\206+\025\006\240"
 119      4AFBB56E 
 119      4F2D8CEB 
 119      23862B15 
 119      06A0
 120 00d5 880F8328 		.ascii	"\210\017\203(\306#\024\013r\011\014\241\224\320\357"
 120      C623140B 
 120      72090CA1 
 120      94D0EF
 121 00e4 6EACCF19 		.ascii	"n\254\317\031\352\230\307\233N\274\236+\314e\376\332"
 121      EA98C79B 
 121      4EBC9E2B 
 121      CC65FEDA 
ARM GAS  C:\Users\PETERL~1\AppData\Local\Temp\ccN3iszb.s 			page 9


 122 00f4 C91CFE4F 		.ascii	"\311\034\376O\346\010J\031\276\032\333\232\017\2301"
 122      E6084A19 
 122      BE1ADB9A 
 122      0F9831
 123 0103 52BD7B6B 		.ascii	"R\275{kG0\0220A\0139F\367\244\364\366v\377\253\027}"
 123      47301230 
 123      410B3946 
 123      F7A4F4F6 
 123      76FFAB17 
 124 0118 16F224B8 		.ascii	"\026\362$\270\236\017\234k\022\213a\361O\210%J\342\201"
 124      9E0F9C6B 
 124      128B61F1 
 124      4F88254A 
 124      E281
 125 012a 2C4BC9AB 		.ascii	",K\311\253\372\200\330lG\366\252b\236\015\311\263\331"
 125      FA80D86C 
 125      47F6AA62 
 125      9E0DC9B3 
 125      D9
 126 013b E85CB99C 		.ascii	"\350\\\271\234\317\335\371\202\002\243$\201\237e\222"
 126      CFDDF982 
 126      02A32481 
 126      9F6592
 127 014a 912C510B 		.ascii	"\221,Q\0130\030\310bn\277\357J\310\310O}I\373]if%\213"
 127      3018C862 
 127      6EBFEF4A 
 127      C8C84F7D 
 127      49FB5D69 
 128 0161 788C0887 		.ascii	"x\214\010\207\256w\317M*\012\3059d\261T\366..\275M\373"
 128      AE77CF4D 
 128      2A0AC539 
 128      64B154F6 
 128      2E2EBD4D 
 129 0176 99D7F2CC 		.ascii	"\231\327\362\314\301\356k\223\350\303\315h\017\243\374"
 129      C1EE6B93 
 129      E8C3CD68 
 129      0FA3FC
 130 0185 184304E3 		.ascii	"\030C\004\343\\\215g\2774\020\017\020\001\235\213\205"
 130      5C8D67BF 
 130      34100F10 
 130      019D8B85 
 131 0195 2784F28A 		.ascii	"'\204\362\212\342)\"\256\314\363\324\030\236\370\014"
 131      E22922AE 
 131      CCF3D418 
 131      9EF80C
 132 01a4 DA3F5DFC 		.ascii	"\332?]\374z\353tN<\275>\221A\307\202\231\263-r\021\331"
 132      7AEB744E 
 132      3CBD3E91 
 132      41C78299 
 132      B32D7211 
 133 01b9 FDF4625A 		.ascii	"\375\364bZq\335|C\340\031U\310\340e\257\307H\301\037"
 133      71DD7C43 
 133      E01955C8 
 133      E065AFC7 
 133      48C11F
 134 01cc 6B5D8B5E 		.ascii	"k]\213^\263\001\235\351\320\273\376\322\031\360\264"
 134      B3019DE9 
ARM GAS  C:\Users\PETERL~1\AppData\Local\Temp\ccN3iszb.s 			page 10


 134      D0BBFED2 
 134      19F0B4
 135 01db 8CCD6CCF 		.ascii	"\214\315l\317\004Y\247\326)\323\225A<\247\223\231\370"
 135      0459A7D6 
 135      29D39541 
 135      3CA79399 
 135      F8
 136 01ec 23B42B3B 		.ascii	"#\264+;\375%\257|H\307\340\312\002p?k\336-\242Pb\266"
 136      FD25AF7C 
 136      48C7E0CA 
 136      02703F6B 
 136      DE2DA250 
 137 0202 FF4A813D 		.ascii	"\377J\201=\242c\321\324^\252\215)\224\323|\275\013\226"
 137      A263D1D4 
 137      5EAA8D29 
 137      94D37CBD 
 137      0B96
 138 0214 844DEAC4 		.ascii	"\204M\352\304gDS}\307\275\326\004\037\014\270'B\034"
 138      6744537D 
 138      C7BDD604 
 138      1F0CB827 
 138      421C
 139 0226 AA3C585D 		.ascii	"\252<X]Y\027>\023>\325z\2566\354T\207x\357\264T\034"
 139      59173E13 
 139      3ED57AAE 
 139      36EC5487 
 139      78EFB454 
 140 023b B09D16BB 		.ascii	"\260\235\026\273\256\246\336nr\232[[\354\220\323\320"
 140      AEA6DE6E 
 140      729A5B5B 
 140      EC90D3D0 
 141 024b E034DA47 		.ascii	"\3404\332GOVUV]\260\033\317\207C\373C\302\252\253i\254"
 141      4F565556 
 141      5DB01BCF 
 141      8743FB43 
 141      C2AAAB69 
 142 0260 AD3FDB6C 		.ascii	"\255?\333l45\207\235\337A\322\007I"
 142      3435879D 
 142      DF41D207 
 142      49
 143              		.text
 144              		.section	.gnu.lto_nvicClearPending.bbabdc06,"",%progbits
 145 0000 789C6551 		.ascii	"x\234eQMHTQ\024>\337yo\336\214LX\270\222\201\250E\342"
 145      4D485451 
 145      143EDF79 
 145      6FDE8C4C 
 145      58B89281 
 146 0017 CA5ED0AE 		.ascii	"\312^\320\256\240\214Y\264\022\242\266njZ8\220\363\242"
 146      A08C59B4 
 146      12A2B66E 
 146      6A5A3890 
 146      F3A2
 147 0029 B168E71D 		.ascii	"\261h\347\035g\322\205\202\342&AfSI?\223c\031-\262\204"
 147      67D28582 
 147      E2264166 
 147      53493F93 
 147      63192DB2 
ARM GAS  C:\Users\PETERL~1\AppData\Local\Temp\ccN3iszb.s 			page 11


 148 003e 8750B8A9 		.ascii	"\207P\270\251\2302\012\211i\341\004\375-\324\014\347"
 148      98320A89 
 148      69E104FD 
 148      2DD40CE7 
 149 004e 2DCACE79 		.ascii	"-\312\316y\257]\017\336\275\347|\367\373\276s\316\275"
 149      AF5D0FDE 
 149      BDE77CF7 
 149      FBBE73CE 
 149      BD
 150 005f 16FDFFA5 		.ascii	"\026\375\377\245\344\377\005\242\343\262\303\"\360\304"
 150      E4FF05A2 
 150      E3B2C322 
 150      F0C4
 151 006d 2BA24282 		.ascii	"+\242B\202\001\015\0104\310\030\304W\336`L\370\225\251"
 151      010D0834 
 151      C818C457 
 151      DE604CF8 
 151      95A9
 152 007f 64E78C31 		.ascii	"d\347\2141f\375\315\323\366k\355\001\023\375\344\310"
 152      66FDCDD3 
 152      F66BED01 
 152      13FDE4C8 
 153 008f 06B7D129 		.ascii	"\006\267\321)\224\225\017k\303\266u\014$\361\223\352"
 153      94950F6B 
 153      C3B6750C 
 153      24F193EA 
 154 009f D6CBE417 		.ascii	"\326\313\344\027\016\030\3735]\230\\\236r4e[\323\307"
 154      0E18FB35 
 154      5D985C9E 
 154      7234655B 
 154      D3C7
 155 00b1 8BD517BB 		.ascii	"\213\325\027\273;n\0323\344/\317\233n;`\013w`\211\037"
 155      3B6E1A33 
 155      E42FCF9B 
 155      6E3B600B 
 155      7760891F 
 156 00c5 EE22857B 		.ascii	"\356\"\205{H\221@\204\012:\224\276Q\372\375>\351\224"
 156      48914084 
 156      0A3A94BE 
 156      51FAFD3E 
 156      E994
 157 00d7 A4F69EA8 		.ascii	"\244\366\236\250&\356\303\221\266i\256\3157;;k3c\213"
 157      26EEC391 
 157      B669AECD 
 157      373B3B6B 
 157      33638B
 158 00ea 760BA074 		.ascii	"v\013\240t\026\241m\311\022\263u\211\351\342(F\324\020"
 158      16A16DC9 
 158      12B37589 
 158      E9E22846 
 158      D410
 159 00fc A58EF599 		.ascii	"\245\216\365\231Ywk\025\305\372\360\237\362)5\333f\336"
 159      59776B15 
 159      C5FAF09F 
 159      F22935DB 
 159      66DE
 160 010e 963A8C1F 		.ascii	"\226:\214\037o\247\027vi\243\"\305\254\364\261\212\241"
ARM GAS  C:\Users\PETERL~1\AppData\Local\Temp\ccN3iszb.s 			page 12


 160      6FA71776 
 160      69A322C5 
 160      ACF4B18A 
 160      A1
 161 011f FAC88A15 		.ascii	"\372\310\212\025\221,!\011Rl:Qn\013$\242g\343\343\317"
 161      912C2109 
 161      526C3A51 
 161      6E0B24A2 
 161      67E3E3CF 
 162 0133 E3A1681F 		.ascii	"\343\241h\037\241\032\212\212\037\377Qb8\220\022b\344"
 162      A11A8A8A 
 162      1FFF5162 
 162      38901262 
 162      E4
 163 0144 B3C511A8 		.ascii	"\263\305\021\250\270 K\223\320\\\0346\277\233\262\255"
 163      B8204B93 
 163      D05C1C36 
 163      BF9BB2AD 
 164 0154 0E8E592A 		.ascii	"\016\216Y*\232V\035\372S\343u-\021B\244\351\215w\315"
 164      9A561DFA 
 164      53E3752D 
 164      1142A4E9 
 164      8D77CD
 165 0167 6FAD654C 		.ascii	"o\255eL\027\214\361\343\001\3071'\027\365@j\351apk,"
 165      178CF1E3 
 165      01C73127 
 165      17F5406A 
 165      E961706B 
 166 017c D9553125 		.ascii	"\331U1%\004\234\300C\224\261\031\276\214\234\214^\257"
 166      049CC043 
 166      94B119BE 
 166      8C9C8C5E 
 166      AF
 167 018d 3513EEAC 		.ascii	"5\023\356\254)\025\374\275\001\267`\036]2k\370h\217"
 167      2915FCBD 
 167      01B7601E 
 167      5D326BF8 
 167      688F
 168 019f E04A2754 		.ascii	"\340J'TG\301\257\235\324>\024m\310\200r9\3028\232>\322"
 168      47C1AF9D 
 168      D43E146D 
 168      C8807239 
 168      C2389A3E 
 169 01b4 9BEECB9E 		.ascii	"\233\356\313\236\313\236\031\270|>\353\365f4\366\362"
 169      CB9E19B8 
 169      7C3EEBF5 
 169      6634F6F2 
 170 01c4 870FB95E 		.ascii	"\207\017\271^\336\355;{\301\275\350]\032\310\273\031"
 170      DEED3B7B 
 170      C1BDE85D 
 170      1AC8BB19 
 171 01d4 AFBFDFCB 		.ascii	"\257\277\337\313\271'N\367\244{\256\272\271+\331\314"
 171      B9274EF7 
 171      A47BAEBA 
 171      B92BD9CC 
 172 01e4 C10C21F7 		.ascii	"\301\014!\367\027M\202\3029"
 172      174D82C2 
ARM GAS  C:\Users\PETERL~1\AppData\Local\Temp\ccN3iszb.s 			page 13


 172      39
 173              		.text
 174              		.section	.gnu.lto_.symbol_nodes.bbabdc06,"",%progbits
 175 0000 789C55C9 		.ascii	"x\234U\311\273\015\2000\000\003\321\213C$\006b%\346"
 175      BB0D8030 
 175      0003D18B 
 175      43240662 
 175      25E6
 176 0012 700ABE1D 		.ascii	"p\012\276\035\023\240\014\301\010\324\314\004\022\024"
 176      13A00CC1 
 176      08D4CC04 
 176      1214
 177 0020 C1C515CF 		.ascii	"\301\305\025\317\021\350\371\246A\206\355\002\233\275"
 177      11E8F9A6 
 177      4186ED02 
 177      9BBD
 178 002e B46894C3 		.ascii	"\264h\224\303\017&Y5\244U\0249j~R\037a\221\233\027\310"
 178      0F265935 
 178      A4551439 
 178      6A7E521F 
 178      61919B17 
 179 0043 B9252A71 		.ascii	"\271%*q\036\0357q5\032v"
 179      1E1D3771 
 179      351A76
 180              		.text
 181              		.section	.gnu.lto_.refs.bbabdc06,"",%progbits
 182 0000 789C6366 		.ascii	"x\234cf```c\200\000F&&f&\006\000\000\301\000\024"
 182      60606063 
 182      80004626 
 182      26662606 
 182      0000C100 
 183              		.text
 184              		.section	.gnu.lto_.decls.bbabdc06,"",%progbits
 185 0000 789CBD57 		.ascii	"x\234\275WkPTG\026\236\236\036^\303\000Y\335U\213J*"
 185      6B505447 
 185      169E9E1E 
 185      5EC30059 
 185      DD558B4A 
 186 0015 C46CB1C9 		.ascii	"\304l\261\311&\212\321d7f\177$\210fe\253\314\262C\342"
 186      268AD164 
 186      37667F24 
 186      886665AB 
 186      CCB243E2 
 187 0029 9F504510 		.ascii	"\237PE\020\306H\025\217,\214\273\372\357\302\240\016"
 187      C648158F 
 187      2C8CBBFA 
 187      EFC2A00E 
 188 0039 828AE003 		.ascii	"\202\212\340\003TtD\020dx\011\210\202\010\010\210<\025"
 188      54744410 
 188      64780988 
 188      82080888 
 188      3C15
 189 004b 15455470 		.ascii	"\025ETp|\202\200\200\200\002\202\314\236\356\276w\036"
 189      7C828080 
 189      800282CC 
 189      9EEEBE77 
 189      1E
ARM GAS  C:\Users\PETERL~1\AppData\Local\Temp\ccN3iszb.s 			page 14


 190 005c 3740F223 		.ascii	"7@\362#\265Su\356\314\271\375\3659\3379\335}\372\014"
 190      B55375EE 
 190      CCB9FDF5 
 190      39DF39DD 
 190      7DFA0C
 191 006f 964824B5 		.ascii	"\226H$\265H\"1\302'\177\221D2-\225Hl\340\235\017\010"
 191      482231C2 
 191      277F9144 
 191      322D9548 
 191      6CE09D0F 
 192 0084 FC949C01 		.ascii	"\374\224\234\001yO\302>\344}\015\310e\220\006\220&\220"
 192      794FC23E 
 192      E47D0DC8 
 192      65900690 
 192      2690
 193 0096 5610982E 		.ascii	"V\020\230.i\223X\177\010\316\231\267C\276\025 \027@"
 193      6993587F 
 193      08CE99B7 
 193      43BE1520 
 193      1740
 194 00a8 16F0F6FE 		.ascii	"\026\360\366\376\001\262\026\244\023\304\035\014\374"
 194      01B216A4 
 194      13C41D0C 
 194      FC
 195 00b5 11C401A4 		.ascii	"\021\304\001\244\033\364\007 \230\340@_\004\262\000"
 195      1BF40720 
 195      98E0405F 
 195      04B200
 196 00c4 311F3592 		.ascii	"1\0375\222\237\177\010\027\247\031\374X\372\020\354"
 196      9F7F0817 
 196      A719FC58 
 196      FA10EC
 197 00d3 0BB6899F 		.ascii	"\013\266\211\237N>\276\305\210\371A\274-\361\247\341"
 197      4E3EBEC5 
 197      88F941BC 
 197      2DF1A7E1 
 198 00e3 17E2F813 		.ascii	"\027\342\370\023b9*\006\271\302\307\263\005\336\375"
 198      62392A06 
 198      B9C2C7B3 
 198      05DEFD
 199 00f2 1764256F 		.ascii	"\027d%ow#b\276\032\346\310\027\311\245|\2168\3041\020"
 199      772362BE 
 199      1AE6C817 
 199      C9A57C8E 
 199      38C43110 
 200 0106 1B8B78FB 		.ascii	"\033\213x\373M3\360~!E\365\372\324\037\260\024\301O"
 200      4D33F07E 
 200      2145F5FA 
 200      D41FB014 
 200      C14F
 201 0118 D9A32305 		.ascii	"\331\243#\005%.\310\335\325U\236\316q\234\226\373\012"
 201      252EC8DD 
 201      D5559ECE 
 201      719C96FB 
 201      0A
 202 0129 E9911C65 		.ascii	"\351\221\034e\"l1#\031\336\217\177I\006\340\247=\375"
 202      226C3123 
ARM GAS  C:\Users\PETERL~1\AppData\Local\Temp\ccN3iszb.s 			page 15


 202      19DE8F7F 
 202      4906E0A7 
 202      3DFD
 203 013b D6725C34 		.ascii	"\326r\\47\224\310\341E\022\364\261+\372\320U\202\262"
 203      3794C8E1 
 203      4512F4B1 
 203      2BFAD055 
 203      82B2
 204 014d 903B1D92 		.ascii	"\220;\035\222\240l\344\212N!W\342\351a\322\213X\033"
 204      A06CE48A 
 204      4E2157E2 
 204      E961D28B 
 204      581B
 205 015f 398FD6FE 		.ascii	"9\217\326\376\022z{\373\366v\334#E\316\362\036B\016"
 205      127A7BFB 
 205      F676DC23 
 205      45CEF21E 
 205      420E
 206 0171 1D3ED63E 		.ascii	"\035>\326>\340\004\272B\376\016QK\363F[\034\351\260"
 206      E004BA42 
 206      FE0E514B 
 206      F3465B1C 
 206      E9B0
 207 0183 1B51CB12 		.ascii	"\033Q\313\022\353\223m\351\250\214\250\205\345=/]\250"
 207      EB936DE9 
 207      A88CA885 
 207      E53D2F5D 
 207      A8
 208 0194 FA365135 		.ascii	"\3726Q5\035Q\321.\3043\307%h8\207zg\030@\371\340\253"
 208      1D51D12E 
 208      C433C725 
 208      6838877A 
 208      671840F9 
 209 01aa 007C4950 		.ascii	"\000|IP!\365\375\201+:\315\\\267\364T\356\262\235\227"
 209      21F5FD81 
 209      2B3ACD5C 
 209      B7F454EE 
 209      B29D97
 210 01bd 40E11CE7 		.ascii	"@\341\034\347\206h\032r\001\236G\341Eh\2360\211\240"
 210      86681A72 
 210      019E47E1 
 210      45689E30 
 210      89A0
 211 01cf 73B2470E 		.ascii	"s\262G\016\271X\242s\346BW\214D%\333(v\222$\360T\212"
 211      B958A273 
 211      E642578C 
 211      4425DB28 
 211      769224F0 
 212 01e5 D13C0B2E 		.ascii	"\321<\013.g\020YS\372\015\350\312\212\361:9\266\243"
 212      67105953 
 212      FA0DE8CA 
 212      8AF13A39 
 212      B6A3
 213 01f7 093891FC 		.ascii	"\0118\221\374\240M\376q6]\231\252*\251y\005\343\265"
 213      A04DFE71 
 213      365D99AA 
 213      2AA97905 
ARM GAS  C:\Users\PETERL~1\AppData\Local\Temp\ccN3iszb.s 			page 16


 213      E3B5
 214 0209 8606395E 		.ascii	"\206\0069^HAQ'\317\307\333A\340\357\311\351\320\375"
 214      48415127 
 214      CFC7DB41 
 214      E0EFC9E9 
 214      D0FD
 215 021b C313E90E 		.ascii	"\303\023\351\016T%'\327\005^I\353\237r'\234\221;]\342"
 215      542527D7 
 215      055E49EB 
 215      9F72279C 
 215      913B5DE2 
 216 022f A1C6C4BA 		.ascii	"\241\306\304\272\2679N\206\312\201\3629\204\321Y\364"
 216      B7394E86 
 216      CA81F239 
 216      84D159F4 
 217 023f 31714E66 		.ascii	"1qNf\223\217\326LSb\342\210\316\303r\275'\247XT\012"
 217      938FD64C 
 217      5362E288 
 217      CEC372BD 
 217      27A75854 
 218 0254 2FCB68D6 		.ascii	"/\313h\326\244\227\246*bl\220\334}\346I\0253L\242\024"
 218      A497A62A 
 218      626C90DC 
 218      7DE64915 
 218      334CA214 
 219 0268 52B6252E 		.ascii	"R\266%. \024.\000\205\0223\205r$7\005\250\315-(w\220"
 219      20142E00 
 219      85123385 
 219      72243705 
 219      A8CD2D28 
 220 027e 41C414F4 		.ascii	"A\304\024\364=]\341C\2559\207\025\246w\225\210\276\314"
 220      3D5DE143 
 220      AD398715 
 220      A6779588 
 220      BECC
 221 0290 DDF3B256 		.ascii	"\335\363\262V\261p?\277\316o\311\220\317\002\213\324"
 221      B1703FBF 
 221      CE6FC990 
 221      CF028BD4 
 222 02a0 5E440BE1 		.ascii	"^D\013\341Y\005Pj\265\260M\177T\216\237 \232\267\202"
 222      5905506A 
 222      B5B04D7F 
 222      548E9F20 
 222      9AB782
 223 02b3 B68E6CEC 		.ascii	"\266\216l\354v\224\323\025\014\015d\036\305)\234.\232"
 223      7694D315 
 223      0C0D641E 
 223      C5299C2E 
 223      9A
 224 02c4 9B361A11 		.ascii	"\2336\032\021\235\205\252M\274$\3447\345\205j\220\333"
 224      9D85AA4D 
 224      BC24E437 
 224      E5856A90 
 224      DB
 225 02d5 2CDCEE16 		.ascii	",\334\356\026M\017\270\314J\343\022\245Q+\320h\216\337"
 225      4D0FB8CC 
 225      4AE312A5 
ARM GAS  C:\Users\PETERL~1\AppData\Local\Temp\ccN3iszb.s 			page 17


 225      512BD068 
 225      8EDF
 226 02e7 7149810B 		.ascii	"qI\201\013\351\011D\027\232.\276\262\2414t\207N\330"
 226      E9094417 
 226      9A2EBEB2 
 226      A1347487 
 226      4ED8
 227 02f9 D6735546 		.ascii	"\326sUF\343\227d\002\252\263`P'0\270L\031\354;W\252"
 227      E3976402 
 227      AAB36050 
 227      2730B84C 
 227      19EC3B57 
 228 030e 71C2B5CC 		.ascii	"q\302\265\314@\301\363d\215\0353Pf2@B\250\2670P/\030"
 228      40C1F364 
 228      8D1D3350 
 228      66324042 
 228      A8B73050 
 229 0324 68A0063A 		.ascii	"h\240\006:\342\271q\031~\300\014LT\215\365\361\006:"
 229      E2B97119 
 229      7EC00C4C 
 229      548DF5F1 
 229      063A
 230 0336 AD18345A 		.ascii	"\255\0304Z\030h\024\0144Q\003\311;\223\265\012\253="
 230      1868140C 
 230      345103C9 
 230      3B93B50A 
 230      AB3D
 231 0348 4D8E8039 		.ascii	"M\216\2009\342f\266\247\001i|\2232\202h\266\340\035"
 231      E266B6A7 
 231      01697C93 
 231      328268B6 
 231      E01D
 232 035a 9FADA178 		.ascii	"\237\255\241x}\257\303\254\331\272B\263\325\"d+?\351"
 232      7DAFC3AC 
 232      D9BA42B3 
 232      D522642B 
 232      3FE9
 233 036c C1B03D1E 		.ascii	"\301\260=\036f\\3\317<)@\300\325\300\015M5\351W\355"
 233      665C33CF 
 233      3C2940C0 
 233      D5C00D4D 
 233      35E957ED 
 234 0380 D524A473 		.ascii	"\325$\244s\006\243\361]:\013]\265 |U \334J\011?I\334"
 234      06A3F15D 
 234      3A0B5DB5 
 234      207C5520 
 234      DC4A093F 
 235 0396 3F84710E 		.ascii	"?\204q\016\246V\322\243\263\322\344\370\014Sv\337~\271"
 235      A656D2A3 
 235      B3D2E4F8 
 235      0C5376DF 
 235      7EB9
 236 03a8 DFE5DD1A 		.ascii	"\337\345\335\032\234\012\265\015\016&=w\347{.\311\337"
 236      9C0AB50D 
 236      0E263D77 
 236      E77B2EC9 
 236      DF
ARM GAS  C:\Users\PETERL~1\AppData\Local\Temp\ccN3iszb.s 			page 18


 237 03b9 3FCEB5EA 		.ascii	"?\316\265\352\206\006v\014.\212J\320E'p$+\364\344^\003"
 237      8606760C 
 237      2E8A4AD0 
 237      45277024 
 237      2BF4E45E 
 238 03ce 2F90468B 		.ascii	"/\220F\213\003\177\235\370B7\020\320hC\357[\234\311"
 238      037F9DF8 
 238      423710D0 
 238      6843EF5B 
 238      9CC9
 239 03e0 05EC4CEE 		.ascii	"\005\354L\356n:t\021S\325H]\036\274v\373,\244\237\371"
 239      6E3A7411 
 239      53D5485D 
 239      1EBC76FB 
 239      2CA49FF9 
 240 03f4 DF79F754 		.ascii	"\337y\367T\263\035~F\025i\342\243\321\014$\234(\353"
 240      B31D7E46 
 240      1569E2A3 
 240      D10C249C 
 240      28EB
 241 0406 027B078E 		.ascii	"\002{\007\216\323\002\3768\335\004\327\267\204\343\324"
 241      D302FE38 
 241      DD04D7B7 
 241      84E3D4
 242 0415 F8DA80C8 		.ascii	"\370\332\200\310q\352\200\025\270m>N\013L\247Ijh\317"
 242      71EA8015 
 242      B86D3E4E 
 242      0B4CA749 
 242      6A68CF
 243 0428 F8D7CC46 		.ascii	"\370\327\314F\357\315f4e[\323\037\210\321\273`\264\335"
 243      EFCD6634 
 243      655BD31F 
 243      88D1BB60 
 243      B4DD
 244 043a 6CB4C3E2 		.ascii	"l\264\303\342\214\336\212\217:\210I\211\325\374\012"
 244      8CDE8A8F 
 244      3A884989 
 244      D5FC0A
 245 0449 A3A813C9 		.ascii	"\243\250\023\311aNw\0347*\2435\\g\240\321_m4j\235i\331"
 245      614E771C 
 245      372AA335 
 245      5C67A0D1 
 245      5F6D346A 
 246 0460 8EA1757B 		.ascii	"\216\241u{Gc{\207-\036a\251y^\235\276\2059\370U\305"
 246      47637B87 
 246      2D1E61A9 
 246      795E9DBE 
 246      8539F855 
 247 0475 05669C6F 		.ascii	"\005f\234o>\225/\245\3669\251\345\235\241`w\306\330"
 247      3E952FA5 
 247      F639A9E5 
 247      9DA16077 
 247      C6D8
 248 0487 09431FA2 		.ascii	"\011C\037\242\252\035Q\015\323\011\334\034\227\304\023"
 248      AA1D510D 
 248      D309DC1C 
 248      97C413
ARM GAS  C:\Users\PETERL~1\AppData\Local\Temp\ccN3iszb.s 			page 19


 249 0496 E19278CC 		.ascii	"\341\222x\314\214\027\025\216]u6\227}5=\377\017\001"
 249      8C17158E 
 249      5D753697 
 249      7D353DFF 
 249      0F01
 250 04a8 FE88C29F 		.ascii	"\376\210\302\237\322\262\377D(\373\361\275\243S6\226"
 250      D2B2FF44 
 250      28FBF1BD 
 250      A3533696 
 251 04b8 E80773A1 		.ascii	"\350\007s\241\273\262\313j\035\361\033\026w\335\263"
 251      BBB2CB6A 
 251      1DF11B16 
 251      77DDB3
 252 04c7 8ADD0A16 		.ascii	"\212\335\012\026\205-=\342\225\372X\007J\373\007\242"
 252      852D3DE2 
 252      95FA5807 
 252      4AFB07A2 
 253 04d7 DE6BBDA9 		.ascii	"\336k\275\251g9[H\324\351G\332\021\233\331\243\350\027"
 253      67395B48 
 253      D4E947DA 
 253      119BD9A3 
 253      E817
 254 04e9 A2E86351 		.ascii	"\242\350cQT\024\364\247\330\212\243x\006\360^\012\177"
 254      5414F4A7 
 254      D88AA378 
 254      06F05E0A 
 254      7F
 255 04fa 4E79F50B 		.ascii	"Ny\365\013\274\322o\3579\202q\264\214\362\332q\304\230"
 255      BCD26FEF 
 255      398271B4 
 255      8CF2DA71 
 255      C498
 256 050c E684E399 		.ascii	"\346\204\343\231\262\277\374H\"#\305Q\275\345h\352Y"
 256      B2BFFC48 
 256      2223C551 
 256      BDE568EA 
 256      59
 257 051d 8CF7B2C1 		.ascii	"\214\367\262\301\332kw\365\354r\326Q]{i\274U\206\017"
 257      DA6B77F5 
 257      EC72D651 
 257      5D7B69BC 
 257      55860F
 258 0530 B1416191 		.ascii	"\261Aa\221\024\374\"=\315\255;\341\214\217\261\301\272"
 258      14FC223D 
 258      CDAD3BE1 
 258      8C8FB1C1 
 258      BA
 259 0541 966B8FD9 		.ascii	"\226k\217\331\022\351\350\340\253g\027O\332\341Slp\""
 259      12E9E8E0 
 259      AB67174F 
 259      DAE1536C 
 259      7022
 260 0553 29763F33 		.ascii	")v?3\313aZ\\J\222\033\234p\036\033lNIOW\260\231t\360"
 260      CB615A5C 
 260      4A921B9C 
 260      701E1B6C 
 260      4E494F57 
ARM GAS  C:\Users\PETERL~1\AppData\Local\Temp\ccN3iszb.s 			page 20


 261 056b 6E73C2A4 		.ascii	"ns\302\244\002\237c\203{\206\256\355\342\331\322\022"
 261      029F6383 
 261      7B86AEED 
 261      E2D9D212 
 262 057b F43C63AA 		.ascii	"\364<c\252\227mD\316\231r\032/\311d9e\373\222{}\200"
 262      976D44CE 
 262      99721A2F 
 262      C9643965 
 262      FB927B7D 
 263 0590 4FF95FE9 		.ascii	"O\371_\351\335Su\240\325a\366\034sR>\307F\226\343\266"
 263      DD5375A0 
 263      D561F61C 
 263      73523EC7 
 263      4696E3B6 
 264 05a4 2B47F7FD 		.ascii	"+G\367\375l\247\274\001\3704\205GI\347\011\223\010z"
 264      6CA7BC01 
 264      F8348547 
 264      49E70993 
 264      087A
 265 05b6 72FAD4A0 		.ascii	"r\372\324\240\023\276\300\210fT\215\305\261\344\350"
 265      13BEC088 
 265      66548DC5 
 265      B1E4E8
 266 05c5 28D1ACCA 		.ascii	"(\321\254\312\304L\236\250\013Ms\212\241\230\021\035"
 266      C44C9EA8 
 266      0B4D738A 
 266      A198111D 
 267 05d5 A2F89876 		.ascii	"\242\370\230v\355U;\252\017\262\0129p\243\300~v\246"
 267      ED553BAA 
 267      0FB20A39 
 267      70A3C07E 
 267      76A6
 268 05e7 3B04A6DB 		.ascii	";\004\246\333\245\224\351x\327\331\013V\255\0149\360"
 268      A594E978 
 268      D7D90B56 
 268      AD0C39F0 
 269 05f7 315257B4 		.ascii	"1RW\264MJ\340Z\312t\207\300t\272b\242Ia\211\356\234"
 269      4D4AE05A 
 269      CA7487C0 
 269      74BA62A2 
 269      496189EE 
 270 060c 0B7DACED 		.ascii	"\013}\254\355\305a\005\276,\263\332\323\012~O\017\351"
 270      C56105BE 
 270      2CB3DAD3 
 270      0A7E4F0F 
 270      E9
 271 061d CE3D7060 		.ascii	"\316=p`q\035\247\000cF\177\222=\005$\374\236\350i\321"
 271      711DA700 
 271      63467F92 
 271      3D0524FC 
 271      9EE869D1 
 272 0631 65DDACFB 		.ascii	"e\335\254\373\323\330\020]?y\243o\216m\276G\010l7\013"
 272      D3D8105D 
 272      3F79A36F 
 272      8E6DBE47 
 272      086C370B 
 273 0645 6CD79D22 		.ascii	"l\327\235\"\231x\005\342\201\351.\3124\2012\335#0\275"
ARM GAS  C:\Users\PETERL~1\AppData\Local\Temp\ccN3iszb.s 			page 21


 273      997805E2 
 273      81E92ECA 
 273      348132DD 
 273      2330BD
 274 0658 75E9CE3D 		.ascii	"u\351\316='\334\310\230f\025\3374\260\0358D\253\304"
 274      27DCC898 
 274      6615DF34 
 274      B01D3844 
 274      ABC4
 275 066a D0F8D475 		.ascii	"\320\370\324u\007\334\306\00659]\023r\026\006\251W."
 275      07DCC606 
 275      35395D13 
 275      721606A9 
 275      572E
 276 067c 135971EF 		.ascii	"\023Yq\357\242\305\302g>y\270\353H\001--\032]r*\232"
 276      A2C5C267 
 276      3E79B8EB 
 276      48012D2D 
 276      1A5D722A 
 277 0691 AB8AC1C4 		.ascii	"\253\212\301\304\031\332+\305\350\250t\276\211\002J"
 277      19DA2BC5 
 277      E8A874BE 
 277      89024A
 278 06a0 A43CFE0C 		.ascii	"\244<\376\014\017\211\216\213\211\322e\177T\277\014"
 278      0F898E8B 
 278      89D2657F 
 278      54BF0C
 279 06af 75C3F5D2 		.ascii	"u\303\365\322\203\030R(\025\020\223\005P\243\253\320"
 279      83185228 
 279      15109305 
 279      50A3ABD0 
 280 06bf DB029214 		.ascii	"\333\002\222\024\223$\336\246\251(\356\023\331<'\330"
 280      9324DEA6 
 280      A928EE13 
 280      D93C27D8 
 281 06cf 1C13DB1C 		.ascii	"\034\023\333\034G\026H\216\323\351\011\022\216>\032"
 281      4716488E 
 281      D3E90912 
 281      8E3E1A
 282 06de E0914241 		.ascii	"\340\221BA\340\253\225\031\231/ _\212\221\257D\310R"
 282      E0AB9519 
 282      992F205F 
 282      8A91AF44 
 282      C852
 283 06f0 01392146 		.ascii	"\0019!F\276\026!s\005\344\0131r\030YGT&D4)\216h\312"
 283      BE162173 
 283      05E40B31 
 283      72185947 
 283      54264434 
 284 0708 8CDCCBAF 		.ascii	"\214\334\313\257\372Wj\011\352\202\361\373t\210\240"
 284      FA576A09 
 284      EA82F1FB 
 284      7488A0
 285 0717 E1BA4027 		.ascii	"\341\272@'\244\356\350\200t1J\001I\0039\002\242\003"
 285      A4EEE880 
 285      74314A01 
 285      49033902 
ARM GAS  C:\Users\PETERL~1\AppData\Local\Temp\ccN3iszb.s 			page 22


 285      A203
 286 0729 3904920C 		.ascii	"9\004\222\014r\030$\025\344\030\310q\220\375 \007\245"
 286      72182415 
 286      E418C871 
 286      90FD2007 
 286      A5
 287 073a 8BE9AD47 		.ascii	"\213\351\255G\331\236'\034\340\010\243h>\377\302\301"
 287      D99E271C 
 287      E008A368 
 287      3EFFC2C1 
 288 074a 461A51FE 		.ascii	"F\032Q\376\363\004\266#b\266\243\242\270\312?J^\206"
 288      F304B623 
 288      62B6A3A2 
 288      B8CA3F4A 
 288      5E86
 289 075c 62C1E64E 		.ascii	"b\301\346N\336\246p\250P\234\310f\216`sPls\310l\223"
 289      DEA670A8 
 289      509CC866 
 289      8E607350 
 289      6C73C86C 
 290 0771 5CE1862C 		.ascii	"\\\341\206,\275-\207\010D\"4E\246\206\240\377\345\324"
 290      BD2D8708 
 290      44223445 
 290      A686A0FF 
 290      E5D4
 291 0783 A4339AEF 		.ascii	"\2443\232\357>S\246P\006$\350\267H\026%Q\031\207\354"
 291      3E53A650 
 291      0624E8B7 
 291      48162551 
 291      1987EC
 292 0796 513A5833 		.ascii	"Q:X3\230\233\010BIh\"N\356\315\322\331Z5\222\351\026"
 292      989B0842 
 292      4968224E 
 292      EECDD2D9 
 292      5A3592E9 
 293 07ab 3B5A824E 		.ascii	";Z\202NJ\331\237#\370&%\336p\272Fj\205&m\237\031\235"
 293      4AD99F23 
 293      F82625DE 
 293      70BA466A 
 293      85266D9F 
 294 07c1 C9A33329 		.ascii	"\311\2433)\272\274+\266\227\225\030\203=\361\325"
 294      BABC2BB6 
 294      97951883 
 294      3DF1D5
 295 07d0 684C8AB2 		.ascii	"hL\212\262\241g7\236\236\345\302\356]\333]p\222\015"
 295      A167379E 
 295      9EE5C2EE 
 295      5DDB5D70 
 295      920D
 296 07e2 6BC3340D 		.ascii	"k\3034\015\331r\241\331\320\376\252f\343\302\325\274"
 296      D972A1D9 
 296      D0FEAA66 
 296      E3C2D5BC 
 297 07f2 6A177C84 		.ascii	"j\027|\204\315o\032\255*p\300iLy9X\335i\2173\231\222"
 297      CD6F1AAD 
 297      2A70C069 
 297      4C793958 
ARM GAS  C:\Users\PETERL~1\AppData\Local\Temp\ccN3iszb.s 			page 23


 297      DD698F33 
 298 0808 BEFF400E 		.ascii	"\276\377@\016sKY\0247k*lq\016\033+\216=\323b\213\013"
 298      734B5914 
 298      376B2A6C 
 298      710E1B2B 
 298      8E3DD362 
 299 081e 79130FC7 		.ascii	"y\023\017\307GX\211|\2132:\260\017\372\376\0226&\264"
 299      4758897C 
 299      8B323AB0 
 299      0FFAFE12 
 299      3626B4
 300 0831 00CEAC05 		.ascii	"\000\316\254\005\030\3336\024\313\312\220\202\250\335"
 300      18DB3614 
 300      CBCA9082 
 300      A8DD
 301 083f 0959F96C 		.ascii	"\011Y\371l\246#\375k\374\342\350\001\247\331K\345Y\241"
 301      A623FD6B 
 301      FCE2E801 
 301      A7D94BE5 
 301      59A1
 302 0851 5496B052 		.ascii	"T\226\260R\231\332\332~\330I|\007\024\303\006<C\367"
 302      99DADA7E 
 302      D8497C07 
 302      14C3063C 
 302      43F7
 303 0863 DE395A2B 		.ascii	"\3369Z+\317\012\265\262b\262\353\272\243\370\016\230"
 303      CF0AB5B2 
 303      62B2EBBA 
 303      A3F80E98 
 304 0873 155D393A 		.ascii	"\025]9:lt\304e,\210\224\261\346:\366\037}\021Q[\353"
 304      6C74C465 
 304      2C8894B1 
 304      E63AF61F 
 304      7D11515B 
 305 0888 6AEE3AE2 		.ascii	"j\356:\342\0126\246\3454\271r\\\313\224\254\207W\022"
 305      0A36A6E5 
 305      34B9725C 
 305      CB94AC87 
 305      5712
 306 089a 59EDFF80 		.ascii	"Y\355\377\200V\340\307}\207\235p\003\033\353M\313\272"
 306      56E0C77D 
 306      879D7003 
 306      1BEB4DCB 
 306      BA
 307 08ab ADC05798 		.ascii	"\255\300W\230r\177\354~5\273\375\226\021\365btj\211"
 307      727FEC7E 
 307      35BBFD96 
 307      11F56274 
 307      6A89
 308 08bd 23BEC1C6 		.ascii	"#\276\301\306\272\373\023\007e\270\203)QU\2717\030\360"
 308      BAFB1307 
 308      65B88329 
 308      5155B937 
 308      18F0
 309 08cf 737A350D 		.ascii	"sz5\015\247m\267\307]l\254\360DF\011\313\355W4\357q"
 309      A76DB7C7 
 309      5D6CACF0 
ARM GAS  C:\Users\PETERL~1\AppData\Local\Temp\ccN3iszb.s 			page 24


 309      444609CB 
 309      ED5734EF 
 310 08e4 A78D76B3 		.ascii	"\247\215v\263g\357\262\220\275\017i\362\242R3\014\230"
 310      67EFB290 
 310      BD0F69F2 
 310      A252330C 
 310      98
 311 08f5 4F874EB8 		.ascii	"O\207N\270h\352 \035\3714\035\3654\035\227\205t4$\245"
 311      68EA201D 
 311      F9341DF5 
 311      341D9785 
 311      743424A5 
 312 0909 76DB5AA2 		.ascii	"v\333Z\242\365\3229\320\245\325\355\323\216\370\221"
 312      F5D239D0 
 312      A5D5EDD3 
 312      8EF891
 313 0918 354B0563 		.ascii	"5K\005c9\245\341\212\034p7\033+=\2350\301\232\202\265"
 313      39A5E18A 
 313      1C70371B 
 313      2B3D9D30 
 313      C19A82B5 
 314 092c 44ADD672 		.ascii	"D\255\326r\307\025\270\317\306\252Os\346\373\264\335"
 314      C715B8CF 
 314      C6AA4F73 
 314      E6FBB4DD 
 315 093c 79E9236C 		.ascii	"y\351#l\021h\227\224u\374^3\236=\332kB\264\255\374^"
 315      11689794 
 315      75FC5E33 
 315      9E3DDA6B 
 315      42B4ADFC 
 316 0951 E96BCD76 		.ascii	"\351k\315v\021\337\253W!\200B\032\300u\032\3005!\200"
 316      11DFAB57 
 316      2180421A 
 316      C0751AC0 
 316      352180
 317 0964 9D13A72B 		.ascii	"\235\023\247+\261%\232\204;+z\2600\013\372\205A~\365"
 317      B1259A84 
 317      3B2B7AB0 
 317      300BFA85 
 317      417EF5
 318 0977 2AFA39D6 		.ascii	"*\3729\326\007\371X6\224\316|C\271\277\351\\';\000\264"
 318      07F95836 
 318      94CE7C43 
 318      B9BFE95C 
 318      273B00B4 
 319 098b 59C87E7C 		.ascii	"Y\310~|\272g\216\256\347\266\020E\001;\271ei\305A\342"
 319      BA678EAE 
 319      E7B61045 
 319      013BB965 
 319      69C541E2 
 320 099f 206E01AD 		.ascii	" n\001\255vJ\253\203\322\272-\320z5\251\357\376Y\020"
 320      764AAB83 
 320      D2BA2DD0 
 320      7A35A9EF 
 320      FE5910
 321 09b2 B3A2FB6F 		.ascii	"\263\242\373o\325\304)\360(\013\342\330\356\302\011"
 321      D5C429F0 
ARM GAS  C:\Users\PETERL~1\AppData\Local\Temp\ccN3iszb.s 			page 25


 321      280BE2D8 
 321      EEC209
 322 09c1 D6AFFE44 		.ascii	"\326\257\376D\324\355\007cZdx\202?\372\225E\303\354"
 322      D4ED0763 
 322      5A647882 
 322      3FFA9545 
 322      C3EC
 323 09d3 CC6A89BE 		.ascii	"\314j\211\2760\357\376\323b{s+\261\330\262\251p'7\277"
 323      30EFFED3 
 323      627B732B 
 323      B1D8B2A9 
 323      702737BF 
 324 09e7 6150DFA8 		.ascii	"aP\337\250\340\370\273\277\010\356\211a\313\273\237"
 324      E0F8BBBF 
 324      08EE8961 
 324      CBBB9F
 325 09f6 65341F99 		.ascii	"e4\037\231\372\204\001S\237pzf\254\271\245\330\235+"
 325      FA840153 
 325      9F707A66 
 325      ACB9A5D8 
 325      9D2B
 326 0a08 403BC5D0 		.ascii	"@;\305\320.\021\264\337d5O\014\315\267\204\356\213\322"
 326      2E11B4DF 
 326      64354F0C 
 326      CDB784EE 
 326      8BD2
 327 0a1a 699700B2 		.ascii	"i\227\000\262\001\356\264F\036)\354s\324$2j4\031\275"
 327      01EEB446 
 327      1E29EC73 
 327      D424326A 
 327      3419BD
 328 0a2d 24365A6B 		.ascii	"$6Zk\025\326>\215n'\345J\226\340\212\030\333b\235\202"
 328      15D63E8D 
 328      6E27E54A 
 328      96E08A18 
 328      DB629D82 
 329 0a41 28DD38B9 		.ascii	"(\3358\271UK\201A\031\017\025\312\024:o\305U\243\353"
 329      554B8141 
 329      190F15CA 
 329      143A6FC5 
 329      55A3EB
 330 0a54 D50B5673 		.ascii	"\325\013Vs\304V?\260F\306\232\3747\317\354\337\034\326"
 330      C4563FB0 
 330      46C69AFC 
 330      37CFECDF 
 330      1CD6
 331 0a66 B429AC9A 		.ascii	"\264)\254\232\231\3032C\373L\320\334\031\375[\254\353"
 331      99C33243 
 331      FB4CD0DC 
 331      19FD5BAC 
 331      EB
 332 0a77 6B13F482 		.ascii	"k\023\364\202\030Zai\025:\225]d\005`\177\322\256\216"
 332      185A6169 
 332      153A955D 
 332      6405607F 
 332      D2AE8E
 333 0a8a 20855D8B 		.ascii	" \205]\213\356Y\2475J\027O\240w\000zW*\202\366\"k\252"
ARM GAS  C:\Users\PETERL~1\AppData\Local\Temp\ccN3iszb.s 			page 26


 333      EE59A735 
 333      4A174FA0 
 333      77007A57 
 333      2A82F622 
 334 0aa0 CF4DFE0B 		.ascii	"\317M\376\013f\336\001\026\\'M\330\312\231\271Z`\337"
 334      66DE0116 
 334      5C274DD8 
 334      CA99B95A 
 334      60DF
 335 0ab2 98B0D562 		.ascii	"\230\260\325b\354E1v\312\204\255\232\031\373\263>0\013"
 335      EC453176 
 335      CA84AD9A 
 335      19FBB33E 
 335      300B
 336 0ac4 C2394587 		.ascii	"\3029E\207\206\371\326\346%\2646\335\320\256\364\202"
 336      86F9D6E6 
 336      25B436DD 
 336      D0AEF482 
 337 0ad4 3C041900 		.ascii	"<\004\031\0001\200\334\007y\0122\012\322\0072\010\362"
 337      3180DC07 
 337      790A320A 
 337      D2073208 
 337      F2
 338 0ae5 026408E4 		.ascii	"\002d\010\344\031\310c\220G = O@F@\236\203\364\203<"
 338      19C86390 
 338      47203D20 
 338      4F404640 
 338      9E83F483 
 339 0afa 30F58990 		.ascii	"0\365\211\220\3228\222\322\033\220\3226\236\243P\370"
 339      D23892D2 
 339      1B90D236 
 339      9EA350F8 
 340 0b0a D04DD1EA 		.ascii	"\320M\321\352O\230\302)\027\207\303\332o\026:m\250z"
 340      4F98C229 
 340      1787C3DA 
 340      6F163A6D 
 340      A87A
 341 0b1c 6857373C 		.ascii	"hW7<SW\027\323\221\252\263E\356\363)nO\250=\032\003"
 341      535717D3 
 341      91AAB345 
 341      EEF3296E 
 341      4FA83D1A 
 342 0b31 4BD95253 		.ascii	"K\331RS\3375,\364]3%\006\275\202|\374?r\003\245/v\337"
 342      DF352CF4 
 342      5D332506 
 342      BD827CFC 
 342      3F7203A5 
 343 0b48 CD6247AB 		.ascii	"\315bG\2536n\314\252\351\033\347\3338\362-\013\334\024"
 343      366ECCAA 
 343      E91BE7DB 
 343      38F22D0B 
 343      DC14
 344 0b5a 1061BF39 		.ascii	"\020a\27798L\275b\271\277\332\366\357\337|\347\346%"
 344      384CBD62 
 344      B9BFDAF6 
 344      EFDF7CE7 
 344      E625
ARM GAS  C:\Users\PETERL~1\AppData\Local\Temp\ccN3iszb.s 			page 27


 345 0b6c 91FBFB0B 		.ascii	"\221\373\373\013o6\006~\341\027\270)xCp\244zsPp\270"
 345      6F36067E 
 345      E117B829 
 345      784370A4 
 345      7A735070 
 346 0b81 9F3A3C3C 		.ascii	"\237:<<$\322\357\307\260\315n\364\227[@D\250\233*t\203"
 346      24D2EFC7 
 346      B0CD6EF4 
 346      975B4044 
 346      A89B2A74 
 347 0b96 2A284815 		.ascii	"*(H\025\344\367\351\322\225n\313\227}\362\331\277W\370"
 347      E4F7E9D2 
 347      956ECB97 
 347      7DF2D9BF 
 347      57F8
 348 0ba8 C1FB2561 		.ascii	"\301\373%a\341a\252%\252\200\015\301~\301a\201!\233"
 348      E161AA25 
 348      AA800DC1 
 348      7EC16181 
 348      219B
 349 0bba 83547EA1 		.ascii	"\203T~\241\001`+L\345\347\037\244\332\030\2609D\355"
 349      01602B4C 
 349      E5E71FA4 
 349      DA18B039 
 349      44ED
 350 0bcc AFDEFA93 		.ascii	"\257\336\372\223*r\351&\311\367\277\251\233\310\255"
 350      2A72E926 
 350      C9F7BFA9 
 350      9BC8AD
 351 0bdb 917EFE91 		.ascii	"\221~\376\221\352 \210\001l\277\025\366\237\340\300"
 351      EA208801 
 351      6CBF15F6 
 351      9FE0C0
 352 0bea 3561011B 		.ascii	"5a\001\033BT\353U\201\352\360\210\277y}\341\347E\234"
 352      4254EB55 
 352      81EAF088 
 352      BF797DE1 
 352      E7459C
 353 0bfd F93267D4 		.ascii	"\3712g\324qx\344\212e\036\341\221\036\233\002B<~\012"
 353      7178E48A 
 353      651EE191 
 353      1E9B0242 
 353      3C7E0A
 354 0c10 8F50477A 		.ascii	"\217PGz\004\206\207\206\206\207yx*\327y\255\333\342"
 354      04868786 
 354      86877978 
 354      2AD779AD 
 354      DBE2
 355 0c22 418C2C0D 		.ascii	"A\214,\015\224\374\216|\257\016\2164[{\233\274\361U"
 355      94FC8E7C 
 355      AF0E8E34 
 355      5B7B9BBC 
 355      F155
 356 0c34 A97DB746 		.ascii	"\251}\267F\252U\241k\003\302\202BT\021>\021\301\341"
 356      AA55A16B 
 356      03C28242 
 356      54113E11 
ARM GAS  C:\Users\PETERL~1\AppData\Local\Temp\ccN3iszb.s 			page 28


 356      C1E1
 357 0c46 11C1EAAD 		.ascii	"\021\301\352\255\324\267W\210* \302G\025\006|~t\010"
 357      D4B75788 
 357      2A20C247 
 357      15067C7E 
 357      7408
 358 0c58 DC04C0B5 		.ascii	"\334\004\300\265\001!j\217\271XD\250=\370`<\0027A8\020"
 358      01216A8F 
 358      B95844A8 
 358      3DF8603C 
 358      02374138 
 359 0c6d 86BDBFFF 		.ascii	"\206\275\277\377\306\315a\201\376\376N\302\217\245\177"
 359      C6CD6181 
 359      FEFE4EC2 
 359      8FA57F
 360 0c7c 59B97CF9 		.ascii	"Y\271|\371;s\271\227\330\221u\374\334_\355\300V\224"
 360      3B73B997 
 360      D89175FC 
 360      DC5FEDC0 
 360      5694
 361 0c8e FCFA66BD 		.ascii	"\374\372f\275\267\227\377\267\220w\231\267\357\032\245"
 361      B797FFB7 
 361      907799B7 
 361      EF1AA5
 362 0c9d 83720D3C 		.ascii	"\203r\015<\327\257Y\275L\346\355\265Fi\257d\332'0\350"
 362      D7AF59BD 
 362      4CE6EDB5 
 362      4669AF64 
 362      DA2730E8 
 363 0cb1 631E5C0E 		.ascii	"c\036\\\016\203\026\352\012\231\267\347*\263\372\251"
 363      8316EA0A 
 363      99B7E72A 
 363      B3FAA9
 364 0cc0 D4DBC7A4 		.ascii	"\324\333\307\244|&\363\375\326[\271r\256\340T[ \370"
 364      7C26F3FD 
 364      D65BB972 
 364      AEE0545B 
 364      20F8
 365 0cd2 75BEDEBE 		.ascii	"u\276\336\276\346\030\303#T\376\201\241\237\2220}\275"
 365      E618C323 
 365      54FE81A1 
 365      9F92307D 
 365      BD
 366 0ce3 56517A36 		.ascii	"VQz6^>\337y\257\006\307\276J\331\372o\377\251\264\361"
 366      5E3EDF79 
 366      AF06C7BE 
 366      4AD9FA6F 
 366      FFA9B4F1 
 367 0cf7 F4567A29 		.ascii	"\364Vz)\261/\210\027\371^\353c\343\273\226\014z}\015"
 367      B12F8817 
 367      F95EEB63 
 367      E3BB960C 
 367      7A7D0D
 368 0d0a 8FB5E4B1 		.ascii	"\217\265\344\261\032\0366\353\326}\355\251\224\255\""
 368      1A1E36EB 
 368      D67DEDA9 
 368      94AD22
ARM GAS  C:\Users\PETERL~1\AppData\Local\Temp\ccN3iszb.s 			page 29


 369 0d19 0F4FD0B1 		.ascii	"\017O\320\261\317\327J\274\032\304s\265R\006cJ\210\314"
 369      CFD74ABC 
 369      1AC473B5 
 369      5206634A 
 369      88CC
 370 0d2b 5309C63D 		.ascii	"S\011\306=\275\224\377\003O\3019\263"
 370      BD94FF03 
 370      4FC139B3 
 371              		.text
 372              		.section	.gnu.lto_.symtab.bbabdc06,"",%progbits
 373 0000 6E766963 		.ascii	"nvicEnableVector\000\000\000\000\000\000\000\000\000"
 373      456E6162 
 373      6C655665 
 373      63746F72 
 373      00000000 
 374 0019 000000C3 		.ascii	"\000\000\000\303\000\000\000nvicDisableVector\000\000"
 374      0000006E 
 374      76696344 
 374      69736162 
 374      6C655665 
 375 0033 00000000 		.ascii	"\000\000\000\000\000\000\000\000\000\000\307\000\000"
 375      00000000 
 375      0000C700 
 375      00
 376 0040 006E7669 		.ascii	"\000nvicSetSystemHandlerPriority\000\000\000\000\000"
 376      63536574 
 376      53797374 
 376      656D4861 
 376      6E646C65 
 377 0062 00000000 		.ascii	"\000\000\000\000\000\000\000\311\000\000\000nvicCle"
 377      000000C9 
 377      0000006E 
 377      76696343 
 377      6C65
 378 0074 61725065 		.ascii	"arPending\000\000\000\000\000\000\000\000\000\000\000"
 378      6E64696E 
 378      67000000 
 378      00000000 
 378      00000000 
 379 0088 00CB0000 		.ascii	"\000\313\000\000\000chSysHalt\000\000\002\000\000\000"
 379      00636853 
 379      79734861 
 379      6C740000 
 379      02000000 
 380 009c 00000000 		.ascii	"\000\000\000\000\000\000\320\000\000\000"
 380      0000D000 
 380      0000
 381              		.text
 382              		.section	.gnu.lto_.opts,"",%progbits
 383 0000 272D666E 		.ascii	"'-fno-trapv' '-mcpu=cortex-m4' '-mno-thumb-interwor"
 383      6F2D7472 
 383      61707627 
 383      20272D6D 
 383      6370753D 
 384 0033 6B272027 		.ascii	"k' '-mthumb' '-ggdb' '-O2' '-fomit-frame-pointer' '"
 384      2D6D7468 
 384      756D6227 
ARM GAS  C:\Users\PETERL~1\AppData\Local\Temp\ccN3iszb.s 			page 30


 384      20272D67 
 384      67646227 
 385 0066 2D66616C 		.ascii	"-falign-functions=16' '-ffunction-sections' '-fdata"
 385      69676E2D 
 385      66756E63 
 385      74696F6E 
 385      733D3136 
 386 0099 2D736563 		.ascii	"-sections' '-fno-common' '-flto'\000"
 386      74696F6E 
 386      73272027 
 386      2D666E6F 
 386      2D636F6D 
 387              		.text
 388              		.comm	__gnu_lto_v1,1,1
 389              		.comm	__gnu_lto_slim,1,1
 390              		.ident	"GCC: (GNU Tools for ARM Embedded Processors) 4.9.3 20150529 (release) [ARM/embedded-4_9-br
ARM GAS  C:\Users\PETERL~1\AppData\Local\Temp\ccN3iszb.s 			page 31


DEFINED SYMBOLS
                            *ABS*:00000000 nvic.c
                            *COM*:00000001 __gnu_lto_v1
                            *COM*:00000001 __gnu_lto_slim

NO UNDEFINED SYMBOLS
