ARM GAS  C:\Users\PETERL~1\AppData\Local\Temp\ccQ5XlDh.s 			page 1


   1              		.syntax unified
   2              		.cpu cortex-m4
   3              		.fpu softvfp
   4              		.eabi_attribute 20, 1
   5              		.eabi_attribute 21, 1
   6              		.eabi_attribute 23, 3
   7              		.eabi_attribute 24, 1
   8              		.eabi_attribute 25, 1
   9              		.eabi_attribute 26, 1
  10              		.eabi_attribute 30, 2
  11              		.eabi_attribute 34, 1
  12              		.eabi_attribute 18, 4
  13              		.thumb
  14              		.file	"pal.c"
  15              		.text
  16              	.Ltext0:
  17              		.section	.gnu.lto_.profile.bbaba14e,"",%progbits
  18 0000 789C6366 		.ascii	"x\234cf```a\200\000F\206\010C\000\001U\000\222"
  18      60606061 
  18      80004686 
  18      08430001 
  18      550092
  19              		.text
  20              		.section	.gnu.lto_.jmpfuncs.bbaba14e,"",%progbits
  21 0000 789C6366 		.ascii	"x\234cf\300\016\312\24043\003##c=#\323G&\306i\375Wv"
  21      C00ECAA0 
  21      34330323 
  21      23633D23 
  21      D34726C6 
  22 0018 30D7FE6E 		.ascii	"0\327\376n\230\321\300\361\223\211\341/\023P\226q9c"
  22      98D1C0F1 
  22      9389E12F 
  22      13509671 
  22      3963
  23 002a 2D031313 		.ascii	"-\003\023\023##s=\0265\214\177\231\030\201jV\000\325"
  23      2323733D 
  23      16358C7F 
  23      9918816A 
  23      5600D5
  24 003d B080D530 		.ascii	"\260\200\32502\203\215,\007\211b\250f\372\313\0044\222"
  24      32838D2C 
  24      078962A8 
  24      66FACB04 
  24      3492
  25 004f 71255035 		.ascii	"q%P5\003\000\360( \301"
  25      0300F028 
  25      20C1
  26              		.text
  27              		.section	.gnu.lto_.inline.bbaba14e,"",%progbits
  28 0000 789C6366 		.ascii	"x\234cf\300\016L\031!43\003\203\200\010#\033C\306G&"
  28      C00E4C19 
  28      21343303 
  28      83800823 
  28      1B43C647 
  29 0015 C6FB4FCE 		.ascii	"\306\373O\316_\344x\301\364\223\011(\310\270\234Q\212"
  29      5FE478C1 
  29      F4930928 
ARM GAS  C:\Users\PETERL~1\AppData\Local\Temp\ccQ5XlDh.s 			page 2


  29      C8B89C51 
  29      8A
  30 0026 81211342 		.ascii	"\201!\023B\245\001%\327\037=}\210\015$\311\302\317\300"
  30      A50125D7 
  30      1F3D7D88 
  30      0D24C9C2 
  30      CFC0
  31 0038 B882518A 		.ascii	"\270\202Q\212\331\201!\025J\203\214bd`v`\345\\\341\306"
  31      D9812115 
  31      4A838C62 
  31      64607660 
  31      E55CE1C6 
  32 004c C079C38C 		.ascii	"\300y\303\214\211\201e\201<Px\011{\003#\007\023\003"
  32      89816581 
  32      3C507809 
  32      7B032307 
  32      1303
  33 005e EB161520 		.ascii	"\353\026\025 \015\262\214\211\233A\004\250\222\211A"
  33      0DB28C89 
  33      9B4104A8 
  33      928941
  34 006d 5492919D 		.ascii	"T\222\221\235!\003\325\016\034\2062\002\031l\202/Z\030"
  34      2103D50E 
  34      1C863202 
  34      196C822F 
  34      5A18
  35 007f 719BCC74 		.ascii	"q\233\314t\201\277\201\011\311|\026\006!y\220\227\210"
  35      81BF8109 
  35      C97C1606 
  35      21799097 
  35      88
  36 0090 329F95B5 		.ascii	"2\237\225\265C\035\257\243Yx\201\2414\301\017\004\241"
  36      431DAFA3 
  36      597881A1 
  36      34C10F04 
  36      A1
  37 00a1 E6330000 		.ascii	"\3463\000\000\332\2543R"
  37      DAAC3352 
  38              		.text
  39              		.section	.gnu.lto_.pureconst.bbaba14e,"",%progbits
  40 0000 789C6366 		.ascii	"x\234cf```g\200\000f\006)&)\026I\000\001\303\000a"
  40      60606067 
  40      80006606 
  40      29262916 
  40      490001C3 
  41              		.text
  42              		.section	.gnu.lto_palReadBus.bbaba14e,"",%progbits
  43 0000 789C8D52 		.ascii	"x\234\215RQK\024Q\024>\337\2753\263\263;\253+=\205D"
  43      514B1451 
  43      143EDFBD 
  43      33B3B33B 
  43      AB2B3D85 
  44 0015 F42242B1 		.ascii	"\364\"B\261\255\321[O\201?\241W_\324\036\024\004\243"
  44      ADD15B4F 
  44      813FA157 
  44      5FD41E14 
  44      04A3
ARM GAS  C:\Users\PETERL~1\AppData\Local\Temp\ccQ5XlDh.s 			page 3


  45 0027 4DE86571 		.ascii	"M\350eq\324%\202\"\305$6\3144\242\322,7-M\315B\204B"
  45      D4258222 
  45      C52436CC 
  45      34A2D22C 
  45      372D4DCD 
  46 003e A88CD0B4 		.ascii	"\250\214\320\264\225\260\2076((\320\024r\011\261sf6"
  46      95B08736 
  46      2828D014 
  46      7209B173 
  46      6636
  47 0050 5DE8C581 		.ascii	"]\350\305\201\271w\276{\276\363\235\363\235;\232\376"
  47      B977BE7B 
  47      BEF39DF3 
  47      9D3B9AFE 
  48 0060 7F2AF94D 		.ascii	"\177*\371Mj\242\012\336a\021T\307\034Q\213\255\224\321"
  48      6AA20ADE 
  48      611154C7 
  48      1C518BAD 
  48      94D1
  49 0072 67921BD2 		.ascii	"g\222\033\322\253\263DnX+c!\306\320\234:\310\310\200"
  49      ABB3446E 
  49      582B6321 
  49      C6D09C3A 
  49      C8C880
  50 0085 E9B34C40 		.ascii	"\351\263L@>\010\324\254\264a\242\031\337\325\232\302"
  50      3E08D4AC 
  50      B461A219 
  50      DFD59AC2 
  51 0095 C4D0C65B 		.ascii	"\304\320\306[\347\233\312):D\014';gS\226@\030\002\227"
  51      E79BCA29 
  51      3A440C27 
  51      3B675396 
  51      40180297 
  52 00a9 16534BC1 		.ascii	"\026SK\301\362;\256\333\272\3329|\376zW\037G\024\255"
  52      F23BAEDB 
  52      BADA397C 
  52      FE7A571F 
  52      4714AD
  53 00bc 2BC23D94 		.ascii	"+\302=\224\242\037\245\"8\200r\246\256\266d\262\001"
  53      A21FA522 
  53      388072A6 
  53      AEB664B2 
  53      01
  54 00cd 1D85A42D 		.ascii	"\035\205\244-f2\363V\331mN\233\236\035qO\0329\245q\037"
  54      6632F356 
  54      D96D4E9B 
  54      9E1D714F 
  54      1A39A571 
  55 00e2 BA308F8F 		.ascii	"\2720\217\217\010\203(\023\372Zrk\311\261\222\256\353"
  55      08832813 
  55      FA5A726B 
  55      C9B192AE 
  55      EB
  56 00f3 966C2912 		.ascii	"\226l)\022yV}\000\013\274\361Az\337\264\273\275\375"
  56      79567D00 
  56      0BBCF141 
  56      7ADFB4BB 
ARM GAS  C:\Users\PETERL~1\AppData\Local\Temp\ccQ5XlDh.s 			page 4


  56      BDFD
  57 0105 E5EE8F61 		.ascii	"\345\356\217a\243HA\222\014N7,^\314\000/\226-0\310K"
  57      A3484192 
  57      0C4E372C 
  57      5ECC002F 
  57      962D30C8 
  58 011a 2024D091 		.ascii	" $\320\221%L\322)e\371\025\333_\031\360\256? \371\261"
  58      254CD229 
  58      65F915DB 
  58      5F19F0AE 
  58      3F20F9B1 
  59 012e 2D7D598B 		.ascii	"-}Y\213\374o%\003\370\234}\367\336\026\307<X<\364\034"
  59      FC6F2503 
  59      F89C7DF7 
  59      DE16C73C 
  59      583CF41C 
  60 0142 095D134F 		.ascii	"\011]\023OS/\243u\014>\327`\356\350f\357\317\242\036"
  60      532FA375 
  60      0C3ED760 
  60      EEE866EF 
  60      CFA21E
  61 0155 7423A76C 		.ascii	"t#\247l\316\366\351|~c\343j&\022=\222SA\014\241\007"
  61      CEF6E97C 
  61      7E63E36A 
  61      26123D92 
  61      53410CA1 
  62 016a BFC40021 		.ascii	"\277\304\000!\215(q\2759\275+\220~\371z\306\033o0Bx"
  62      8D2871BD 
  62      39BD2B90 
  62      7EF97AC6 
  62      1B6F3042 
  63 017f B453CCA0 		.ascii	"\264S\314\240\345c\372\023\014!\212\336\315\371+C*\361"
  63      E563FA13 
  63      0C218ADE 
  63      CDF92B43 
  63      2AF1
  64 0191 C7BDE8DA 		.ascii	"\307\275\350\3329\025ZW2\210a$$t\255}a\\s(%!G\306E\205"
  64      39155A57 
  64      32886124 
  64      2474AD7D 
  64      615C7328 
  65 01ab 261C0F0E 		.ascii	"&\034\017\016\264w\215s\037\335-\035\302\012c\004\011"
  65      B4778D73 
  65      1FDD2D1D 
  65      C20A6304 
  65      09
  66 01bc 3CCEF7DA 		.ascii	"<\316\367\332\233\355O9,\260\237\311x\302,\257(F\221"
  66      9BED4F39 
  66      2CB09FC9 
  66      78C22CAF 
  66      284691
  67 01cf C8A922AF 		.ascii	"\310\251\"\257\033\323\233\224X_{u+\337\274\265\027"
  67      1BD39B94 
  67      585F7B75 
  67      2BDFBCB5 
  67      17
  68 01e0 F7C518F3 		.ascii	"\367\305\030\363\334C\334?e\367\313\230\3717\276@a\227"
ARM GAS  C:\Users\PETERL~1\AppData\Local\Temp\ccQ5XlDh.s 			page 5


  68      DC43DC3F 
  68      65F7CB98 
  68      F937BE40 
  68      6197
  69 01f2 C55E5E81 		.ascii	"\305^^\201^\204+`<\257\227}si\314\216\016\272I\016\224"
  69      5E842B60 
  69      3CAF977D 
  69      7369CC8E 
  69      0EBA490E 
  70 0207 60C293F4 		.ascii	"`\302\223\364~\211IOr\347F\354\275\335\310\263\335\033"
  70      7E89494F 
  70      72E746EC 
  70      BDDDC8B3 
  70      DD1B
  71 0219 99F20556 		.ascii	"\231\362\005V\002\276@\2205\030\267\255X>\016q\233|"
  71      02BE4090 
  71      3518B7AD 
  71      583E0E71 
  71      9B7C
  72 022b 5A58C3D9 		.ascii	"ZX\303\331K\015\205\347^\015-5^x5\3326/\034\360\025"
  72      4B0D85E7 
  72      5E0D2D35 
  72      5E7835DA 
  72      362F1CF0 
  73 0240 C29EAE43 		.ascii	"\302\236\256C+\310K\206I~K\310\220\271\253\303\225'"
  73      2BC84B86 
  73      497E4BC8 
  73      90B9ABC3 
  73      9527
  74 0252 AA2AEBEA 		.ascii	"\252*\353\352k\352O\235k:]\337XU+\337\215\361\343\025"
  74      6BEA4F9D 
  74      6B3A5DDF 
  74      58552BDF 
  74      8DF1E315 
  75 0266 B1C678AC 		.ascii	"\261\306x\254\256\272!\026?[\033;S\335p\264\226tMS\374"
  75      AEBA2116 
  75      3F5B1B3B 
  75      53DD70B4 
  75      96744D53 
  76 027b 2F580541 		.ascii	"/X\005A\307"
  76      C7
  77              		.text
  78              		.section	.gnu.lto_palWriteBus.bbaba14e,"",%progbits
  79 0000 789C8D53 		.ascii	"x\234\215S\315KTQ\024\277\347\336;o\276\3368\037\264"
  79      CD4B5451 
  79      14BFE7DE 
  79      3B6FBEDE 
  79      381FB4
  80 0013 1017D146 		.ascii	"\020\027\321F\204b\232$\332\264\212\204\376\201\266"
  80      84629A24 
  80      DAB48A84 
  80      FE81B6
  81 0022 6ED4160E 		.ascii	"n\324\026\016\010F\243\313\3017:A\020\245Y\304\240Y"
  81      0846A3CB 
  81      C1373A41 
  81      10A559C4 
  81      A059
ARM GAS  C:\Users\PETERL~1\AppData\Local\Temp\ccQ5XlDh.s 			page 6


  82 0034 51449AE5 		.ascii	"QD\232\345\224\351\370\221\325$\004\202\245\230\366"
  82      94E9F891 
  82      D5240482 
  82      A598F6
  83 0043 31260A35 		.ascii	"1&\0125B-\002u\004\235J\354\234\373\2369\324\306\007"
  83      422D0275 
  83      049D4AEC 
  83      9CFB9E39 
  83      D4C607
  84 0056 73EE3D5F 		.ascii	"s\356=_\277s~\347\334\021\354\377\257\002\177a\311\330"
  84      BF737EE7 
  84      DC11ECFF 
  84      AF027F61 
  84      C9D8
  85 0068 313C4163 		.ascii	"1<Ac\300\333\246\030\21398\227\267m\314p\211\225\011"
  85      C0DBA618 
  85      8B393897 
  85      B76DCC70 
  85      899509
  86 007b C60C5D70 		.ascii	"\306\014]p9\027B\3256\266\0375\01163\312\006@\027\006"
  86      391742D5 
  86      36B61F35 
  86      093633CA 
  86      06401706 
  87 008f AC890B69 		.ascii	"\254\211\013i\203&\370\316W9\264\245{\023\356\262{\206"
  87      8326F8CE 
  87      5739B4A5 
  87      7B13EEB2 
  87      7B86
  88 00a1 61ACDC19 		.ascii	"a\254\334\031*>_\234\347\214\345\270Y\017\356C\031\206"
  88      2A3E5F9C 
  88      E78CE5B8 
  88      590FEE43 
  88      1986
  89 00b3 ACC43259 		.ascii	"\254\3042Y\273\010\002\303\373H\337\372[\3677\236\347"
  89      BB0802C3 
  89      FB48DFFA 
  89      5BF7379E 
  89      E7
  90 00c4 7080D4D1 		.ascii	"p\200\324\321\366\211\204F*\227\244~\310df\265\322\273"
  90      F6898446 
  90      2A97A47E 
  90      C86466B5 
  90      D2BB
  91 00d6 86D19C1E 		.ascii	"\206\321\234\036\3517N\310<\027\320\015\002\361\240"
  91      E9374EC8 
  91      3C17D00D 
  91      02F1A0
  92 00e5 074AE001 		.ascii	"\007J\340\001\224041\350\205R\214N\246f:<\242\\\341"
  92      94303431 
  92      E885528C 
  92      4EA6663A 
  92      3CA25CE1 
  93 00f9 8E75769C 		.ascii	"\216uv\2344\023?\233\211\022\036\376\233(\031<\202R"
  93      34133F9B 
  93      89121EFE 
  93      9B28193C 
ARM GAS  C:\Users\PETERL~1\AppData\Local\Temp\ccQ5XlDh.s 			page 7


  93      8252
  94 010b 8A5E8D6F 		.ascii	"\212^\215o}tkql\332\267\265\323/\364\201\006x\240!\031"
  94      7D746B71 
  94      6CDAB7B5 
  94      D32FF481 
  94      0678A021 
  95 0120 481BDBDB 		.ascii	"H\033\333\333_\007~\017\311}\034\250\232\304t\233\206"
  95      5F077E0F 
  95      C97D1CA8 
  95      9AC4749B 
  95      86
  96 0131 42B30381 		.ascii	"B\263\003\2018\360jw\222p\221p\223['\341A\341(\"\233"
  96      38F06A77 
  96      92709170 
  96      935B27E1 
  96      41E12822 
  97 0146 97848F54 		.ascii	"\227\204\217T?\335\002$\030\313b)\032\3432\347t\212"
  97      3FDD0224 
  97      18CB6229 
  97      1AE332E7 
  97      748A
  98 0158 F710FFD4 		.ascii	"\367\020\377\324\222\273$\250\372\006\247\201.e\247"
  98      92BB24A8 
  98      FA06A781 
  98      2E65A7
  99 0167 671C3412 		.ascii	"g\0344\022\201\315$\261q\372\226Q\303\355\210yhN\201"
  99      81CD24B1 
  99      71FA9651 
  99      C3ED8879 
  99      684E81
 100 017a 192B3176 		.ascii	"\031+1vp\363\326\017O\027tB\236;1\333\014G\373\215\365"
 100      70F3D60F 
 100      4F177442 
 100      9E3B31DB 
 100      0C47FB8D 
 101 018f AB196FF0 		.ascii	"\253\031o\360P\236\273\3401t\301\232\332\007<\201 \303"
 101      509EBBE0 
 101      3174C19A 
 101      DA073C81 
 101      20C3
 102 01a1 7A536217 		.ascii	"zSb\027 \371zr\\\315\337\345e\320\377\267\230d\363\345"
 102      20F97A72 
 102      5CCDDFE5 
 102      65D0FFB7 
 102      9864F3E5 
 103 01b5 62012405 		.ascii	"b\001$\005\022\336\315\331\313}<\372\313\270`8\362\334"
 103      12DECDD9 
 103      CB7D3CFA 
 103      CBB86038 
 103      F2DC
 104 01c7 9DE334A7 		.ascii	"\235\3434\247\247\020%\327\365\326\271a\201\256\004"
 104      A71025D7 
 104      F5D6B961 
 104      81AE04
 105 01d6 B9749A26 		.ascii	"\271t\232&+$\241+\265\247\365\3320\366\321\031k\243"
 105      2B24A12B 
 105      B5A7F5DA 
ARM GAS  C:\Users\PETERL~1\AppData\Local\Temp\ccQ5XlDh.s 			page 8


 105      30F6D119 
 105      6BA3
 106 01e8 280F0C40 		.ascii	"(\017\014@\024\006\255^oe\273\023n\004\300\227\243C"
 106      1406AD5E 
 106      6F65BB13 
 106      6E04C097 
 106      A343
 107 01fa 0AA35451 		.ascii	"\012\243TQ\030\202h\236\027\251nljRD\375\312\222E^\333"
 107      1882689E 
 107      17A96E6C 
 107      6A5244FD 
 107      CA92455E 
 108 020f 0B792F0C 		.ascii	"\013y/\014+\362@\344G\220<B\374\324L\000\307\006n\243"
 108      2BF240E4 
 108      47903C42 
 108      FCD44C00 
 108      C7066EA3 
 109 0223 609ACEBD 		.ascii	"`\232\316\275\000J\030U\200\352\271<S\200-\233\026\240"
 109      004A1855 
 109      80EAB93C 
 109      53802D9B 
 109      16A0
 110 0235 4B613A0B 		.ascii	"Ka:\0131\335{\333\320\330\356\206\236\233\230\355\026"
 110      31DD7BDB 
 110      D0D8EE86 
 110      9E9B98ED 
 110      16
 111 0246 A66E624C 		.ascii	"\246nbL~\331\314\3514L\233\217\301\013\004\300\032\213"
 111      7ED9CCE9 
 111      344C9B8F 
 111      C10B04C0 
 111      1A8B
 112 0258 7633C483 		.ascii	"v3\304\203Q\224\262`\245\024\251N<\205\235y\221\252"
 112      5194B260 
 112      A514A94E 
 112      3C859D79 
 112      91AA
 113 026a D5D94E96 		.ascii	"\325\331N\226\017\201\013\263\374*\312G\246u\313\024"
 113      0F810BB3 
 113      FC2ACA47 
 113      A675CB14 
 114 027a 50587E34 		.ascii	"PX~4\215\267+>\205[\365*\016\005\334\020P\203\227\026"
 114      8DB72B3E 
 114      855BF52A 
 114      0E05DC10 
 114      50839716 
 115 028e B7EC9B8B 		.ascii	"\267\354\233\213)G\260\327\210\243\303\017iEO\230\357"
 115      2947B0D7 
 115      88A3C30F 
 115      69454F98 
 115      EF
 116 029f E25DCF74 		.ascii	"\342]\317t\207n\271\002\360\012\202k\370\326\220\370"
 116      876EB902 
 116      F00A826B 
 116      F8D690F8 
 117 02af 3804B124 		.ascii	"8\004\261$[\204Xz\373\224z\000\214\376+@\233\307\321"
 117      5B84587A 
ARM GAS  C:\Users\PETERL~1\AppData\Local\Temp\ccQ5XlDh.s 			page 9


 117      FB947A00 
 117      8CFE2B40 
 117      9BC7D1
 118 02c2 1CAC385E 		.ascii	"\034\2548^YQ\033\256\016\237nh<\023\256\257\254\241"
 118      59511BAE 
 118      0E9F6E68 
 118      3C13AEAF 
 118      ACA1
 119 02d4 7B7DE4E8 		.ascii	"{}\344\350\221P}$T[U\027\212\234\253\011\235\255\252"
 119      91507D24 
 119      545B5517 
 119      8A9CAB09 
 119      9DADAA
 120 02e7 3B5CC344 		.ascii	";\\\303DucDV\207\033\"\177\000\273\245\212\242"
 120      75634456 
 120      871B227F 
 120      00BBA58A 
 120      A2
 121              		.text
 122              		.section	.gnu.lto_palSetBusMode.bbaba14e,"",%progbits
 123 0000 789C8D52 		.ascii	"x\234\215RMKTQ\030>\3179\347\336\271\316\235Is%.\242"
 123      4D4B5451 
 123      183ECF39 
 123      E7DEB9CE 
 123      9D497325 
 124 0016 8D08854D 		.ascii	"\215\010\205M\022mZ\005.\372\001m\335\370\021(\030\023"
 124      126D5A05 
 124      2EFA016D 
 124      DDF81128 
 124      1813
 125 0028 4DAE62F0 		.ascii	"M\256b\360\216\032\264J\263\210\0015\203\010\277\312"
 125      8E1AB44A 
 125      B3880135 
 125      8308BFCA 
 126 0038 294BF333 		.ascii	")K\3633\206 \020\"C\264\217\021\263\205#%\024hJu\011"
 126      86201022 
 126      43B48F11 
 126      B3852325 
 126      14684A75 
 127 004d B1F7BDD7 		.ascii	"\261\367\275\327\322>\026^\270\347\234\347\234\347}"
 127      D23E165E 
 127      B8E79CE7 
 127      9CE77D
 128 005c DEF77DCE 		.ascii	"\336\367}\316Q\342\337\257\214\376\213J\210\3434\303"
 128      51E2DFAF 
 128      8CFE8B4A 
 128      88E334C3 
 129 006c 1490ADD3 		.ascii	"\024\220\255\323B$,)\365-C8A\265:%\204\023RR\317E\010"
 129      42242C29 
 129      F52D4338 
 129      41B53A25 
 129      84135252 
 130 0083 1A130708 		.ascii	"\032\023\007\010i\030>\313\000x! \032\244\322\006\032"
 130      69183ECB 
 130      00782120 
 130      1AA4D206 
 130      1A
ARM GAS  C:\Users\PETERL~1\AppData\Local\Temp\ccQ5XlDh.s 			page 10


 131 0094 B022D724 		.ascii	"\260\"\327$Z\323\375I\273\370\216\3438\253m\223\005"
 131      5AD3FD49 
 131      BBF88EE3 
 131      38AB6D93 
 131      05
 132 00a5 970A5C29 		.ascii	"\227\012\\)\304\272\364\363\241\033\305DYMd\262\001"
 132      C4BAF4F3 
 132      A11BC544 
 132      594D64B2 
 132      01
 133 00b6 550241EB 		.ascii	"U\002A\353\321\201\215\027\366G\351J\034d8\3266\225"
 133      D1818D17 
 133      F647E94A 
 133      1C6438D6 
 133      3695
 134 00c8 34194ACD 		.ascii	"4\031J\315\360u&3k\026\335v\234\306\364\370\240sR\273"
 134      F0752633 
 134      6B16DD76 
 134      9CC6F4F8 
 134      A07352BB 
 135 00dc 52A1078A 		.ascii	"R\241\007\212\364\320\213B\364\241P\320\226@?\212\210"
 135      F4D08B42 
 135      F4A150D0 
 135      96403F8A 
 135      88
 136 00ed FDC15DE9 		.ascii	"\375\301]\351\016\253ROw\263\357jG\320\217\314\370\221"
 136      0EAB524F 
 136      77B3EF6A 
 136      47D08FCC 
 136      F891
 137 00ff 1A77FF8E 		.ascii	"\032w\377\216\324\002\367P\304\364\265\346\3157\266"
 137      D402F750 
 137      C4F4B5E6 
 137      CD37B6
 138 010e D94C55E7 		.ascii	"\331LU\347m\376*\030\0030A\023m\244\362\323\316\326"
 138      6DFE2A18 
 138      03304113 
 138      6DA4F2D3 
 138      CED6
 139 0120 D652EAD3 		.ascii	"\326R\352\323\244\016Kp:M\341\206I\203\031\240!`1\314"
 139      A40E4B70 
 139      3A4DE186 
 139      498319A0 
 139      216031CC 
 140 0134 A1C10A32 		.ascii	"\241\301\0122\264\341\011\213,\351\260I\313R\362\254"
 140      B4E1098B 
 140      2CE9B049 
 140      CB52F2AC 
 141 0144 5EA1F96D 		.ascii	"^\241\371mS\252E\261\3647\311v\275\317\276\234\261\270"
 141      53AA45B1 
 141      F437C976 
 141      BDCFBE9C 
 141      B1B8
 142 0156 61BA06A4 		.ascii	"a\272\006\244\250*\376\226\011\221\367j\036\215\303"
 142      A82AFE96 
 142      0991F76A 
 142      1E8DC3
ARM GAS  C:\Users\PETERL~1\AppData\Local\Temp\ccQ5XlDh.s 			page 11


 143 0165 F0B99AB8 		.ascii	"\360\271\232\270C\337\273>\207;\321\016W\346P\264O\247"
 143      43DFBB3E 
 143      873BD10E 
 143      57E650B4 
 143      4FA7
 144 0177 FD8E8D6B 		.ascii	"\375\216\215k\231\334\222\303\256\014\342>:\361\305"
 144      99DC92C3 
 144      AE0CE23E 
 144      3AF1C5
 145 0186 731B0F50 		.ascii	"s\033\017P\"(\337\264\332\021H={\376\324s7\230+0\370"
 145      2228DFB4 
 145      DA11483D 
 145      7BFED473 
 145      37982B30 
 146 019b 3B9916F3 		.ascii	";\231\026\363\245j\001\232\211\254ws\366\312\200\214"
 146      A56A019A 
 146      89AC7773 
 146      F6CA808C 
 147 01ab FF702E3B 		.ascii	"\377p.;\226+\355u\311&<D\234\217n\264\314\215(:J\362"
 147      962BED75 
 147      C9263C44 
 147      9C8F6EB4 
 147      CC8D283A 
 148 01c1 5188AD12 		.ascii	"Q\210\255\022\273\233\010y\260\267\345\372\010\325\321"
 148      BB9B0879 
 148      B0B7E5FA 
 148      08D5D1
 149 01d0 9E686556 		.ascii	"\236heV\030\217\020\307\320v\255]\331\236\244M\002\364"
 149      188F10C7 
 149      D076AD5D 
 149      D99EA44D 
 149      02F4
 150 01e2 2E421826 		.ascii	".B\030&\226\227\024\217\021w\345>\257\032\303s\212["
 150      9697148F 
 150      1177E53E 
 150      AF1AC373 
 150      8A5B
 151 01f4 9FF9BADD 		.ascii	"\237\371\272\335\274\271\227\346s1\3425\017n~\224\232"
 151      BCB997E6 
 151      7331E235 
 151      0F6E7E94 
 151      9A
 152 0205 DFE55E60 		.ascii	"\337\345^`/\002y\030\363\004\274\273\037\377S\300\332"
 152      2F027918 
 152      F304BCBB 
 152      1FFF53C0 
 152      DA
 153 0216 9BFD133B 		.ascii	"\233\375\023;\366O\372\002\213\001_\200\",\302M\013"
 153      F64FFA02 
 153      8B015F80 
 153      222CC24D 
 153      0B
 154 0227 A68F8354 		.ascii	"\246\217\203T\024\355\212\005\230\377\265}\377:\327"
 154      14ED8A05 
 154      98FFB57D 
 154      FF3AD7
 155 0236 8127643B 		.ascii	"\201'd;\365\357\361mW\346\213E$\322\357Ny!\202\337\027"
ARM GAS  C:\Users\PETERL~1\AppData\Local\Temp\ccQ5XlDh.s 			page 12


 155      F5EFF16D 
 155      57E68B45 
 155      24D2EF4E 
 155      792182DF 
 156 024b D82D621E 		.ascii	"\330-b\036*;Q^VS[Y{\372B}um\264\274\212\327\321\330"
 156      2A3B515E 
 156      56535B59 
 156      7BFA427D 
 156      756DB4BC 
 157 0263 B1A39168 		.ascii	"\261\243\221h,RSQ\027\211\235\257\212\234\253\250;R"
 157      2C525351 
 157      17899DAF 
 157      8A9CABA8 
 157      3B52
 158 0275 2554657D 		.ascii	"%Te}L\237\215V\237\371\011\215\201?\300"
 158      4C9F8D56 
 158      9FF9098D 
 158      813FC0
 159              		.text
 160              		.section	.gnu.lto_.symbol_nodes.bbaba14e,"",%progbits
 161 0000 789C55C9 		.ascii	"x\234U\311\313\015\302@\024C\321\373<\223O\027\224\372"
 161      CB0DC240 
 161      1443D1FB 
 161      3C934F17 
 161      94FA
 162 0012 B208F90A 		.ascii	"\262\010\371\012\211\012\320\024\303\032\032\311\206"
 162      890AD014 
 162      C31A1AC9 
 162      86
 163 001f 0E083048 		.ascii	"\016\0100H\031/lY'\000\027r\324\313\341\372\000wn\251"
 163      192F6C59 
 163      27001772 
 163      D4CBE1FA 
 163      00776EA9 
 164 0033 A59A4492 		.ascii	"\245\232D\222\007\235\345V\300,\373\302 W\001\213\364"
 164      079DE556 
 164      C02CFBC2 
 164      2057018B 
 164      F4
 165 0044 011BF7FA 		.ascii	"\001\033\367\372\001]\327b\253<\036~\240\246\177=-("
 165      015DD762 
 165      AB3C1E7E 
 165      A0A67F3D 
 165      2D28
 166 0056 6FFC6FC3 		.ascii	"o\374o\303}\330N\274\001)\317$\353"
 166      7DD84EBC 
 166      0129CF24 
 166      EB
 167              		.text
 168              		.section	.gnu.lto_.refs.bbaba14e,"",%progbits
 169 0000 789C6366 		.ascii	"x\234cf``\020`\200\000F\006&F\026F&&f\026F\026&V\026"
 169      60601060 
 169      80004606 
 169      26461646 
 169      26266616 
 170 0019 060002F7 		.ascii	"\006\000\002\367\0008"
 170      0038
ARM GAS  C:\Users\PETERL~1\AppData\Local\Temp\ccQ5XlDh.s 			page 13


 171              		.text
 172              		.section	.gnu.lto_.decls.bbaba14e,"",%progbits
 173 0000 789CAD58 		.ascii	"x\234\255X{PSW\032\277\347\236$\204\220@\267\330\326"
 173      7B505357 
 173      1ABFE79E 
 173      24849040 
 173      B7D8D6
 174 0013 65BA23D2 		.ascii	"e\272#\322Y\306v\254\370\350v\327\316\354\324V\335\342"
 174      59C676AC 
 174      F8E876D7 
 174      CEECD456 
 174      DDE2
 175 0025 AE5626B6 		.ascii	"\256V&\266\333\356\224\231\224B\254\354\"qI\350l\377"
 175      DBEE9499 
 175      9442ACEC 
 175      227149E8 
 175      6CFF
 176 0037 BBBC1414 		.ascii	"\273\274\024\024\005\203 \276\020\220  \312KE\001EQ"
 176      058320BE 
 176      10902020 
 176      CA4B4501 
 176      4551
 177 0049 69F0812E 		.ascii	"i\360\201.R\333\212\217\240K\213\240\002\212\025P\311"
 177      52DB8A8F 
 177      A04B8BA0 
 177      028A1550 
 177      C9
 178 005a 7EE79C9B 		.ascii	"~\347\234\233\344&\015\332\23163'\347\365;\337\367\373"
 178      E4260DDA 
 178      99363327 
 178      E7F53BDF 
 178      F7FB
 179 006c 5EE7DE04 		.ascii	"^\347\336\004s\034w\033q\234\035>_\004r\334\307\230"
 179      731C771B 
 179      719C1D3E 
 179      5F0472DC 
 179      C798
 180 007e E364B016 		.ascii	"\343d\260\026\001M\016\355\000\264Fh-\320~\007\270@"
 180      014D0EED 
 180      00B44668 
 180      2DD07E07 
 180      B840
 181 0090 689CB837 		.ascii	"h\234\2707\025\306\241\320f@\233\003m.48\316\375\031"
 181      15C6A1D0 
 181      66409B03 
 181      6D2E3438 
 181      CEFD19
 182 00a3 FA79D0E6 		.ascii	"\372y\320\346\213X\307\207\340\177\003\275?45\351\021"
 182      8B58C787 
 182      E07F03BD 
 182      3F3435E9 
 182      11
 183 00b4 93190E63 		.ascii	"\223\031\016c%\364S\241\377+\264\227E=\013\020\323\277"
 183      25F453A1 
 183      FF2BB497 
 183      453D0B10 
 183      D3BF
ARM GAS  C:\Users\PETERL~1\AppData\Local\Temp\ccQ5XlDh.s 			page 14


 184 00c6 1FDA2C18 		.ascii	"\037\332,\030\253\240)\240]\340\030\307\3110~\011\332"
 184      ABA029A0 
 184      5DE018C7 
 184      C9307E09 
 184      DA
 185 00d7 188C7F0B 		.ascii	"\030\214\177\013=/\352 \\\220\310C\372!\\\003E\333\034"
 185      3D2FEA20 
 185      5C90C843 
 185      FA215C03 
 185      45DB1C
 186 00ea 1C887EFF 		.ascii	"\034\210~\377gp \3667xp\030\340\030\017\271\204\007"
 186      677020F6 
 186      37787018 
 186      E0180FB9 
 186      8407
 187 00fc E500AD9F 		.ascii	"\345\000\255\237c\\B%\\\346yp\2311\001\227W\237\301"
 187      635C4225 
 187      5CE67970 
 187      99310197 
 187      579FC1
 188 010f 85C4E1B8 		.ascii	"\205\304\341\270\204\013\341\276\020\332\037E\337K\271"
 188      840BE1BE 
 188      10DA1F45 
 188      DF4BB9
 189 011e 60CE3D36 		.ascii	"`\316=6\204\202gL\206xd\335\263\343S\014\274\207x\331"
 189      8482674C 
 189      867864DD 
 189      B3E3530C 
 189      BC8778D9 
 190 0132 CDEDD507 		.ascii	"\315\355\325\007\003PhP\220\252D\020\204ta\036\332\203"
 190      03506850 
 190      90AA4410 
 190      8474611E 
 190      DA83
 191 0144 546837C2 		.ascii	"Th7\302\222\023\371\260>\3626\331\200\241\222\366\351"
 191      9213F9B0 
 191      3EF236D9 
 191      80A192F6 
 191      E9
 192 0155 82902C0C 		.ascii	"\202\220,\014\232\005<\231C\323\203\320\253A\034*C\241"
 192      9A053C99 
 192      43D383D0 
 192      AB411C2A 
 192      43A1
 193 0167 748B4315 		.ascii	"t\213C\025(\010\225\243 \242\351F\316P\206\\%\242\323"
 193      280895A3 
 193      20A2E946 
 193      CE50865C 
 193      25A2D3
 194 017a 9F854E6F 		.ascii	"\237\205No\332T\352\333\313#\177\325\307d\372CvY\225"
 194      DA54EADB 
 194      CB237FD5 
 194      C764FA43 
 194      765995
 195 018d 1AA66A95 		.ascii	"\032\246j\225\037\231\036\3367|\316\217\356\006\223"
 195      1F991EDE 
 195      377CCE8F 
ARM GAS  C:\Users\PETERL~1\AppData\Local\Temp\ccQ5XlDh.s 			page 15


 195      EE0693
 196 019c 6983D99A 		.ascii	"i\203\331\232\257\240\27322]?6t\316\237NUd:6\372U\222"
 196      AFA0BB32 
 196      325D3F36 
 196      74CE9F4E 
 196      55643A36 
 197 01b3 82281684 		.ascii	"\202(\026\204\354\024\301\327\352\017\033\250\012TU"
 197      EC14C1D7 
 197      EA0F1BA8 
 197      0A5455
 198 01c2 832A0ED5 		.ascii	"\203*\016\325R\325\323\202P\015\323lM\2558\257y>\233"
 198      52D5D382 
 198      500DD36C 
 198      4DAD38AF 
 198      793E9B
 199 01d5 C2052118 		.ascii	"\302\005!\030Q/\354\005\370>\012\257C\317;\016\021\364"
 199      512FEC05 
 199      F83E0AAF 
 199      43CF3B0E 
 199      11F4
 200 01e7 F86D7B5B 		.ascii	"\370m{[\200\024]\3714\364\331\037\317\334\367W\257%"
 200      80145DF9 
 200      34F4D91F 
 200      CFDCF757 
 200      AF25
 201 01f9 3E10A9EC 		.ascii	">\020\251\354G\317K\270\034@$\025h\017\350\352\346="
 201      47CF4BB8 
 201      1C402415 
 201      680FE8EA 
 201      E63D
 202 020b 19CC079F 		.ascii	"\031\314\007\237\222\303\017\323\0063T\324,55z\250 "
 202      92C30FD3 
 202      063354D4 
 202      2C35357A 
 202      A820
 203 021d 4F33B159 		.ascii	"O3\261Y\207\034f\355cf}\365uR\253\257\247Y\007\001^"
 203      871C66ED 
 203      63667DF5 
 203      7552ABAF 
 203      A7590701 
 204 0232 4FE18729 		.ascii	"O\341\207)\321C\016\242\245\035?\356\224{\2325!\272"
 204      D1430EA2 
 204      A51D3FEE 
 204      947B9A35 
 204      21BA
 205 0244 BE6BA745 		.ascii	"\276k\247E\341fV\203\233Y\215\242Y\215\324\254\235\033"
 205      E1665683 
 205      9B598DA2 
 205      598DD4AC 
 205      9D1B
 206 0256 6A4715D4 		.ascii	"jG\025\324\254U\344pMQ\327CL\315\362'\323\333\265\205"
 206      AC55E470 
 206      4D51D743 
 206      4CCDF227 
 206      D3DBB585 
 207 026a AD4A3AD5 		.ascii	"\255J:\325\220\351\205\264q\345\304F6;\214<\312\214"
 207      90E985B4 
ARM GAS  C:\Users\PETERL~1\AppData\Local\Temp\ccQ5XlDh.s 			page 16


 207      71E5C446 
 207      363B8C3C 
 207      CA8C
 208 027c B4546E1F 		.ascii	"\264Tn\037\361\3634\262\011\340G(\374\030\245\335\354"
 208      F1F334B2 
 208      09E04728 
 208      FC18A5DD 
 208      EC
 209 028d A09D677B 		.ascii	"\240\235g{\222\251\3604rBtQ\247=O\351f\344q7#[D#[\250"
 209      92A9F034 
 209      72427451 
 209      A73D4FE9 
 209      66E47137 
 210 02a7 9197AED4 		.ascii	"\221\227\256\324\\\227c\037RXhW~w\247jz\005-\252c\275"
 210      5C97631F 
 210      52586857 
 210      7E77A76A 
 210      7A052DAA 
 211 02bd C8557C27 		.ascii	"\310U|'\254E]r\352\011\033O\346\227\317\327t\263\304"
 211      AC455D72 
 211      EA091B4F 
 211      E697CFD7 
 211      74B3C4
 212 02d0 9D4EF955 		.ascii	"\235N\371U\364\306\340ITDRic\246\017\354LU\321\203\327"
 212      F4C6E049 
 212      54445269 
 212      63A60FEC 
 212      4C55D183 
 213 02e5 B78D96F8 		.ascii	"\267\215\226\370\322)\271\272\003\310R\363\321\221V"
 213      D229B9BA 
 213      03C852F3 
 213      D19156
 214 02f4 159E4AD1 		.ascii	"\025\236J\321\231\351\2666\025~\215\214y\353\367\302"
 214      99E9B636 
 214      157E8D8C 
 214      79EBF7C2 
 215 0304 2E7F144A 		.ascii	".\177\024Jkz\360\216\271\365eA\220\241s`\350\031\204"
 215      6B7AF08E 
 215      B9F56541 
 215      90A17360 
 215      E81984
 216 0317 D149349D 		.ascii	"\321I4\235P&R\311'\335e\034\347\264\014\235\205\372"
 216      502652C9 
 216      27DD651C 
 216      E7B40C9D 
 216      85FA
 217 0329 9CAAA258 		.ascii	"\234\252\242Xd\205\3056\352k\376\324\343\243\251r\244"
 217      6485C536 
 217      EA6BFED4 
 217      E3A3A972 
 217      A4
 218 033a 0AF57EE8 		.ascii	"\012\365~\350\274\227C\224BS\232\371EB\241\035(\234"
 218      BC974394 
 218      42539AF9 
 218      4542A11D 
 218      289C
 219 034c 76513887 		.ascii	"vQ8\207TN\267\334i)\371\017\211y\312\317\023K\252\260"
ARM GAS  C:\Users\PETERL~1\AppData\Local\Temp\ccQ5XlDh.s 			page 17


 219      544EB7DC 
 219      6929F90F 
 219      8979CACF 
 219      134BAAB0 
 220 0360 6B75AA1A 		.ascii	"ku\252\032\217 j\375\372\272\255[\225x\234MF\262-\026"
 220      8F206AFD 
 220      FABAAD5B 
 220      95789C4D 
 220      46B22D16 
 221 0374 194EA337 		.ascii	"\031N\2437\034*\311\315\253\224S\377*\311\264\261\250"
 221      1C2AC9CD 
 221      AB9453FF 
 221      2AC9B4B1 
 221      A8
 222 0385 7C4089D7 		.ascii	"|@\211\327\263\275\346\266\244s*\234\303&gn\214\334"
 222      B3BDE6B6 
 222      A4732A9C 
 222      C326676E 
 222      8CDC
 223 0397 67D7CD73 		.ascii	"g\327\315sd\332e.\332\355\2177\263\275\366\361\354{"
 223      64DA652E 
 223      DAED8F37 
 223      B3BDF6F1 
 223      EC7B
 224 03a9 3E789B3B 		.ascii	">x\233;\320\237\001\267~\3233\314r\231\3063\367\364"
 224      D09F01B7 
 224      7ED333CC 
 224      7299C633 
 224      F7F4
 225 03bb B62C39DE 		.ascii	"\266,9\336\301\240\331\335\346\2132\\\312\273\3053\230"
 225      C1A0D9DD 
 225      E68B325C 
 225      CABBC533 
 225      98
 226 03cc C57373FF 		.ascii	"\305ss\377\310~%\235\332\355\2308\267\370\352\205n_"
 226      C87E259D 
 226      DAED9838 
 226      B7F8EA85 
 226      6E5F
 227 03de 67D40EF6 		.ascii	"g\324\016\366 \342\262np\331U\227\313\202\245Q\003g"
 227      20E2B26E 
 227      70D95597 
 227      CB82A551 
 227      0367
 228 03f0 C9CBC053 		.ascii	"\311\313\300S\227\301)]\304S6\360T\260\350\251k\260"
 228      97C1295D 
 228      C45336F0 
 228      54B0E8A9 
 228      6BB0
 229 0402 789D45AD 		.ascii	"x\235E\255\356\306\335u*\207\340\246S\033h,n\202\340"
 229      EEC6DD75 
 229      2A87E0A6 
 229      531B682C 
 229      6E82E0
 230 0415 2B2EC1DD 		.ascii	"+.\301\335\350\251\222ox\225\214\352\007\262n \\\303"
 230      E8A9926F 
 230      78958CEA 
ARM GAS  C:\Users\PETERL~1\AppData\Local\Temp\ccQ5XlDh.s 			page 18


 230      07B26E20 
 230      5CC3
 231 0427 EC5BB769 		.ascii	"\354[\267i\270\215\307\007\330\203ems\323$\024\022\030"
 231      B88DC707 
 231      D883656D 
 231      73D32414 
 231      1218
 232 0439 125A08F2 		.ascii	"\022Z\010\362\006\037e4.JI\0216M\246j\377\007j\177@"
 232      061F6534 
 232      2E4A4911 
 232      364DA66A 
 232      FF076A7F 
 233 044e 812EE9D3 		.ascii	"\201.\351\323H-\275\006_\334FZ\230\205\302\274\004N"
 233      482DBD06 
 233      5FDC465A 
 233      9885C2BC 
 233      044E
 234 0460 5266040C 		.ascii	"Rf\004\014\252\321-`\361=\012A\275(\204r%\262\013\357"
 234      AAD12D60 
 234      F13D0A41 
 234      BD288472 
 234      25B20BEF 
 235 0474 A429CA66 		.ascii	"\244)\312fR\271=^\345^&\"h\036\332\372-HI\020\234h\265"
 235      52B93D5E 
 235      E55E2622 
 235      681EDAFA 
 235      2D484910 
 236 048b AB2A4FF7 		.ascii	"\253*O\367\265\336Q\340'\214{\346\203\372.5\012\011"
 236      B5DE51E0 
 236      278C7BE6 
 236      83FA2E35 
 236      0A09
 237 049d 9944C9DB 		.ascii	"\231D\311\333\372,\355j\301:\223f\357w\240\342\016\232"
 237      FA2CED6A 
 237      C13A9366 
 237      EF77A0E2 
 237      0E9A
 238 04af E44A4E17 		.ascii	"\344JN\027\365B\242\341n\217\374X2c\32171\324,\336m"
 238      F542A2E1 
 238      6E8FFC58 
 238      3263D137 
 238      31D42CDE 
 239 04c4 F34C522B 		.ascii	"\363LR+\011\230Xy\027\254\354\007+o\213VR\352\267\322"
 239      09985879 
 239      17ACEC07 
 239      2B6F8B56 
 239      52EAB7D2 
 240 04d8 7C044420 		.ascii	"|\004D ?\345^\2345\260.`\022\310L\232P&\347&\020\316"
 240      3FE55E9C 
 240      35B02E60 
 240      12C84C9A 
 240      5026E726 
 241 04ee E47C5B3C 		.ascii	"\344|[<\256\302v\026\270-\017\317\266\006\320\014\236"
 241      AEC27616 
 241      B82D0FCF 
 241      B606D00C 
 241      9E
ARM GAS  C:\Users\PETERL~1\AppData\Local\Temp\ccQ5XlDh.s 			page 19


 242 04ff 4C2FE793 		.ascii	"L/\347\223GS\374p*\246{\302\270\365\211\006g\260\211"
 242      4753FC70 
 242      2AA67BC2 
 242      B8F58906 
 242      67B089
 243 0512 E311AC66 		.ascii	"\343\021\254f\217\340\035W/\336\326\340\015l\257\356"
 243      8FE01D57 
 243      2FDED6E0 
 243      0D6CAFEE 
 244 0522 687A0ED4 		.ascii	"hz\016\324\022\233\224\335h7k(p\032L5\305\305\017\372"
 244      129B94DD 
 244      68376B28 
 244      701A4C35 
 244      C5C50FFA 
 245 0536 142830C4 		.ascii	"\024(0\304\365\011\335(\336\300\204\356)\240\333J\351"
 245      F509DD28 
 245      DEC084EE 
 245      29A0DB4A 
 245      E9
 246 0547 8E88814E 		.ascii	"\216\210\201N\345C\321\023`\234\302\207\240q\350G\241"
 246      E543D113 
 246      609CC287 
 246      A071E847 
 246      A1
 247 0558 8D417B0C 		.ascii	"\215A{\014-\031\326\036Ao\207&\3008\211w$Cj\212\355"
 247      2D19D61E 
 247      416F8726 
 247      C0388977 
 247      24436A8A 
 248 056d 9A18AB0B 		.ascii	"\232\030\253\013\020\253\257!\000D\2403\000\235TG\025"
 248      10ABAF21 
 248      0044A033 
 248      009D5447 
 248      15
 249 057e 0A12D185 		.ascii	"\012\022\321\205\327-\012\021{\311\023\373\015\222\004"
 249      D72D0A11 
 249      7BC913FB 
 249      0D9204
 250 058d 16A0234E 		.ascii	"\026\240#N\350=O\350\220\247\330^'\366[\357b%\330.'"
 250      E83D4FE8 
 250      90A7D85E 
 250      27F65BEF 
 250      6225D82E 
 251 05a2 F6BF9ED8 		.ascii	"\366\277\236\330i\356\014\256:\221\027\275\033\346\202"
 251      69EE0CAE 
 251      3A9117BD 
 251      1BE682
 252 05b1 8E3AA1F7 		.ascii	"\216:\241\367=\241\303\036\3201'\364\201w\250\204\353"
 252      3DA1C31E 
 252      D03127F4 
 252      8177A884 
 252      EB
 253 05c2 2327F647 		.ascii	"#'\366GO\354C7\261I\266\001\213\376\030d\320\000\244"
 253      4FEC4337 
 253      B149B601 
 253      8BFE1864 
 253      D000A4
ARM GAS  C:\Users\PETERL~1\AppData\Local\Temp\ccQ5XlDh.s 			page 20


 254 05d5 DFA0777F 		.ascii	"\337\240w\1779)\330\256Hb\326\341\325\011U\256\022\376"
 254      3929D8AE 
 254      4862D6E1 
 254      D50955AE 
 254      12FE
 255 05e7 CEA2803A 		.ascii	"\316\242\200:\030\361R\303|A\351p\277\037\012\015\244"
 255      18F152C3 
 255      7C41E970 
 255      BF1F0A0D 
 255      A4
 256 05f8 B8C77A25 		.ascii	"\270\307z%Z\315\007\242\257\\W\0349D?\336r\017\245A"
 256      5ACD07A2 
 256      AF5C571C 
 256      39443FDE 
 256      720FA541 
 257 060c CAFD92F4 		.ascii	"\312\375\222\364\203\254\037=\275z\215\006of%\260\276"
 257      83AC1F3D 
 257      BD7A8D06 
 257      6F6625B0 
 257      BE
 258 061d 69E73D5F 		.ascii	"i\347=_\267W\007B\307U\231\351\274Z$\006\324\257\245"
 258      B7570742 
 258      C75599E9 
 258      BC5A2406 
 258      D4AFA5
 259 0630 F567C20D 		.ascii	"\365g\302\015\255\246\324\0333\374\301\304\265\260\277"
 259      ADA6D41B 
 259      33FCC1C4 
 259      B5B0BF
 260 063f 86779207 		.ascii	"\206w\222\0078#?\221D\224\001\244\245B\321\243\314\363"
 260      38233F91 
 260      449401A4 
 260      A542D1A3 
 260      CCF3
 261 0651 B5081733 		.ascii	"\265\010\0273:\346\216\263u~\270\234N\370}\207\256\017"
 261      3AE68EB3 
 261      757EB89C 
 261      4EF87D87 
 261      AE0F
 262 0663 28C50782 		.ascii	"(\305\007\202\255\240M\005\3526\360*\224\351R\327\216"
 262      ADA04D05 
 262      EA36F02A 
 262      94E952D7 
 262      8E
 263 0674 9EFA7AB0 		.ascii	"\236\372z\260\236\367\372H.\276\322\363\020\343\203"
 263      9EF7FA48 
 263      2EBED2F3 
 263      10E383
 264 0683 4CE3A55B 		.ascii	"L\343\245[\225{\374p#v{\366\205\273\277\313\204;\337"
 264      957BFC70 
 264      23767BF6 
 264      85BBBFCB 
 264      843BDF
 265 0696 65F8F282 		.ascii	"e\370\362\202\355Oy\265\330\004\012\303E\205\033\371"
 265      ED4F79B5 
 265      D8040AC3 
 265      45851BF9 
ARM GAS  C:\Users\PETERL~1\AppData\Local\Temp\ccQ5XlDh.s 			page 21


 266 06a6 2064E6C5 		.ascii	" d\346\305W\213\374\254\256)\344q\226\003\374\263]\374"
 266      578BFCAC 
 266      AE29E471 
 266      9603FCB3 
 266      5DFC
 267 06b8 C35D6F16 		.ascii	"\303]o\026\225?\324]\306x\247\214\360\220\357-\035)"
 267      953FD45D 
 267      C678A78C 
 267      F090EF2D 
 267      1D29
 268 06ca 41F42672 		.ascii	"A\364&r\273\201\\o\271y<K\201\255\240p3\204w\013\264"
 268      BB815C6F 
 268      B9793C4B 
 268      81ADA070 
 268      3384770B 
 269 06df 7CDEF5B8 		.ascii	"|\336\365\270\031l\257\031\0118\\+\220\354&!Z\007:\363"
 269      196CAF19 
 269      09385C2B 
 269      90EC2621 
 269      5A073AF3 
 270 06f3 F809AA16 		.ascii	"\370\011\252\026\236N\371\264f\010\273\\O\244[\325\002"
 270      9E4EF9B4 
 270      6608BB5C 
 270      4FA45BD5 
 270      02
 271 0704 34934249 		.ascii	"4\223BI \262\274\012\225T\301\330.R\005\000\371i\025"
 271      20B2BC0A 
 271      9554C1D8 
 271      2E520500 
 271      F96915
 272 0717 54943D5E 		.ascii	"T\224=^\355\353\250\202-P\005\333A\320\011W\025\220"
 272      EDEBA882 
 272      2D5005DB 
 272      41D00957 
 272      1590
 273 0729 433FA902 		.ascii	"C?\251\002\207\375h\033\230\3754\027\200?\273\237\364"
 273      87FD681B 
 273      98FD3417 
 273      803FBB9F 
 273      F4
 274 073a B5FBB925 		.ascii	"\265\373\271%\366v\267\304\336\3012\225\364\344\327"
 274      F676B7C4 
 274      DEC13295 
 274      F4E4D7
 275 0749 CFD54D39 		.ascii	"\317\325M9J\031\317\346\350\023\372[-\2451\353\210\346"
 275      4A19CFE6 
 275      E813FA5B 
 275      2DA531EB 
 275      88E6
 276 075b A55CF121 		.ascii	"\245\\\361!\370\234\214\332\354\022\260\223\177\011"
 276      F89C8CDA 
 276      EC12B093 
 276      7F09
 277 0769 BE0B7819 		.ascii	"\276\013x\031\323\327y\177\355\\\3745\015\037\272\330"
 277      D3D7797F 
 277      ED5CFC35 
 277      0D1FBAD8 
ARM GAS  C:\Users\PETERL~1\AppData\Local\Temp\ccQ5XlDh.s 			page 22


 278 0779 51FB2D0A 		.ascii	"Q\373-\012.\020\012\253\007\255u%\352\002\022\007\341"
 278      2E100AAB 
 278      07AD7525 
 278      EA021207 
 278      E1
 279 078a B1DD8E10 		.ascii	"\261\335\216\0209\205\012\235\011\300\2211e\214\212"
 279      39850A9D 
 279      09C09131 
 279      658C8A
 280 0799 F86038D9 		.ascii	"\370`8\331\332\225\323\313x\020e\214\307\335\376\335"
 280      DA95D3CB 
 280      7810658C 
 280      C7DDFEDD 
 281 07a9 375DDC8A 		.ascii	"7]\334\212y\272\330\177$\253@-%\027\361\242\204[\011"
 281      79BAD87F 
 281      24AB402D 
 281      2517F1A2 
 281      845B09
 282 07bc E5B6CBC1 		.ascii	"\345\266\313\301\255\304\322\324\251\300\353\344,\307"
 282      ADC4D2D4 
 282      A9C0EBE4 
 282      2CC7
 283 07ca 3BB237AB 		.ascii	";\2627\253(9"
 283      2839
 284 07d0 5BC3093D 		.ascii	"[\303\011=#\206\351\021d\221\020\2638\210\225Rb\325"
 284      2386E911 
 284      649110B3 
 284      38889552 
 284      62D5
 285 07e2 2D2D2FE0 		.ascii	"--/\340\315T\002\277\272\350q\271\306\361\242\366\350"
 285      CD5402BF 
 285      BAE871B9 
 285      C6F1A2F6 
 285      E8
 286 07f3 56853619 		.ascii	"V\2056\031~\220\227\003\337\335?\2732\313\274Wfg\347"
 286      7E909703 
 286      DFDD3FBB 
 286      32CBBC57 
 286      6667E7
 287 0806 D8094C4D 		.ascii	"\330\011LM-w\232_\325\361\335\250\332i~\0053\177Kri"
 287      2D779A5F 
 287      D5F1DDA8 
 287      DA697E05 
 287      337F4B72 
 288 081b DFC4E657 		.ascii	"\337\304\346WR\363\3678\314\337x\254\255<\000\0272\363"
 288      52F3F738 
 288      CCDF78AC 
 288      AD3C0017 
 288      32F3
 289 082d 0BAF0CBE 		.ascii	"\013\257\014\276\357\014M@^\212P\"\330\354\366)\364"
 289      EF0C4D40 
 289      5E8A5022 
 289      D8ECF629 
 289      F4
 290 083e 10DA2B71 		.ascii	"\020\332+q\300^\207\003\366Q\007\344\257\315OW\273\345"
 290      C05E8703 
 290      F65107E4 
ARM GAS  C:\Users\PETERL~1\AppData\Local\Temp\ccQ5XlDh.s 			page 23


 290      AFCD4F57 
 290      BBE5
 291 0850 13F949E6 		.ascii	"\023\371I\346\322Y\305\362\011\220\366'[\356#J\270\312"
 291      D259C5F2 
 291      0990F627 
 291      5BEE234A 
 291      B8CA
 292 0862 994B8399 		.ascii	"\231K\203\231{\372|'\344[C\371V;\370V\345t\337S\342"
 292      7BFA7C27 
 292      E45B43F9 
 292      563BF856 
 292      E574DF53 
 293 0877 7D8CEFEE 		.ascii	"}\214\357\356\003=\325$\227l\302\340\310\201C\277\317"
 293      033DD524 
 293      976CC2E0 
 293      C88143BF 
 293      CF
 294 0888 AF155A1C 		.ascii	"\257\025Z\034\271\004\307P\255\204q\255\203q\035e\354"
 294      B904C750 
 294      AD8471AD 
 294      83711D65 
 294      EC
 295 0899 CD995959 		.ascii	"\315\231YYw\217\3708\363k?sf\367\265u\005r\272H\256"
 295      778FF838 
 295      F36B3F73 
 295      66F7B575 
 295      0572BA48 
 296 08ae 8A036C71 		.ascii	"\212\003lq\354\340\216\013\252\011\031\327S\306\007"
 296      ECE08E0B 
 296      AA0919D7 
 296      53C607
 297 08bd 1D8CCF1F 		.ascii	"\035\214\317\037o\312\015\300\275\214qS\307\315a5e\\"
 297      6FCA0DC0 
 297      BD8C7153 
 297      C7CD6135 
 297      655C
 298 08cf FD28E31E 		.ascii	"\375(\343\036\336\"\024%\013\343@\230\236B\207$\204"
 298      DE221425 
 298      0BE34098 
 298      9E428724 
 298      84
 299 08e0 0F39081F 		.ascii	"\0179\010\037\246\204{\314\271\203\030\2173)}E-I\032"
 299      A6847BCC 
 299      B983188F 
 299      33297D45 
 299      2D491A
 300 08f3 BC464127 		.ascii	"\274FA'7\207\367\233\375\246\344*v\010J\362\267\004"
 300      3787F79B 
 300      FDA6E42A 
 300      76084AF2 
 300      B704
 301 0905 AD0A4BFD 		.ascii	"\255\012K\375?_)\022.\024B\034+\3259Br\011\334z\366"
 301      3F5F2912 
 301      2E14421C 
 301      2BD53942 
 301      7209DC7A 
 302 091a B7A7D0BF 		.ascii	"\267\247\320\277-\032@\011\024\224\344\337\216F\242"
ARM GAS  C:\Users\PETERL~1\AppData\Local\Temp\ccQ5XlDh.s 			page 24


 302      2D1A4009 
 302      1494E4DF 
 302      8E46A2
 303 0929 0A35F110 		.ascii	"\0125\361\020\350#\374+p~\350H\303^\015.b\362\033\262"
 303      E823FC2B 
 303      707EE848 
 303      C35E0D2E 
 303      62F21BB2 
 304 093d 4EED554D 		.ascii	"N\355UM\251\242\362\033\230\374\332\255\365V\037\252"
 304      A9A2F21B 
 304      98FCDAAD 
 304      F5561FAA 
 305 094d A0B06997 		.ascii	"\240\260i\227 \263\012\251$M\350\277\007D:T\205\344"
 305      20B30AA9 
 305      244DE8BF 
 305      07443A54 
 305      85E4
 306 095f 3A3E4AA5 		.ascii	":>J\2457\023\351\307\250\364\346\322\3563\001\270\211"
 306      3713E9C7 
 306      A8F4E6D2 
 306      EE3301B8 
 306      89
 307 0970 495F9D6A 		.ascii	"I_\235j\356\345\247\234\246\322\2173\351\326K5\215r"
 307      EEE5A79C 
 307      A6D28F33 
 307      E9D64B35 
 307      8D72
 308 0982 26BD5F22 		.ascii	"&\275_\"\375\270(\035RN\362k\3778\225\336B\244\237\240"
 308      FDB8281D 
 308      524EF26B 
 308      FF3895DE 
 308      42A49FA0 
 309 0996 D2CFDA6A 		.ascii	"\322\317\332jN\360n\271HR\301\025\235\223\342\335v\222"
 309      4EF06EB9 
 309      4852C115 
 309      9D93E2DD 
 309      7692
 310 09a8 DE6DFD0F 		.ascii	"\336m\375\017j\327\270\377;P\357\206>%\242I/\213^\021"
 310      6AD7B8FF 
 310      3B50EF86 
 310      3E25A249 
 310      2F8B5E11 
 311 09bc 95205FB4 		.ascii	"\225 _\264\364\335D\243\342\275\367?\014\236\317\251"
 311      F4DD44A3 
 311      E2BDF73F 
 311      0C9ECFA9 
 312 09cc 8DA69573 		.ascii	"\215\246\225sf\353>_\025k\320\231\224\211\261\361&\230"
 312      66EB3E5F 
 312      156BD099 
 312      9489B1F1 
 312      2698
 313 09de 99543A9D 		.ascii	"\231T:\235c\270<\372\255\310\350\025\261\237\305\032"
 313      63B83CFA 
 313      ADC8E815 
 313      B19FC51A 
 314 09ee 4D8931B1 		.ascii	"M\2111\261\206H\223\301\020g\214\374<>1\230\216\202"
 314      864893C1 
ARM GAS  C:\Users\PETERL~1\AppData\Local\Temp\ccQ5XlDh.s 			page 25


 314      10678CFC 
 314      3C3E3198 
 314      8E82
 315 0a00 A3125606 		.ascii	"\243\022V\006\353W~\246\217\211\321\307D\2761cn\360"
 315      EB577EA6 
 315      8F89D1C7 
 315      44BE3163 
 315      6EF0
 316 0a12 EC99B3FE 		.ascii	"\354\231\263\376\360\3579\221\260\376z\274!^\377\272"
 316      F0EF3991 
 316      B0FE7ABC 
 316      215EFFBA 
 317 0a22 3EEAB3D8 		.ascii	">\352\263\330\310\330\370\350\270\304\030}\344\312("
 317      C8D8F8E8 
 317      B8C4187D 
 317      E4CA28
 318 0a31 9015AF8F 		.ascii	"\220\025\257\217\324\305\350\227G%\306\231t\246/W\351"
 318      D4C5E897 
 318      4725C699 
 318      74A62F57 
 318      E9
 319 0a42 8D335670 		.ascii	"\2153Vp\237\374\252j\214_\032#uFS\014\330\000\262\345"
 319      9FFCAA6A 
 319      8C5F1A23 
 319      7546530C 
 319      D800B2E5 
 320 0a56 4B962E58 		.ascii	"K\226.X\250U,\375\340\037\021\013\265>K\227E,\\\270"
 320      A8552CFD 
 320      E01F110B 
 320      B53E4B97 
 320      452C5CB8 
 321 0a6a 402B8FF8 		.ascii	"@+\217\3700b\201\026/\202\266t\201\026}Dm\237\365\246"
 321      30628116 
 321      2F82B674 
 321      81167D44 
 321      6D9FF5A6 
 322 0a7e D37632C4 		.ascii	"\323v2\304F\275I\036\035\247\217Jxg\376[\221\363\011"
 322      46BD491E 
 322      1DA78F4A 
 322      7867FE5B 
 322      91F309
 323 0a91 BD658C1E 		.ascii	"\275e\214\036\245j0\316\231\031f0\206\255\210\212\013"
 323      A56A30CE 
 323      99196630 
 323      86AD888A 
 323      0B
 324 0aa2 5B654830 		.ascii	"[eH0\031\303\226}\260d\316\354\260\305\213\027\204\275"
 324      19C3967D 
 324      B064CEEC 
 324      B0C58B17 
 324      84BD
 325 0ab4 17B168E9 		.ascii	"\027\261h\351\027\263\303VE\305\351\342\342b\200\004"
 325      17B3C356 
 325      45C5E9E2 
 325      E2628004 
 326 0ac4 0A97BDBB 		.ascii	"\012\227\275\273L\253\225-\236\3777\255\354\235\277"
 326      4CAB952D 
ARM GAS  C:\Users\PETERL~1\AppData\Local\Temp\ccQ5XlDh.s 			page 26


 326      9EFF37AD 
 326      EC9DBF
 327 0ad3 681793AF 		.ascii	"h\027\223\257p\374\256V\253\2125\220\323\2611:\223\202"
 327      70FCAE56 
 327      AB8A3590 
 327      D3B1313A 
 327      9382
 328 0ae5 0DD46C65 		.ascii	"\015\324lee\224\361_:\223\214tjBI\267<\312h\372\223"
 328      6594F15F 
 328      3A938C74 
 328      6A4249B7 
 328      3CCA68FA 
 329 0afa CEF4F75F 		.ascii	"\316\364\367_\327W\0167)\014\313\227\203\3013\236e\252"
 329      D7570E37 
 329      290CCB97 
 329      83C1339E 
 329      65AA
 330 0b0c 7890D806 		.ascii	"x\220\330\006\247T\320i\365Q1\220R\257=\353\2441!\232"
 330      A754D069 
 330      F5513190 
 330      52AF3DEB 
 330      A431219A 
 331 0b20 9E8AE6FC 		.ascii	"\236\212\346\374\240\373(!\326\244\207c\312X\303JC\214"
 331      A0FB2821 
 331      D6A48763 
 331      CA58C34A 
 331      438C
 332 0b32 5E67D2C0 		.ascii	"^g\322\300\3422\275\011\226\226\300\3347z\305\262/\215"
 332      E232BD09 
 332      9696C0DC 
 332      377AC5B2 
 332      2F8D
 333 0b44 E15171A6 		.ascii	"\341Qq\246\260\247\311M09\011E\257\200\270\003\245\027"
 333      B0A7C94D 
 333      30390945 
 333      AF80B803 
 333      A517
 334 0b56 74A2DB75 		.ascii	"t\242\333u`\316\347\011\206\304UD\276R\247[\236\030"
 334      60CEE709 
 334      86C45544 
 334      BE52A75B 
 334      9E18
 335 0b68 1FADD369 		.ascii	"\037\255\323i\034\203\031o\316\235\365\206\237\213?"
 335      1C83196F 
 335      CE9DF586 
 335      9F8B3F
 336 0b77 E7B63357 		.ascii	"\347\2663W-\341\350\2665\373\015\1777\246\334\377\001"
 336      2DE1E8B6 
 336      35FB0D7F 
 336      37A6DCFF 
 336      01
 337 0b88 3DE3DBCB 		.ascii	"=\343\333\313"
 338              		.text
 339              		.section	.gnu.lto_.symtab.bbaba14e,"",%progbits
 340 0000 70616C52 		.ascii	"palReadBus\000\000\000\000\000\000\000\000\000\000\000"
 340      65616442 
 340      75730000 
ARM GAS  C:\Users\PETERL~1\AppData\Local\Temp\ccQ5XlDh.s 			page 27


 340      00000000 
 340      00000000 
 341 0015 00210100 		.ascii	"\000!\001\000\000palWriteBus\000\000\000\000\000\000"
 341      0070616C 
 341      57726974 
 341      65427573 
 341      00000000 
 342 002b 00000000 		.ascii	"\000\000\000\000\000\000&\001\000\000palSetBusMode\000"
 342      00002601 
 342      00007061 
 342      6C536574 
 342      4275734D 
 343 0043 00000000 		.ascii	"\000\000\000\000\000\000\000\000\000\000\000.\001\000"
 343      00000000 
 343      0000002E 
 343      0100
 344 0051 00636853 		.ascii	"\000chSysHalt\000\000\002\000\000\000\000\000\000\000"
 344      79734861 
 344      6C740000 
 344      02000000 
 344      00000000 
 345 0065 00003301 		.ascii	"\000\0003\001\000\000_pal_lld_setgroupmode\000\000\002"
 345      00005F70 
 345      616C5F6C 
 345      6C645F73 
 345      65746772 
 346 0083 00000000 		.ascii	"\000\000\000\000\000\000\000\000\0009\001\000\000"
 346      00000000 
 346      00390100 
 346      00
 347              		.text
 348              		.section	.gnu.lto_.opts,"",%progbits
 349 0000 272D666E 		.ascii	"'-fno-trapv' '-mcpu=cortex-m4' '-mno-thumb-interwor"
 349      6F2D7472 
 349      61707627 
 349      20272D6D 
 349      6370753D 
 350 0033 6B272027 		.ascii	"k' '-mthumb' '-ggdb' '-O2' '-fomit-frame-pointer' '"
 350      2D6D7468 
 350      756D6227 
 350      20272D67 
 350      67646227 
 351 0066 2D66616C 		.ascii	"-falign-functions=16' '-ffunction-sections' '-fdata"
 351      69676E2D 
 351      66756E63 
 351      74696F6E 
 351      733D3136 
 352 0099 2D736563 		.ascii	"-sections' '-fno-common' '-flto'\000"
 352      74696F6E 
 352      73272027 
 352      2D666E6F 
 352      2D636F6D 
 353              		.text
 354              		.comm	__gnu_lto_v1,1,1
 355              		.comm	__gnu_lto_slim,1,1
 356              		.ident	"GCC: (GNU Tools for ARM Embedded Processors) 4.9.3 20150529 (release) [ARM/embedded-4_9-br
ARM GAS  C:\Users\PETERL~1\AppData\Local\Temp\ccQ5XlDh.s 			page 28


DEFINED SYMBOLS
                            *ABS*:00000000 pal.c
                            *COM*:00000001 __gnu_lto_v1
                            *COM*:00000001 __gnu_lto_slim

NO UNDEFINED SYMBOLS
