ARM GAS  C:\Users\PETERL~1\AppData\Local\Temp\ccuQ7sKZ.s 			page 1


   1              		.syntax unified
   2              		.cpu cortex-m4
   3              		.fpu softvfp
   4              		.eabi_attribute 20, 1
   5              		.eabi_attribute 21, 1
   6              		.eabi_attribute 23, 3
   7              		.eabi_attribute 24, 1
   8              		.eabi_attribute 25, 1
   9              		.eabi_attribute 26, 1
  10              		.eabi_attribute 30, 2
  11              		.eabi_attribute 34, 1
  12              		.eabi_attribute 18, 4
  13              		.thumb
  14              		.file	"st.c"
  15              		.text
  16              	.Ltext0:
  17              		.section	.gnu.lto_.profile.bbabd25f,"",%progbits
  18 0000 789C6366 		.ascii	"x\234cf```a\200\000F\006w9\000\001 \000n"
  18      60606061 
  18      80004606 
  18      77390001 
  18      20006E
  19              		.text
  20              		.section	.gnu.lto_.jmpfuncs.bbabd25f,"",%progbits
  21 0000 789C6366 		.ascii	"x\234cf\300\016r\2414+\210`\004\202zF\246\217L\214\323"
  21      C00E72A1 
  21      342B8860 
  21      04827A46 
  21      A68F4C8C 
  22 0015 FAAFEC60 		.ascii	"\372\257\354`\256\375\3350\243\201\343'\023\303_&\220"
  22      AEFDDD30 
  22      A381E327 
  22      13C35F26 
  22      90
  23 0026 E472C65A 		.ascii	"\344r\306Z\006f\006\006\026\354\212\030\37721\002\025"
  23      06660606 
  23      16EC8A18 
  23      FF323102 
  23      15
  24 0037 AD002A62 		.ascii	"\255\000*b\003\322\330\344\201\2460\256\004\3123\000"
  24      03D2D8E4 
  24      81A630AE 
  24      04CA3300 
  25 0047 0082421F 		.ascii	"\000\202B\0379"
  25      39
  26              		.text
  27              		.section	.gnu.lto_.inline.bbabd25f,"",%progbits
  28 0000 789C6366 		.ascii	"x\234cf\300\016\312\2414+\003\003\013\017#\003\023\220"
  28      C00ECAA1 
  28      342B0303 
  28      0B0F2303 
  28      1390
  29 0012 C9B6401E 		.ascii	"\311\266@\036D10r\201\010\006\036^\2400\337\206\\\270"
  29      44313072 
  29      8108061E 
  29      5EA030DF 
  29      865CB8
ARM GAS  C:\Users\PETERL~1\AppData\Local\Temp\ccuQ7sKZ.s 			page 2


  30 0025 38133748 		.ascii	"8\0237H\230\231\201\205\031(\301t\201\037.\301\302\300"
  30      98998185 
  30      1928C174 
  30      811F2EC1 
  30      C2C0
  31 0037 C50D14E2 		.ascii	"\305\015\024\342\232\340\207\246\226\015\227\004\003"
  31      9AE087A6 
  31      960D9704 
  31      03
  32 0044 00248B08 		.ascii	"\000$\213\010\353"
  32      EB
  33              		.text
  34              		.section	.gnu.lto_.pureconst.bbabd25f,"",%progbits
  35 0000 789C6366 		.ascii	"x\234cf``\340f\200\000V\006\011F)f)\026)6)\000\004\022"
  35      6060E066 
  35      80005606 
  35      09462966 
  35      29162936 
  36 0018 00A2     		.ascii	"\000\242"
  37              		.text
  38              		.section	.gnu.lto_stInit.bbabd25f,"",%progbits
  39 0000 789C6366 		.ascii	"x\234cf\300\004R@\274\020\210\265\201\230\221\231\201"
  39      C0045240 
  39      BC1088B5 
  39      81989199 
  39      81
  40 0011 9169C239 		.ascii	"\221i\3029\006\206F\016&FF\020\203\201\221\241\236\211"
  40      0686460E 
  40      26464610 
  40      838191A1 
  40      9E89
  41 0023 B19EF125 		.ascii	"\261\236\361%\323G&\306\011\007V\317\340V_\332\320\320"
  41      D34726C6 
  41      090756CF 
  41      E0565FDA 
  41      D0D0
  42 0035 F0E1D0F9 		.ascii	"\360\341\320\371\306\200\003\214?\231\030\030>3A\314"
  42      C680038C 
  42      3F991818 
  42      3E3341CC 
  43 0045 615CCEA8 		.ascii	"a\\\316\250\316\000T\364\261\345\357un\266\026\240\""
  43      CE0054F4 
  43      B1E5EF75 
  43      6EB616A0 
  43      22
  44 0056 01881CE3 		.ascii	"\001\210\034\343\012F6F \275^\350@\303\377\377\217\247"
  44      0A463646 
  44      20BD5EE8 
  44      40C3FFFF 
  44      8FA7
  45 0068 FED16766 		.ascii	"\376\321gf`x\002\224\001\231\377\224\211\011D3\337a"
  45      60780294 
  45      0199FF94 
  45      89094433 
  45      DF61
  46 007a 6C3EF097 		.ascii	"l>\360\227\027\244\024d\306\274\313}\353\230j\1777t"
  46      17A41464 
ARM GAS  C:\Users\PETERL~1\AppData\Local\Temp\ccuQ7sKZ.s 			page 3


  46      C6BCCB7D 
  46      EB986A7F 
  46      3774
  47 008c 3470FC64 		.ascii	"4p\374db\374\314\004\324\316\270\222\261\226\341'P\365"
  47      62FCCC04 
  47      D4CEB892 
  47      B196E127 
  47      50F5
  48 009e 3DC6C603 		.ascii	"=\306\306\003\377Y\301*\031@\3460\202\364\003M\323t"
  48      FF59C12A 
  48      1940E630 
  48      82F4034D 
  48      D374
  49 00b0 B68A71CE 		.ascii	"\266\212q\316\310L\312\014.)M\311\314\217I\006\261\363"
  49      C84CCA0C 
  49      2E294DC9 
  49      CC8F4906 
  49      B1F3
  50 00c2 8B8D0DF4 		.ascii	"\213\215\015\364\363\213\3653\022s\364\213\213\222\365"
  50      F38BF533 
  50      1273F48B 
  50      8B92F5
  51 00d1 8B4BF492 		.ascii	"\213K\364\222\031\000\325\273IW"
  51      1900D5BB 
  51      4957
  52              		.text
  53              		.section	.gnu.lto_stStartAlarm.bbabd25f,"",%progbits
  54 0000 789C9D53 		.ascii	"x\234\235S]H\223a\024~\317\373}\3736\335P\351J\274\320"
  54      5D489361 
  54      147ECFFB 
  54      7DFB36DD 
  54      50E94ABC 
  55 0015 404402E7 		.ascii	"@D\002\347\227y\327M\201\335\004z\245\227B\370\007\012"
  55      9779D74D 
  55      81DD047A 
  55      A59742F8 
  55      070A
  56 0027 86E15674 		.ascii	"\206\341Vt3\374\246S*JE\313Fa\026b\376\377\2449\377"
  56      33FCA653 
  56      2A4A45CB 
  56      46611662 
  56      FEFFA439 
  57 003c D2A6664A 		.ascii	"\322\246fJRR\231\222Ey1\251LBS\260\031\272\316y7#\363"
  57      52529992 
  57      457931A9 
  57      4C4253B0 
  57      19BACE79 
  58 0053 226CB0BD 		.ascii	"\"l\260\275?\3479\317s\316\373\234Il\377'\021\277Q2"
  58      3FE739CF 
  58      73CEFB9C 
  58      496CFF27 
  58      11BF5132 
  59 0067 63177105 		.ascii	"c\027q\005\035\003^\371\2021\273\201si0\222i\301\362"
  59      1D035EF9 
  59      8231BB81 
  59      73693092 
  59      69C1F2
ARM GAS  C:\Users\PETERL~1\AppData\Local\Temp\ccuQ7sKZ.s 			page 4


  60 007a 9CCA3493 		.ascii	"\234\3124\223\004\262\377Z\006\240\015\003V\304%\031"
  60      04B2FF5A 
  60      06A00D03 
  60      56C42519 
  61 008a 8AE00B5F 		.ascii	"\212\340\013_\343P\351nu\032c\0334M[}\325\023^\032\356"
  61      E350E96E 
  61      751A631B 
  61      344D5B7D 
  61      D5135E1A 
  62 009f E58CAD73 		.ascii	"\345\214\255s??4B,B*\312K\257\201\024\007\014\367\003"
  62      3F3F3442 
  62      2C422ACA 
  62      4BAF8114 
  62      070CF703 
  63 00b3 1D1BCF8D 		.ascii	"\035\033\317\215\237\271\227\303a:\016VM9\025:r\231"
  63      9FB997C3 
  63      613A0E56 
  63      4D39153A 
  63      7299
  64 00c5 8E5B37A6 		.ascii	"\216[7\246Jt1\365\232V\354\036\356\326N\312^.A\023H"
  64      4A7431F5 
  64      9A56EC1E 
  64      EED64ECA 
  64      5E2E4113 
  65 00da C807CD10 		.ascii	"\310\007\315\020\001-\020\301\360\212A+\304\020|\315"
  65      012D10C1 
  65      F08A412B 
  65      C4107CCD 
  66 00ea B13D6F54 		.ascii	"\261=oT\034\250\035\266\275+\013m\240\000.x\321y\310"
  66      1CA81DB6 
  66      BD2B0B6D 
  66      A0002E78 
  66      D179C8
  67 00fd ADF97CF5 		.ascii	"\255\371|\365\215m\275r\260\016(I\301tYO?\214y\020M"
  67      8D6DBD72 
  67      B00E2849 
  67      C174594F 
  67      3F8C7910 
  68 0112 FD2C714E 		.ascii	"\375,qN\253\264\000c\256\001\327\345\311\320=\304\213"
  68      ABB40063 
  68      AE01D7E5 
  68      C9D03DC4 
  68      8B
  69 0123 4B9FC205 		.ascii	"K\237\302\005\347:\207\277$\031\264\203\202J\035\240"
  69      E73A87BF 
  69      2419B483 
  69      824A1DA0 
  70 0133 6C720563 		.ascii	"lr\005c\337\246'\313t\324\214\016\303\232h\350\243g"
  70      DFA627CB 
  70      74D48C0E 
  70      C39A68E8 
  70      A367
  71 0145 E6A5415C 		.ascii	"\346\245A\\1:\336\234\371\332\302k\341\266\275R3x\271"
  71      313ADE9C 
  71      F9DAC26B 
  71      E1B6BD52 
  71      3378B9
ARM GAS  C:\Users\PETERL~1\AppData\Local\Temp\ccuQ7sKZ.s 			page 5


  72 0158 029DD854 		.ascii	"\002\235\330T\0276E\261\315jO{\210\271Us\330WW\252\312"
  72      173645B1 
  72      CD6A4F7B 
  72      88B95573 
  72      D85757AA 
  73 016d A3BC5C0F 		.ascii	"\243\274\\\017\017\240\026\276c\231B\010\272\301\314"
  73      0FA016BE 
  73      63994208 
  73      BAC1CC
  74 017c 16A0E447 		.ascii	"\026\240\344G\331\212\354\327\324\373eo\315/mH\244!"
  74      D98AECD7 
  74      D4FB656F 
  74      CD2F6D48 
  74      A421
  75 018e E333F520 		.ascii	"\3433\365 \333\033p\274\035\237\236I\240\262\021\205"
  75      DB1B70BC 
  75      1D9F9E49 
  75      A0B21185 
  76 019e 10FBFDA1 		.ascii	"\020\373\375\241\253z\001A\262\207$\310\250q\211\015"
  76      AB7A0141 
  76      B28724C8 
  76      A871890D 
  77 01ae 464AEF41 		.ascii	"FJ\357A& \225p\347uy\007\267\375\324.Qu\206uN\322\275"
  77      26209570 
  77      E7757907 
  77      B7FDD42E 
  77      51758675 
  78 01c5 60A3504D 		.ascii	"`\243PM\305l\277\204!'\205\202\350\265\367\264\027$"
  78      C56CBF84 
  78      21278582 
  78      E8B5F7B4 
  78      1724
  79 01d7 8ECD15D7 		.ascii	"\216\315\025\327\373\341w{\301\340\002\033\364\005\332"
  79      FBE1777B 
  79      C1E0021B 
  79      F405DA
  80 01e6 ABF33439 		.ascii	"\253\36349\215H\200\003\022\004\204\022\2420\0006/7"
  80      8D488003 
  80      12048412 
  80      A2300036 
  80      2F37
  81 01f8 8A6A6461 		.ascii	"\212jda\303\034\024\207\021\276\247a\353\012HV\361\350"
  81      C31C1487 
  81      11BEA761 
  81      EB0A4856 
  81      F1E8
  82 020a EFFAFA76 		.ascii	"\357\372\372vL\321\367p,\026k\307s\334\216\273\332\216"
  82      4CD1F770 
  82      2C166BC7 
  82      73DC8EBB 
  82      DA8E
  83 021c CF07341C 		.ascii	"\317\0074\034\203{\207#0vC\020\275\211/\216\216\326"
  83      837B8723 
  83      30764310 
  83      BD892F8E 
  83      8ED6
  84 022e 0CB8EA4A 		.ascii	"\014\270\352JC\366:\332\260\034N\210\200\253\322>W\037"
ARM GAS  C:\Users\PETERL~1\AppData\Local\Temp\ccuQ7sKZ.s 			page 6


  84      43F63ADA 
  84      B01C4E88 
  84      80ABD23E 
  84      571F
  85 0240 09578741 		.ascii	"\011W\207A9\200a#\317B\275\334\004#\3020\360s d\264"
  85      39806123 
  85      CF42BDDC 
  85      0423C230 
  85      F0732064 
  86 0255 7AA381AB 		.ascii	"z\243\201\253\355\010q\307\221\241\217\301\014\321\230"
  86      ED0871C7 
  86      91A18FC1 
  86      0CD198
  87 0264 2DE2E006 		.ascii	"-\342\340\0065P\346j\327l\261\376@\222n1 \243B\217\007"
  87      3550E66A 
  87      D76CB1FE 
  87      40926E31 
  87      20A3428F 
  88 0279 F8C6C0FC 		.ascii	"\370\306\300\374\247'z\324\031\307D\342_\375?\376'\273"
  88      A7277AD4 
  88      19C744E2 
  88      5FFD3FFE 
  88      27BB
  89 028b 0328F827 		.ascii	"\003(\370'\004\377\314\342x\205I\360\243\356SL\374\000"
  89      04FFCCE2 
  89      788549F0 
  89      A3EE534C 
  89      FC00
  90 029d F6C58965 		.ascii	"\366\305\211e\203\360\223\321\377\012\310H\314:\222"
  90      83F093D1 
  90      FF0AC848 
  90      CC3A92
  91 02ac 743C3D29 		.ascii	"t<=)7/3/\325z>;\257 =\213\366\005\226\304\243j\201E"
  91      372F332F 
  91      D57A3E3B 
  91      AF203D8B 
  91      F60596C4 
  92 02c4 CDCDC857 		.ascii	"\315\315\310W-\205Y\252\305\032\237\305\364\031\231"
  92      2D8559AA 
  92      C51A9FC5 
  92      F41999
  93 02d3 166BDED9 		.ascii	"\026k\336\331\234\023\377\3128WPh\265\250\251i)\211"
  93      9C13FFCA 
  93      38575068 
  93      B5A8A969 
  93      2989
  94 02e5 C7D4E4E4 		.ascii	"\307\324\344\344Sj\332\351\224\013\011\310q&??;>\227"
  94      536ADAE9 
  94      940B09C8 
  94      71263F3F 
  94      3B3E97
  95 02f8 C944F20B 		.ascii	"\311D\362\013\217\010\243\030"
  95      8F08A318 
  96              		.text
  97              		.section	.gnu.lto_stStopAlarm.bbabd25f,"",%progbits
  98 0000 789C6366 		.ascii	"x\234cf\300\004R@\254\313\310\300\220\015\244\031\231"
  98      C0045240 
ARM GAS  C:\Users\PETERL~1\AppData\Local\Temp\ccuQ7sKZ.s 			page 7


  98      ACCBC8C0 
  98      900DA419 
  98      99
  99 0011 19189926 		.ascii	"\031\030\231&\234c`h\344`bd\0041\030\030\031\352\231"
  99      9C636068 
  99      E4606264 
  99      04311818 
  99      19EA99
 100 0024 18EB195F 		.ascii	"\030\353\031_2}db\234p`\365\014n\365\245\015\015\015"
 100      327D6462 
 100      9C7060F5 
 100      0C6EF5A5 
 100      0D0D0D
 101 0037 1F366D97 		.ascii	"\0376m\227h\225\370\311\304\300\360\231\011b\014\343"
 101      6895F8C9 
 101      C4C0F099 
 101      09620CE3 
 102 0047 72467506 		.ascii	"rFu\006\240\232\217-\177\257s\263\265\000\325\010@\344"
 102      A09A8F2D 
 102      7FAF73B3 
 102      B500D508 
 102      40E4
 103 0059 185730B2 		.ascii	"\030W0\262\001\215gX/t\240\341\377\377\305s\336lgaf"
 103      018D6758 
 103      2F74A0E1 
 103      FFFFC573 
 103      DE6C6761 
 104 006e 60780294 		.ascii	"`x\002\224\002\231\377\224\211\011D3\337b<\364a\307"
 104      0299FF94 
 104      89094433 
 104      DF623CF4 
 104      61C7
 105 0080 BADD47B9 		.ascii	"\272\335G\271Q\214x\260\364\275\004\330\200\317L\214"
 105      518C78B0 
 105      F4BD04D8 
 105      80CF4C8C 
 106 0090 E88633AE 		.ascii	"\350\2063\256dd\003\232\276\212\221\015(\361\356\364"
 106      6464039A 
 106      BE8A910D 
 106      28F1EEF4 
 107 00a0 F136D617 		.ascii	"\3616\326\027L?\231\030\201r\015, \265\367\237\234\277"
 107      4C3F9918 
 107      81720D2C 
 107      20B5F79F 
 107      9CBF
 108 00b2 C8011662 		.ascii	"\310\001\026b\000q\247\237\177\275\212i.\343\354\306"
 108      0071A79F 
 108      7FBD8A69 
 108      2EE3ECC6 
 109 00c2 090D1C3F 		.ascii	"\011\015\034?\231\230\030W3J1\256a\224\002\313}\237"
 109      99981857 
 109      334A31AE 
 109      619402CB 
 109      7D9F
 110 00d4 FC642D9F 		.ascii	"\374d-\237\356\352\206\226\306\017w\276\235\342\377"
 110      EEEA8696 
 110      C60F77BE 
ARM GAS  C:\Users\PETERL~1\AppData\Local\Temp\ccuQ7sKZ.s 			page 8


 110      9DE2FF
 111 00e3 C9C4CCB8 		.ascii	"\311\304\314\270\226q.\343'\240\033\301\2660\256c\324"
 111      96712EE3 
 111      27A01BC1 
 111      B630AE63 
 111      D4
 112 00f4 453611E8 		.ascii	"E6\021\350~\306\365@\275\367\030\033\037\034}\317\001"
 112      7EC6F540 
 112      BDF7181B 
 112      1F1C7DCF 
 112      01
 113 0105 72202808 		.ascii	"r (\010\236\000\255\002\372\005\250K\323\331*\3069#"
 113      9E00AD02 
 113      FA05A84B 
 113      D3D92AC6 
 113      3923
 114 0117 332933B8 		.ascii	"3)3\270\2444%3?&\031\304\316/66\320\317/\326\317H\314"
 114      A4342533 
 114      3F2619C4 
 114      CE2F3636 
 114      D0CF2FD6 
 115 012e D12F2E4A 		.ascii	"\321/.J\326/.\321Kf\260'\244\262 \277\250\244X?8\304"
 115      D62F2ED1 
 115      4B66B027 
 115      A4B220BF 
 115      A8A4583F 
 116 0144 D7D848DF 		.ascii	"\327\330H\337\307\307E?\304\323\267\314\020\2507>''"
 116      C7C7453F 
 116      C4D3B7CC 
 116      10A8373E 
 116      2727
 117 0156 452F8301 		.ascii	"E/\203\001\000\252\312\225["
 117      00AACA95 
 117      5B
 118              		.text
 119              		.section	.gnu.lto_stSetAlarm.bbabd25f,"",%progbits
 120 0000 789C9552 		.ascii	"x\234\225RKHTa\024\376\277\377\336\2713:\242\322jpa"
 120      4B485461 
 120      14FEBFFF 
 120      DEB9333A 
 120      A2D26A70 
 121 0015 818804EA 		.ascii	"\201\210\004\352\315\334\265)\260M\240+[\012\342\013"
 121      CDDCB529 
 121      B04DA02B 
 121      5B0AE20B 
 122 0025 148C0967 		.ascii	"\024\214\011g\2126\342\035\035\245\242T\264L\012\255"
 122      8A36E21D 
 122      1DA5A254 
 122      B44C0AAD 
 123 0035 10CD476A 		.ascii	"\020\315Gji\215\217\3511%\241 %QiY\224\013\205\"\013"
 123      698D8FE9 
 123      3125A120 
 123      25516959 
 123      940B8522 
 124 004a 4D691A43 		.ascii	"Mi\032C\355\234;\026\230\213h\340\316\377\237\377|\347"
 124      ED9C3B16 
 124      988B68E0 
ARM GAS  C:\Users\PETERL~1\AppData\Local\Temp\ccuQ7sKZ.s 			page 9


 124      CEFF9FFF 
 124      7CE7
 125 005c FBCE4B11 		.ascii	"\373\316K\021;\177\351\364\345*B\234\242\023\026\001"
 125      3B7FE9F4 
 125      E52A429C 
 125      A2131601 
 126 006c 59FF4C08 		.ascii	"Y\377L\010\217MJe4^\030\221\352\264.\214(\005j\370Y"
 126      8F4D4A65 
 126      345E1891 
 126      EAB42E8C 
 126      28056AF8 
 127 0081 05F82220 		.ascii	"\005\370\" *\244\242\242\002\237\344\262D}\240\247\331"
 127      2AA4A2A2 
 127      029FE4B2 
 127      447DA0A7 
 127      D9
 128 0092 9ED46E18 		.ascii	"\236\324n\030\306R\203\337Q\355\010I!Vd\230\0377\220"
 128      C65283DF 
 128      51ED0849 
 128      21566498 
 128      1F3790
 129 00a5 4490BADA 		.ascii	"D\220\272\332\352\363P\222!\350>\322\267\372\324\376"
 129      EAF35092 
 129      21E83ED2 
 129      B7FAD4FE 
 130 00b5 518624F6 		.ascii	"Q\206$\366\2609\3320\321\254\261)U6\327.NTY\022\333"
 130      B039DA30 
 130      D1ACB129 
 130      5536D72E 
 130      4E545912 
 131 00ca 0CA332E0 		.ascii	"\014\2432\340\0370\016\251!\251\240\023\012\361\241"
 131      1F300EA9 
 131      21A9A013 
 131      0AF1A1
 132 00d9 0B71E846 		.ascii	"\013q\350F\234\240'\201\036$2|\331\273>c\327\274\244"
 132      9CA02781 
 132      1E24327C 
 132      D9BB3E63 
 132      D7BCA4
 133 00ec 1DBBFE5B 		.ascii	"\035\273\376[\0267\241\201\016z\350\337\025067\333:"
 133      1637A181 
 133      0E7AE8DF 
 133      15303637 
 133      DB3A
 134 00fe 16FDAACD 		.ascii	"\026\375\252\315\002\016\322(\\\265\362\237\020\363"
 134      020ED228 
 134      5CB5F29F 
 134      10F3
 135 010c 84E67A16 		.ascii	"\204\346z\026\244\344S\231\305c\337\210\357\314x\314"
 135      A4E45399 
 135      C563DF88 
 135      EFCC78CC 
 136 011c 36E2B985 		.ascii	"6\342\271\205\357\016\223sE\342/I\201^h\244\324\007"
 136      EF0E9373 
 136      45E22F49 
 136      815E68A4 
 136      D407
ARM GAS  C:\Users\PETERL~1\AppData\Local\Temp\ccuQ7sKZ.s 			page 10


 137 012e 2D2835F2 		.ascii	"-(5\362}\235\034\257\261p1\026r\033fA\037\346\247\236"
 137      7D9D1CAF 
 137      B1703116 
 137      721B6641 
 137      1FE6A79E 
 138 0142 DBCC27C1 		.ascii	"\333\314'\301\346\245\251\317\335\262\005W<\365\206"
 138      E6A5A9CF 
 138      DDB20557 
 138      3CF586
 139 0151 2D2435F4 		.ascii	"-$5\364SQ\267\250(\366\005\033\347{\243Sz\014\257gi"
 139      5351B7A8 
 139      28F6051B 
 139      E77BA353 
 139      7A0CAF67 
 140 0166 B1A17677 		.ascii	"\261\241vwHZq\033-\370Fi\232B\030@\212\230E\325\217"
 140      485A711B 
 140      2DF84669 
 140      9A421840 
 140      8A9845D5 
 141 017b 9A4535AC 		.ascii	"\232E5\254i\015\313^\236YXUXC\2456\015\022\333+x_\217"
 141      690DCB5E 
 141      9E595855 
 141      5843A536 
 141      0D12DB2B 
 142 0192 4D7E49E3 		.ascii	"M~I\343\264\011E\020O\207\377\234\325\204\020\331\035"
 142      B4094510 
 142      4F87FF9C 
 142      D58410D9 
 142      1D
 143 01a3 16145CB8 		.ascii	"\026\024\\\270\"F\343\225wP\031\310)\264\276\250\355"
 143      2246E395 
 143      775019C8 
 143      29B4BEA8 
 143      ED
 144 01b4 93E53F8D 		.ascii	"\223\345?\215\323\234\235mE\262\364]\224\263\253\251"
 144      D39C9D6D 
 144      45B2F45D 
 144      94B3ABA9 
 145 01c4 EEE5B042 		.ascii	"\356\345\260B\256fvEp\267\267\225\027a\232]u\027\206"
 145      AE667645 
 145      70B7B795 
 145      17619A5D 
 145      751786
 146 01d7 F1A7BC48 		.ascii	"\361\247\274H\370P\216\241\255\362\256\316w6\333\211"
 146      F8508EA1 
 146      ADF2AECE 
 146      7736DB89 
 147 01e7 80162402 		.ascii	"\200\026$\002\2142E1\202\362\220\264\233\331\250\346"
 147      8C324531 
 147      82F290B4 
 147      9BD9A8E6 
 148 01f7 18A65119 		.ascii	"\030\246Q\031\313\370\301\366\265\263P\334f\323\337"
 148      CBF8C1F6 
 148      B5B350DC 
 148      66D3DF
 149 0206 0E0D6D44 		.ascii	"\016\015mD%\\\247\265\230{3V\024\360^3667\301\3131\272"
 149      255CA7B5 
ARM GAS  C:\Users\PETERL~1\AppData\Local\Temp\ccuQ7sKZ.s 			page 11


 149      987B3356 
 149      14F05E33 
 149      363637C1 
 150 021d 7D39B6D6 		.ascii	"}9\266\326\316\217\204 u\234&\3324\342\233\252\216\336"
 150      CE8F8420 
 150      759C26DA 
 150      34E29BAA 
 150      8EDE
 151 022f 3ED1F6A0 		.ascii	">\321\366\240\203\021[SUvL\365\2369\325\373\320\376"
 151      83115B53 
 151      55764CF5 
 151      9E39D5FB 
 151      D0FE
 152 0241 6360AD93 		.ascii	"c`\255\2231!\031\205\007\346\300\020\346 \310\243\306"
 152      31211985 
 152      07E6C010 
 152      E620C8A3 
 152      C6
 153 0252 D576A9F7 		.ascii	"\325v\251\367\022$\220\314\003}\210\024$P\264\351G\000"
 153      122490CC 
 153      037D8814 
 153      2450B4E9 
 153      4700
 154 0264 3AA7F91E 		.ascii	":\247\371\036\236\271'A\233\331\017\301{\011n\004ux"
 154      9EB92741 
 154      9BD90FC1 
 154      7B096E04 
 154      7578
 155 0276 6FC6819C 		.ascii	"o\306\201\234\214\342\222\374\222l\367\211\302\022g"
 155      8CE292FC 
 155      926CF789 
 155      C21267
 156 0285 4E01DF9D 		.ascii	"N\001\337\235\256\364}\272\323\245\027\347\225\352\256"
 156      AEF47DBA 
 156      D3A517E7 
 156      95EAAE
 157 0294 B202DDE5 		.ascii	"\262\002\335\345N-\020\326\274|\227\273\344X\321\301"
 157      4E2D10D6 
 157      BC7C97BB 
 157      E458D1C1 
 158 02a4 7F451C77 		.ascii	"\177E\034w\226\271]z\366\321\254\364\375zf\346a\375"
 158      96B95D7A 
 158      F6D1ACF4 
 158      FD7A66E6 
 158      61FD
 159 02b6 E891AC93 		.ascii	"\350\221\254\223i\304\221[ZZ\230Z,T&\371\005\246(_r"
 159      69C4915B 
 159      5A5A985A 
 159      2C5426F9 
 159      05A6285F 
 160              		.text
 161              		.section	.gnu.lto_stGetAlarm.bbabd25f,"",%progbits
 162 0000 789C9552 		.ascii	"x\234\225RMh\023A\024~of\263I\033Q\361\024r\250\202"
 162      4D681341 
 162      147E6F66 
 162      B3491B51 
 162      F11472A8 
ARM GAS  C:\Users\PETERL~1\AppData\Local\Temp\ccuQ7sKZ.s 			page 12


 163 0015 42F190AE 		.ascii	"B\361\220\25657/\036\352EhO\355\261 \232\036\022\014"
 163      35372F1E 
 163      EA45684F 
 163      EDB1209A 
 163      1E120C
 164 0028 449AE82D 		.ascii	"D\232\350-d\242\241(H[\322\242\251\322*h\264?&\365\267"
 164      64A2A128 
 164      485BD2A2 
 164      A9D22A68 
 164      B43F26F5 
 165 003d 26A9D0AA 		.ascii	"&\251\320\252\207\012A\213\250\211\224\252=$\240\264"
 165      870A418B 
 165      A88994AA 
 165      3D24A0B4 
 166 004d 486B0235 		.ascii	"Hk\0025H\214o6Q\210=\210\013\2733o\276o\276\367\276"
 166      488C6F36 
 166      51883D88 
 166      0BBB336F 
 166      BE6FBEF7 
 167 0062 F796C3D6 		.ascii	"\367\226\303\326\307N\357\007\006p\222V4\000\262\301"
 167      C74EEF07 
 167      06709256 
 167      3400B2C1 
 168 0072 57004113 		.ascii	"W\000A\023c<\325\004\242Q\311h \266qT\252\307\012\242"
 168      633CD504 
 168      A251C968 
 168      20B67154 
 168      AAC70AA2 
 169 0086 DC004280 		.ascii	"\334\000B\200q\005\003\370\205m0L\306\213/\315\237Y"
 169      710503F8 
 169      856D304C 
 169      C68B2FCD 
 169      9F59
 170 0098 89C11EA0 		.ascii	"\211\301\036\2400\025~\021Qe\210\212\014\263\231H\266"
 170      30157E11 
 170      5165888A 
 170      0CB39948 
 170      B6
 171 00a9 A1392AC4 		.ascii	"\2419*\304\331\365\360\234{d\370:!\014\012\014\3606"
 171      D9F5F09C 
 171      7B64F83A 
 171      210C0A0C 
 171      F036
 172 00bb 5A711CAD 		.ascii	"Zq\034\255Ro\002\233%w#T\316\232\325\220\020bg\231\212"
 172      526F029B 
 172      25772354 
 172      CE9AD590 
 172      10626799 
 173 00d0 22126193 		.ascii	"\"\022a\223\250\"-t0\275k^T*7\306\326\346\024#\007\222"
 173      A8222D74 
 173      30BD6B5E 
 173      542A37C6 
 173      D6E61423 
 174 00e6 31D087AB 		.ascii	"1\320\207\253\362\003\220#\262,.O\352\264\362%|6\223"
 174      F2039023 
 174      B22C2E4F 
 174      EAB4F225 
ARM GAS  C:\Users\PETERL~1\AppData\Local\Temp\ccuQ7sKZ.s 			page 13


 174      7C3693
 175 00f9 8C5F58D8 		.ascii	"\214_X\330Q\247\273\222\377i\321%\013\014\377\312\010"
 175      51A7BB92 
 175      FF69D125 
 175      0B0CFFCA 
 175      08
 176 010a 38852A25 		.ascii	"8\205*%\272\203\352&3\020\3665\275\320g\220F\024\202"
 176      BA83EA26 
 176      3310F635 
 176      BDD06790 
 176      461482
 177 011d 856EE653 		.ascii	"\205n\346Sn\361\265I?\002\031^^\\\235d\243x58(L%f\300"
 177      6EF1B549 
 177      3F02195E 
 177      5E5C9D64 
 177      A3783538 
 178 0136 18398A4B 		.ascii	"\0309\212KG\204m\016\345b\333mS\"\024\\_\016\367\357"
 178      47846D0E 
 178      E562DB6D 
 178      5322145C 
 178      5F0EF7EF 
 179 014a 2E3115A7 		.ascii	".1\025\247q\024\277Q\231z\"\274\2136X\302s\337\373\326"
 179      7114BF51 
 179      997A22BC 
 179      8B3658C2 
 179      73DFFBD6 
 180 015e 946ACE5A 		.ascii	"\224j\316Z\332+\331|\221\313\034\234zt\217\324\336a"
 180      DA2BD97C 
 180      91CB1C9C 
 180      7A748FD4 
 180      DE61
 181 0170 E8FDF374 		.ascii	"\350\375\363t\271U\226M,\242\004o\315^4\352\024\022"
 181      B955964D 
 181      2CA2046F 
 181      CD5E34EA 
 181      1412
 182 0182 BBAFB750 		.ascii	"\273\257\267P\032\347\220j\342\313\250H\242,a\354M\177"
 182      1AE7906A 
 182      E2CBA848 
 182      A22C61EC 
 182      4D7F
 183 0194 9CF97F88 		.ascii	"\234\371\177\210\363\262:c\201\311\324\017\320/\241"
 183      F3B23A63 
 183      81C9D40F 
 183      D02FA1
 184 01a3 4B036F13 		.ascii	"K\003o\023\234\240\210\204L\262\331u\366Lz810\234\300"
 184      9CA08884 
 184      4CB2D975 
 184      F64C7A38 
 184      31309CC0 
 185 01b7 3FF61AF0 		.ascii	"?\366\032\360!\372\361Q\315\336\265\334x\304L\002\026"
 185      21FAF151 
 185      CDDEB5DC 
 185      78C44C02 
 185      16
 186 01c8 22E30CB1 		.ascii	"\"\343\014\261\364\244\370\030\375%\326\250W\243\374"
 186      F4A4F818 
ARM GAS  C:\Users\PETERL~1\AppData\Local\Temp\ccuQ7sKZ.s 			page 14


 186      FD25D6A8 
 186      57A3FC
 187 01d7 1E436A24 		.ascii	"\036Cj$\276j\250\237\302\315@m\010|\313\020\022\372"
 187      BE6AA89F 
 187      C2CD406D 
 187      087CCB10 
 187      12FA
 188 01e9 1092D22A 		.ascii	"\020\222\322*\377\217\026g\322\373J\314\214)\275\305"
 188      FF8F1667 
 188      D2FB4ACC 
 188      8C29BDC5 
 189 01f9 589521CA 		.ascii	"X\225!\312\323\241b\224i1\242\314[\345\010f\321\206"
 189      D3A16294 
 189      6931A2CC 
 189      5BE50866 
 189      D186
 190 020b 7BE9B68E 		.ascii	"{\351\266\216\343\023\324\340#\006W\242\025K\265\271"
 190      E313D4E0 
 190      230657A2 
 190      154BB5B9 
 191 021b D44FFA91 		.ascii	"\324O\372\221PVN-\331\337v\250\273\315\351:\341\352"
 191      50564E2D 
 191      D9DF76A8 
 191      BBCDE93A 
 191      E1EA
 192 022d F49DEE71 		.ascii	"\364\235\356qy\272\035r\357\361\332\017h\036\257\346"
 192      79BA1D72 
 192      EFF1DA0F 
 192      681EAFE6 
 193 023d 3CEED6BC 		.ascii	"<\356\326\274\275\016\315\353kq\300\341\1771Oyz}^\255"
 193      BD0ECDEB 
 193      6B71C0E1 
 193      7F314F79 
 193      7A7D5EAD 
 194 0251 B3ABC37E 		.ascii	"\263\253\303~Pko?\242u\035\3558\323Jw\217\271\335=-"
 194      506B6F3F 
 194      A2751DED 
 194      38D34A77 
 194      8FB9DD3D 
 195 0266 4EF80565 		.ascii	"N\370\005e 0\334"
 195      2030DC
 196              		.text
 197              		.section	.gnu.lto_.symbol_nodes.bbabd25f,"",%progbits
 198 0000 789C558A 		.ascii	"x\234U\212\273\015\203P\024C}}\001=\366a?S\220\360\227"
 198      BB0D8350 
 198      14437D7D 
 198      013DF661 
 198      3F5390F0 
 199 0015 98005150 		.ascii	"\230\000QP\246\315\032\231!\223D\374R\360\334X\3669"
 199      A6CD1A99 
 199      219344FC 
 199      52F0DC58 
 199      F639
 200 0027 0EE0857F 		.ascii	"\016\340\205\177XQ\300\364\001$\314K\000\037\224\335"
 200      5851C0F4 
 200      0124CC4B 
 200      001F94DD 
ARM GAS  C:\Users\PETERL~1\AppData\Local\Temp\ccuQ7sKZ.s 			page 15


 201 0037 8FB42716 		.ascii	"\217\264'\026\312\371\244\030\231\365\376F\346@;\315"
 201      CAF9A418 
 201      99F5FE46 
 201      E6403BCD 
 202 0047 864A2230 		.ascii	"\206J\"0\222\007\260\226J/\200\262\014\260\216\312n"
 202      9207B096 
 202      4A2F80B2 
 202      0CB08ECA 
 202      6E
 203 0058 DB11B07E 		.ascii	"\333\021\260~\177\346\226\243z\027\236\\\225\235\205"
 203      7FE696A3 
 203      7A179E5C 
 203      959D85
 204 0067 0D7A1D2C 		.ascii	"\015z\035,)"
 204      29
 205              		.text
 206              		.section	.gnu.lto_.refs.bbabd25f,"",%progbits
 207 0000 789C6366 		.ascii	"x\234cf``\020`\200\000FF&&\026F\026&V\026F6&v\026\006"
 207      60601060 
 207      80004646 
 207      26261646 
 207      16265616 
 208 001a 00034700 		.ascii	"\000\003G\000B"
 208      42
 209              		.text
 210              		.section	.gnu.lto_.decls.bbabd25f,"",%progbits
 211 0000 789CB558 		.ascii	"x\234\265X{LTW\032\277\347\236a\200a\000\227\356\332"
 211      7B4C5457 
 211      1ABFE79E 
 211      61806100 
 211      97EEDA
 212 0013 863F56B4 		.ascii	"\206?V\264Y\242\215\212b\273]\273\331\370\030\2155\251"
 212      59A28D8A 
 212      62BB5DBB 
 212      D9F8188D 
 212      35A9
 213 0025 5D33B849 		.ascii	"]3\270I\023I\246\010\323B\302\303:c\263\376wy\250\200"
 213      1349A608 
 213      D342C2C3 
 213      3A63B3FE 
 213      7779A880 
 214 0039 A888A820 		.ascii	"\250\210\250 \242CAD\020\001+ \017\001m\213\203(\240"
 214      A2434144 
 214      10012B20 
 214      0F016D8B 
 214      8328A0
 215 004c F2B2A820 		.ascii	"\362\262\250 \276\025u\020\025\020u\366;\347\334;sg"
 215      BE157510 
 215      151075F6 
 215      3BE7DC3B 
 215      7367
 216 005e 3ADAED3E 		.ascii	":\332\355>n\362\315\234\357\234\337\371}\217\363\274"
 216      6EF2CD9C 
 216      EF9CDFF9 
 216      7D8FF3BC 
 217 006e 17731CF7 		.ascii	"\027s\034\367{\236\343\254\360|\355\307qq\230\343\224"
 217      7B9EE3AC 
ARM GAS  C:\Users\PETERL~1\AppData\Local\Temp\ccuQ7sKZ.s 			page 16


 217      F07CEDC7 
 217      717198E3 
 217      94
 218 007f 50B71204 		.ascii	"P\267\022\004\252\271J\220z\216=\356 M \355 \027@.\201"
 218      AAB94A90 
 218      7A8E3DEE 
 218      204D20ED 
 218      2017402E 
 219 0094 7483F482 		.ascii	"t\203\364\202\\\005\201\256\334u\220\233 w8\307\247"
 219      5C0581AE 
 219      DC75909B 
 219      207738C7 
 219      A7
 220 00a5 496C27BC 		.ascii	"Il'\274wAN\212\365\274\330\326\313\375\362!v\274\305"
 220      77414E8A 
 220      F5BCD8D6 
 220      CBFDF221 
 220      76BCC5
 221 00b8 3E3E206A 		.ascii	">> j\220V\220\251 3\021\307}\0002\004\345Y\210\371y"
 221      905690A9 
 221      203311C7 
 221      7D003204 
 221      E55988F9 
 222 00cd 1CA40F44 		.ascii	"\034\244\017D\201\230\255?\302\377\237@\336\005Q\210"
 222      8198AD3F 
 222      C2FF9F40 
 222      DE055188 
 223 00dd 7C1F21E6 		.ascii	"|\037!\346\353\307\360\217D\177\345\017\211K!\332\224"
 223      EBC7F08F 
 223      447FE50F 
 223      894B21DA 
 223      94
 224 00ee DB40221F 		.ascii	"\333@\"\037/b\346\243_\372{\3517\370KrZ'\363\227\227"
 224      2F62E6A3 
 224      5FFA7BE9 
 224      37F84B72 
 224      5A27F397 
 225 0103 F9AB10B9 		.ascii	"\371\253\020\271$_\377*\372z\323\311^\267h\343\277\265"
 225      245FFF2A 
 225      FA7AD3C9 
 225      5EB768E3 
 225      BFB5
 226 0115 D52DB3F5 		.ascii	"\325-\263\3657\321\226\363\370\015\363\310\\\222\373"
 226      37D196F3 
 226      F80DF3C8 
 226      5C92FB
 227 0124 25E61114 		.ascii	"%\346\021\024\0257\366\225W\371\242@\177\177U\201 \010"
 227      1537F695 
 227      57F9A240 
 227      7F7F5581 
 227      2008
 228 0136 C9C24254 		.ascii	"\311\302BT\202T\350\020\302\262\036YP?\266\2004@\321"
 228      8254E810 
 228      C2B21E59 
 228      503FB680 
 228      3440D1
 229 0149 83FE270B 		.ascii	"\203\376'\013B\202`\311\020\360{\034\232\351\217f\370"
ARM GAS  C:\Users\PETERL~1\AppData\Local\Temp\ccuQ7sKZ.s 			page 17


 229      428260C9 
 229      10F07B1C 
 229      9AE98F66 
 229      F8
 230 015a 73A80805 		.ascii	"s\250\010\005\322&\016\025#\177t\030\371\023K\203;\207"
 230      D2260E15 
 230      237F7418 
 230      F9134B83 
 230      3B87
 231 016c 53DC5422 		.ascii	"S\334T\":\371\327\3209\351\027\263\325wy\344\243\212"
 231      3AF9D7D0 
 231      39E917B3 
 231      D57779E4 
 231      A38A
 232 017e 24EAD031 		.ascii	"$\352\3201S\263\007\250j\2257Qk\216>=\357E[\003\210"
 232      53B307A8 
 232      6A953751 
 232      6B8E3E3D 
 232      EF455B03 
 233 0193 5A9B61CE 		.ascii	"Z\233a\316R\322V\005QG7ZRTTUS\365I\311\204\202\030\026"
 233      52D25605 
 233      5147375A 
 233      52545455 
 233      53F549C9 
 234 01ab 84F444C1 		.ascii	"\204\364D\301\323\354\003\015\250\014L\225\203)\016"
 234      D3EC030D 
 234      A80C4C95 
 234      83290E
 235 01ba 1DA3A6A7 		.ascii	"\035\243\246\247\373\243\012f\371\334\366\237z\325~"
 235      FBA30A66 
 235      F9DCF69F 
 235      7AD57E
 236 01c9 E9142E08 		.ascii	"\351\024.\010\001\210f\241\024\340G)\374{\344'u\"\350"
 236      018866A1 
 236      14E04729 
 236      FC7BE427 
 236      7522E8
 237 01dc 92BB9565 		.ascii	"\222\273\225e\274\034}\344m\350\261\333[\012\025\352"
 237      BC1C7DE4 
 237      6DE8B1DB 
 237      5B0A15EA 
 238 01ec 549203D1 		.ascii	"T\222\003\321\225\343\310O\346K%\"CN\377\001\235\\\237"
 238      95E3C84F 
 238      E64B2522 
 238      434EFF01 
 238      9D5C9F
 239 01ff 59E849A3 		.ascii	"Y\350I\243\374\202t\276\223^T\246\246ay\021u\353\213"
 239      FC8274BE 
 239      935E54A6 
 239      A6617911 
 239      75EB8B
 240 0212 E1F33E54 		.ascii	"\341\363>TU\021\365\305\370\231x\345\233\243\254\221"
 240      5511F5C5 
 240      F89978E5 
 240      9BA3AC91 
 241 0222 A23CC1A2 		.ascii	"\242<\301\2424'\025\267{;GY\005\360j\012\257\245~\327"
 241      342715B7 
ARM GAS  C:\Users\PETERL~1\AppData\Local\Temp\ccuQ7sKZ.s 			page 18


 241      7B3B4759 
 241      05F06A0A 
 241      AFA57ED7 
 242 0236 487EBF1E 		.ascii	"H~\277\036\262\266\370:G\371F\364\271\347\255#>\016"
 242      B2B6F83A 
 242      47F946F4 
 242      B9E7AD23 
 242      3E0E
 243 0248 51D63944 		.ascii	"Q\3269DY/FYO\243\254\233\030\354T\274\273Kt|\222\002"
 243      592F4659 
 243      4FA3AC9B 
 243      18EC54BC 
 243      BB4B747C 
 244 025e AD9C2CC3 		.ascii	"\255\234,\303\236D\357\302\357j\005c6U'=Q`w2]Q~\326"
 244      9E44EFC2 
 244      EF6A0563 
 244      3655273D 
 244      51607732 
 245 0276 F54ED5CC 		.ascii	"\365N\325\314b:U\233,\310>\245o\037\275\265\227\017"
 245      623A559B 
 245      2CC83EA5 
 245      6F1FBDB5 
 245      970F
 246 0288 D82F98CA 		.ascii	"\330/\230\312-\245c\227\325\202Yh\262Z\027P*\324\200"
 246      2DA56397 
 246      D5825968 
 246      B25A1750 
 246      2AD480
 247 029b 306A4433 		.ascii	"0jD3\251\371\006qf\243&\024\000\335\332\366\233\216"
 247      A9F90671 
 247      66A32614 
 247      00DDDAF6 
 247      9B8E
 248 02ad FBE20594 		.ascii	"\373\342\005\224\273\261a\254Y\205\227\323rZ\362@\213"
 248      BBB161AC 
 248      598597D3 
 248      725AF240 
 248      8B
 249 02be 0A6B6939 		.ascii	"\012ki9\276\260.\315\035r>UE-\365\347\214\027xR\225"
 249      BEB02ECD 
 249      1D723E55 
 249      452DF5E7 
 249      8C177852 
 250 02d3 ECB4BE50 		.ascii	"\354\264\276P\305\233o\013\371>(\220.!\313\311\374\301"
 250      C59B6F0B 
 250      F93E2890 
 250      2E21CBC9 
 250      FCC1
 251 02e5 4F13611D 		.ascii	"O\023a\035\235\201l\375`\263L{\223'\331\236!\316\026"
 251      9D816CFD 
 251      60B34C7B 
 251      9327D99E 
 251      21CE16
 252 02f8 326A86E5 		.ascii	"2j\206\3450UE\261\350G\250\374\211\016\030\377\323\313"
 252      305545B1 
 252      E847A8FC 
 252      890E18FF 
ARM GAS  C:\Users\PETERL~1\AppData\Local\Temp\ccuQ7sKZ.s 			page 19


 252      D3CB
 253 030a 862437A4 		.ascii	"\206$7\244\012t\335\251\305E'\352B\332\346\214\311\202"
 253      0A74DDA9 
 253      C54527EA 
 253      42DAE68C 
 253      C982
 254 031c A0406670 		.ascii	"\240@fp\341\264\335\2053H%\345\213\177x4\243\022I.\233"
 254      E1B4DD85 
 254      334825E5 
 254      8B7F7834 
 254      A312492E 
 255 0331 EFEDFD03 		.ascii	"\357\355\375\003\301\267\002\376\224\035oFo\365\371"
 255      C1B702FE 
 255      941D6F46 
 255      6FF5F9
 256 0340 AC4B9F51 		.ascii	"\254K\237Q\305\326k)\356\012\330\231(\335j\2728/\367"
 256      C5D66B29 
 256      EE0AD899 
 256      28DD6ABA 
 256      382FF7
 257 0353 A64C7FE3 		.ascii	"\246L\177\343h\237\247\243}\016\211\303]Y\3331\244\302"
 257      689FA7A3 
 257      7D0E89C3 
 257      5D59DB31 
 257      A4C2
 258 0365 5D747B42 		.ascii	"]t{B\355\025\215=^0\254\0030\254\265\233p\266`J\020"
 258      ED158D3D 
 258      5E30AC03 
 258      30ACB59B 
 258      70B6604A 
 259 037a 5E5BAD88 		.ascii	"^[\255\210\366Bm\262\201m\223\006\266\235\016\354\366"
 259      F6426DB2 
 259      816D9306 
 259      B69D0EEC 
 259      F6
 260 038b 2DF737F2 		.ascii	"-\3677\362x\220\261\264\306\377\020\257\244,\246\272"
 260      7890B1B4 
 260      C6FF10AF 
 260      A42CA6BA 
 261 039b 7C259B1A 		.ascii	"|%\233\032tft\310\010:$\202\013\224\240\274\310\322"
 261      746674C8 
 261      083A2482 
 261      0B94A0BC 
 261      C8D2
 262 03ad E08D1F31 		.ascii	"\340\215\0371\202+\207z\272\230\033\246\3136\002\342"
 262      822B877A 
 262      BA981BA6 
 262      CB3602E2 
 263 03bd C14519C1 		.ascii	"\301E\031\301E\211\340\022%8q\261s\324]\0364I\207=\352"
 263      4589E012 
 263      253871B1 
 263      73D45D1E 
 263      3449873D 
 264 03d2 4E87395E 		.ascii	"N\2079^:0\366@\215\307\231\265\354\354\234`jl`\374F"
 264      3A30F640 
 264      8DC799B5 
 264      ECEC9C60 
ARM GAS  C:\Users\PETERL~1\AppData\Local\Temp\ccuQ7sKZ.s 			page 20


 264      6A6C60FC 
 265 03e7 B37D2A43 		.ascii	"\263}*C\017\324%\263\327%\331\353\246\366.\355\3158"
 265      0FD425B3 
 265      D725D9EB 
 265      A6F62EED 
 265      CD38
 266 03f9 8E7012A6 		.ascii	"\216p\022\246\024\3259\343\231\230p\010\226\242\207"
 266      14D539E3 
 266      99987008 
 266      96A287
 267 0408 A30B7724 		.ascii	"\243\013w$\246\027\010\003V\353\024\266 zd,=\022K/e"
 267      A6170803 
 267      56EB14B6 
 267      207A642C 
 267      3D124B2F 
 268 041d C94ACD4A 		.ascii	"\311J\315JV;,\343#\016n_f\313\030\220\326W\331#\210"
 268      563B2CE3 
 268      230E6E5F 
 268      66CB1890 
 268      D657D923 
 269 0432 8E33D489 		.ascii	"\2163\324\211\343lI+\271\357\371\306\201\356\243!\377"
 269      E36C492B 
 269      B9EFF9C6 
 269      81EEA321 
 269      FF
 270 0443 2C0D74D9 		.ascii	",\015t\331\316\353O<p\007s\370P\345\255rD\035.\257m"
 270      CEEB4F3C 
 270      700773F8 
 270      50E5AD72 
 270      441D2EAF 
 271 0458 2FE1B385 		.ascii	"/\341\263\205<i\240\241\027\272\"s\370\212\344\360U"
 271      3C69A0A1 
 271      17BA2273 
 271      F88AE4F0 
 271      55
 272 0469 EAF0AD8C 		.ascii	"\352\360\255\214]\026\214S\025\224e\333\256\302^/\274"
 272      5D168C53 
 272      159465DB 
 272      AEC25E2F 
 272      BC
 273 047a 932909AD 		.ascii	"\223)\011\255\247\316(\246\344)r\341\314\202\035\227"
 273      A7CE28A6 
 273      E42972E1 
 273      CC821D97 
 274 048a 2EEB4D13 		.ascii	".\353M\023e\276\357\347\011\035&KiC3\212O7%\244\013"
 274      65BEEFE7 
 274      091D264B 
 274      6943338A 
 274      4F3725A4 
 275 049f 642CE996 		.ascii	"d,\351\226|\015\254\300\354\221\355\344\375\304\026"
 275      7C0DACC0 
 275      EC91EDE4 
 275      FDC416
 276 04ae 1A4090B7 		.ascii	"\032@\220\267\353\350}\262G\024^o\365\305e\314\300\263"
 276      EBE87DB2 
 276      47145E6F 
 276      F5C565CC 
ARM GAS  C:\Users\PETERL~1\AppData\Local\Temp\ccuQ7sKZ.s 			page 21


 276      C0B3
 277 04c0 CAB2569F 		.ascii	"\312\262V\237)'\251\201:f \247sk\031O\015\230\372\362"
 277      2927A981 
 277      3A6620A7 
 277      736B194F 
 277      0D98FAF2 
 278 04d4 05855948 		.ascii	"\005\205YH\"Y\247[!a\207\231!\333A\007)\373\015\302"
 278      2259A75B 
 278      21618799 
 278      21DB4107 
 278      29FB0DC2 
 279 04e8 7E93B28F 		.ascii	"~\223\262\217\225&\345{\342\026\306\276\345E\333s\365"
 279      9526E57B 
 279      E216C6BE 
 279      E545DB73 
 279      F5
 280 04f9 941E39FB 		.ascii	"\224\0369\373\310P\332\204\222\261O\270`\357v`\277E"
 280      C850DA84 
 280      92B14FB8 
 280      60EF7660 
 280      BF45
 281 050b D96F13F6 		.ascii	"\331o\023\366;\224\375ZVS\252\3439D\346\202}x\356\212"
 281      3B94FD5A 
 281      5653AAE3 
 281      3944E682 
 281      7D78EE8A 
 282 051f 3BF45DBA 		.ascii	";\364]\272C7\337k\330\306\316bAIl\2277\226\244x\322"
 282      4337DF6B 
 282      D8C6CE62 
 282      41496C97 
 282      3796A478 
 283 0534 93E74BA2 		.ascii	"\223\347K\242\236\256\331\234\253\3007\230\253\017O"
 283      9EAED99C 
 283      ABC03798 
 283      AB0F4F
 284 0543 17FC939C 		.ascii	"\027\374\223\234B\211\377\336\036\005=\222\262\255\317"
 284      4289FFDE 
 284      1E053D92 
 284      B2ADCF
 285 0552 307ECCBA 		.ascii	"0~\314\272\357\035/;\354\205GD%\373L\237\002\2172\245"
 285      EF1D2F3B 
 285      EC854744 
 285      25FB4C9F 
 285      028F32A5 
 286 0566 60D7EE23 		.ascii	"`\327\356#n\324\250\007\035\276\366\316\355\236\370"
 286      6ED4A807 
 286      1DBEF6CE 
 286      ED9EF8
 287 0575 256B2BCC 		.ascii	"%k+\314\034M\361\305\361nl\205\017\216\215\260cr\022"
 287      1C4DF1C5 
 287      F16E6C85 
 287      0F8E8DB0 
 287      637212
 288 0588 51C7273A 		.ascii	"Q\307':/\3638\211\265\235\355\276\376\235\033NfJ\366"
 288      2FF33889 
 288      B59DEDBE 
 288      FE9D1B4E 
ARM GAS  C:\Users\PETERL~1\AppData\Local\Temp\ccuQ7sKZ.s 			page 22


 288      664AF6
 289 059b E8B9665F 		.ascii	"\350\271f_\012|\217^\023r\022\023}\3616\326f:\364\312"
 289      0A7C8F5E 
 289      13721213 
 289      7DF136D6 
 289      663AF4CA 
 290 05af EA833399 		.ascii	"\352\2033\231\"\3356\324\354\266\261\357\324\375\013"
 290      22DD36D4 
 290      ECB6B1EF 
 290      D4FD0B
 291 05be DE389BB5 		.ascii	"\3368\233\265\215\014&\274F8\227)E\203m\031\336\024"
 291      8D0C26BC 
 291      46389729 
 291      45836D19 
 291      DE14
 292 05d0 389DA807 		.ascii	"8\235\250\0072\30758\2175\325\016oy\352\201\0172\245"
 292      32C73538 
 292      8F35D50E 
 292      6F79EA81 
 292      0F32A5
 293 05e3 7FB4FFB4 		.ascii	"\177\264\377\264;\305\315!\352\256\372}\031\354\234"
 293      3BC5CD21 
 293      EAAEFA7D 
 293      19EC9C
 294 05f2 17D8D43D 		.ascii	"\027\330\324=Z0\302\034\303\2245\357\3129\374\346\223"
 294      5A30C21C 
 294      C39435EF 
 294      CA39FCE6 
 294      93
 295 0603 3D81174F 		.ascii	"=\201\027O\366x\236\3463\367AG\261\354\2546\322\255"
 295      F6789EE6 
 295      33F74147 
 295      B1ECAC36 
 295      D2AD
 296 0615 5FE0FDD1 		.ascii	"_\340\375\321\010\205'\362~R'\202\336\323Udq\227\243"
 296      088527F2 
 296      7E522782 
 296      DED35564 
 296      7197A3
 297 0628 87DE864E 		.ascii	"\207\336\206N\335\235\331\214\360a\026EW\374\355n\036"
 297      DD9DD98C 
 297      F0611645 
 297      57FCED6E 
 297      1E
 298 0639 9732E558 		.ascii	"\2272\345X\376\301*6'\026\322\020z.t\271\343cb\376*"
 298      FEC12A36 
 298      2716D210 
 298      7A2E74B9 
 298      E36362FE 
 299 064e D2C7D94D 		.ascii	"\322\307\331M\345S\242\266TnmR\341*\326\366\252\344"
 299      E553A2B6 
 299      546E6D52 
 299      E12AD6F6 
 299      AAE4
 300 0660 E6188FEB 		.ascii	"\346\030\217\353\230r\247aH\340)p%Q\257=\334\332\357"
 300      9872A761 
 300      48E02970 
ARM GAS  C:\Users\PETERL~1\AppData\Local\Temp\ccuQ7sKZ.s 			page 23


 300      2551AF3D 
 300      DCDAEF
 301 0673 811B1C0D 		.ascii	"\201\033\034\015\3700\003\251[*\254\356oN\312v))3hN"
 301      F83003A9 
 301      5B2AACEE 
 301      6F4ECA76 
 301      29293368 
 302 0688 E2730F0E 		.ascii	"\342s\017\016`1J\223\224\223m\020\245\205\242\323i\224"
 302      60314A93 
 302      94936D10 
 302      A585A2D3 
 302      6994
 303 069a DBA52887 		.ascii	"\333\245(\207{\223\332\275\344\350\241\267\241\317?"
 303      7B93DABD 
 303      E4E8A1B7 
 303      A1CF3F
 304 06a9 2FCA55E2 		.ascii	"/\312U\342\037\231\227\322\225MM\257l\223\373\3327\227"
 304      1F9997D2 
 304      954D4DAF 
 304      6C93FBDA 
 304      3797
 305 06bb 79A369EC 		.ascii	"y\243i\354yg\232\354\011\234f\022\222\022-\331\325\246"
 305      79679AEC 
 305      099C6612 
 305      92122DD9 
 305      D5A6
 306 06cd 8F6B8E09 		.ascii	"\217k\216\011M\260W\023#[x\214r\370w\354k&\215'\026"
 306      4DB05713 
 306      235B788C 
 306      72F877EC 
 306      6B268D27 
 307 06e2 3F801F8E 		.ascii	"?\200\037\216\340M\375\245J\363\034\012Mu\206\246Ph"
 307      E04DFDA5 
 307      4AF31C0A 
 307      4D7586A6 
 307      5068
 308 06f4 19B261DB 		.ascii	"\031\262a\333m\3301\344\204\035G\216\264\2556\350\023"
 308      6DD831E4 
 308      841D478E 
 308      B4AD36E8 
 308      13
 309 0705 67E88813 		.ascii	"g\350\210\023\364g\033\364\2253\364%r\362\240\315\206"
 309      F4671BF4 
 309      9533F425 
 309      72F2A0CD 
 309      86
 310 0716 1D75C63E 		.ascii	"\035u\306>w\306\236\267a\237\271\306R\027v\210\023u"
 310      77C69EB7 
 310      619FB9C6 
 310      52177688 
 310      1375
 311 0728 A19143F7 		.ascii	"\241\221C\367\240\375>m\"h\330VP\021\037\210r\371ih"
 311      A0FD3E6D 
 311      2268D856 
 311      50111F88 
 311      72F96968 
 312 073c 1F483EC8 		.ascii	"\037H>\310~\220= \005 {A\262Av\203\230@\016\201d\201"
ARM GAS  C:\Users\PETERL~1\AppData\Local\Temp\ccuQ7sKZ.s 			page 24


 312      7E903D20 
 312      05207B41 
 312      B2417683 
 312      98400E81 
 313 0752 E4811C04 		.ascii	"\344\201\034\004)\0049\000\262\013$\023\3440\310w\374"
 313      29043900 
 313      B20B2413 
 313      E430C877 
 313      FC
 314 0763 347ABE50 		.ascii	"4z\276P\007\3156\007\0379;8\335)\226F\033\364\241K\250"
 314      07CD3607 
 314      1F393B38 
 314      DD299646 
 314      1BF4A14B 
 315 0778 3D9B676D 		.ascii	"=\233gm\310ag\244\3059C\327l\330d\327co\247\355\265"
 315      C86167A4 
 315      C53943D7 
 315      6CD864D7 
 315      636FA7ED 
 316 078d 415FB81E 		.ascii	"A_\270\036z\031m\237\015\373\332\031ku\030\373x\323"
 316      7A196D9F 
 316      0DFBDA19 
 316      6B7518FB 
 316      78D3
 317 079f FD5980DC 		.ascii	"\375Y\200\334\301\373\241\014\321\001iQ\240\235N\016"
 317      C1FBA10C 
 317      D1016951 
 317      A09D4E0E 
 318 07af B4D8481F 		.ascii	"\264\330H\037\273\216\313\016=g\203>u=\367l\276\306"
 318      BB8ECB0E 
 318      3D67833E 
 318      753DF76C 
 318      BEC6
 319 07c1 9BAE1007 		.ascii	"\233\256\020\007\222\300\201\215\242\003\322N%\272*"
 319      92C0818D 
 319      A203D24E 
 319      25BA2A
 320 07d0 0BEBAA8D 		.ascii	"\013\353\252\215v\223s\2666;\257\224\3136\354\204\353"
 320      769373B6 
 320      363BAF94 
 320      CB36EC84 
 320      EB
 321 07e1 394DBD25 		.ascii	"9M\275%\367\343\201\206R\245\200\010\204\223n!\234m"
 321      F7E38186 
 321      52A58008 
 321      84936E21 
 321      9C6D
 322 07f3 8A0CDC2B 		.ascii	"\212\014\334+m\203;\032c\332\352z)3\253p\353>c\251y"
 322      6D833B1A 
 322      63DAEA7A 
 322      2933AB70 
 322      EB3E63A9 
 323 0808 8DD13B81 		.ascii	"\215\321;\201\256f4*\201\211\374\377\236\3244\234\007"
 323      AE66342A 
 323      8189FCFF 
 323      9ED4349C 
 323      07
ARM GAS  C:\Users\PETERL~1\AppData\Local\Temp\ccuQ7sKZ.s 			page 25


 324 0819 311EA818 		.ascii	"1\036\250\030\014=\260_\365Il\322\253\324\311\003\315"
 324      0C3DB05F 
 324      F5496CD2 
 324      ABD4C903 
 324      CD
 325 082a C3EE0EF7 		.ascii	"\303\356\016\367\204bYH\034:\302\263{\002\374\223\367"
 325      84625948 
 325      1C3AC2B3 
 325      7B02FC93 
 325      F7
 326 083b BE818A1F 		.ascii	"\276\201\212\037x\007t\237\303\255\242TD\227R\364\236"
 326      7807749F 
 326      C3ADA254 
 326      449752F4 
 326      9E
 327 084c DDADFBDC 		.ascii	"\335\255\373\334q\232\222~{\2709~m\324\035\371{\006"
 327      719A927E 
 327      7BB8397E 
 327      6DD41DF9 
 327      7B06
 328 085e FA93CF0A 		.ascii	"\372\223\317\012\345\274'\267\231~(HH\237\364\215\355"
 328      E5BC27B7 
 328      997E2848 
 328      489FF48D 
 328      ED
 329 086f 43410564 		.ascii	"CA\005d\2024A\026a\330\217\361\354\025\207|\250\200"
 329      82344116 
 329      61D88FF1 
 329      EC15877C 
 329      A880
 330 0881 5A749477 		.ascii	"Zt\224w\376P\301\210\310}\270i\233\325M~\027%x\273_"
 330      FE50C188 
 330      C87DB869 
 330      9BD54D7E 
 330      172578BB 
 331 0896 DFF3F2FB 		.ascii	"\337\363\362\373w\236\320\222\353\2113\224\354D\257"
 331      779ED092 
 331      EB893394 
 331      EC44AF
 332 08a5 EAB9E30D 		.ascii	"\352\271\343\015w\321\246r\270<7\206e$\012\354\362l"
 332      77D1A672 
 332      B83C3786 
 332      65240AEC 
 332      F26C
 333 08b7 F220BDD0 		.ascii	"\362 \275\320q\336~\031=.\332G\225<\271\214\356\256"
 333      71DE7E19 
 333      3D2EDA47 
 333      953CB98C 
 333      EEAE
 334 08c9 BC13820F 		.ascii	"\274\023\202\0173\226\307\011\035\211\214\305\224{\220"
 334      3396C709 
 334      1D898CC5 
 334      947B90
 335 08d8 BD33340A 		.ascii	"\27534\012S\351[C\225\214\241Jb\250\246\014\371\317"
 335      53E95B43 
 335      958CA14A 
 335      62A8A60C 
ARM GAS  C:\Users\PETERL~1\AppData\Local\Temp\ccuQ7sKZ.s 			page 26


 335      F9CF
 336 08ea AAABDD70 		.ascii	"\252\253\335p=\243\250\331{`\263/\243\250\221Q\220k"
 336      3DA3A8D9 
 336      7B60B32F 
 336      A3A89151 
 336      906B
 337 08fc DB0919C5 		.ascii	"\333\011\031\305\011\211\242\206R\\\275P\\\354\203\333"
 337      0989A286 
 337      525CBD50 
 337      5CEC83DB 
 338 090c 1845F3A3 		.ascii	"\030E\363\243\266\263*Fq\336\311\213Z\031E\255DQG)\314"
 338      B6B32A46 
 338      71DEC98B 
 338      5A1945AD 
 338      44514729 
 339 0921 A6D1ABBE 		.ascii	"\246\321\253\276\270\237Q$\324\306\027\272Q\212\201"
 339      B89F5124 
 339      D4C617BA 
 339      518A81
 340 0930 7B07DBC4 		.ascii	"{\007\333\304\367\021 ao$\3652\226z\211\345$\037\300"
 340      F7112061 
 340      6F24F532 
 340      967A89E5 
 340      241FC0
 341 0943 29C223C3 		.ascii	")\302#\303\326)\015\306\345\261QF\345\262\317\377\021"
 341      D6290DC6 
 341      E5B15146 
 341      E5B2CFFF 
 341      11
 342 0954 A0E16668 		.ascii	"\240\341fh>\011\325DF\255\211\0121\256\217\210\212\013"
 342      3E09D544 
 342      46AD890A 
 342      31AE8F88 
 342      8A0B
 343 0966 0D27E538 		.ascii	"\015'\3458\303\2749Aq\206\240\310\260\350 \303\272\360"
 343      C3BC3941 
 343      7186A0C8 
 343      B0E820C3 
 343      BAF0
 344 0978 20837176 		.ascii	" \203qv8\347i\330`0F\305\350uF\217\365Q\261\306y\301"
 344      38E769D8 
 344      603046C5 
 344      E875468F 
 344      F551B1C6 
 345 098e 3AA34AA7 		.ascii	":\243J\247\223\212_\205\177\302\372\032\030\2171..\332"
 345      938A5F85 
 345      7FC2FA1A 
 345      188F312E 
 345      2EDA
 346 09a0 10FA75EC 		.ascii	"\020\372u\354\372\000Z\012\010[\027\023\240\217Y\243"
 346      FA005A0A 
 346      085B1713 
 346      A08F59A3 
 347 09b0 8F88D047 		.ascii	"\217\210\320G\204~8{~@\360\234\271\037}3/\024\352g\305"
 347      847E387B 
 347      7E40F09C 
 347      B91F7D33 
ARM GAS  C:\Users\PETERL~1\AppData\Local\Temp\ccuQ7sKZ.s 			page 27


 347      2F14EA67 
 348 09c5 C6C5EA67 		.ascii	"\306\305\352g\351\303\326D\205F\305\206G\257\217\320"
 348      E9C3D644 
 348      8546C586 
 348      47AF8FD0 
 349 09d5 87C68401 		.ascii	"\207\306\204\001W\254>T\027\241\377*l}\264Qg\334\260"
 349      57AC3E54 
 349      17A1FF2A 
 349      6C7DB451 
 349      67DCB0
 350 09e8 566F981D 		.ascii	"Vo\230\035\311\255\376\237\232\201\210Bu\006c\004\304"
 350      C9ADFE9F 
 350      9A818842 
 350      75066304 
 350      C4
 351 09f9 00DC1FBE 		.ascii	"\000\334\037\276-\025\353\214Ab\257\240\360H\222\011"
 351      2D15EB8C 
 351      4162AFA0 
 351      F0489209 
 352 0a09 D121B5C1 		.ascii	"\321!\265\301\030b\014[g\\\024\015&\274\210\022\267"
 352      18620C5B 
 352      675C140D 
 352      26BC8812 
 352      B7
 353 0a1a 96965550 		.ascii	"\226\226UP\326\033\245\3422\275\015\241\213\216\216"
 353      D61BA5E2 
 353      32BD0DA1 
 353      8B8E8E
 354 0a29 D045C108 		.ascii	"\320E\301\010,\370\265\324\257\215[g4\004\205\254Z1"
 354      2CF8B5D4 
 354      AF8D5B67 
 354      340485AC 
 354      5A31
 355 0a3b 2F38E8B3 		.ascii	"/8\350\263\317\226\004\255Z\276\342\333\271A\214\001"
 355      CF9604AD 
 355      5ABEE2DB 
 355      B9418C01 
 356 0a4b 4C7B8647 		.ascii	"L{\206G\206l0|\032\026m\014\372-\236CO\017\235\356\253"
 356      866C307C 
 356      1A166D0C 
 356      FA2D9E43 
 356      4F0F9DEE 
 357 0a60 F5B1E13A 		.ascii	"\365\261\341:\235\267T\230\375\347\371s?\366\226\307"
 357      9DB75498 
 357      FDE7F973 
 357      3FF696C7 
 358 0a70 C2C9DB82 		.ascii	"\302\311\333\202?\364\262\207\343\330\362\027/{t\034"
 358      3FF4B287 
 358      E3D8F217 
 358      2F7B741C 
 359 0a80 9463C86C 		.ascii	"\224c\310l\210\212\321\031\261F;\027$X\021\262B\243"
 359      888AD119 
 359      B1463B17 
 359      245811B2 
 359      42A3
 360 0a92 552C59BE 		.ascii	"U,Y\276T\313\207h\361\322eZ7\215f\205v.\375\015Vh4K"
 360      54CB8768 
ARM GAS  C:\Users\PETERL~1\AppData\Local\Temp\ccuQ7sKZ.s 			page 28


 360      F1D2655A 
 360      378D6685 
 360      762EFD0D 
 361 0aaa B558F3F9 		.ascii	"\265X\363\371*\2742D\203\027i\265X\253\001\035:,^\262"
 361      2ABC3244 
 361      831769B5 
 361      58AB011D 
 361      3A2C5EB2 
 362 0abe 4A8B9790 		.ascii	"J\213\227\220\236+\026i\371\277\263^\363\000\377\205"
 362      9E2B1669 
 362      F9BFB35E 
 362      F300FF85 
 363 0ace 76F17F9A 		.ascii	"v\361\177\2328\3217\310\200\233n1\314\227\311\322h\030"
 363      38D137C8 
 363      809B6E31 
 363      CC97C9D2 
 363      6818
 364 0ae0 7461C47F 		.ascii	"ta\304\177]X\2701\352[\275\237Xm \311`-\277\263U\305"
 364      5D58B831 
 364      EA5BBD9F 
 364      586D20C9 
 364      602DBFB3 
 365 0af6 AD653593 		.ascii	"\255e5\223\244\032\275\321\261\342k\251\342_\2230\305"
 365      A41ABDD1 
 365      B1E26BA9 
 365      E25F9330 
 365      C5
 366 0b07 3E       		.ascii	">"
 367              		.text
 368              		.section	.gnu.lto_.symtab.bbabd25f,"",%progbits
 369 0000 7374496E 		.ascii	"stInit\000\000\000\000\000\000\000\000\000\000\000\000"
 369      69740000 
 369      00000000 
 369      00000000 
 369      0000
 370 0012 C0000000 		.ascii	"\300\000\000\000stStartAlarm\000\000\000\000\000\000"
 370      73745374 
 370      61727441 
 370      6C61726D 
 370      00000000 
 371 0028 00000000 		.ascii	"\000\000\000\000\000\000\317\000\000\000stStopAlarm"
 371      0000CF00 
 371      00007374 
 371      53746F70 
 371      416C6172 
 372 003d 00000000 		.ascii	"\000\000\000\000\000\000\000\000\000\000\000\000\321"
 372      00000000 
 372      00000000 
 372      D1
 373 004a 00000073 		.ascii	"\000\000\000stSetAlarm\000\000\000\000\000\000\000\000"
 373      74536574 
 373      416C6172 
 373      6D000000 
 373      00000000 
 374 005f 00000000 		.ascii	"\000\000\000\000\323\000\000\000stGetAlarm\000\000\000"
 374      D3000000 
 374      73744765 
ARM GAS  C:\Users\PETERL~1\AppData\Local\Temp\ccuQ7sKZ.s 			page 29


 374      74416C61 
 374      726D0000 
 375 0074 00000000 		.ascii	"\000\000\000\000\000\000\000\000\000\326\000\000\000"
 375      00000000 
 375      00D60000 
 375      00
 376 0081 73745F6C 		.ascii	"st_lld_init\000\000\002\000\000\000\000\000\000\000"
 376      6C645F69 
 376      6E697400 
 376      00020000 
 376      00000000 
 377 0096 0000D800 		.ascii	"\000\000\330\000\000\000chSysHalt\000\000\002\000\000"
 377      00006368 
 377      53797348 
 377      616C7400 
 377      00020000 
 378 00aa 00000000 		.ascii	"\000\000\000\000\000\000\000\335\000\000\000"
 378      000000DD 
 378      000000
 379              		.text
 380              		.section	.gnu.lto_.opts,"",%progbits
 381 0000 272D666E 		.ascii	"'-fno-trapv' '-mcpu=cortex-m4' '-mno-thumb-interwor"
 381      6F2D7472 
 381      61707627 
 381      20272D6D 
 381      6370753D 
 382 0033 6B272027 		.ascii	"k' '-mthumb' '-ggdb' '-O2' '-fomit-frame-pointer' '"
 382      2D6D7468 
 382      756D6227 
 382      20272D67 
 382      67646227 
 383 0066 2D66616C 		.ascii	"-falign-functions=16' '-ffunction-sections' '-fdata"
 383      69676E2D 
 383      66756E63 
 383      74696F6E 
 383      733D3136 
 384 0099 2D736563 		.ascii	"-sections' '-fno-common' '-flto'\000"
 384      74696F6E 
 384      73272027 
 384      2D666E6F 
 384      2D636F6D 
 385              		.text
 386              		.comm	__gnu_lto_v1,1,1
 387              		.comm	__gnu_lto_slim,1,1
 388              		.ident	"GCC: (GNU Tools for ARM Embedded Processors) 4.9.3 20150529 (release) [ARM/embedded-4_9-br
ARM GAS  C:\Users\PETERL~1\AppData\Local\Temp\ccuQ7sKZ.s 			page 30


DEFINED SYMBOLS
                            *ABS*:00000000 st.c
                            *COM*:00000001 __gnu_lto_v1
                            *COM*:00000001 __gnu_lto_slim

NO UNDEFINED SYMBOLS
