ARM GAS  C:\Users\PETERL~1\AppData\Local\Temp\cc2YdMtf.s 			page 1


   1              		.syntax unified
   2              		.cpu cortex-m4
   3              		.fpu softvfp
   4              		.eabi_attribute 20, 1
   5              		.eabi_attribute 21, 1
   6              		.eabi_attribute 23, 3
   7              		.eabi_attribute 24, 1
   8              		.eabi_attribute 25, 1
   9              		.eabi_attribute 26, 1
  10              		.eabi_attribute 30, 2
  11              		.eabi_attribute 34, 1
  12              		.eabi_attribute 18, 4
  13              		.thumb
  14              		.file	"board.c"
  15              		.text
  16              	.Ltext0:
  17              		.section	.gnu.lto_.profile.bbac0ada,"",%progbits
  18 0000 789C6366 		.ascii	"x\234cf```a\200\000F\006>f\000\000\223\000\032"
  18      60606061 
  18      80004606 
  18      3E660000 
  18      93001A
  19              		.text
  20              		.section	.gnu.lto_.jmpfuncs.bbac0ada,"",%progbits
  21 0000 789C6366 		.ascii	"x\234cf\300\0168\2414\023\210`\004b\000\001S\000\020"
  21      C00E38A1 
  21      34138860 
  21      04620001 
  21      530010
  22              		.text
  23              		.section	.gnu.lto_.inline.bbac0ada,"",%progbits
  24 0000 789C6366 		.ascii	"x\234cf\300\016\264\2414\023\003\003\013\017#\210b`"
  24      C00EB4A1 
  24      34130303 
  24      0B0F2388 
  24      6260
  25 0012 5B200FA2 		.ascii	"[ \017\242\030\030\271@\004\0033\023\2520\003\000,\231"
  25      1818B940 
  25      04033313 
  25      AA300300 
  25      2C99
  26 0024 01E6     		.ascii	"\001\346"
  27              		.text
  28              		.section	.gnu.lto_.pureconst.bbac0ada,"",%progbits
  29 0000 789C6366 		.ascii	"x\234cf```e\200\000&\006\011F\006\000\000\331\000$"
  29      60606065 
  29      80002606 
  29      09460600 
  29      00D90024 
  30              		.text
  31              		.section	.gnu.lto___early_init.bbac0ada,"",%progbits
  32 0000 789C6366 		.ascii	"x\234cf\300\004R@\274\010\210\235\201\230\221\231\201"
  32      C0045240 
  32      BC08889D 
  32      81989199 
  32      81
  33 0011 9169C239 		.ascii	"\221i\3029\006\206F\016&FF\020\203\201\221\241\236\211"
ARM GAS  C:\Users\PETERL~1\AppData\Local\Temp\cc2YdMtf.s 			page 2


  33      0686460E 
  33      26464610 
  33      838191A1 
  33      9E89
  34 0023 B19EF125 		.ascii	"\261\236\361%\323G&\306\011\007V\317\340V_\332\320\320"
  34      D34726C6 
  34      090756CF 
  34      E0565FDA 
  34      D0D0
  35 0035 F0E1D146 		.ascii	"\360\341\321F\211V\211\237L\014\014\237\231 \3060.g"
  35      8956899F 
  35      4C0C0C9F 
  35      9920C630 
  35      2E67
  36 0047 546700AA 		.ascii	"Tg\000\252\371\330\362\367:7[\013P\215\000D\216q\005"
  36      F9D8F2F7 
  36      3A375B0B 
  36      508D0044 
  36      8E7105
  37 005a 231B2390 		.ascii	"#\033#\220^/t\240\341\377\377\307s\346lfaf`x\002\224"
  37      5E2F74A0 
  37      E1FFFFC7 
  37      73E66C66 
  37      61666078 
  38 0070 0299FF94 		.ascii	"\002\231\377\224\211\011D3\337al>\260\361\030#H1\310"
  38      89094433 
  38      DF616C3E 
  38      B0F11823 
  38      4831C8
  39 0083 947997FB 		.ascii	"\224y\227\373\3261\325\376n\350h\340\370\311\304\370"
  39      D631D5FE 
  39      6EE868E0 
  39      F8C9C4F8 
  40 0093 99096800 		.ascii	"\231\011h\000\343J\306Z\206\237@\345\367\030\033\017"
  40      E34AC65A 
  40      869F40E5 
  40      F7181B0F 
  41 00a3 6C7603AB 		.ascii	"lv\003\253d\000\031\304\0102\000h\234\243\263U\214s"
  41      640019C4 
  41      08320068 
  41      9CA3B355 
  41      8C73
  42 00b5 46665266 		.ascii	"FfRfpIiJf~L2\210\235_ll\240\237_\254\237\221\230\243"
  42      7049694A 
  42      667E4C32 
  42      889D5F6C 
  42      6CA09F5F 
  43 00ce 9F949F58 		.ascii	"\237\224\237X\224R\254\357\357\343\351\353\032\021\037"
  43      9452ACEF 
  43      EFE3E9EB 
  43      1A111F
  44 00dd 1CE26B6C 		.ascii	"\034\342kl\024\357jb`\016\221\320Kf\000\000\014\306"
  44      14EF6A62 
  44      600E91D0 
  44      4B660000 
  44      0CC6
  45 00ef 5087     		.ascii	"P\207"
ARM GAS  C:\Users\PETERL~1\AppData\Local\Temp\cc2YdMtf.s 			page 3


  46              		.text
  47              		.section	.gnu.lto_boardInit.bbac0ada,"",%progbits
  48 0000 789C6366 		.ascii	"x\234cf\300\004R@\\\002\304\316@\314\310\314\300\310"
  48      C0045240 
  48      5C02C4CE 
  48      40CCC8CC 
  48      C0C8
  49 0012 34E11C03 		.ascii	"4\341\034\003C#\007\023##\210\301\300\310P\317\304X"
  49      43230713 
  49      232388C1 
  49      C0C850CF 
  49      C458
  50 0024 CFF892E9 		.ascii	"\317\370\222\351#\023\343\204\003\253gp\253/mhh\370"
  50      2313E384 
  50      03AB6770 
  50      AB2F6D68 
  50      68F8
  51 0036 B069BF44 		.ascii	"\260i\277D\253\304O&\006\206\317L\020c\030\2273\252"
  51      ABC44F26 
  51      0686CF4C 
  51      10631897 
  51      33AA
  52 0048 3300D57C 		.ascii	"3\000\325|l\371{\235\233\255\005\250F\000\"\307\270"
  52      6CF97B9D 
  52      9BAD05A8 
  52      460022C7 
  52      B8
  53 0059 82918D11 		.ascii	"\202\221\215\021H\257\027:\320\360\377\377\342\351g"
  53      48AF173A 
  53      D0F0FFFF 
  53      E2E967
  54 0068 F6B30085 		.ascii	"\366\263\000\205\237\0001\310\374\247LL \232\371\036"
  54      9F0031C8 
  54      FCA74C4C 
  54      209AF91E 
  55 0078 23234821 		.ascii	"##H!\310\244'L\214 !\240\002Gg\253\030\347\214\314\244"
  55      C8A4274C 
  55      8C2021A0 
  55      024767AB 
  55      18E78CCC 
  56 008d CCE092D2 		.ascii	"\314\340\222\322\224\314\374\230d\020;\277\330\330@"
  56      94CCFC98 
  56      64103BBF 
  56      D8D840
  57 009c 3FBF583F 		.ascii	"?\277X?#1G?)?\261(\245X\337\337\307\323\3275\">8\304"
  57      2331473F 
  57      293FB128 
  57      A558DFDF 
  57      C7D3D735 
  58 00b4 D7D828DE 		.ascii	"\327\330(\336\325\304\300\034\"\241\227\314\000\000"
  58      D5C4C01C 
  58      22A197CC 
  58      0000
  59 00c2 88483EEA 		.ascii	"\210H>\352"
  60              		.text
  61              		.section	.gnu.lto_.symbol_nodes.bbac0ada,"",%progbits
  62 0000 789C6366 		.ascii	"x\234cf``pa\200\002\246V\246z\006\206\011\347\030\030"
ARM GAS  C:\Users\PETERL~1\AppData\Local\Temp\cc2YdMtf.s 			page 4


  62      60607061 
  62      8002A656 
  62      A67A0686 
  62      09E71818 
  63 0014 EAEB19E6 		.ascii	"\352\353\031\346-\340``jc\252gD\026`mabX\010T\304\330"
  63      2DE06060 
  63      6A63AA67 
  63      4416606D 
  63      61625808 
  64 002b CE54CF04 		.ascii	"\316T\317\004\221`hh\340``\006\302%\017\37612\000\000"
  64      91606868 
  64      E0606006 
  64      C2250FFE 
  64      31320000 
  65 003f 6AD211C4 		.ascii	"j\322\021\304"
  66              		.text
  67              		.section	.gnu.lto_.refs.bbac0ada,"",%progbits
  68 0000 789C6366 		.ascii	"x\234cf```d\200\002\000\000=\000\005"
  68      60606064 
  68      80020000 
  68      3D0005
  69              		.text
  70              		.section	.gnu.lto_.decls.bbac0ada,"",%progbits
  71 0000 789CAD57 		.ascii	"x\234\255W}PSW\026\177\367\275$@H\321\226\231\266\313"
  71      7D505357 
  71      167FF7BD 
  71      244048D1 
  71      9699B6CB 
  72 0014 74B694CE 		.ascii	"t\266\224\316\260\235N\013\256Z\267\333?v\265h-3\266"
  72      B09D4E0B 
  72      AE5AB7DB 
  72      3F76B568 
  72      2D33B6
  73 0027 65A6BBB3 		.ascii	"e\246\273\263\235)\235l Q3\013\204M\302N\375k\037\037"
  73      9D299D6C 
  73      2051330B 
  73      844DC24E 
  73      FD6B1F1F 
  74 003b 15080881 		.ascii	"\025\010\010\201*\202\362\021+6\030>\214\030?\020\204"
  74      2A82F211 
  74      2B36183E 
  74      8C183F10 
  74      84
  75 004c 887CA488 		.ascii	"\210|\244\210-K\011\332]\266\244\242\202U,RTT>\366\334"
  75      2D4B09DA 
  75      5DB6A4A2 
  75      82552C52 
  75      54543EF6 
  76 0061 7BF31278 		.ascii	"{\363\022x\005\353\356\354\233\271\357\274s\316\357"
  76      05EBEEEC 
  76      9BB9EFBC 
  76      73CEEF
  77 0070 9E73EEB9 		.ascii	"\236s\356\271\347\236\367\036\3070\214\031\306<\\\021"
  77      E79EF71E 
  77      C7308C19 
  77      C63C5C11 
  78 0080 210CF377 		.ascii	"!\014\363w\226a8\340\343\030\377\205\371:\030\0150\354"
ARM GAS  C:\Users\PETERL~1\AppData\Local\Temp\cc2YdMtf.s 			page 5


  78      966138E0 
  78      E318FF85 
  78      F93A180D 
  78      30EC
  79 0092 30108C5F 		.ascii	"0\020\214_ f\321U\307\370\347\205\201\356\260W\316z"
  79      2066D155 
  79      C7F8E785 
  79      81EEB057 
  79      CE7A
  80 00a4 7576E6A7 		.ascii	"uv\346\247W\203\327\226\340\013ye\342\3536\213\232\032"
  80      5783D796 
  80      E00B7965 
  80      E2EB368B 
  80      9A1A
  81 00b6 A62E048F 		.ascii	"\246.\004\217\261(D\036\216\331\323\305\256R\031\260"
  81      B128441E 
  81      8ED9D3C5 
  81      AE5219B0 
  82 00c6 0AB904B3 		.ascii	"\012\271\004\263\315\017/\017H\236\331\303\303e\316"
  82      CD0F2F0F 
  82      489ED9C3 
  82      C365CE
  83 00d5 E4574A50 		.ascii	"\344WJP\334\323\310\212\302P\015\012\003\253\207\321"
  83      DCD3C88A 
  83      C2500D0A 
  83      03AB87D1 
  84 00e5 3370FF50 		.ascii	"3p\377PB-\265\027M\216#\216E\370\371`\351w\003\362W"
  84      422DB517 
  84      4D8E238E 
  84      45F8F960 
  84      E97703F2 
  85 00fa 6C302D87 		.ascii	"l0-\207wN#\277;\323\240\365w\341\225\274\305>\321P\276"
  85      774E23BF 
  85      3BD3A0F5 
  85      77E195BC 
  85      C53ED150 
  86 010f 932BE32D 		.ascii	"\223+\343-\031\374\334\374<\"\266\220\015q\250\026\275"
  86      19FCDCFC 
  86      3C22B690 
  86      0D71A816 
  86      BD
  87 0120 42228667 		.ascii	"B\"\206g\032z\035\012\207y\266\252Bw\000\367\0011^7"
  87      1A7A1D0A 
  87      8779B6AA 
  87      427700F7 
  87      01315E37 
  88 0134 D5DA1400 		.ascii	"\325\332\024\000F\354v\313\303\2032\027\357\234\237"
  88      46EC76CB 
  88      C3833217 
  88      EF9C9F
  89 0143 FF3D995F 		.ascii	"\377=\231_\277`~\2750\277\201\314\267Z\007\353\245\\"
  89      BF607EBD 
  89      30BF81CC 
  89      B75A07EB 
  89      A55C
  90 0155 02997F3D 		.ascii	"\002\231\177=\3233!\203\371\036~\342\306\210\355\271"
  90      D3332183 
ARM GAS  C:\Users\PETERL~1\AppData\Local\Temp\cc2YdMtf.s 			page 6


  90      F91E7EE2 
  90      C688EDB9 
  91 0165 D246BE3D 		.ascii	"\322F\276=\213\237\201(\020\261rd\201\225#\202\025;"
  91      8B9F8128 
  91      10B17264 
  91      81952382 
  91      153B
  92 0177 B1D2D27F 		.ascii	"\261\322\322\177\364{)I\226g\005\2664\335YY@\2635C,"
  92      F47B2949 
  92      966705B6 
  92      34DD5959 
  92      40B33543 
  93 018c 374F9FB0 		.ascii	"7O\237\260\206P=\341\033[\306\356\254 \372\3470;\334"
  93      86503DE1 
  93      1B5BC6EE 
  93      AC20FAE7 
  93      303BDC
  94 019f DA7C4DC6 		.ascii	"\332|M\3069\020\321\265\265Nw\311\271n\312\344\347x"
  94      3910D1B5 
  94      B54E77C9 
  94      B96ECAE4 
  94      E778
  95 01b1 BE90737D 		.ascii	"\276\220s}\224I\377\2749?\000f\275 ')\033\336\177\277"
  95      9449FFBC 
  95      393F0066 
  95      BD202729 
  95      1BDE7FBF 
  96 01c5 3A88B0B8 		.ascii	":\210\260\270\224\260_\326u\215?\030\202\"\345\325\220"
  96      94B05FD6 
  96      758D3F18 
  96      8222E5D5 
  96      90
  97 01d6 E08966EB 		.ascii	"\340\211f\353\345\2673\371\365\250\031\311\321I_\354"
  97      E5B733F9 
  97      F5A819C9 
  97      D1495FEC 
  98 01e6 6436BE72 		.ascii	"d6\276rx>\003o^\220+\204\361\355\035:\215\"\001A\260"
  98      783E036F 
  98      5E902B84 
  98      F1ED1D3A 
  98      8D220141 
  99 01fb E814089B 		.ascii	"\350\024\010\233@\010\206;gZ\263\244H\036\271\364\244"
  99      4008863B 
  99      675AB3A4 
  99      481EB9F4 
  99      A4
 100 020c 334B4C22 		.ascii	"3KL\"!\230\362\212\237\346y\011j\201\020N\370C\200\210"
 100      2198F28A 
 100      9FE67909 
 100      6A81104E 
 100      F8438088 
 101 0220 7C1B3FD3 		.ascii	"|\033?\323\263\257I\301Urd\205U\346\362;R\256\2322\007"
 101      B3AF49C1 
 101      55726485 
 101      55E6F23B 
 101      52AE9A32 
 102 0235 A7FA6E07 		.ascii	"\247\372n\007r\265\224\251\336SR'%\031\013\304\354g"
ARM GAS  C:\Users\PETERL~1\AppData\Local\Temp\cc2YdMtf.s 			page 7


 102      72B594A9 
 102      DE535227 
 102      25190BC4 
 102      EC67
 103 0247 479AFEC4 		.ascii	"G\232\376\304\035\243*\207\245\256\233\343\232(s\376"
 103      1DA32A87 
 103      A5AE9BE3 
 103      9A2873FE 
 104 0257 F2F48F0A 		.ascii	"\362\364\217\012\202[Ijo\2746/\204;Cu5\207v\215r\\;"
 104      825B496A 
 104      6FBC362F 
 104      843B4375 
 104      3587768D 
 105 026e 65CAEEF5 		.ascii	"e\312\356\365v\321-x\026\330\240\334\263Y\327\024(\202"
 105      76D12D78 
 105      16D8A0DC 
 105      B359D714 
 105      2882
 106 0280 5EA19116 		.ascii	"^\241\221\026X\347D\341\221\221\330O3\371\352gI\374"
 106      58E744E1 
 106      9191D84F 
 106      33F9EA67 
 106      49FC
 107 0292 6D10FF57 		.ascii	"m\020\377W(\324\277\352\227p\251[q\3013\030n\331o\225"
 107      28D4BFEA 
 107      9770A95B 
 107      71C13318 
 107      6ED96F95 
 108 02a6 B95611E8 		.ascii	"\271V\021\35091\264\203\034\213\227}\320<\037\264uI"
 108      3931B483 
 108      1C8B977D 
 108      D03C1FB4 
 108      7549
 109 02b8 AB7E6499 		.ascii	"\253~d\231\017\331.F\236E\242\000*|\330\316\245\003"
 109      0FD92E46 
 109      9E45A200 
 109      2A7CD8CE 
 109      A503
 110 02ca 58802DF4 		.ascii	"X\200-\364a\235K\333\365\207P\345\203v\211\241\335~"
 110      619D4BDB 
 110      F58750E5 
 110      837689A1 
 110      DD7E
 111 02dc 6811E905 		.ascii	"h\021\351\005<\277\336\310\240c\240w\020\025F\303\246"
 111      3CBFDEC8 
 111      A063A077 
 111      101546C3 
 111      A6
 112 02ed A33EA890 		.ascii	"\243>\250\220\036\024\201\\0.\3008\017\343\013\030\275"
 112      1E14815C 
 112      302EC038 
 112      0FE30B18 
 112      BD
 113 02fe 30BE4411 		.ascii	"0\276D\021\244\030p\305xr\2552\036\341i\214p\326\204"
 113      A41870C5 
 113      7872AD32 
 113      1EE1698C 
ARM GAS  C:\Users\PETERL~1\AppData\Local\Temp\cc2YdMtf.s 			page 8


 113      70D684
 114 0311 4A61F32F 		.ascii	"Ja\363/\224\344?\201B#\227\362\204\372\301\301\177\355"
 114      94E43F81 
 114      422397F2 
 114      84FAC1C1 
 114      7FED
 115 0323 AC665B20 		.ascii	"\254f[ \372\007L:\356/M\354Y(M\367\354\205_r\271\022"
 115      FA074C3A 
 115      EE2F4DEC 
 115      59284DF7 
 115      EC855F72 
 116 0339 522E9E59 		.ascii	"R.\236Y\263C\312\231)\263\273\247\350\317\334^\372\234"
 116      B343CA99 
 116      29B3BBA7 
 116      E8CFDC5E 
 116      FA9C
 117 034b EEACFF3A 		.ascii	"\356\254\377:\200\324\321\353\244\007\325\231K\002\270"
 117      80D4D1EB 
 117      A407D599 
 117      4B02B8
 118 035a 4AAA1B6D 		.ascii	"J\252\033m\275\311\263D\027G\372K\333\365\226`\356\020"
 118      BDC9B344 
 118      1747FA4B 
 118      DBF59660 
 118      EE10
 119 036c D5551534 		.ascii	"\325U\0254\336\247-\"\025\263\343\355ws\002\270:\252"
 119      DEA72D22 
 119      15B3E3ED 
 119      777302B8 
 119      3AAA
 120 037e 73B41D9B 		.ascii	"s\264\035\233\244E\234C\370N\236w\261\3341\252\254>"
 120      A4459C43 
 120      F84E9E77 
 120      B1DC31AA 
 120      AC3E
 121 0390 6F2E4344 		.ascii	"o.CDYC\370}\227rB\270\323T\327\233WUF\035:\011\177\264"
 121      5943F87D 
 121      977242B8 
 121      D354D79B 
 121      5755461D 
 122 03a8 E36C39E2 		.ascii	"\343l9\342\316J\0265!\005mB\301\246;\373?\221\242\320"
 122      CE4A1635 
 122      21056D42 
 122      C1A63BFB 
 122      3F91A2D0 
 123 03bc 08E15A94 		.ascii	"\010\341Z\224\330\243\220\330F\262\205#\336\254\216"
 123      D8A390D8 
 123      46B28523 
 123      DEAC8E
 124 03cb 4356AF41 		.ascii	"CV\257A\006\257\303\030\205q\023\306\030\214\357a\\"
 124      06AFC318 
 124      857113C6 
 124      188CEF61 
 124      5C
 125 03dc 817103C6 		.ascii	"\201q\003\306Uov-8\2737\255\357\362P88\301\377\206\004"
 125      556F762D 
 125      38BB37AD 
ARM GAS  C:\Users\PETERL~1\AppData\Local\Temp\cc2YdMtf.s 			page 9


 125      EFF25038 
 125      38C1FF86 
 126 03f1 633BBEED 		.ascii	"c;\276\355\372vQ\215\361\226\231_y\221\337\211\221\227"
 126      FA76518D 
 126      F196995F 
 126      7991DF89 
 126      9197
 127 0403 45C81601 		.ascii	"E\310\026\001\371\265\030\371\322b`\257\000t\213\201"
 127      F9B518F9 
 127      D26260AF 
 127      00748B81 
 128 0413 83229343 		.ascii	"\203\"\223C\002\362\0331\362\237\"\244K@\016\210\221"
 128      02F21B31 
 128      F29F22A4 
 128      4B400E88 
 128      91
 129 0424 DD8B0F18 		.ascii	"\335\213\017\030o\031\023\240\377\022C\207\304\320i"
 129      6F1913A0 
 129      FF124387 
 129      C4D069
 130 0433 013A2C86 		.ascii	"\001:,\206z\304\320K\002\364\242\030zi\001\224\024w"
 130      7AC4D04B 
 130      02F4A218 
 130      7A690194 
 130      1477
 131 0445 13394923 		.ascii	"\0239I#K\234$t`\252\356d\000\347\"e\301\236,\364\230"
 131      4B9C2474 
 131      60AAEE64 
 131      00E72265 
 131      C19E2CF4 
 132 045a 0345C74A 		.ascii	"\003E\307J\330}4\001\233\376\277\024\000\211`\016\216"
 132      D87D3401 
 132      9BFEBF14 
 132      0089600E 
 132      8E
 133 046b D70F30F9 		.ascii	"\327\0170\371\226\377x\215,8^\223\367\347MA\241^\267"
 133      96FF788D 
 133      2C385E93 
 133      F7E74D41 
 133      A15EB7
 134 047e 96E5DC32 		.ascii	"\226\345\3342\217\355\023L^\034\275R\305q\375\264\336"
 134      8FED134C 
 134      5E1CBD52 
 134      C571FDB4 
 134      DE
 135 048f BB67C6CB 		.ascii	"\273g\306\313%\317_\225T\360\201DY>u<+\220\274/k\372"
 135      25CF5F95 
 135      54F08144 
 135      593E753C 
 135      2B90BC2F 
 136 04a5 77BAE558 		.ascii	"w\272\345Xt\345\033s\326\012\"\202>\307\263Xt\250|L"
 136      74E51B73 
 136      D60A2282 
 136      3EC7B358 
 136      74A87C4C 
 137 04b9 495FAAB3 		.ascii	"I_\252\263\034\346{\312\247\212\021\021\330\367:m\301"
 137      1CE67BCA 
ARM GAS  C:\Users\PETERL~1\AppData\Local\Temp\cc2YdMtf.s 			page 10


 137      A78A1111 
 137      D8F73A6D 
 137      C1
 138 04ca 5834E838 		.ascii	"X4\3508W$\247\263\006^&\371\314\357\030\012^\347\340"
 138      5724A7B3 
 138      065E26F9 
 138      CCEF180A 
 138      5EE7E0
 139 04dd 732CAF93 		.ascii	"s,\257\223\315\301\315g\012\326\202\033\020~\037\342"
 139      CDC1CD67 
 139      0AD6821B 
 139      107E1FE2 
 140 04ed 2604EF44 		.ascii	"&\004\357D\322\210\356\000\305\315\350.P\334\220\356"
 140      D288EE00 
 140      C5CDE82E 
 140      50DC90EE 
 141 04fd 0185A684 		.ascii	"\001\205\246\204\246\311\213\026\335r\234\334C#J?^S"
 141      A6C98B16 
 141      DD729CDC 
 141      43234A3F 
 141      5E53
 142 050f 4482ECBA 		.ascii	"D\202\354\272\336Z\240\240\356d\244;\244_\311\220P\236"
 142      DE5AA0A0 
 142      EE64A43B 
 142      A45FC990 
 142      509E
 143 0521 4F7F134B 		.ascii	"O\177\023K\006fg\276\244\222\271y\022\364H{C\261w]\274"
 143      066667BE 
 143      A492B979 
 143      12F4487B 
 143      43B1775D 
 144 0536 932C6B38 		.ascii	"\223,k8\3239\313\022I\207\311\356Q`QEW\345\340\012Q"
 144      D339CB12 
 144      4987C9EE 
 144      51605145 
 144      57E5E00A 
 145 054b D40FBC51 		.ascii	"\324\017\274Q?\024E=\343\215z\326\033\365\2347\352y"
 145      3F14453D 
 145      E38D7AD6 
 145      1BF59C37 
 145      EA79
 146 055d 1A75DEAE 		.ascii	"\032u\336\256[\255\364S\244\306m{\215$\277b\254\221"
 146      5BADF453 
 146      A4C66D7B 
 146      8D24BF62 
 146      AC91
 147 056f 8644F662 		.ascii	"\206D\366b\357\215iG\240\367[\205Dh\262\037\277\312"
 147      EF8D6947 
 147      A0F75B85 
 147      4468B21F 
 147      BFCA
 148 0581 D1B4D68E 		.ascii	"\321\264\326\216w\222wzO\323\203C4\350\336\2625\344"
 148      7792777A 
 148      4FD38343 
 148      34E8DEB2 
 148      35E4
 149 0593 5D7EEB87 		.ascii	"]~\353\207\257\202D\001\246\263K\2475\203\245\001f\262"
ARM GAS  C:\Users\PETERL~1\AppData\Local\Temp\cc2YdMtf.s 			page 11


 149      AF824401 
 149      A6B34BA7 
 149      3583A501 
 149      66B2
 150 05a5 34C02C96 		.ascii	"4\300,\226\006\370\011\033\266\360k\366\005\3725[\177"
 150      06F8091B 
 150      B6F06BF6 
 150      05FA355B 
 150      7F
 151 05b6 78BC564A 		.ascii	"x\274VJ\330N\233\333&\305\242\261\252\023\027Ch\312"
 151      D84E9BDB 
 151      26C5A2B1 
 151      AA131743 
 151      68CA
 152 05c8 F00701FA 		.ascii	"\360\007\001\372\266\275wR\"r\236\275\214\363\034\221"
 152      B6BD7752 
 152      22729EBD 
 152      8CF31C91 
 153 05d8 F35CAFF3 		.ascii	"\363\\\257\363S4;\355\343\274\325[/\021\230\317\335"
 153      53343BED 
 153      E3BCD55B 
 153      2F1198CF 
 153      DD
 154 05e9 555241B3 		.ascii	"URA\263\325\311{\275\317\354\317\336)\023y\313[\306"
 154      D5C97BBD 
 154      CFECCFDE 
 154      291379CB 
 154      5BC6
 155 05fb 5BBEC8DB 		.ascii	"[\276\310\333)\264\310\333\320\335\214\002\272\020\267"
 155      29B4C8DB 
 155      D0DD8C02 
 155      BA10B7
 156 060a CD5D43AC 		.ascii	"\315]C\254\327g\357.\021'\362\3242\365Y\360h\353\017"
 156      D767EF2E 
 156      1127F2D4 
 156      32F559F0 
 156      68EB0F
 157 061d 1E8C8E0B 		.ascii	"\036\214\216\013\305\327\321K\352\3216\326\337F\353"
 157      C5D7D14B 
 157      EAD136D6 
 157      DF46EB
 158 062c D36D7A12 		.ascii	"\323mz\022\013\372\354s\203toyO\373Gdk\357\025f\313"
 158      0BFAEC73 
 158      83746F79 
 158      4FFB4764 
 158      6BEF1566 
 159 0641 45019897 		.ascii	"E\001\230\227Y^\3212\001\024\323\235\274\233w \237&"
 159      595ED132 
 159      0114D39D 
 159      BC9B7720 
 159      9F26
 160 0653 B34FD8BA 		.ascii	"\263O\330\2723\373\316e\204<\346\362v?zyS\247\235\356"
 160      33FBCE65 
 160      843CE6F2 
 160      763F7A79 
 160      53A79DEE 
 161 0667 2784E451 		.ascii	"'\204\344Q\353C\315\005W\003\036\323z\311\243\255\237"
ARM GAS  C:\Users\PETERL~1\AppData\Local\Temp\cc2YdMtf.s 			page 12


 161      EB43CD05 
 161      57031ED3 
 161      7AC9A3AD 
 161      9F
 162 0678 C81ECE65 		.ascii	"\310\036\316e\211)\027B\267\301\026nm\367\321:\322\336"
 162      89291742 
 162      B7C1166E 
 162      6DF7D13A 
 162      D2DE
 163 068a 78761D69 		.ascii	"xv\035iq;\201\3426g\002\212[\335.\240\270\335\025\002"
 163      713B81E2 
 163      3667028A 
 163      5BDD2EA0 
 163      B8DD1502 
 164 069e C52DEF53 		.ascii	"\305-\357S\240\270\355\355\001\012\255\017\355e\327"
 164      A0B8EDED 
 164      010AAD0F 
 164      ED65D7
 165 06ad 915F8AC9 		.ascii	"\221_\212\311\354\317\331\027\017\360v\313D\303d5J\307"
 165      ECCFD917 
 165      0FF076CB 
 165      44C36435 
 165      4AC7
 166 06bf 7F503CFE 		.ascii	"\177P<\376\001\"\216&i\013^\360Z\307\222\037\321\363"
 166      01228E26 
 166      690B5EF0 
 166      5AC7921F 
 166      D1F3
 167 06d1 0C2A85F9 		.ascii	"\014*\205\371\250\214}\021\327|\251\323$Q\230\374\337"
 167      A88C7D11 
 167      D77CA9D3 
 167      245198FC 
 167      DF
 168 06e2 F8E4BFC7 		.ascii	"\370\344\277\307\377_\267\217U\220\237\036L\025J\245"
 168      FF5FB78F 
 168      55909F1E 
 168      4C154AA5 
 169 06f2 46A54FDA 		.ascii	"F\245O\332\241\324\246h\215\262\315\357\3761<\206\331"
 169      A1D4A668 
 169      8DB2CDEF 
 169      FE313C86 
 169      D9
 170 0703 10F3467C 		.ascii	"\020\363F|\314vm\202\366}c\232Z\253\213O\304\317:\303"
 170      CC766D82 
 170      F67D639A 
 170      5AAB8B4F 
 170      C4CF3AC3 
 171 0717 9A55D13A 		.ascii	"\232U\321:C\364vURt\202N\245W\033\242\337\333\022\373"
 171      43F47655 
 171      5274824E 
 171      A5571BA2 
 171      DFDB12FB 
 172 072b CEA60F94 		.ascii	"\316\246\017\224\357\377\341\2355\253\225\233\326\256"
 172      EFFFE19D 
 172      35AB959B 
 172      D6AE
 173 0739 FA0D5544 		.ascii	"\372\015UD%2A\344!\026L\2564\030\223A\233\230\244K\374"
ARM GAS  C:\Users\PETERL~1\AppData\Local\Temp\cc2YdMtf.s 			page 13


 173      253241E4 
 173      21164CAE 
 173      34189341 
 173      9B98A44B 
 174 074e 0BF1B1FE 		.ascii	"\013\361\261\376\347\214\247\352\364FC41J\357o\255\375"
 174      E78CA7EA 
 174      F4464334 
 174      314AEF6F 
 174      ADFD
 175 0760 F863AC51 		.ascii	"\370c\254Q&%\251\243\2663OQ\213\333R\265:\245AcLKU\032"
 175      2625A9A3 
 175      B6334F51 
 175      8BDB52B5 
 175      3AA54163 
 176 0778 03D3B429 		.ascii	"\003\323\264)F\220\031\345J\245\360\2705\361\015j\333"
 176      469019E5 
 176      4AA5F0B8 
 176      35F10D6A 
 176      DB
 177 0789 40FD1875 		.ascii	"@\375\030u\272$C\374\266\224\264p\362\024\256\322'\207"
 177      BA2443FC 
 177      B694B470 
 177      F214AED2 
 177      2787
 178 079b 6B921334 		.ascii	"k\222\0234j\265F\035\2776\352\267\341\253W\375\372\265"
 178      6AB5461D 
 178      BF36EAB7 
 178      E1AB57FD 
 178      FAB5
 179 07ad BFAE8907 		.ascii	"\277\256\211\007\371\253)\272\024\315\253\032U\2026"
 179      F9AB29BA 
 179      14CDAB1A 
 179      558236
 180 07bc 5E9B9298 		.ascii	"^\233\222\230\224\246\326\304'\253\300V\212&^\251\326"
 180      94A6D6C4 
 180      27ABC056 
 180      8A265EA9 
 180      D6
 181 07cd 6C55A5   		.ascii	"lU\245"
 182 07d0 251995C6 		.ascii	"%\031\225\306\035\251\032\003D\363\341\377\325\215a"
 182      1DA91A03 
 182      44F3E1FF 
 182      D58D61
 183 07df 87215E69 		.ascii	"\207!^i0\252a\015`[\232\254Sk\3642\035\366\245\017\320"
 183      30AA610D 
 183      605B9AAC 
 183      536BF432 
 183      1DF6A50F 
 184 07f4 1952351A 		.ascii	"\031R5\032\265^\232\232\226\252\326s:\265^\242\332\252"
 184      B55E9A9A 
 184      96AAD673 
 184      3AB55EA2 
 184      DAAA
 185 0806 4FC2B7ED 		.ascii	"O\302\267\355?\273a\013s\272e\313\306\350\315q\261\357"
 185      3FBB610B 
 185      73BA65CB 
 185      C6E8CD71 
ARM GAS  C:\Users\PETERL~1\AppData\Local\Temp\cc2YdMtf.s 			page 14


 185      B1EF
 186 0818 FD6D7574 		.ascii	"\375mut\252/\251\262\270\015\033UF\225,\356MJb(\331"
 186      AA2FA9B2 
 186      B80D1B55 
 186      46952CEE 
 186      4D4A6228 
 187 082d 48C9264A 		.ascii	"H\311&J\336\242d3%oS\022\213IP\334\206-1\272\224\255"
 187      DEA26433 
 187      256F5312 
 187      8B4950DC 
 187      862D31BA 
 188 0843 DA6D4F61 		.ascii	"\332mOa\233B\222\022\211(,J\257S\003(\352\247\252\377"
 188      9B429212 
 188      89282C4A 
 188      AF530328 
 188      EAA7AAFF 
 189 0857 00F3971F 		.ascii	"\000\363\227\037\343"
 189      E3
 190              		.text
 191              		.section	.gnu.lto_.symtab.bbac0ada,"",%progbits
 192 0000 5F5F6561 		.ascii	"__early_init\000\000\000\000\000\000\000\000\000\000"
 192      726C795F 
 192      696E6974 
 192      00000000 
 192      00000000 
 193 0016 0000AC00 		.ascii	"\000\000\254\000\000\000boardInit\000\000\000\000\000"
 193      0000626F 
 193      61726449 
 193      6E697400 
 193      00000000 
 194 002a 00000000 		.ascii	"\000\000\000\000\000\000\000\256\000\000\000pal_def"
 194      000000AE 
 194      00000070 
 194      616C5F64 
 194      6566
 195 003c 61756C74 		.ascii	"ault_config\000\000\000\000\000\000\000\000\000\000"
 195      5F636F6E 
 195      66696700 
 195      00000000 
 195      00000000 
 196 0051 00001901 		.ascii	"\000\000\031\001\000\000stm32_clock_init\000\000\002"
 196      00007374 
 196      6D33325F 
 196      636C6F63 
 196      6B5F696E 
 197 006a 00000000 		.ascii	"\000\000\000\000\000\000\000\000\000\260\000\000\000"
 197      00000000 
 197      00B00000 
 197      00
 198              		.text
 199              		.section	.gnu.lto_.opts,"",%progbits
 200 0000 272D666E 		.ascii	"'-fno-trapv' '-mcpu=cortex-m4' '-mno-thumb-interwor"
 200      6F2D7472 
 200      61707627 
 200      20272D6D 
 200      6370753D 
 201 0033 6B272027 		.ascii	"k' '-mthumb' '-ggdb' '-O2' '-fomit-frame-pointer' '"
ARM GAS  C:\Users\PETERL~1\AppData\Local\Temp\cc2YdMtf.s 			page 15


 201      2D6D7468 
 201      756D6227 
 201      20272D67 
 201      67646227 
 202 0066 2D66616C 		.ascii	"-falign-functions=16' '-ffunction-sections' '-fdata"
 202      69676E2D 
 202      66756E63 
 202      74696F6E 
 202      733D3136 
 203 0099 2D736563 		.ascii	"-sections' '-fno-common' '-flto'\000"
 203      74696F6E 
 203      73272027 
 203      2D666E6F 
 203      2D636F6D 
 204              		.text
 205              		.comm	__gnu_lto_v1,1,1
 206              		.comm	__gnu_lto_slim,1,1
 207              		.ident	"GCC: (GNU Tools for ARM Embedded Processors) 4.9.3 20150529 (release) [ARM/embedded-4_9-br
ARM GAS  C:\Users\PETERL~1\AppData\Local\Temp\cc2YdMtf.s 			page 16


DEFINED SYMBOLS
                            *ABS*:00000000 board.c
                            *COM*:00000001 __gnu_lto_v1
                            *COM*:00000001 __gnu_lto_slim

NO UNDEFINED SYMBOLS
