ARM GAS  C:\Users\PETERL~1\AppData\Local\Temp\ccDYYgSX.s 			page 1


   1              		.syntax unified
   2              		.cpu cortex-m4
   3              		.fpu softvfp
   4              		.eabi_attribute 20, 1
   5              		.eabi_attribute 21, 1
   6              		.eabi_attribute 23, 3
   7              		.eabi_attribute 24, 1
   8              		.eabi_attribute 25, 1
   9              		.eabi_attribute 26, 1
  10              		.eabi_attribute 30, 2
  11              		.eabi_attribute 34, 1
  12              		.eabi_attribute 18, 4
  13              		.thumb
  14              		.file	"chcore_v7m.c"
  15              		.text
  16              	.Ltext0:
  17              		.section	.gnu.lto_.profile.768e13d2,"",%progbits
  18 0000 789C6366 		.ascii	"x\234cf```a\200\000F\006C\031\000\000\362\000V"
  18      60606061 
  18      80004606 
  18      43190000 
  18      F20056
  19              		.text
  20              		.section	.gnu.lto_.jmpfuncs.768e13d2,"",%progbits
  21 0000 789C6366 		.ascii	"x\234cf\300\016x\24143\214`\001b\000\002\024\000\033"
  21      C00E78A1 
  21      34338C60 
  21      01620002 
  21      14001B
  22              		.text
  23              		.section	.gnu.lto_.inline.768e13d2,"",%progbits
  24 0000 789C6366 		.ascii	"x\234cf\300\016\334\24043\003\003\277\030#\003\223\310"
  24      C00EDCA0 
  24      34330303 
  24      BF182303 
  24      93C8
  25 0012 851E4606 		.ascii	"\205\036F\006\266\005\362L A&n\260\014\0277P\202gN$"
  25      B605F24C 
  25      2041266E 
  25      B00C1737 
  25      5082674E 
  26 0027 5C9C910B 		.ascii	"\\\234\221\013H\2600pr\200\304\037\304\302\305\031\000"
  26      48B03070 
  26      7280C41F 
  26      C4C2C519 
  26      00
  27 0038 005306D0 		.ascii	"\000S\006\320"
  28              		.text
  29              		.section	.gnu.lto_.pureconst.768e13d2,"",%progbits
  30 0000 789C6366 		.ascii	"x\234cf```g\200\000f\006+f+\026+\000\002\350\000\303"
  30      60606067 
  30      80006606 
  30      2B662B16 
  30      2B0002E8 
  31              		.text
  32              		.section	.gnu.lto__port_irq_epilogue.part.0.768e13d2,"",%progbits
  33 0000 789C9D54 		.ascii	"x\234\235Tml\223U\024\276\347\336\367}[\332n3\374B\374"
ARM GAS  C:\Users\PETERL~1\AppData\Local\Temp\ccDYYgSX.s 			page 2


  33      6D6C9355 
  33      14BEE7DE 
  33      F77D5BDA 
  33      6E33FC42 
  34 0015 D1250B59 		.ascii	"\321%\013YL\200\022H4\230\031c\026M\374\321H\326\277"
  34      4C801248 
  34      34981963 
  34      164DFCD1 
  34      48D6BF
  35 0028 24465E6A 		.ascii	"$F^j\326\360\321\246\355\314\376\020\336v\035\033~\314"
  35      D6F0D1A6 
  35      EDCCFE10 
  35      DE761D1B 
  35      7ECC
  36 003a B9295D62 		.ascii	"\271)]b\346\027\242n\325\255 \002\233\350*\333`\016"
  36      E617A26E 
  36      D5AD2002 
  36      9BE82ADB 
  36      600E
  37 004c 2910B231 		.ascii	")\020\2621\030nu\331\024\023\324\302\024\366\212\243"
  37      186E75D9 
  37      1413D4C2 
  37      14F68AA3 
  38 005c 9E735B98 		.ascii	"\236s[\230\303\305\030\233\364~\234{\236s\316}\236s"
  38      C3C5189B 
  38      F47E9C7B 
  38      9E73CE7D 
  38      9E73
  39 006e 5FC1FEF9 		.ascii	"_\301\376\371{\012\377\033T\306zq\006\013\003\2559\215"
  39      7B0AFF1B 
  39      54C67A71 
  39      060B03AD 
  39      398D
  40 0080 0B0DB89C 		.ascii	"\013\015\270\2349\027\215\345\314\260)4:\004\250d\215"
  40      39178DE5 
  40      CCB02934 
  40      3A04A864 
  40      8D
  41 0091 5895BB0B 		.ascii	"X\225\273\013\025\200\026\014\330n\215\013E\205\335"
  41      1580160C 
  41      D86E8D0B 
  41      4585DD
  42 00a0 F013BFCE 		.ascii	"\360\023\277\316\2419\225h\263\227\0370\014#\373~\337"
  42      A1399568 
  42      B3971F30 
  42      0C23FB7E 
  42      DF
  43 00b1 8AFA1526 		.ascii	"\212\372\025&gl\226\3473\302GP\316\320\347zl\376\242"
  43      676C96E7 
  43      33C24750 
  43      CED0E77A 
  43      6CFEA2
  44 00c4 5D8BA1CF 		.ascii	"]\213\241\317\003\3713\370\030\3632&\360\254\343\312"
  44      03F933F8 
  44      18F33226 
  44      F0ACE3CA 
  45 00d4 EFA96251 		.ascii	"\357\251bQ\001\344\327\323\365\333\031\373Unr(\245m"
ARM GAS  C:\Users\PETERL~1\AppData\Local\Temp\ccDYYgSX.s 			page 3


  45      01E4D7D3 
  45      F5DB19FB 
  45      556E7228 
  45      A56D
  46 00e6 6FCB509B 		.ascii	"o\313P\233F[\256\320\366\373\033\277\376\014e\357\031"
  46      465BAED0 
  46      F6FB1BBF 
  46      FE0C65EF 
  46      19
  47 00f7 4634FB72 		.ascii	"F4\373r\377\221m-u\306\007\315\321l\356\011\247\311"
  47      FF916D2D 
  47      75C607CD 
  47      D16CEE09 
  47      A7C9
  48 0109 057480C0 		.ascii	"\005t\200\300\310\320\011+!\001+\0137\206O\240\014\201"
  48      C8D0092B 
  48      21012B0B 
  48      37864FA0 
  48      0C81
  49 011b 3F24DE68 		.ascii	"?$\336hP\011\370\022\2268\346\250\0372b\231\\\216`l"
  49      5009F812 
  49      9638E6A8 
  49      1F326299 
  49      5C8E606C 
  50 012f 09CCA712 		.ascii	"\011\314\247\022\263o\344\214U\030 \313z\365\342T\246"
  50      B36FE48C 
  50      551820CB 
  50      7AF5E254 
  50      A6
  51 0140 4426CEDC 		.ascii	"D&\316\334\331\237v\030\367\360\012t-\231\266\033\312"
  51      D99F7618 
  51      F7F00A74 
  51      2D99B61B 
  51      CA
  52 0151 BA971B46 		.ascii	"\272\227\033F.\367cz\225\003d\031\\Z\205\034\025frU"
  52      2EF7637A 
  52      95036419 
  52      5C5A851C 
  52      15667255 
  53 0165 C541636C 		.ascii	"\305Acl\032\351 ^\247q\203\263\230\341\\\316\343\020"
  53      1AE9205E 
  53      A77183B3 
  53      98E15CCE 
  53      E310
  54 0177 998AEFF9 		.ascii	"\231\212\357\371\345\221\305\354\021Z\222\307\026\323"
  54      E591C5EC 
  54      115A92C7 
  54      16D3
  55 0185 9A19DC7F 		.ascii	"\232\031\334\177^a\220\004m\226\303}\214Sv\006\007\011"
  55      5E619004 
  55      6D96C37D 
  55      8C537606 
  55      0709
  56 0197 03877044 		.ascii	"\003\207pD\336\353\001]Z\217\277\326W\342l\205v\243"
  56      DEEB015D 
  56      5A8FBFD6 
  56      57E26C85 
ARM GAS  C:\Users\PETERL~1\AppData\Local\Temp\ccDYYgSX.s 			page 4


  56      76A3
  57 01a9 ADD4E416 		.ascii	"\255\324\344\026B]\233\2730`Q\260\"\370\014\2342\305"
  57      425D9BBB 
  57      306051B0 
  57      22F80C9C 
  57      32C5
  58 01bb 3B49C3B4 		.ascii	";I\303\264\243\005\016\203r\013C3\370\034\0246\012\321"
  58      A3050E83 
  58      720B4333 
  58      F81C1436 
  58      0AD1
  59 01cd 0C1547F1 		.ascii	"\014\025G\361(<\235\\\206\350XC\274iP\243*nqN\266Q\340"
  59      283C9D5C 
  59      86E85843 
  59      BC6950A3 
  59      2A6E714E 
  60 01e4 B4A3AAD1 		.ascii	"\264\243\252\321\202.um{F;\326\347=\004\2320\303\325"
  60      822E756D 
  60      7B463BD6 
  60      E73D049A 
  60      30C3D5
  61 01f7 BD4373CB 		.ascii	"\275Cs\313\244\310\310i\256\204\301\021\344q\021PP\354"
  61      A4C8C869 
  61      AE84C111 
  61      E4711150 
  61      50EC
  62 0209 6C361D55 		.ascii	"l6\035U\311\206\220\313c=\363\026\202(y\010uQ\367\353"
  62      C98690CB 
  62      633DF316 
  62      82287908 
  62      7551F7EB 
  63 021d 49D10E6F 		.ascii	"I\321\016oE\014\303jr+\206\206\243\244\007]ad\337|\321"
  63      450CC36A 
  63      722B8686 
  63      A3A4075D 
  63      6164DF7C 
  64 0232 9A045291 		.ascii	"\232\004R\221z\320\344\313\340\030\264\303\015\331\240"
  64      7AD0E4CB 
  64      E018B4C3 
  64      0DD9A0
  65 0241 D0036BD0 		.ascii	"\320\003k\320\241\245\347\322+6\012gC\037+\203^\004"
  65      A1A5E7D2 
  65      2B360A67 
  65      431F2B83 
  65      5E04
  66 0253 62C68986 		.ascii	"b\306\211\206\211N[\276T\205\212(\324\204\200\246S\221"
  66      894E5BBE 
  66      54858A28 
  66      D48480A6 
  66      5391
  67 0265 6145C4F3 		.ascii	"aE\304\363\315\361\335\2671_\2767\376\350\367\246b\357"
  67      CDF1DDB7 
  67      315FBE37 
  67      FEE8F7A6 
  67      62EF
  68 0277 1A777239 		.ascii	"\032wr9\240\216\374b\311\3268N7R\3308D\247\342'\377"
  68      A08EFC62 
ARM GAS  C:\Users\PETERL~1\AppData\Local\Temp\ccDYYgSX.s 			page 5


  68      C9D6384E 
  68      3752D838 
  68      44A7E227 
  69 028c 5C2C6F66 		.ascii	"\\,of\246\363ar(\010\311\357\177:\360\245\024\361+z"
  69      A6F36172 
  69      2808C9EF 
  69      7F3AF0A5 
  69      14F12B7A 
  70 02a0 3BC03E24 		.ascii	";\300>$\021'\257\315\265\012\347\341\202\210vB\2749"
  70      1127AFCD 
  70      B50AE7E1 
  70      82887642 
  70      BC39
  71 02b2 7E3B6293 		.ascii	"~;b\223\"\366\335\025\361\\r\257J\"\246HD\005O\276\006"
  71      22F6DD15 
  71      F15C72AF 
  71      4A22A648 
  71      44054FBE 
  72 02c7 05EDE983 		.ascii	"\005\355\351\203\003\207,\316\243\177\357\200L\362\300"
  72      03872CCE 
  72      A37FEF80 
  72      4CF2C0
  73 02d6 2048F009 		.ascii	" H\360\011\002C?\252}\005\352R\223\303\216<\025*:\275"
  73      02433FAA 
  73      7D05EA52 
  73      93C38E3C 
  73      152A3ABD 
  74 02ea 7DA1A98B 		.ascii	"}\241\251\213\357\272m4\022\327\216Y\344\206\301\000"
  74      EFBA6D34 
  74      12D78E59 
  74      E486C100 
  75 02fa ECC2862E 		.ascii	"\354\302\206.b#\020\273T\267e\301wr\372\354y+\221K\225"
  75      622310BB 
  75      54B765C1 
  75      7772FAEC 
  75      792B914B 
  76 030f 0F167898 		.ascii	"\017\026x\230AHc\271@\222o6\244\023\233\012\264\376"
  76      414863B9 
  76      40926F36 
  76      A4139B0A 
  76      B4FE
  77 0321 370D1F22 		.ascii	"7\015\037\"\015OJ\015\201\010=%5\\()Ua\362\342Yy\313"
  77      0D4F4A0D 
  77      81083D25 
  77      355C2829 
  77      5561F2E2 
  78 0338 21AC8992 		.ascii	"!\254\211\222)\367\222\335\374?\311\276YH6\274t2\374"
  78      29F792DD 
  78      FC3FC9BE 
  78      594836BC 
  78      7432FC
  79 034b A8C2E942 		.ascii	"\250\302\351B2U>\337\011\210\244\342\247e\303\320\205"
  79      32553EDF 
  79      0988A4E2 
  79      A765C3D0 
  79      85
  80 035c A7118E66 		.ascii	"\247\021\216f\344uc\345c\233+\253}[|\236p\315V\237\177"
ARM GAS  C:\Users\PETERL~1\AppData\Local\Temp\ccDYYgSX.s 			page 6


  80      E47563E5 
  80      639B2BAB 
  80      7D5B7C9E 
  80      70CD569F 
  81 0371 B34E6B7F 		.ascii	"\263Nk\177h\303:\227?\344\012\206]\001\1770\034r=Y\345"
  81      68C33A97 
  81      3FE40A86 
  81      5D017F30 
  81      1C723D59 
  82 0386 AE74D7BA 		.ascii	"\256t\327\272\364j\335\037\364>\367\342\243;\326\352"
  82      F46ADD1F 
  82      F43EF7E2 
  82      A33BD6EA 
  83 0396 4C0B7A43 		.ascii	"L\013zC5\333\303\025\377\026\300[\033vU\272=\317x\\"
  83      35DBC315 
  83      FF16C05B 
  83      1B7655BA 
  83      3DCF785C 
  84 03aa BE9DFAF6 		.ascii	"\276\235\372\366\232\255^\227\014\240\357x\272f\247"
  84      9AAD5E97 
  84      0CA0EF78 
  84      BA66A7
  85 03b9 BEB69A29 		.ascii	"\276\266\232)z\2706P\344\256\362\224\256Z\267\2724\020"
  85      7AB83650 
  85      E4AEF294 
  85      AE5AB7BA 
  85      3410
  86 03cb 0AD89878 		.ascii	"\012\330\230x<\310\212\303\376\300\263/l\012\372uO\370"
  86      3CC88AC3 
  86      FEC0B32F 
  86      6C0AFA75 
  86      4FF8
  87 03dd 797D5B91 		.ascii	"y}[\221\333SE\207\253\321\313\306x\220\211P\200\375"
  87      DB534587 
  87      ABD1CBC6 
  87      78908950 
  87      80FD
  88 03ef 059DA911 		.ascii	"\005\235\251\021\246"
  88      A6
  89              		.text
  90              		.section	.gnu.lto__port_irq_epilogue.768e13d2,"",%progbits
  91 0000 789C9D53 		.ascii	"x\234\235SmH\223Q\024\276\347\276\357\346\234\243\244"
  91      6D489351 
  91      14BEE7BE 
  91      EFE69CA3 
  91      A4
  92 0011 1F21066D 		.ascii	"\037!\006m\020\021E\265 H\012!B\010\372\261?\3727\210"
  92      101145B5 
  92      20480A21 
  92      4208FAB1 
  92      3FFA3788 
  93 0025 7A1B3850 		.ascii	"z\0338P's\206\375\010\357\334\322\210\022\261/+\314"
  93      277386FD 
  93      08EFDCD2 
  93      8812B12F 
  93      2BCC
  94 0037 3EEC7365 		.ascii	">\354se\037\226\345\2624+\023I+\322\304\276\234\226"
ARM GAS  C:\Users\PETERL~1\AppData\Local\Temp\ccDYYgSX.s 			page 7


  94      1F96E5B2 
  94      342B1349 
  94      2BD2C4BE 
  94      9C96
  95 0049 956450AE 		.ascii	"\225dP\256\257!\271\316\271[\341\354\203h\260\367\336"
  95      AF21B9CE 
  95      B95BE1EC 
  95      8368B0F7 
  95      DE
  96 005a F79EF39C 		.ascii	"\367\236\363\234\347\334\347<\257\302~\375\245\343\177"
  96      E7DCE73C 
  96      AFC27EFD 
  96      A5E37F
  97 0069 9ECA581F 		.ascii	"\236\312X\037\256\240g\300+\272\030\363\0308W\272\247"
  97      AEA067C0 
  97      2BBA18F3 
  97      183857BA 
  97      A7
  98 007a 3361549B 		.ascii	"3aT\233\322\2300)\240\243cP\243\253\307\240\003\240"
  98      D2983029 
  98      A0A36350 
  98      A3ABC7A0 
  98      03A0
  99 008c 0D0356CC 		.ascii	"\015\003V\314\025U\007\3050\314?p\250h\361W%\3159*\204"
  99      155507C5 
  99      30CC3F70 
  99      A868F157 
  99      25CD392A 
 100 00a1 787FB839 		.ascii	"x\177\2709esJ\2303\026\342Q\"8\016s\030\346|\360}\353"
 100      65734A98 
 100      3316E251 
 100      22380E73 
 100      18E67CF0 
 101 00b7 4DD2FB30 		.ascii	"M\322\3730'9\032\203\023\240\007\\\317Nk\021\221\310"
 101      27391A83 
 101      13A0075C 
 101      CF4E6B11 
 101      91C8
 102 00c9 8B9A913E 		.ascii	"\213\232\221>\325\240\2600\007\225\036\214\275\304$"
 102      D5A0B030 
 102      07951E8C 
 102      BDC424
 103 00d8 221BE29C 		.ascii	"\"\033\342\234V\345\021\224$S\241\220_\354T\224t\240"
 103      56E51194 
 103      2453A190 
 103      5FEC5494 
 103      74A0
 104 00ea 7D63DDC7 		.ascii	"}c\335\307\316\2447<\314\271\205^\003\225\355UzzUTz"
 104      CEA4373C 
 104      CCB9855E 
 104      0395ED55 
 104      7A7A5554 
 105 00ff 7DDB7DE8 		.ascii	"}\333}\350\250q\326!!J\336o\3656k\225^Q\213\333\310"
 105      A871D621 
 105      214ADE6F 
 105      F5366B95 
 105      5E518BDB 
ARM GAS  C:\Users\PETERL~1\AppData\Local\Temp\ccDYYgSX.s 			page 8


 106 0114 727398AB 		.ascii	"rs\230\253p\022\024l\003NA*\370!5\246\012\234\206Y\010"
 106      7012146C 
 106      034E412A 
 106      F82135A6 
 106      0A9C8659 
 107 0129 1CD8FEA9 		.ascii	"\034\330\376\251\036\250\216jap\006\243O\240d0\\6T\245"
 107      1EA88E6A 
 107      617006A3 
 107      4FA06430 
 107      5C3654A5 
 108 013d 8FBB48D0 		.ascii	"\217\273H\320W,o\021\342\020\177\303\340\316\266g\011"
 108      572C6F11 
 108      E2107FC3 
 108      E0CEB667 
 108      09
 109 014e 0CEA28C4 		.ascii	"\014\352(\304\343C-\3433\210\204\301Y\012*\223\225\201"
 109      E3432DE3 
 109      338884C1 
 109      590A2A93 
 109      9581
 110 0160 73380C06 		.ascii	"s8\014\006\347I\032`\215\200\341\376\221\257;\024s\007"
 110      E7491A60 
 110      8D80E1FE 
 110      91AF3B14 
 110      7307
 111 0172 548B2A4B 		.ascii	"T\213*K\230\353\010\261\353\311\230\307\250\242>p\001"
 111      98EB08B1 
 111      EBC998C7 
 111      A8A23E70 
 111      01
 112 0183 CC8C4EF6 		.ascii	"\314\214N\366m\336\263\327\204'P\217\303\242\216\031"
 112      6DDEB3D7 
 112      8427508F 
 112      C3A28E19 
 113 0193 5C041503 		.ascii	"\\\004\025\003\035e\007?\253\346\316\030ZO\271\367G"
 113      1D65073F 
 113      ABE6CE18 
 113      5A4FB9F7 
 113      47
 114 01a4 DA028912 		.ascii	"\332\002\211\022}\211\320\320\200\212?\206\326\206\306"
 114      7D89D0D0 
 114      808A3F86 
 114      D686C6
 115 01b3 E19A2574 		.ascii	"\341\232%t\235/\\!\361F\313\373\215\244A\202x\354\025"
 115      9D2F5C21 
 115      F146CBFB 
 115      8DA44182 
 115      78EC15
 116 01c6 5308D8FF 		.ascii	"S\010\330\377\362\336\003\203<\222\234\347;\"\035\246"
 116      F2DE0383 
 116      3C929CE7 
 116      3B221DA6 
 117 01d6 6AD80F61 		.ascii	"j\330\017an\200\313\250\343\025\342\305@y\250} q\201"
 117      6E80CBA8 
 117      E315E2C5 
 117      4079A87D 
 117      207181
ARM GAS  C:\Users\PETERL~1\AppData\Local\Temp\ccDYYgSX.s 			page 9


 118 01e9 5FF83092 		.ascii	"_\3700\222\010\215P\015\243\322\014\020\200\005\310"
 118      088D500D 
 118      A3D20C10 
 118      8005C8
 119 01f8 E4FD5ADA 		.ascii	"\344\375Z\332\315\243Dj\224+\030\270[#\013\003Ip\025"
 119      CDA3446A 
 119      942B18B8 
 119      5B230B03 
 119      497015
 120 020b CBF480AF 		.ascii	"\313\364\200\257\317\233\032K\302\014\317\261\253\333"
 120      CF9B1A4B 
 120      C20CCFB1 
 120      ABDB
 121 0219 12640696 		.ascii	"\022d\006\226i\212\315k\010\365\353\236\256<\005o2e"
 121      698ACD6B 
 121      08F5EB9E 
 121      AE3C056F 
 121      3265
 122 022b 12F58187 		.ascii	"\022\365\201\207\345u|\323\230\330\"\014an\014qt8\\"
 122      E5757CD3 
 122      98D8220C 
 122      616E0C71 
 122      74385C
 123 023e 834DE8A8 		.ascii	"\203M\350\250$\011PYS\332O'M\364\307\315W\377\344\217"
 123      24095059 
 123      53DA4F27 
 123      4DF4C7CD 
 123      57FFE48F 
 124 0252 EBD21F3F 		.ascii	"\353\322\037?\205\240\362\315\177\366Gm=\304\014\242"
 124      85A0F2CD 
 124      7FF6476D 
 124      3DC40CA2 
 125 0262 9B6C90D2 		.ascii	"\233l\220\322\327h\220\026\012\351'\031$0\223X\030\334"
 125      D7689016 
 125      0AE92719 
 125      24309358 
 125      18DC
 126 0274 F8BD415A 		.ascii	"\370\275AZ\245AnN0H\355\273`@\377c\366\315r\366\267"
 126      A5416E4E 
 126      3048EDBB 
 126      6040FF63 
 126      F6CD72F6 
 127 0289 E4EC270F 		.ascii	"\344\354'\017\3726\016\232D\320\311\357\3519x\202C\027"
 127      FA360E9A 
 127      44D0C9EF 
 127      E9397882 
 127      4317
 128 029b E662DEEE 		.ascii	"\346b\336\356\236N\203\322\003\322\304\333{\007\203"
 128      9E4E83D2 
 128      03D2C4DB 
 128      7B0783
 129 02aa 53A526C1 		.ascii	"S\245&\301\361#]&\321.|\301H\004\0251A\333\357\024\211"
 129      F1235D26 
 129      D12E7CC1 
 129      48041531 
 129      41DBEF14 
 130 02bf 6F0FEE50 		.ascii	"o\017\356P\347'd\213\355\364\244\317\030\210\016\273"
ARM GAS  C:\Users\PETERL~1\AppData\Local\Temp\ccDYYgSX.s 			page 10


 130      E727648B 
 130      EDF4A4CF 
 130      18880EBB 
 131 02cf 589AB16C 		.ascii	"X\232\261luF\266c\235#\313]\270\336\341\\\255\321\336"
 131      7546B663 
 131      9D23CB5D 
 131      B8DEE15C 
 131      ADD1DE
 132 02e2 59B07891 		.ascii	"Y\260x\221\325Y`u\271\255\371N\227\273\300\272\"\323"
 132      D5596075 
 132      B9ADF94E 
 132      97BBC0BA 
 132      22D3
 133 02f4 96612BB2 		.ascii	"\226a+\262j\331\232\323e_\263!-w\241\306t\033\326\346"
 133      6AD99AD3 
 133      655FB321 
 133      2D77A1C6 
 133      741BD6E6 
 134 0308 14DAFF17 		.ascii	"\024\332\377\027\237\315\322\377\206\264\027\271\255"
 134      9FCDD2FF 
 134      86B417B9 
 134      AD
 135 0315 19B6AC55 		.ascii	"\031\266\254UYVG\236\226S\270\336n\225H-wea\236\206"
 135      5956479E 
 135      9653B8DE 
 135      6E95482D 
 135      7765619E 
 136 032a E0645B56 		.ascii	"\340d[V\246e\335\332\002{\276\3131\3372{\021\343.\226"
 136      A665DDDA 
 136      027BBECB 
 136      31DF327B 
 136      11E32E96 
 137 033e 906BCF75 		.ascii	"\220k\317u\27262Us\027\345\177\007\2038\302Q"
 137      BA363255 
 137      7317E57F 
 137      078338C2 
 137      51
 138              		.text
 139              		.section	.gnu.lto_SVC_Handler.768e13d2,"",%progbits
 140 0000 789C9D93 		.ascii	"x\234\235\223kh\024W\024\307\317\271\367fv\233\324\030"
 140      6B681457 
 140      14C7CFB9 
 140      F766769B 
 140      D418
 141 0012 EAB77CE8 		.ascii	"\352\267|\350.\204\342\027q\004\241\305b\021\011\024"
 141      2E84E217 
 141      7104A1C5 
 141      62110914 
 142 0022 FA6151B2 		.ascii	"\372aQ\262_\205\022\307m\263\232\270\313\354\256\244"
 142      5F8512C7 
 142      6DB39AB8 
 142      CBECAEA4 
 143 0032 9F9CDDC4 		.ascii	"\237\234\335\304l\005kC\342c-\210\025\214\257XM|\273"
 143      6C056B43 
 143      E2632D88 
 143      158CAF58 
 143      4D7CBB
ARM GAS  C:\Users\PETERL~1\AppData\Local\Temp\ccDYYgSX.s 			page 11


 144 0045 F1B1AD31 		.ascii	"\361\261\2551\211\266>J[\025\343c\232&i\325\330&\215"
 144      89B63E4A 
 144      5B15E363 
 144      9A2669D5 
 144      D8268D
 145 0058 AD2E3ED6 		.ascii	"\255.>\326{\356l\305\215A\241\013;s\347<\376\347\234"
 145      7BEE6CC5 
 145      8D41A10B 
 145      3B73E73C 
 145      FEE79C
 146 006b DFBD97C3 		.ascii	"\337\275\227\303\313\277r\371\217\011\200i\010\200\034"
 146      CBBF72F9 
 146      8F098069 
 146      08801C
 147 007a 90355F00 		.ascii	"\2205_\000\210\273\031\"-\000a%\303\225x\233\2151l\316"
 147      88BB1922 
 147      2D006125 
 147      C395789B 
 147      8D316CCE 
 148 008e B4A74AA6 		.ascii	"\264\247J\246\267Y\2265:p1\2760\203Y\0060\316\034\035"
 148      B7599635 
 148      3A7031BE 
 148      30835906 
 148      30CE1C1D 
 149 00a2 DC81D341 		.ascii	"\334\201\323A\006m\370\345\274\233\317EZ\036\333{\377"
 149      066DF8E5 
 149      BC9BCF45 
 149      5A1EDB7B 
 149      FF
 150 00b3 7CC91F2C 		.ascii	"|\311\037,\313\320K\237\351\226\276\224F\237L\320\347"
 150      CBD04B9F 
 150      E996BE94 
 150      469F4CD0 
 150      E7
 151 00c4 175706EC 		.ascii	"\027W\006\354\251\025[-+a\177\376\333\367oZ}V\243\235"
 151      A9155B2D 
 151      2B617FFE 
 151      DBF76F5A 
 151      7D56A39D 
 152 00d8 CB79B28C 		.ascii	"\313y\262\214\343N\344R\026wa9\356\306\362|\2432e\254"
 152      E34EE452 
 152      16776139 
 152      EEC6F27C 
 152      A33265AC 
 153 00ec F1C99512 		.ascii	"\361\311\225\022\255Q6P\206\355X\341\324\306=\250\311"
 153      AD513650 
 153      86ED58E1 
 153      D4C63DA8 
 153      C9
 154 00fd DE195964 		.ascii	"\336\031Yd\314\256\353\377dJ\371|\325\300\257\177\377"
 154      CCAEEBFF 
 154      644AF97C 
 154      D5C0AF7F 
 154      FF
 155 010e 750F5589 		.ascii	"u\017U\211\321\324\351\303\313Z\032\254m\315\211\321"
 155      D1D4E9C3 
 155      CB5A1AAC 
ARM GAS  C:\Users\PETERL~1\AppData\Local\Temp\ccDYYgSX.s 			page 12


 155      6DCD89D1 
 156 011e DC3C5944 		.ascii	"\334<YD\3407\223\025\301\275X\261\357\255\214\225\313"
 156      E0379315 
 156      C1BD58B1 
 156      EFAD8C95 
 156      CB
 157 012f 758D2593 		.ascii	"u\215%\223\372W\314%C\2440WO\001YV\244\251 \200AY\234"
 157      FA57CC25 
 157      43A43057 
 157      4F015956 
 157      A4A92080 
 158 0146 100D3146 		.ascii	"\020\0151Fo\336\217\361\201\316\246?\337-\350\323^5"
 158      6FDE8FF1 
 158      81CEA63F 
 158      DF2DE8D3 
 158      5E35
 159 0158 9C11AAC5 		.ascii	"\234\021\252\305q\206\023G \031\334\207\232,\333!\237"
 159      71861347 
 159      2019DC87 
 159      9A2CDB21 
 159      9F
 160 0169 72885528 		.ascii	"r\210U(CZ\217\177yj\252\247\0257[)o\226i\2245\362\360"
 160      435A8F7F 
 160      796AAAA7 
 160      15375B29 
 160      6F966994 
 161 0180 A76E9790 		.ascii	"\247n\227\220\005\261\023=\012\305\226\016+[\"-\270"
 161      05B1133D 
 161      0AC5960E 
 161      2B5B222D 
 161      B8
 162 0191 1FC50346 		.ascii	"\037\305\003F\022\007P\300eL\330\324\003\351\221<y\256"
 162      120750C0 
 162      654CD8D4 
 162      03E9913C 
 162      79AE
 163 01a3 61E26A72 		.ascii	"a\342jrc\252A\243.\0360F\266\313\310\024\266v\012a2"
 163      63AA41A3 
 163      2E1E3046 
 163      B6CBC814 
 163      B6760A61 
 164 01b8 A421D534 		.ascii	"\244!\3254\274\251\324\211\340\322\364\342\3561/\340"
 164      BCA9D489 
 164      E0D2F4E2 
 164      EE312FE0 
 165 01c8 4149A820 		.ascii	"AI\250 \211\223\356\315\344\323MyYA\246|\204L^\333\033"
 165      8993EECD 
 165      E4D34D79 
 165      5941A67C 
 165      844C5EDB 
 166 01dd 3F27F846 		.ascii	"?'\370FT3\337\370\2411\350l\364\323=\332\363m\026xh"
 166      5433DFF8 
 166      A131E86C 
 166      F4D33DDA 
 166      F36D1678 
 167 01f2 D21D384C 		.ascii	"\322\0358L\362\002\37211\320\331\363x\002\316\301O\311"
 167      F202FA31 
ARM GAS  C:\Users\PETERL~1\AppData\Local\Temp\ccDYYgSX.s 			page 13


 167      31D0D9F3 
 167      7802CEC1 
 167      4FC9
 168 0204 9F07CA26 		.ascii	"\237\007\312&\000\005<\242`\036\245\003\201\260\235"
 168      00053CA2 
 168      601EA503 
 168      81B09D
 169 0213 60DE1A79 		.ascii	"`\336\032y\330\312=\007\3630]\224\261\276\377Q\274X"
 169      D8CA3D07 
 169      F3305D94 
 169      B1BEFF51 
 169      BC58
 170 0225 C13CF61F 		.ascii	"\301<\366\037\314K\035\253\213\010f\232`\312\313\200"
 170      CC4B1DAB 
 170      8B08669A 
 170      60CACB80 
 171 0235 5D28A4FD 		.ascii	"](\244\375Bg\367~\227\347\310\213;aw\264\235A\225|\234"
 171      4267F77E 
 171      97E7C88B 
 171      3B6177B4 
 171      9D41957C 
 172 024a 92F18443 		.ascii	"\222\361\204C\275\214|\343\355\326:\316\273\234\241"
 172      BD8C7CE3 
 172      EDD63ACE 
 172      BB9CA1
 173 0259 EFFEBCB5 		.ascii	"\357\376\274\265\255\3309{\253{\207\015:{\326\363\263"
 173      ADD8397B 
 173      AB7B870D 
 173      3A7BD6F3 
 173      B3
 174 026a 7772D2C9 		.ascii	"wr\322\311O\251\003|k\360\342\217n\342N}d\244W\221h"
 174      4FA9037C 
 174      6BF0E28F 
 174      6EE24E7D 
 174      64A45791 
 175 027f 1A4A6985 		.ascii	"\032Ji\205(\272\227\3461\360B\014v\313\332\337]\200"
 175      28BA97E6 
 175      31F0420C 
 175      76CBDADF 
 175      5D80
 176 0291 DF924B14 		.ascii	"\337\222K\024\2722\351\267\251\010\340w\344,z\011\337"
 176      BA32E9B7 
 176      A908E077 
 176      E42C7A09 
 176      DF
 177 02a2 6985AFDB 		.ascii	"i\205\257\333\301\367\350\265\370\316\344\361m\273g"
 177      C1F7E8B5 
 177      F8CEE4F1 
 177      6DBB67
 178 02b1 A735C2D7 		.ascii	"\2475\302\327\203Bu\014\330\253\370\235K~\375\257\360"
 178      8342750C 
 178      D8ABF89D 
 178      4B7EFDAF 
 178      F0
 179 02c2 AC614EB6 		.ascii	"\254aN\266\233b/\215\364\244\337P\331}\212\337Y\311"
 179      9B622F8D 
 179      F4A4DF50 
ARM GAS  C:\Users\PETERL~1\AppData\Local\Temp\ccDYYgSX.s 			page 14


 179      D97D8ADF 
 179      59C9
 180 02d4 EF26C6ED 		.ascii	"\357&\306\355\241;n\232\2068\014\312\233\"/\224\214"
 180      A13B6E9A 
 180      86380CCA 
 180      9B222F94 
 180      8C
 181 02e5 9953F9FE 		.ascii	"\231S\371\376\242\312\232\340\342\240?\032[\022\014"
 181      A2CA9AE0 
 181      E2A03F1A 
 181      5B120C
 182 02f4 2D32681D 		.ascii	"-2h\035\212\314\236\245\207\"\272\031\325\303!3\032"
 182      8ACC9EA5 
 182      8722BA19 
 182      D5C32133 
 182      1A
 183 0305 D1E757F9 		.ascii	"\321\347W\371*}\365\272Qc\204\314\300\307+\336\253\233"
 183      2A7DF5BA 
 183      516384CC 
 183      C0C72BDE 
 183      AB9B
 184 0317 698030A2 		.ascii	"i\2000\242\365a\315\014Db\265\321\271\257R\011\324G"
 184      F561CD0C 
 184      4462B5D1 
 184      B9AF5209 
 184      D447
 185 0329 F54A9FFF 		.ascii	"\365J\237\377#\277\036\\n\324\306\226\004t\245b\324"
 185      23BF1E5C 
 185      6ED4C696 
 185      0474A562 
 185      D4
 186 033a 7D185B6E 		.ascii	"}\030[n\314\254\201)\276*\277\367\235Y3\274\341H\270"
 186      CCAC8129 
 186      BE2ABFF7 
 186      9D5933BC 
 186      E148B8
 187 034d 18F80726 		.ascii	"\030\370\007&\224FC\341\005\237,4C\206?Zm,\233\342\363"
 187      944643E1 
 187      059F2C34 
 187      43863F5A 
 187      6D2C9BE2 
 188 0362 57917386 		.ascii	"W\221s\206\214*\006f\002\217\204\241hEum,\360\177\333"
 188      8C2A0666 
 188      028F84A1 
 188      6845756D 
 188      2CF07FDB 
 189 0376 AF813212 		.ascii	"\257\2012\022]\\\035\011\204\315 \011\203\253.P\027"
 189      5D5C1D09 
 189      84CD2009 
 189      83AB2E50 
 189      17
 190 0387 323F8367 		.ascii	"2?\203g\354\177\337T"
 190      EC7FDF54 
 191              		.text
 192              		.section	.gnu.lto_.symbol_nodes.768e13d2,"",%progbits
 193 0000 789C6366 		.ascii	"x\234cf``(a\200\002\246w\214\365\014\014\023\31610\324"
 193      60602861 
ARM GAS  C:\Users\PETERL~1\AppData\Local\Temp\ccDYYgSX.s 			page 15


 193      8002A677 
 193      8CF50C0C 
 193      13CE3130 
 194 0015 D733CE5D 		.ascii	"\3273\316]\304\301\300\370\202\261\236\021\"\300\320"
 194      C4C1C0F8 
 194      82B19E11 
 194      22C0D0
 195 0024 D001E4BF 		.ascii	"\320\001\344\277d\254gB\3423=c\254g\206j`\230\267\000"
 195      64AC6742 
 195      E2333D63 
 195      AC67866A 
 195      6098B700 
 196 0038 28F094B1 		.ascii	"(\360\224\261\236\005Y\200\3619c=+LG\003\007\0033\003"
 196      9E055980 
 196      F139633D 
 196      2B4C4703 
 196      07033303 
 197 004c 2BC393B6 		.ascii	"+\303\223\2667\362\314\314\014\014\207V\2521\000\000"
 197      37F2CCCC 
 197      0C0C8756 
 197      AA310000 
 198 005c B1E420BC 		.ascii	"\261\344 \274"
 199              		.text
 200              		.section	.gnu.lto_.refs.768e13d2,"",%progbits
 201 0000 789C6366 		.ascii	"x\234cf``\340d\200\000&\006&F^&&>\006\000\001~\0001"
 201      6060E064 
 201      80002606 
 201      26465E26 
 201      263E0600 
 202              		.text
 203              		.section	.gnu.lto_.decls.768e13d2,"",%progbits
 204 0000 789CBD58 		.ascii	"x\234\275XiPTW\026\356\373n\323\320M\003)MLBM\325\240"
 204      69505457 
 204      16EEFB6E 
 204      D3D04D03 
 204      294D4C42 
 205 0017 3F289349 		.ascii	"?(\223I\224h2\223\244\246*\"\352HM92M\342LM\230\352"
 205      94683293 
 205      A4A62A22 
 205      EA484D39 
 205      324DE24C 
 206 002e 90A623D4 		.ascii	"\220\246#\324\260\331\335L\314\277\207\215\012*\202"
 206      B0D9DD4C 
 206      CCBF878D 
 206      0A2A82
 207 003d A8880BD0 		.ascii	"\250\210\013\320\012\312&;((\002\342\206\202\212\033"
 207      0ACA263B 
 207      282802E2 
 207      86828A1B 
 208 004d 68D81A35 		.ascii	"h\330\0325bD\004\025\027\\\3509\367\336\367z\26313S"
 208      62440415 
 208      175CE839 
 208      F7DEF77A 
 208      B3313353 
 209 0061 53F3AA4E 		.ascii	"S\363\252N\363\316\273\337\375\3169\367\234\273\201"
 209      F3CEBBDF 
 209      FDCE39F7 
ARM GAS  C:\Users\PETERL~1\AppData\Local\Temp\ccDYYgSX.s 			page 16


 209      9CBB81
 210 0070 25124932 		.ascii	"%\022I2\222H,\360\234\232&\221\334\300\022\211\024\276"
 210      92482CF0 
 210      9C9A2691 
 210      DCC01289 
 210      14BE
 211 0082 85486C8F 		.ascii	"\205Hl\217\014d?H9H%H5H-\310\021\311\253\017\301\371"
 211      0C643F48 
 211      39482548 
 211      35482DC8 
 211      11C9AB0F 
 212 0098 08FDBD41 		.ascii	"\010\375\275A\224 \307A\006@\246\203\324\201\014\201"
 212      9420C741 
 212      0640A683 
 212      D4810C81 
 213 00a8 F483B481 		.ascii	"\364\203\264\201,\005\271\0072\002r\030d\024\204\003"
 213      2C05B907 
 213      32027218 
 213      64148403 
 214 00b8 E905B966 		.ascii	"\351\005\271fg\373\021\3103\301\246\350\207\363C\374"
 214      67FB11C8 
 214      33C1A6E8 
 214      87F343FC 
 215 00c8 F2126C4F 		.ascii	"\362\022lOw\262OlX@\376\002\261.\003q\003\371+H\221"
 215      77B24F6C 
 215      5840FE02 
 215      B12E0371 
 215      03F92B48 
 216 00dd E01BBC4A 		.ascii	"\340\033\274J\202\341\307]\340\371\033\274\207\201\250"
 216      82E1C75D 
 216      E0F91BBC 
 216      8781A8
 217 00ec 11B31F0E 		.ascii	"\021\263\037\016\1775\350U\233d\034\344N\361\016\010"
 217      7F35E855 
 217      9B641CE4 
 217      4EF10E08 
 218 00fc 36A70BB1 		.ascii	"6\247\013\261\212\266\305\261\254\265\213G\344U\273"
 218      8AB6C5B1 
 218      ACB58B47 
 218      E455BB
 219 010b E0BECFA1 		.ascii	"\340\276\317\241\372\262\261\263\236\2679\344\255\360"
 219      FAB2B1B3 
 219      9EB739E4 
 219      ADF0
 220 0119 23EAA18C 		.ascii	"#\352\241\214\326,\031\250J\205\224\250\207\237_\277"
 220      D62C19A8 
 220      4A8594A8 
 220      879F5FBF 
 221 0129 2C7D7B2B 		.ascii	",}{+\017O\272\221\177C\212B\246\241\002\344\213\012"
 221      0F4FBA91 
 221      7F438A42 
 221      A6A102E4 
 221      8B0A
 222 013b 912F4454 		.ascii	"\221/DT\204\336\206\337\257\245\214\251\252\"\251G\216"
 222      84DE86DF 
 222      AFA58CA9 
 222      AA22A947 
ARM GAS  C:\Users\PETERL~1\AppData\Local\Temp\ccDYYgSX.s 			page 17


 222      8E
 223 014c 3944DEF3 		.ascii	"9D\336\363\262\006.+>(\206n\311|\263\031\333\314\355"
 223      B2062E2B 
 223      3E28866E 
 223      C97CB319 
 223      DBCCED
 224 015f DD53B105 		.ascii	"\335S\261\005\371\345\360\315\025\243mck\361\366t\323"
 224      F9E5F0CD 
 224      15A36D63 
 224      6BF1F674 
 224      D3
 225 0170 2A7EC262 		.ascii	"*~\302bA<G\330P1\302\250\004}@\300\344\235\366B\373"
 225      413C47D8 
 225      5031C2A8 
 225      047D40C0 
 225      E49DF642 
 226 0185 91DF2FBA 		.ascii	"\221\337/\272R\352\340\212\251b\337\240\007\376;u\345"
 226      52EAE08A 
 226      A962DFA0 
 226      07FE3B75 
 226      E5
 227 0196 E0B99A47 		.ascii	"\340\271\232G\304\242\231\037\035\312{<\177\2231=\237"
 227      C4A2991F 
 227      1DCA7B3C 
 227      7F93313D 
 227      9F
 228 01a7 375B2CBF 		.ascii	"7[,\277\246}P\231\235\3012\321`95\330\266#\363\004\207"
 228      A67D5099 
 228      9DC132D1 
 228      603935D8 
 228      B623F304 
 229 01bc 4B110BE8 		.ascii	"K\021\013\350\346p\237\222\262\230~,Y\343\327\3127["
 229      E6709F92 
 229      B2987E2C 
 229      59E3D7CA 
 229      375B
 230 01ce 2C5F5086 		.ascii	",_P\206\012;\206\012\221\241\2222\024\014\035*\226\343"
 230      0A3B860A 
 230      91A19232 
 230      140C1D2A 
 230      96E3
 231 01e0 A38C6167 		.ascii	"\243\214agjn\253\0270\230\204\310y!r\216\262T\331\261"
 231      6A6EAB17 
 231      309884C8 
 231      7921728E 
 231      B254D9B1 
 232 01f4 54892CD5 		.ascii	"T\211,\325\224%y\250\373\216\002_f,\346\362\242\255"
 232      942579A8 
 232      FB8E025F 
 232      662CE6F2 
 232      A2AD
 233 0206 EE94C534 		.ascii	"\356\224\3054Q\305\317K\342_X,\2302\324\3301\324\210"
 233      51C5CF4B 
 233      E25F582C 
 233      9832D4D8 
 233      31D488
 234 0219 0CB59461 		.ascii	"\014\265\224a[f\333.wl\246\014\322\233\343}O\334\221"
ARM GAS  C:\Users\PETERL~1\AppData\Local\Temp\ccDYYgSX.s 			page 18


 234      5B66DB2E 
 234      776CA60C 
 234      D29BE37D 
 234      4FDC91
 235 022c AFDCDF37 		.ascii	"\257\334\3377\213\367@uH.Y\313\363\253\370\321U\351"
 235      8BF74075 
 235      482E59CB 
 235      F3ABF8D1 
 235      55E9
 236 023e 6FAC90A0 		.ascii	"o\254\220\240\017|\321{\276\022T\217\374i\223\004\035"
 236      0F7CD17B 
 236      BE12548F 
 236      FC699304 
 236      1D
 237 024f 84213E04 		.ascii	"\204!>\004C\234Os9\217|E\007\220\230Q\362d\301wF\004"
 237      439C4F73 
 237      398F7C45 
 237      07909851 
 237      F264C177 
 238 0265 A62E356F 		.ascii	"\246.5o\264\270\331g\211\340mi:\354\220\246\363\365"
 238      B4B8D967 
 238      89E06D69 
 238      3AEC90A6 
 238      F3F5
 239 0277 39A39EF8 		.ascii	"9\243\236\370\026\213\254\240\253\273\327\207\345)9"
 239      168BACA0 
 239      ABBBD787 
 239      E52939
 240 0286 A54C9955 		.ascii	"\245L\231U\305\267\320\350\020\"\275P\203]x\015bxGh"
 240      C5B7D0E8 
 240      1022BD50 
 240      835D780D 
 240      62784768 
 241 029a 784D8D4F 		.ascii	"xM\215OO*p%\253\274\015\311\346\323\012|\210)\211\373"
 241      4F2A7025 
 241      ABBC0DC9 
 241      E6D30A7C 
 241      882989FB 
 242 02ae 0E6F7087 		.ascii	"\016op\207j\236\256\240\366\372w\216\347\313\251J\026"
 242      6A9EAEA0 
 242      F6FA778E 
 242      E7CBA94A 
 242      16
 243 02bf 231FF8C4 		.ascii	"#\037\370\304\265\336\342\363\274\221\277\202\2047\232"
 243      B5DEE2F3 
 243      BC91BF82 
 243      84379A
 244 02ce 5A727DB1 		.ascii	"Zr}\261\021b<\206\024\250\311j\217\366&O2\031'\210J"
 244      11623C86 
 244      14A8C96A 
 244      8FF6264F 
 244      32192788 
 245 02e3 DEEA2DB1 		.ascii	"\336\352-\261\306\204Z`\250\246+(\0265\303\307\243\360"
 245      C6845A60 
 245      A8A62B28 
 245      1635C3C7 
 245      A3F0
ARM GAS  C:\Users\PETERL~1\AppData\Local\Temp\ccDYYgSX.s 			page 19


 246 02f5 11884FBC 		.ascii	"\021\210O\274hLrC\012\177\327\235N\270\350D]\350I\315"
 246      684C7243 
 246      0A7FD79D 
 246      4EB8E844 
 246      5DE849CD 
 247 0309 98C6F352 		.ascii	"\230\306\363Rt\034\\h\264\271\000\0361\037H\003\231"
 247      741C5C68 
 247      B4B9001E 
 247      311F4803 
 247      99
 248 031a 0CED45E5 		.ascii	"\014\355E\345\034\235\265<g?\213\225l\026g\346<\353"
 248      1C9DB53C 
 248      673F8B95 
 248      6C1667E6 
 248      3CEB
 249 032c 92E16429 		.ascii	"\222\341d)\035\204\213\017\352yw\274\205*\\\352\205"
 249      1D848B0F 
 249      EA7977BC 
 249      852A5CEA 
 249      85
 250 033d FE0929F2 		.ascii	"\376\011)\362WRcG*k\274syH^\033R\242\3236kK\225\314"
 250      57526347 
 250      2A6BBC73 
 250      79485E1B 
 250      52A2D336 
 251 0355 D83A9BEF 		.ascii	"\330:\233\357\366\263\015\235\001\357\227*\0054X\310"
 251      F6B30D9D 
 251      01EF972A 
 251      053458C8 
 252 0365 CDC82FE3 		.ascii	"\315\310/\343\360%fn\264\356\376\2007\356dJ_\325\205"
 252      F025666E 
 252      B4EEFE80 
 252      37EE644A 
 252      5FD585
 253 0378 133EF81A 		.ascii	"\023>\370\032S\362\267f\356w\243Nz\320\365\242q{\267"
 253      53F2B766 
 253      EE77A34E 
 253      7AD0F5A2 
 253      717BB7
 254 038b 27EE616D 		.ascii	"'\356am//\216[\274p?S\332\256?}\250\244\3007\210\332"
 254      2F2F8E5B 
 254      BC703F53 
 254      DAAE3F7D 
 254      A8A4C037 
 255 03a1 BD7BECB1 		.ascii	"\275{\354\2617\276\301\332\322\332j[<\360\035\246l\177"
 255      37BEC1DA 
 255      D2DA6A5B 
 255      3CF01DA6 
 255      6C7F
 256 03b3 D27ED287 		.ascii	"\322~\322\207\002\337!j\326\335\366T\214\207i\233b\""
 256      02DF216A 
 256      D6DDF654 
 256      8C87699B 
 256      6222
 257 03c5 3B6F9B07 		.ascii	";o\233\007\232\301\036\377\2513L\020\314\350\320\261"
 257      9AC11EFF 
 257      A9334C10 
ARM GAS  C:\Users\PETERL~1\AppData\Local\Temp\ccDYYgSX.s 			page 20


 257      CCE8D0B1 
 258 03d5 7BC11946 		.ascii	"{\301\031F>\377\035\032\362\005\010\271\037M\265\005"
 258      3EFF1D1A 
 258      F20508B9 
 258      1F4DB505 
 259 03e5 769116E9 		.ascii	"v\221\026\351\373\360#!pSy\201\2545\200B\317:Cg\022"
 259      FBF02321 
 259      70537981 
 259      AC358042 
 259      CF3A4367 
 260 03fa 6401B242 		.ascii	"d\001\262B\033\254\320\313\316\320+N\254\207\255\320"
 260      1BACD0CB 
 260      CED02B4E 
 260      AC87ADD0 
 261 040a 4BAE1DB0 		.ascii	"K\256\035\260\243\255\263b\3179c\317;\321\226Y\241\355"
 261      A3ADB362 
 261      CF3963CF 
 261      3BD19659 
 261      A1ED
 262 041c 2E9DB521 		.ascii	".\235\265!\217X\221\235\256}e\016\220\0321\227\256\225"
 262      8F58919D 
 262      AE7D650E 
 262      901A3197 
 262      AE95
 263 042e F1886024 		.ascii	"\361\210`$\342\364c\317&:\305y~\236A\202NB\357S\244"
 263      E2F463CF 
 263      263AC579 
 263      7E9E4182 
 263      4E42EF53 
 264 0443 77AB4007 		.ascii	"w\253@\007H\324\007E\322\203f\240\253 \335 f\220.\220"
 264      48D40745 
 264      D28366A0 
 264      AB20DD20 
 264      66902E90 
 265 0457 1F41AE81 		.ascii	"\037A\256\201\364\242\031\224\210xd\256/8\243\344\005"
 265      F4A21994 
 265      887864AE 
 265      2F38A3E4 
 265      05
 266 0468 9F3A5C07 		.ascii	"\237:\\\007\312|\202,\337\352\037\314\224)\355k\323"
 266      CA7C822C 
 266      DFEA1FCC 
 266      9429ED6B 
 266      D3
 267 0479 1E2D4103 		.ascii	"\036-A\003\210\226/\371\013\350\326\222\354o\360\003"
 267      88962FF9 
 267      0BE8D692 
 267      EC6FF003 
 268 0489 5A12D21B 		.ascii	"Z\022\322\033\273*\016\370 \177__\205\270\232\335\202"
 268      BB2A0EF8 
 268      207F5F5F 
 268      85B89ADD 
 268      82
 269 049a 6976FD95 		.ascii	"iv\375\225\325\354\351\027\244AB\326G\362\227N\341\321"
 269      D5ECE917 
 269      A44142D6 
 269      47F2974E 
ARM GAS  C:\Users\PETERL~1\AppData\Local\Temp\ccDYYgSX.s 			page 21


 269      E1D1
 270 04ac 0C1EBF63 		.ascii	"\014\036\277c]\037o@p\244I\202~\002\2737\351\224\267"
 270      5D1F6F40 
 270      70A44982 
 270      7E02BB37 
 270      E994B7
 271 04bf 56A337AB 		.ascii	"V\2437\253\306\215e\371\017Yqb\242\356\350\372i\014"
 271      C68D65F9 
 271      0F597162 
 271      A2EEE8FA 
 271      690C
 272 04d1 5395CED8 		.ascii	"S\225\316\330\252\316n\037E\262\260N\222 \224\012\273"
 272      AACE6E1F 
 272      45B2B04E 
 272      9220940A 
 272      BB
 273 04e2 18EE50EE 		.ascii	"\030\356P\356\231\276\350gF]|f\313\015\267)\351\302"
 273      99BEE867 
 273      465D7C66 
 273      CB0DB729 
 273      E9C2
 274 04f4 98FB21EA 		.ascii	"\230\373!\352\370 \300oS\370\020\232\"v\242\212\335"
 274      F820C06F 
 274      53F8109A 
 274      2276A28A 
 274      DD
 275 0505 1CF26673 		.ascii	"\034\362fsh\335\372J\213\373\344\366\206E{\357Qs9\267"
 275      68DDFA4A 
 275      8BFBE4F6 
 275      86457BEF 
 275      517339B7 
 276 0519 3377C805 		.ascii	"3w\310\005s&\321\334]\304\334\221\240{\324\33403w\217"
 276      7326D1DC 
 276      5DC4DC91 
 276      A07BD4DC 
 276      3033778F 
 277 052d 9A6BD95C 		.ascii	"\232k\331\\[\354\351\220\024\262h\333\014\214\010I\031"
 277      5BECE990 
 277      14B268DB 
 277      0C8C0849 
 277      19
 278 053e A149E9CB 		.ascii	"\241I\351\313j^'u@\227:\240G\005\364(E\217\017\235\037"
 278      6A5E2775 
 278      40973AA0 
 278      4705F428 
 278      458F0F9D 
 279 0553 56D8EF29 		.ascii	"V\330\357)dq\264\201\357;\354)\3337\276hw\307O\330\372"
 279      6471B481 
 279      EF3BEC29 
 279      DB37BE68 
 279      77C74FD8 
 280 0568 B0FBE76B 		.ascii	"\260\373\347ki\012\234\350F\225\341S\023\325nRN\202"
 280      690A9CE8 
 280      4695E153 
 280      13D56E52 
 280      4E82
 281 057a 1ED284C3 		.ascii	"\036\322\204\303\227#\373\362:=\331a$\267\326\374\333"
ARM GAS  C:\Users\PETERL~1\AppData\Local\Temp\ccDYYgSX.s 			page 22


 281      9723FBF2 
 281      3A3DD961 
 281      24B7D6FC 
 281      DB
 282 058b 97557C33 		.ascii	"\227U|3\333r\022\223\246\023Z\364@\\\023\321\030\222"
 282      DB721293 
 282      A6135AF4 
 282      405C13D1 
 282      1892
 283 059d 4A88CA16 		.ascii	"J\210\312\026\341Glc.\255h\220\003!]\224\211\003d\255"
 283      E1476C63 
 283      2EAD6890 
 283      03215D94 
 283      890364AD 
 284 05b1 AA9EB8E7 		.ascii	"\252\236\270\3473\351)\345\011u\3651\022|\335|\200/"
 284      33E929E5 
 284      0975F531 
 284      127CDD7C 
 284      802F
 285 05c3 F0C0ED93 		.ascii	"\360\300\355\223\271\3674ul@I\3353\217\224\366\301\374"
 285      B9F73475 
 285      6C4049DD 
 285      338F94F6 
 285      C1FC
 286 05d5 20878E26 		.ascii	" \207\216&~\272\224\360\240\247V\337\306\211oOE\337"
 286      7EBA94F0 
 286      A0A756DF 
 286      C6896F4F 
 286      45DF
 287 05e7 9E51DF12 		.ascii	"\236Q\337\022\233K/\271\323\364\177J\250\236\344\231"
 287      9B4B2FB9 
 287      D3F47F4A 
 287      A89EE499 
 288 05f7 87102D3E 		.ascii	"\207\020->w\242f\254\256\253\363\246\252\214.\314\371"
 288      77A266AC 
 288      AEABF3A6 
 288      AA8C2ECC 
 288      F9
 289 0608 A3995E93 		.ascii	"\243\231^\223\027\307\204X\034/Y1\016\033\207Je\316"
 289      17C78458 
 289      1C2F5931 
 289      0E1B874A 
 289      65CE
 290 061a C5F81CE0 		.ascii	"\305\370\034\340/(\334B\253c\202U\207\205VGC_\312\035"
 290      2F28DC42 
 290      AB638255 
 290      87855647 
 290      435FCA1D 
 291 062e 39F5C64C 		.ascii	"9\365\306L\227\3763\226\315\211l'\330@c\257\032L]\343"
 291      97FE3396 
 291      CD896C27 
 291      D84063AF 
 291      1A4C5DE3 
 292 0642 833BD940 		.ascii	"\203;\331@\2543\236.V\020o\214\340M\362/\357\233$\221"
 292      AC339E2E 
 292      56106F8C 
 292      E04DF22F 
ARM GAS  C:\Users\PETERL~1\AppData\Local\Temp\ccDYYgSX.s 			page 23


 292      EF9B2491 
 293 0656 E7CB5A7C 		.ascii	"\347\313Z|p\2770\220-\371+\305\356\377\306\266K\346"
 293      70BF3090 
 293      2DF92BC5 
 293      EEFFC6B6 
 293      4BE6
 294 0668 CA587385 		.ascii	"\312Xs\205\034\377\304\272?\032i\351\205\015\206)5\355"
 294      1CFFC4BA 
 294      3F1A69E9 
 294      850D8629 
 294      35ED
 295 067a C646191E 		.ascii	"\306F\031\036\021\224\224\332\2632\374H\3602s\313I\204"
 295      119494DA 
 295      B332FC48 
 295      F03273CB 
 295      4984
 296 068c C7DD1CCE 		.ascii	"\307\335\034\316\031\323\3309cc\333\216\243\230\252"
 296      19D3D839 
 296      6363DB8E 
 296      A398AA
 297 069b 16DABCED 		.ascii	"\026\332\274\355\302\325\203R\374R\350\330]\004\005"
 297      C2D58352 
 297      FC52E8D8 
 297      5D0405
 298 06aa BA5A46B7 		.ascii	"\272ZF\267\343\214\033c{\221xJp\\b\3229\177 `\276\256"
 298      E38C1B63 
 298      7B91784A 
 298      705C62D2 
 298      397F2060 
 299 06c0 E77CD106 		.ascii	"\347|\321\006N8\"\244\226\244\375\212\034\021\3228\005"
 299      4E3822A4 
 299      96A4FD8A 
 299      1C11D238 
 299      05
 300 06d1 DAC85937 		.ascii	"\332\310Y7\355i\012\361\220\315\231\273\366\376\331"
 300      ED690AF1 
 300      90CD99BB 
 300      F6FED9
 301 06e0 3569C664 		.ascii	"5i\306d\244=\251mo\021\322M@\232j#\005\033\326\243{"
 301      A43DA96D 
 301      6F11D24D 
 301      409A6A23 
 301      051BD6A3 
 302 06f5 E786C46D 		.ascii	"\347\206\304m\230\015\354/\223\002\276\242\251$\205"
 302      980DEC2F 
 302      9302BEA2 
 302      A92485
 303 0704 25FD1B5A 		.ascii	"%\375\033Z\202\253GS\0244\347J\242\016\246\027\226\263"
 303      82AB4753 
 303      1434E74A 
 303      A20EA617 
 303      96B3
 304 0716 3DDE93DE 		.ascii	"=\336\223\336;\356\347\274\256\004\267qB\011f2\356\354"
 304      3BEEE7BC 
 304      AE04B771 
 304      42096632 
 304      EEEC
ARM GAS  C:\Users\PETERL~1\AppData\Local\Temp\ccDYYgSX.s 			page 24


 305 0728 8EAE9D5E 		.ascii	"\216\256\235^\366%H\374\336\002\266\267r\004\236\305"
 305      F62548FC 
 305      DE02B6B7 
 305      72049EC5 
 306 0738 4D113B11 		.ascii	"M\021;\021t\343\363\276\213\236\366\350\315\257C7\215"
 306      74E3F3BE 
 306      8B9EF6E8 
 306      CDAF4337 
 306      8D
 307 0749 3DB078E2 		.ascii	"=\260x\3424\232 \324q\362\030\034R63%\2317\226*\360"
 307      349A20D4 
 307      71F2181C 
 307      52363325 
 307      9937962A 
 308 075e 76A6145E 		.ascii	"v\246\024^?\227\341E\003\230I\217=7\207vz\341\034\326"
 308      3F97E145 
 308      0398498F 
 308      3D378776 
 308      7AE11CD6 
 309 0772 76674FE1 		.ascii	"vgO\341U%\316cJ\377\223\376\026w\012\014 \352\321U\331"
 309      5525CE63 
 309      4AFF93FE 
 309      16770A0C 
 309      20EAD155 
 310 0787 073C7121 		.ascii	"\007<q!k\033\274\2331\"\305eL\021\347\254\222\315\331"
 310      6B1BBC9B 
 310      3122C565 
 310      4C11E7AC 
 310      92CDD9
 311 079a DC077BD6 		.ascii	"\334\007{\326x\340j\326V\225\267\367\000\033\314y\024"
 311      78E06AD6 
 311      5695B7F7 
 311      001BCC79 
 311      14
 312 07ab 9ABDD78C 		.ascii	"\232\275\327\214m\013\264\201\256@{!\"\266W\356\343"
 312      6D0BB481 
 312      AE407B21 
 312      22B657EE 
 312      E3
 313 07bc 6C0B34A0 		.ascii	"l\0134\240Oo\316\036\224\331\243\215\334k\320\365-]"
 313      4F6FCE1E 
 313      94D9A38D 
 313      DC6BD0F5 
 313      2D5D
 314 07ce 139E     		.ascii	"\023\236"
 315 07d0 B8CED1AE 		.ascii	"\270\316\321\256\222\331}a\344\253\345\270\201\265\325"
 315      92D97D61 
 315      E4ABE5B8 
 315      81B5D5
 316 07df 57A68FB3 		.ascii	"W\246\217\263Ud1Q[\222\371\335J\334\314\332\2666\354"
 316      55643151 
 316      5B92F9DD 
 316      4ADCCCDA 
 316      B636EC
 317 07f2 CA60FEF2 		.ascii	"\312`\376\362l\264v\367\264\343\311\363[&\346\3676\233"
 317      6CB476F7 
 317      B4E3C9F3 
ARM GAS  C:\Users\PETERL~1\AppData\Local\Temp\ccDYYgSX.s 			page 25


 317      5B26E6F7 
 317      369B
 318 0804 91D9431D 		.ascii	"\221\331C\035\305>\266\214\261\370J\301cv@*\247\036"
 318      C53EB68C 
 318      B1F84AC1 
 318      6376402A 
 318      A71E
 319 0816 9789195B 		.ascii	"\227\211\031[7^\331\204\355\321$\276I\321#U\205;\225"
 319      375ED984 
 319      EDD124BE 
 319      49D12355 
 319      853B95
 320 0829 F8B89080 		.ascii	"\370\270\220\200\306\273<Gc\010!\352\361\013\335%2\352"
 320      C6BB3C47 
 320      630821EA 
 320      F10BDD25 
 320      32EA
 321 083b B68985D1 		.ascii	"\266\211\205\321V\327\313\212\366M\272\015\337\254\274"
 321      56D7CB8A 
 321      F64DBA0D 
 321      DFACBC
 322 084a ED317914 		.ascii	"\3551y\024\265b\024\205,\212C{j\"\234\203\250\006\267"
 322      B5621485 
 322      2C8A437B 
 322      6A229C83 
 322      A806B7
 323 085d 6A68D91D 		.ascii	"jh\331\035\240n\325\212n=~^2\370J\020\223\242\357v\036"
 323      A06ED58A 
 323      6E3D7E5E 
 323      32F84A10 
 323      93A2EF76 
 324 0872 5BAFC4A7 		.ascii	"[\257\304\247Y\020\342LS\262\231\226\1775m\027\306\347"
 324      5910E24C 
 324      53B29996 
 324      7F356D17 
 324      C6E7
 325 0884 585BEEC6 		.ascii	"X[\356\306\252qv\241\217'\352\232mIg\245\370*k\253i"
 325      AA7176A1 
 325      8F27EA9A 
 325      6D4967A5 
 325      F82A6BAB 
 326 0899 AA7EC0E6 		.ascii	"\252~\300\346`2\321\337.\353\277Uc=2\333?S\341\004m"
 326      6032D1DF 
 326      2EEBBF55 
 326      633D32DB 
 326      3F53E104 
 327 08ae E2938CA3 		.ascii	"\342\223\214\243\215\207\033f\027\221m\022\243\325\340"
 327      8D871B66 
 327      17916D12 
 327      A3D5E0
 328 08bd DE3A5829 		.ascii	"\336:X).p\223\236_\223\214\246{%\344\250I\260)\256\261"
 328      2E70939E 
 328      5F938CA6 
 328      7B25E4A8 
 328      49B029AE 
 329 08d2 EF5BA11B 		.ascii	"\357[\241\033KEh\2033\364\010\347\010\275ke]\353\014"
 329      4B456883 
ARM GAS  C:\Users\PETERL~1\AppData\Local\Temp\ccDYYgSX.s 			page 26


 329      33F408E7 
 329      08BD6B65 
 329      5DEB0C
 330 08e5 7538156F 		.ascii	"u8\025oI4%\177\010\310\002n\012*\024\220b\335\243\""
 330      4934257F 
 330      08C8026E 
 330      0A2A1490 
 330      62DDA322 
 331 08f9 27528B95 		.ascii	"'R\213\2254\337\2314\217\263\017k\213\321\264\216\372"
 331      34DF9934 
 331      8FB30F6B 
 331      8BD1B48E 
 331      FA
 332 090a 4A32B4DF 		.ascii	"J2\264\337\031[\342\200MJ4=\375MV\000\332\016\036\354"
 332      195BE280 
 332      4D4A343D 
 332      FD4D5600 
 332      DA0E1EEC 
 333 091e 10A0E2CA 		.ascii	"\020\240\342\312\343x1\000\326;%\"k\2223\353LGd\212"
 333      E3783100 
 333      D63B2522 
 333      6B9233EB 
 333      4C47648A 
 334 0932 D57EB16B 		.ascii	"\325~\261k\373\266\260&\254a\355q\035\226\015:d\205"
 334      FBB6B026 
 334      AC61ED71 
 334      1D960D3A 
 334      6485
 335 0944 AE7169DF 		.ascii	"\256qi\337.\257\317\254\320]\316\320l{V\2367\245\222"
 335      2EAFCFAC 
 335      D05DCED0 
 335      6C7B569E 
 335      37A592
 336 0957 0C40F9A2 		.ascii	"\014@\371\242C\002R,jt\330qX\023M\033\010\364 @\353"
 336      4302522C 
 336      6A74D871 
 336      58134D1B 
 336      08F42040 
 337 096c 9CA1F54E 		.ascii	"\234\241\365N\256\016[\355'\273\256\000;_\237[\2619"
 337      AE0E5BED 
 337      27BBAE00 
 337      3B5F9F5B 
 337      B139
 338 097e AE7DB5C3 		.ascii	"\256}\265\303\276\264bw;cM\316\330\027Vl\256k,u\327"
 338      BEB46277 
 338      3B634DCE 
 338      D817566C 
 338      AE6B2C75 
 339 0993 FEA2C443 		.ascii	"\376\242\304C8\211\264\211\240\311-\3512\354\235'\271"
 339      3889B489 
 339      A0C92DE9 
 339      32EC9D27 
 339      B9
 340 09a4 19E834C8 		.ascii	"\031\3504\310Q\220\263 M \215 '@.\201\234\0019\007\322"
 340      5190B320 
 340      4D208D20 
 340      27402E81 
ARM GAS  C:\Users\PETERL~1\AppData\Local\Temp\ccDYYgSX.s 			page 27


 340      9C013907 
 341 09b9 01721EA4 		.ascii	"\001r\036\244\025\344\030H\013\310)\220\343 \027A\332"
 341      15E41848 
 341      0BC82990 
 341      E3201741 
 341      DA
 342 09ca 41DA409A 		.ascii	"A\332@\2329\361f\005C\272\236\014i\005\014i\245\340"
 342      39F16605 
 342      43BA9E0C 
 342      69050C69 
 342      A5E0
 343 09dc A3B82EA2 		.ascii	"\243\270.\242*\247!\035\267\206\263\3239\234S\316\267"
 343      2AA7211D 
 343      B786B3D3 
 343      399C53CE 
 343      B7
 344 09ed C2DB25E4 		.ascii	"\302\333%\344V\010\030\247[!\034>\222\256e\233d\310"
 344      560818A7 
 344      5B211C3E 
 344      92AE659B 
 344      64C8
 345 09ff 7F2AC5A5 		.ascii	"\177*\305\245\305x\240N`Ze;R\220N\257\334 \305\201A"
 345      C578A04E 
 345      605A653B 
 345      52904EAF 
 345      DC20C581 
 346 0a14 57603CFE 		.ascii	"W`<\376\037c\003\253_\312\226+5\216W\226N\316\376\036"
 346      1F6303AB 
 346      5FCA962B 
 346      358E5796 
 346      4ECEFE1E 
 347 0a28 D9C5B14B 		.ascii	"\331\305\261K\010\374uye)r\270\262\\\025\320W)z\340"
 347      08FC7579 
 347      652972B8 
 347      B25C15D0 
 347      57297AE0 
 348 0a3c F2950E05 		.ascii	"\362\225\016\005\316rg\377\367(.\356U\260k\306P\336"
 348      CE7267FF 
 348      F7282EEE 
 348      55B06BC6 
 348      50DE
 349 0a4e 3D0DF9FF 		.ascii	"=\015\371\377\003\375\017\244\311\203^{\256q\266\377"
 349      03FD0FA4 
 349      C9835E7B 
 349      AE71B6FF 
 350 0a5e 6CC13B3B 		.ascii	"l\301;;\305\377\310\221S\374\315\313\367y\005.a4\373"
 350      C5FFC891 
 350      53FCCDCB 
 350      F779052E 
 350      6134FB
 351 0a71 861B6ECB 		.ascii	"\206\033n\313)\215\351\005L\177\3412@)\272\355(\272"
 351      298DE905 
 351      4C7FE132 
 351      4029BAED 
 351      28BA
 352 0a83 458A1E4A 		.ascii	"E\212\036J1aN\343\345\270\326}\222;\206qs\363\030\022"
 352      31614EE3 
ARM GAS  C:\Users\PETERL~1\AppData\Local\Temp\ccDYYgSX.s 			page 28


 352      E5B8D67D 
 352      923B8671 
 352      73F31812 
 353 0a97 AF40A645 		.ascii	"\257@\246E\233\312\327\260k\006\312mNg\367\214^\221"
 353      9BCAD7B0 
 353      6B06CA6D 
 353      4E67F78C 
 353      5E91
 354 0aa9 1BF57170 		.ascii	"\033\365qp\317\350\025\351\373)\375\266\363\247\247"
 354      CFE815E9 
 354      FB29FDB6 
 354      F3A7A7
 355 0ab8 E0638CDD 		.ascii	"\340c\214\335\324s\361\217B\230\306\207\257\204i\266"
 355      D473F18F 
 355      4298C687 
 355      AF8469B6 
 356 0ac8 F3D12C92 		.ascii	"\363\321,\222\014P\222\234\216\336\237aSb,\023\306\216"
 356      0C50929C 
 356      8EDE9F61 
 356      53622C13 
 356      C68E
 357 0ada 7E3716E6 		.ascii	"~7\026\346\216r\3070\257\333Q\\\027)np~\222w\325\361"
 357      8E72C730 
 357      AFDB515C 
 357      17296E70 
 357      7E9277D5 
 358 0aef 713A833A 		.ascii	"q:\203:J\267B\255\215\217\212\216[\236\240\235\025\037"
 358      4AB742AD 
 358      8D8F8A8E 
 358      5B9EA09D 
 358      151F
 359 0b01 AE33CC0A 		.ascii	"\2563\314\012\220\375\341O_\371\005I>\013\372<,(2\352"
 359      90FDE14F 
 359      5FF90549 
 359      3E0BFA3C 
 359      2C2832EA 
 360 0b15 DBA85043 		.ascii	"\333\250PCBDT\\\230\206\274\307\351\347\006\314\216"
 360      4244545C 
 360      9886BCC7 
 360      E9E706CC 
 360      8E
 361 0b26 D3CFD619 		.ascii	"\323\317\326\031f\223\356\372\331\201\252%AKV\316\326"
 361      6693EEFA 
 361      D981AA25 
 361      414B56CE 
 361      D6
 362 0b37 446AE274 		.ascii	"Dj\342tZ\365?\177\0273K#y\213Q\353\277\2172h\"\325\337"
 362      5AF53F7F 
 362      17334B23 
 362      798B51EB 
 362      BF8F3268 
 363 0b4e E9E262D4 		.ascii	"\351\342b\324Qz\335\177\313\027)\231\312\370\264+\243"
 363      517ADD7F 
 363      CB172999 
 363      CAF8B42B 
 363      A3
 364 0b5f 0C56B629 		.ascii	"\014V\266)\257\272\357\031\272,H\2758<6\"Z\253sS\317"
ARM GAS  C:\Users\PETERL~1\AppData\Local\Temp\ccDYYgSX.s 			page 29


 364      AFBAEF19 
 364      BA2C48BD 
 364      383C3622 
 364      5AAB7353 
 365 0b74 8F8B8B7E 		.ascii	"\217\213\213~W\023\031\252\211\014\326\207\350\264\332"
 365      571319AA 
 365      890CD687 
 365      E8B4DA
 366 0b83 98784354 		.ascii	"\230xCT\\\254J\273\"!J\247\215\010\370\005g\242b5\321"
 366      5CAC4ABB 
 366      22214AA7 
 366      8D08F805 
 366      67A26235 
 367 0b98 09115AF0 		.ascii	"\011\021Z\360C\257\211\214\000\037<\022\242b\015s\347"
 367      43AF898C 
 367      001F3C12 
 367      A2620D73 
 367      E7
 368 0ba9 A80D0AB5 		.ascii	"\250\015\012\265Z|\375N\3639\353\250g$\0060\251\017"
 368      5A7CFD4E 
 368      F339EBA8 
 368      67240630 
 368      A90F
 369 0bbb 5B1E9BE0 		.ascii	"[\036\233\340G\337\374\302u1~\332\230o\265\021\021\332"
 369      47DFFCC2 
 369      75317EDA 
 369      986FB511 
 369      11DA
 370 0bcd 88B08F67 		.ascii	"\210\260\217g}\3467'\340\243OV\314\015\203\357\037\306"
 370      7DE63727 
 370      E0A34F56 
 370      CC0D83EF 
 370      1FC6
 371 0bdf C6C56A3F 		.ascii	"\306\305j?\324\206\177\033\025&\230\012\213\011\007"
 371      D4867F1B 
 371      1526980A 
 371      8B0907
 372 0bee AE586D98 		.ascii	"\256Xm\230:B\373]xB\264Am\370!^\253\007\323_\377O\315"
 372      3A42FB5D 
 372      7842B441 
 372      6DF8215E 
 372      AB07D35F 
 373 0c05 E87FD087 		.ascii	"\350\177\320\207\251\365\206\010\210\001\270=\205\221"
 373      A9F58608 
 373      8801B83D 
 373      8591
 374 0c13 35680C2B 		.ascii	"5h\014+=t\332\345\320Gm\370\344?\317\024Pq\272\000N"
 374      3D74DAE5 
 374      D0476DF8 
 374      E43FCF14 
 374      5071BA00 
 375 0c28 F711A79B 		.ascii	"\367\021\247\233\303\351\346b\335Gsd\321:\265!2\202"
 375      C3E9E662 
 375      DD477364 
 375      D13AB521 
 375      3282
 376 0c3a 8BD74857 		.ascii	"\213\327HW\306\353uRMd\270N\256V/\327\032\324!\241!"
ARM GAS  C:\Users\PETERL~1\AppData\Local\Temp\ccDYYgSX.s 			page 30


 376      C6EB7552 
 376      4D64B84E 
 376      AE562FD7 
 376      1AD421A1 
 377 0c4f 5EE1D1DF 		.ascii	"^\341\321\337\207\377\240WG\305FC\320\277\177\235E\360"
 377      87FFA057 
 377      47C54643 
 377      D0BF7F9D 
 377      45F0
 378 0c61 6E76D092 		.ascii	"nv\320\222\320\340P[VHmhb\026%\304j\3000\220\352\031"
 378      D0E0505B 
 378      56486D68 
 378      621625C4 
 378      6AC03090 
 379 0c77 A94768D0 		.ascii	"\251Gh\320|\365\2270lnA!_\005/\220\006\007\205\252\244"
 379      7CF59730 
 379      6C6E4121 
 379      5F052F90 
 379      060785AA 
 380 0c8c CBBE5CAA 		.ascii	"\313\276\\\252r\013\014V\005\251p(HP\220\312\235$\360"
 380      720B0C56 
 380      05A97028 
 380      485090CA 
 380      9D24F0
 381 0c9f 53B541CE 		.ascii	"S\265A\316R\011o8tq\210[\350b\002\017Z\004?\213\311"
 381      52096F38 
 381      7471885B 
 381      E862020F 
 381      5A043F8B 
 382 0cb4 CF02F871 		.ascii	"\317\002\370q[\262dQ\240J:\237\374\004\202\216C\026"
 382      5BB26451 
 382      A04A3A9F 
 382      FC04828E 
 382      4316
 383 0cc6 A9F00290 		.ascii	"\251\360\002\220\300\005*)\264\251\244\301\241\201*"
 383      C0052A29 
 383      B4A9A4C1 
 383      A1812A
 384 0cd5 B96A61E8 		.ascii	"\271ja\350B\325\262\205\013\002\300p`\220\352\265\245"
 384      42D5B285 
 384      0B02C070 
 384      6090EAB5 
 384      A5
 385 0ce6 3E69381F 		.ascii	">i8\037C,Sh>\242\3434\377\260V\272\334\372\311\213\005"
 385      432C5368 
 385      3EA2E334 
 385      FFB056BA 
 385      DCFAC98B 
 386 0cfb 3A3F3074 		.ascii	":?0ta\210*\370M\372=!\326\001\354i\367\361_\217|\037"
 386      61882AF8 
 386      4DFA3D21 
 386      D601EC69 
 386      F7F15F8F 
 387 0d11 FC       		.ascii	"\374"
 388              		.text
 389              		.section	.gnu.lto_.symtab.768e13d2,"",%progbits
 390 0000 5F706F72 		.ascii	"_port_irq_epilogue\000\000\000\000\000\000\000\000\000"
ARM GAS  C:\Users\PETERL~1\AppData\Local\Temp\ccDYYgSX.s 			page 31


 390      745F6972 
 390      715F6570 
 390      696C6F67 
 390      75650000 
 391 001b 000000B3 		.ascii	"\000\000\000\263\000\000\000SVC_Handler\000\000\000"
 391      00000053 
 391      56435F48 
 391      616E646C 
 391      65720000 
 392 0030 00000000 		.ascii	"\000\000\000\000\000\000\000\000\000\265\000\000\000"
 392      00000000 
 392      00B50000 
 392      00
 393 003d 5F706F72 		.ascii	"_port_switch_from_isr\000\000\002\000\000\000\000\000"
 393      745F7377 
 393      69746368 
 393      5F66726F 
 393      6D5F6973 
 394 005a 00000000 		.ascii	"\000\000\000\000\257\000\000\000_port_exit_from_isr"
 394      AF000000 
 394      5F706F72 
 394      745F6578 
 394      69745F66 
 395 0075 00000200 		.ascii	"\000\000\002\000\000\000\000\000\000\000\000\000\261"
 395      00000000 
 395      00000000 
 395      B1
 396 0082 00000063 		.ascii	"\000\000\000chSchIsPreemptionRequired\000\000\002\000"
 396      68536368 
 396      49735072 
 396      65656D70 
 396      74696F6E 
 397 00a2 00000000 		.ascii	"\000\000\000\000\000\000\000\000\275\000\000\000"
 397      00000000 
 397      BD000000 
 398              		.text
 399              		.section	.gnu.lto_.opts,"",%progbits
 400 0000 272D666E 		.ascii	"'-fno-trapv' '-mcpu=cortex-m4' '-mno-thumb-interwor"
 400      6F2D7472 
 400      61707627 
 400      20272D6D 
 400      6370753D 
 401 0033 6B272027 		.ascii	"k' '-mthumb' '-ggdb' '-O2' '-fomit-frame-pointer' '"
 401      2D6D7468 
 401      756D6227 
 401      20272D67 
 401      67646227 
 402 0066 2D66616C 		.ascii	"-falign-functions=16' '-ffunction-sections' '-fdata"
 402      69676E2D 
 402      66756E63 
 402      74696F6E 
 402      733D3136 
 403 0099 2D736563 		.ascii	"-sections' '-fno-common' '-flto'\000"
 403      74696F6E 
 403      73272027 
 403      2D666E6F 
 403      2D636F6D 
ARM GAS  C:\Users\PETERL~1\AppData\Local\Temp\ccDYYgSX.s 			page 32


 404              		.text
 405              		.comm	__gnu_lto_v1,1,1
 406              		.comm	__gnu_lto_slim,1,1
 407              		.ident	"GCC: (GNU Tools for ARM Embedded Processors) 4.9.3 20150529 (release) [ARM/embedded-4_9-br
ARM GAS  C:\Users\PETERL~1\AppData\Local\Temp\ccDYYgSX.s 			page 33


DEFINED SYMBOLS
                            *ABS*:00000000 chcore_v7m.c
                            *COM*:00000001 __gnu_lto_v1
                            *COM*:00000001 __gnu_lto_slim

NO UNDEFINED SYMBOLS
