ARM GAS  C:\Users\PETERL~1\AppData\Local\Temp\ccgnzXDP.s 			page 1


   1              		.syntax unified
   2              		.cpu cortex-m4
   3              		.fpu softvfp
   4              		.eabi_attribute 20, 1
   5              		.eabi_attribute 21, 1
   6              		.eabi_attribute 23, 3
   7              		.eabi_attribute 24, 1
   8              		.eabi_attribute 25, 1
   9              		.eabi_attribute 26, 1
  10              		.eabi_attribute 30, 2
  11              		.eabi_attribute 34, 1
  12              		.eabi_attribute 18, 4
  13              		.thumb
  14              		.file	"chstats.c"
  15              		.text
  16              	.Ltext0:
  17              		.section	.gnu.lto_.profile.768e321d,"",%progbits
  18 0000 789C6366 		.ascii	"x\234cf```a\200\000F\206\0249\000\001Z\000\213"
  18      60606061 
  18      80004686 
  18      14390001 
  18      5A008B
  19              		.text
  20              		.section	.gnu.lto_.jmpfuncs.768e321d,"",%progbits
  21 0000 789C95D1 		.ascii	"x\234\225\3219\016\3020\020\005P\377q  n\300\035r\001"
  21      390EC230 
  21      100550FF 
  21      7120206E 
  21      C01D7201 
  22 0014 EE16C588 		.ascii	"\356\026\305\210\002\204\340\016\251\330\367\035\321"
  22      0284E00E 
  22      A9D8F71D 
  22      D1
  23 0021 D0222E41 		.ascii	"\320\".A\231\226\024H\021b\2318\320\305\205G\262\\\374"
  23      99961448 
  23      11629938 
  23      D0C58547 
  23      B25CFC
  24 0034 F1D38C2C 		.ascii	"\361\323\214,E~\325(\273]>\240;!\351^\337eo\254\224"
  24      457ED528 
  24      BB5D3EA0 
  24      3B21E95E 
  24      DF656FAC 
  25 0049 2A25245E 		.ascii	"*%$^$b\335\301I\373\322lT\376\011\320\207\027\023\262"
  25      2462DDC1 
  25      49FBD26C 
  25      54FE09D0 
  25      871713B2 
  26 005d 280CA387 		.ascii	"(\014\243\207\364\237\252\225F\204\001<\326\206\360"
  26      F49FAA95 
  26      4684013C 
  26      D686F0
  27 006c 2DC9514A 		.ascii	"-\311QJR.9\326\344\004>p\373\374\012\334V\357\235:n"
  27      522E39D6 
  27      E4043E70 
  27      FBFC0ADC 
  27      56EF9D3A 
ARM GAS  C:\Users\PETERL~1\AppData\Local\Temp\ccgnzXDP.s 			page 2


  28 0081 4409498E 		.ascii	"D\011I\216\247\250\362k\311\222\014\002r\316\216\340"
  28      A7A8F26B 
  28      C9920C02 
  28      72CE8EE0 
  29 0091 F9D28BCB 		.ascii	"\371\322\213\313\261\335of\036f\256\207Y\360~\005[u"
  29      B1DD6F66 
  29      1E66AE87 
  29      59F07E05 
  29      5B75
  30 00a3 6956575A 		.ascii	"iVWZ]\263Z\264U7\346\277\330ju\307\252k\253\356\315"
  30      5DB35AB4 
  30      5537E6BF 
  30      D86A75C7 
  30      AA6BABEE 
  31 00b8 EA41AB47 		.ascii	"\352A\253GV\305\027\205\374\273\333"
  31      56C51785 
  31      FCBBDB
  32              		.text
  33              		.section	.gnu.lto_.inline.768e321d,"",%progbits
  34 0000 789C6366 		.ascii	"x\234cf\300\016v@iv\006\006N)F\006&\226\005\362\014"
  34      C00E7640 
  34      69760606 
  34      4E294606 
  34      269605F2 
  35 0015 6C0BE499 		.ascii	"l\013\344\231@bL\334\014\014\2140\222\201\215\025H\262"
  35      40624CDC 
  35      0C0C8C30 
  35      92818D15 
  35      48B2
  36 0027 7DD0834B 		.ascii	"}\320\203K33p\01222122\200\344\321\244x\200\002\023"
  36      3333700A 
  36      32323132 
  36      3280E4D1 
  36      A4788002 
  37 003c FC26F8B1 		.ascii	"\374&\370\2610\260\362\20243\240\031\312\212C\234\015"
  37      30B0F282 
  37      3433A019 
  37      CA8A439C 
  37      0D
  38 004d 87383B0E 		.ascii	"\2078;\016q\006\000B\211\014%"
  38      71060042 
  38      890C25
  39              		.text
  40              		.section	.gnu.lto_.pureconst.768e321d,"",%progbits
  41 0000 789C6366 		.ascii	"x\234cf``\340g\200\000v\006\011&\011f\011\026\011V\011"
  41      6060E067 
  41      80007606 
  41      09260966 
  41      09160956 
  42 0015 36097609 		.ascii	"6\011v\011\000\007`\000\335"
  42      00076000 
  42      DD
  43              		.text
  44              		.section	.gnu.lto__stats_init.768e321d,"",%progbits
  45 0000 789C95D2 		.ascii	"x\234\225\322\277K\033a\030\007\360\367\373\\rIq\221"
  45      BF4B1B61 
  45      1807F0F7 
ARM GAS  C:\Users\PETERL~1\AppData\Local\Temp\ccgnzXDP.s 			page 3


  45      FB5C7249 
  45      7191
  46 0012 8EFE0342 		.ascii	"\216\376\003B\341\274B7\327\200\203S\241k\026\215\203"
  46      E1BC4237 
  46      D7808353 
  46      A16B168D 
  46      83
  47 0023 9902B938 		.ascii	"\231\002\2718\206\334\225\014\035J\265CK\213\326E\374"
  47      86DC950C 
  47      1D4AB543 
  47      4B8BD645 
  47      FC
  48 0034 19AB26FE 		.ascii	"\031\253&\376\326\232^!t\222\206\326\241PD\241X\320"
  48      D69A5E21 
  48      749286D6 
  48      A15044A1 
  48      58D0
  49 0046 2DEA7448 		.ascii	"-\352tH\222>\317\035.\3768\360\340x\337{\277\317=\317"
  49      923ECF1D 
  49      2EFE38F0 
  49      E078DF7B 
  49      BFCF3DCF 
  50 005a 87E33475 		.ascii	"\207\3434u\373\352\342\273MJ\231\274BS\240\261\037J"
  50      FBEAE2BB 
  50      4D4A99BC 
  50      4253A0B1 
  50      1F4A
  51 006c 39710264 		.ascii	"9q\002d\243\240\012\204\002\316\350\2340\346\226>tt"
  51      A3A00A84 
  51      02CEE89C 
  51      30E6963E 
  51      7474
  52 007e 4FDBB6DD 		.ascii	"O\333\266\335\370[w\236\273\360\370\275K\012\372`\026"
  52      F85B779E 
  52      BBF0F8BD 
  52      4B0AFA60 
  52      16
  53 008f DD8A8BCE 		.ascii	"\335\212\213\316\213\315\337\035z\221\213:\203\014s"
  53      8BCDDF1D 
  53      7A918B3A 
  53      830C73
  54 009e D0C1EBF2 		.ascii	"\320\301\353\362c\327n\267\247&\366\313\021]\251\023"
  54      63D76EB7 
  54      A726F6CB 
  54      115DA913 
  55 00ae 8E64C03F 		.ascii	"\216d\300?\"Y\265?x\331X\251\275\215I5w\231<x\263D\371"
  55      2259B53F 
  55      78D958A9 
  55      BD8D4935 
  55      77993C78 
  56 00c5 2BFB951D 		.ascii	"+\373\225\035\367\010M\351\303\247\307'\365\237\361"
  56      F7084DE9 
  56      C3A7C727 
  56      F59FF1
  57 00d4 53E213FF 		.ascii	"S\342\023\377q\316)N\340\023\306\035[\252\010\363\310"
  57      71CE294E 
  57      E013C61D 
ARM GAS  C:\Users\PETERL~1\AppData\Local\Temp\ccgnzXDP.s 			page 4


  57      5BAA08F3 
  57      C8
  58 00e5 63015D7E 		.ascii	"c\001]~\326Z\034\255\350F\211\031n\324#\015%.\274\360"
  58      D65A1CAD 
  58      E8468919 
  58      6ED4230D 
  58      252EBCF0 
  59 00f9 A91CEE7D 		.ascii	"\251\034\356}\375\325\212\004\341\023\217\"X\204q!="
  59      FDD58A04 
  59      E1138F22 
  59      58847121 
  59      3D
  60 010a 153EC3E0 		.ascii	"\025>\303\340\334\231\331}\035\2239Q>Z\342\216\242k"
  60      DC99D97D 
  60      1D933951 
  60      3E5AE28E 
  60      A26B
  61 011c D4BE85EB 		.ascii	"\324\276\205\353nr\226C8+a\234\262p\374OW\201\341\317"
  61      6E729643 
  61      382B619C 
  61      B270FC4F 
  61      5781E1CF 
  62 0130 3F44D17D 		.ascii	"?D\321}\367\0352^\335\234\257_\012\035\253\310\337\212"
  62      F71D325E 
  62      DD9CAF5F 
  62      0A1DABC8 
  62      DF8A
  63 0142 EEA5ADDD 		.ascii	"\356\245\255\335M3\204\266~\017\255\337\243\0306\204"
  63      4D3384B6 
  63      7E0FADDF 
  63      A3183684 
  64 0152 A605D941 		.ascii	"\246\005\331A\263:\032\365G\271\232Gql2V\200\330B\336"
  64      B33A1AF5 
  64      47B99A47 
  64      716C3256 
  64      80D842DE 
  65 0166 A3473EFA 		.ascii	"\243G>\372\275\036f\336~\210y'\304\274\033f\376\"\346"
  65      BD1E66DE 
  65      7E887927 
  65      C4BC1B66 
  65      FE22E6
  66 0179 C8DDE6BD 		.ascii	"\310\335\346\275ks50\037\301q?\366\371GJ~R\310\317\311"
  66      6B733530 
  66      1FC1713F 
  66      F6F9474A 
  66      7E52C8CF 
  67 018e 8D8D446F 		.ascii	"\215\215Do21\234\036L\277\310\215\014\2453\311\224\354"
  67      32319C1E 
  67      4CBFC88D 
  67      0CA533C9 
  67      94EC
  68 01a0 33D6B3A7 		.ascii	"3\326\263\247f\3062\2639\323\312\246\314\324\260\225"
  68      66C632B3 
  68      39D3CAA6 
  68      CCD4B095 
  69 01b0 1BC8593D 		.ascii	"\033\310Y=)\365\037\205\310$\272"
  69      29F51F85 
ARM GAS  C:\Users\PETERL~1\AppData\Local\Temp\ccgnzXDP.s 			page 5


  69      C824BA
  70              		.text
  71              		.section	.gnu.lto__stats_increase_irq.768e321d,"",%progbits
  72 0000 789C7D90 		.ascii	"x\234}\220\313K\002Q\024\306\3179\343\210\340\242h%"
  72      CB4B0251 
  72      14C6CF39 
  72      E388E0A2 
  72      6825
  73 0012 FE034230 		.ascii	"\376\003B0M\320\256\255\320?\320\326MM\013]\011\316"
  73      4DD0AEAD 
  73      D03FD0D6 
  73      4D4D0B5D 
  73      09CE
  74 0024 B41467D2 		.ascii	"\264\024g\322\242U\211\253\350\005\321\313\322\324\024"
  74      A25589AB 
  74      E805D1CB 
  74      D2D414
  75 0033 8216D12C 		.ascii	"\202\026\321,Z\366\300Z\004.jcP\273\264E\014\241v\256"
  75      5AF6C05A 
  75      042E6A63 
  75      50BBB445 
  75      0CA176AE 
  76 0047 032D8ABC 		.ascii	"\003-\212\274p\237\337w\316\367\343J\360w\004yV\020"
  76      709FDF77 
  76      CEF7E34A 
  76      F0770479 
  76      5610
  77 0059 40E51D25 		.ascii	"@\345\035%@\312\336\002X>B\024\007@H\021\246\360\215"
  77      40CADE02 
  77      583E4214 
  77      07404811 
  77      A6F08D
  78 006c 5A8459BB 		.ascii	"Z\204Y\273\260\346\017\355\233\246\371\236\253\005\026"
  78      B0E60FED 
  78      9BA6F99E 
  78      AB0516
  79 007b 030E017C 		.ascii	"\003\016\001|\220\333\006\0171\004\354ie:\217~o\206"
  79      90DB060F 
  79      3104EC69 
  79      653A8F7E 
  79      6F86
  80 008d 3DC3AE86 		.ascii	"=\303\256\206y\364r{(\217\330f\257\267\273w]\363\310"
  80      79F4727B 
  80      288FD866 
  80      AFB7BB77 
  80      5DF3C8
  81 00a0 040E7116 		.ascii	"\004\016q\026/\000M6\211\244\027\"\261K\015\\8k\335"
  81      2F004D36 
  81      89A41722 
  81      B14B0D5C 
  81      386BDD
  82 00b3 ECC8A2EE 		.ascii	"\354\310\242\356\223D\354\366\303J\211\222_\346\262"
  82      9344ECF6 
  82      C34A8992 
  82      5FE6B2
  83 00c2 E973883A 		.ascii	"\351s\210:\242)\277>7\357\352\276W\342\227\3765oe6q"
  83      A229BF3E 
ARM GAS  C:\Users\PETERL~1\AppData\Local\Temp\ccgnzXDP.s 			page 6


  83      37EFEABE 
  83      57E297FE 
  83      356F6536 
  84 00d7 0B372C53 		.ascii	"\0137,S\270$<\302$\036c\260\257u\213\253U\257R`&[v\310"
  84      B8243CC2 
  84      241E63B0 
  84      AF758BAB 
  84      55AF5260 
  85 00ef 830536B6 		.ascii	"\203\0056\266\373\334,^\\\336w=\2568\352\220\214ET\332"
  85      FBDC2C5E 
  85      5CDE773D 
  85      AE38EA90 
  85      8C4554DA 
  86 0103 820BF004 		.ascii	"\202\013\360\004\025h`:\267t%\2710\222\313S_?H\017\211"
  86      1568603A 
  86      B77425B9 
  86      3092CB53 
  86      5F3F480F 
  87 0118 6419014B 		.ascii	"d\031\001K\234\301\3109\024\226\177a\177\323\225\007"
  87      9CC1C839 
  87      14967F61 
  87      7FD39507 
  88 0128 D05506D1 		.ascii	"\320U\006\321\235\376\320UQa\"xB\313>\237\022\341\242"
  88      9DFED055 
  88      51612278 
  88      42CB3E9F 
  88      12E1A2
  89 013b A2C91A7F 		.ascii	"\242\311\032\177\"W+\341\311H8\032\233\215M\033\363"
  89      22572BE1 
  89      C948381A 
  89      9B8D4D1B 
  89      F3
  90 014c 73B17844 		.ascii	"s\261xD\023\347\270>1\256\306u5a\250zBS\265\250n\314"
  90      13E7B83E 
  90      31AEC675 
  90      3561A87A 
  90      4253B5A8 
  91 0162 18FA9806 		.ascii	"\030\372\230\006\337\020\223\247\342"
  91      DF1093A7 
  91      E2
  92              		.text
  93              		.section	.gnu.lto__stats_ctxswc.768e321d,"",%progbits
  94 0000 789C7D52 		.ascii	"x\234}RAH\024a\024\376\277\367\357\316\216n\262\321"
  94      41481461 
  94      14FEBFF7 
  94      EFCE8E6E 
  94      B2D1
  95 0012 493C7511 		.ascii	"I<u\021\241\330V(\010\272\024\010\335\243\253\004\265"
  95      A1D85628 
  95      08BA1408 
  95      DDA3AB04 
  95      B5
  96 0023 1DF4D28A 		.ascii	"\035\364\322\212;\035\305Y\2652\210\222\015B6+B,kMS"
  96      3B1DC559 
  96      B5328892 
  96      0D42362B 
  96      422C6B4D 
ARM GAS  C:\Users\PETERL~1\AppData\Local\Temp\ccgnzXDP.s 			page 7


  97 0038 5B4D4D1D 		.ascii	"[MM\035:\325!\303<Hbu10\"hU\262A\\{o\306\"\314v`\346"
  97      3AD521C3 
  97      3C486275 
  97      31302268 
  97      55B2415C 
  98 0054 7F6FFEEF 		.ascii	"\177o\376\357}\337\367\336\377k\365\357S\301\357)\255"
  98      7DDFF7DE 
  98      FF6BF5EF 
  98      53C1EF29 
  98      AD
  99 0065 D4515EA1 		.ascii	"\324Q^\241\025\250cF\251\224I\200\004\012\252\231\320"
  99      15A86346 
  99      A9944980 
  99      040AAA99 
  99      D0
 100 0076 8C2F9427 		.ascii	"\214/\224't8\331\316pU\217m\333\337_\346\312/\225\273"
 100      7438D9CE 
 100      70558F6D 
 100      DBDF5FE6 
 100      CA2F95BB 
 101 008a A4D42AF9 		.ascii	"\244\324*\3714x\210*\206\014;\033_\003\272\032\212\343"
 101      3478882A 
 101      860C3B1B 
 101      5F03BA1A 
 101      8AE3
 102 009c B1FEB537 		.ascii	"\261\376\2657\341er\011\373%\035O\277\3524$\245\200"
 102      E1657209 
 102      FB251D4F 
 102      BFEA3424 
 102      A580
 103 00ae A4335787 		.ascii	"\2443W\207\267\314\312n\333nq\246\206\354\023\001\227"
 103      B7CCCA6E 
 103      DB6E71A6 
 103      86EC1301 
 103      97
 104 00bf 347AA199 		.ascii	"4z\241\231\017\217P\201\307\250P\374K!\213JF/L\364d"
 104      0F8F5081 
 104      C7A850FC 
 104      4B218B4A 
 104      462F4CF4 
 105 00d4 4C7DC4E3 		.ascii	"L}\304\343\275\265<=\025\361+?\374\256\354\333\245\362"
 105      BDB53C3D 
 105      15F12B3F 
 105      FCAEECDB 
 105      A5F2
 106 00e6 092A059E 		.ascii	"\011*\005\236o\333\234\017\033m\354z\257\357\026\375"
 106      6FDB9C0F 
 106      1B6DEC7A 
 106      AFEF16FD 
 107 00f6 30C0EBC0 		.ascii	"0\300\353\300>\307\336\332\352\316]\033\015\224\022"
 107      3EC7DEDA 
 107      EACE5D1B 
 107      0D9412
 108 0105 9704B47C 		.ascii	"\227\004\264|\202\220B\203\303`\010\242nJ\250\324\022"
 108      82904283 
 108      C36008A2 
 108      6E4AA8D4 
ARM GAS  C:\Users\PETERL~1\AppData\Local\Temp\ccgnzXDP.s 			page 8


 108      12
 109 0116 97CA443E 		.ascii	"\227\312D>\023\311\252\027\320228\177?(l\353$\343\271"
 109      13C9AA17 
 109      D0323238 
 109      7F3F286C 
 109      EB24E3B9 
 110 012a 3B77BD9F 		.ascii	";w\275\237\2326\354v\333t\311\330\024)\376\373i\351"
 110      9A36EC76 
 110      DB74C9D8 
 110      1429FEFB 
 110      69E9
 111 013c EDAC296D 		.ascii	"\355\254)m\033^\332\233j\353\302\035\334N\331\202\012"
 111      1B5EDA9B 
 111      6AEBC21D 
 111      DC4ED982 
 111      0A
 112 014d 61004D78 		.ascii	"a\000Mx\312\216e\257\320wc\310\210f\331\251\023t\311"
 112      CA8E65AF 
 112      D07763C8 
 112      8866D9A9 
 112      1374C9
 113 0160 C4200357 		.ascii	"\304 \003W\274\371\362\346\344\364\273B\300\337<\340"
 113      BCF9F2E6 
 113      E4F4BB42 
 113      C0DF3CE0 
 114 0170 52098610 		.ascii	"R\011\206\020]!i\003\303\210\252\005\264\246//j\337"
 114      5D216903 
 114      C388AA05 
 114      B4A62F2F 
 114      6ADF
 115 0182 8CF6FDCC 		.ascii	"\214\366\375\314f\036\264FD\271\004\012\317X\203-\247"
 115      661EB446 
 115      44B9040A 
 115      CF58832D 
 115      A7
 116 0193 2190FF9A 		.ascii	"!\220\377\232\335\351.W\304\335H1w\243\177\334=G\224"
 116      DDE92E57 
 116      C4DD4831 
 116      77A37FDC 
 116      3D4794
 117 01a6 1D89F68F 		.ascii	"\035\211\366\217+\205\214\341;4\376\036\214\366\030"
 117      2B858CE1 
 117      3B34FE1E 
 117      8CF618
 118 01b5 723FEF7D 		.ascii	"r?\357}+\363\245\235\343.\225\256S\020c\333\322]k7\337"
 118      2BF3A59D 
 118      E32E95AE 
 118      531063DB 
 118      D25D6B37 
 119 01ca 47A2075D 		.ascii	"G\242\007]\012c\334S\335\266;\322\367z\256\214\233\340"
 119      0A63DC53 
 119      DDB63BD2 
 119      F77AAE8C 
 119      9BE0
 120 01dc 12CD8784 		.ascii	"\022\315\207\204\011\236\204\302\0134yr!_\313\334A~"
 120      099E84C2 
 120      0B347972 
ARM GAS  C:\Users\PETERL~1\AppData\Local\Temp\ccgnzXDP.s 			page 9


 120      215FCBDC 
 120      417E
 121 01ee C6230FED 		.ascii	"\306#\017\355F>Y\214|\312#\237f\362Ex\247\256v\216q"
 121      463E598C 
 121      7CCA239F 
 121      66F24578 
 121      A7AE768E 
 122 0203 CFAAB40C 		.ascii	"\317\252\264\014\207!\334\"+\273T\246>\"\345\344Ozx"
 122      8721DC22 
 122      2BBB54A6 
 122      3E22E5E4 
 122      4F7A78
 123 0216 25B70872 		.ascii	"%\267\010r{X\"Zs\254\266\246\256\376\\\375i\353\342"
 123      7B58225A 
 123      73ACB6A6 
 123      AEFE5CFD 
 123      69EBE2
 124 0229 F9FA446D 		.ascii	"\371\372Dm\\\342D\362pu,\221\2145Z\261dc<\026\257KZ"
 124      5CE244F2 
 124      70752C91 
 124      8C355AB1 
 124      64633C16 
 125 0240 67ADE4A1 		.ascii	"g\255\344\241\270\322\027\254\006\235\260\032~\001C"
 125      B8D217AC 
 125      069DB01A 
 125      7E0143
 126 024f 8C3B86   		.ascii	"\214;\206"
 127              		.text
 128              		.section	.gnu.lto__stats_start_measure_crit_thd.768e321d,"",%progbits
 129 0000 789C658F 		.ascii	"x\234e\217=K\303P\024\206\317{\322\306B\027q*\375\003"
 129      3D4BC350 
 129      1486CF7B 
 129      D2C64217 
 129      712AFD03 
 130 0014 4E31829B 		.ascii	"N1\202\233\272u\360\0078\011]4\016\355Th\342\030z\003"
 130      BA75F007 
 130      38095D34 
 130      0EED5468 
 130      E2187A03 
 131 0028 111CC4D6 		.ascii	"\021\034\304\326M\360c\021\261\332/p\021\0075\223\243"
 131      4DF06311 
 131      B1DA2F70 
 131      11073593 
 131      A3
 132 0039 623BB888 		.ascii	"b;\270\210.\025t\263\355\024\244\255\367\246c/\\\316"
 132      2E1574B3 
 132      ED14A4AD 
 132      F7A6632F 
 132      5CCE
 133 004b C7F3F29E 		.ascii	"\307\363\362\236s4\232~i\371W@d\312\010\215\300\225"
 133      73349A7E 
 133      69F95740 
 133      64CA088D 
 133      C095
 134 005d 67222FC1 		.ascii	"g\"/\301\200J\010Tb\224\360\303=F%\250\035%\347/\204"
 134      804A0854 
 134      6294F0C3 
ARM GAS  C:\Users\PETERL~1\AppData\Local\Temp\ccgnzXDP.s 			page 10


 134      3D4625A8 
 134      1D25E72F 
 135 0072 10BFEDDB 		.ascii	"\020\277\355\333\324n*d\242\001Olp\211y\222\232\236"
 135      D46E2A64 
 135      A2014F6C 
 135      70897992 
 135      9A9E
 136 0084 3F7C4BEA 		.ascii	"?|K\352\276\324\314N\030\252\320\245=\265\346\0021\036"
 136      BED4CC4E 
 136      18AAD0A5 
 136      3DB5E602 
 136      311E
 137 0096 9F37F6EF 		.ascii	"\2377\366\357b\032QW\"\345\377\305\254\242\366\016?"
 137      621A5157 
 137      22E5FFC5 
 137      ACA2F60E 
 137      3F
 138 00a7 183F4189 		.ascii	"\030?A\211\225\313Y\347\240\311\356\237\330\023\211"
 138      95CB59E7 
 138      A0C9EE9F 
 138      D81389
 139 00b6 90316069 		.ascii	"\2201`i\200+\270S\210\207j\204\354~v_^\023\337,;QY\365"
 139      802BB853 
 139      88876A84 
 139      EC7E765F 
 139      5E13DF2C 
 140 00ce FC139CE2 		.ascii	"\374\023\234\342\330\023J\245\341\032.jHGlT/\337\350"
 140      D8134AA5 
 140      E11A2E6A 
 140      48476C54 
 140      2FDFE8
 141 00e1 464D6E18 		.ascii	"FMn\030\254\206\034C]\012\373\321\025\022\336?\266G"
 141      AC861C43 
 141      5D0AFBD1 
 141      1512DE3F 
 141      B647
 142 00f3 B109DC08 		.ascii	"\261\011\334\0109\216\006\214\276\232\256Xg\370P\216"
 142      398E068C 
 142      BE9AAE58 
 142      67F8508E 
 143 0103 4793032D 		.ascii	"G\223\003-d\035M\030\321\276h\301\015y\206>\340\005"
 143      641D4D18 
 143      D1BE68C1 
 143      0D79863E 
 143      E005
 144 0115 876B518B 		.ascii	"\207kQ\213\324\205P\227Ic#\263\234\315\344\362[\371"
 144      D4855097 
 144      496323B3 
 144      9CCDE4F2 
 144      5BF9
 145 0127 7567673B 		.ascii	"ugg;_\310Z*/\330K\213f\3016\213\216i\027-\323\312\331"
 145      5FC85A2A 
 145      2FD84B8B 
 145      66C1368B 
 145      8E69172D 
 146 013e CEA6632F 		.ascii	"\316\246c/X\364\017\010\353\202\323"
 146      58F40F08 
ARM GAS  C:\Users\PETERL~1\AppData\Local\Temp\ccgnzXDP.s 			page 11


 146      EB82D3
 147              		.text
 148              		.section	.gnu.lto__stats_stop_measure_crit_thd.768e321d,"",%progbits
 149 0000 789C658F 		.ascii	"x\234e\217=O\302P\024\206\317{\012\225\204\3058\021"
 149      3D4FC250 
 149      1486CF7B 
 149      0A9584C5 
 149      3811
 150 0012 FE8053AD 		.ascii	"\376\200S\255\211\233\214\014\376\000\027\007\026\255"
 150      899B8C0C 
 150      FE001707 
 150      16AD
 151 0020 034C24B4 		.ascii	"\003L$\264\216\015\267IM\034\2140\232\3705\031Q\020"
 151      8E0DB749 
 151      4D1C8C30 
 151      9AF83519 
 151      5110
 152 0032 A29B316A 		.ascii	"\242\2331j77\2150\270\030\035\304D7\201\2511\200\367"
 152      37378D30 
 152      B8181DC4 
 152      443781A9 
 152      3180F7
 153 0045 96919BDC 		.ascii	"\226\221\233\334\234\217\347\315{\316\321h\372\245\345"
 153      9C8FE7CD 
 153      7BCED168 
 153      FAA5E5
 154 0054 CF80C894 		.ascii	"\317\200\310\224\021\032\201\253OD^\202\001\225\020"
 154      111A81AB 
 154      4F445E82 
 154      019510
 155 0063 A8CC28E3 		.ascii	"\250\314(\343\207{\214jP\337O\316\237\012!~\3337\251"
 155      877B8C6A 
 155      50DF4FCE 
 155      9F0A217E 
 155      DB37A9
 156 0076 ED54C844 		.ascii	"\355T\310D\003\236\330\340\014\363$5=\177\370\232\324"
 156      039ED8E0 
 156      0CF32435 
 156      3D7FF89A 
 156      D4
 157 0087 7DA9999D 		.ascii	"}\251\231\2350\324\240K{j\315\005b<\376l\354\336\306"
 157      30D4A04B 
 157      7B6ACD05 
 157      623CFE6C 
 157      ECDEC6
 158 009a 34A2AE44 		.ascii	"4\242\256D\312\377\213YE\355\015~p\362\010%V.\307\235"
 158      CAFF8B59 
 158      45ED0D7E 
 158      70F20825 
 158      562EC79D 
 159 00ae BD26BB7F 		.ascii	"\275&\273\177bG$B\306\200\245\001\316\341N!\036\252"
 159      62472442 
 159      C680A501 
 159      CEE14E21 
 159      1EAA
 160 00c0 11B2FBD1 		.ascii	"\021\262\373\321}~I|\263\354De\315\363\017q\204\003"
 160      7D7E497C 
ARM GAS  C:\Users\PETERL~1\AppData\Local\Temp\ccgnzXDP.s 			page 12


 160      B3EC4465 
 160      CDF30F71 
 160      8403
 161 00d2 4F289586 		.ascii	"O(\225\206\013\270\250#\035\261Q\243r\255\033u\271a"
 161      0BB8A823 
 161      1DB151A3 
 161      72AD1B75 
 161      B961
 162 00e4 90093986 		.ascii	"\220\0119\206\206\024\366\243+$\274{h\217b\023\270\026"
 162      8614F6A3 
 162      2B24BC7B 
 162      688F6213 
 162      B816
 163 00f6 721C9730 		.ascii	"r\034\2270\372j\272b\235\341}%\036M\016\264\220u4aD"
 163      FA6ABA62 
 163      9DE17D25 
 163      1E4D0EB4 
 163      90753461 
 164 010b FBA20537 		.ascii	"\373\242\0057\344\031z\207\027\\\255D-R\027B]&\215\215"
 164      E4197A87 
 164      175CAD44 
 164      2D521742 
 164      5D268D8D 
 165 011f EC722E9B 		.ascii	"\354r.\233/l\024V\235\255\315B1g\251\274h/-\232E\333"
 165      2F6C1456 
 165      9DADCD42 
 165      3167A9BC 
 165      682F2D9A 
 166 0135 2C39A65D 		.ascii	",9\246]\262L+o;\353\216\275`\321?\373%\202\325"
 166      B24C2B6F 
 166      3BEB8EBD 
 166      60D13FFB 
 166      2582D5
 167              		.text
 168              		.section	.gnu.lto__stats_start_measure_crit_isr.768e321d,"",%progbits
 169 0000 789C658F 		.ascii	"x\234e\217=K\303P\024\206\317{\322\306B\027q*\375\003"
 169      3D4BC350 
 169      1486CF7B 
 169      D2C64217 
 169      712AFD03 
 170 0014 9D620437 		.ascii	"\235b\0047u\353\340\017p\022\272h\034\232\251\320\304"
 170      75EBE00F 
 170      7012BA68 
 170      1C9AA9D0 
 170      C4
 171 0025 31348108 		.ascii	"14\201\010\016b;\012~,\"V\373\005\256R\233\315Mi;\270"
 171      0E623B0A 
 171      7E2C2256 
 171      FB05AE52 
 171      9BCD4D69 
 172 003b 882E1574 		.ascii	"\210.\025t\263\355\024\244\255\367\246c/\\\316\307\363"
 172      B3ED14A4 
 172      ADF7A663 
 172      2F5CCEC7 
 172      F3
 173 004c F29E7314 		.ascii	"\362\236s\024Z|i\3617A\244\213\010\205\300\225\027\""
 173      5A7C69F1 
ARM GAS  C:\Users\PETERL~1\AppData\Local\Temp\ccgnzXDP.s 			page 13


 173      3741A48B 
 173      0885C095 
 173      1722
 174 005e 2FC1804C 		.ascii	"/\301\200L\010Tb\224\360\303CF%\250\235%37\256\353\376"
 174      08546294 
 174      F0C34346 
 174      25A89D25 
 174      3337AEEB 
 175 0073 F61E5347 		.ascii	"\366\036SG\251\220\211\306<\267\301-2$4C\177\362\226"
 175      A99089C6 
 175      3CB7C12D 
 175      32243443 
 175      7FF296
 176 0086 547DA159 		.ascii	"T}\241Y\2363T\241\012{j\255\004\356lv\3358i\307\024"
 176      9E3354A1 
 176      0A7B6AAD 
 176      04EE6C76 
 176      DD3869C7 
 177 009b A28140D2 		.ascii	"\242\201@\322\377\213YF\345\035~\320y\206\024K\227\253"
 177      FF8B5946 
 177      E51D7ED0 
 177      7986144B 
 177      97AB
 178 00ad FE69939D 		.ascii	"\376i\223\235?\367\330M\204\2141\013\003\334\301Y@<"
 178      3FF7D84D 
 178      848C310B 
 178      03DCC159 
 178      403C
 179 00bf 912344F7 		.ascii	"\221#D\367s\360\332M|\263\350De\325\363/p\211s\317\225"
 179      73F0DA4D 
 179      7CB3E844 
 179      65D5F32F 
 179      708973CF 
 180 00d4 2A05F770 		.ascii	"*\005\367pPC:b\323z\371A\325jb\303`+\344\030\352B8\212"
 180      50433A62 
 180      D37AF941 
 180      D56A62C3 
 180      602BE418 
 181 00ec AE10B0DD 		.ascii	"\256\020\260\335\351Mcs\270\033r\034\015h#9]\262\376"
 181      E94D6373 
 181      B81B721C 
 181      0D682339 
 181      5DB2FE
 182 00ff E4A91C8F 		.ascii	"\344\251\034\217&\007J\310*\232\320\242}\321\202\023"
 182      26074AC8 
 182      2A9AD0A2 
 182      7DD18213 
 183 010f F2127DC0 		.ascii	"\362\022}\300\013\272\333Q\213\344\205\220\227\011c"
 183      0BBADB51 
 183      8BE48590 
 183      970963
 184 011e 2DBB91CB 		.ascii	"-\273\221\313\346\315}s\307><0\0139C\346\005k}M/Xz\321"
 184      E6CD7D73 
 184      C73E3C30 
 184      0B3943E6 
 184      056B7D4D 
 185 0136 D6ADA2A1 		.ascii	"\326\255\242\241\033y\313\336\263\255U\203\376\001\342"
ARM GAS  C:\Users\PETERL~1\AppData\Local\Temp\ccgnzXDP.s 			page 14


 185      1B79CBDE 
 185      B3AD5583 
 185      FE01E2
 186 0145 C182DC   		.ascii	"\301\202\334"
 187              		.text
 188              		.section	.gnu.lto__stats_stop_measure_crit_isr.768e321d,"",%progbits
 189 0000 789C658F 		.ascii	"x\234e\217=O\302P\024\206\317{\012\225\204\3058\021"
 189      3D4FC250 
 189      1486CF7B 
 189      0A9584C5 
 189      3811
 190 0012 FE0053AD 		.ascii	"\376\000S\255\211\233\214\014\376\000\027\007\026\255"
 190      899B8C0C 
 190      FE001707 
 190      16AD
 191 0020 034C24B4 		.ascii	"\003L$\264\216\015\267IM\034\2140\232\370\261\031Q\020"
 191      8E0DB749 
 191      4D1C8C30 
 191      9AF8B119 
 191      5110
 192 0032 1277A49B 		.ascii	"\022w\244\233\233F\030\\\214\014b\242\233\300\324\030"
 192      9B46185C 
 192      8C0C62A2 
 192      9BC0D418 
 193 0042 C07BCBC8 		.ascii	"\300{\313\310Mn\316\307\363\346=\347h\264\374\322\362"
 193      4D6ECEC7 
 193      F3E63DE7 
 193      68B4FCD2 
 193      F2
 194 0053 674164CA 		.ascii	"gAd\312\010\215\300\265g\"/\301\200J\010TaT\360\303"
 194      088DC0B5 
 194      67222FC1 
 194      804A0854 
 194      6154F0C3 
 195 0067 23462D68 		.ascii	"#F-h\234%3\327B\210\337^'u\224\012\231h\302\013\033"
 195      9C2533D7 
 195      4288DF5E 
 195      2775940A 
 195      9968C20B 
 196 007c DC204352 		.ascii	"\334 CR3\362\247oI\335\227\232\325\005C\035\272\264"
 196      33F2A76F 
 196      49DD979A 
 196      D505431D 
 196      BAB4
 197 008e A7F65A20 		.ascii	"\247\366Z \346\363\317\346I7\246\021\015%R\376_\314"
 197      E6F3CFE6 
 197      4937A611 
 197      0D2552FE 
 197      5FCC
 198 00a0 2A6AEFF0 		.ascii	"*j\357\360\203\301\023\224X\271\\\365O[\354\376\211"
 198      83C11394 
 198      58B95CF5 
 198      4F5BECFE 
 198      89
 199 00b1 63910819 		.ascii	"c\221\010\031\023\226\006\270\205\273\204x\252F\310"
 199      139606B8 
 199      85BB8478 
ARM GAS  C:\Users\PETERL~1\AppData\Local\Temp\ccgnzXDP.s 			page 15


 199      AA46C8
 200 00c0 EE60F8F2 		.ascii	"\356`\370\362\232\370f\331\211\312\272\347_\340\022"
 200      9AF866D9 
 200      89CABAE7 
 200      5FE012
 201 00cf E79E502A 		.ascii	"\347\236P*\015wp\321@:b\263f\365A7\032r\303 \033r\014"
 201      0D7770D1 
 201      403A62B3 
 201      66F54137 
 201      1A72C320 
 202 00e6 4D291C47 		.ascii	"M)\034GWH\330\351\366f\261\005\334\0159\216{\030c5]"
 202      5748D8E9 
 202      F666B105 
 202      DC0D398E 
 202      7B186335 
 203 00fb B1FEF4B1 		.ascii	"\261\376\364\261\032\217&\007Z\310:Z0\242}\321\206\033"
 203      1A8F2607 
 203      5AC83A5A 
 203      30A27DD1 
 203      861B
 204 010d F20A7DC0 		.ascii	"\362\012}\300\013F\333Q\213\324\205P\227Ic#\267\225"
 204      0B46DB51 
 204      8BD48550 
 204      97496323 
 204      B795
 205 011f CF158AFB 		.ascii	"\317\025\212\373\305\035\347\360\240X\312[*/\331\233"
 205      C51DE7F0 
 205      A058CA5B 
 205      2A2FD99B 
 206 012f 1B66C936 		.ascii	"\033f\3116\313\216i\227-\323*\330\316\236c\257[\364"
 206      CB8E6997 
 206      2DD32AD8 
 206      CE9E63AF 
 206      5BF4
 207 0141 0F571483 		.ascii	"\017W\024\203]"
 207      5D
 208              		.text
 209              		.section	.gnu.lto_.symbol_nodes.768e321d,"",%progbits
 210 0000 789C55C8 		.ascii	"x\234U\310;\016\3020\024D\321\031;N\234\320\260\343"
 210      3B0EC230 
 210      1444D119 
 210      3B4E9CD0 
 210      B0E3
 211 0012 49C10258 		.ascii	"I\301\002X\001\242`)\324\254\001$\376\341WR!b9\305\363"
 211      01A26029 
 211      D4AC0124 
 211      FEE15752 
 211      216239C5 
 212 0027 34A37B3C 		.ascii	"4\243{<\200/\246\271\023\005,w\200\204\325:\"<\210\271"
 212      802FA6B9 
 212      13052C77 
 212      8084D53A 
 212      223C88B9 
 213 003b E0CE14AD 		.ascii	"\340\316\024\255\273\013\345\012\270R\276\200\033U\025"
 213      BB0BE50A 
 213      B852BE80 
 213      1B5515
ARM GAS  C:\Users\PETERL~1\AppData\Local\Temp\ccgnzXDP.s 			page 16


 214 004a 70A74201 		.ascii	"p\247B\001\003U[\340\223j2\240\357\307~Q\321\366\233"
 214      03555BE0 
 214      936A32A0 
 214      EFC77E51 
 214      D1F69B
 215 005d 6A6D7FA8 		.ascii	"jm\177\250\316\264G\304q\377c\372\305a|\337b\233\276"
 215      CEB447C4 
 215      71FF63FA 
 215      C5617CDF 
 215      629BBE
 216 0070 EAB0491E 		.ascii	"\352\260I\036f\371\353\251\233\334\370\003\257\304I"
 216      66F9EBA9 
 216      9BDCF803 
 216      AFC449
 217 007f A2       		.ascii	"\242"
 218              		.text
 219              		.section	.gnu.lto_.refs.768e321d,"",%progbits
 220 0000 789C2588 		.ascii	"x\234%\210\301\021\000 \014\302(T\035\310\375w\023l"
 220      C1110020 
 220      0CC22854 
 220      1DC8FD77 
 220      136C
 221 0012 1EC98100 		.ascii	"\036\311\201\000\\\014\215\012d\211\325\344\237\242"
 221      5C0C8D0A 
 221      6489D5E4 
 221      9FA2
 222 0020 A67E9C15 		.ascii	"\246~\234\025\355\350Xx\025R\000\220"
 222      EDE85878 
 222      15520090 
 223              		.text
 224              		.section	.gnu.lto_.decls.768e321d,"",%progbits
 225 0000 789CB55A 		.ascii	"x\234\265ZyTTW\232\257\373nQ\033E\221\304t\222\343I"
 225      79545457 
 225      9AAFFB6E 
 225      511B4591 
 225      C47492E3 
 226 0015 CFD87437 		.ascii	"\317\330t7\223\356\223D\323Yz9='\351c\246\333Iw\322"
 226      93EE9344 
 226      D3597A39 
 226      3D27E963 
 226      A6DB4977 
 227 002a 994EE64C 		.ascii	"\231N\346L\237i\373\320\010\245\322a\353\242\210\311"
 227      9F69FBD0 
 227      08A5D261 
 227      EBA288C9 
 228 003a FCD32588 		.ascii	"\374\323%\210\262\010\"\233\240\242\205\240\262\012"
 228      B208229B 
 228      A0A285A0 
 228      B20A
 229 0048 2E289B80 		.ascii	".(\233\200 \310\016\002\012\010B\261\211\340\206\212"
 229      20C80E02 
 229      0A0842B1 
 229      89E0868A 
 230 0058 014470BE 		.ascii	"\001Dp\276{\357\253z\257\312Wh\372\314p\274\276\367"
 230      7BEFAB7A 
 230      AFCA5768 
 230      FACC70BC 
ARM GAS  C:\Users\PETERL~1\AppData\Local\Temp\ccgnzXDP.s 			page 17


 230      BEF7
 231 006a DDF7BDDF 		.ascii	"\335\367\275\337\375\266\373\335\357\336zX&\223Y8\231"
 231      FDB6FBDD 
 231      EFDE7A58 
 231      26935938 
 231      99
 232 007b EC31FC75 		.ascii	"\3541\374u\275'\223\325\253d2\370'\373\024\232\034\332"
 232      BD2793D5 
 232      AB6432F8 
 232      27FB149A 
 232      1CDA
 233 008d 356857A0 		.ascii	"5hW\240M@\373\0364\014\355\247\300?\014\327Qh\256\320"
 233      4D40FB1E 
 233      340CEDA7 
 233      C03F0CD7 
 233      5168AED0 
 234 00a1 FE15E8F7 		.ascii	"\376\025\350\367\241}\010\355\327\320\326A\373\010\332"
 234      A17D08ED 
 234      D7D0D641 
 234      FB08DA
 235 00b0 EFA07D0A 		.ascii	"\357\240}\012\355\277\240\3757\264?CC\300\277\001\256"
 235      EDBFA0FD 
 235      37B43F43 
 235      43C0BF01 
 235      AE
 236 00c1 E23FF2BE 		.ascii	"\342?\362\276\206\037\323\007\356\377\302\261q\317\360"
 236      861FD307 
 236      EEFFC2B1 
 236      71CFF0
 237 00d0 63FA7282 		.ascii	"c\372r\202\014\237\300\275\013/\303\010\\\207x9\210"
 237      0C9FC0BD 
 237      0B2FC308 
 237      5C877839 
 237      88
 238 00e1 3C1C8FF5 		.ascii	"<\034\217\365\251\223q\210\214\012~\234\357I\214\305"
 238      A9937188 
 238      8C0A7E9C 
 238      EF498CC5 
 239 00f1 897011CF 		.ascii	"\211p\021\317/\205C\364\324\3618\344\252\205\266\013"
 239      2F8543F4 
 239      D4F138E4 
 239      AA85B60B 
 240 0101 31CC0909 		.ascii	"1\314\011\011\334,\304\344\327C\337g\234`C\"{\022b\343"
 240      DC2CC4E4 
 240      D743DF67 
 240      9C604322 
 240      7B1262E3 
 241 0115 7EC8DB49 		.ascii	"~\310\333Ij<bS\253O\210-\304\370b\273X\345\037\345u"
 241      6A3C6253 
 241      AB4F882D 
 241      C4F862BB 
 241      58E51FE5 
 242 012a F9356F77 		.ascii	"\3715ow)\314u\377 \346\272e\374\370\321\267\304\264"
 242      29CC75FF 
 242      20E6BA65 
 242      FCF8D1B7 
 242      C4B4
ARM GAS  C:\Users\PETERL~1\AppData\Local\Temp\ccgnzXDP.s 			page 18


 243 013c FAECA365 		.ascii	"\372\354\243e\344\374\335?\210\371\273e\344\274\313"
 243      E4FCDD3F 
 243      88F9BB65 
 243      E4BCCB
 244 014b A19694EB 		.ascii	"\241\226\224\353\353\256sH\247\251\306\204\334Z]\320"
 244      EBAE7348 
 244      A7A9C684 
 244      DC5A5DD0 
 245 015b A5045AAB 		.ascii	"\245\004Z\253\371\031!;\316\345.\3520\207\310}f\352"
 245      F919213B 
 245      CEE52EEA 
 245      3087C87D 
 245      66EA
 246 016d 70B7E6F5 		.ascii	"p\267\346\365\\\223\311\024i\252n\340\004\210\322c3"
 246      5C93C914 
 246      69AA6EE0 
 246      0488D263 
 246      33
 247 017e ADAE1463 		.ascii	"\255\256\024c\025!\313\022\032R\025\024BN\310\342\356"
 247      1521CB12 
 247      1A521514 
 247      424EC8E2 
 247      EE
 248 018f 3D851C7E 		.ascii	"=\205\034~\205BTU\316\325k\360?\323\373\235\221\226"
 248      85425455 
 248      CED56BF0 
 248      3FD3FB9D 
 248      9196
 249 01a1 460D7E8D 		.ascii	"F\015~\215\336o=R\276\223\214\372=\015\005\034\3327"
 249      DE6F3D52 
 249      BE938CFA 
 249      3D0D051C 
 249      DA37
 250 01b3 9FA5A624 		.ascii	"\237\245\246$\231\214\356\320\3055\\3e\352\220\247&"
 250      998CEED0 
 250      C5355C33 
 250      65EA90A7 
 250      26
 251 01c4 0B869FBE 		.ascii	"\013\206\237\276\221P\377\252\311$G'\221\006\025\"\214"
 251      9150FFAA 
 251      C9244727 
 251      91061522 
 251      8C
 252 01d5 72D1EB20 		.ascii	"r\321\353 \011}\233\374E\232La\246\370p\223\272A'Cy"
 252      097D9BFC 
 252      459A4C61 
 252      A6F87093 
 252      BA412743 
 253 01ea 6825CA47 		.ascii	"h%\312G+e\350\004\362\004\016\312\213\212\240\3638t"
 253      2B65E804 
 253      F2040ECA 
 253      8B8AA0F3 
 253      3874
 254 01fc 0270DDA3 		.ascii	"\002p\335\243\312m.H\343)\375R\261\304KT\204\262\210"
 254      CA6D2E48 
 254      E329FD52 
 254      B1C44B54 
ARM GAS  C:\Users\PETERL~1\AppData\Local\Temp\ccgnzXDP.s 			page 19


 254      84B288
 255 020f 84978808 		.ascii	"\204\227\210\010\247@\204c\202\010 \221\325,\\q\312"
 255      A7408463 
 255      82082091 
 255      D52C5C71 
 255      CA
 256 0220 BD4A8555 		.ascii	"\275J\205U\344\333\027\2466\207\233>@g\200\277@\340"
 256      E4DB17A6 
 256      36879B3E 
 256      406780BF 
 256      40E0
 257 0232 3F859695 		.ascii	"?\205\226\225\371\264\244\314(\276*u\207\012\2273\267"
 257      F9B4A4CC 
 257      28BE2A75 
 257      870A9733 
 257      B7
 258 0243 4C5647F5 		.ascii	"LVG\365\313\3619F\264\304\034L\343\230;)\2356\333R\357"
 258      CBF13946 
 258      B4C41C4C 
 258      E3983B29 
 258      9D36DB52 
 259 0258 4E7DF10A 		.ascii	"N}\361\012!\037DX\032\264\270\211\361\016\035\031x,"
 259      211F4458 
 259      1AB4B889 
 259      F10E1D19 
 259      782C
 260 026a C75729C1 		.ascii	"\307W)\301\015\3176\334D\274\260\346X\214P\025\010z"
 260      0DCF36DC 
 260      44BCB0E6 
 260      588C5015 
 260      087A
 261 027c F69905AD 		.ascii	"\366\231\005\255\224\026\364\372\304\314.\027<\316\306"
 261      9416F4FA 
 261      C4CC2E17 
 261      3CCEC6
 262 028b 6B9D3EDD 		.ascii	"k\235>\335\251\302S\214\270\263{\364\241\033\236fDV"
 262      A9C2538C 
 262      B8B37BF4 
 262      A11B9E66 
 262      4456
 263 029d 724ABE0B 		.ascii	"rJ\276\013\225RE\310\356\336\321\355r\374\200=;\221"
 263      955245C8 
 263      EEDED1ED 
 263      72FC803D 
 263      3B91
 264 02af 79F8B49A 		.ascii	"y\370\264\232j\364\001!\257\224o_P\343Y\366,i\272\244"
 264      6AF40121 
 264      AF946F5F 
 264      50E359F6 
 264      2C69BAA4 
 265 02c3 578D4D98 		.ascii	"W\215M\230\022w[\323\317\353p\024\266\013(\017\026P"
 265      12775BD3 
 265      CFEB7014 
 265      B60B280F 
 265      1650
 266 02d5 F33BA2B6 		.ascii	"\363;\242\266i(\371\330\372G\265n\212\330}Xku\2769\334"
 266      6928F9D8 
ARM GAS  C:\Users\PETERL~1\AppData\Local\Temp\ccgnzXDP.s 			page 20


 266      FA47B56E 
 266      8AD87D58 
 266      6B75BE39 
 267 02ea F4FCD6E3 		.ascii	"\364\374\326\343\257\312P\035(PK\264j\001\255<x\255"
 267      AFCA501D 
 267      28504BB4 
 267      6A01AD3C 
 267      78AD
 268 02fc 1AA1B3C9 		.ascii	"\032\241\263\311\352\375\033\337\260\000l\006#5\010"
 268      EAFD1BDF 
 268      B0006C06 
 268      233508
 269 030b 46F2109C 		.ascii	"F\362\020\234\177\265\270q\321\3059r\2333\344\262\272"
 269      7FB5B871 
 269      D1C53972 
 269      9B33E4B2 
 269      BA
 270 031c 441A57AD 		.ascii	"D\032W\255\200|A@n\026\305UC]\326e\225s\350\016g\320"
 270      807C4140 
 270      6E16C555 
 270      435DD665 
 270      9573E80E 
 271 0332 B72F8CD2 		.ascii	"\267/\214\322\020l\007\350z\001\272U\200F\003g\217U"
 271      106C07E8 
 271      7A01BA55 
 271      80460367 
 271      8F55
 272 0344 687012B3 		.ascii	"hp\022\263a\363\310\334}-\365\312s@*\323:*6 \217\025"
 272      61F3C8DC 
 272      7D2DF5CA 
 272      73402AD3 
 272      3A2A3620 
 273 035a 1EF0E769 		.ascii	"\036\360\347i\206\241\247\253Z\257\255K\0147e\275Bc"
 273      86A1A7AB 
 273      5AAFAD4B 
 273      0C3765BD 
 273      4263
 274 036c E51C2076 		.ascii	"\345\034 v\243\025BH\274\266RF\003\004\220w\303\360"
 274      A3154248 
 274      BCB65246 
 274      03049077 
 274      C3F0
 275 037e A67893E9 		.ascii	"\246x\223\351\203T\210\2312`('\335\224\035\204@} q\017"
 275      83548899 
 275      32602827 
 275      DD941D84 
 275      407D2071 
 276 0393 F2405DD0 		.ascii	"\362@]\320.C\353\205v\011yP\241\310H\346\364ZEd\270"
 276      2E43EB85 
 276      76097950 
 276      A1C848E6 
 276      F45A4564 
 277 03a8 820A7E91 		.ascii	"\202\012~\221\037\306\246n'\205\372\361J+\357\276LE"
 277      1FC6A66E 
 277      2785FAF1 
 277      4A2BEFBE 
 277      4C45
ARM GAS  C:\Users\PETERL~1\AppData\Local\Temp\ccgnzXDP.s 			page 21


 278 03ba C31A2A51 		.ascii	"\303\032*Q\215\243D\265\016\254i6\326jI\341\005\316"
 278      8DA344B5 
 278      0EAC6936 
 278      D66A49E1 
 278      05CE
 279 03cc FD9493CC 		.ascii	"\375\224\223\314\335\363\322\240LObfKj\246\302\204\010"
 279      DDF3D2A0 
 279      4C4F6266 
 279      4B6AA6C2 
 279      8408
 280 03de 8F8CB7B0 		.ascii	"\217\214\267\260-Qr\215\226\213;0Z\341)i\017\324\017"
 280      2D51728D 
 280      968B3B30 
 280      5AE12969 
 280      0FD40F
 281 03f1 66781693 		.ascii	"fx\026\223\320Q\016\370\250\320\025`\256\020\034I\206"
 281      D0510EF8 
 281      A8D01560 
 281      AE101C49 
 281      86
 282 0402 B43AB2EC 		.ascii	"\264:\262\354\312\351\\\005nc\216L\251\276w\000\343"
 282      CAE95C05 
 282      6E638E4C 
 282      A9BE7700 
 282      E3
 283 0413 3E465893 		.ascii	">FX\223\265\226&kEGmv\257+s+\363jK\373\340\253i&s\015"
 283      B596266B 
 283      45476D76 
 283      AF2B732B 
 283      F36A4BFB 
 284 042d A2EA9602 		.ascii	"\242\352\226\002\274\345Y\274z\024\030\262\251),\274"
 284      BCE559BC 
 284      7A1418B2 
 284      A9292CBC 
 285 043d 0A63A0C2 		.ascii	"\012c\240\302\010\210=\004m\024\332\260\340Q\223y1\014"
 285      08883D04 
 285      6D14DAB0 
 285      E0519379 
 285      310C
 286 044f 5E5B4335 		.ascii	"^[C5\270\312\017a\263\303\240\203\233\346O\230>\330"
 286      B8CA0F61 
 286      B3C3A083 
 286      9BE64F98 
 286      3ED8
 287 0461 86A93825 		.ascii	"\206\2518%\222\342XYM\346\005\001v\300\021V\344}j\301"
 287      92E25859 
 287      4DE60501 
 287      76C01156 
 287      E47D6AC1 
 288 0475 B99FA808 		.ascii	"\271\237\250\010\303\223^\032J\250\302\310s\005ez\254"
 288      C3935E1A 
 288      4AA8C2C8 
 288      7305657A 
 288      AC
 289 0486 40E81AA0 		.ascii	"@\350\032\240\344\010f\266X\315,\251?\032\007\265\237"
 289      E40866B6 
 289      58CD2CA9 
ARM GAS  C:\Users\PETERL~1\AppData\Local\Temp\ccgnzXDP.s 			page 22


 289      3F1A07B5 
 289      9F
 290 0497 66020209 		.ascii	"f\002\002\011\256h\210\256H\324h\243\205\204J\005\267"
 290      AE6888AE 
 290      48D468A3 
 290      85844A05 
 290      B7
 291 04a8 EA264313 		.ascii	"\352&C\023HK\271\341J\222\344X\367}\214S\344,\277\015"
 291      484BB9E1 
 291      4A92E458 
 291      F77D8C53 
 291      E42CBF0D 
 292 04bc DD3EAB61 		.ascii	"\335>\253ay\376\317\204\256\211\337zDE\275\332\353J"
 292      79FECF84 
 292      AE89DF7A 
 292      4445BDDA 
 292      EB4A
 293 04ce E833E766 		.ascii	"\3503\347f\236\307\231\214\267|\356\364Q\035\345\265"
 293      9EC7998C 
 293      B77CEEF4 
 293      511DE5B5 
 294 04de B08C5A71 		.ascii	"\260\214Zq\375\001[\023^%d\330\342\302\230\016\0270"
 294      FD015B13 
 294      5E2564D8 
 294      E2C2980E 
 294      1730
 295 04f0 DED2C367 		.ascii	"\336\322\303gr\334p\031#n\357\330s\211\303\015\214\330"
 295      72DC7019 
 295      236EEFD8 
 295      7389C30D 
 295      8CD8
 296 0502 DBD8EF8E 		.ascii	"\333\330\357\216{\331}\375de\234\226\"\232\024\204."
 296      7BD97DFD 
 296      64659C96 
 296      229A1484 
 296      2E
 297 0513 AACA8B52 		.ascii	"\252\312\213RS\304\277\0202\347D\301m\016O2\336\321"
 297      53C4BF10 
 297      32E744C1 
 297      6D0E4F32 
 297      DED1
 298 0525 83CDD7DC 		.ascii	"\203\315\327\334\361=F$O\024\334S\343G\214\350\213\273"
 298      F13D4624 
 298      4F14DC53 
 298      E3478CE8 
 298      8BBB
 299 0537 1FAFC2E1 		.ascii	"\037\257\302\341.\224\270\274\353F\267\026GS\202\313"
 299      2E94B8BC 
 299      EB46B716 
 299      475382CB 
 300 0547 9A0CCB73 		.ascii	"\232\014\313s\261\255\234;&h\332z\010\376\237{\346\005"
 300      B1AD9C3B 
 300      2668DA7A 
 300      08FE9F7B 
 300      E605
 301 0559 695E7A41 		.ascii	"i^zA:x\376A\206+N`cv\215M\337T\3414F\324\267^\034CT"
 301      3A78FE41 
ARM GAS  C:\Users\PETERL~1\AppData\Local\Temp\ccgnzXDP.s 			page 23


 301      862B4E60 
 301      63768D4D 
 301      DF54E134 
 302 0574 273347E8 		.ascii	"'3G\350\214\321\246f6O~@\227\334\243\325\365\2568\203"
 302      8CD1A666 
 302      364F7E40 
 302      97DCA3D5 
 302      F5AE3883 
 303 0588 F176DE2B 		.ascii	"\361v\336+5)q\001\0236\366\342\320\222\034yj\231\260"
 303      35297101 
 303      1336F6E2 
 303      D0921C79 
 303      6A99B0
 304 059b C5A77407 		.ascii	"\305\247t\007M&\025\012\343\264\310\304\331\244\375"
 304      4D26150A 
 304      E3B4C8C4 
 304      D9A4FD
 305 05aa BD96092B 		.ascii	"\275\226\011+v\366\247/\011\342n\345<\201\207\347\206"
 305      76F6A72F 
 305      09E26EE5 
 305      3C8187E7 
 305      86
 306 05bb 11BE31D5 		.ascii	"\021\2761\325G\273\343\233l\270\350\373\333\316i\361"
 306      47BBE39B 
 306      6CB8E8FB 
 306      DBCE69F1 
 307 05cb 1D46DC39 		.ascii	"\035F\3349\333\230\016\366d\304\365\273\327/\353\360"
 307      DB980EF6 
 307      64C4F5BB 
 307      D72FEBF0 
 308 05db 0346244E 		.ascii	"\003F$NU\217\350\360\034#\016U\215\206k\361\002#\372"
 308      558FE8F0 
 308      1C230E55 
 308      8D866BF1 
 308      0223FA
 309 05ee E3B767AB 		.ascii	"\343\267g\253\361\022#\3623\322N\253q\230\202\271\270"
 309      F11223F2 
 309      33D24EAB 
 309      719882B9 
 309      B8
 310 05ff 317F84C3 		.ascii	"1\177\204\303\333)\341:\223S\236\241E\036\354o\205\207"
 310      DB29E13A 
 310      93539EA1 
 310      451EEC6F 
 310      8587
 311 0611 A7074D08 		.ascii	"\247\007M\010i\245\226\037\344\2340U\303\024$Jm\003"
 311      69A5961F 
 311      E49C3055 
 311      C314244A 
 311      6D03
 312 0623 A51239E9 		.ascii	"\245\0229\351\214\300re\016\311\225\2045\322\221\265"
 312      8CC07265 
 312      0EC99584 
 312      35D291B5 
 313 0633 1339F0A6 		.ascii	"\0239\360\246\333x\243\034y\313\035\262\300^\033\353"
 313      DB78A31C 
 313      79CB1DB2 
ARM GAS  C:\Users\PETERL~1\AppData\Local\Temp\ccgnzXDP.s 			page 24


 313      C05E1BEB 
 314 0643 7647D65A 		.ascii	"vG\326ZG\3304\033o\2044\257\000{\320\306\032\343\310"
 314      47D8341B 
 314      6F8434AF 
 314      007BD0C6 
 314      1AE3C8
 315 0656 EA988776 		.ascii	"\352\230\207v\331X\303%m\360c\273\244h\224\241Ex\274"
 315      D958C325 
 315      6DF063BB 
 315      A46894A1 
 315      4578BC
 316 0669 441E3F46 		.ascii	"D\036?F\214\237\344\204d\360t\002\347\201vB\213\207"
 316      8C9FE484 
 316      64F07402 
 316      E7817642 
 316      8B87
 317 067b B60B5A0A 		.ascii	"\266\013Z\012\264Xhq\320\222\240\355\346D\213\337\001"
 317      B4586871 
 317      D092A0ED 
 317      E6448BDF 
 317      01
 318 068c DBB0D1D2 		.ascii	"\333\260\321\3226\022\255=7w\220\265\007x\034\262\032"
 318      3612AD3D 
 318      377790B5 
 318      07781CB2 
 318      1A
 319 069d 01B2ECCB 		.ascii	"\001\262\354\313i\322\232x\250\035\322\256\241*@XLD"
 319      69D29A78 
 319      A81DD2AE 
 319      A12A4058 
 319      4C44
 320 06af 4466B9D8 		.ascii	"Df\271\330e&1\263\014\355\341\264\374B3\271#\342#\\"
 320      652631B3 
 320      0CEDE1B4 
 320      FC4233B9 
 320      23E2235C 
 321 06c3 4BE3079F 		.ascii	"K\343\007\237\213\331\275\005A\3340\033\204S\033\330"
 321      8BD9BD05 
 321      41DC301B 
 321      84531BD8 
 322 06d3 06780436 		.ascii	"\006x\0046H\343m\260\017l\260W\244#L\233\353/\026\262"
 322      48E36DB0 
 322      0F6CB057 
 322      A4234C9B 
 322      EB2F16B2 
 323 06e7 18036894 		.ascii	"\030\003h\224\3121^\011\373R5\323\"\210\232iO\250\011"
 323      CA315E09 
 323      FB5235D3 
 323      22889A69 
 323      4FA809
 324 06fa F23C4A1E 		.ascii	"\362<J\036\335\256\302\027Xt\017\235\256\273\257\306"
 324      DDAEC217 
 324      58740F9D 
 324      AEBBAFC6 
 325 070a AD8CD85B 		.ascii	"\255\214\330[47\253\301\227\030\321\220\227\376\027"
 325      3437ABC1 
 325      9718D190 
ARM GAS  C:\Users\PETERL~1\AppData\Local\Temp\ccgnzXDP.s 			page 25


 325      97FE17
 326 0719 7C95DECB 		.ascii	"|\225\336\313G\367\027\235vG\236+W\322|\023\011\251"
 326      47F7179D 
 326      76479E2B 
 326      57D27C13 
 326      09A9
 327 072b 2693D3A0 		.ascii	"&\223\323\240\203\034\026\200e\251\320?\367>y\000\267"
 327      831C1680 
 327      65A9D03F 
 327      F73E7900 
 327      B7
 328 073c 2A7AA579 		.ascii	"*z\245yg:\301\204_\221\241\327W\242\037\201\230f\320"
 328      673AC184 
 328      5F91A1D7 
 328      57A21F81 
 328      9866D0
 329 074f 8B3C92A1 		.ascii	"\213<\222\241C\334J\224\301\321\2243\222x7\312E\303"
 329      43DC4A94 
 329      C1D19433 
 329      927837CA 
 329      45C3
 330 0761 73473E8D 		.ascii	"sG>\215;5:5Rkg\371,\020F\260\374a\233\345/\215\356\206"
 330      3B353A35 
 330      526B67F9 
 330      2C1046B0 
 330      FC619BE5 
 331 0779 9A6B84E9 		.ascii	"\232k\204\351sv2\276\\\203')\301\245\335\277\322\260"
 331      737632BE 
 331      5C832729 
 331      C1A5DDBF 
 331      D2B0
 332 078b 4C559BC3 		.ascii	"LU\233\303I\027\210\226\253\265\0320k6\214w\224\223"
 332      49178896 
 332      ABB51A30 
 332      6B368C77 
 332      9493
 333 079d 2C0FA397 		.ascii	",\017\243\227FZ\\\355\204\313\266\023.\327&\\X\366\302"
 333      465A5CED 
 333      84CBB613 
 333      2ED7265C 
 333      58F6C2
 334 07b0 498C6798 		.ascii	"I\214g\230p\217\026\267\355q\307\217\031\261\347b\357"
 334      708F16B7 
 334      ED71C78F 
 334      19B1E762 
 334      EF
 335 07c1 19398E54 		.ascii	"\0319\216T\262\314\326\237\323\242\304\361J\273\232"
 335      B2CCD69F 
 335      D3A2C4F1 
 335      4ABB9A
 336 07d0 FD2556B3 		.ascii	"\375%V\263\3075\357=\207)\311j\365\204\321\231\303\310"
 336      C735EF3D 
 336      8729C96A 
 336      F584D199 
 336      C3C8
 337 07e2 AA95BDDD 		.ascii	"\252\225\275\335O\200F/\361\032\025\202-\2138k\235\376"
 337      4F80462F 
ARM GAS  C:\Users\PETERL~1\AppData\Local\Temp\ccgnzXDP.s 			page 26


 337      F11A1582 
 337      2D8B386B 
 337      9DFE
 338 07f4 D0824835 		.ascii	"\320\202H5}\034\304<&\350\364\222PL[z\016\377\2074\350"
 338      7D1CC43C 
 338      26E8F492 
 338      504C5B7A 
 338      0EFF8734 
 339 0809 2967A065 		.ascii	")g\240e\021\315\337\241\273O\000-\020@\217s\"\324\214"
 339      11CDDFA1 
 339      BB4F002D 
 339      10408F73 
 339      22D48C
 340 081c D94DD2A8 		.ascii	"\331M\322\250\247\235\241\336>z\215.s\305\200\232/\240"
 340      A79DA1DE 
 340      3E7A8D2E 
 340      73C5809A 
 340      2FA0
 341 082e 9E1450D1 		.ascii	"\236\024P\321\225\374\236\363\030\357e\326j\275\224"
 341      95FC9EF3 
 341      18EF65D6 
 341      6ABD94
 342 083d 1AE1860F 		.ascii	"\032\341\206\017Q\202\273\264\270}\205\364xeN\3063\247"
 342      5182BBB4 
 342      B87D85F4 
 342      78654EC6 
 342      33A7
 343 084f C21EAF14 		.ascii	"\302\036\257\024\306*\221\036k\364\336\225l-\316ec\355"
 343      C62A911E 
 343      6BF4DE95 
 343      6C2DCE65 
 343      63ED
 344 0861 DF31F350 		.ascii	"\3371\363P\216O\260\261N\305\016E`\351\301*\235\015"
 344      8E4FB0B1 
 344      4EC50E45 
 344      60E9C12A 
 344      9D0D
 345 0873 B617063B 		.ascii	"\266\027\006;\013\203UH\0176<UyD\216\313\224v\333\016"
 345      0B835548 
 345      0F363C55 
 345      79448ECB 
 345      9476DB0E 
 346 0887 1DDD76A0 		.ascii	"\035\335v\240S\365C\255n\370\034{V>\021\326\247\304"
 346      53F543AD 
 346      6EF81C7B 
 346      563E11D6 
 346      A7C4
 347 0899 17183137 		.ascii	"\027\030175q\023\341vF\034\273Z\273\005^RhH\356\231"
 347      357113E1 
 347      76461CBB 
 347      5ABB055E 
 347      526848EE 
 348 08ae A31BBCBF 		.ascii	"\243\033\274\277CwcW{\207\013\355']J\"\377\374\371\222"
 348      43776357 
 348      7B870BED 
 348      275D4A22 
 348      FFFCF992 
ARM GAS  C:\Users\PETERL~1\AppData\Local\Temp\ccgnzXDP.s 			page 27


 349 08c2 420593DF 		.ascii	"B\005\223\337\364d\335p\001TP\360*\234\007\025\352l"
 349      F464DD70 
 349      015450F0 
 349      2A9C0715 
 349      EA6C
 350 08d4 A1B4344C 		.ascii	"\241\2644LC\251\036\324\250\025\324P\010N\357+\316("
 350      43A91ED4 
 350      A815D450 
 350      084EEF2B 
 350      CE28
 351 08e6 B31D5194 		.ascii	"\263\035Q\224\215\267\323 i\004\366\032\201\275\236"
 351      8DB7D320 
 351      6904F61A 
 351      81BD9E
 352 08f5 13AA1689 		.ascii	"\023\252\026\211\321\033$F\007\344C\235\243\321\310"
 352      D11B2446 
 352      07E4439D 
 352      A3D1C8
 353 0904 560F1D65 		.ascii	"V\017\035e\365P3 \237\023\220\033\227Gn\222DF\361=}"
 353      F5503320 
 353      9F13901B 
 353      97476E92 
 353      4446F13D 
 354 0919 4B2ADCC7 		.ascii	"K*\334\307l\330\235\323av\307\026F\364\366\235OW\342"
 354      6CD89DD3 
 354      6176C716 
 354      46F4F69D 
 354      4F57E2
 355 092c 49469426 		.ascii	"IF\224&e\327i\3614#jO\226\377\033\016W!q\345\247c\225"
 355      65D769F1 
 355      34236A4F 
 355      96FF1B0E 
 355      572171E5 
 356 0943 DF6CC474 		.ascii	"\337l\304t\224\206\026MZ\352\312\306\251A%\216b\254"
 356      9486164D 
 356      5AEACAC6 
 356      A941258E 
 356      62AC
 357 0955 1762323B 		.ascii	"\027b2;\0258\205\021gn\035Nq\301\007(\301\235H\257K"
 357      15388511 
 357      676E1D4E 
 357      71C10728 
 357      C19D48AF 
 358 096a 535BCF1E 		.ascii	"S[\317\036r Tz@\265K\317\254\332ei\325\"\256\225\244"
 358      7220547A 
 358      40B54BCF 
 358      ACDA6569 
 358      D522AE95 
 359 097f 609CC5C6 		.ascii	"`\234\305\306\233k\033\313U\342\\F\234\277\330\237\247"
 359      9B6B1BCB 
 359      55E25C46 
 359      9CBFD89F 
 359      A7
 360 0990 60A51EAB 		.ascii	"`\245\036\253J\233K\2562\251_$\344\364`\374C7|\234\361"
 360      4A9B4BAE 
 360      32A95F24 
 360      E4F460FC 
ARM GAS  C:\Users\PETERL~1\AppData\Local\Temp\ccgnzXDP.s 			page 28


 360      43377C9C 
 361 09a5 864DA599 		.ascii	"\206M\245\231\021.c\304\370\366\023\351r\\\303\210\224"
 361      112E63C4 
 361      F8F613E9 
 361      725CC388 
 361      94
 362 09b6 BCF4870A 		.ascii	"\274\364\207\012\334\304\210G\271W\007]q'#\022\343\006"
 362      DCC48847 
 362      B957075D 
 362      71272312 
 362      E306
 363 09c8 8BB5B897 		.ascii	"\213\265\270\227\021\307\246\356&\271\340!F\034\237"
 363      11C7A6EE 
 363      26B9E021 
 363      461C9F
 364 09d7 BCF206BE 		.ascii	"\274\362\006\276\306\264N\233\031oBN\017\236\3069\351"
 364      C6B44E9B 
 364      196F424E 
 364      0F9EC639 
 364      E9
 365 09e8 8327F341 		.ascii	"\203'\363A\260\317\030\330g\224{\262\024\206\021\322"
 365      B0CF18D8 
 365      67947BB2 
 365      148611D2 
 366 09f8 078E1CD4 		.ascii	"\007\216\034\324\342{l\270\003[{\022]\360<#\2262w\226"
 366      E27B6CB8 
 366      035B7B12 
 366      5DF03C23 
 366      96327796 
 367 0a0c 23BCC888 		.ascii	"#\274\310\210\341\302\211I\016\357TS\"\265-\266K\213"
 367      E1C28949 
 367      0EEF5453 
 367      22B52DB6 
 367      4B8B
 368 0a1e F733227B 		.ascii	"\3673\"{\244-\301\215\032\3435B\306\326X:]\360\021\366"
 368      A42DC18D 
 368      1AE33542 
 368      C6D6583A 
 368      5DF011F6 
 369 0a32 2CA7EFF2 		.ascii	",\247\357\362\005%>\316\210\241\331\241\032vR\270\206"
 369      05253ECE 
 369      88A1D9A1 
 369      1A7652B8 
 369      86
 370 0a43 0E6C9919 		.ascii	"\016l\231\031V\3433\354\331\340\371\260\313`(F\244\325"
 370      56E333EC 
 370      D9E0F9B0 
 370      CB602846 
 370      A4D5
 371 0a55 25CFB8E2 		.ascii	"%\317\270\342\026\265\335q\216\226\035\347\204\207W"
 371      16B5DD71 
 371      8E961DE7 
 371      848757
 372 0a64 D6BBE01E 		.ascii	"\326\273\340\036\366\254\354\364\321%%\036bD\351\361"
 372      F6ACECF4 
 372      D125251E 
 372      6244E9F1 
ARM GAS  C:\Users\PETERL~1\AppData\Local\Temp\ccgnzXDP.s 			page 29


 373 0a74 F8791D65 		.ascii	"\370y\035e\\\007\344\373Q\341\243P\346\322\323\007("
 373      5C07E4FB 
 373      51E1A350 
 373      E6D2D307 
 373      28
 374 0a85 4C59D37A 		.ascii	"LY\323z\256\360XA\267\256+\264Z\017\017\341!\371_\373"
 374      AEF05841 
 374      B7AE2BB4 
 374      5A0F0FE1 
 374      21F95FFB 
 375 0a99 22F4D23A 		.ascii	"\"\364\322:v\205\326\223\376yx\330\355\330\356\201U"
 375      7685D693 
 375      FE7978D8 
 375      EDD8EE81 
 375      55
 376 0aaa EF13533F 		.ascii	"\357\023S?\200\312\344\033\2762)\302\236(\034{\240="
 376      80CAE41B 
 376      BE3229C2 
 376      9E281C7B 
 376      A03D
 377 0abc D0D2A125 		.ascii	"\320\322\241%C\333\007\355\010\264\275\320\022\240\355"
 377      43DB07ED 
 377      08B4BDD0 
 377      12A0ED
 378 0acb 84B60055 		.ascii	"\204\266\000U\332I\270\246B\213\202v\000Z,\264\335\320"
 378      DA49B8A6 
 378      428B8276 
 378      005A2CB4 
 378      DDD0
 379 0add 16E1D963 		.ascii	"\026\341\331chG\341>\011\013\233\336\351\366\036\313"
 379      6847E13E 
 379      090B9BDE 
 379      E9F61ECB 
 380 0aed 0F4A5995 		.ascii	"\017JY\225C&o+x\360\020~\321\331\241\303tI\337\364g"
 380      43266F2B 
 380      78F0107E 
 380      D1D9A1C3 
 380      7449DFF4 
 381 0b02 EC7C6517 		.ascii	"\354|e\027\326\242A\340\316\303\316+\331\242\366\236"
 381      D6A241E0 
 381      CEC3CE2B 
 381      D9A2F69E 
 382 0b12 921FB28D 		.ascii	"\222\037\262\215{\006\260w,\013n\262D\345\264\321b\220"
 382      7B06B077 
 382      2C0B6EB2 
 382      44E5B4D1 
 382      6290
 383 0b24 08D2B2BC 		.ascii	"\010\322\262\274 \346\306\011\027\330T\223\305\242\234"
 383      20E6C609 
 383      17D85493 
 383      C5A29C
 384 0b33 63A6E2F3 		.ascii	"c\246\342\363=\253\220_\267\326e\323\251\375f\267F\262"
 384      3DAB905F 
 384      B7D665D3 
 384      A9FD66B7 
 384      46B2
 385 0b45 FB490441 		.ascii	"\373I\004A\247\205\275Z$^!\324\241`\206\231\327\313"
ARM GAS  C:\Users\PETERL~1\AppData\Local\Temp\ccgnzXDP.s 			page 30


 385      A785BD5A 
 385      245E21D4 
 385      A1608699 
 385      D7CB
 386 0b57 9819B681 		.ascii	"\230\031\266\201\244\323<\246m\364l\307r\276\235V\300"
 386      A4D33CA6 
 386      6DF46CC7 
 386      72BE9D56 
 386      C0
 387 0b68 84776479 		.ascii	"\204wdyI-9yL+\262W\274\353\210{\217\263\253\"A\332G"
 387      492D3979 
 387      4C2BB257 
 387      BCEB887B 
 387      8FB3AB22 
 388 0b7f 9F91449A 		.ascii	"\237\221D\232\005\302\316\010\302\302;\202\260`\325"
 388      05C2CE08 
 388      C2C23B82 
 388      B060D5
 389 0b8e AC979955 		.ascii	"\254\227\231U\211\023\276\001\266\034\354\374\234h\356"
 389      8913BE01 
 389      B61CECFC 
 389      9C68EE
 390 0b9d 3091D4CA 		.ascii	"0\221\324\312\031\271\014g\314Q1\3477\322\305\256\270"
 390      19B90C67 
 390      CC5131E7 
 390      37D2C5AE 
 390      B8
 391 0bae D212FB5E 		.ascii	"\322\022\373^F\214!\263\352Q\322W\364[\242G4p\014\011"
 391      468C21B3 
 391      EA51D257 
 391      F45BA247 
 391      34700C09 
 392 0bc2 59210FDB 		.ascii	"Y!\017\333\235S8\224\343i\020\350D\023\022\364\307\340"
 392      9D533894 
 392      E36910E8 
 392      441312F4 
 392      C7E0
 393 0bd4 7EAB2850 		.ascii	"~\253(P\213\026\373O\341\255Ti\342\310n\300\214\303"
 393      8B16FB4F 
 393      E1AD5469 
 393      E2C86EC0 
 393      8CC3
 394 0be6 A22337C7 		.ascii	"\242#7\307\335\216\231B\333\036\337\345U'\320'\000:"
 394      DD8E9942 
 394      DB1EDFE5 
 394      5527D027 
 394      003A
 395 0bf8 0CE6418A 		.ascii	"\014\346A\212\030\036\"\365_\230M\267\003\333\224\243"
 395      181E22F5 
 395      5F984DB7 
 395      03DB94A3 
 396 0c08 9F6E700E 		.ascii	"\237np\016\370l7u\005R{?<B\021\200\231\307\343\027\300"
 396      F86C3775 
 396      05527B3F 
 396      3C421180 
 396      99C7E317 
 397 0c1d 7D2EE0CF 		.ascii	"}.\340\317\301|\213\201\353~,\332U\224\364\315\361\023"
ARM GAS  C:\Users\PETERL~1\AppData\Local\Temp\ccgnzXDP.s 			page 31


 397      C17C8B81 
 397      EB7E2CDA 
 397      5594F4CD 
 397      F113
 398 0c2f E830D879 		.ascii	"\3500\330yXz\002\011qF\002\363\273\245\307L\325[1\255"
 398      587A0209 
 398      714602F3 
 398      BBA5C74C 
 398      D55B31AD 
 399 0c43 C2CE4805 		.ascii	"\302\316H\005\273p\326\024\231\247\340\347\317-G\015"
 399      BB70D614 
 399      99A7E0E7 
 399      CF2D470D 
 400 0c53 6E7312A7 		.ascii	"ns\022\247d\240\302EP\241\223\250\320\305\233\224\250"
 400      64A0C245 
 400      50A193A8 
 400      D0C59B94 
 400      A8
 401 0c64 50082AEC 		.ascii	"P\010*\354\000\321O\361\242\333\325\376vN'\321\302\234"
 401      00D14FF1 
 401      A2DBD5FE 
 401      764E27D1 
 401      C29C
 402 0c76 EB8C071D 		.ascii	"\353\214\007\035\0040\201\215FZ\034\225\223,\031w\244"
 402      0430818D 
 402      465A1C95 
 402      932C1977 
 402      A4
 403 0c87 679A307D 		.ascii	"g\2320}J.\260\351\003u<\312sd\026o6\305J\331\374\376"
 403      4A2EB0E9 
 403      03753CCA 
 403      7364166F 
 403      36C54AD9 
 404 0c9d 0896ACE5 		.ascii	"\010\226\254\345\374n\251\314\373\304D\316q\311)\327"
 404      FC6EA9CC 
 404      FBC444CE 
 404      71C929D7 
 405 0cad 0C0F6F3B 		.ascii	"\014\017o;\236{\300\331\2337\225N\020\262\013\334\357"
 405      9E7BC0D9 
 405      9B37954E 
 405      10B20BDC 
 405      EF
 406 0cbe 2889A3E3 		.ascii	"(\211\243\343,\363uLn\242\371\254\344\304\023e\223X"
 406      2CF3754C 
 406      6EA2F9AC 
 406      E4C41365 
 406      9358
 407 0cd0 DBCC9B95 		.ascii	"\333\314\233\225\234y6V\223e\222O\222$\345L8J1\350\260"
 407      9C793656 
 407      9365924F 
 407      9224E54C 
 407      384A31E8 
 408 0ce5 F9867C32 		.ascii	"\371\206|2\246m \331\217D\365ua\"\3468d\277\354\357"
 408      A66D20D9 
 408      8F44F575 
 408      6122E638 
 408      64BFECEF 
ARM GAS  C:\Users\PETERL~1\AppData\Local\Temp\ccgnzXDP.s 			page 32


 409 0cf9 F2D90FF6 		.ascii	"\362\331\017\366r\350\210\264\231E\347\0366q\323\035"
 409      72E888B4 
 409      9945E71E 
 409      3671D31D 
 410 0d09 59ED8FBE 		.ascii	"Y\355\217\276I\"\310\322\362\353\013\251\240,\216\001"
 410      4922C8D2 
 410      F2EB0BA9 
 410      A02C8E01 
 411 0d19 EF70540E 		.ascii	"\357pT\016\363\260\202?\352%\371r\301\321\032\265\016"
 411      F3B0823F 
 411      EA25F972 
 411      C1D11AB5 
 411      0E
 412 0d2a 01FFE847 		.ascii	"\001\377\350G \010I\0107yAl\236\277\301=a\212\"m>1E"
 412      20084908 
 412      3779416C 
 412      9EBFC13D 
 412      618A226D 
 413 0d41 3CC8DD2E 		.ascii	"<\310\335.\230b\027\326\332\231b\356\207\274)\362\201"
 413      986217D6 
 413      DA9962EE 
 413      87BC29F2 
 413      81
 414 0d52 AFCF7972 		.ascii	"\257\317yr\027\307;\201\024\346D\006CL\220\310q2\212"
 414      17C73B81 
 414      14E64406 
 414      434C90C8 
 414      71328A
 415 0d65 46A2F138 		.ascii	"F\242\3618D\343C\310\020\263\320\262!*\347\341j\206"
 415      44E343C8 
 415      10B3D0B2 
 415      212AE7E1 
 415      6A86
 416 0d77 EB125C33 		.ascii	"\353\022\\3E\031\3032\304;\234\314\226k\316\305\221"
 416      4519C332 
 416      C43B9CCC 
 416      966BCEC5 
 416      91
 417 0d88 AE234C30 		.ascii	"\256#L0\312\377w\035!6D\264]r8\314\014\301Nz.\010\363"
 417      CAFF771D 
 417      213644B4 
 417      5D7238CC 
 417      0CC14E7A 
 418 0d9f E18074D4 		.ascii	"\341\200t\324\210&D\011M\020\277\327\242\373\322+\246"
 418      88264409 
 418      4D10BFD7 
 418      A2FBD22B 
 418      A6
 419 0db0 88959D96 		.ascii	"\210\225\235\226\001k\333\323\214\343\260\334@\261\351"
 419      016BDBD3 
 419      8CE3B0DC 
 419      40B1E9
 420 0dbf 74B981B8 		.ascii	"t\271\201\270\275\376\333D\023\311\323$\272\256\362"
 420      BDFEDB44 
 420      13C9D324 
 420      BAAEF2
 421 0dce 61EB74B9 		.ascii	"a\353t\271qX\016\006x\376\345\226\003\261\331\342\354"
ARM GAS  C:\Users\PETERL~1\AppData\Local\Temp\ccgnzXDP.s 			page 33


 421      71580E06 
 421      78FEE596 
 421      03B1D9E2 
 421      EC
 422 0ddf CC962F2C 		.ascii	"\314\226/,\244\226\3715*\272j\332\037*e\261%\313\374"
 422      A496F935 
 422      2ABA6ADA 
 422      1F2A65B1 
 422      25CBFC
 423 0df2 32D9CEE5 		.ascii	"2\331\316\345H>\236^\354/Z\033\006Kp\234\364c\230\363"
 423      483E9E5E 
 423      EC2F5A1B 
 423      064B709C 
 423      F46398F3 
 424 0e06 AFA692E9 		.ascii	"\257\246\222\351\360\315\023GVt\340\207\233T\304\232"
 424      F0CD1347 
 424      5674E087 
 424      9B54C49A 
 425 0e16 528FEED0 		.ascii	"R\217\356\320\243\256\310'p\251\237\333\216\266\271"
 425      A3AEC827 
 425      70A99FDB 
 425      8EB6B9
 426 0e25 9AA03423 		.ascii	"\232\2404#[\353*\251\325\252\232\263\316^X\323+0\233"
 426      5BEB2AA9 
 426      D5AA9AB3 
 426      CE5E58D3 
 426      2B309B
 427 0e38 EC2437F4 		.ascii	"\354$7\364\362\013\220\324d\207\342;a\317\304\011\035"
 427      F20B90D4 
 427      6487E23B 
 427      61CFC409 
 427      1D
 428 0e49 2E70A595 		.ascii	".p\245\225xTN\363\250\026\0273\242\364D1\344\241\012"
 428      78544EF3 
 428      A8161733 
 428      A2F44431 
 428      E4A10A
 429 0e5c 464C6CCD 		.ascii	"FLl\315H\327\341\032F\324%M~\216\233\330}\327\310\245"
 429      48D7E11A 
 429      46D4254D 
 429      7E8E9BD8 
 429      7DD7C8A5 
 430 0e70 236EB893 		.ascii	"#n\270\223\022\252\374#\243i\034_\272{x\212}x\023F\277"
 430      12AAFC23 
 430      A3691C5F 
 430      BA7B788A 
 430      7D781346 
 431 0e85 4546BF03 		.ascii	"EF\277\003\271\247\234\367a\015\370\260\022|W\015\255"
 431      B9A79CF7 
 431      610DF8B0 
 431      127C570D 
 431      AD
 432 0e96 02DA3968 		.ascii	"\002\3329hU\320\316\332\227\020E\3572m\310\012q\006"
 432      55D0CEDA 
 432      971045EF 
 432      326DC80A 
 432      7106
ARM GAS  C:\Users\PETERL~1\AppData\Local\Temp\ccgnzXDP.s 			page 34


 433 0ea8 B3D79DAF 		.ascii	"\263\327\235\257\020\345\255\302\214(s\344\266O\271"
 433      10E5ADC2 
 433      8C2873E4 
 433      B64FB9
 434 0eb7 264B4EC1 		.ascii	"&KN\301'&>\325\025\363\274\022\301\310VL\021n\251#\256"
 434      27263ED5 
 434      15F3BC12 
 434      C1C8564C 
 434      116EA923 
 435 0ecc E34CB3E4 		.ascii	"\343L\263\344\026\010\345\351ii\231\005\350B\021t\211"
 435      1608E5E9 
 435      69699905 
 435      E8421174 
 435      89
 436 0edd 34B47022 		.ascii	"4\264p\"\232\035K\302\244\374\2110!\347f\3433\247\344"
 436      9A1D4BC2 
 436      A4FC8930 
 436      21E766E3 
 436      33A7E4
 437 0ef0 FCEF5990 		.ascii	"\374\357Y\220\230+\334*I$\236\007\264\333B\321[\216"
 437      982BDC2A 
 437      49249E07 
 437      B4DB42D1 
 437      5B8E
 438 0f02 1D7FD412 		.ascii	"\035\177\324\022\273\247\026\\\362\254\356!\277\"g\365"
 438      BBA7165C 
 438      F2ACEE21 
 438      BF2267F5 
 439 0f12 9C91E301 		.ascii	"\234\221\343\001\026\012\311\025\373\023\330\011\201"
 439      160AC915 
 439      FB13D809 
 439      81
 440 0f1f 89ED2167 		.ascii	"\211\355!g\316\337\304x\204=<v\262\272\321\025\3171"
 440      CEDFC478 
 440      843D3C76 
 440      B2BAD115 
 440      CF31
 441 0f31 A23E7334 		.ascii	"\242>s4I\215wiYh\035\013\213\343\360AF\244$&\237Q\343"
 441      498D7769 
 441      59681D0B 
 441      8BE3F041 
 441      46A42426 
 442 0f48 22468CE5 		.ascii	"\"F\214\345d6\273\341\022F\264\0350\237r\307\325\224"
 442      6436BBE1 
 442      1246B41D 
 442      309F72C7 
 442      D594
 443 0f5a E06E1D4B 		.ascii	"\340n\035K(\266\036\223Xn|\256B\355\030vY\370Y\1772"
 443      28B61E93 
 443      586E7CAE 
 443      42ED1876 
 443      59F8597F 
 444 0f6f 6AC3923F 		.ascii	"j\303\222?\031evU\026#\334\304\306\253i/IAr\216\376"
 444      19657655 
 444      1623DCC4 
 444      C6AB692F 
 444      4941728E 
ARM GAS  C:\Users\PETERL~1\AppData\Local\Temp\ccgnzXDP.s 			page 35


 445 0f84 A283FE44 		.ascii	"\242\203\376D\277o\231\255\252\273\253x9\231\317z\317"
 445      BF6F99AD 
 445      AABBAB78 
 445      3999CF7A 
 445      CF
 446 0f95 C9C5BFEB 		.ascii	"\311\305\277\353\200\243\360\313\360\377E"
 446      80A3F0CB 
 446      F0FF45
 447 0fa0 2C67A629 		.ascii	",g\246)\037\274\337\254\306]\014,?\361L\265\375q*p\213"
 447      1FBCDFAC 
 447      C65D0C2C 
 447      3FF14CB5 
 447      FD712A70 
 448 0fb5 DEEDC6C2 		.ascii	"\336\355\306\302/B\\~Wv\262+\322z:cG\227A|\341\015j"
 448      2F425C7E 
 448      5776B22B 
 448      D27A3A63 
 448      4797417C 
 449 0fcc 838A7072 		.ascii	"\203\212pr\240{\011:\273\004+t[\327`\362+\321Lb\251"
 449      A07B093A 
 449      BB042B74 
 449      5BD760F2 
 449      2BD14C62 
 450 0fe1 2B1E60E2 		.ascii	"+\036`\342\344Z\016\316\353\360\030%4\225\267\267\276"
 450      E45A0ECE 
 450      EBF01825 
 450      3495B7B7 
 450      BE
 451 0ff2 853CD9EE 		.ascii	"\205<\331\356Z\353\341I\341\0323_\000\270"
 451      5AEBE149 
 451      E11A335F 
 451      00B8
 452 1000 2B10088D 		.ascii	"+\020\010\215\002\334\200T\344\330\222s\037\0105\300"
 452      02DC8054 
 452      E4D89273 
 452      1F0835C0 
 453 1010 47CE08DC 		.ascii	"G\316\010\334\367C\244\014C\273\012m\020\332\220\270"
 453      F743A40C 
 453      43BB0A6D 
 453      10DA90B8 
 454 1020 5E6FEF99 		.ascii	"^o\357\231~\223\257\007, s3\0142 \275\205\222\034\253"
 454      7E93AF07 
 454      2C207333 
 454      0C3220BD 
 454      85921CAB 
 455 1034 89E77F96 		.ascii	"\211\347\177\226\261,\203\374N\221\204H\207\343@\216"
 455      B12C83FC 
 455      4E918448 
 455      87E3408E 
 456 1044 3F120DD1 		.ascii	"?\022\015\321\025\222\330\261G\232U4\307'\233\0310\304"
 456      1592D8B1 
 456      479A5534 
 456      C7279B19 
 456      30C4
 457 1056 47AF23B3 		.ascii	"G\257#\263h\326\332\375\352k\267\"Y\204\205\334|\225"
 457      68D6DAFD 
 457      EA6BB722 
ARM GAS  C:\Users\PETERL~1\AppData\Local\Temp\ccgnzXDP.s 			page 36


 457      598485DC 
 457      7C95
 458 1068 0E4C8CD1 		.ascii	"\016L\214\321\"i\014\321O?\3751$\003\014Hd\000\224P"
 458      22690CD1 
 458      4F3FFD31 
 458      24030C48 
 458      64009450 
 459 107c D3087B99 		.ascii	"\323\010{\231\033\324\261\212\331\271\2624w\321\017"
 459      1BD4B18A 
 459      D9B9B234 
 459      77D10F
 460 108b FE96D402 		.ascii	"\376\226\324\002\301\022\2430\312\2703\365\304F\257"
 460      C112A330 
 460      CAB833F5 
 460      C446AF
 461 109a C72BA936 		.ascii	"\307+\2516\250\201\177\203\030}\022\214~\035\014}\015"
 461      A8817F83 
 461      187D128C 
 461      7E1D0C7D 
 461      0D
 462 10ab DA04B431 		.ascii	"\332\004\2641\261\301\227x\273X\225\031_\246F\267D\026"
 462      B1C19778 
 462      BB589519 
 462      5FA646B7 
 462      4416
 463 10bd D87B4742 		.ascii	"\330{GB&!Q>\022!7K\"\013yr\201Zi\\*O\316\3368V \312"
 463      2621513E 
 463      1221374B 
 463      220B7972 
 463      815A695C 
 464 10d9 9325BA5E 		.ascii	"\223%\272^\222'o\000\330\005!\332\307\245\242\335f\214"
 464      92276F00 
 464      D80521DA 
 464      C7A5A2DD 
 464      668C
 465 10eb 2930C0D3 		.ascii	")0\300\323\214A\216\312\206&\357\313\361,\233u'\332"
 465      8C418ECA 
 465      8626EFCB 
 465      F12C9B75 
 465      27DA
 466 10fd AEA7BAB3 		.ascii	"\256\247\272\263\303\310_\321_ds\242\223\330\261Z\022"
 466      C3C85FD1 
 466      5F6473A2 
 466      93D8B15A 
 466      12
 467 110e FD182A73 		.ascii	"\375\030*s\351`\241\012/1\346\352\361\210n7\034\353"
 467      E960A10A 
 467      2F31E6EA 
 467      F1886E37 
 467      1CEB
 468 1120 C672D148 		.ascii	"\306r\321HK\214\232\244\217\360\247\375T\224R\222\377"
 468      4B8C9AA4 
 468      8FF0A7FD 
 468      54945292 
 468      FF
 469 1131 408DD3D9 		.ascii	"@\215\323\331k\255)\207St\370(#N\035\031\210Q\340BF"
 469      6BAD2987 
ARM GAS  C:\Users\PETERL~1\AppData\Local\Temp\ccgnzXDP.s 			page 37


 469      5374F828 
 469      234E1D19 
 469      8851E042 
 470 1146 2CEC6A5C 		.ascii	",\354j\\\222\263\217\012\350\341\334\300dQ6\373\220"
 470      92B38F0A 
 470      E8E1DCC0 
 470      645136FB 
 470      90
 471 1157 2F928AB2 		.ascii	"/\222\212\2628\325}E\215K\030\363\311\261\252\335J\334"
 471      38D57D45 
 471      8D4B18F3 
 471      C9B1AADD 
 471      4ADC
 472 1169 C488FE84 		.ascii	"\304\210\376\204q\263\032w2\342XSS\262\032\0173\"#\""
 472      71B31A77 
 472      32E25853 
 472      53B21A0F 
 472      33222322 
 473 117d 25468727 		.ascii	"%F\207'\031\2219U\026\313\341;\214\350.\2328-\307\363"
 473      19913955 
 473      16CBE13B 
 473      8CE82E9A 
 473      382DC7F3 
 474 1191 94502CD6 		.ascii	"\224P,\326\304v#D\317\360\330g(\321\363cn|. \013\340"
 474      C4762344 
 474      CFF0D867 
 474      28D1F363 
 474      6E7C2E20 
 475 11a7 02B8C024 		.ascii	"\002\270\300$_&b\0323Y)D~\224Y\344\231\371R\350i1,\243"
 475      5F26621A 
 475      33592944 
 475      7E9459E4 
 475      99F952E8 
 476 11bf CCC467E1 		.ascii	"\314\304g\341r\250L\345\260/\000\177\205\301\365\261"
 476      72A84CE5 
 476      B02F007F 
 476      85C1F5B1 
 477 11cf 2880CD05 		.ascii	"(\200\315\005\364\033 \022\221\017%\205\021\002\362"
 477      F41B2012 
 477      910F2585 
 477      1102F2
 478 11de 6CAD2D05 		.ascii	"l\255-\005<rdu\374\012%\207~-\004,O\006\344\374\201"
 478      3C726475 
 478      FC0A2587 
 478      7E2D042C 
 478      4F06E4FC 
 479 11f3 4303B60F 		.ascii	"C\003\266\017Q\232|T(\002\200\346\205X$/9\217\305m\240"
 479      519A7C54 
 479      280280E6 
 479      8558242F 
 479      398FC56D 
 480 1208 CBD3F402 		.ascii	"\313\323\364\002/L\325\035N\346\354\326\240\010\271"
 480      2F4CD51D 
 480      4EE6ECD6 
 480      A008B9
 481 1217 381B6D97 		.ascii	"8\033m\227[\203(\351\354@\241\013>\245\243\316\213?"
 481      5B8328E9 
ARM GAS  C:\Users\PETERL~1\AppData\Local\Temp\ccgnzXDP.s 			page 38


 481      EC40A10B 
 481      3EA5A3CE 
 481      8B3F
 482 1229 D27B811D 		.ascii	"\322{\201\035\241\233h\25047\347\277B#\305D#e\254\375"
 482      A19B68A8 
 482      3437E7BF 
 482      4223C544 
 482      2365ACFD 
 483 123d 52250BE2 		.ascii	"R%\013\342\367\011i\236]\374\203Ftx\017\375\242!b\344"
 483      F709699E 
 483      5DFC8346 
 483      74780FFD 
 483      A22162E4 
 484 1251 E437D0D7 		.ascii	"\3447\320\327V\242h9]p\353\357\035,\321\274\020\317"
 484      56A26839 
 484      5D70EBEF 
 484      1D2CD1BC 
 484      10CF
 485 1263 2BB5CA48 		.ascii	"+\265\312H%\212\224\257DQr\302\276S\376\202\365%z&\377"
 485      258A94AF 
 485      445172C2 
 485      BE53FE82 
 485      F5257A26 
 486 1278 30E2A61B 		.ascii	"0\342\246\033.\247b\271\224L\354x\235V\232ve\346\003"
 486      2EA762B9 
 486      944CEC78 
 486      9D569A76 
 486      65E603
 487 128b B0C93798 		.ascii	"\260\3117\230\274\033\307\033$\001\014\022\017\206\330"
 487      BC1BC71B 
 487      24010C12 
 487      0F86D8
 488 129a 0D6D975C 		.ascii	"\015m\227\\tDq#\223\226~0\006\212\225c\312o\035\371"
 488      74447123 
 488      93967E30 
 488      068A9563 
 488      CA6F1DF9 
 489 12ae 8955A19F 		.ascii	"\211U\241\237\006\304:\015\232\303\214\323Y<\014\361"
 489      06C43A0D 
 489      9AC38CD3 
 489      593C0CF1 
 490 12be F100B644 		.ascii	"\361\000\266D;\344R\274\242<\336N\003\"N* r\006&\306"
 490      3BE452BC 
 490      A23CDE4E 
 490      03224E2A 
 490      20720626 
 491 12d3 AC19CA72 		.ascii	"\254\031\312r\023\002\"\011\200f\205\200\210\223\012"
 491      13022209 
 491      80668580 
 491      88930A
 492 12e2 08ABF228 		.ascii	"\010\253\362(\021t^N\1772s\353\247F5\270\216\332R\261"
 492      11745E4E 
 492      7F3273EB 
 492      A74635B8 
 492      8EDA52B1 
 493 12f6 905530E6 		.ascii	"\220U0\346\316\312v;k\336\002\300\333\004p\032FN\341"
 493      CECA763B 
ARM GAS  C:\Users\PETERL~1\AppData\Local\Temp\ccgnzXDP.s 			page 39


 493      6BDE02C0 
 493      DB04701A 
 493      464EE1
 494 1309 01F70160 		.ascii	"\001\367\001`*\200\355\201\226\006m\257\334\356\334"
 494      2A80ED81 
 494      96066DAF 
 494      DCEEDC
 495 1318 FBD17BA2 		.ascii	"\373\321{\242s\211\373\374{\322sy[\270\345Jl\027\265"
 495      7389FBFC 
 495      7BD27379 
 495      5BB8E54A 
 495      6C17B5
 496 132b D75D98F8 		.ascii	"\327]\230\370\367$\231\205Z\375\006\277R\020\340\031"
 496      F7249985 
 496      5AFD06BF 
 496      5210E019 
 497 133b 475EC713 		.ascii	"G^\307\023\214\3717\200\223\030-Y\3168m\306y\342+\276"
 497      8CF93780 
 497      93182D59 
 497      CE386DC6 
 497      79E22BBE 
 498 134f 265A50A7 		.ascii	"&ZP\247H\271\241\345\304\365A7a\241\270\251\243\207"
 498      48B9A1E5 
 498      C4F54137 
 498      61A1B8A9 
 498      A387
 499 1361 3EE90077 		.ascii	">\351\000wG\360E\212\224/l\246\333\017\346z\232\351"
 499      47F0458A 
 499      942F6CA6 
 499      DB0FE67A 
 499      9AE9
 500 1373 C01F8FB7 		.ascii	"\300\037\217\267\265t \334\311\246\\rG\376e%\276\314"
 500      B57420DC 
 500      C9A65C72 
 500      47FE6525 
 500      BECC
 501 1385 88918989 		.ascii	"\210\221\211\2110\366mf5\235p\035=\035\311\010\017\263"
 501      30F66D66 
 501      359D701D 
 501      3D1DC908 
 501      0FB3
 502 1397 87F91327 		.ascii	"\207\371\023'\257`|\217\022\270\260\260\357\317\316"
 502      AF607C8F 
 502      12B8B0B0 
 502      EFCFCE
 503 13a6 3ECA90A1 		.ascii	">\312\220\241L^\210\303 D\226\\T\213U\305\016\361gC"
 503      4C5E88C3 
 503      2044965C 
 503      548B55C5 
 503      0EF16743 
 504 13ba E4FBC843 		.ascii	"\344\373\310C`\257Li/\330\276\245\313\224\262\325\271"
 504      60AF4C69 
 504      2FD8BEA5 
 504      CB94B2D5 
 504      B9
 505 13cb 0ED3828B 		.ascii	"\016\323\202\2135d\027\025\010\035\005\224\014\271\315"
 505      35641715 
ARM GAS  C:\Users\PETERL~1\AppData\Local\Temp\ccgnzXDP.s 			page 40


 505      081D0594 
 505      0CB9CD
 506 13da 4C99F2E5 		.ascii	"L\231\362\345\016\251\217\200TR\022\222\317\240\332"
 506      0EA98F80 
 506      54521292 
 506      CFA0DA
 507 13e9 62A2109E 		.ascii	"b\242\020\236g\012o\317\314/c_\277\231\325\264\254\235"
 507      670A6FCF 
 507      CC2F635F 
 507      BF99D5B4 
 507      AC9D
 508 13fb DD9184D9 		.ascii	"\335\221\204\331B\346Nw\260\333\262\306\330\267\\s\224"
 508      42E64E77 
 508      B0DBB2C6 
 508      D8B75C73 
 508      94
 509 140c 7F57E2E2 		.ascii	"\177W\342\342I\216\322\377Dw\256\263\367rt\316\363S"
 509      498ED2FF 
 509      4477AEB3 
 509      F77274CE 
 509      F353
 510 141e 81353FE5 		.ascii	"\2015?\345\263\374Tp#}^!\344\247T\366\025D.\244\211"
 510      B3FC5470 
 510      237D5E21 
 510      E4A754F6 
 510      15442EA4 
 511 1433 3C9AA08E 		.ascii	"<\232\240\216\321\004U`MP\021\321\017\272\264\370\021"
 511      D1045560 
 511      4D5011D1 
 511      0FBAB4F8 
 511      11
 512 1444 9334E65E 		.ascii	"\2234\346^W>[R-T\322\245\251\373\267\231$\331\204V\357"
 512      573E5B52 
 512      2D54D2A5 
 512      A9FBB799 
 512      24D98456 
 513 1459 AEC9CED5 		.ascii	"\256\311\316\325!\333\027X\374\364\231\373ei\030\235"
 513      21DB1758 
 513      FCF499FB 
 513      6569189D 
 514 1469 3E24C80E 		.ascii	">$\310\016\200\365J\340j\013\246\033\366\2474&s\356"
 514      80F54AE0 
 514      6A0BA61B 
 514      F6A73426 
 514      73EE
 515 147b 6A72CA4A 		.ascii	"jr\312J\316\205\017\362\274\2663*\263\334~\3724\337"
 515      CE850FF2 
 515      BCB6332A 
 515      B3DC7EFA 
 515      34DF
 516 148d 9157C3AA 		.ascii	"\221W\303\252\011\"\243B\236\327\252\010*r\340\215+"
 516      0922A342 
 516      9ED7AA08 
 516      2A72E08D 
 516      2B
 517 149e A4B991EC 		.ascii	"\244\271\221\354\034\3530\343\265\355\020\035\276\303"
 517      1CEB30E3 
ARM GAS  C:\Users\PETERL~1\AppData\Local\Temp\ccgnzXDP.s 			page 41


 517      B5ED101D 
 517      BEC3
 518 14ac DCBB1A18 		.ascii	"\334\273\032\030I\351t\223g\264-K\342Sd\312z\226\012"
 518      49E97493 
 518      67B42D4B 
 518      E25364CA 
 518      7A960A
 519 14bf 4BBEB1BC 		.ascii	"K\276\261\274\216\030\257\355S\312\343\202\000v'n\223"
 519      8E18AFED 
 519      53CAE382 
 519      0076276E 
 519      93
 520 14d0 C03045CF 		.ascii	"\3000E\317\035\3717H|\224A|\024\303\3649\015\355\004"
 520      1DF93748 
 520      7C94417C 
 520      14C3F439 
 520      0DED04
 521 14e3 B493D04A 		.ascii	"\264\223\320J\241\235\201vJ\224\215\314\205\205$m\223"
 521      A19D8176 
 521      4A948DCC 
 521      8585246D 
 521      93
 522 14f4 38CCE635 		.ascii	"8\314\3465\266\305[\216\334>\254\243w\221$P\362D`\023"
 522      B6C55B8E 
 522      DC3EACA3 
 522      77912450 
 522      F2446013 
 523 1508 50B2995B 		.ascii	"P\262\231[\030\351\226;\335\371\225\313\311\316\357"
 523      18E9963B 
 523      DDF995CB 
 523      C9CEEF
 524 1517 4FFCC62F 		.ascii	"O\374\306/=\353v\234\032\307\270\323(\2705T\232\346"
 524      3DEB769C 
 524      1AC7B8D3 
 524      28B83554 
 524      9AE6
 525 1529 BAEA80C9 		.ascii	"\272\352\200\311\\4]\2708\3676\314\2630\323\022\371"
 525      5C345DB8 
 525      38F736CC 
 525      B330D312 
 525      F9
 526 153a 249DBC84 		.ascii	"$\235\274\204*l\323CF\356\331\210g\345\253\340\305\274"
 526      2A6CD343 
 526      46EED988 
 526      67E5ABE0 
 526      C5BC
 527 154c 43B9ADAE 		.ascii	"C\271\255\256\270\216\241\354\316\212\351\325P\024\372"
 527      B88EA1EC 
 527      CE8AE9D5 
 527      5014FA
 528 155b 25B3A9FA 		.ascii	"%\263\251\372\361\343\367)@\245\010\240\322\012PE\001"
 528      F1E3F729 
 528      40A508A0 
 528      D20A5045 
 528      01
 529 156c E25BC66B 		.ascii	"\342[\306k\\\350\376\225TUl\003\033\275\263\275\205"
 529      5CE8FE95 
ARM GAS  C:\Users\PETERL~1\AppData\Local\Temp\ccgnzXDP.s 			page 42


 529      54556C03 
 529      1BBDB3BD 
 529      85
 530 157d B3F555CB 		.ascii	"\263\365U\313i\347\360\351\021\225S\325j\250j\347\344"
 530      69E7F0E9 
 530      119553D5 
 530      6AA86AE7 
 530      E4
 531 158e BC6E4545 		.ascii	"\274nEE\013\205J\334\307\244\272p\270b\0103\251\362"
 531      0B854ADC 
 531      C7A4BA70 
 531      B8620833 
 531      A9F2
 532 15a0 6D52C10B 		.ascii	"mR\301\013\250V$U\255U\252\363T\252\333\023\371K\356"
 532      A8562455 
 532      AD55AAF3 
 532      54AADB13 
 532      F94BEE
 533 15b3 7882014C 		.ascii	"x\202\001L]\012\333O\214c)2\237\265S\253N\004Pg\005"
 533      5D0ADB4F 
 533      8C632932 
 533      9FB553AB 
 533      4E045067 
 534 15c8 A8A7000B 		.ascii	"\250\247\000\013\2255\211:\034\361\034\373r\241+b\207"
 534      9535893A 
 534      1CF11CFB 
 534      72A12B62 
 534      87
 535 15d9 3B0368B5 		.ascii	";\003h\265\003\270 \002\270`\005h\240\000\227\312\232"
 535      03B82002 
 535      B8600568 
 535      A00097CA 
 535      9A
 536 15ea 4B35F810 		.ascii	"K5\370\020\003h\037=\377.{\377\252\335\373\215\242\367"
 536      03681F3D 
 536      FF2E7BFF 
 536      AADDFB8D 
 536      A2F7
 537 15fc 1BADEF37 		.ascii	"\033\255\35771\3074\0166p\270\232\275?\177\354\334v"
 537      31C7340E 
 537      3670B89A 
 537      BD3F7FEC 
 537      DC76
 538 160e 2D03B865 		.ascii	"-\003\270e\007\320,\002h\266\002\264P\200>\313\360\035"
 538      07D02C02 
 538      68B602B4 
 538      50803ECB 
 538      F01D
 539 1620 3975C204 		.ascii	"9u\302\004\262:&/w\261\315\371\311B\033uB\253\325\011"
 539      B23A262F 
 539      77B1CDF9 
 539      C9421B75 
 539      42ABD509 
 540 1634 69FB1A52 		.ascii	"i\373\032R\345\370*\223\240z\357\255V7\"\201\011\022"
 540      E5F82A93 
 540      A07AEFAD 
 540      56372281 
ARM GAS  C:\Users\PETERL~1\AppData\Local\Temp\ccgnzXDP.s 			page 43


 540      0912
 541 1646 F99D0F76 		.ascii	"\371\235\017v\207\307g\231,\217\037\3773}\013\265\213"
 541      87C76799 
 541      2C8F1FFF 
 541      337D0BB5 
 541      8B
 542 1657 C468B78A 		.ascii	"\304h\267\212\321\341T\214\254\216\375\005\310\326w"
 542      D1E1548C 
 542      AC8EFD05 
 542      C8D677
 543 1666 91C5C719 		.ascii	"\221\305\307\031\313\300N\245S\331\272\250l\235V\331"
 543      CBC04EA5 
 543      53D9BAA8 
 543      6C9D56D9 
 544 1676 AEF5F707 		.ascii	"\256\365\367\007\342\233L\264\250\335\231\031Z\274\355"
 544      E29B4CB4 
 544      A8DD9919 
 544      5ABCED
 545 1685 794A14A4 		.ascii	"yJ\024\244$]\"\320\350\022\025\003z\"\343\273:9*\271"
 545      245D22D0 
 545      E8121503 
 545      7A22E3BB 
 545      3A392AB9 
 546 1699 A52AB349 		.ascii	"\245*\263Ik\246\326\253\372\200B\242n\253\340\3502@"
 546      6BA6D6AB 
 546      FA8042A2 
 546      6EABE0E8 
 546      3240
 547 16ab 1392C9DE 		.ascii	"\023\222\311\336Ce7\327w\\\203\315\2213\344\221\316"
 547      436537D7 
 547      775C83CD 
 547      9133E491 
 547      CE
 548 16bc 89714C91 		.ascii	"\211qL\221!\256\266\257\342\201\251Azm\270}\004\267"
 548      21AEB6AF 
 548      E281A941 
 548      7A6DB87D 
 548      04B7
 549 16ce D78A7B85 		.ascii	"\327\212{\205\342\336k,8\257\301\231\316p{\362\303\343"
 549      E2DE6B2C 
 549      38AFC199 
 549      CE707BF2 
 549      C3E3
 550 16e0 11C3AD74 		.ascii	"\021\303\255t\300\355\267\341\016\020\334~+\356U\212"
 550      C0EDB7E1 
 550      0E10DC7E 
 550      2BEE558A 
 551 16f0 BBBDAF44 		.ascii	"\273\275\257D\217K(,w1\351\341e\225PS\230\335\313HM"
 551      8F4B282C 
 551      7731E9E1 
 551      65955053 
 551      98DDCB48 
 552 1705 6181E434 		.ascii	"a\201\3444(,\226%O\324\024v\331p\0102\340\267\311\206"
 552      282C9625 
 552      4FD41476 
 552      D9700832 
 552      E0B7C986 
ARM GAS  C:\Users\PETERL~1\AppData\Local\Temp\ccgnzXDP.s 			page 44


 553 1719 20C2FD7D 		.ascii	" \302\375}\303f\214\3173\325\212\257<\210U}?\203\004"
 553      C3668CCF 
 553      33D58AAF 
 553      3C88557D 
 553      3F8304
 554 172c 4D7BCFD8 		.ascii	"M{\317\330\207\347\016\233\314\221\341&\323/\037?VR"
 554      87E70E9B 
 554      CC91E126 
 554      D32F1F3F 
 554      5652
 555 173e 49869924 		.ascii	"I\206\231$\266\001e\244\207\3523\"\377>\274\277\347"
 555      B60165A4 
 555      87EA3322 
 555      FF3EBCBF 
 555      E7
 556 174f E1C2DFED 		.ascii	"\341\302\337\355v\022\026\273\235\304(\333I\220+0W\245"
 556      761216BB 
 556      9DC428DB 
 556      49902B30 
 556      57A5
 557 1761 0E5EB7FF 		.ascii	"\016^\267\377\302\224\030L\340\036\343\271\307(\367"
 557      C294184C 
 557      E01EE3B9 
 557      C728F7
 558 1770 C5EA8E62 		.ascii	"\305\352\216b\235\035w\227\035\3678\317M\256\272/\364"
 558      9D1D7797 
 558      1DF738CF 
 558      4DAEBA2F 
 558      F4
 559 1781 8640BDBF 		.ascii	"\206@\275\277W\210\321\333\030\342eT\374\346\223\377"
 559      5788D1DB 
 559      18E26554 
 559      FCE693FF 
 560 1791 5CB556A6 		.ascii	"\\\265V\246\010\365\0114z\031U\241~\201\306\267\177"
 560      08F50934 
 560      7A1955A1 
 560      7E81C6B7 
 560      7F
 561 17a2 E265D478 		.ascii	"\342e\324xyYo7\372\374b\275\317f\277\015~!\306P_\277"
 561      79596F37 
 561      FAFC62BD 
 561      CF66BF0D 
 561      7E21C650 
 562 17b8 A0F5C6A0 		.ascii	"\240\365\306\240 \377\220\365\233\002CW\321\273U\336"
 562      20FF90F5 
 562      9B024357 
 562      D1BB55DE 
 563 17c8 868055FA 		.ascii	"\206\200U\372\200\015z_"
 563      800D7A5F 
 564 17d0 5FBDEFFA 		.ascii	"_\275\357\372w\336\374\371\252\237\254y\353\335\277"
 564      77DEFCF9 
 564      AA9FAC79 
 564      EBDDBF
 565 17df BDBD1EFA 		.ascii	"\275\275\036\372\337\010\014\012\324\277\241\367\336"
 565      DF080C0A 
 565      D4BFA1F7 
 565      DE
ARM GAS  C:\Users\PETERL~1\AppData\Local\Temp\ccgnzXDP.s 			page 45


 566 17ec E0B7DE2F 		.ascii	"\340\267\336/\320\307?\324W\277>\300\033\260\002\365"
 566      D0C73FD4 
 566      57BF3EC0 
 566      1BB002F5 
 567 17fc EBBD7CF5 		.ascii	"\353\275|\365\033\275C\375a\314\257\203\365!on\226\375"
 567      1BBD43FD 
 567      61CCAF83 
 567      F5216F6E 
 567      96FD
 568 180e E9FF7498 		.ascii	"\351\377t\230\220\257C\326\203\212\276\240\003`\177"
 568      90AF43D6 
 568      838ABEA0 
 568      03607F
 569 181d B8F617EB 		.ascii	"\270\366\027\353\327\022\354\317\0306\035'(\344\355"
 569      D712ECCF 
 569      18361D27 
 569      28E4ED
 570 182c 35AB8342 		.ascii	"5\253\203BV\033\214\253\203\203\014\306\220\325\277"
 570      561B8CAB 
 570      83830CC6 
 570      90D5BF
 571 183b FAC3C76B 		.ascii	"\372\303\307k?\376j\265OP@\260\237\277\336\020\262\372"
 571      3FFE6AB5 
 571      4F5040B0 
 571      9FBFDE10 
 571      B2FA
 572 184d 376BD7AE 		.ascii	"7k\327\256\366\331l\025\320%\320\313\317\3607U\240\227"
 572      F6D96C15 
 572      D025D0CB 
 572      CFF03755 
 572      A097
 573 185f 8FF1AB90 		.ascii	"\217\361\253\220->/\030\375\002\364^\001z\357\220P\203"
 573      2D3E2F18 
 573      FD02F45E 
 573      017AEF90 
 573      5083
 574 1871 3E404FAC 		.ascii	">@O\254\2474\030\251\025\345\033\364!F\227-A\206\020"
 574      A73418A9 
 574      15E51BF4 
 574      2146972D 
 574      418610
 575 1884 A3DCDF3B 		.ascii	"\243\334\337;\304\210\002U\006#eg\006~\357\035\233\201"
 575      C4880255 
 575      06236567 
 575      067EEF1D 
 575      9B81
 576 1896 E9AD4F68 		.ascii	"\351\255Oh@\250\277\267\321\357K\375\233O\021\224W\217"
 576      40A8BFB7 
 576      D1EF4BFD 
 576      9B4F1194 
 576      578F
 577 18a8 48150022 		.ascii	"H\025\000\"i\002\274|\014~0\342f_\353\255_\210\341\255"
 577      6902BC7C 
 577      0C7E30E2 
 577      665FEBAD 
 577      5F88E1AD 
 578 18bc 6706A131 		.ascii	"g\006\2411\0008ZqL\250}6{\201\371\214\372\000\255A\357"
ARM GAS  C:\Users\PETERL~1\AppData\Local\Temp\ccgnzXDP.s 			page 46


 578      00385A71 
 578      4CA87D36 
 578      7B81F98C 
 578      FA00AD41 
 579 18d1 EDFBB597 		.ascii	"\355\373\265\227?\270\304\313\350\006\335\002\355n\334"
 579      3FB8C4CB 
 579      E806DD02 
 579      ED6EDC
 580 18e0 4C8810AF 		.ascii	"L\210\020\257\277\205\352CA\257\347\340\251]\227\212"
 580      BF85EA43 
 580      41AFE7E0 
 580      A95D978A 
 581 18f0 515E46B5 		.ascii	"Q^F\265\355\211\"\330+P\377\225\021.\301\006\375\227"
 581      ED8922D8 
 581      2B50FF95 
 581      112EC106 
 581      FD97
 582 1902 4A63B0C1 		.ascii	"Jc\260\301/\310\213\221~AJ\237\240@#<u%\276\360\002"
 582      2FC88B91 
 582      7E414A9F 
 582      A040233C 
 582      7525BEF0 
 583 1917 CB809555 		.ascii	"\313\200\225U\006\375&p\257\227\361\335o\345\277\315"
 583      06FD2670 
 583      AF97F1DD 
 583      6FE5BFCD 
 584 1927 3E41063D 		.ascii	">A\006=h\305\031\336\341\014\357r\206\3678\303O9\303"
 584      68C519DE 
 584      E10CEF72 
 584      86F738C3 
 584      4F39C3
 585 193a CF38C3CF 		.ascii	"\3178\303\317\261\341\2555\320\336\342\374\015?\377"
 585      B1E1AD35 
 585      D0DEE2FC 
 585      0D3FFF
 586 1949 F6905E5F 		.ascii	"\366\220^_\376\224\030\035\000\336v\011&Q\240$\012m"
 586      FE94181D 
 586      00DE7609 
 586      2651A024 
 586      0A6D
 587 195b D11BE01A 		.ascii	"\321\033\340\032\344\357\2537\310}6{\033\210\226\336"
 587      E4EFAB37 
 587      C87D367B 
 587      1B8896DE 
 588 196b 017A4D88 		.ascii	"\001zM\210\361\013o\177\277M\201\340\337`0\354\027\376"
 588      F10B6F7F 
 588      BF4D81E0 
 588      DF6030EC 
 588      17FE
 589 197d 7E017E46 		.ascii	"~\001~F\225\221\230\030\354\245$\316\377\031X\207\205"
 589      95919818 
 589      ECA524CE 
 589      FF195887 
 589      85
 590 198e 01DC2983 		.ascii	"\001\334)\203\251\371\365Jc@\220\257\236\322\033\375"
 590      A9F9F54A 
 590      634090AF 
ARM GAS  C:\Users\PETERL~1\AppData\Local\Temp\ccgnzXDP.s 			page 47


 590      9ED21BFD 
 591 199e BD378528 		.ascii	"\2757\205(\215\006\375\306\020j'r\343\022\020\262\011"
 591      8D06FDC6 
 591      106A2772 
 591      E31210B2 
 591      09
 592 19af 1EF27313 		.ascii	"\036\362s\023^\347\357\024\006\337\257\341\221J\377"
 592      5EE7EF14 
 592      06DFAFE1 
 592      914AFF
 593 19be 959FD107 		.ascii	"\225\237\321\007\000\024[\214A\033\376\032\374\002\357"
 593      00145B8C 
 593      411BFE1A 
 593      FC02EF
 594 19cd 0678556F 		.ascii	"\006xUo\320\007\372\000\260\313\026\243\321\020\254"
 594      D007FA00 
 594      B0CB16A3 
 594      D110AC
 595 19dc 255ED607 		.ascii	"%^\326\007x\007o\006\315\224\274\323\\h\370\272\204"
 595      78076F06 
 595      CD94BCD3 
 595      5C68F8BA 
 595      84
 596 19ed 78C11500 		.ascii	"x\301\025\000\340y\260\012\370\002B\3013\312\000\306"
 596      E079B00A 
 596      F80242C1 
 596      33CA00C6 
 597 19fd 03D7A02D 		.ascii	"\003\327\240-\201\2404\355\005\356\000\312\035\300|"
 597      81A034ED 
 597      05EE00CA 
 597      1DC07C
 598 1a0c BBC51860 		.ascii	"\273\305\030`\374*\330U\377%L\210\000\357\220/@0\375"
 598      FC2AD855 
 598      FF254C88 
 598      00EF902F 
 598      4030FD
 599 1a1f 16728383 		.ascii	"\026r\203\203\275Bu\326\010a\021\345.\212\031\322\243"
 599      BD4275D6 
 599      086111E5 
 599      2E8A19D2 
 599      A3
 600 1a30 0EF6DAE2 		.ascii	"\016\366\332\342\355g\364\013\334\004\026\003]\230H"
 600      ED67F40B 
 600      DC041603 
 600      5D9848
 601 1a3f F4163AF4 		.ascii	"\364\026:\364\301\372@\230\316\233\200\013\206 \374"
 601      C1FA4098 
 601      CE9B800B 
 601      8620FC
 602 1a4e 1A62116F 		.ascii	"\032b\021o\177\032=\320\031\014i\2027b\310\232g\237"
 602      7F1A3DD0 
 602      190C6982 
 602      3762C89A 
 602      679F
 603 1a60 023E9B7D 		.ascii	"\002>\233}\301\251\253\237\371\005\030\034\370\337y"
 603      C1A9AB9F 
 603      F905181C 
ARM GAS  C:\Users\PETERL~1\AppData\Local\Temp\ccgnzXDP.s 			page 48


 603      F8DF79
 604 1a6f F601602A 		.ascii	"\366\001`*\361\031\344\331\007\001\313\003\277\322\300"
 604      F119E4D9 
 604      0701CB03 
 604      BFD2C0
 605 1a7e 4CAE30D0 		.ascii	"L\2560\320)\342b\240Ag\340\203\316\300\202N\015\275"
 605      29E262A0 
 605      4167E083 
 605      CEC0824E 
 605      0DBD
 606 1a90 A106F0AD 		.ascii	"\241\006\360\255\321\305@\254\362\235/\375\014\306P"
 606      D1C540AC 
 606      F29D2FFD 
 606      0CC650
 607 1a9f 6F7F2F92 		.ascii	"o\177/\222p\014V[\277\004\266\226x\340n\327\307\246"
 607      700C565B 
 607      BF04B696 
 607      78E06ED7 
 607      C7A6
 608 1ab1 B15D97F2 		.ascii	"\261]\227\362K#u,\271\222Y\253&\352\260L\006=\276z\177"
 608      4B23752C 
 608      B99259AB 
 608      26EAB04C 
 608      063DBE7A 
 609 1ac6 A337DC6C 		.ascii	"\2437\334l\014\015\364\361\242<\344NAx\275\015\256p"
 609      0C0DF4F1 
 609      A23CE44E 
 609      4178BD0D 
 609      AE70
 610 1ad8 21D98FB0 		.ascii	"!\331\217\260C\027\031N\307\362\012\274\267!t\023\013"
 610      4317194E 
 610      C7F20ABC 
 610      B7217413 
 610      0B
 611 1ae9 00718F3A 		.ascii	"\000q\217:\330;\320\317\207\370[\011i\214\204\225\312"
 611      D83BD0CF 
 611      87F85B09 
 611      698C8495 
 611      CA
 612 1afa 3FC8E70B 		.ascii	"?\310\347\013r\363<\211\025\2037\304\357\206\320\215"
 612      72F33C89 
 612      158337C4 
 612      EF86D08D 
 613 1b0a 1B89A84A 		.ascii	"\033\211\250J\343\006\257\020\277\377\321\353\010\310"
 613      E306AF10 
 613      BFFFD1EB 
 613      08C8
 614 1b18 161F2F1A 		.ascii	"\026\037/\032r\320\035\242\247\222\273\220k\260\032"
 614      72D01DA2 
 614      A792BB90 
 614      6BB01A
 615 1b27 FE671341 		.ascii	"\376g\023A\005wt~={v\2442\201\033\0240R\260\321\240"
 615      0577747E 
 615      3D7B76A4 
 615      32811B14 
 615      3052B0D1 
 616 1b3c 860B1B5C 		.ascii	"\206\013\033\\+\226\004\373n\330\244\011\360\206iHC"
ARM GAS  C:\Users\PETERL~1\AppData\Local\Temp\ccgnzXDP.s 			page 49


 616      2B9604FB 
 616      6ED8A409 
 616      F0866948 
 616      43
 617 1b4d F93923CC 		.ascii	"\3719#\314\007\230\370\033\014\220\320\203`\366+\202"
 617      0798F81B 
 617      0C90D083 
 617      60F62B82 
 618 1b5d 366E0CD1 		.ascii	"6n\014\321\0339c\200\316\317\327_\317G<D\272+\277\004"
 618      1B396380 
 618      CECFD75F 
 618      CF473C44 
 618      BA2BBF04 
 619 1b71 FB05FA19 		.ascii	"\373\005\372\031\337x\212P!\006\037[\272\366\221\255"
 619      DF788A50 
 619      21061F5B 
 619      BAF691AD 
 620 1b81 B0BDE903 		.ascii	"\260\275\351\003X\240\030\254Kn|\037[\234\276\313S\360"
 620      58A018AC 
 620      4B6E7C1F 
 620      5B9CBECB 
 620      53F0
 621 1b93 3F64537E 		.ascii	"?dS~\221\262\255\025\257\332\236\006\005?\361p\231W"
 621      91B2AD15 
 621      AFDA9E06 
 621      053FF170 
 621      9957
 622 1ba5 C129CE5F 		.ascii	"\301)\316_\205\207\340\212\317?\376\375\206\277\352"
 622      8587E08A 
 622      CF3FFEFD 
 622      86BFEA
 623 1bb4 7D8CFF0E 		.ascii	"}\214\377\016J\275L\310\265\233\3014\037\013\253\344"
 623      4ABD4CC8 
 623      B59BC134 
 623      1F0BABE4 
 624 1bc4 E7417F54 		.ascii	"\347A\177T\005\006\371\005\372C\021\360\035\302\360"
 624      0506F905 
 624      FA4311F0 
 624      1DC2F0
 625 1bd3 191947C4 		.ascii	"\031\031G\304\360\307\027YoP\260\270\323U\010\025#\347"
 625      F0C71759 
 625      6F50B0B8 
 625      D3550815 
 625      23E7
 626 1be5 B3F97F01 		.ascii	"\263\371\177\001\376\016\356\201"
 626      FE0EEE81 
 627              		.text
 628              		.section	.gnu.lto_.symtab.768e321d,"",%progbits
 629 0000 5F737461 		.ascii	"_stats_init\000\000\000\000\000\000\000\000\000\000"
 629      74735F69 
 629      6E697400 
 629      00000000 
 629      00000000 
 630 0015 00003D02 		.ascii	"\000\000=\002\000\000_stats_increase_irq\000\000\000"
 630      00005F73 
 630      74617473 
 630      5F696E63 
ARM GAS  C:\Users\PETERL~1\AppData\Local\Temp\ccgnzXDP.s 			page 50


 630      72656173 
 631 0031 00000000 		.ascii	"\000\000\000\000\000\000\000\000\000?\002\000\000_s"
 631      00000000 
 631      003F0200 
 631      005F73
 632 0040 74617473 		.ascii	"tats_ctxswc\000\000\000\000\000\000\000\000\000\000"
 632      5F637478 
 632      73776300 
 632      00000000 
 632      00000000 
 633 0055 00004402 		.ascii	"\000\000D\002\000\000_stats_start_measure_crit_thd\000"
 633      00005F73 
 633      74617473 
 633      5F737461 
 633      72745F6D 
 634 0079 00000000 		.ascii	"\000\000\000\000\000\000\000\000\000\000\000F\002\000"
 634      00000000 
 634      00000046 
 634      0200
 635 0087 005F7374 		.ascii	"\000_stats_stop_measure_crit_thd\000\000\000\000\000"
 635      6174735F 
 635      73746F70 
 635      5F6D6561 
 635      73757265 
 636 00a9 00000000 		.ascii	"\000\000\000\000\000\000\000H\002\000\000_stats_sta"
 636      00000048 
 636      0200005F 
 636      73746174 
 636      735F7374 
 637 00be 72745F6D 		.ascii	"rt_measure_crit_isr\000\000\000\000\000\000\000\000"
 637      65617375 
 637      72655F63 
 637      7269745F 
 637      69737200 
 638 00d9 00000000 		.ascii	"\000\000\000\000J\002\000\000_stats_stop_measure_cr"
 638      4A020000 
 638      5F737461 
 638      74735F73 
 638      746F705F 
 639 00f7 69745F69 		.ascii	"it_isr\000\000\000\000\000\000\000\000\000\000\000\000"
 639      73720000 
 639      00000000 
 639      00000000 
 639      0000
 640 0109 4C020000 		.ascii	"L\002\000\000ch\000\000\002\000\000\000\000\000\000"
 640      63680000 
 640      02000000 
 640      000000
 641 0118 00000062 		.ascii	"\000\000\000b\002\000\000chTMObjectInit\000\000\002"
 641      02000063 
 641      68544D4F 
 641      626A6563 
 641      74496E69 
 642 0130 00000000 		.ascii	"\000\000\000\000\000\000\000\000\000P\002\000\000ch"
 642      00000000 
 642      00500200 
 642      006368
ARM GAS  C:\Users\PETERL~1\AppData\Local\Temp\ccgnzXDP.s 			page 51


 643 013f 544D4368 		.ascii	"TMChainMeasurementToX\000\000\002\000\000\000\000\000"
 643      61696E4D 
 643      65617375 
 643      72656D65 
 643      6E74546F 
 644 015c 00000000 		.ascii	"\000\000\000\000W\002\000\000chTMStartMeasurementX\000"
 644      57020000 
 644      6368544D 
 644      53746172 
 644      744D6561 
 645 017a 00020000 		.ascii	"\000\002\000\000\000\000\000\000\000\000\000Z\002\000"
 645      00000000 
 645      0000005A 
 645      0200
 646 0188 00636854 		.ascii	"\000chTMStopMeasurementX\000\000\002\000\000\000\000"
 646      4D53746F 
 646      704D6561 
 646      73757265 
 646      6D656E74 
 647 01a4 00000000 		.ascii	"\000\000\000\000\000]\002\000\000"
 647      005D0200 
 647      00
 648              		.text
 649              		.section	.gnu.lto_.opts,"",%progbits
 650 0000 272D666E 		.ascii	"'-fno-trapv' '-mcpu=cortex-m4' '-mno-thumb-interwor"
 650      6F2D7472 
 650      61707627 
 650      20272D6D 
 650      6370753D 
 651 0033 6B272027 		.ascii	"k' '-mthumb' '-ggdb' '-O2' '-fomit-frame-pointer' '"
 651      2D6D7468 
 651      756D6227 
 651      20272D67 
 651      67646227 
 652 0066 2D66616C 		.ascii	"-falign-functions=16' '-ffunction-sections' '-fdata"
 652      69676E2D 
 652      66756E63 
 652      74696F6E 
 652      733D3136 
 653 0099 2D736563 		.ascii	"-sections' '-fno-common' '-flto'\000"
 653      74696F6E 
 653      73272027 
 653      2D666E6F 
 653      2D636F6D 
 654              		.text
 655              		.comm	__gnu_lto_v1,1,1
 656              		.comm	__gnu_lto_slim,1,1
 657              		.ident	"GCC: (GNU Tools for ARM Embedded Processors) 4.9.3 20150529 (release) [ARM/embedded-4_9-br
ARM GAS  C:\Users\PETERL~1\AppData\Local\Temp\ccgnzXDP.s 			page 52


DEFINED SYMBOLS
                            *ABS*:00000000 chstats.c
                            *COM*:00000001 __gnu_lto_v1
                            *COM*:00000001 __gnu_lto_slim

NO UNDEFINED SYMBOLS
