ARM GAS  C:\Users\PETERL~1\AppData\Local\Temp\ccxhtH0q.s 			page 1


   1              		.syntax unified
   2              		.cpu cortex-m4
   3              		.fpu softvfp
   4              		.eabi_attribute 20, 1
   5              		.eabi_attribute 21, 1
   6              		.eabi_attribute 23, 3
   7              		.eabi_attribute 24, 1
   8              		.eabi_attribute 25, 1
   9              		.eabi_attribute 26, 1
  10              		.eabi_attribute 30, 2
  11              		.eabi_attribute 34, 1
  12              		.eabi_attribute 18, 4
  13              		.thumb
  14              		.file	"hal.c"
  15              		.text
  16              	.Ltext0:
  17              		.section	.gnu.lto_.profile.bbac4107,"",%progbits
  18 0000 789C6366 		.ascii	"x\234cf```a\200\000F\006Sv\000\000\345\000E"
  18      60606061 
  18      80004606 
  18      53760000 
  18      E50045
  19              		.text
  20              		.section	.gnu.lto_.jmpfuncs.bbac4107,"",%progbits
  21 0000 789C6366 		.ascii	"x\234cf\300\016\324\2404#\224b\372\310\3048\255\377"
  21      C00ED4A0 
  21      34239462 
  21      FAC8C438 
  21      ADFF
  22 0012 CA0EE6DA 		.ascii	"\312\016\346\332\337\0153\0328~21\374e\002\211/g\254"
  22      DF0D331A 
  22      387E3231 
  22      FC650289 
  22      2F67AC
  23 0025 055200C1 		.ascii	"\005R\000\301\206\012\016"
  23      860A0E
  24              		.text
  25              		.section	.gnu.lto_.inline.bbac4107,"",%progbits
  26 0000 789C6366 		.ascii	"x\234cf\300\016\364\2404#\003\003\247)#\003\023\220"
  26      C00EF4A0 
  26      34230303 
  26      A7292303 
  26      1390
  27 0012 C9B6409E 		.ascii	"\311\266@\236\011,\304\205B0q\203T\201\231\014\0003"
  27      092CC485 
  27      42307183 
  27      5481990C 
  27      0033
  28 0024 A00175   		.ascii	"\240\001u"
  29              		.text
  30              		.section	.gnu.lto_.pureconst.bbac4107,"",%progbits
  31 0000 789C6366 		.ascii	"x\234cf```f\200\000F\006\011\000\000x\000 "
  31      60606066 
  31      80004606 
  31      09000078 
  31      0020
  32              		.text
ARM GAS  C:\Users\PETERL~1\AppData\Local\Temp\ccxhtH0q.s 			page 2


  33              		.section	.gnu.lto_halInit.bbac4107,"",%progbits
  34 0000 789C7590 		.ascii	"x\234u\220\261KBQ\024\306\317w\236>%\011\242)\374\007"
  34      B14B4251 
  34      14C6CF77 
  34      9E3E2509 
  34      A229FC07 
  35 0014 84880CDA 		.ascii	"\204\210\014\332Z\335\232\202V\227\262A!\020\262\306"
  35      5ADD9A82 
  35      5697B241 
  35      2110B2C6 
  36 0024 87EFA543 		.ascii	"\207\357\245CSJ\210\010Q\015\021i\226ZK\016\015\357"
  36      534A8808 
  36      510D1169 
  36      965A4B0E 
  36      0DEF
  37 0036 2F48C2A0 		.ascii	"/H\302\240Ej1\250-qz\204\330\271\317\210\240\274p9\347"
  37      456A31A8 
  37      2D717A84 
  37      D8B9CF88 
  37      A0BC7039 
  38 004b 9EEF77CF 		.ascii	"\236\357w\317\371\356\325\350\357\012\312.\203hN\"4"
  38      F9EED5E8 
  38      EF0ACA2E 
  38      83684E22 
  38      34
  39 005c 02E7EF89 		.ascii	"\002\347\357\211,?\003*!P\232\221\306;\367\030y\273"
  39      2C3F032A 
  39      21509A91 
  39      C63BF718 
  39      79BB
  40 006e 5A0A84CE 		.ascii	"Z\012\204\316L\323\374\330mY+6\034&\352\363\250\017"
  40      4CD3FCD8 
  40      6D592B36 
  40      1C26EAF3 
  40      A80F
  41 0080 CE112281 		.ascii	"\316\021\"\201z\331\301S@\317\01245\322P\206.\375\251"
  41      7AD9C153 
  41      40CF0A34 
  41      35D25086 
  41      2EFDA9
  42 0093 3E6D9BC3 		.ascii	">m\233\303\341i\361\256\355\361\021uER\003^\231U\324"
  42      E169F1AE 
  42      EDF11175 
  42      4552035E 
  42      9955D4
  43 00a6 3AC8D883 		.ascii	":\310\330\203I\305\252&\307\355\375\032\033\237\346"
  43      49C5AA26 
  43      C7EDFD1A 
  43      1B9FE6
  44 00b5 9EE97718 		.ascii	"\236\351w\030}\226\373\250\300 G\350\016\262\366\201"
  44      7D96FBA8 
  44      C02047E8 
  44      0EB2F681 
  45 00c5 FE2FA9F5 		.ascii	"\376/\251\365E'\\\010)R1\367\330\324D*)\3113P^\244\372"
  45      45275C08 
  45      295231F7 
  45      D8D4442A 
ARM GAS  C:\Users\PETERL~1\AppData\Local\Temp\ccxhtH0q.s 			page 3


  45      29C93350 
  46 00dc D26D3DF8 		.ascii	"\322m=\370\337X*\356\261\222+4q\204C+\257(/\2520p\211"
  46      DF582AEE 
  46      B1922B34 
  46      7184432B 
  46      AF282FAA 
  47 00f3 A0AB9D74 		.ascii	"\240\253\235t\313\245\2004\230\021\030WB\271CQ\203\341"
  47      CBA58034 
  47      98111857 
  47      42B94351 
  47      83E1
  48 0105 B04ECA71 		.ascii	"\260N\312q\3037\316\261&>\352?\2163vab\034)>\320\370"
  48      C337CEB1 
  48      263EEA3F 
  48      8E337661 
  48      621C293E 
  49 011b 45DE8C25 		.ascii	"E\336\214%\275B^\177\223\317\260\354\333e\227$\365\233"
  49      BD425E7F 
  49      93CFB0EC 
  49      DB659724 
  49      F59B
  50 012d 50BF284F 		.ascii	"P\277(O\234\215,E#\361\304zbu{g#\221\214\306T\236L-"
  50      9C8D2C45 
  50      23F1C47A 
  50      62757B67 
  50      23918CC6 
  51 0145 2E8493A9 		.ascii	".\204\223\251p|m3\234\332\212\2518\037\243/\211\024"
  51      707C6D33 
  51      9CDA8AA9 
  51      381FA32F 
  51      8914
  52 0157 A4EF     		.ascii	"\244\357"
  53              		.text
  54              		.section	.gnu.lto_.symbol_nodes.bbac4107,"",%progbits
  55 0000 789C4DC8 		.ascii	"x\234M\3101\016\202@\030D\341\267\363\263\206\222\033"
  55      310E8240 
  55      1844E1B7 
  55      F3B38692 
  55      1B
  56 0011 0F052A52 		.ascii	"\017\005*R\021\016`,8\0125g\320\204s\020\025-v\232/"
  56      110E602C 
  56      380A3567 
  56      D0847310 
  56      152D769A 
  57 0026 6F0298F8 		.ascii	"o\002\230\370O\235\014\343\0126\367GM\276\212\306\244"
  57      4F9D0CE3 
  57      0A36F747 
  57      4DBE8AC6 
  57      A4
  58 0037 414EBF9F 		.ascii	"AN\277\237\266\255I7Ye\367r\224}\221\253\262\317r.:"
  58      B6AD4937 
  58      5965F772 
  58      947D91AB 
  58      B2CF722E 
  59 004c 38313FF7 		.ascii	"81?\367\024d\226\303\212\3550\350^_\305\374\2217\261"
  59      146496C3 
  59      8AED30E8 
ARM GAS  C:\Users\PETERL~1\AppData\Local\Temp\ccxhtH0q.s 			page 4


  59      5E5FC5FC 
  59      9137B1
  60 005f A12708   		.ascii	"\241'\010"
  61              		.text
  62              		.section	.gnu.lto_.refs.bbac4107,"",%progbits
  63 0000 789C6366 		.ascii	"x\234cf```c\200\000F\006&F&\006\000\000\261\000\020"
  63      60606063 
  63      80004606 
  63      26462606 
  63      0000B100 
  64              		.text
  65              		.section	.gnu.lto_.decls.bbac4107,"",%progbits
  66 0000 789CAD55 		.ascii	"x\234\255U{LSW\030\277\247\247\017(\035\232\221\314"
  66      7B4C5357 
  66      18BFA7A7 
  66      0F281D9A 
  66      91CC
  67 0012 C5988DE9 		.ascii	"\305\230\215\351\306\0263-\023\227=\376\231\016\235"
  67      C616332D 
  67      13973DFE 
  67      990E9D
  68 0021 23614AE2 		.ascii	"#aJ\342\226-Y\223\256\320*M\200v\275e\331\376;NL\230"
  68      962D5993 
  68      AED02A4D 
  68      8076BD65 
  68      D9FE3B4E 
  69 0037 2F2A4E14 		.ascii	"/*N\024uR\025\007:\346\023E\244\"\272\201\250\260\247"
  69      75521507 
  69      3AE61345 
  69      A422BA81 
  69      A8B0A7
  70 004a 0E74A8D5 		.ascii	"\016t\250\325M@\005,\017\261(\217}\347\234\336>n0\272"
  70      4D40052C 
  70      0FB1288F 
  70      7DE79CDE 
  70      3E6E30BA 
  71 005e 6527F97A 		.ascii	"e'\371z\356w\317\357\373}\277\363\235\357\334bA\020"
  71      EE77CFEF 
  71      FB7DBFF3 
  71      9DEFDC62 
  71      4110
  72 0070 B6828DC1 		.ascii	"\266\202\215\301\330\256\205\007,\010\012\230\322\300"
  72      D8AE8507 
  72      2C080A98 
  72      D2C0
  73 007e 10D86D81 		.ascii	"\020\330m\201\0175X\017\230\017\254\017l\000\314\017"
  73      0F35580F 
  73      980FAC0F 
  73      6C00CC0F 
  74 008e 763F801B 		.ascii	"v?\200\033\026\"\007\305j\002<#`]`\243\001\276[`\203"
  74      162207C5 
  74      6A023C23 
  74      605D60A3 
  74      01BE5B60 
  75 00a3 32DEFB01 		.ascii	"2\336\373\001\276\201\000\277\357!\274\275\012\344\371"
  75      BE8100BF 
  75      EF21BCBD 
ARM GAS  C:\Users\PETERL~1\AppData\Local\Temp\ccxhtH0q.s 			page 5


  75      0AE4F9
  76 00b2 EDC02D55 		.ascii	"\355\300-U\247\002\305j\275\023\250\357\257\337\266"
  76      A702C56A 
  76      BD13A8EF 
  76      AFDFB6
  77 00c1 560DBE4E 		.ascii	"V\015\276N;\214\250\277s\323\265\363\332\227\367\020"
  77      3B8CA8BF 
  77      73D3B5F3 
  77      DA97F710 
  78 00d1 42F249DD 		.ascii	"B\362I\335\304P\\\215\377HY,\217c\270\203\236\316\273"
  78      C4505C8D 
  78      FF48592C 
  78      8F63B883 
  78      9ECEBB
  79 00e4 1358DC14 		.ascii	"\023X\334\024\352^\255\255iW\343h\266T\275w\2409\206"
  79      EA5EADAD 
  79      6957E368 
  79      B654BD77 
  79      A03986
  80 00f7 41E3A97B 		.ascii	"A\343\251{\254\260q\023\317\240\244\356\211Z\177\203"
  80      ACB07113 
  80      CFA0A4EE 
  80      895A7F83 
  81 0107 164F61C8 		.ascii	"\026Oa\310\325\371\3363Z\374\002{^\366m\315j\015\300"
  81      D5F9DE33 
  81      5AFC027B 
  81      5EF66DCD 
  81      6A0DC0
  82 011a 9ED3B27C 		.ascii	"\236\323\262|W\267\014\225F3\227\026\227JU4\266\223"
  82      57B70C95 
  82      46339716 
  82      974A5534 
  82      B693
  83 012c 9DB12841 		.ascii	"\235\261(A[\012\342|\235\205\015S\010Q\242J\244E\373"
  83      5B0AE27C 
  83      9D850D53 
  83      0851A24A 
  83      A445FB
  84 013f 1146BBD1 		.ascii	"\021F\273\321\313t\3234\232\216|B\276$\256\345$\272"
  84      CB74D334 
  84      9A8E7C42 
  84      BE24AEE5 
  84      24BA
  85 0151 315640DF 		.ascii	"1V@\337\243\311h/\232,\240C(\001\020\014\213\016\300"
  85      A3C9682F 
  85      9A2CA043 
  85      2801100C 
  85      8B0EC0
  86 0164 CB83F012 		.ascii	"\313\203\360\022\210\353\207k\363TH\2330~\320\221q\202"
  86      88EB876B 
  86      F354489B 
  86      307ED091 
  86      7182
  87 0176 98847D2B 		.ascii	"\230\204}+\012\237\242\022\016\203\204}!\011\240(X\265"
  87      0A9FA212 
  87      0E83847D 
  87      2109A028 
ARM GAS  C:\Users\PETERL~1\AppData\Local\Temp\ccxhtH0q.s 			page 6


  87      58B5
  88 0188 E1B39BAB 		.ascii	"\341\263\233\253u\270\037\261\035\226\270\266\336U\341"
  88      75B81FB1 
  88      1D96B8B6 
  88      DE55E1
  89 0197 21EEEC1C 		.ascii	"!\356\354\034\370\2457\012\023\005sJ7\024U\250X\211"
  89      F8A5370A 
  89      1305734A 
  89      371455A8 
  89      5889
  90 01a9 A2A8BB63 		.ascii	"\242\250\273c_\365\2078\237/U\272+Nc\274\226;\347\256"
  90      5FF58738 
  90      9F2F55BA 
  90      2B4E63BC 
  90      963BE7AE 
  91 01bd FBFB750C 		.ascii	"\373\373u\0147\221\272\247\272\277[\025\213\013\371"
  91      3791BAA7 
  91      BABF5B15 
  91      8B0BF9
  92 01cc 5AF9AE35 		.ascii	"Z\371\2565\035\030o\344N\361\275\246\006~:O\203\033"
  92      1D186FE4 
  92      4EF1BDA6 
  92      067E3A4F 
  92      831B
  93 01de FDD5C9BC 		.ascii	"\375\325\311\274v\035\232\312G\\\202\033\366\351\363"
  93      761D9ACA 
  93      475C821B 
  93      F6E9F3
  94 01ed ECFE2B65 		.ascii	"\354\376+e\375rR\3724\323\177\024\3647\242\270\320\256"
  94      FD7252FA 
  94      34D37F14 
  94      F437A2B8 
  94      D0AE
  95 01ff 5F9A2CB0 		.ascii	"_\232,\260\032\300>(\334\275\245L\335\230\310\240\036"
  95      1AC03E28 
  95      DCBDA54C 
  95      DD98C8A0 
  95      1E
  96 0210 39F43845 		.ascii	"9\3648E\241\351A\350\252 \264j\\\326\020\2628\210\254"
  96      A1E941E8 
  96      AA20B46A 
  96      5CD610B2 
  96      3888AC
  97 0223 91238F21 		.ascii	"\221#\217!\231\200o\202\330\332\361\005\204a\013\202"
  97      99806F82 
  97      D8DAF105 
  97      84610B82 
  98 0233 D8EAF179 		.ascii	"\330\352\361yC\022J\202\320\023rh]\010\272\016\316\233"
  98      43124A82 
  98      D0137268 
  98      5D08BA0E 
  98      CE9B
  99 0245 B80899E3 		.ascii	"\270\010\231\343\024\320\036X\377\216-Q4\034::\003\035"
  99      14D01E58 
  99      FF8E2D51 
  99      341C3A3A 
  99      031D
ARM GAS  C:\Users\PETERL~1\AppData\Local\Temp\ccxhtH0q.s 			page 7


 100 0257 F2039A8A 		.ascii	"\362\003\232\212N\2025\200\375\010v\012\254\036\354"
 100      4E823580 
 100      FD08760A 
 100      AC1EEC
 101 0266 349ACA9A 		.ascii	"4\232\312\232\201v\214\367\25325A4L\0104K\360~)V7\027"
 101      81768CF7 
 101      AB323541 
 101      344C0834 
 101      4BF07E29 
 102 027d AD7E02C5 		.ascii	"\255~\002\305%\214\227\011\235\203\004\377:Y\371\322"
 102      258C9709 
 102      9D8304FF 
 102      3A59F9D2 
 103 028d 28741682 		.ascii	"(t\026\202*B\255I3K\255ya\244\371\031|\205\267\213w"
 103      2A42AD49 
 103      334BAD79 
 103      61A4F919 
 103      7C85B78B 
 104 02a2 C455A9C2 		.ascii	"\304U\251\3027\270\363\365\331u\237\340.\376\274\254"
 104      37B8F3F5 
 104      D9759FE0 
 104      2EFEBCAC 
 105 02b2 EEFBDF35 		.ascii	"\356\373\3375\254\217^\247nE\205\253H\203\373\371ZG"
 105      AC8F5EA7 
 105      6E4585AB 
 105      4883FBF9 
 105      5A47
 106 02c4 6D1751B0 		.ascii	"m\027Q\260\2654\352\336<q\323\023\203\357\363\265\222"
 106      B534EADE 
 106      3C71D313 
 106      83EFF3B5 
 106      92
 107 02d5 B50787F8 		.ascii	"\265\007\207\370\235\267S\267\373\324`\276\006/\303"
 107      9DB753B7 
 107      FBD460BE 
 107      062FC3
 108 02e4 BCA34F1C 		.ascii	"\274\243O\034\352\343M\234\317\374zB\032\0258\237/\226"
 108      EAE34D9C 
 108      CFFC7A42 
 108      1A15389F 
 108      2F96
 109 02f6 9E731523 		.ascii	"\236s\025#\266X\316\374\315\255\371\261\270\200\257"
 109      B658CEFC 
 109      CDADF9B1 
 109      B880AF
 110 0305 35AD2A29 		.ascii	"5\255*)\346\011\353\230\177\340\307\223[\021.\342\213"
 110      E609EB98 
 110      7FE0C793 
 110      5B112EE2 
 110      8B
 111 0316 D2F749C7 		.ascii	"\322\367I\307\277O1+\357nY\241BqS\245\021Q\3302(l9;"
 111      BF4F312B 
 111      EF6E59A1 
 111      427153A5 
 111      1151D832 
 112 032e C2B64055 		.ascii	"\302\266@U\333\241\252W\241\202\327\301\274`7\300\256"
 112      DBA1AA57 
ARM GAS  C:\Users\PETERL~1\AppData\Local\Temp\ccxhtH0q.s 			page 8


 112      A182D7C1 
 112      BC6037C0 
 112      AE
 113 033f 81FD0576 		.ascii	"\201\375\005v\031\354o\260+\201\352\272iu\273\312\026"
 113      19EC6FB0 
 113      2B81EABA 
 113      6975BBCA 
 113      16
 114 0350 12681C5A 		.ascii	"\022h\034Z\340?\240\300\224'x\\-\021=F\334\303/\006"
 114      E03FA0C0 
 114      9427785C 
 114      2D113D46 
 114      DCC32F06 
 115 0364 9097E4C8 		.ascii	"\220\227\344\310?eH\217\204l\222#_\212\0046I\300\237"
 115      3F65488F 
 115      846C9223 
 115      5F8A0436 
 115      49C09F
 116 0377 E4C09F65 		.ascii	"\344\300\237e\224m\022\36279\362w\031\262QB6\313\221"
 116      946D12F2 
 116      3739F277 
 116      19B25142 
 116      36CB91
 117 038a 7591178C 		.ascii	"u\221\027\214\270;%\350y9\364\202\034\352\227\240\255"
 117      B83B25E8 
 117      7939F482 
 117      1CEA97A0 
 117      AD
 118 039b 72E84539 		.ascii	"r\350E9\264U\202\376\"\207\376\032\006e\315]\315nR\333"
 118      B45582FE 
 118      2287FE1A 
 118      0665CD5D 
 118      CD6E52DB 
 119 03af 3837096D 		.ascii	"87\011m\037\250\250\322\340oX[(\252\012\274\256(\331"
 119      1FA8A8D2 
 119      E06F585B 
 119      28AA0ABC 
 119      AE28D9
 120 03c2 B5924E1F 		.ascii	"\265\222N\037\335\204C\377/\015\300\024\214\302\365"
 120      DD8443FF 
 120      2F0DC014 
 120      8CC2F5
 121 03d1 EA84E08E 		.ascii	"\352\204\340\216\320\365j\013\273^}Cc+\243\343\002i"
 121      D0F56A0B 
 121      BB5E7D43 
 121      632BA3E3 
 121      0269
 122 03e3 DD0F4B2B 		.ascii	"\335\017K+<vN\240\374iE\375F\244[\031\372\223B\267\302"
 122      3C764EA0 
 122      FC6945FD 
 122      46A45B19 
 122      FA9342B7 
 123 03f8 3E5702BA 		.ascii	">W\002\272\215t\024Igz!\036\\?\257\234\264\201\011X"
 123      8D741449 
 123      677A211E 
 123      5C3FAF9C 
 123      B4810958 
ARM GAS  C:\Users\PETERL~1\AppData\Local\Temp\ccxhtH0q.s 			page 9


 124 040c 4E262A51 		.ascii	"N&*Q\332Sa\330.4\011~?Vr\346\353ue\035\023p\031\277"
 124      DA5361D8 
 124      2E34097E 
 124      3F5672E6 
 124      EB75651D 
 125 0424 497BD715 		.ascii	"I{\327\025\227i\342\267\021\367~\337\3255\333p1q\177"
 125      9769E2B7 
 125      11F77EDF 
 125      D535DB70 
 125      31717F
 126 0437 4946C7C6 		.ascii	"IF\307\306\020\013B\335\301\355\012\364\231iC=(\036"
 126      100B42DD 
 126      C1ED0AF4 
 126      9969433D 
 126      281E
 127 0449 02DD5579 		.ascii	"\002\335Uy}J|\211\263x\333=~\014,^\342;\363\363\355"
 127      7D4A7C89 
 127      B378DB3D 
 127      7E0C2C5E 
 127      E23BF3F3 
 128 045e 39EB96BB 		.ascii	"9\353\226\273J\211wl\354Y\316r'\214\345\216\304\342"
 128      4A89776C 
 128      EC59CE72 
 128      278CE58E 
 128      C4E2
 129 0470 632C7B4A 		.ascii	"c,{J\012.hp\201\222\261\354Y\177\243?\206\261\354\257"
 129      0A2E6870 
 129      8192B1EC 
 129      597FA33F 
 129      86B1ECAF 
 130 0484 3EE03717 		.ascii	">\3407\027F\262\364\206\261\364J,}\214\245\274\262\322"
 130      46B2F486 
 130      B1F44A2C 
 130      7D8CA5BC 
 130      B2D2
 131 0496 1D83FFE4 		.ascii	"\035\203\377\344,\305U\027{'p\226s\207\216>_L\266\207"
 131      2CC55517 
 131      7B277096 
 131      73878E3E 
 131      5F4CB687 
 132 04aa EFA83F8C 		.ascii	"\357\250?\214\245_b\031`,w\326\214v\352\224\012^SZ-"
 132      A55F6219 
 132      602C77D6 
 132      8C76EA94 
 132      0A5E535A 
 133 04bf 78B76157 		.ascii	"x\267aWk\271\342\241u\035du\275\213\244\302\226\267"
 133      6BB9E2A1 
 133      751D6475 
 133      BD8BA4C2 
 133      96B7
 134 04d1 D46870A1 		.ascii	"\324hp\241\212\3118\274\273\245U\315exn\336\301a2 \012"
 134      8AC938BC 
 134      BBA555CD 
 134      65786EDE 
 134      C1613220 
 135 04e6 DD0B9371 		.ascii	"\335\013\223qO\222\341g2\012\\\335\360O\352\346,m\307"
 135      4F92E167 
ARM GAS  C:\Users\PETERL~1\AppData\Local\Temp\ccxhtH0q.s 			page 10


 135      320A5CDD 
 135      F04FEAE6 
 135      2C6DC7
 136 04f9 AFF50536 		.ascii	"\257\365\0056s\371p\371\374\365\221%\031\012c\031\222"
 136      73F970F9 
 136      FCF59125 
 136      190A6319 
 136      92
 137 050a 58EE3396 		.ascii	"X\3563\226\226\216\277K0\356\341,\227\275\307v)\247"
 137      968EBF4B 
 137      30EEE12C 
 137      97BDC776 
 137      29A7
 138 051c 6D273EE2 		.ascii	"m'>\342\363\234\351I^O\200\205\370\306\336z\226\365"
 138      F39CE949 
 138      5E4F8085 
 138      F8C6DE7A 
 138      96F5
 139 052e D403CE12 		.ascii	"\324\003\316\022\366\235|\300\271\3200\232\006\321W"
 139      F69D7CC0 
 139      B9D0309A 
 139      06D157
 140 053d 36D5AD54 		.ascii	"6\325\255TFt\"\315\035\252\302H\240\023GX'\366\224\356"
 140      467422CD 
 140      1DAAC248 
 140      A0134758 
 140      27F694EE 
 141 0551 C8D344A0 		.ascii	"\310\323D\240\007#\320\243\0014\235\325\013\026~\020"
 141      0723D0A3 
 141      01349DD5 
 141      0B167E10 
 142 0561 9F2C3C29 		.ascii	"\237,<):\263\223f\031\227\332\2556\243hq\346\332\215"
 142      3AB39366 
 142      1997DAAD 
 142      36A36871 
 142      E6DA8D
 143 0574 CEA85C6B 		.ascii	"\316\250\\k\216\023\3369\265F\243\364\270$\343MCF\246"
 143      8E13DE39 
 143      B546A3F4 
 143      B824E34D 
 143      4346A6
 144 0587 35DD2A3A 		.ascii	"5\335*:s\315V\233\301i\263e\211\206\2459\271\361\354"
 144      73CD569B 
 144      C169B365 
 144      8986A539 
 144      B9F1EC
 145 059a 29DEE4C8 		.ascii	")\336\344\310\216\267d\247[\314f\213\3310{\346\033\361"
 145      8EB764A7 
 145      5BCC668B 
 145      D9307BE6 
 145      1BF1
 146 05ac B3125F79 		.ascii	"\263\022_y\365\323$\003\274\237\221c\313\261\314\260"
 146      F5D32403 
 146      BC9F9163 
 146      CBB1CCB0 
 147 05bc 98D2AD06 		.ascii	"\230\322\255\006kNFV\256\331b\3106\001W\216\305`4[\226"
 147      6B4E4656 
ARM GAS  C:\Users\PETERL~1\AppData\Local\Temp\ccxhtH0q.s 			page 11


 147      AED962C8 
 147      3601578E 
 147      C560345B 
 148 05d1 9872B39C 		.ascii	"\230r\263\234F\347\027v\21383S\370\370\177M#~!\032\214"
 148      46E71776 
 148      8B383353 
 148      F8F87F4D 
 148      237E211A 
 149 05e6 A2D30C7B 		.ascii	"\242\323\014{\000nU\266\315lq\250m4\227Cc\023\355\026"
 149      006E55B6 
 149      CD6C71A8 
 149      6D349743 
 149      6313ED16 
 150 05fa 8BD9A1B2 		.ascii	"\213\331\241\262\347\332\315\016l3;\224\246%\216,\372"
 150      E7DACD0E 
 150      6C333B94 
 150      A6258E2C 
 150      FA
 151 060b 933937F9 		.ascii	"\22397\371MC2\025\261\230\213`\202lbR\242\336&\3523"
 151      4D433215 
 151      B1988B60 
 151      826C6252 
 151      A2DE26EA 
 152 0620 4D597ABB 		.ascii	"MYz\273\315\341\024\365\213\337\177/i\226>5u\236~AZ"
 152      CDE114F5 
 152      8BDF7F2F 
 152      69963E35 
 152      759E7E41 
 153 0635 CAA2CF66 		.ascii	"\312\242\317f\351\355\246,cV\226\031R\251\323\346\316"
 153      E9EDA62C 
 153      63569619 
 153      52A9D3E6 
 153      CE
 154 0646 33394DEA 		.ascii	"39M\352\264\267\371\224\314\247y|\232\317\247w\370\264"
 154      B4B7F994 
 154      CCA7797C 
 154      9ACFA777 
 154      F8B4
 155 0658 804FEFF2 		.ascii	"\200O\357\362)\205N\321isS\223m9K\254K5\220.%\307\352"
 155      29854ED1 
 155      69735393 
 155      6D394BAC 
 155      4B35902E 
 156 066f 9CFE2849 		.ascii	"\234\376(I\242#\203\31633\004\265\350\244\0213\036\025"
 156      A22383CE 
 156      333304B5 
 156      E8A41133 
 156      1E15
 157 0681 1128925E 		.ascii	"\021(\222^\244\265\211N\267\231\034f\032\367\310\315"
 157      A4B5894E 
 157      B7991C66 
 157      1AF7C8CD 
 158 0691 33A4A85F 		.ascii	"3\244\250_\224\232\362\336\374\217\214\254\010\306\371"
 158      949AF2DE 
 158      FC8F8CAC 
 158      08C6F9
 159 06a0 B3135FE3 		.ascii	"\263\023_\343\013\300\245\021\355V\3124\363\261\025"
ARM GAS  C:\Users\PETERL~1\AppData\Local\Temp\ccxhtH0q.s 			page 12


 159      0BC0A511 
 159      ED56CA34 
 159      F3B115
 160 06af D8AD10F6 		.ascii	"\330\255\020\366\2041P?\243\025\202u\231a\316\234\177"
 160      8431503F 
 160      A3158275 
 160      9961CE9C 
 160      7F
 161 06c0 7320ECF7 		.ascii	"s \354\367\235\331\237\177\256\317\014\236\307\223\224"
 161      9DD99F7F 
 161      AECF0C9E 
 161      C79394
 162 06cf 5AEAB50C 		.ascii	"Z\352\265\014V\331\177\000\324\222D\303"
 162      56D97F00 
 162      D49244C3 
 163              		.text
 164              		.section	.gnu.lto_.symtab.bbac4107,"",%progbits
 165 0000 68616C49 		.ascii	"halInit\000\000\000\000\000\000\000\000\000\000\000"
 165      6E697400 
 165      00000000 
 165      00000000 
 165      0000
 166 0012 00EE0000 		.ascii	"\000\356\000\000\000pal_default_config\000\000\002\000"
 166      0070616C 
 166      5F646566 
 166      61756C74 
 166      5F636F6E 
 167 002d 00000000 		.ascii	"\000\000\000\000\000\000\000\000\374\000\000\000stI"
 167      00000000 
 167      FC000000 
 167      737449
 168 003c 6E697400 		.ascii	"nit\000\000\002\000\000\000\000\000\000\000\000\000"
 168      00020000 
 168      00000000 
 168      000000
 169 004b F0000000 		.ascii	"\360\000\000\000boardInit\000\000\002\000\000\000\000"
 169      626F6172 
 169      64496E69 
 169      74000002 
 169      00000000 
 170 005f 00000000 		.ascii	"\000\000\000\000\000\362\000\000\000spiInit\000\000"
 170      00F20000 
 170      00737069 
 170      496E6974 
 170      0000
 171 0071 02000000 		.ascii	"\002\000\000\000\000\000\000\000\000\000\364\000\000"
 171      00000000 
 171      0000F400 
 171      00
 172 007e 005F7061 		.ascii	"\000_pal_lld_init\000\000\002\000\000\000\000\000\000"
 172      6C5F6C6C 
 172      645F696E 
 172      69740000 
 172      02000000 
 173 0095 000000F8 		.ascii	"\000\000\000\370\000\000\000hal_lld_init\000\000\002"
 173      00000068 
 173      616C5F6C 
ARM GAS  C:\Users\PETERL~1\AppData\Local\Temp\ccxhtH0q.s 			page 13


 173      6C645F69 
 173      6E697400 
 174 00ab 00000000 		.ascii	"\000\000\000\000\000\000\000\000\000\372\000\000\000"
 174      00000000 
 174      00FA0000 
 174      00
 175              		.text
 176              		.section	.gnu.lto_.opts,"",%progbits
 177 0000 272D666E 		.ascii	"'-fno-trapv' '-mcpu=cortex-m4' '-mno-thumb-interwor"
 177      6F2D7472 
 177      61707627 
 177      20272D6D 
 177      6370753D 
 178 0033 6B272027 		.ascii	"k' '-mthumb' '-ggdb' '-O2' '-fomit-frame-pointer' '"
 178      2D6D7468 
 178      756D6227 
 178      20272D67 
 178      67646227 
 179 0066 2D66616C 		.ascii	"-falign-functions=16' '-ffunction-sections' '-fdata"
 179      69676E2D 
 179      66756E63 
 179      74696F6E 
 179      733D3136 
 180 0099 2D736563 		.ascii	"-sections' '-fno-common' '-flto'\000"
 180      74696F6E 
 180      73272027 
 180      2D666E6F 
 180      2D636F6D 
 181              		.text
 182              		.comm	__gnu_lto_v1,1,1
 183              		.comm	__gnu_lto_slim,1,1
 184              		.ident	"GCC: (GNU Tools for ARM Embedded Processors) 4.9.3 20150529 (release) [ARM/embedded-4_9-br
ARM GAS  C:\Users\PETERL~1\AppData\Local\Temp\ccxhtH0q.s 			page 14


DEFINED SYMBOLS
                            *ABS*:00000000 hal.c
                            *COM*:00000001 __gnu_lto_v1
                            *COM*:00000001 __gnu_lto_slim

NO UNDEFINED SYMBOLS
