ARM GAS  C:\Users\PETERL~1\AppData\Local\Temp\ccC1ec5F.s 			page 1


   1              		.syntax unified
   2              		.cpu cortex-m4
   3              		.fpu softvfp
   4              		.eabi_attribute 20, 1
   5              		.eabi_attribute 21, 1
   6              		.eabi_attribute 23, 3
   7              		.eabi_attribute 24, 1
   8              		.eabi_attribute 25, 1
   9              		.eabi_attribute 26, 1
  10              		.eabi_attribute 30, 2
  11              		.eabi_attribute 34, 1
  12              		.eabi_attribute 18, 4
  13              		.thumb
  14              		.file	"hal_lld.c"
  15              		.text
  16              	.Ltext0:
  17              		.section	.gnu.lto_.profile.768e6c17,"",%progbits
  18 0000 789C6366 		.ascii	"x\234cf```a\200\000F\206\3148\000\001\244\000\320"
  18      60606061 
  18      80004686 
  18      CC380001 
  18      A400D0
  19              		.text
  20              		.section	.gnu.lto_.jmpfuncs.768e6c17,"",%progbits
  21 0000 789C6366 		.ascii	"x\234cf\300\0168\2414\023\210`\004b\000\001S\000\020"
  21      C00E38A1 
  21      34138860 
  21      04620001 
  21      530010
  22              		.text
  23              		.section	.gnu.lto_.inline.768e6c17,"",%progbits
  24 0000 789C6366 		.ascii	"x\234cf\300\016\014\2414\023\003\203\202\006#\003\223"
  24      C00E0CA1 
  24      34130383 
  24      82062303 
  24      93
  25 0011 C582F5CC 		.ascii	"\305\202\365\314\014l\013\344\231@\202\214\\ \202\341"
  25      0C6C0BE4 
  25      9940828C 
  25      5C2082E1 
  26 0021 10C31D26 		.ascii	"\020\303\035&\240T\335\217\371Zp)\006\000\266\255\007"
  26      A054DD8F 
  26      F95A7029 
  26      0600B6AD 
  26      07
  27 0032 88       		.ascii	"\210"
  28              		.text
  29              		.section	.gnu.lto_.pureconst.768e6c17,"",%progbits
  30 0000 789C6366 		.ascii	"x\234cf```e\200\000&\006)F)\000\000\371\000@"
  30      60606065 
  30      80002606 
  30      29462900 
  30      00F90040 
  31              		.text
  32              		.section	.gnu.lto_hal_lld_init.768e6c17,"",%progbits
  33 0000 789C9D95 		.ascii	"x\234\235\225ML\023A\024\307\347\315n\227\002\015\020"
  33      4D4C1341 
ARM GAS  C:\Users\PETERL~1\AppData\Local\Temp\ccC1ec5F.s 			page 2


  33      14C7E7CD 
  33      6E97020D 
  33      10
  34 0011 235030D1 		.ascii	"#P0\321#\247\212\212'\017\304\210\361`\342\011\217$"
  34      23A78A8A 
  34      270FC488 
  34      F160E209 
  34      8F24
  35 0023 46F12009 		.ascii	"F\361 \011\011D0\341 qk\221p@D\211\037\211\037\007\243"
  35      094430E1 
  35      20716B91 
  35      70404489 
  35      1F891F07 
  36 0038 01AC7C89 		.ascii	"\001\254|\211\002\212HA\005\013\210\226\002\212\362"
  36      028A4841 
  36      050B8896 
  36      028AF2
  37 0047 A56022C6 		.ascii	"\245`\"\306C+ 4(8of\351Z\274\270m\302\333\262;\373\373"
  37      432B2034 
  37      28386F66 
  37      E95ABCB8 
  37      6DC2DBB2 
  38 005e FFDF7BD3 		.ascii	"\377\337{\3237\022\371\367\223\306\376N\233\011\331"
  38      3712F9F7 
  38      93C6FE4E 
  38      9B09D9
  39 006d C7AE6022 		.ascii	"\307\256`\"@+\007\011\261\233)\225\334\351D\215\222"
  39      402B0709 
  39      B19B2995 
  39      DCE9448D 
  39      92
  40 007e 7B63896A 		.ascii	"{c\211j\221@\026\267e\000\374B\200\234\241\222\014g"
  40      914016B7 
  40      6500FC42 
  40      809CA192 
  40      0C67
  41 0090 608EFA29 		.ascii	"`\216\372)T\272\234\327\242S\356\252\252\352\273\335"
  41      54BA9CD7 
  41      A253EEAA 
  41      AAEABBDD 
  42 00a0 613D670D 		.ascii	"a=g\015PB\346\251\340C5\244\020\266\306_\362\373]\264"
  42      5042E6A9 
  42      E04335A4 
  42      10B6C65F 
  42      F2FB5DB4 
  43 00b4 52C2D6C4 		.ascii	"R\302\326\304\211gP\003\012\260k\303&\227\272\2666s"
  43      89675003 
  43      0AB06BC3 
  43      2697BAB6 
  43      3673
  44 00c6 E38657DE 		.ascii	"\343\206W\336JI\2002\023,\2301Db\260`\210\305\020\207"
  44      4A498032 
  44      132C9831 
  44      4462B060 
  44      88C51087 
  45 00da 61338678 		.ascii	"a3\206x\014\011\030\0221X1$a d\226\261\321\342\027J"
  45      0C091812 
ARM GAS  C:\Users\PETERL~1\AppData\Local\Temp\ccC1ec5F.s 			page 3


  45      31583124 
  45      61206496 
  45      B1D1E217 
  46 00ef F12A7D80 		.ascii	"\361*}\200\356\226\246\245\235\250\266D\321\354r\373"
  46      EE96A6A5 
  46      9DA8B644 
  46      D1EC72FB 
  47 00ff 8457FE4A 		.ascii	"\204W\376J\003\224\252\2762UFoS\263o<f~\213\340\277"
  47      0394AABE 
  47      3255466F 
  47      53B36F3C 
  47      667E8BE0 
  48 0114 A5AB5301 		.ascii	"\245\253S\001\323M\270\016\001*A-$\303=H\346\017.^Z"
  48      D34DB80E 
  48      012A412D 
  48      24C33D48 
  48      E60F2E5E 
  49 0129 AC8AB239 		.ascii	"\254\212\2629\325\022\2739@ep\302M\370\301\323\204\373"
  49      D512BB39 
  49      406570C2 
  49      4DF8C1D3 
  49      84FB
  50 013b 60234C29 		.ascii	"`#L)\037e\014\020\352tB=\330\320\311\365\300\235Ht\002"
  50      1F650C10 
  50      EA74423D 
  50      D8D0C9F5 
  50      C09D4874 
  51 0150 6BEC134B 		.ascii	"k\354\023K\240\201\275h\010\014\310m\324\271M\202\273"
  51      A081BD68 
  51      080CC86D 
  51      D4B94D82 
  51      BB
  52 0161 9EA1CC6E 		.ascii	"\236\241\314n=\020\314\026\317\022\210\262\230\014X"
  52      3D10CC16 
  52      CF1288B2 
  52      980C58
  53 0170 6EE6686C 		.ascii	"n\346hl\034<\014/\351G:\241\005laf\330\252C\332\030"
  53      1C3C0C2F 
  53      E9473AA1 
  53      056C6166 
  53      D8AA43DA 
  54 0185 643DA58B 		.ascii	"d=\245\213\277\264\224\314\006\014=\346,\276'\237\360"
  54      BFB494CC 
  54      060C3DE6 
  54      2CBE279F 
  54      F0
  55 0196 941C0B8A 		.ascii	"\224\034\013\212\240D\012\320B\371\367\237J\260+1\004"
  55      A0440AD0 
  55      42F9F79F 
  55      4AB02B31 
  55      04
  56 01a7 DA85DC25 		.ascii	"\332\205\334%0\230\372S]\251\003l\214\037F\346\317t"
  56      3098FA53 
  56      5DA9036C 
  56      8C1F46E6 
  56      CF74
  57 01b9 46E75F99 		.ascii	"F\347_\231{\3263\267\030\360\343\342,\011Y]\3415\263"
ARM GAS  C:\Users\PETERL~1\AppData\Local\Temp\ccC1ec5F.s 			page 4


  57      7BD633B7 
  57      18F0E3E2 
  57      2C09595D 
  57      E135B3
  58 01cc 5B273C0F 		.ascii	"['<\017\273\231/t\310\313\277\233\271\252\245\024k\300"
  58      BB992F74 
  58      C8CBBF9B 
  58      B9AAA514 
  58      6BC0
  59 01de 500F67C9 		.ascii	"P\017g\311\310\352\015mf\234\000\271\317\316|\211\346"
  59      C8EA0D6D 
  59      669C00B9 
  59      CFCE7C89 
  59      E6
  60 01ef CD64B348 		.ascii	"\315d\263H\005\002\257\302l\246[W\352\303f\306q\323"
  60      0502AFC2 
  60      6CA65B57 
  60      EAC366C6 
  60      71D3
  61 0201 FEA75B42 		.ascii	"\376\247[B\246\235k\255\027\370\254\233g\273u\303\034"
  61      A69D6BAD 
  61      17F8AC9B 
  61      67BB75C3 
  61      1C
  62 0212 847E50D8 		.ascii	"\204~P\330\333\003\350n3{\346\030\362\356Gg&u\332\276"
  62      DB03E86E 
  62      337BE618 
  62      F2EE4767 
  62      2675DABE 
  63 0226 613299B8 		.ascii	"a2\231\270\203\272o\325Wc\2305{\245\312,(\360\232\271"
  63      83BA6FD5 
  63      57639835 
  63      7BA5CA2C 
  63      28F09AB9 
  64 023a 1BD4DC55 		.ascii	"\033\324\334U\365wTD\350\356\336pw&\241\001o\265R\224"
  64      F5775444 
  64      E8EEDE70 
  64      7726A101 
  64      6FB55294 
  65 024e 0EB64A42 		.ascii	"\016\266JB/^H\266\017\3246PQ\015J\300\023,\305\000/"
  65      2F5E48B6 
  65      0FD43650 
  65      510D4AC0 
  65      132CC500 
  66 0263 8501BDA1 		.ascii	"\205\001\275\241\020=/\026$^t1]\010&\260wf\312\333\246"
  66      103D2F16 
  66      245E7431 
  66      5D0826B0 
  66      7766CADB 
  67 0278 2283BCD0 		.ascii	"\"\203\274\320\352:\253\253G\225\340\226\030\3468E\303"
  67      EA3AABAB 
  67      4795E096 
  67      18E63845 
  67      C3
  68 0289 8D08FBCB 		.ascii	"\215\010\373\313\245\303T\300\022\005\257g\356Y\205"
  68      A5C354C0 
  68      1205AF67 
ARM GAS  C:\Users\PETERL~1\AppData\Local\Temp\ccC1ec5F.s 			page 5


  68      EE5985
  69 0298 45B867AB 		.ascii	"E\270g\253F\031i\004J\306\034\311\332\"\266\342\202"
  69      46196904 
  69      4AC61CC9 
  69      DA22B6E2 
  69      82
  70 02a9 CF735E0C 		.ascii	"\317s^\014TVPx\207Z\004\017\007\211\270\323\361l\360"
  70      54565078 
  70      875A040F 
  70      0789B8D3 
  70      F16CF0
  71 02bc 35766ED3 		.ascii	"5vn\323\222\375/sv\227\025\355\275\017\2617\306g\354"
  71      92FD2F73 
  71      769715ED 
  71      BD0FB137 
  71      C667EC
  72 02cf 95C59A5A 		.ascii	"\225\305\232ZE\333XL\353\203\250\245\317\027\226\300"
  72      45DB584C 
  72      EB83A8A5 
  72      CF1796C0 
  73 02df C7108171 		.ascii	"\307\020\201q\355W\201\316\345\340\261\346\237\355\322"
  73      ED5781CE 
  73      E5E0B1E6 
  73      9FEDD2
  74 02ee 9A6935D6 		.ascii	"\232i5\326\253\011\016\217\320\340\223Zq\025\301J\022"
  74      AB090E8F 
  74      D0E0935A 
  74      7115C14A 
  74      12
  75 02ff B8AA95D6 		.ascii	"\270\252\225\326\271(1\363V\370I4\025\376\336\230\016"
  75      B92831F3 
  75      56F84934 
  75      15FEDE98 
  75      0E
  76 0310 D1FB847B 		.ascii	"\321\373\204{#\211\214\203\303u\271\217\377\350\360"
  76      23898C83 
  76      C375B98F 
  76      FFE8F0
  77 031f 955BDE8A 		.ascii	"\225[\336\212zZ\274\242\226!-b\036\007\034|\206bv\250"
  77      7A5ABCA2 
  77      96212D62 
  77      1E071C7C 
  77      866276A8 
  78 0333 9BC924D8 		.ascii	"\233\311$\330]\315\007\371J\202'<`\011\330\202\275\031"
  78      5DCD07F9 
  78      4A82273C 
  78      6009D882 
  78      BD19
  79 0345 7BB2324E 		.ascii	"{\2622N\344\034\313\311,<u<'/+\033\277\347\025\244\355"
  79      E41CCBC9 
  79      2C3C753C 
  79      272F2B1B 
  79      BFE715A4 
  80 035a 48CD2B48 		.ascii	"H\315+H=q475?\357daAj\346\341Ci\273D<\260\273\250\010"
  80      3D713437 
  80      353FEF64 
  80      61416AE6 
ARM GAS  C:\Users\PETERL~1\AppData\Local\Temp\ccC1ec5F.s 			page 6


  80      E14369BB 
  81 0374 9F1CC9CD 		.ascii	"\237\034\311\315=\276=\233\374\001:\004\371a"
  81      3DBE3D9B 
  81      FC013A04 
  81      F961
  82              		.text
  83              		.section	.gnu.lto_stm32_clock_init.768e6c17,"",%progbits
  84 0000 789C9D57 		.ascii	"x\234\235W]lTE\024\2363{\357\356\335\237\356O\333mK"
  84      5D6C5445 
  84      149E337B 
  84      EFEEDD9F 
  84      EE4FDB6D 
  85 0015 0381F013 		.ascii	"\003\201\360\023 \320\026\204'b\242+\3067_\304G\022"
  85      20D01684 
  85      2762A22B 
  85      C6375FC4 
  85      4712
  86 0027 A3100309 		.ascii	"\243\020\003\011I\215`\302\033w\333\2026i\002\202\020"
  86      498D60C2 
  86      1B77DB82 
  86      36690282 
  86      10
  87 0038 A32931C4 		.ascii	"\243)1\304\237\" m\301* Z\241RQ(\320RK\221\377\356j"
  87      9F22206D 
  87      C12A205A 
  87      A1525128 
  87      D0524B91 
  88 004f 4190DD96 		.ascii	"A\220\335\226\332\256\322\256sf\346\356\354.\321\354"
  88      DAAED2AE 
  88      7366E6EE 
  88      EC2ED1EC 
  89 005f 6E1FBED9 		.ascii	"n\037\276\331\316\231\375\346\233\357\2349\367\256\215"
  89      CE99FDE6 
  89      9BEF9C39 
  89      F7AE8D
  90 006e 3CF9F70C 		.ascii	"<\371\367\014\020\262\307K\310s\3543T\020\240;z\010"
  90      10B2C74B 
  90      C873EC33 
  90      5410A03B 
  90      7A08
  91 0080 091B146C 		.ascii	"\011\033\024l\342\203\215\2267u\023b\272\264\006\007"
  91      E2838D96 
  91      37751362 
  91      BAB40607 
  92 0090 313DE562 		.ascii	"1=\345b>\244\201.\342:-\023q;\217\227\211\371\220\035"
  92      3EA4812E 
  92      E23A2D13 
  92      713B8F97 
  92      89F9901D 
  93 00a4 1C22EEA0 		.ascii	"\034\"\356\240A\0217x<(\346C\0068E\334IKE\334\305\343"
  93      41113778 
  93      3C28E643 
  93      063845DC 
  93      494B45DC 
  94 00ba A5623EE4 		.ascii	"\245b>\344\002\267\210\273i\211\210{x\274D\314\207<"
  94      02B788BB 
  94      6989887B 
ARM GAS  C:\Users\PETERL~1\AppData\Local\Temp\ccC1ec5F.s 			page 7


  94      78BC44CC 
  94      873C
  95 00cc E0C711FC 		.ascii	"\340\307\021\374\264X\204\213x\270XL\207\212\300+\276"
  95      B458848B 
  95      78B8584C 
  95      878AC02B 
  95      BE
  96 00dd EEA50111 		.ascii	"\356\245\001\021\367\361x@\314\207|\0008\022 [\250\255"
  96      F7F17840 
  96      CC877C00 
  96      3812205B 
  96      A8AD
  97 00ef 5CD3CBEC 		.ascii	"\\\323\313\354\216\240\341,u\271K<\376\342\"o\300\007"
  97      8EA0E12C 
  97      75B94B3C 
  97      FEE2226F 
  97      C007
  98 0101 5B0C9B30 		.ascii	"[\014\2330H\027\203C\014N1\270\305\340\027\203W\014"
  98      48178343 
  98      0C4E31B8 
  98      C5E01783 
  98      570C
  99 0113 77699CC2 		.ascii	"wi\234\302\216\316\003\357\273\347\177b\232fl_\177\305"
  99      8ECE03EF 
  99      BBE77F62 
  99      9A666C5F 
  99      7FC5
 100 0125 D68A0425 		.ascii	"\326\212\004%d\224\212\005\360\031\314'lM\274ar\300"
 100      64948A05 
 100      F019CC27 
 100      6C4DBC61 
 100      72C0
 101 0137 6D6F606B 		.ascii	"mo`k\374\"\006-`gy \207\213;\315drh\357\271\335\372"
 101      FC22062D 
 101      60677920 
 101      878B3BCD 
 101      647268EF 
 102 014e 328D2428 		.ascii	"2\215$(\350\010\016\004\003\301\211\340B\360 x\021|"
 102      E8080E04 
 102      03C189E0 
 102      42F02078 
 102      117C
 103 0160 087E8400 		.ascii	"\010~\204\000B)B\020\241\034\241\002a\032B%\302t\204"
 103      42294210 
 103      A11CA102 
 103      611A4225 
 103      C27484
 104 0173 19083311 		.ascii	"\031\0103\021f!\314F\230\2030\027a\036\302\002\204\205"
 104      6621CC46 
 104      98833017 
 104      611EC202 
 104      8485
 105 0185 088B1016 		.ascii	"\010\213\020\026#T!T#,AX\212@H\204\351g\326F)e\203\355"
 105      23542154 
 105      232C4158 
 105      8A404884 
 105      E967D646 
ARM GAS  C:\Users\PETERL~1\AppData\Local\Temp\ccC1ec5F.s 			page 8


 106 019d 2A9C8AB5 		.ascii	"*\234\212\265\016\324\351x v\320\211\023\327\373\264"
 106      0ED4E978 
 106      2076D089 
 106      13D7FBB4 
 107 01ad 619AA0D4 		.ascii	"a\232\240\324\214\275cjx\366\233\221\013\227\014>E\360"
 107      8CBD636A 
 107      78F69B91 
 107      0B970C3E 
 107      45F0
 108 01bf DF6D5337 		.ascii	"\337mS7\023z3|\0306\315N{\202\332`?T\302\347L,\006\337"
 108      137A337C 
 108      1836CD4E 
 108      7B82DA60 
 108      3F54C2E7 
 109 01d7 DD39B6CB 		.ascii	"\3359\266\313Uu\300l\200\004\325\340\0004\303\010w\022"
 109      5575C06C 
 109      8004D5E0 
 109      0034C308 
 109      7712
 110 01e9 0E42150B 		.ascii	"\016B\025\013\237\255\033\212\272\221\012\230\223&\020"
 110      9FAD1B8A 
 110      BA910A98 
 110      932610
 111 01f8 38C4BEC7 		.ascii	"8\304\276\307\025\\o\267I\005\365\275}\317\343\022\335"
 111      155C6FB7 
 111      4905F5BD 
 111      7DCFE312 
 111      DD
 112 0209 BC15CE12 		.ascii	"\274\025\316\022\240\363=\006\2167\336\266+\001v\370"
 112      A0F33D06 
 112      8E37DEB6 
 112      2B0176F8 
 113 0219 8209382C 		.ascii	"\202\0118,\005\264\357\216\364+\001\255\\\000\346\011"
 113      05B4EF8E 
 113      F42B01AD 
 113      5C00E609 
 114 0229 DAB880C6 		.ascii	"\332\270\200\306\355\367v\024I\0016\002\355b\373\216"
 114      EDF77614 
 114      49013602 
 114      ED62FB8E 
 115 0239 78446C3F 		.ascii	"xDl?N\265\264\023\302\177\236.l \373\021\316\316\253"
 115      4EB5B413 
 115      C27F9E2E 
 115      6C20FB11 
 115      CECEAB
 116 024c E128F3FA 		.ascii	"\341(\363\372*\324?\262\013\026]\020u7\017\267s3\201"
 116      2AD43FB2 
 116      0B165D10 
 116      75370FB7 
 116      733381
 117 025f 1DF54BB1 		.ascii	"\035\365K\261\327N\220\347\314u\227\016\265\313WP5\216"
 117      D74E90E7 
 117      CC75970E 
 117      B5CB5750 
 117      358E
 118 0271 26B0DCD9 		.ascii	"&\260\334\331\010\273\015\230\274\216\266\350\210\324"
 118      08BB0D98 
ARM GAS  C:\Users\PETERL~1\AppData\Local\Temp\ccC1ec5F.s 			page 9


 118      BC8EB6E8 
 118      88D4
 119 027f EEC88995 		.ascii	"\356\310\211\225\033\363\265\"=&\244Ol\213PAc\010\246"
 119      1BF3B522 
 119      3D26A44F 
 119      6C8B5041 
 119      6308A6
 120 0292 0F06A28F 		.ascii	"\017\006\242\217l\\<%p\234\261\364C\303\225\372\327"
 120      6C5C3C25 
 120      709CB1F4 
 120      43C395FA 
 120      D7
 121 02a3 E51AB620 		.ascii	"\345\032\266 \374\351\211&\007_\300XN\3406\004\213\253"
 121      FCE98926 
 121      075FC058 
 121      4EE03604 
 121      8BAB
 122 02b5 9CB0EB0B 		.ascii	"\234\260\353\013Q\252\311\352\352h\273\337+\005:\363"
 122      51AAC9EA 
 122      EA68BBDF 
 122      2B053AF3 
 123 02c5 38F6375C 		.ascii	"8\3667\\!\336h8)\025Js]\202(\332S\327(R\3718\231L\372"
 123      21DE6838 
 123      29154A73 
 123      5D8228DA 
 123      53D72852 
 124 02de 087C5BA0 		.ascii	"\010|[\240\301\337\251\235:\321`\027/\211K\367\245\035"
 124      C1DFA99D 
 124      3AD16017 
 124      2F894BF7 
 124      A51D
 125 02f0 9E3CA8BE 		.ascii	"\236<\250\276WT\247\270\350\374\325\234V\024]\250\306"
 125      5754A7B8 
 125      E8FCD59C 
 125      56145DA8 
 125      C6
 126 0301 C3D3ADAB 		.ascii	"\303\323\255\253t?\270#\335\364\346\236\356\037\024"
 126      743FB823 
 126      DDF4E69E 
 126      EE1F14
 127 0310 E9192BDD 		.ascii	"\351\031+\335\326\371|\202i|k\254\321\305\355\364\020"
 127      D6F97C82 
 127      697C6BAC 
 127      D1C5EDF4 
 127      10
 128 0321 E816E91E 		.ascii	"\350\026\351\036\264\322\355K\313o\231\314\257=\225"
 128      B4D2ED4B 
 128      CB6F99CC 
 128      AF3D95
 129 0330 DF87D6E5 		.ascii	"\337\207\326\345\361\347q\316\037U\005\236\315\314o"
 129      F1E771CE 
 129      1F55059E 
 129      CDCC6F
 130 033f 4010B54F 		.ascii	"@\020\265O\266\356\022\275\"\301n\317O\005&\367g\265"
 130      B6EE12BD 
 130      22C16ECF 
 130      4F0526F7 
ARM GAS  C:\Users\PETERL~1\AppData\Local\Temp\ccC1ec5F.s 			page 10


 130      67B5
 131 0351 CD39B433 		.ascii	"\3159\2643\300\333M\354a\257-\213(\207vv^\271\330\303"
 131      C0DB4DEC 
 131      61AF2D8B 
 131      28877676 
 131      5EB9D8C3 
 132 0365 BB49AA31 		.ascii	"\273I\2521il\352\202\354%m\217-;J\363\320yQ\351\274"
 132      696CEA82 
 132      EC256D8F 
 132      2D3B4AF3 
 132      D07951E9 
 133 037a 94D94B82 		.ascii	"\224\331K\202\202h\317X\313~\273\354\\\032\201\336\002"
 133      8268CF58 
 133      CB7EBBEC 
 133      5C1A81DE 
 133      02
 134 038b FDE853FB 		.ascii	"\375\350S\373\\F?\202\274\274\034\252\274&\255\362*"
 134      5C463F82 
 134      BCBC1CAA 
 134      BC26ADF2 
 134      2A
 135 039c CFBDBCFA 		.ascii	"\317\275\274\372\025\351/Vy]\223\345U!\230\366N\034"
 135      15E92F56 
 135      795D93E5 
 135      552198F6 
 135      4E1C
 136 03ae AAD3A47C 		.ascii	"\252\323\244|\203\300@V?\251H+\260\240,0#U`]\247\245"
 136      83C04056 
 136      3FA9482B 
 136      B0A02C30 
 136      2355605D 
 137 03c4 A669799C 		.ascii	"\246iy\234\364\012\027\245\241\250\301LG+\031Q\301\355"
 137      F40A17A5 
 137      A1A8C14C 
 137      472B1951 
 137      C1ED
 138 03d6 F8AAA2FD 		.ascii	"\370\252\242\375\025\015\254\344\006:S\006\306\273\206"
 138      150DACE4 
 138      063A5306 
 138      C6BB86
 139 03e5 A4D8E9B9 		.ascii	"\244\330\351\271\033xM\221^\317n\3073\030\323\023\375"
 139      1B784D91 
 139      5ECF6EC7 
 139      3318D313 
 139      FD
 140 03f6 77469A5F 		.ascii	"wF\232_\245\322/\227\3658\217u\327\353\371W\367\015"
 140      A5D22F97 
 140      F5388F75 
 140      D7EBF957 
 140      F70D
 141 0408 AE019F2E 		.ascii	"\256\001\237.p\223W\367\366\266\370\224\227WwSKx\005"
 141      709357F7 
 141      F6B6F894 
 141      97577753 
 141      4B7805
 142 041b 815BD6C3 		.ascii	"\201[\326\303\362\334\021y\302\231y\370v[\325\310\235"
 142      F2DC1179 
ARM GAS  C:\Users\PETERL~1\AppData\Local\Temp\ccC1ec5F.s 			page 11


 142      C29979F8 
 142      765BD5C8 
 142      9D
 143 042c CC74CC12 		.ascii	"\314t\314\022D;\217\0156\271\254w\003V\"C\005&(\242"
 143      443B8F0D 
 143      36B9AC77 
 143      03562243 
 143      052628A2 
 144 0440 368A6282 		.ascii	"6\212b\202f\361\004\271U\202z\254\004\315N{\231\200"
 144      66F104B9 
 144      55827AAC 
 144      04CD4E7B 
 144      9980
 145 0452 FF7F91F8 		.ascii	"\377\177\221\370\215\223\332\221\364\367\354\004\315"
 145      8D93DA91 
 145      F4F7EC04 
 145      CD
 146 045f 114C6327 		.ascii	"\021Lc'\223#\226~\326\260\206\26326'-c%<c\021\326\333"
 146      9323967E 
 146      D6B086B3 
 146      3236272D 
 146      63253C63 
 147 0476 59C6A2D4 		.ascii	"Y\306\242\324\217\332\200k\2731*\265\315\315\275x\356"
 147      8FDA806B 
 147      BB312AB5 
 147      CDCDBD78 
 147      EE
 148 0487 AA03DFCB 		.ascii	"\252\003\337\313\3266O2]\030\276k\263\274\365\023\370"
 148      D6364F32 
 148      5D18BE6B 
 148      B3BCF513 
 148      F8
 149 0498 234BDCBC 		.ascii	"#K\334\2744q\305\262\234\212R\3454\336W@\263\274\257"
 149      3471C5B2 
 149      9C8A52E5 
 149      34DE5740 
 149      B3BCAF
 150 04ab 9AE5035E 		.ascii	"\232\345\003^N\361\367\266\215\212fi\266\354\353b/_"
 150      4EF1F7B6 
 150      8D8A6669 
 150      B6ECEB62 
 150      2F5F
 151 04bd 7FCA77BF 		.ascii	"\177\312w\277\330\231\210\305\377\321\321\326\263\274"
 151      D89988C5 
 151      FFD1D1D6 
 151      B3BC
 152 04cb 4B38CC89 		.ascii	"K8\314\211\354\267O\007\337d\252\267\377\012\225\012"
 152      ECB74F07 
 152      DF64AAB7 
 152      FF0A950A 
 153 04db D89BBA01 		.ascii	"\330\233\272\001\017\231\202\230T\020o\216<\235\022"
 153      0F998298 
 153      54106F8E 
 153      3C9D12
 154 04ea 10E702F0 		.ascii	"\020\347\002\360G\000\214p\001o\307._\364p\023\266z"
 154      47008C70 
 154      016FC72E 
ARM GAS  C:\Users\PETERL~1\AppData\Local\Temp\ccC1ec5F.s 			page 12


 154      5FF47013 
 154      B67A
 155 04fc 098C5AD5 		.ascii	"\011\214Z\325|\376\262\264|A\036E\366H\235n,\263\232"
 155      7CFEB2B4 
 155      7C411E45 
 155      F6489D6E 
 155      2CB39A
 156 050f 1732227E 		.ascii	"\0272\"~]\013\251\335\277\024\3558\326\356B^\273^\325"
 156      5D0BA9DD 
 156      BF14ED38 
 156      D6EE425E 
 156      BB5ED5
 157 0522 9D7B2252 		.ascii	"\235{\"R\354\242\334\353cB\221&\262\037\376\213\031"
 157      ECA2DCEB 
 157      63429126 
 157      B21FFE8B 
 157      19
 158 0533 D3134FFB 		.ascii	"\323\023O\373\305\214\342\343\335{\016\352\334,v\025"
 158      C58CE2E3 
 158      DD7B0EEA 
 158      DC2C7615 
 159 0543 FF4E1547 		.ascii	"\377N\025G@\026\207\317\352\315\361\376\345\342KUy\034"
 159      401687CF 
 159      EACDF1FE 
 159      E5E24B55 
 159      791C
 160 0555 F31FAEC8 		.ascii	"\363\037\256\310@E\2173\335\253fD\374\352\024\342\336"
 160      40458F33 
 160      DDAB6644 
 160      FCEA14E2 
 160      DE
 161 0566 A4A29D42 		.ascii	"\244\242\235B\367\252y\202A0/\311\203(\311\211\360\207"
 161      F7AA7982 
 161      41302FC9 
 161      8328C989 
 161      F087
 162 0578 23983443 		.ascii	"#\2304C\337RFT\260\2760M\321\326Q\246o)\271\001\341"
 162      DF524654 
 162      B0BE304D 
 162      D1D651A6 
 162      6F29B901 
 163 058d CEC19790 		.ascii	"\316\301\227\220F\330\013\314Vv\221\237]\271b\365\312"
 163      46D80BCC 
 163      5676919F 
 163      5DB962F5 
 163      CA
 164 059e 75EB5F5B 		.ascii	"u\353_[\277j\323[k\327\327\256^\203\237k7.[RS\273\261"
 164      BF6AD35B 
 164      6BD7D7AE 
 164      5E839F6B 
 164      372E5B52 
 165 05b5 66DDAB1B 		.ascii	"f\335\253\033j\336\250}s\323\306\232U/\277\270\354)"
 165      6ADEA87D 
 165      73D3C69A 
 165      552FBFB8 
 165      EC29
 166 05c7 812F2CDF 		.ascii	"\201/,\337\274\031#\257l\330\260\266z\015\371\027\337"
ARM GAS  C:\Users\PETERL~1\AppData\Local\Temp\ccC1ec5F.s 			page 13


 166      BC1923AF 
 166      6CD8B0B6 
 166      7A0DF917 
 166      DF
 167 05d8 4F2283   		.ascii	"O\"\203"
 168              		.text
 169              		.section	.gnu.lto_.symbol_nodes.768e6c17,"",%progbits
 170 0000 789C6366 		.ascii	"x\234cf``pa\200\002\2466\246z\006\206\011\347\030\030"
 170      60607061 
 170      8002A636 
 170      A67A0686 
 170      09E71818 
 171 0014 EAEB19E6 		.ascii	"\352\353\031\346-\340``jg\252gD\026`mabX\010T\304\330"
 171      2DE06060 
 171      6A67AA67 
 171      4416606D 
 171      61625808 
 172 002b C154CF04 		.ascii	"\301T\317\004\221`hh\340``\006\302\226\3767\362\014"
 172      91606868 
 172      E0606006 
 172      C296FE37 
 172      F20C
 173 003d 00697F11 		.ascii	"\000i\177\021b"
 173      62
 174              		.text
 175              		.section	.gnu.lto_.refs.768e6c17,"",%progbits
 176 0000 789C6366 		.ascii	"x\234cf```d\200\002\000\000=\000\005"
 176      60606064 
 176      80020000 
 176      3D0005
 177              		.text
 178              		.section	.gnu.lto_.decls.768e6c17,"",%progbits
 179 0000 789CCD57 		.ascii	"x\234\315W{PSW\032\317\271'\011!\004peWw\230\356H\351"
 179      7B505357 
 179      1ACFB927 
 179      09210470 
 179      65577798 
 180 0017 0CE3EE56 		.ascii	"\014\343\356VA\260\333]gvV\215\317Y\333f\022w\273;e"
 180      41B0DB5D 
 180      6776568D 
 180      CF59DB66 
 180      1277BB3B 
 181 002c 86451257 		.ascii	"\206E\022W\246<\\\023f\360\277\013\250<Dy\370(\340+"
 181      A63C5C13 
 181      66F0BF0B 
 181      A83C4479 
 181      F828E02B 
 182 0040 0AC89B20 		.ascii	"\012\310\233 \021[\205B\252\005\361\205\026\255\250"
 182      115B8542 
 182      AA05F185 
 182      16ADA8
 183 004f B5805885 		.ascii	"\265\200X\205\012(*\012\210\222\375\3169In\270\246\235"
 183      0A282A0A 
 183      8892FDCE 
 183      39496EB8 
 183      A69D
 184 0061 EECEFEB1 		.ascii	"\356\316\376\261w\362\345\234\357~\277\357w\276\363"
ARM GAS  C:\Users\PETERL~1\AppData\Local\Temp\ccC1ec5F.s 			page 14


 184      77F2E59C 
 184      EF7EBFEF 
 184      77BEF3
 185 0070 9DEFDC7B 		.ascii	"\235\357\334{.\226H$?G\022\211\035.\303\317$\222eX\""
 185      2E964824 
 185      3F471289 
 185      1D2EC3CF 
 185      24926558 
 186 0085 819F4423 		.ascii	"\201\237D#\021.\242W\203\324\202\324\201\000\\\322$"
 186      112EA257 
 186      83D482D4 
 186      81005CD2 
 186      24
 187 0096 997E11BB 		.ascii	"\231~\021\273\267\303\357M\007\347L\020\033\364\337"
 187      B7C3EF4D 
 187      07E74C10 
 187      1BF4DF
 188 00a5 803610E4 		.ascii	"\2006\020\344W \025\240+@T\320\367\003y\"a\204\257\240"
 188      572015A0 
 188      2B4054D0 
 188      F7037922 
 188      6184AFA0 
 189 00b9 9905ED04 		.ascii	"\231\005\355\004\264\263\2210\346\034\304\306\024_\265"
 189      B4B39130 
 189      E61CC4C6 
 189      145FB5
 190 00c8 3F61BC85 		.ascii	"?a\274\205 \341 J\211\300\377\224\370A;\006\355K\307"
 190      20E1204A 
 190      89C0FF94 
 190      F8413B06 
 190      ED4BC7
 191 00db 58F34038 		.ascii	"X\363@8\020\204\330\334j=\214\367\230C'kG/\371\014p"
 191      1084D8DC 
 191      6A3D8CF7 
 191      9843276B 
 191      472FF90C 
 192 00f0 C84F1944 		.ascii	"\310O\031D\324S\371\355\005rPUJ)Q\033'\373\256Ig\357"
 192      D453F9ED 
 192      05725055 
 192      4A29511B 
 192      27FBAE49 
 193 0106 E1E1CA4D 		.ascii	"\341\341\312M\343gH\221f\026*C\201\250\034\005\002k"
 193      E3674891 
 193      66162A43 
 193      81A81C05 
 193      026B
 194 0118 059A0DFF 		.ascii	"\005\232\015\377\037I\031SN\356\360\247\010\303\220"
 194      1F491953 
 194      4EEEF0A7 
 194      08C390
 195 0127 D02F2EB8 		.ascii	"\320/.\270sM\371v%\270e\360\266q$\014\327U\232\235\242"
 195      734DF976 
 195      25B865F0 
 195      B671240C 
 195      D7559A9D 
 196 013c 0A3AC89B 		.ascii	"\012:\310\233\353Fj\257\245\343B\336\234\312O\331\355"
 196      EB466AAF 
ARM GAS  C:\Users\PETERL~1\AppData\Local\Temp\ccC1ec5F.s 			page 15


 196      A5E342DE 
 196      9CCA4FD9 
 196      ED
 197 014d 8892A14A 		.ascii	"\210\222\241J\204Q\025z\233f\017\372\324\011U\243 p"
 197      8451157A 
 197      9B660FFA 
 197      D40955A3 
 197      2070
 198 015f 2C2BBB5E 		.ascii	",+\273^#\303\037R\366'\266\236[\230\222\230+K\345\355"
 198      23C31F52 
 198      F627B69E 
 198      5B989298 
 198      2B4BE5ED 
 199 0173 BCCD6EFF 		.ascii	"\274\315n\377\023\365\257q\363\257q\372\327R\377\376"
 199      13F5AF71 
 199      F3AF71FA 
 199      D752FFFE 
 200 0183 AF5EDDF5 		.ascii	"\257^\335\365\303\033\250\377\305m\367.+\301\277\227"
 200      C31BA8FF 
 200      C56DF72E 
 200      2BC1BF97 
 201 0193 1F1928EE 		.ascii	"\037\031(\356S\347\245\345\226\360\275v\373\034\026"
 201      53E7A5E5 
 201      96F0BD76 
 201      FB1C16
 202 01a2 84C58DC4 		.ascii	"\204\305\215\304\342$\251\243$-\315\343mJlE\224%;\243"
 202      E224A9A3 
 202      242DCDE3 
 202      6D4A6C45 
 202      94253BA3 
 203 01b6 F79C1237 		.ascii	"\367\234\02271%\345hc\266\027\344\355M%\235f\317\276"
 203      3125E568 
 203      63B617E4 
 203      ED4D259D 
 203      66CFBE
 204 01c9 89126FAA 		.ascii	"\211\022o\252\222\022\364\207[\\\373}\276\330\017\205"
 204      9212F487 
 204      5B5CFB7D 
 204      BED80F85 
 205 01d9 284B2029 		.ascii	"(K )#9e}\253\322\370\305\350\004R\242z\327x\324\233"
 205      2339657D 
 205      ABD2F8C5 
 205      E80452A2 
 205      7AD778D4 
 206 01ee 5C193C9F 		.ascii	"\\\031<\237J\022\356\335\356'q\345\0335\240\020@P,\262"
 206      4A12EEDD 
 206      EE2771E5 
 206      1B35A010 
 206      40502CB2 
 207 0202 C2CDE370 		.ascii	"\302\315\343p\023\210[_6o\221!e\210g\247\317<8\321\020"
 207      13885B5F 
 207      366F9121 
 207      658867A7 
 207      CF3C38D1 
 208 0217 BA33F367 		.ascii	"\2723\363g\361\274\024}\012!\034\023B\200\210\\\213"
 208      F1BC147D 
 208      0A211C13 
ARM GAS  C:\Users\PETERL~1\AppData\Local\Temp\ccC1ec5F.s 			page 16


 208      4280885C 
 208      8B
 209 0228 756FA8AA 		.ascii	"uo\250\252S\211\2630\235a\333hc\246|N\021>\300+\330"
 209      5389B330 
 209      9D61DB68 
 209      63A67C4E 
 209      113EC02B 
 210 023d 4A1E193D 		.ascii	"J\036\031=+\203)\202??\272CC\327\345Yy\272\362\255\303"
 210      2B832982 
 210      3F3FBA43 
 210      43D7E559 
 210      79BAF2AD 
 211 0252 BCF9C848 		.ascii	"\274\371\310H\355\301X\272\266<Y\032:\306I6\206[\371"
 211      EDC158BA 
 211      B63C591A 
 211      3AC64936 
 211      865BF9
 212 0265 903BA710 		.ascii	"\220;\247\020d\275\221\004\332\204\336\002\212\276\376"
 212      64BD9104 
 212      DA84DE02 
 212      8ABEFE
 213 0274 FE54152D 		.ascii	"\376T\025-G\233\202P\036o\261>Q\321z\314\240Q\024ut"
 213      479B8250 
 213      1E6FB13E 
 213      51D17ACC 
 213      A0511475 
 214 0289 65CA701D 		.ascii	"e\312p\035\013i\370tI\262\022\246\235\366\323\246\015"
 214      0B69F874 
 214      49B212A6 
 214      9DF6D3A6 
 214      0D
 215 029a 1EA95786 		.ascii	"\036\251W\206\356\372\343&\346~\243\273\327\346\203"
 215      EEFAE326 
 215      E67EA3BB 
 215      D7E683
 216 02a9 5B98C2E7 		.ascii	"[\230\302\347\364o\301\370,SJ\366\354\255\226\321Qi"
 216      F46FC1F8 
 216      2C534AF6 
 216      ECAD96D1 
 216      5169
 217 02bb 1099F969 		.ascii	"\020\231\371i\375\012|\221\331,\365\223\207\274\361"
 217      FD0A7C91 
 217      D92CF593 
 217      87BCF1
 218 02ca 15A65CE8 		.ascii	"\025\246\\\350\033\177\312\302\233A\324\003m\255\235"
 218      1B7FCAC2 
 218      9B41D403 
 218      6DAD9D
 219 02d9 727C93D9 		.ascii	"r|\223\331\036_?\361[\334\307\372\205c\027\333\374)"
 219      1E5F3FF1 
 219      5BDCC7FA 
 219      856317DB 
 219      FC29
 220 02eb EE9794FF 		.ascii	"\356\227\224\377F\316~\214\007\231m\242\243\277\001"
 220      46CE7E8C 
 220      07996DA2 
 220      A3BF01
ARM GAS  C:\Users\PETERL~1\AppData\Local\Temp\ccC1ec5F.s 			page 17


 221 02fa E3674C71 		.ascii	"\343gLqnG\025\333\216W\313s3\024x\212\331\352\213KO"
 221      6E4715DB 
 221      8E57CB73 
 221      3314788A 
 221      D9EA8B4B 
 222 030f 78D3DC2C 		.ascii	"x\323\334,&j\326\366cv/2}\3361}pr\313\356\025\262\220"
 222      266AD6F6 
 222      63762F32 
 222      7DDE317D 
 222      7072CBEE 
 223 0326 686E20FA 		.ascii	"hn \3725\235y\312\201\322^<3\227\242\315|\220\211\256"
 223      359D79CA 
 223      81D25E3C 
 223      3397A2CD 
 223      7C9089AE 
 224 033a C965407F 		.ascii	"\311e@\177I\321_\241\231N\037\202\356\340\013r\375p"
 224      49D15FA1 
 224      994E1F82 
 224      EEE00B72 
 224      FD70
 225 034c BA948E5B 		.ascii	"\272\224\216[\336\327\221\357Kc\232K\324\312\356\311"
 225      DED791EF 
 225      4B639A4B 
 225      D4CAEEC9 
 226 035c 3419CE63 		.ascii	"4\031\316c\266\236\261\236\323^\324\026F\324\263\245"
 226      B69EB19E 
 226      D35ED416 
 226      46D4B3A5 
 227 036c 9643725C 		.ascii	"\226Cr\\\310lg\007\237?@\3700SRl5W\031\360\367D\275"
 227      C86C6707 
 227      9F3F40F8 
 227      3053526C 
 227      355719F0 
 228 0383 5FD356EC 		.ascii	"_\323V\354\207+\230\355fY\372.\005\266J\247\315R\305"
 228      872B98ED 
 228      6659FA2E 
 228      05B64AA7 
 228      CD52C5
 229 0396 66D9DAB5 		.ascii	"f\331\332\265\355{9nd6\373\211\202s\276\370\014SN\036"
 229      ED7B396E 
 229      6436FB89 
 229      8273BEF8 
 229      0C534E1E 
 230 03aa CB9DF0A3 		.ascii	"\313\235\360\243\300U\2642\332S[e\370\022\263\3657\017"
 230      C055B432 
 230      DA535B65 
 230      F812B3F5 
 230      370F
 231 03bc F11CB5D1 		.ascii	"\361\034\265\321\302\334\361\235\271X\201\273\230\255"
 231      C2DCF19D 
 231      B95881BB 
 231      98AD
 232 03ca 70F87E8E 		.ascii	"p\370~\216\034\337aJF\323\356\243l\264\277\021ur\252"
 232      1CDF614A 
 232      46D3EEA3 
 232      6CB4BF11 
 232      7572AA
ARM GAS  C:\Users\PETERL~1\AppData\Local\Temp\ccC1ec5F.s 			page 18


 233 03dd E2912F1E 		.ascii	"\342\221/\036d\266\2522~\026~\306\372u-U\231\014\367"
 233      64B6AA32 
 233      7E167EC6 
 233      FA752D55 
 233      990CF7
 234 03f0 0FBAB695 		.ascii	"\017\272\266\225\335\345\376\330\316l\327[o\335\366"
 234      DDE5FED8 
 234      CE6CD75B 
 234      6FDDF6
 235 03ff C59932AA 		.ascii	"\305\2312\252\354\313\355,d\025\261\201\250y\245\273"
 235      ECCBED2C 
 235      6415B181 
 235      A879A5BB 
 236 040f B7717817 		.ascii	"\267qx\027\263\035\332Y?\301\036\256\033\211\332\322"
 236      B31DDA59 
 236      3FC11EAE 
 236      1B89DAD2 
 237 041f D671C41B 		.ascii	"\326q\304\033\0270\333\213lk\033\207\3673\345\330\327"
 237      1730DB8B 
 237      6C6B1B87 
 237      F733E5D8 
 237      D7
 238 0430 035D4A0A 		.ascii	"\003]J\012L&\252\371jK\205\012\037e\266=M\373\363Y$"
 238      4C26AAF9 
 238      6A4B850A 
 238      1F65B63D 
 238      4DFBF359 
 239 0445 3CD51F58 		.ascii	"<\325\037X\247\356\312p55\006\265\215no\364B\301\216"
 239      A7EECA70 
 239      353506B5 
 239      8D6E6FF4 
 239      42C18E
 240 0458 2B20D8E3 		.ascii	"+ \330\343\025b\346\267\244\215<j(\371 \257t\033\337"
 240      1562E6B7 
 240      A48D3C6A 
 240      28F920AF 
 240      741BDF
 241 046b 1E866C50 		.ascii	"\036\206lP\012\027a3\276@\001\302\016\272D\353\3427"
 241      0A176133 
 241      BE4001C2 
 241      0EBA44EB 
 241      E237
 242 047d F0272178 		.ascii	"\360'!x\363M\253\336\266\005S\354\027b\354\334\351\320"
 242      F34DABDE 
 242      B60553EC 
 242      1762ECDC 
 242      E9D0
 243 048f 1D0D2EE8 		.ascii	"\035\015.\350#1tDD;)\320\366\210\261\275\356X\2367g"
 243      23317444 
 243      443B29D0 
 243      F688B1BD 
 243      EE589E37 
 244 04a4 36480916 		.ascii	"6H\011\026j\025\0158\260\316\012F\337\213x\267\0131"
 244      6A150D38 
 244      B0CE0A46 
 244      DF8B78B7 
 244      0B31
ARM GAS  C:\Users\PETERL~1\AppData\Local\Temp\ccC1ec5F.s 			page 19


 245 04b6 0C897907 		.ascii	"\014\211y\007)\266\014\271\210\263\005\342a1\361C\021"
 245      29B60CB9 
 245      88B305E2 
 245      6131F143 
 245      11
 246 04c7 719640FC 		.ascii	"q\226@\374\30031\305\346\321\235\306\363\213M\022\364"
 246      C03331C5 
 246      E6D19DC6 
 246      F38B4D12 
 246      F4
 247 04d8 39D89BA9 		.ascii	"9\330\233\251\211\240\311C0\217\013AOQ0z\011\222\311"
 247      89A0C943 
 247      308F0B41 
 247      4F51307A 
 247      0992C9
 248 04eb 05A31C90 		.ascii	"\005\243\034\220l\220\235 ;@\266\201<\001\033\017\355"
 248      6C909D20 
 248      3B40B681 
 248      3C011B0F 
 248      ED
 249 04fc 1690AD20 		.ascii	"\026\220\255 \271 \333A\262@^\201-\025\332t\220g\320"
 249      B920DB41 
 249      B2405E81 
 249      2D15DA74 
 249      9067D0
 250 050f CF807612 		.ascii	"\317\200v\022Z;H\032\364S@\236C\177\002d\014d\034d\024"
 250      5A3B481A 
 250      F453409E 
 250      437F0264 
 250      0C641C64 
 251 0524 640A05D3 		.ascii	"d\012\005\323\207;\235\311+!\365}\342\231\334\025\315"
 251      873B9DC9 
 251      2B21F57D 
 251      E299DC15 
 251      CD
 252 0535 FA96803D 		.ascii	"\372\226\200=\355q\365\235\331\004\354\270\200\275%"
 252      ED71F59D 
 252      D904ECB8 
 252      80BD25
 253 0544 C67E23E2 		.ascii	"\306~#\342\335)d\363\261\347Rq-S\252y\212\021\223'\327"
 253      DD2964F3 
 253      B1E75271 
 253      2D53AA79 
 253      8A119327 
 254 0559 779E0376 		.ascii	"w\236\003v\213\342\201\020E\207\347\332v\003g\010a\364"
 254      8BE28110 
 254      4587E7DA 
 254      76036708 
 254      61F4
 255 056b 8BC1F7C5 		.ascii	"\213\301\367\305\340\011\201\371\266\347\371\271\201"
 255      E00981F9 
 255      B6E7F9B9 
 255      81
 256 0578 ED02F89E 		.ascii	"\355\002\370\236gf\241\276\007\255\2562\354\024\227"
 256      6766A1BE 
 256      07ADAE32 
 256      EC1497
ARM GAS  C:\Users\PETERL~1\AppData\Local\Temp\ccC1ec5F.s 			page 20


 257 0587 E15551E2 		.ascii	"\341UQ\342\206\004\336kb\336\257\247\361\246\232\007"
 257      8604DE6B 
 257      62DEAFA7 
 257      F1A69A07 
 258 0597 84BC5D10 		.ascii	"\204\274]\020c\317\213\367\302\013!\210o\305At\213\202"
 258      63CF8BF7 
 258      C20B2188 
 258      6FC54174 
 258      8B82
 259 05a9 78290471 		.ascii	"x)\004q\307\363\346u\313\3047\002\370\214\030\374\245"
 259      C7F3E675 
 259      CBC43702 
 259      F88C18FC 
 259      A5
 260 05ba 28E24742 		.ascii	"(\342GB\3047\305\330\033b\342\207\002q\227g\260\020"
 260      C437C5D8 
 260      1B62E287 
 260      02719767 
 260      B010
 261 05cc F1B702B6 		.ascii	"\361\267\002\266M\214=+\302\366\010\330s\236\323&`\273"
 261      4D8C3D2B 
 261      C2F608D8 
 261      739ED326 
 261      60BB
 262 05de 056CBB67 		.ascii	"\005l\273g^\267\200o\013\340V\317\231p\003\017\013\340"
 262      5EB7806F 
 262      0BE056CF 
 262      9970030F 
 262      0BE0
 263 05f0 EB9E179A 		.ascii	"\353\236\027\232\201\311\241\256\367\262UO\316t\000"
 263      81C9A1AE 
 263      F7B2554F 
 263      CE7400
 264 05ff 9238CFB0 		.ascii	"\2228\317\260\316\323\034w+\375B\245\022\005\204xz2"
 264      CED31C77 
 264      2BFD42A5 
 264      12058478 
 264      7A32
 265 0611 A15DF040 		.ascii	"\241]\360@\372\177y8\321\231\0244\250x\204\362\271\000"
 265      FA7F7938 
 265      D1991434 
 265      A87884F2 
 265      B900
 266 0623 D4221C4E 		.ascii	"\324\"\034N\311\274\234\207\323\353\017\307\233d\252"
 266      C9BC9C87 
 266      D3EB0FC7 
 266      9B64AA
 267 0632 2CE1D04B 		.ascii	",\341\320K\301\302\371g7\247\242'wh\001=t\246p\002\343"
 267      C1C2F967 
 267      37A7A227 
 267      7768013D 
 267      74A67002 
 268 0647 47F42D29 		.ascii	"G\364-)\265\277L\351\364\201\267d\000}\023\366\266X"
 268      B5BF4CE9 
 268      F481B764 
 268      007D13F6 
 268      B658
ARM GAS  C:\Users\PETERL~1\AppData\Local\Temp\ccC1ec5F.s 			page 21


 269 0659 4B101C56 		.ascii	"K\020\034VO#\327\313\255\200\373\341\227[\273u\332\213"
 269      4F23D7CB 
 269      AD80FBE1 
 269      975BBB75 
 269      DA8B
 270 066b E575285B 		.ascii	"\345u([\216<\307I\213dY8f\0214Iq!\244x/\244\341\023"
 270      8E3CC749 
 270      8B645938 
 270      66113449 
 270      7121A478 
 271 0683 CE6DCA9F 		.ascii	"\316m\312\237\263\305\003\314\353\213w\277hb\247\260"
 271      B3C503CC 
 271      EB8B77BF 
 271      6862A7B0 
 272 0693 78D369D1 		.ascii	"x\323i\321>`\373Q\346sV\222\314\"\200\354\341\\\311"
 272      3E60FB51 
 272      E6735692 
 272      CC2280EC 
 272      E15CC9
 273 06a6 24E33893 		.ascii	"$\3438\223y\367\213\316j\371\264d\026MK\346~G2\367\323"
 273      79F78BCE 
 273      6AF9B464 
 273      164D4BE6 
 273      7E4732F7 
 274 06bb 647617D8 		.ascii	"dv\027\330\262\244\323\320\344\273I@\037p\240\017P\364"
 274      B2A4D3D0 
 274      E4BB4940 
 274      1F70A00F 
 274      50F4
 275 06cd A1FAF383 		.ascii	"\241\372\363\203R<\311N/)S\237\244\371\302\247\227\015"
 275      523CC94E 
 275      2F29539F 
 275      A4F9C2A7 
 275      970D
 276 06df BEFF6E27 		.ascii	"\276\377n'\271>\3778\312p\220\023\276\274\240\317\276"
 276      B93EFF38 
 276      CA709013 
 276      BEBCA0CF 
 276      BE
 277 06f0 BC0E71E4 		.ascii	"\274\016q\344\313\253q\374D\231\037=\373\366\262Sb\323"
 277      CBAB71FC 
 277      44991F3D 
 277      FBF6B253 
 277      62D3
 278 0702 C03376A0 		.ascii	"\3003v\240~\203\236\353m[\237sx\257\234\332\006v\026"
 278      7E839EEB 
 278      6D5B9F73 
 278      78AF9CDA 
 278      067616
 279 0715 A4F9E212 		.ascii	"\244\371\342\022\246\234n\337e\361\301\345L\271y\376"
 279      A69C6EDF 
 279      65F1C1E5 
 279      4CB979FE 
 280 0725 41991CD7 		.ascii	"A\231\034\3270\345\350\356\261L\177\334\300\224\261"
 280      30E5E8EE 
 280      B14C7FDC 
 280      C094B1
ARM GAS  C:\Users\PETERL~1\AppData\Local\Temp\ccC1ec5F.s 			page 22


 281 0734 C9E145F8 		.ascii	"\311\341E\3703\326\337{\261/\317\0137S\305{\353\213"
 281      33D6DF7B 
 281      B12FCF0B 
 281      3753C57B 
 281      EB8B
 282 0746 AA3C5FC7 		.ascii	"\252<_\307\211* $\330qt\032\375cE=\357,\203\022\010"
 282      892A2024 
 282      D871741A 
 282      FD63453D 
 282      EF2C8312 
 283 075b DBF20365 		.ascii	"\333\362\003e@K\246\305\"w\234\262\216\212\241\257m"
 283      404BA6C5 
 283      22779CB2 
 283      8E8AA1AF 
 283      6D
 284 076c F7732E6C 		.ascii	"\367s.l\231\030\373\332s\244\331\205-\365\314+Tm\223"
 284      9918FBDA 
 284      73A4D985 
 284      2DF5CC2B 
 284      546D93
 285 077f 0B5AEC31 		.ascii	"\013Z\3541Z\001y\336\205,\027#\335\036z\356\017\021"
 285      5A0179DE 
 285      852C1723 
 285      DD1E7AEE 
 285      0F11
 286 0791 3317880E 		.ascii	"3\027\210\016s\304dq\024a\035\024a\015\024a\005H5H%"
 286      73C46471 
 286      14611D14 
 286      610D1461 
 286      05483548 
 287 07a6 C831902A 		.ascii	"\3101\220*\220Z\367\302<e\221CaZ^\253x\272/\333-\347"
 287      905AF7C2 
 287      3C659143 
 287      615A5EAB 
 287      78BA2FDB 
 288 07bc 55CEE329 		.ascii	"U\316\343)\331\225\036\222Ac\201\355\261\243\272pL!"
 288      D9951E92 
 288      416381ED 
 288      B1A3BA70 
 288      4C21
 289 07ce 7AB6     		.ascii	"z\266"
 290 07d0 39C34256 		.ascii	"9\303BV\210\346?\216\354B\242\002\325\203\323\021a\303"
 290      88E63F8E 
 290      EC42A202 
 290      D583D311 
 290      61C3
 291 07e2 58DC364C 		.ascii	"X\3346L\361\303\207\247|\246m\201\372i\033\346\270c"
 291      F1C387A7 
 291      7CA66D81 
 291      FA691BE6 
 291      B863
 292 07f4 0B9056B5 		.ascii	"\013\220V\265!:.*.N\037\025\233\020k\222\257|\377/A"
 292      213A2E2A 
 292      2E4E1F15 
 292      9B106B92 
 292      AF7CFF2F 
 293 0809 6AC962F5 		.ascii	"j\311b\365\242H\365\206\330u\261:S\222>612\206\364\023"
ARM GAS  C:\Users\PETERL~1\AppData\Local\Temp\ccC1ec5F.s 			page 23


 293      A248F586 
 293      D875B13A 
 293      53923E36 
 293      313286F4 
 294 081e 8D1161A1 		.ascii	"\215\021a\241\211\306P\300\207nL\334d2\206\352\326\276"
 294      89C650C0 
 294      876E4CDC 
 294      643286EA 
 294      D6BE
 295 0830 1711CEFE 		.ascii	"\027\021\316\376W,LN\016u0\315\217\221\3140\232\342"
 295      572C4C4E 
 295      0E7530CD 
 295      8F91CC30 
 295      9AE2
 296 0842 23C2A362 		.ascii	"#\302\243b\342\022c>\246\304^\372\370\350\325\320.\375"
 296      E212633E 
 296      A6C45EFA 
 296      F8E8D5D0 
 296      2EFD
 297 0854 EF98191D 		.ascii	"\357\230\031\035p\314\337 Q$\305&\230@3)\243\242\234"
 297      70CCDF20 
 297      5124C526 
 297      98403329 
 297      A3A29C
 298 0867 DDF5318B 		.ascii	"\335\3651\213\030\225\221\321\232\022\023\343\214\221"
 298      189591D1 
 298      9A1213E3 
 298      8C91
 299 0875 FF4C480A 		.ascii	"\377LH\012\242\275\240\350M\361A\206\370u\006\275\336"
 299      A2BDA0E8 
 299      4DF14186 
 299      F87506BD 
 299      DE
 300 0886 A08F5C38 		.ascii	"\240\217\\8\377\017A\341a\013\336\371WD$\334\237\227"
 300      FF0F41E1 
 300      610BDEF9 
 300      574424DC 
 300      9F97
 301 0898 90986098 		.ascii	"\220\230`\230g\210^\027\033\031\233\020\023\227\244"
 301      67885E17 
 301      1B199B10 
 301      1397A4
 302 08a7 3744C647 		.ascii	"7D\306G\003W\202!2JoX\037\235\024g\2122m\336h0\302\320"
 302      03578221 
 302      324A6F58 
 302      1F9D1467 
 302      8A326DDE 
 303 08bf 1FFD4F87 		.ascii	"\037\375O\2071n6FF\031Mz\230\003p\373\3536\033M\206"
 303      316E3646 
 303      46194D7A 
 303      980370FB 
 303      EB361B4D 
 304 08d4 7875E226 		.ascii	"xu\342&\203\232\244\355\027\363\365\321\246\350\371"
 304      839AA4ED 
 304      17F3F5D1 
 304      A6E8F9
 305 08e3 A2BB3E5A 		.ascii	"\242\273>Z\265:j-\204\263\314\260\236Sk\2754k\326\250"
ARM GAS  C:\Users\PETERL~1\AppData\Local\Temp\ccC1ec5F.s 			page 24


 305      B53A6A2D 
 305      84B3CCB0 
 305      9E536BBD 
 305      346BD6A8 
 306 08f7 57ACD44A 		.ascii	"W\254\324J\311\037V\257\326*\226\254Z\272@\253[K;\341"
 306      C91F56AF 
 306      D62A96AC 
 306      5ABA40AB 
 306      5B4B3BE1 
 307 090b CE4E04E9 		.ascii	"\316N\004\351xk\227\353\226k\377\272|Y\230b\211\306"
 307      786B97EB 
 307      966BFFBA 
 307      7C599862 
 307      89C6
 308 091d 09D23090 		.ascii	"\011\3220\220\313\266\300\213\020,\177_K\332pG\033\001"
 308      CBB6C08B 
 308      102C7F5F 
 308      4BDA7047 
 308      1B01
 309 092f AD0B11EE 		.ascii	"\255\013\021\356E\274\251EC\021.K\2047\361]\243!\367"
 309      45BCA945 
 309      43112E4B 
 309      8437F15D 
 309      A321F7
 310 0942 88B7AB17 		.ascii	"\210\267\253\027\301zN\334Bo\302\340\260j\2348\247\365"
 310      C17A4EDC 
 310      426FC2E0 
 310      B06A9C38 
 310      A7F5
 311 0954 1DE9D265 		.ascii	"\035\351\322ej\230\213N\270\365;\231N\247^\251U\302"
 311      6A988B4E 
 311      B8F53B99 
 311      4EA75EA9 
 311      55C2
 312 0966 645787EB 		.ascii	"dW\207\353\310T\337\375\26122$\233B\325\357\351V\353"
 312      C854DFFD 
 312      B1323224 
 312      9B42D5EF 
 312      E956EB
 313 0979 A08058E5 		.ascii	"\240\200X\345\254_\030\366nr2$\331G\363\241\326\231"
 313      AC5F18F6 
 313      6E723224 
 313      D947F3A1 
 313      D699
 314 098b BE4067E1 		.ascii	"\276@g\341\257\213\216\3718ic\224>1>:6\201V\253\357"
 314      AF8B8EF9 
 314      38696394 
 314      3E313E3A 
 314      368156AB 
 315 09a0 8A354B74 		.ascii	"\2125Kt\253\234@\274D\255\225\376y\371\337\265^\037"
 315      AB9C40BC 
 315      44AD95FE 
 315      79F9DFB5 
 315      5E1F
 316 09b2 68D69296 		.ascii	"h\326\222\226\323ie\320Uk\345\364\177\301\277\001Q\213"
 316      D36965D0 
 316      556BE5F4 
ARM GAS  C:\Users\PETERL~1\AppData\Local\Temp\ccC1ec5F.s 			page 25


 316      7FC1BF01 
 316      518B
 317 09c4 1167     		.ascii	"\021g"
 318              		.text
 319              		.section	.gnu.lto_.symtab.768e6c17,"",%progbits
 320 0000 68616C5F 		.ascii	"hal_lld_init\000\000\000\000\000\000\000\000\000\000"
 320      6C6C645F 
 320      696E6974 
 320      00000000 
 320      00000000 
 321 0016 0000AC00 		.ascii	"\000\000\254\000\000\000stm32_clock_init\000\000\000"
 321      00007374 
 321      6D33325F 
 321      636C6F63 
 321      6B5F696E 
 322 002f 00000000 		.ascii	"\000\000\000\000\000\000\000\000\000\256\000\000\000"
 322      00000000 
 322      00AE0000 
 322      00
 323 003c 53797374 		.ascii	"SystemCoreClock\000\000\000\000\000\000\000\000\000"
 323      656D436F 
 323      7265436C 
 323      6F636B00 
 323      00000000 
 324 0054 000000BC 		.ascii	"\000\000\000\274\000\000\000dmaInit\000\000\002\000"
 324      00000064 
 324      6D61496E 
 324      69740000 
 324      0200
 325 0066 00000000 		.ascii	"\000\000\000\000\000\000\000\000\260\000\000\000"
 325      00000000 
 325      B0000000 
 326              		.text
 327              		.section	.gnu.lto_.opts,"",%progbits
 328 0000 272D666E 		.ascii	"'-fno-trapv' '-mcpu=cortex-m4' '-mno-thumb-interwor"
 328      6F2D7472 
 328      61707627 
 328      20272D6D 
 328      6370753D 
 329 0033 6B272027 		.ascii	"k' '-mthumb' '-ggdb' '-O2' '-fomit-frame-pointer' '"
 329      2D6D7468 
 329      756D6227 
 329      20272D67 
 329      67646227 
 330 0066 2D66616C 		.ascii	"-falign-functions=16' '-ffunction-sections' '-fdata"
 330      69676E2D 
 330      66756E63 
 330      74696F6E 
 330      733D3136 
 331 0099 2D736563 		.ascii	"-sections' '-fno-common' '-flto'\000"
 331      74696F6E 
 331      73272027 
 331      2D666E6F 
 331      2D636F6D 
 332              		.text
 333              		.comm	__gnu_lto_v1,1,1
 334              		.comm	__gnu_lto_slim,1,1
ARM GAS  C:\Users\PETERL~1\AppData\Local\Temp\ccC1ec5F.s 			page 26


 335              		.ident	"GCC: (GNU Tools for ARM Embedded Processors) 4.9.3 20150529 (release) [ARM/embedded-4_9-br
ARM GAS  C:\Users\PETERL~1\AppData\Local\Temp\ccC1ec5F.s 			page 27


DEFINED SYMBOLS
                            *ABS*:00000000 hal_lld.c
                            *COM*:00000001 __gnu_lto_v1
                            *COM*:00000001 __gnu_lto_slim

NO UNDEFINED SYMBOLS
