ARM GAS  C:\Users\PETERL~1\AppData\Local\Temp\ccCxjFnh.s 			page 1


   1              		.syntax unified
   2              		.cpu cortex-m4
   3              		.fpu softvfp
   4              		.eabi_attribute 20, 1
   5              		.eabi_attribute 21, 1
   6              		.eabi_attribute 23, 3
   7              		.eabi_attribute 24, 1
   8              		.eabi_attribute 25, 1
   9              		.eabi_attribute 26, 1
  10              		.eabi_attribute 30, 2
  11              		.eabi_attribute 34, 1
  12              		.eabi_attribute 18, 4
  13              		.thumb
  14              		.file	"init_functions.c"
  15              		.text
  16              	.Ltext0:
  17              		.section	.gnu.lto_.profile.76a06eaa,"",%progbits
  18 0000 789C6366 		.ascii	"x\234cf```e\200\000F\206u\214z\000\002\304\000\347"
  18      60606065 
  18      80004686 
  18      758C7A00 
  18      02C400E7 
  19              		.text
  20              		.section	.gnu.lto_.jmpfuncs.76a06eaa,"",%progbits
  21 0000 789C6366 		.ascii	"x\234cf\300\016X\230 4\210bd\372\310\3048\357r\337:"
  21      C00E5898 
  21      20348862 
  21      64FAC8C4 
  21      38EF72DF 
  22 0015 A6DADF0D 		.ascii	"\246\332\337\015\035\015\034?\231\030\376\202\305\227"
  22      1D0D1C3F 
  22      9918FE82 
  22      C597
  23 0023 33D6E296 		.ascii	"3\326\342\226\\\201Or%P\222\031\227\344*\240$H\356\306"
  23      5C814F72 
  23      25509219 
  23      97E42AA0 
  23      2448EEC6 
  24 0037 C237D378 		.ascii	"\3027\323x_0\375db\344``\\\315(\205\317)k@zpI\256\205"
  24      5F30FD64 
  24      62E46060 
  24      5CCD2885 
  24      CF296B40 
  25 0050 1A38ADFF 		.ascii	"\0328\255\377\312\016f\240\334\014\220\034\323_&F\240"
  25      CA0E66A0 
  25      DC0C901C 
  25      D35F2646 
  25      A0
  26 0061 DC3A7CCE 		.ascii	"\334:|\316\\\017\224d\301c\353\006|\2327\342\223\334"
  26      5C0F9464 
  26      C163EB06 
  26      7C9A37E2 
  26      93DC
  27 0073 842F0036 		.ascii	"\204/\0006C\335{n\367\206\307\334\340\000\340e`\334"
  27      43DD7B6E 
  27      F786C7DC 
  27      E000E065 
ARM GAS  C:\Users\PETERL~1\AppData\Local\Temp\ccCxjFnh.s 			page 2


  27      60DC
  28 0085 823F00B6 		.ascii	"\202?\000\266\342\013\200mx\002`;>g\356\000J2\000\000"
  28      E20B806D 
  28      7802603B 
  28      3E67EE00 
  28      4A320000 
  29 0099 BD80AB3F 		.ascii	"\275\200\253?"
  30              		.text
  31              		.section	.gnu.lto_.inline.76a06eaa,"",%progbits
  32 0000 789C6366 		.ascii	"x\234cf\300\016:\2404\023\003\203\344c&F\006&\256\003"
  32      C00E3AA0 
  32      34130383 
  32      E4632646 
  32      0626AE03 
  33 0014 5B9919D8 		.ascii	"[\231\031\330\026\3103\201E\271\031\030\030\341$#\220"
  33      16C83381 
  33      45B91918 
  33      18E12423 
  33      90
  34 0025 64E16564 		.ascii	"d\341ed`f`\230\340\007\3412\363\200\265BT\2600H.d\001"
  34      60666098 
  34      E007E132 
  34      F380B542 
  34      54B03048 
  35 003c 19D1B780 		.ascii	"\031\321\267\200\225L#\030\000'{\0119"
  35      954C2318 
  35      00277B09 
  35      39
  36              		.text
  37              		.section	.gnu.lto_.pureconst.76a06eaa,"",%progbits
  38 0000 789C6366 		.ascii	"x\234cf```e\200\000&\006)\026)\000\000\377\000C"
  38      60606065 
  38      80002606 
  38      29162900 
  38      00FF0043 
  39              		.text
  40              		.section	.gnu.lto_ADF4159_init.76a06eaa,"",%progbits
  41 0000 789C9555 		.ascii	"x\234\225U[O\023A\030\2353\333\313B\213\242(\022^4\301"
  41      5B4F1341 
  41      189D33DB 
  41      CB428BA2 
  41      28125E34 
  42 0015 C427F4C1 		.ascii	"\304'\364\301\007\023\177\200\211\277\300G\037LLx\020"
  42      07137F80 
  42      89BFC047 
  42      1F4C4C78 
  42      10
  43 0026 4DC4C786 		.ascii	"M\304\307\206)V\341\301\000!\206\340]\243F\024\005\274"
  43      2956E1C1 
  43      002186E0 
  43      5DA34614 
  43      05BC
  44 0038 17155D6F 		.ascii	"\027\025]o\025/\200\312M\261\002\211\205x\013A\252\220"
  44      152F80CA 
  44      4DB10289 
  44      85780B41 
  44      AA90
ARM GAS  C:\Users\PETERL~1\AppData\Local\Temp\ccCxjFnh.s 			page 3


  45 004a 159BFA7D 		.ascii	"\025\233\372}\273m\343\2055v\323fg\346\2339\347|\337"
  45      BB6DE385 
  45      3576D366 
  45      67E69B39 
  45      E77CDF
  46 005d 9C99D5C4 		.ascii	"\234\231\325\304\337\317F\372\027x\205XJox\004d}\217"
  46      DFCF46FA 
  46      17788558 
  46      4A6F7804 
  46      647D8F
  47 0070 10415DC2 		.ascii	"\020A]\302e74\273qWwI\255\343\241\020*\327=\244\013"
  47      653734BB 
  47      71577749 
  47      ADE3A110 
  47      2AD73DA4 
  48 0085 E577033C 		.ascii	"\345w\003<. *\245\346r\243R\272\004t\376\321\363A~\221"
  48      2E202AA5 
  48      E672A352 
  48      BA0474FE 
  48      D1F3417E 
  49 009a A8375A9A 		.ascii	"\2507Z\232|\253N+\245\246\246/\026\355)2\245\020qi\263"
  49      7CAB4E2B 
  49      A5A6A62F 
  49      16ED2932 
  49      A5107169 
  50 00af E20C5609 		.ascii	"\342\014V\011\232\363\265\272\355\215W[\002nw\264~\355"
  50      9AF3B5BA 
  50      ED8D575B 
  50      026E77B4 
  50      7EED
  51 00c1 F6BD97A6 		.ascii	"\366\275\227\246\304\012\356\336h\350j\362p\227\200"
  51      C40AEEDE 
  51      68E86AF2 
  51      709780
  52 00d0 A93B3772 		.ascii	"\251;7r*\234Sr\202\320\306\016\234\214\370U\227\012"
  52      2A9C5372 
  52      82D0C60E 
  52      9C8CF855 
  52      970A
  53 00e2 8D2593CB 		.ascii	"\215%\223\313M\251\241\031\032\341\342,\212q\016\305"
  53      4DA9A119 
  53      1AE1E22C 
  53      8A710EC5 
  54 00f2 A9BC68C9 		.ascii	"\251\274h\311\227Pb\310\347\011\321\222|\264\240\304"
  54      975062C8 
  54      E709D192 
  54      7CB4A0C4 
  55 0102 26C77978 		.ascii	"&\307yx@/\036i[l\250d2\376(X\275\356\220\\\010\301c"
  55      402F1E69 
  55      5B6CA864 
  55      32FE2858 
  55      BDEE905C 
  56 0119 39C2942E 		.ascii	"9\302\224.\277\325\024\"F+(\333q)\351\245E\0212\256"
  56      BFD51422 
  56      462B28DB 
  56      7129E9A5 
  56      451132AE 
ARM GAS  C:\Users\PETERL~1\AppData\Local\Temp\ccCxjFnh.s 			page 4


  57 012d 47242330 		.ascii	"G$#0\374\321\276\332V\031\230S5J7\245;.\031\365\002"
  57      FCD1BEDA 
  57      56199853 
  57      354A37A5 
  57      3B2E19F5 
  58 0142 027F853C 		.ascii	"\002\177\205<\011i\353\031\215\365\276\3209#\217\325"
  58      0969EB19 
  58      8DF5BED0 
  58      39238FD5 
  59 0152 6D0E860E 		.ascii	"m\016\206\016\343\010\016\005\025\317\362\242\025\001"
  59      E3080E05 
  59      15CFF2A2 
  59      1501
  60 0160 B4B17E8A 		.ascii	"\264\261~\212\275\215}\337D\353y5\332i\222\305\211\213"
  60      BD8D7DDF 
  60      44EB7935 
  60      DA6992C5 
  60      898B
  61 0172 08985217 		.ascii	"\010\230R\027Q\3541\302\236ye\344\304I\252\300\245\177"
  61      51EC31C2 
  61      9E7965E4 
  61      C449AAC0 
  61      A57F
  62 0184 C9F893F7 		.ascii	"\311\370\223\367\262\003\357\225\014\357U\004(\326X"
  62      B203EF95 
  62      0CEF5504 
  62      28D658
  63 0193 D71FD628 		.ascii	"\327\037\326(\330\304\341\334\004\347\373kR\271V\367"
  63      D8C4E1DC 
  63      04E7FB6B 
  63      52B956F7 
  64 01a3 6CDDFEB0 		.ascii	"l\335\376\260\005^\317\263|\270F\340\327S\340\307b\315"
  64      055ECFB3 
  64      7CB846E0 
  64      D753E0C7 
  64      62CD
  65 01b5 4D3E0220 		.ascii	"M>\002 '\344\"\234A\357\340\254\374b\030\367\246\236"
  65      27E4229C 
  65      41EFE0AC 
  65      FC6218F7 
  65      A69E
  66 01c7 F75A6334 		.ascii	"\367Zc4\367]\2649\342g\330<\325^\243\\\2771\345Yh\355"
  66      F75DB439 
  66      E267D83C 
  66      D55EA35C 
  66      BF31E559 
  67 01dd C75B3F7A 		.ascii	"\307[?z\211\011\246\\\200\033\264\3677S43\261\311\367"
  67      8909A65C 
  67      801BB4F7 
  67      37533433 
  67      B1C9F7
  68 01f0 286D5121 		.ascii	"(mQ!\212,\304-\342\231\226)G\364<\256\375\274 \025\312"
  68      8A2CC42D 
  68      E2999629 
  68      47F43CAE 
  68      FDBC2015 
  69 0205 47274AA7 		.ascii	"G'J\2479\013\216T\375\030hL/Z\204\333\034\261\334r\007"
ARM GAS  C:\Users\PETERL~1\AppData\Local\Temp\ccCxjFnh.s 			page 5


  69      390B8E54 
  69      FD18684C 
  69      2F5A84DB 
  69      1CB1DC72 
  70 021a A5144DF4 		.ascii	"\245\024M\364\325NY\326\\\254\0249\315 &\226[\337\237"
  70      D54E59D6 
  70      5CAC1439 
  70      CD202696 
  70      5BDF9F
  71 022d 96FB9F62 		.ascii	"\226\373\237b\356:\213\271\347(\346~F\314\003K\314`"
  71      EE3A8BB9 
  71      E728E67E 
  71      46CC034B 
  71      CC60
  72 023f F7C709DD 		.ascii	"\367\307\011\335\026\263B\340!\021\015\242\312\030\212"
  72      16B342E0 
  72      21110DA2 
  72      CA188A
  73 024e E459D626 		.ascii	"\344Y\326&\337\242\204\017\301\270\324\004\035X\313"
  73      DFA2840F 
  73      C1B8D404 
  73      1D58CB
  74 025d B5AF237E 		.ascii	"\265\257#~'\327j\204\033\311\306.\217\034\354\322\225"
  74      27D76A84 
  74      1BC9C62E 
  74      8F1CECD2 
  74      95
  75 026e D9D0C7B6 		.ascii	"\331\320\307\266M\207Q5S=y\260\202\007ge\316\237\004"
  75      4D875135 
  75      533D79B0 
  75      82076765 
  75      CE9F04
  76 0281 05094EEA 		.ascii	"\005\011N\352\327}-\230\207o\011\236\020\337\323\024"
  76      D77D2D98 
  76      876F099E 
  76      10DFD314 
  77 0291 DF99E4E4 		.ascii	"\337\231\344\344\264\276\346\002\235hc\233)\227\342"
  77      B4BEE602 
  77      9D68639B 
  77      2997E2
  78 02a0 194D9CB5 		.ascii	"\031M\234\265\252\306\321\206+\235\373\330_\024]O\207"
  78      AAC6D186 
  78      2B9DFBD8 
  78      5F145D4F 
  78      87
  79 02b1 18DD5843 		.ascii	"\030\335XC\311\365PrQ\354Uk\347\255@a\234\256\027\201"
  79      C9F55072 
  79      51EC556B 
  79      E7AD4061 
  79      9CAE1781 
  80 02c5 DE6C2AF0 		.ascii	"\336l*\360\334\241\002/2\025xi\035\230W'>7\346qb\313"
  80      DCA1022F 
  80      32157869 
  80      1D985727 
  80      3E37E671 
  81 02db E85EEC43 		.ascii	"\350^\354C1\025\301\224E\2027$:\377\361\245\375p\223"
  81      3115C194 
ARM GAS  C:\Users\PETERL~1\AppData\Local\Temp\ccCxjFnh.s 			page 6


  81      45823724 
  81      3AFFF1A5 
  81      FD7093
  82 02ee 9AFE6CD4 		.ascii	"\232\376l\324\0148\250\031\314\250\031J\357\307\356"
  82      0C38A819 
  82      CCA8194A 
  82      EFC7EE
  83 02fd 86BD2307 		.ascii	"\206\275#\007w\330\373\341\247\272a%{G\246}C\203\226"
  83      77D8FBE1 
  83      A7BA6125 
  83      7B47A67D 
  83      438396
  84 0310 6F5C826E 		.ascii	"o\\\202nv\215L\225/\354a\210\001\204\272w\027\332+A"
  84      768D4C95 
  84      2FEC6188 
  84      0184BA77 
  84      17DA2B41 
  85 0324 44B327C7 		.ascii	"D\263'\307>\201S\323\274\002\257\354Kw\002 \347\311"
  85      3E8153D3 
  85      BC02AFEC 
  85      4B770220 
  85      E7C9
  86 0336 B046385A 		.ascii	"\260F8Z\215\227\200\334\351[\363\233\363\255Iw!^g\223"
  86      8D9780DC 
  86      E95BF39B 
  86      F3AD4977 
  86      215E6793 
  87 034a EFB043BE 		.ascii	"\357\260C\276o2\371F\323\327d\310\230q\2543}\362\360"
  87      6F32F946 
  87      D3D764C8 
  87      9871AC33 
  87      7DF2F0
  88 035d 361BDE11 		.ascii	"6\033\336\021\007\336\321\014\357\230\315;\202\2401"
  88      07DED10C 
  88      EF98CD3B 
  88      82A031
  89 036c B7C11A12 		.ascii	"\267\301\032\022\374\011\001U\2010\027\225\225\227U"
  89      FC090155 
  89      81301795 
  89      959755
  90 037b 6CDEBAAB 		.ascii	"l\336\272\253|KE\331\366\362\235\253\267\010\224\375"
  90      7C4B45D9 
  90      F6F29DAB 
  90      B70894FD 
  91 038b 043F178D 		.ascii	"\004?\027\215\213"
  91      8B
  92              		.text
  93              		.section	.gnu.lto_ADF4355_init.76a06eaa,"",%progbits
  94 0000 789C9555 		.ascii	"x\234\225UYOSA\024\236on7\332\242\010.\204\027M0\361"
  94      594F5341 
  94      149E6F6E 
  94      37DAA208 
  94      2E84174D 
  95 0016 097DF0D1 		.ascii	"\011}\360\321\037`\374\005>\372`b\302\013&no\215S,\242"
  95      1F60FC05 
  95      3EFA6062 
  95      C20B266E 
ARM GAS  C:\Users\PETERL~1\AppData\Local\Temp\ccCxjFnh.s 			page 7


  95      6F8D532C 
  96 002b 8941428C 		.ascii	"\211AB\214\251\013\250Q#\212\002\356E\\\256\033 \012"
  96      A90BA851 
  96      238A02EE 
  96      455CAE1B 
  96      200A
  97 003d 2E6C8A05 		.ascii	".l\212\005I\254D\2151l\201\\\265\251\347\314m\033\027"
  97      49AC448D 
  97      316C815C 
  97      B5A9E7CC 
  97      6D1B17
  98 0050 AEB14D9B 		.ascii	"\256\261M\233{g\316\314\367}\347\3147\247\206\370\373"
  98      7B67CECC 
  98      F77DE7CC 
  98      37A786F8 
  98      FB
  99 0061 B3817E45 		.ascii	"\263\201~E^!\226\320\023\036\001Y\333+D\330'\341\262"
  99      5E2196D0 
  99      131E0159 
  99      DB2B44D8 
  99      27E1B2
 100 0074 5F0CFBE5 		.ascii	"_\014\373\345\276\317%\215\216.!\224\337\335\355\026"
 100      BECF258D 
 100      8E2E2194 
 100      DFDDED16 
 101 0084 2AE80678 		.ascii	"*\350\006x^@\354\226\206\313\215\335\322%\220\317_\372"
 101      5E40EC96 
 101      86CB8DDD 
 101      D22590CF 
 101      5FFA
 102 0096 7C929312 		.ascii	"|\222\223\022\265fS4\260\352\254Rj\242\262\255\270\252"
 102      B5665334 
 102      B0EAAC52 
 102      6AA2B2AD 
 102      B8AA
 103 00a8 D892424C 		.ascii	"\330\222BLK\233\025\347\260J\320\232\231\352\226\267"
 103      4B9B15E7 
 103      B04AD09A 
 103      99EA96B7 
 104 00b8 5E6331F8 		.ascii	"^c1\370\275\255y\246'\360QZ\022+xx\253\256+\352\341"
 104      BDAD79A6 
 104      27F0515A 
 104      122B7878 
 104      ABAE2BEA 
 105 00cd 2101D3F0 		.ascii	"!\001\323\360\373\350\231X^\351)B\033\353>\335\021T"
 105      FBE89958 
 105      5EE92942 
 105      1BEB3EDD 
 105      1154
 106 00df 5D2A3296 		.ascii	"]*2\226J-\267\244\201F\030\204\213\363(\301\005\224"
 106      4A2DB7A4 
 106      81461884 
 106      8BF328C1 
 106      0594
 107 00f1 A4F3A22D 		.ascii	"\244\363\242-\223\221\344P\300\023\241-\005hB\251M\216"
 107      9391E450 
 107      C013A12D 
ARM GAS  C:\Users\PETERL~1\AppData\Local\Temp\ccCxjFnh.s 			page 8


 107      056842A9 
 107      4D8E
 108 0103 8BF0801E 		.ascii	"\213\360\200\036<\323Rh\252T\352j\"\\\275\256A.\204"
 108      3CD35268 
 108      AA54EA6A 
 108      225CBDAE 
 108      412E84
 109 0116 E0B93C61 		.ascii	"\340\271<aIWP\277\012\221\240\035\224\355\007)\351a"
 109      495750BF 
 109      0A91A01D 
 109      94ED0729 
 109      E961
 110 0128 C411318F 		.ascii	"\304\0211\217tJF`\370\206\276\232f\031\372\256\366)"
 110      744A4660 
 110      F886BE9A 
 110      6619FAAE 
 110      F629
 111 013a 9F25DDD3 		.ascii	"\237%\335\323\222Q/!\364W\310\223\224\266\236w\211\347"
 111      92512F21 
 111      F457C893 
 111      94B69E77 
 111      89E7
 112 014c 2F7D9C91 		.ascii	"/}\234\221G\017\033\303\221\343\250\307\261\260\342"
 112      470F1BC3 
 112      91E3A8C7 
 112      B1B0E2
 113 015b 555E3423 		.ascii	"U^4#\204\026\326O\261\221\304\267\215\264\237w\243\225"
 113      8416D64F 
 113      B191C4B7 
 113      8DB49F77 
 113      A395
 114 016d 16694E5C 		.ascii	"\026iN\\F\310\222>\021G\225y\324;\257\214\274i\222*"
 114      46C8923E 
 114      11479579 
 114      D43BAF8C 
 114      BC69922A 
 115 0181 70E55F32 		.ascii	"p\345_2\376\344\275\352\300{-\313{\035!\212\035>\330"
 115      FEE4BDEA 
 115      C07B2DCB 
 115      7B1D218A 
 115      1D3ED8
 116 0194 1F332818 		.ascii	"\0373(\030\345\260?\311\371\376\232\224_\017\317\037"
 116      E5B03FC9 
 116      F9FE9A94 
 116      5F0FCF1F 
 117 01a4 3C14D3E0 		.ascii	"<\024\323\340\265\274*\200\033\004~3\015~\"\321\030"
 117      B5BC2A80 
 117      1B047E33 
 117      0D7E22D1 
 117      18
 118 01b5 0D100039 		.ascii	"\015\020\0009\301\217X\026\275\215\263\012\212a<\230"
 118      C18F5816 
 118      BD8DB30A 
 118      8A613C98 
 119 01c5 A8FDA2E7 		.ascii	"\250\375\242\347h\355\373xcG\220a\363U\353>\345\372"
 119      68EDFB78 
 119      63479061 
ARM GAS  C:\Users\PETERL~1\AppData\Local\Temp\ccCxjFnh.s 			page 9


 119      F355EB3E 
 119      E5FA
 120 01d7 8D295FA3 		.ascii	"\215)_\243\265\236l\376\354%&Xr\001n\321\331\267\247"
 120      B59E6CFE 
 120      EC252658 
 120      72016ED1 
 120      D9B7A7
 121 01ea 6966135F 		.ascii	"if\023_?\242\254IE(\262\020\267\211gJ\246\035\321\373"
 121      3FA2AC49 
 121      4528B210 
 121      B789674A 
 121      A61DD1FB 
 122 01fe A4E6CB82 		.ascii	"\244\346\313\202t\250\000wP6\305Yp\244\362\307\300\341"
 122      74A80077 
 122      5036C559 
 122      70A4F2C7 
 122      C0E1
 123 0210 CCA645B8 		.ascii	"\314\246E\270\313\021\355\226{(\243h\262\257fB[\263"
 123      CB11ED96 
 123      7B28A368 
 123      B2AF6642 
 123      5BB3
 124 0222 5029729A 		.ascii	"P)r\232IL,\367EV\356\177\212\271\357,\346\201\243\230"
 124      494C2CF7 
 124      4556EE7F 
 124      8AB9EF2C 
 124      E681A398 
 125 0236 871C3158 		.ascii	"\207\0341X\314#-f\260\347\363\270\317\026\263B\3401"
 125      CC232D66 
 125      B0E7F3B8 
 125      CF16B342 
 125      E031
 126 0248 110DA2D2 		.ascii	"\021\015\242\322l\353\314\327\326&\337\242\224/\301"
 126      6CEBCCD7 
 126      D626DFA2 
 126      942FC1
 127 0257 07DA4317 		.ascii	"\007\332C\027V\273\266\2753\350\344Z\002FG.v\351t\260"
 127      56BBB6BD 
 127      33E8E45A 
 127      0246472E 
 127      76E974B0 
 128 026b 4B57F640 		.ascii	"KW\366@\237\3306\035F\345l\365l\375.\236\234\223y\177"
 128      9FD8361D 
 128      46E56CF5 
 128      6CFD2E9E 
 128      9C93797F 
 129 027f 121425B9 		.ascii	"\022\024%\271\302\277\236k\321<|\213\321M|O\323|\347"
 129      C2BF9E6B 
 129      D13C7C8B 
 129      D14D7C4F 
 129      D37CE7
 130 0292 525FA77C 		.ascii	"R_\247|k.\321\2156+,\271\004\317h\341\234\256\032G\353"
 130      6B2ED18D 
 130      362B2CB9 
 130      04CF68E1 
 130      9CAE1A47 
 131 02a7 AEDD39C0 		.ascii	"\256\3359\300\376\242\350:\272\304\350\301\032J\256"
ARM GAS  C:\Users\PETERL~1\AppData\Local\Temp\ccCxjFnh.s 			page 10


 131      FEA2E83A 
 131      BAC4E8C1 
 131      1A4AAE
 132 02b6 97928B63 		.ascii	"\227\222\213c\257Z;o\005\226NS{\021x\236K\005^8T\340"
 132      AF5A3B6F 
 132      05964E53 
 132      7B11789E 
 132      4B055E38 
 133 02cc 65B602AF 		.ascii	"e\266\002\257\364\205\351mo}\257]\263\214\372b\037J"
 133      F485E96D 
 133      6F7DAF5D 
 133      B38CFA62 
 133      1F4A
 134 02de A808962C 		.ascii	"\250\010\226,\026| w\347\277\276t\036nR\323\237\213"
 134      167C2077 
 134      E7BFBE74 
 134      1E6E52D3 
 134      9F8B
 135 02f0 9A010735 		.ascii	"\232\001\0075\203Y5C\231\363\330S\267w\274~\233}\036"
 135      83593543 
 135      99F3D853 
 135      B777BC7E 
 135      9B7D1E
 136 0303 41AA1B56 		.ascii	"A\252\033V\262wd\30674\251}\343\022\324\331\0152U\201"
 136      B27764C6 
 136      3734A97D 
 136      E312D4D9 
 136      0D325581 
 137 0317 B0A72106 		.ascii	"\260\247!\006\020\351\331\263\324\336\011\"\232\253"
 137      10E9D9B3 
 137      D4DE0922 
 137      9AAB
 138 0325 9AD8EFE7 		.ascii	"\232\330\357\347\324\014j\225\257\355\246;\016\220\363"
 138      D40C6A95 
 138      AFEDA63B 
 138      0E90F3
 139 0334 64CC201C 		.ascii	"d\314 \034#\352% w\246k\0169wM\352\205x\223K\276\303"
 139      23EA2520 
 139      77A66B0E 
 139      39774DEA 
 139      8578934B 
 140 034a 0EF9BECD 		.ascii	"\016\371\276\315\346\033\317\264\311\210\371\332\261"
 140      E61BCFB4 
 140      C988F9DA 
 140      B1
 141 0357 CEF49787 		.ascii	"\316\364\227\207\221\\xG\035x\337ey\307l\336Q\204\315"
 141      915C7847 
 141      1D78DF65 
 141      79C76CDE 
 141      5184CD
 142 036a 91F57A4A 		.ascii	"\221\365zJ\360_\010\250\012\204\271\250\274\242|\307"
 142      F05F08A8 
 142      0A84B9A8 
 142      BCA27CC7 
 143 037a A62D3B2B 		.ascii	"\246-;+6\357(\337Z\261}\365f\201\362\237\346\032\214"
 143      36EF28DF 
 143      5AB17DF5 
ARM GAS  C:\Users\PETERL~1\AppData\Local\Temp\ccCxjFnh.s 			page 11


 143      6681F29F 
 143      E61A8C
 144 038d 4E       		.ascii	"N"
 145              		.text
 146              		.section	.gnu.lto_.symbol_nodes.76a06eaa,"",%progbits
 147 0000 789C558B 		.ascii	"x\234U\213;\016\302@\014Dg\307\233d\371\024\334\200"
 147      3B0EC240 
 147      0C4467C7 
 147      9B64F914 
 147      DC80
 148 0012 9233703A 		.ascii	"\2223p:\247\010\277\360K\217\204@\342(\021eN@AAIK\011"
 148      A708BFF0 
 148      4B8F8440 
 148      E2281165 
 148      4E404141 
 149 0029 62C3A658 		.ascii	"b\303\246X\334\214\237\307O\000L\014\302pA\005\252\006"
 149      DC8C9FC7 
 149      4F004C0C 
 149      C2704105 
 149      AA06
 150 003b 50C5F1E4 		.ascii	"P\305\361\344\220\224\304H\221\0244'\252$3\262M.\251"
 150      9094C448 
 150      91143427 
 150      AA2433B2 
 150      4D2EA9
 151 004e E6EF6F4E 		.ascii	"\346\357oNi\013SQ\031\012\344\271\203\331\373c\314;"
 151      690B5351 
 151      190AE4B9 
 151      83D9FB63 
 151      CC3B
 152 0060 AA8D794B 		.ascii	"\252\215yKMb\336P\323\230\327\324,\346\025\325E,\030"
 152      4D62DE50 
 152      D398D7D4 
 152      2CE615D5 
 152      452C18
 153 0073 E272FF18 		.ascii	"\342r\377\030\301\000\365/\373\250\317\317\261\240\207"
 153      C100F52F 
 153      FBA8CFCF 
 153      B1A087
 154 0082 625EBF45 		.ascii	"b^\277E\340p\011K\206\307\242mR\024\245O\333\231\266"
 154      E070094B 
 154      86C7A26D 
 154      5214A54F 
 154      DB99B6
 155 0095 33AD375F 		.ascii	"3\2557_\267\251Xo^\233C&\326\233a\351L\033L|\001f\035"
 155      B7A9586F 
 155      5E9B4326 
 155      D69B61E9 
 155      4C1B4C7C 
 156 00ac 5046     		.ascii	"PF"
 157              		.text
 158              		.section	.gnu.lto_.refs.76a06eaa,"",%progbits
 159 0000 789C55C9 		.ascii	"x\234U\311\271\015\000 \020\004\261\235=\276\213\240"
 159      B90D0020 
 159      1004B19D 
 159      3DBE8BA0 
 160 0010 1FFAEF0B 		.ascii	"\037\372\357\013!\"\234:$m=)\203\361Est3L\232iV\226"
ARM GAS  C:\Users\PETERL~1\AppData\Local\Temp\ccCxjFnh.s 			page 12


 160      21229C3A 
 160      246D3D29 
 160      83F14573 
 160      74334C9A 
 161 0027 2FEB973A 		.ascii	"/\353\227:'Z\001\027"
 161      275A0117 
 162              		.text
 163              		.section	.gnu.lto_.decls.76a06eaa,"",%progbits
 164 0000 789CED7B 		.ascii	"x\234\355{iTTY\232 7nl\004!T%9\2315vU7MU1Y=Y\251\346"
 164      69545459 
 164      9A20376E 
 164      6C042154 
 164      25399935 
 165 001f 56CBE933 		.ascii	"V\313\3513\231&\232\251U\231\251\215\346\314\324I{\242"
 165      99269AA9 
 165      5599A98D 
 165      E6CCD449 
 165      7BA2
 166 0031 1142658A 		.ascii	"\021Be\212\255\"\202\324\2343g&X\005\224E\224\035$\020"
 166      AD2282D4 
 166      9C336726 
 166      58059445 
 166      941D2410 
 167 0045 90554051 		.ascii	"\220U@Q@Y\304\015Y\004\304\025E$\000\027@T\024\024\334"
 167      4059C40D 
 167      5904C415 
 167      45240017 
 167      40541414 
 168 005a 60BE7BEF 		.ascii	"`\276{\357\213x/\302\007\2459\323\347\364\217\341\234"
 168      8B782FC2 
 168      07A539D3 
 168      E7F48FE1 
 168      9C
 169 006b 8FFBBEF7 		.ascii	"\217\373\276\367\276\373m\367\373\276\273\274\027\330"
 169      BEFB6DF7 
 169      FBBEBBBC 
 169      17D8
 170 0079 C1C1C18C 		.ascii	"\301\301\301\214\034\034f\341\357\366R\007\207\337;"
 170      1C1C66E1 
 170      EFF65207 
 170      87DF3B
 171 0088 3A3860B8 		.ascii	":8`\270\267\332\201\265\177\22088|\003\360O\000\344"
 171      B7DA81B5 
 171      7F903838 
 171      7C03F04F 
 171      00E4
 172 009a 0F1E3BFC 		.ascii	"\017\036;\374\011\256\277\005\370g\000\015\2007\300"
 172      09AEBF05 
 172      F867000D 
 172      8037C0
 173 00a9 46003F80 		.ascii	"F\000?\200@\200`\000)\320\351\240\375\036 \011\240\210"
 173      40806000 
 173      29D0E9A0 
 173      FD1E2009 
 173      A088
 174 00bb EB6FF923 		.ascii	"\353o\371#<\376='\307\031@Md\001\024\303\375?J\230\334"
 174      3CFE3D27 
ARM GAS  C:\Users\PETERL~1\AppData\Local\Temp\ccCxjFnh.s 			page 13


 174      C719404D 
 174      640114C3 
 174      FD3F4A98 
 175 00d0 A5002B00 		.ascii	"\245\000+\000J8\371\377\011\300\037@\011\372\312\001"
 175      4A38F9FF 
 175      09C01F40 
 175      09FACA01 
 176 00e0 EE037D29 		.ascii	"\356\003})\340e\000np\275\017Z#\300\377\004(\347\364"
 176      E065006E 
 176      70BD0F5A 
 176      23C0FF04 
 176      28E7F4
 177 00f3 D64A981D 		.ascii	"\326J\230\035\022\240\037\203v\030@\311\311\017\346"
 177      12A01F83 
 177      761840C9 
 177      C90FE6
 178 0102 F4F5E3F4 		.ascii	"\364\365\343\364\367\346\354\371g\256\217P\177\341\337"
 178      F7E6ECF9 
 178      67AE8F50 
 178      7FE1DF
 179 0111 B7FF0ABA 		.ascii	"\267\377\012\272W@\273KDw\251\235\356\2678\375\277}"
 179      5740BB4B 
 179      4477A99D 
 179      EEB738FD 
 179      BF7D
 180 0123 0DFDED7D 		.ascii	"\015\375\355}\377@\202\316\244\347\347\253\207%\310"
 180      FF4082CE 
 180      A4E7E7AB 
 180      8725C8
 181 0132 5965C204 		.ascii	"Ye\302\004\237\255\276<\200\000W\253>$\350Xd\356\011"
 181      9FADBE3C 
 181      800057AB 
 181      3E24E858 
 181      64EE09
 182 0145 2506B970 		.ascii	"%\006\271p\235\2276pA\365n\211\321h\21466\221P\261\360"
 182      9D973670 
 182      41F56E89 
 182      D1688C36 
 182      369150B1 
 183 015a 284DCE4B 		.ascii	"(M\316Kv\306\256\224\350no\301\0155\376[z\375\260\346"
 183      76C6AE94 
 183      E86E6FC1 
 183      0D35FE5B 
 183      7AFDB0E6 
 184 016e 749502FF 		.ascii	"t\225\002\377\212^\027\236\236\351[\200\337\247\327"
 184      8A5E179E 
 184      9EE95B80 
 184      DFA7D7
 185 017d 19976F4E 		.ascii	"\031\227oNb\220\361\007\225\204\240\247\342\016\236"
 185      6290F107 
 185      9584A0A7 
 185      E20E9E
 186 018c 56E17FA4 		.ascii	"V\341\177\244\217\016??|\016\341/\350\365\221\244\226"
 186      8F0E3F3F 
 186      7C0EE12F 
 186      E8F591A4 
 186      96
ARM GAS  C:\Users\PETERL~1\AppData\Local\Temp\ccCxjFnh.s 			page 14


 187 019d 34392593 		.ascii	"49%\223\0224)\251\273Y%\2258\240\375\010\243\003h!\025"
 187      123429A9 
 187      BB592595 
 187      38A0FD08 
 187      A3036821 
 188 01b2 7D2962B0 		.ascii	"})b\260WJnV\302\315_.DU\210\322^\315\314\356\223\221"
 188      574A6E56 
 188      C2CD5F2E 
 188      445588D2 
 188      5ECDCCEE 
 189 01c8 DBE570BB 		.ascii	"\333\345p\273\002-D\007\331\375\312\232\331N5\271\277"
 189      022D4407 
 189      D9FDCA9A 
 189      D94E35B9 
 189      BF
 190 01d9 0FEEFF62 		.ascii	"\017\356\377b!:\304n\347\336\035_A\356\226\301\335\237"
 190      213AC46E 
 190      E7DE1D5F 
 190      41EE96C1 
 190      DD9F
 191 01eb 2F44D5EC 		.ascii	"/D\325\354n\350\336\272\355\012\220\377\226\212\212"
 191      6EE8DEBA 
 191      ED0A90FF 
 191      968A8A
 192 01fa 8A6FCF38 		.ascii	"\212o\3178\206):K\324\223$\304F\037pAJ\217(\2431\314"
 192      86293A4B 
 192      D49324C4 
 192      461F7041 
 192      4A8F28A3 
 193 0210 381E168A 		.ascii	"8\036\026\212\323\234\035\320\273\013\321\257@3t\004"
 193      D39C1DD0 
 193      BB0BD1AF 
 193      40337404 
 194 0220 2951097A 		.ascii	")Q\011z\027\325!\017T\203\244\250\026t8\014:\347\203"
 194      17D5210F 
 194      5483A4A8 
 194      1674380C 
 194      3AE783
 195 0233 F7C6CB4E 		.ascii	"\367\306\313N\014\005\207\032?%D\016\204J8 \222\263"
 195      0C05871A 
 195      3F25440E 
 195      844A3820 
 195      92B3
 196 0245 375B53E6 		.ascii	"7[S\346`\213\032\200\333|\234\315Y>JT\017\004\245`\010"
 196      608B1A80 
 196      DB7C9CCD 
 196      593E4A54 
 196      0F04A560 
 197 025a 634C8558 		.ascii	"cL\205X\006*\"\377\361\013)\016G\324\275\225GKc\034"
 197      062A22FF 
 197      F10B290E 
 197      47D4BD95 
 197      474B631C 
 198 026e E9C8FF0B 		.ascii	"\351\310\377\013A\247\"\307cTt\340\325t \312';\234\350"
 198      41A722C7 
 198      635474E0 
 198      D57420CA 
ARM GAS  C:\Users\PETERL~1\AppData\Local\Temp\ccCxjFnh.s 			page 15


 198      273B9CE8 
 199 0282 5337E158 		.ascii	"S7\341X\250\331X\334,\217\015\223\340\030\306\350\321"
 199      A8D958DC 
 199      2C8F0D93 
 199      E018C6E8 
 199      D1
 200 0293 F98E5447 		.ascii	"\371\216TG\234\312\220\023-\271\2752\332\317L\007\367"
 200      9CCA9013 
 200      2DB9BD32 
 200      DACF4C07 
 200      F7
 201 02a4 6AD7FE01 		.ascii	"j\327\376\001g\332\361]\202\246\224\014\373\342\335"
 201      67DAF15D 
 201      82A6940C 
 201      FBE2DD
 202 02b3 8CD4E2DF 		.ascii	"\214\324\342\337\277g\376\355\317|\222\357HQR\202\\"
 202      BF67FEED 
 202      CF7C92EF 
 202      48515282 
 202      5C
 203 02c4 C8ADA38D 		.ascii	"\310\255\243\215\323\315*\\\312\310\267G\233[U\370 "
 203      D3CD2A5C 
 203      CAC8B747 
 203      9B5B55F8 
 203      20
 204 02d5 45242DB7 		.ascii	"E$-\267\214y\316\310CE\3759[0\270\"\034\374\331\201"
 204      8C79CEC8 
 204      4345FD39 
 204      5B30B822 
 204      1CFCD981 
 205 02e9 54A89DB7 		.ascii	"T\250\235\267\234\360%\177\321\304\223\211\341F\307"
 205      9CF0257F 
 205      D1C49389 
 205      E146C7
 206 02f8 16F0E431 		.ascii	"\026\360\3441p\327qp\027:\003\376\373{\025\245E-p\263"
 206      70D77170 
 206      173A03FE 
 206      FB7B15A5 
 206      452D70B3 
 207 030c 156E02E3 		.ascii	"\025n\002\343S\317\033#dH\345!\336\251K\244\023U\241"
 207      53CF1B23 
 207      6448E521 
 207      DEA94BA4 
 207      1355A1
 208 031f 3326E92D 		.ascii	"3&\351-\243Q\212:A\2056^\005\320\310\352\374\273\307"
 208      A3518A3A 
 208      4185365E 
 208      05D0C8EA 
 208      FCBBC7
 209 0332 F3B7A880 		.ascii	"\363\267\250\200m\370\253\261\205\0363\275Q\021j\034"
 209      6DF8ABB1 
 209      851E33BD 
 209      51116A1C 
 210 0342 86A9F971 		.ascii	"\206\251\371qU\031\031J\034\315\220\351\304\202\002"
 210      5519194A 
 210      1CCD90E9 
 210      C48202
ARM GAS  C:\Users\PETERL~1\AppData\Local\Temp\ccCxjFnh.s 			page 16


 211 0351 294E6048 		.ascii	")N`H~rJ\231\214\272XI\320\272\334\342\373J\234\312\236"
 211      7E724A99 
 211      8CBA5849 
 211      D0BADCE2 
 211      FB4A9CCA 
 212 0366 1D6D0DED 		.ascii	"\035m\015\355P\341l\206\264\017NO\250)\341\217\010\332"
 212      50E16C86 
 212      B40F4E4F 
 212      A829E18F 
 212      08DA
 213 0378 9B945BE8 		.ascii	"\233\224[\350\214s\331\263\316\231\304\207\012\\`K\350"
 213      8C73D9B3 
 213      CE99C487 
 213      0A5C604B 
 213      E8
 214 0389 CC082DF9 		.ascii	"\314\010-\371\252f\371\232\334\226\231 \303\205\214"
 214      AA66F99A 
 214      DC969920 
 214      C3858C
 215 0398 347120E9 		.ascii	"4q \351\274\024Wb\233\021uc#\232zg\372\240\222\242\263"
 215      BC145762 
 215      9B117563 
 215      239A7A67 
 215      FAA092A2 
 216 03ad B3A4B848 		.ascii	"\263\244\270H\366\364\235\035p\264\216\332\315K?%.\033"
 216      F6F49D1D 
 216      70B48EDA 
 216      CD4B3F25 
 216      2E1B
 217 03bf 0097F5F1 		.ascii	"\000\227\365\361.s\023\216\0328KV\004\236\272\012N\351"
 217      2E73138E 
 217      1A384B56 
 217      049EBA0A 
 217      4EE9
 218 03d1 259E3283 		.ascii	"%\2362\203\247\3348O]\207\233\375l\324\252\006\357m"
 218      A7DC384F 
 218      5D879BFD 
 218      6CD4AA06 
 218      EF6D
 219 03e3 53591877 		.ascii	"SY\030w\266\306\323\261\030\002\306\327x\306\003h^\316"
 219      B6C6D3B1 
 219      1802C6D7 
 219      78C60368 
 219      5ECE
 220 03f5 83A29C51 		.ascii	"\203\242\234Q\315\375\204A\204\353\230}\333vM\266J\360"
 220      CDFD8441 
 220      84EB987D 
 220      DB764DB6 
 220      4AF0
 221 0407 518A4863 		.ascii	"Q\212Hc\217\326\277\211\334]\335=L\300o<.\241nex\270"
 221      8FD6BF89 
 221      DC5DDD3D 
 221      4CC06F3C 
 221      2EA16E65 
 222 041d 71D74FA8 		.ascii	"q\327O\250\330\033 \3666r\345\271\277C\212\302?\300"
 222      D81B20F6 
 222      3672E5B9 
ARM GAS  C:\Users\PETERL~1\AppData\Local\Temp\ccCxjFnh.s 			page 17


 222      BF438AC2 
 222      3FC0
 223 042f 3F871DA0 		.ascii	"?\207\035\240\2421\321d\374T\307\007\200\003%&Y=\002"
 223      A231D164 
 223      FC54C707 
 223      80032526 
 223      593D02
 224 0442 5ADC42EE 		.ascii	"Z\334B\356h\030\271S]\011o\323\335Hy\321b\312\367\246"
 224      6818B953 
 224      5D096FD3 
 224      DD4879D1 
 224      62CAF7A6 
 225 0456 28DFAB84 		.ascii	"(\337\253\204\005+\000w\012 \373\201\342\245\272\202"
 225      052B0077 
 225      0A20FB81 
 225      E2A5BA82 
 226 0466 DA469BEF 		.ascii	"\332F\233\357\312\361V)\325}\373\243\232^5rw\177\223"
 226      CAF15629 
 226      D57DFBA3 
 226      9A5E3572 
 226      777F93
 227 0479 2A6F1E2D 		.ascii	"*o\036-\350T\033[\026\323\350\275\002\"\356\2427\371"
 227      E8541B5B 
 227      16D3E8BD 
 227      0222EEA2 
 227      37F9
 228 048b E0E45537 		.ascii	"\340\344U7\021\011\367n\312\232\302\230\026\243s\223"
 228      1109F76E 
 228      CA9AC298 
 228      16A37393 
 229 049b 26512B21 		.ascii	"&Q+!)\015B+\0111\261\362\036Xy\007\254\034\343\254\244"
 229      290D422B 
 229      0931B1F2 
 229      1E587907 
 229      AC1CE3AC 
 230 04b0 AA8F442A 		.ascii	"\252\217D*\214\210\220\274\254\373\236\204\373\333\\"
 230      8C8890BC 
 230      ACFB9E84 
 230      FBDB5C
 231 04bf DE049EA1 		.ascii	"\336\004\236\241s\362t\260a\010}v\366\354\231Q\341\030"
 231      73F274B0 
 231      61087D76 
 231      F6EC9951 
 231      E118
 232 04d1 6A2F4A9F 		.ascii	"j/J\237:\323\354B#\370'\004\335\177\2621\334\011\307"
 232      3AD3EC42 
 232      23F82704 
 232      DD7FB231 
 232      DC09C7
 233 04e4 B367C699 		.ascii	"\263g\306\231\226\027\013\360N\206X\312\236\232\225"
 233      96170BF0 
 233      4E8658CA 
 233      9E9A95
 234 04f3 BDECBEF3 		.ascii	"\275\354\276\363c\013p\032{V\325\030\275\023r\211!E"
 234      630B701A 
 234      7B56D518 
 234      BD137289 
ARM GAS  C:\Users\PETERL~1\AppData\Local\Temp\ccCxjFnh.s 			page 18


 234      2145
 235 0505 839D490B 		.ascii	"\203\235I\013(\341;\200.\330\263\347\321\250\034\271"
 235      28E13B80 
 235      2ED8B3E7 
 235      D1A81CB9 
 236 0515 BAF37F1E 		.ascii	"\272\363\177\036l\240\215T\335S\240n3Uw\232\033\350"
 236      6CA08D54 
 236      DD53A06E 
 236      3355779A 
 236      1BE8
 237 0527 0889077A 		.ascii	"\010\211\007z\001\032\207K\334\321\014\264O\000\236"
 237      011A874B 
 237      DCD10CB4 
 237      4F009E
 238 0536 023C0708 		.ascii	"\002<\007\010\203{\317\240\235\0050\302u\250\304\022"
 238      837BCFA0 
 238      9D0530C2 
 238      75A8C412 
 239 0546 0C11E1E6 		.ascii	"\014\021\341\346\353\334X\235\205\261\272\010\003@\030"
 239      EBDC589D 
 239      85B1BA08 
 239      034018
 240 0555 5A07E002 		.ascii	"Z\007\340\002\225q\014-\344\250M\375\005r\216\366\222"
 240      95710C2D 
 240      E4A84DFD 
 240      05728EF6 
 240      92
 241 0566 3DED6524 		.ascii	"=\355e$\030X \235\266\222>\264'}`\317v\330J\333#\316"
 241      1858209D 
 241      B6923EB4 
 241      277D60CF 
 241      76D84ADB 
 242 057c 5640DB6B 		.ascii	"V@\333k\245\355\266\247}\307V\203>+\345yq\303x\322'"
 242      A5EDB6A7 
 242      7DC75683 
 242      3E2BE579 
 242      71C378D2 
 243 0591 56D2097B 		.ascii	"V\322\011{\322I;\322\247V\322G\342\244\002]\237Yi\037"
 243      D2493BD2 
 243      A756D247 
 243      E2A4025D 
 243      9F59691F 
 244 05a5 DBD34ED9 		.ascii	"\333\323N\331\260\0155\337/\3206E`t\037\302o\\\334_"
 244      B00D35DF 
 244      2FD03645 
 244      60741FC2 
 244      6F5CDC5F 
 245 05b9 5615CCD7 		.ascii	"V\025\314\327\004cvN\324\011\307\370\024\276R \207<"
 245      0463764E 
 245      D409C7F8 
 245      14BE5220 
 245      873C
 246 05cb 9816C961 		.ascii	"\230\026\311a\311\356\275\223w\234\220\207+\245{\256"
 246      C9EEBD93 
 246      779C9087 
 246      2BA57BAE 
 247 05db 55A22889 		.ascii	"U\242(\211+:\315\2278\322\211\376\211\305\036\212\204"
ARM GAS  C:\Users\PETERL~1\AppData\Local\Temp\ccCxjFnh.s 			page 19


 247      2B3ACD97 
 247      38D289FE 
 247      89C51E8A 
 247      84
 248 05ec 90FBBF09 		.ascii	"\220\373\277\011?\210\372'mQ[\027\340\\\226\002q\365"
 248      3F88FA27 
 248      6D515B17 
 248      E05C9602 
 248      71F5
 249 05fe 390F1DD5 		.ascii	"9\017\035\325\261\374DI\325\34133Z\242\346\024\003\325"
 249      B1FC4449 
 249      D5E13333 
 249      5AA2E614 
 249      03D5
 250 0610 AF47DED9 		.ascii	"\257G\336\331\016\025ZMU\257\213q\006\023c\341\371V"
 250      0E155A4D 
 250      55AF8B71 
 250      061363E1 
 250      F956
 251 0622 89557920 		.ascii	"\211Uy g\312\317\305\021\305\200\322B\246\2505\354\361"
 251      67CACFC5 
 251      11C580D2 
 251      42A6A835 
 251      ECF1
 252 0634 36192EE3 		.ascii	"6\031.\343\322sj0\036\343*\2064?:\276]\202\0173\344"
 252      D2736A30 
 252      1EE32A86 
 252      343F3ABE 
 252      5D820F33 
 253 0649 41F77484 		.ascii	"A\367t\204#n`HTY\337i)>\315\221\2154\306\263\211\316"
 253      236E6048 
 253      5459DF69 
 253      293ECD91 
 253      8D34C6B3 
 254 065f 2817AE89 		.ascii	"(\027\256\211\324lMT|`\337=\011\356d\264C9\355\267\\"
 254      D46C4D54 
 254      7C60DF3D 
 254      09EE64B4 
 254      4339EDB7 
 255 0674 F0658624 		.ascii	"\360e\206$\337\336\367\320\021\0170\344J\374D\242\022"
 255      DFDEF7D0 
 255      110F30E4 
 255      4AFC44A2 
 255      12
 256 0685 0F33E452 		.ascii	"\0173\344R\302\235\013j|\237\"\222\374\221\260R\231"
 256      C29D0B6A 
 256      7C9F2292 
 256      FC91B052 
 256      99
 257 0696 655EBA5F 		.ascii	"e^\272_5\256n0\032\225(M\242B)\274\341\235h\336\205"
 257      35AE6E30 
 257      1A95284D 
 257      A24229BC 
 257      E19D68DE 
 258 06ab 4AAA4474 		.ascii	"J\252Dtq\220s\362Q\256\023\256\227Q\241\347o\214\217"
 258      719073F2 
 258      51AE13AE 
ARM GAS  C:\Users\PETERL~1\AppData\Local\Temp\ccCxjFnh.s 			page 20


 258      9751A1E7 
 258      6F8C8F
 259 06be 29F10986 		.ascii	")\361\011\2064wt\337@lIO\347\353\334\241\266vV\323~"
 259      347774DF 
 259      406C494F 
 259      E7EBDCA1 
 259      B67656D3 
 260 06d3 4167ECC2 		.ascii	"Ag\354\302\246f'\334\316h\317=<lT\340\313\024\221\304"
 260      A66627DC 
 260      CE68CF3D 
 260      3C6C54E0 
 260      CB1491C4 
 261 06e7 75F7CF48 		.ascii	"u\367\317H\2711\032o\2519\350\234C\2645\201\307w\363"
 261      B9311A6F 
 261      A939E89C 
 261      43B43581 
 261      C777F3
 262 06fa DAAE1219 		.ascii	"\332\256\022\031\245\325o\361\352\346\200\272\253\004"
 262      A5D56FF1 
 262      EAE680BA 
 262      AB04
 263 0708 63F4D8D8 		.ascii	"c\364\330\330\034\353\202S\344T\\\354D\30415Ng\310\375"
 263      1CEB8253 
 263      E4545CEC 
 263      44C43135 
 263      4E67C8FD 
 264 071c 86D66C17 		.ascii	"\206\326l\027\234\305\220\341\007\303\227\234q\016C"
 264      9CC590E1 
 264      07C3979C 
 264      710E43
 265 072b 768E360D 		.ascii	"v\2166\015:\343=\014\331st(\\\215\013\030\322\233\030"
 265      3AE33D0C 
 265      D9737428 
 265      5C8D0B18 
 265      D29B18
 266 073e 55E4888B 		.ascii	"U\344\210\213\030R\226\233^\355\210\313\030r\257\265"
 266      1852969B 
 266      5EED88CB 
 266      1872AFB5 
 267 074e 6C50822B 		.ascii	"lP\202+)\3424Y\\\227K\3467\372\007S\264;\235\243\357"
 267      29E23459 
 267      5C974BE6 
 267      37FA0753 
 267      B43B9DA3 
 268 0763 1C36FFA2 		.ascii	"\0346\377\242\370\200\221\244-1j\017\030\265_\"\236"
 268      F88091A4 
 268      2D316A0F 
 268      18B55F22 
 268      9E
 269 0774 8974DECD 		.ascii	"\211t\336\315*&\325\200\220\356\265'\265\255r@\233m"
 269      2A26D580 
 269      90EEB527 
 269      B5AD7240 
 269      9B6D
 270 0786 A52DB4A7 		.ascii	"\245-\264\247\265\251\006@\232a%\315\267'\275`\3176"
 270      B5A90640 
 270      9A6125CD 
ARM GAS  C:\Users\PETERL~1\AppData\Local\Temp\ccCxjFnh.s 			page 21


 270      B727BD60 
 270      CF36
 271 0798 DD4A9B27 		.ascii	"\335J\233'N\313\263\315\261\222\026\333\223N\332\221"
 271      4ECBB3CD 
 271      B19216DB 
 271      934EDA91 
 272 07a8 26584973 		.ascii	"&XIsE} X\250\260\032\222)Y\210\262$\3608\233\243'5\244"
 272      457D2058 
 272      A8B01A92 
 272      295988B2 
 272      24F0389B 
 273 07c0 0A46BA12 		.ascii	"\012F\272\022\352C\011@9\300>\200\203\000\245\000"
 273      EA430940 
 273      39C03E80 
 273      8300A500 
 274 07d0 65000700 		.ascii	"e\000\007\000*$\202u\314n\253\330\"q\037\011\252\340"
 274      2A248275 
 274      CC6EABD8 
 274      22711F09 
 274      AAE0
 275 07e2 D8565205 		.ascii	"\330VR\005\201\306\256\012\322\365Jfq\033\255\247\204"
 275      81C6AE0A 
 275      D2F54A66 
 275      711BADA7 
 275      84
 276 07f3 5581F8D0 		.ascii	"U\201\370\320P\023 ,nGF\347\313l\212\324~\233\"u\210"
 276      5013202C 
 276      6E4746E7 
 276      CB6C8AD4 
 276      7E9B2275 
 277 0808 551DA01C 		.ascii	"U\035\240\034\331\032\371\007|\227\306\017>\266m\307"
 277      D91AF907 
 277      7C97C60F 
 277      3EB66DC7 
 278 0818 6698CDB9 		.ascii	"f\230\315\2719\334v\311\2012@b\015\347\203\303\340\203"
 278      39DC76C9 
 278      81324062 
 278      0DE783C3 
 278      E083
 279 082a 5A818D90 		.ascii	"Z\201\215\2206\303oV\260\030\003\326\250\232\243\025"
 279      36C36F56 
 279      B01803D6 
 279      A89AA315 
 280 083a F12F3533 		.ascii	"\361/53=\222\230Y\363\222\231\240\317\363\344\241(%"
 280      3D929859 
 280      F39299A0 
 280      CFF3E4A1 
 280      2825
 281 084c 7EC0A2BB 		.ascii	"~\300\242\273\277\372\324\204#\236bHF\345\364\224\012"
 281      BFFAD484 
 281      239E6248 
 281      46E5F494 
 281      0A
 282 085d CF32A4A5 		.ascii	"\3172\244\2454\373_\360V\005]\326\015eUV\273 \217\205"
 282      34FB5FF0 
 282      56055DD6 
 282      0D655556 
ARM GAS  C:\Users\PETERL~1\AppData\Local\Temp\ccCxjFnh.s 			page 22


 282      BB208F85 
 283 0871 0B69C189 		.ascii	"\013i\301\211\206-\3211(5\015\022\3143vH\203\373\323"
 283      862DD131 
 283      28350D12 
 283      CC337648 
 283      83FBD3
 284 0884 9F900770 		.ascii	"\237\220\007p\251\244-\255;\343IF\374\023\353N\263\021"
 284      A9A42DAD 
 284      3BE34946 
 284      FC13EB4E 
 284      B311
 285 0896 EC228F1C 		.ascii	"\354\"\217\034P\023\014\375Q\011-9\203;\037\304\310"
 285      50130CFD 
 285      51092D39 
 285      833B1FC4 
 285      C8
 286 08a7 541C75F4 		.ascii	"T\034u\364_\243N\213M\213V\333x\3768(\303{\376\204\325"
 286      5FA34E8B 
 286      4D8B56DB 
 286      78FE3828 
 286      C37BFE84 
 287 08bc F3178776 		.ascii	"\363\027\207v\034Cx;\265\001\035\310+\250f\333\322O"
 287      1C43783B 
 287      B5011DC8 
 287      2BA866DB 
 287      D24F
 288 08ce 09DA3092 		.ascii	"\011\3320\222X\247\302;\331\263]\343\265=\216x7C\036"
 288      58A7C23B 
 288      D9B35DE3 
 288      B53D8E78 
 288      37431E
 289 08e1 74649F74 		.ascii	"td\237t\306\205\012\233\235\207;\333y<\331\032\023\241"
 289      C6850A9B 
 289      9D873BDB 
 289      793CD91A 
 289      13A1
 290 08f3 A2E8ACE5 		.ascii	"\242\350\254\345\217V\270\266\310\035\005j\313\356\316"
 290      8F56B8B6 
 290      C81D056A 
 290      CBEECE
 291 0902 146EFC71 		.ascii	"\024n\374q\350\376\237\302\014\011J_\240{B\260\303\235"
 291      E8FE9FC2 
 291      0C094A5F 
 291      A07B42B0 
 291      C39D
 292 0914 2BB5AD70 		.ascii	"+\265\255p\263M\302m\357fo\336\243;\314v\260\240\205"
 292      B34DC26D 
 292      EF666FDE 
 292      A33BCC76 
 292      B0A085
 293 0927 AF85EED6 		.ascii	"\257\205\356\326\335\235\244\357P\353\013\331\334\234"
 293      DD9DA4EF 
 293      50EB0BD9 
 293      DC9C
 294 0935 3BE7E2DC 		.ascii	";\347\342\334\331\272\223nV:\200\363i\236s\273\204g"
 294      D9BA936E 
 294      563A80F3 
ARM GAS  C:\Users\PETERL~1\AppData\Local\Temp\ccCxjFnh.s 			page 23


 294      699E73BB 
 294      8467
 295 0947 9D3E71B5 		.ascii	"\235>q\265e\036\245\317\316\305\272\245f\322\271\204"
 295      651EA5CF 
 295      CEC5BAA5 
 295      66D2B984 
 296 0957 54F02EE0 		.ascii	"T\360.\340\335\314\363\356\340y\243\330\231\3013N6\203"
 296      DDCCF3EE 
 296      E079A3D8 
 296      99C1334E 
 296      3683
 297 0969 D4653348 		.ascii	"\324e3H\335\326A\012+zV\205\361\001\346\356\347/\"R"
 297      DDD6410A 
 297      2B7A5685 
 297      F101E6EE 
 297      E72F2252 
 298 097d 5D700343 		.ascii	"]p\003CR\273{j\244\270\231!\261\275\305g\024\270\223"
 298      52BB7B6A 
 298      A4B89921 
 298      B1BDC567 
 298      14B893
 299 0990 2292A4A1 		.ascii	"\"\222\244\241\311\002d\321\3346\300.\203\326oqZ\333"
 299      C90264D1 
 299      DC36C02E 
 299      83D66F71 
 299      5ADB
 300 09a2 1C8ECC16 		.ascii	"\034\216\314\026$\320m\341%\320\343\"\257\364[\274?"
 300      24D06DE1 
 300      25D0E322 
 300      AFF45BBC 
 300      3F
 301 09b3 CC970BFE 		.ascii	"\314\227\013\376I\234\351\225\271\230v\306\264\377;"
 301      499CE995 
 301      B99876C6 
 301      B4FF3B
 302 09c2 C2B40798 		.ascii	"\302\264\007\230^\340\231^\022x\331\234;\265Q\234k\357"
 302      5EE0995E 
 302      1278D99C 
 302      3BB5519C 
 302      6BEF
 303 09d4 5C5CEF57 		.ascii	"\\\\\357W\335`\023\372U`{\236g\333#p\360\325\262\313"
 303      DD6013FA 
 303      55607B9E 
 303      67DB2370 
 303      F0D5B2CB 
 304 09e8 2731EE61 		.ascii	"'1\356a\316\351\270\230\026\271\000\233\231s.\276\210"
 304      CEE9B898 
 304      16B9009B 
 304      99732EBE 
 304      88
 305 09f9 721517D8 		.ascii	"r\025\027\330?\207@S\032F\350:\310\352\023\2275\364"
 305      3F874053 
 305      1A46E83A 
 305      C8EA1397 
 305      35F4
 306 0a0b F06A911A 		.ascii	"\360j\221\032\0173YY['\237J\3618\223u0\256?\022\213"
 306      0F335959 
ARM GAS  C:\Users\PETERL~1\AppData\Local\Temp\ccCxjFnh.s 			page 24


 306      5B279F4A 
 306      F1389375 
 306      30AE3F12 
 307 0a20 0B1B9A4B 		.ascii	"\013\033\232KX\006\010\033\004a\003\342\302\006F\033"
 307      5806081B 
 307      046103E2 
 307      C206461B 
 308 0a30 F74AF134 		.ascii	"\367J\3614\023v\260\271\277c\001\236eH\335\355\260+"
 308      1376B0B9 
 308      BF63019E 
 308      6548DDED 
 308      B02B
 309 0a42 0A1CA964 		.ascii	"\012\034\251d'\025\243\267\307\020\216cHy\337\211\315"
 309      2715A3B7 
 309      C7108E63 
 309      4879DF89 
 309      CD
 310 0a53 90957215 		.ascii	"\220\225r\025)\253\3234+\3777Y\306\235\357:+\243\367"
 310      29ABD334 
 310      2BFF3759 
 310      C69DEF3A 
 310      2BA3F7
 311 0a66 C92D0551 		.ascii	"\311-\005Q\370\311\311\332\0129S\330\370\362\222\350"
 311      F8C9C9DA 
 311      0A3953D8 
 311      F8F292E8 
 312 0a76 0EE82CE7 		.ascii	"\016\350,\347t\036\206\220\037\341\3634\207\006\317"
 312      741E8690 
 312      1FE1F334 
 312      8706CF
 313 0a85 28E87D9B 		.ascii	"(\350}\233\327[\316\017\363\225C\271G\254\007G\235#"
 313      D75BCE0F 
 313      F39543B9 
 313      47AC0747 
 313      9D23
 314 0a97 5D342CEE 		.ascii	"]4,\356\002\371-\236|T\302/\310D\244\217\211H'\207\033"
 314      02F92D9E 
 314      7C54C22F 
 314      C844A48F 
 314      89482787 
 315 0aac E7866211 		.ascii	"\347\206b\021\277\326\233d\241q\037X\337\344Y\337\235"
 315      BFD69B64 
 315      A1711F58 
 315      DFE459DF 
 315      9D
 316 0abd 9FF53D51 		.ascii	"\237\365=Q\326(\361\362\225\031%NeN\274P|\326\344\202"
 316      D628F1F2 
 316      9519254E 
 316      654EBC50 
 316      7CD6E482 
 317 0ad1 7733A4E7 		.ascii	"w3\244\347\312\311l\005.d\310\211\252\272\345\270\234"
 317      CAC96C05 
 317      2E64C889 
 317      AABAE5B8 
 317      9C
 318 0ae2 5DB7B78E 		.ascii	"]\267\267\216^W\340\203\014\271\2675\025R\351\030C2"
 318      5E57E083 
ARM GAS  C:\Users\PETERL~1\AppData\Local\Temp\ccCxjFnh.s 			page 25


 318      0CB9B735 
 318      1552E918 
 318      4332
 319 0af4 5A7B5D70 		.ascii	"Z{]p7\273>\275-\357\234\034\0172\244\346nA\212\014\217"
 319      37BB3EBD 
 319      2DEF9C1C 
 319      0F32A4E6 
 319      6E418A0C 
 320 0b09 52447220 		.ascii	"RDr \373T\272\345\250\306T\014\241\360\024\014\231~"
 320      FB54BAE5 
 320      A8C6540C 
 320      A1F0140C 
 320      997E
 321 0b1b 65439E88 		.ascii	"eC\236\210\033\022y\2536\005\343q.4:o\224(\360c\206"
 321      1B1279AB 
 321      3605E371 
 321      2E343A6F 
 321      9428F063 
 322 0b30 9CECEE2D 		.ascii	"\234\354\356-\225\263E+[`\267\327\366\261\343\3107\011"
 322      95B3452B 
 322      5B60B7D7 
 322      F6B1E3C8 
 322      3709
 323 0b42 3A7E3DF1 		.ascii	":~=\361\351\002\374\202\321\206\215\246\233\020\216"
 323      E902FC82 
 323      D1868DA6 
 323      9B108E
 324 0b51 72A4C8CD 		.ascii	"r\244\310\315\250\003\331R\034\317\220\224\322\354\247"
 324      A803D952 
 324      1CCF9094 
 324      D2ECA7
 325 0b60 729CC290 		.ascii	"r\234\302\220\347%}\327\235\360n\206\354\214\277~H\215"
 325      E7257DD7 
 325      9DF06E86 
 325      EC8CBF7E 
 325      488D
 326 0b72 F319523E 		.ascii	"\363\031R>\372`\227\014\2272d\377\310\325_\343\003\364"
 326      FA60970C 
 326      973264FF 
 326      C8D55FE3 
 326      03F4
 327 0b84 5A923E79 		.ascii	"Z\222>y\263\015\315y\372\027\215\305O\377L9\340\237"
 327      B30DCD79 
 327      FA178DC5 
 327      4FFF4C39 
 327      E09F
 328 0b96 AD5885A2 		.ascii	"\255X\205\242\360\313\213zr\212pmo\216\03272q\273C/"
 328      F0CB8B7A 
 328      728A706D 
 328      6F8E1A37 
 328      3271BB43 
 329 0bab EF94E153 		.ascii	"\357\224\341S\014\231\311\333^\207p+C\006*n\217Hp\017"
 329      0C99C9DB 
 329      5E87702B 
 329      43062A6E 
 329      8F48700F 
 330 0bbf 43D23AE3 		.ascii	"C\322:\343\316C.3$\356\270\371\234\014?dH\361\225K\247"
ARM GAS  C:\Users\PETERL~1\AppData\Local\Temp\ccCxjFnh.s 			page 26


 330      CE432E33 
 330      24EEB8F9 
 330      9C0C3F64 
 330      48F1954B 
 331 0bd4 15F80543 		.ascii	"\025\370\005C\372\247\372\217+\250\233\026SI\346\311"
 331      FAA7FA8F 
 331      2BA89B16 
 331      5349E6C9 
 332 0be4 01471CAE 		.ascii	"\001G\034\256bsb\323\276\363\354\331o\011z\375d\330"
 332      627362D3 
 332      BEF3ECD9 
 332      6F097AFD 
 332      64D8
 333 0bf6 2570147B 		.ascii	"%p\024{\226~*y\322\011\247\251l\246\\5\233r\303\303"
 333      967E2A79 
 333      D209A7A9 
 333      6CA65C35 
 333      9B72C3C3 
 334 0c0a 1B9B6538 		.ascii	"\033\233e8\217=;\263-']B\307\245\211\035\366F\232[\324"
 334      8F3D3BB3 
 334      2D275D42 
 334      C7A5891D 
 334      F6469A5B 
 335 0c1f B8943DEC 		.ascii	"\270\224=\354\337{mV\212\033)\"\031\230j\031\263\304"
 335      DF7B6D56 
 335      8A1B2922 
 335      19986A19 
 335      B3C4
 336 0c31 BF290E3C 		.ascii	"\277)\016<\222\011\036I\027\361\210\270s3D\234K\366"
 336      92091E49 
 336      17F188B8 
 336      7333449C 
 336      4BF6
 337 0c43 05B72713 		.ascii	"\005\267'\023d\270\231\311\353\030\257>\247\304\355"
 337      64B899C9 
 337      EB18AF3E 
 337      A7C4ED
 338 0c52 0CB9BF63 		.ascii	"\014\271\277c\010B\242\233!\207.\244VH\360%\246\311"
 338      0842A29B 
 338      21872EA4 
 338      5648F025 
 338      A6C9
 339 0c64 A194878D 		.ascii	"\241\224\207\215r\213&%\240I.h\222\363\312\232\230\304"
 339      728B2625 
 339      A0492E68 
 339      92F3CA9A 
 339      98C4
 340 0c76 35B9D033 		.ascii	"5\271\3203\024%\305}L\336\325\272\250g\216\270\237\311"
 340      1425C57D 
 340      4CDED5BA 
 340      A8678EB8 
 340      9FC9
 341 0c88 6B39957F 		.ascii	"k9\225\177I9\367\004]\200\305'hS<\250\226\017\252\345"
 341      4939F704 
 341      5D80C527 
 341      68533CA8 
 341      960FAAE5 
ARM GAS  C:\Users\PETERL~1\AppData\Local\Temp\ccCxjFnh.s 			page 27


 342 0c9c 61D1B9F9 		.ascii	"a\321\271\371ZCy\275\012\017S\031\212\364\263\365\353"
 342      5A4379BD 
 342      0A0F5319 
 342      8AF4B3F5 
 342      EB
 343 0cad C9692339 		.ascii	"\311i#9Yb\233\231\336a\365a\266\320$\216\316\006\036"
 343      59629B99 
 343      DE61F561 
 343      B6D0248E 
 343      CE061E
 344 0cc0 45587C33 		.ascii	"EX|3c]\311\223W\011\251x!\267\332&\344d\015\273\017"
 344      635DC993 
 344      5709A978 
 344      21B7DA26 
 344      E4640DBB 
 345 0cd5 F42BC5EE 		.ascii	"\364+\305\356\250\020\240\004\240\014\240\030\013\326"
 345      A810A004 
 345      A00CA018 
 345      0BD6
 346 0ce3 EDD927E4 		.ascii	"\355\331'\344\321\341r\252\352^N\214\3258\233S$\240"
 346      D1E172AA 
 346      EA5E4E8C 
 346      D5389B53 
 346      24A0
 347 0cf5 CDCC236B 		.ascii	"\315\314#k|\242\321n{\215\3547,\351V\322,Q\345y\312"
 347      7CA2D16E 
 347      7B8DEC37 
 347      2CE956D2 
 347      2C51E579 
 348 0d0a 2C4A4946 		.ascii	",JIFq\2178S\301\306!-\217\254\250\201\346\345\343\223"
 348      718F3853 
 348      C1C6212D 
 348      8FACA881 
 348      E6E5E393 
 349 0d1e 5673F756 		.ascii	"Vs\367V\214\\=D\375\201*\300\015\257\342\022*e\267\217"
 349      8C5C3D44 
 349      FD812AC0 
 349      0DAFE212 
 349      2A65B78F 
 350 0d32 12950371 		.ascii	"\022\225\003q\032?tD\244e\350\216T\027\316(\360\036"
 350      1A3F7444 
 350      A465E88E 
 350      5417CE28 
 350      F01E
 351 0d44 2776A6B8 		.ascii	"'v\246\270?\361\011{\005\262\202\242\273\212N\251q\011"
 351      3FF1097B 
 351      05B282A2 
 351      BB8A4EA9 
 351      7109
 352 0d56 7DF6494C 		.ascii	"}\366IL\370\320#\031wn\350\301\201\332\303\325\335\225"
 352      F8D02319 
 352      776EE8C1 
 352      81DAC3D5 
 352      DD95
 353 0d68 0EB5AB5A 		.ascii	"\016\265\253Z\355\356\316?$\377\325o\302]\272\251uU"
 353      EDEECE3F 
 353      24FFD56F 
ARM GAS  C:\Users\PETERL~1\AppData\Local\Temp\ccCxjFnh.s 			page 28


 353      C25DBAA9 
 353      7555
 354 0d7a 7BD03F77 		.ascii	"{\320?ww\033{\022adv\220\255\332N(\326U\234=c`O#\330"
 354      771B7B12 
 354      61647690 
 354      ADDA4E28 
 354      D6559C3D 
 355 0d93 701EE02A 		.ascii	"p\036\340*\3009\200\036\200!\200\313\000]\000\255\000"
 355      C039801E 
 355      802180CB 
 355      005D00AD 
 355      00
 356 0da4 B500E300 		.ascii	"\265\000\343\000\027\001\232\001z\001\332\000:\001\216"
 356      17019A01 
 356      7A01DA00 
 356      3A018E
 357 0db3 00D403DC 		.ascii	"\000\324\003\334\000\350\346\303\3038\376\242\317\374"
 357      00E8E6C3 
 357      C338FEA2 
 357      CFFC
 358 0dc1 0B2E12C9 		.ascii	"\013.\022\311l\007\333'\324\217\347:@\016\033\277\336"
 358      6C07DB27 
 358      D48FE73A 
 358      400E1BBF 
 358      DE
 359 0dd2 3FBE6667 		.ascii	"?\276fg\2701\377'\350\014V\243Pp\340\360<QR\371\242"
 359      B831FF27 
 359      E80C56A3 
 359      5070E0F0 
 359      3C5152F9 
 360 0de7 AFF697E9 		.ascii	"\257\366\227\351F\323qX\371\000\371\304\274\314\215"
 360      46D37158 
 360      F900F9C4 
 360      BCCC8D
 361 0df6 E6986276 		.ascii	"\346\230bv\322F\024\031\237_\021S\353mY\332b\272\236"
 361      D2461419 
 361      9F5F1153 
 361      EB6D59DA 
 361      62BA9E
 362 0e09 3273AEE2 		.ascii	"2s\256\342\226Dl\273\374\256%\244\306\033\037\230\026"
 362      96446CBB 
 362      FCAE25A4 
 362      C61B1F98 
 362      16
 363 0e1a B492C9FC 		.ascii	"\264\222\311\374,\320<\342\347\300S\226\021\247v\275"
 363      2CD03CE2 
 363      E7C05396 
 363      11A776BD 
 364 0e2a E89B7CF7 		.ascii	"\350\233|\367\010s\3031\320t'f<\255\322\223\260\335"
 364      0873C331 
 364      D0742766 
 364      3CADD293 
 364      B0DD
 365 0e3c DEBE8B6E 		.ascii	"\336\276\213n\207\011m$\236WSsq)\263\212\034\034\355"
 365      87096D24 
 365      9E575373 
 365      7129B38A 
ARM GAS  C:\Users\PETERL~1\AppData\Local\Temp\ccCxjFnh.s 			page 29


 365      1C1CED
 366 0e4f B2E79B8C 		.ascii	"\262\347\233\214m\266\224\240\355\3635d\2572\000DI\274"
 366      6DB694A0 
 366      EDF33564 
 366      AF320044 
 366      49BC
 367 0e61 B2554265 		.ascii	"\262UBe\301\253e?e^%\203\260Kb\307\323\316S#\364X\324"
 367      C1AB653F 
 367      655E2583 
 367      B04B62C7 
 367      D3CE5323 
 368 0e78 42796B1E 		.ascii	"Byk\036\312i\033\312S\342\224\302\355\206p\354\035\210"
 368      CA691BCA 
 368      53E294C2 
 368      ED8670EC 
 368      1D88
 369 0e8a 332C2906 		.ascii	"3,)\006qR\371Gb\307i\240\010\343\323l\030\333\234q\332"
 369      7152F947 
 369      62C769A0 
 369      08E3D36C 
 369      18DB9C71 
 370 0e9f EDCD2F41 		.ascii	"\355\315/A\240\337\342\202~\024\256\217\012\002\265"
 370      A0DFE282 
 370      7E14AE8F 
 370      0A02B5
 371 0eae B274E220 		.ascii	"\262t\342 \016\245F\223\201\234\002\005\333\205\245"
 371      0EA54693 
 371      819C0205 
 371      DB85A5
 372 0ebd 4CE41D8D 		.ascii	"L\344\035\215AP\306\037s\006\021\326\367\201u\023\344"
 372      4150C61F 
 372      730611D6 
 372      F7817513 
 372      E4
 373 0ece C105217B 		.ascii	"\301\005!{\210\324\377\300|z\002\310\342\354\307Ip\200"
 373      88D4FFC0 
 373      7C7A02C8 
 373      E2ECC749 
 373      7080
 374 0ee0 2C3C5A79 		.ascii	",<Zy\001\374gH\276\036\007\236\303\034\377{p}\033\370"
 374      01FC6748 
 374      BE1E079E 
 374      C31CFF7B 
 374      707D1BF8 
 375 0ef4 1F026801 		.ascii	"\037\002h\001\270\"(\307\340\230i.\201\006\301\317\021"
 375      B82228C7 
 375      E098692E 
 375      8106C1CF 
 375      11
 376 0f05 E209C4C7 		.ascii	"\342\011\304\307\031\011\314\237\035.76\205b\272Q\271"
 376      1909CC9F 
 376      1D2E3736 
 376      8562BA51 
 376      B9
 377 0f16 2616ECD6 		.ascii	"&\026\354\326\0142E\227\312\271\374I\260\267 Q\020\301"
 377      0C324597 
 377      CAB9FC49 
ARM GAS  C:\Users\PETERL~1\AppData\Local\Temp\ccCxjFnh.s 			page 30


 377      B0B72051 
 377      10C1
 378 0f28 42138E02 		.ascii	"B\023\216\002A\023=g\342\\JL\270\013&\234\004\325\037"
 378      41133D67 
 378      E25C4A4C 
 378      B80B269C 
 378      04D51F
 379 0f3b 70AA0B07 		.ascii	"p\252\013\007}\300f\320I\264\260\301\235\213\006]\003"
 379      7DC066D0 
 379      49B4B0C1 
 379      9D8B065D 
 379      03
 380 0f4c 663C198D 		.ascii	"f<\031\215\264x\252'Yu\355\020\3174>}jO\263\364\201"
 380      B478AA27 
 380      5975ED10 
 380      CF343E7D 
 380      6A4FB3F4 
 381 0f61 CD2C3A67 		.ascii	"\315,:g\037\352\302\223'\233cs\313\270\037\006\331\363"
 381      1FEAC293 
 381      279B6373 
 381      CBB81F06 
 381      D9F3
 382 0f73 8DBBB9B1 		.ascii	"\215\273\271\261\364k#\231\037\311|P\311\351b\235U\366"
 382      F46B2399 
 382      1FC97C50 
 382      C9E9629D 
 382      55F6
 383 0f85 635BF7A6 		.ascii	"c[\367\246\025\022\265\311\221\320\021{M\354\007\316"
 383      1512B5C9 
 383      91D0117B 
 383      4DEC07CE 
 384 0f95 1CC7E94D 		.ascii	"\034\307\351M,O\026MQA5"
 384      2C4F164D 
 384      514135
 385 0fa0 7962CDBC 		.ascii	"yb\315\274d\321\314\263\222\032\315#\\\221$%'\326\336"
 385      64D1CCB3 
 385      921ACD23 
 385      5C912425 
 385      27D6DE
 386 0fb3 79C27722 		.ascii	"y\302w\"\\=\271\241n!\325\217D\3656>\021o\331U\277\242"
 386      5C3DB9A1 
 386      6E21D58F 
 386      44F5363E 
 386      116FD955 
 387 0fc9 9F71D5EF 		.ascii	"\237q\325\357\004\270\371\244\270\233\005\207\240\205"
 387      04B8F9A4 
 387      B89B0587 
 387      A085
 388 0fd7 1675EBEC 		.ascii	"\026u\353\354Im\227\024\244\020\344[V:d\023\022n\037"
 388      496D9714 
 388      A410E45B 
 388      563A6413 
 388      126E1F
 389 0fea F0764B10 		.ascii	"\360vK\020\310\303z\256\266\221z\231.\356f~D\236\377"
 389      C8C37AAE 
 389      B6917A99 
 389      2EEE667E 
ARM GAS  C:\Users\PETERL~1\AppData\Local\Temp\ccCxjFnh.s 			page 31


 389      449EFF
 390 0ffd 8ABC99   		.ascii	"\212\274\231"
 391 1000 018A78CE 		.ascii	"\001\212x\316\025\326\221\237z\331\025\225\3522\342"
 391      15D6919F 
 391      7AD91595 
 391      EA32E2
 392 100f 8A0ED0FB 		.ascii	"\212\016\320\373\000\357\2123Xm\343\212\351_r\256\030"
 392      00EF8A33 
 392      586DE38A 
 392      E95F72AE 
 392      18
 393 1020 01BAE773 		.ascii	"\001\272\347sOC\302x',\371\234\270\3168\212\277F%\334"
 393      4F43C278 
 393      272CF99C 
 393      B8CE388A 
 393      BF4625DC 
 394 1034 4834DE81 		.ascii	"H4\336\201h\254\201h<\010p\023\240\032\240\017\240\016"
 394      68AC8168 
 394      3C087013 
 394      A01AA00F 
 394      A00E
 395 1046 C02CA818 		.ascii	"\300,\250\030\346~n\300I\266\304\314=\327\210\257#\032"
 395      E67E6EC0 
 395      49B6C4CC 
 395      3DD788AF 
 395      231A
 396 1058 40CABFF6 		.ascii	"@\312\277\366:B\350\210\3236\305a\2209\202\035\373\012"
 396      3A42E888 
 396      D336C561 
 396      9039821D 
 396      FB0A
 397 106a F2A15E3C 		.ascii	"\362\241^<j\004\011QK\013\304*5J\021\2371\005\244\354"
 397      6A040951 
 397      4B0BC42A 
 397      354A119F 
 397      3105A4EC 
 398 107e E81C481F 		.ascii	"\350\034H\037\316=V\242\323\315v\214\347\234n n\207"
 398      CE3D56A2 
 398      D3CD768C 
 398      E79C6E20 
 398      6E87
 399 1090 FFB8D348 		.ascii	"\377\270\323H\3524\211.#\027\266sN7v\323\301\254\004"
 399      EA34892E 
 399      2317B673 
 399      4E3776D3 
 399      C1AC04
 400 10a3 FFD5E940 		.ascii	"\377\325\351@\350\266v\033\267\215\010&\322\027}\246"
 400      E8B6761B 
 400      B78D0826 
 400      D2177DA6 
 401 10b3 B7D348D4 		.ascii	"\267\323H\324\336ziQL\327\262O7*\211\321b\217b\351)"
 401      DE7A6951 
 401      4CD7B24F 
 401      372A89D1 
 401      628F62E9 
 402 10c8 7C9568BF 		.ascii	"|\225h\277\361\322\211J\3170r(*\376\370z\377\015O\362"
 402      F1D2894A 
ARM GAS  C:\Users\PETERL~1\AppData\Local\Temp\ccCxjFnh.s 			page 32


 402      CF307228 
 402      2AFEF87A 
 402      FF0D4FF2 
 403 10dc 95D3B0E8 		.ascii	"\225\323\260\350c\222\245o\223\263\227S/=\246c\335Y"
 403      6392A56F 
 403      93B39753 
 403      2F3DA663 
 403      DD59
 404 10ee D8E96484 		.ascii	"\330\351d\204\345\0319\201\272!6c]\265\3263\230\327"
 404      E5193981 
 404      BA213663 
 404      5DB5D633 
 404      98D7
 405 1100 EB314B78 		.ascii	"\3531KxR\037\236q\223\220X\302\223mpv\347=\214\303\027"
 405      521F9E71 
 405      939058C2 
 405      936D7076 
 405      E73D8CC3 
 406 1115 D0A579E3 		.ascii	"\320\245y\343\301\343m\2168\226!)/\312O\250q\"C\"\322"
 406      C1E36D8E 
 406      38962129 
 406      2FCA4FA8 
 406      71224322 
 407 112a 671F619C 		.ascii	"g\037a\234\305\220\214'\025\305N\330\304\220\275\273"
 407      C5908C27 
 407      15C54ED8 
 407      C490BDBB 
 408 113a A6625C70 		.ascii	"\246b\\p>C\366\334\236\235V\343B\206\264\036\315\272"
 408      3E43F6DC 
 408      9E9D56E3 
 408      4286B41E 
 408      CDBA
 409 114c 25C3250C 		.ascii	"%\303%\014\331V\325\227\250\304\225\014\031\217+\315"
 409      D956D597 
 409      A8C4950C 
 409      198F2BCD 
 410 115c 72C2350C 		.ascii	"r\3025\014\351\331\361\274C\206\033\03129\232zY\201"
 410      E9D9F1BC 
 410      43861B19 
 410      32399A7A 
 410      5981
 411 116e 9B29E214 		.ascii	"\233)\342\024q\273\250\322\372\332\012V\373\256\344"
 411      71BBA8D2 
 411      FADA0A56 
 411      FBAEE4
 412 117d EDF178D6 		.ascii	"\355\361x\326T\345\177\333Q\020ey\201\374\034\002)Z"
 412      54E57FDB 
 412      51106579 
 412      81FC1C02 
 412      295A
 413 118f 3ADFDBF9 		.ascii	":\337\333\371\326\032_R|\010\361\023{b\373\267\376\035"
 413      D61A5F52 
 413      7C08F113 
 413      7B62FBB7 
 413      FE1D
 414 11a1 3CED0B7B 		.ascii	"<\355\013{Z\3737\351\355<\3553q%x\332\243<\355\224="
 414      5AFB37E9 
ARM GAS  C:\Users\PETERL~1\AppData\Local\Temp\ccCxjFnh.s 			page 33


 414      ED3CED33 
 414      712578DA 
 414      A33CED94 
 415 11b6 ADFDCBFC 		.ascii	"\255\375\313\374F\236\366\261=\355;v\2665\360\264\217"
 415      469EF6B1 
 415      3DED3B76 
 415      B635F0B4 
 415      8F
 416 11c7 446979B6 		.ascii	"Diy\266-<\351\264\270\012\002\276m<\361Sq\237\011\366"
 416      2D3CE9B4 
 416      B80A02BE 
 416      6D3CF153 
 416      719F09F6 
 417 11db 987535BE 		.ascii	"\230u5\276$t\201\310.t\305\336\2319Pf$\215\267J=P\204"
 417      247481C8 
 417      2E74C5DE 
 417      99395066 
 417      248DB74A 
 418 11f2 D41D8503 		.ascii	"\324\035\205\003\204\001D\002\314B:GA\033\0120\003\327"
 418      84014402 
 418      CC423A47 
 418      411B0A30 
 418      03D7
 419 1204 46A9E565 		.ascii	"F\251\345e\273\344\340\256\226hdy\333\337Y\243&\257"
 419      BBE4E0AE 
 419      96686479 
 419      DBDF59A3 
 419      26AF
 420 1216 CC81D324 		.ascii	"\314\201\323$?\357\020\005\346\224\213b@\334\017\023"
 420      3FEF1005 
 420      E6948B62 
 420      40DC0F13 
 421 1226 8D0E5D1B 		.ascii	"\215\016]\033Nt\261y-\020+\025\226\227mR\313k\201jS"
 421      4E74B179 
 421      2D102B15 
 421      96976D52 
 421      CB6B816A 
 422 123b 56A31447 		.ascii	"V\243\024G8\263\267\311\211\243G\3448\232!ag\307\206"
 422      38B3B7C9 
 422      89A347E4 
 422      389A2161 
 422      67C786
 423 124e 5C702643 		.ascii	"\\p&Cfn\234\370_x7\273\236\236\310x\023\347\261\353"
 423      666E9CF8 
 423      5F7837BB 
 423      9E9EC878 
 423      13E7B1EB 
 424 1262 D96D09F5 		.ascii	"\331m\011\3652\\\310\220\310\222\373*\\\306\256\323"
 424      325CC890 
 424      C892FB2A 
 424      5CC6AED3 
 425 1272 32929BE5 		.ascii	"2\222\233\345x?E\224Q\207\343\263\020\342v\3004)\314"
 425      783F4594 
 425      5187E3B3 
 425      10E276C0 
 425      3429CC
 426 1285 FDA56DD6 		.ascii	"\375\245m\326O*\022\245\030e\316\027`}\245\226\317:"
ARM GAS  C:\Users\PETERL~1\AppData\Local\Temp\ccCxjFnh.s 			page 34


 426      4F2A12A5 
 426      1865CE17 
 426      607DA596 
 426      CF3A
 427 1297 E2ED49ED 		.ascii	"\342\355I\355bf\304J\231dOi\2379\243V\322\235\342\244"
 427      6266C44A 
 427      99644F69 
 427      9F39A356 
 427      D29DE2A4 
 428 12ab 82E8BA6E 		.ascii	"\202\350\272n\245M\020U@\020[\275\245\244\344f\276\024"
 428      A54D1055 
 428      40105BBD 
 428      A5A4E466 
 428      BE14
 429 12bd 5AD4EA61 		.ascii	"Z\324\352a\201\325;\304\255~y%\313\237\370dr\321\220"
 429      81D53BC4 
 429      AD7E7925 
 429      CB9FF864 
 429      72D190
 430 12d0 0ED1900C 		.ascii	"\016\321\220\014\243\236\006\260\013 \003 \005 \225"
 430      A39E06B0 
 430      0B200320 
 430      052095
 431 12df 0FBEDA86 		.ascii	"\017\276\332\206\027\327U\302\263\022\001#\224\015\375"
 431      17D755C2 
 431      B3120123 
 431      940DFD
 432 12ee 5F9517FB 		.ascii	"_\225\027\373,\355\317J\224\005\035\342\244\326\330"
 432      2CEDCF4A 
 432      94051DE2 
 432      A4D6D8
 433 12fd CD94F2C7 		.ascii	"\315\224\362\307%\335\307\312\017Kl\302-\313&\334v["
 433      25DDC7CA 
 433      0F4B6CC2 
 433      2DCB26DC 
 433      765B
 434 130f C32D39BE 		.ascii	"\303-9\276\262X\206\017\261\030\3511\327\354\266\375"
 434      B258860F 
 434      B118E931 
 434      D7ECB6FD 
 435 131f 0085F885 		.ascii	"\000\205\370\205\357f\262v\033\016\233\216A\270\236"
 435      EF66B276 
 435      1B0E9B8E 
 435      41B89E
 436 132e 0BADFCDC 		.ascii	"\013\255\374\334\003\013\3601\206\304\304\017W+q\013"
 436      030BF031 
 436      86C4C40F 
 436      572B710B 
 437 133e 43CC33D9 		.ascii	"C\3143\331\317\024\370\034E\024\241\361a\323\012v4\343"
 437      CF14F81C 
 437      4514A1F1 
 437      61D30A76 
 437      34E3
 438 1350 E12EB6DD 		.ascii	"\341.\266\335q@\005\234\017J\300\007\245`s\021@1@!\300"
 438      7140059C 
 438      0F4AC007 
 438      A5607311 
ARM GAS  C:\Users\PETERL~1\AppData\Local\Temp\ccCxjFnh.s 			page 35


 438      40314021 
 439 1365 5EA960CB 		.ascii	"^\251`\313v\370\231\351o\271-\030y\005\225\017n }\271"
 439      76F899E9 
 439      6FB92D18 
 439      7905950F 
 439      6E207DB9 
 440 1379 09ED82ED 		.ascii	"\011\355\202\355\204\026f:JO&\010e\236\030\345\273\326"
 440      8416663A 
 440      4A4F2608 
 440      659E18E5 
 440      BBD6
 441 138b 1D423DB7 		.ascii	"\035B=\267\"\002KQ.G:\327\016\301\334\300M\251\204\357"
 441      22024B51 
 441      2E473AD7 
 441      0EC1DCC0 
 441      4DA984EF 
 442 139f 1E31BEFC 		.ascii	"\0361\276\374k\351#\205$\010\013D\202\020\370\324qB"
 442      6BE92385 
 442      24080B44 
 442      8210F8D4 
 442      7142
 443 13b1 6154508E 		.ascii	"aTP\216\250P\313\\{\355\340#\330oe\271\320S\322\314"
 443      A850CB5C 
 443      7BEDE023 
 443      D86F65B9 
 443      D053D2CC 
 444 13c5 EC869596 		.ascii	"\354\206\225\226j\326\012K\216r\350V\306\307C\201X-"
 444      6AD60A4B 
 444      8E72E856 
 444      C6C74381 
 444      582D
 445 13d7 B3EE2CF7 		.ascii	"\263\356,\367\201\207_\305\333 \264\257\273\345\226"
 445      81875FC5 
 445      DB20B4AF 
 445      BBE596
 446 13e6 C495E362 		.ascii	"\304\225\343b\232\213\213\303|,\0122\017\215/\260\011"
 446      9A8B8BC3 
 446      7C2C0A32 
 446      0F8D2FB0 
 446      09
 447 13f7 AC0A9B78 		.ascii	"\254\012\233x\254\264\006\226\261\252-\332\021W\270"
 447      ACB40696 
 447      B1AA2DDA 
 447      1157B8
 448 1406 B0779F93 		.ascii	"\260w\237\223{\247\034\361!\206\034\1774v\\\216\353"
 448      7BA71CF1 
 448      21861C7F 
 448      34765C8E 
 448      EB
 449 1417 18D29853 		.ascii	"\030\322\230SR\200\361)\212\374l\266\256\344\212\002"
 449      5280F129 
 449      8AFC6CB6 
 449      AEE48A02 
 450 1427 B97B48DD 		.ascii	"\271{H\335\335]]\241\236ypG|\356o\273\253\325jw\017"
 450      DD5D5DA1 
 450      9E797047 
 450      7CEE6FBB 
ARM GAS  C:\Users\PETERL~1\AppData\Local\Temp\ccCxjFnh.s 			page 36


 450      ABD56A77 
 451 143c 0F57350D 		.ascii	"\017W5\015\232\234\331\242\177ld\373\210npu\002\254"
 451      9A9CD9A2 
 451      7F6C64FB 
 451      886E7075 
 451      02AC
 452 144e 6BCECE57 		.ascii	"k\316\316W9\356\006(\321\021 \210\347\017}\352,N\225"
 452      39EE0628 
 452      D1112088 
 452      E70F7DEA 
 452      2C4E95
 453 1461 00D2064C 		.ascii	"\000\322\006L\276\225\2621l\253\350\262~\361Y%\265c"
 453      BE95B231 
 453      6CABE8B2 
 453      7EF15925 
 453      B563
 454 1473 3C856C23 		.ascii	"<\205l#\3074\026g\371\0005\016x\003S\376\003Ta\354\212"
 454      C7341667 
 454      F900350E 
 454      780353FE 
 454      035461EC 
 455 1488 8E5C35F8 		.ascii	"\216\\5\370\274\216\033\271.\270>\005\256n\005h\006"
 455      BC8E1BB9 
 455      2EB83E05 
 455      AE6E0568 
 455      06
 456 1499 38CCB95C 		.ascii	"8\314\271\\<\273\376Z/jty\007\371\224\354\030\220\026"
 456      3CBBFE5A 
 456      2F6A7479 
 456      07F994EC 
 456      189016
 457 14ac F3DFC19D 		.ascii	"\363\337\301\235\225\012\266\246\346\306.f+\214\032"
 457      950AB6A6 
 457      E6C62E66 
 457      2B8C1A
 458 14bb 3A206EAB 		.ascii	": n\253p\031n\232K}\207\271\265h\214S\201\026g@\300"
 458      70196E9A 
 458      4B7D87B9 
 458      B5688C53 
 458      81166740 
 459 14d0 095E8B76 		.ascii	"\011^\213v\251`Wh\236\331\327E\263\217|\236\337\210"
 459      A9605768 
 459      9ED9D745 
 459      B38F7C9E 
 459      DF88
 460 14e2 98165CF6 		.ascii	"\230\026\\\366\211\357\004\012A\205\"\242B=\250p\226"
 460      89EF040A 
 460      418522A2 
 460      423DA870 
 460      96
 461 14f3 F345275C 		.ascii	"\363E'\\7\201\364C\000'\000N\002\034\0078\015\320\000"
 461      3781F443 
 461      0027004E 
 461      021C0738 
 461      0DD000
 462 1506 500BD021 		.ascii	"P\013\320!\250<\346r\316x\230\261\321v{\343\355\276"
 462      A83CE672 
ARM GAS  C:\Users\PETERL~1\AppData\Local\Temp\ccCxjFnh.s 			page 37


 462      CE7898B1 
 462      D1767BE3 
 462      EDBE
 463 1518 0B322770 		.ascii	"\0132'pQA\366\242\017\261\035\261\375\2769{\021P\222"
 463      5141F6A2 
 463      0FB11DB1 
 463      FDBE397B 
 463      115092
 464 152b CDDA0447 		.ascii	"\315\332\004Gi\335\272\274\364\025S\327>\272\331\007"
 464      69DDBABC 
 464      F41553D7 
 464      3EBAD907 
 465 153b 154E2216 		.ascii	"\025N\"\026?s\235\037\016[#m\273x\244\361\312\036\021"
 465      3F739D1F 
 465      0E5B236D 
 465      BB78A4F1 
 465      CA1E11
 466 154e 0CEB7E71 		.ascii	"\014\353~q\313\230\012\311\334\316\355GR\341\207j\016"
 466      CB980AC9 
 466      DCCEED47 
 466      52E1876A 
 466      0E
 467 155f A845FA36 		.ascii	"\250E\3726\374\257\221J-\034\257\355c\034\311\207\211"
 467      FCAF914A 
 467      2D1CAFED 
 467      631CC987 
 467      89
 468 1570 DB24628A 		.ascii	"\333$b\2122\206\302\302p\314\2460\264\261!\027\022\200"
 468      3286C2C2 
 468      70CCA630 
 468      B4B12117 
 468      1280
 469 1582 140101C4 		.ascii	"\024\001\001\304\204\310Y\227\220\006\035\205!\346\311"
 469      84C85997 
 469      90061D85 
 469      21E6C9
 470 1591 A8573A2B 		.ascii	"\250W:+\344\\\256\036\26474\321\366\364\327\3744\216"
 470      E45CAE1E 
 470      B43734D1 
 470      F6F4D7FC 
 470      348E
 471 15a3 54EEB32F 		.ascii	"T\356\263/Un\372\260}\037yX7\357\262\325\032v\305\\"
 471      556EFAB0 
 471      7D1F7958 
 471      37EFB2D5 
 471      1A76C55C 
 472 15b7 90BE6ED8 		.ascii	"\220\276n\330\011\015k\264\361N7\363\016\361\022\324"
 472      090D6BB4 
 472      F14E37F3 
 472      0EF112D4 
 473 15c7 C4FABDFB 		.ascii	"\304\372\275\373e8\361G6\237\357\254\260\375)\310\012"
 473      6538F147 
 473      369FEFAC 
 473      B0FD29C8 
 473      0A
 474 15d8 EB4F4124 		.ascii	"\353OA$]\245U\003\3529\337\314^\002\375Vp\257\330\316"
 474      5DA55503 
ARM GAS  C:\Users\PETERL~1\AppData\Local\Temp\ccCxjFnh.s 			page 38


 474      EA39DFCC 
 474      5E02FD56 
 474      70AFD8CE 
 475 15ec 4B61832D 		.ascii	"Ka\203-\345>\010\250\330\261\377g\025d\357{Q\252B\347"
 475      E53E08A8 
 475      D8B1FF67 
 475      1564EF7B 
 475      51AA42E7 
 476 1600 F8D96605 		.ascii	"\370\331f\005\367\232\215\334'\237,<\033\274 }{\256"
 476      F79A8DDC 
 476      279F2C3C 
 476      1BBC207D 
 476      7BAE
 477 1612 40B94C03 		.ascii	"@\271L\003\345[)+\371\207\267\206V;\341\347L\361\230"
 477      E55B292B 
 477      F987B786 
 477      563BE1E7 
 477      4CF198
 478 1625 D0EAE70A 		.ascii	"\320\352\347\012\267\335FS\345xzr\203:%\334\230o4\317"
 478      B7DD4653 
 478      E5787A72 
 478      833A25DC 
 478      986F34CF 
 479 1639 CEFE1DED 		.ascii	"\316\376\035\355\204z\254\002\035\3105\223xE\352\006"
 479      847AAC02 
 479      1DC83593 
 479      7845EA06 
 480 1649 1DA3F35B 		.ascii	"\035\243\363[\266!\234\371c\312\345\326\305]\345\210"
 480      B6219CF9 
 480      63CAE5D6 
 480      C55DE588 
 481 1659 7231B5E4 		.ascii	"r1\265\344\311[\214M\263\263\237P\006W\005\014\256Z"
 481      C95B8C4D 
 481      B3B39F50 
 481      0657050C 
 481      AE5A
 482 166b 18F45206 		.ascii	"\030\364R\006\235\203q0#\0241\006\367.^\030s\004\006"
 482      9D837130 
 482      23143106 
 482      F72E5E18 
 482      730406
 483 167e 66E37859 		.ascii	"f\343xY^\371g;\302\023-j\220\320\272&\340r\315\302\245"
 483      5EF9673B 
 483      C2132D6A 
 483      90D0BA26 
 483      E072CDC2 
 484 1693 8F7239D0 		.ascii	"\217r9\320tx/\306\325\214\313\323\243wS\024\224\213"
 484      74782FC6 
 484      D58CCBD3 
 484      A3775314 
 484      948B
 485 16a5 29BD38CA 		.ascii	")\2758\312\215\323\203p\270.\340p\335\302\241\237r\330"
 485      8DD38370 
 485      B82EE070 
 485      DDC2A19F 
 485      72D8
 486 16b7 93595CA2 		.ascii	"\223Y\\\242\306\215\214\303\325\3755}j\306!\323\226"
ARM GAS  C:\Users\PETERL~1\AppData\Local\Temp\ccCxjFnh.s 			page 39


 486      C68D8CC3 
 486      D5FD357D 
 486      6AC621D3 
 486      96
 487 16c8 8359C0C1 		.ascii	"\203Y\300\301l\3410@9\034\357\252MAR2C}N'(2_\356\317"
 487      6CE13040 
 487      391CEFAA 
 487      4D415232 
 487      437D4E27 
 488 16e1 1891D35B 		.ascii	"\030\221\323[d\334\006\245\364\346\355\352c\351NR\313"
 488      64DC06A5 
 488      F4E6EDEA 
 488      63E94E52 
 488      CB
 489 16f2 4C36C46E 		.ascii	"L6\304n6\337\012\233\236{\344n\322\221\273!\345\206"
 489      36DF0A9B 
 489      9E7BE46E 
 489      D291BB21 
 489      E586
 490 1704 EECC83C8 		.ascii	"\356\314\203\310l\005nc\272N\034\250He>3\225\361\272"
 490      6C056E63 
 490      BA4E1CA8 
 490      48653E33 
 490      95F1BA
 491 1717 420F744B 		.ascii	"B\017tK\240\353-\213\256\267\251\256\023\361\261\311"
 491      A0EB2D8B 
 491      AEB7A9AE 
 491      13F1B1C9 
 492 1727 B042641C 		.ascii	"\260Bd\034\212\262\263G\345\214C\206\255\265\303\002"
 492      8AB2B347 
 492      E58C4386 
 492      ADB5C302 
 493 1737 0EC3160E 		.ascii	"\016\303\026\016#\314\332K\333\016(\250\025\335R\213"
 493      23CCDA4B 
 493      DB0E28A8 
 493      15DD528B 
 494 1747 B98FA61A 		.ascii	"\271\217\246\032b\220\325\262Qf\231\261~\250j\301\234"
 494      6290D5B2 
 494      516699B1 
 494      7EA86AC1 
 494      9C
 495 1758 968D51CB 		.ascii	"\226\215Q\313\356X,\213|p-\025\341kL\257\370\214]\365"
 495      EE582C8B 
 495      7C702D15 
 495      E16B4CAF 
 495      F88C5DF5 
 496 176c 4E4CAF34 		.ascii	"NL\2574^/\350\201\356\012\364\272k\321\353\036\325\353"
 496      5E2FE881 
 496      EE0AF4BA 
 496      6BD1EB1E 
 496      D5EB
 497 177e C49DEE7D 		.ascii	"\304\235\356}R|\223q\330\331Uyw\001\343Pkk\331}\001"
 497      527C9371 
 497      D8D95579 
 497      7701E350 
 497      6B6BD97D 
 498 1793 87FB160E 		.ascii	"\207\373\026\016\343\224C\362\215\354r\214'\030\207"
ARM GAS  C:\Users\PETERL~1\AppData\Local\Temp\ccCxjFnh.s 			page 40


 498      E39443F2 
 498      8DEC728C 
 498      271887
 499 17a2 533DD191 		.ascii	"S=\321\221\350\347\271$\"a\035\363II\230\361x\204\321"
 499      E8E7B924 
 499      22611DF3 
 499      494998F1 
 499      7884D1
 500 17b5 38F3C92C 		.ascii	"8\363\311,\246%\363\001cc\2556\016\344\016\345\365P"
 500      A625F301 
 500      6363AD36 
 500      0EE40EE5 
 500      F550
 501 17c7 FA73F295 		.ascii	"\372s\362\225\304\271\222:\214"
 501      C4B9923A 
 501      8C
 502 17d0 9F305ED5 		.ascii	"\2370^\325\015[{\311\007\315tB\005\2746\256\357\261"
 502      0D5B7BC9 
 502      07CD7442 
 502      05BC36AE 
 502      EFB1
 503 17e2 14F06889 		.ascii	"\024\360h\211\232|\345H\275e\371\201\232\033\373\201"
 503      9A7CE548 
 503      BD65F981 
 503      9A1BFB81 
 504 17f2 9AE5BB08 		.ascii	"\232\345\273\0107\366]Dk\322\205\026\305\307\007\215"
 504      37F65D44 
 504      6BD28516 
 504      C5C7078D 
 505 1802 D126375A 		.ascii	"\321&7Z\223\310D>\011u\202L\346\217\240%\023\372cha"
 505      93C8443E 
 505      0975824C 
 505      E68FA025 
 505      13FA6368 
 506 1817 52475352 		.ascii	"RGSR\372\272?\354dL\257\032\0148k\202\314~\260\224\034"
 506      FABA3FEC 
 506      644CAF1A 
 506      0C386B82 
 506      CC7EB094 
 507 182c E4910F8C 		.ascii	"\344\221\017\214>\371;\312`\202\323\237_\255L\020\375"
 507      3EF93BCA 
 507      6082D39F 
 507      5FAD4C10 
 507      FD
 508 183d D1B4F463 		.ascii	"\321\264\364c\007\364\204\232\020_\236?\301~sB\177X"
 508      07F4849A 
 508      105F9E3F 
 508      C17E7342 
 508      7F58
 509 184f 59947BED 		.ascii	"Y\224{\355\014V\011\276\226\201\007\202\361|&%\237O"
 509      0C5609BE 
 509      96810782 
 509      F17C2625 
 509      9F4F
 510 1861 BEB3103D 		.ascii	"\276\263\020=e\342\315\347\273\032\234\337H\344^D\271"
 510      65E2CDE7 
 510      BB1A9CDF 
ARM GAS  C:\Users\PETERL~1\AppData\Local\Temp\ccCxjFnh.s 			page 41


 510      48E45E44 
 510      B9
 511 1872 21BA6AE7 		.ascii	"!\272j\347\311\237K\337\260t\"\324ug\212+\330W\032F"
 511      C99F4BDF 
 511      B07422D4 
 511      75678A2B 
 511      D8571A46 
 512 1886 FAC9F754 		.ascii	"\372\311\367T\236\371\016\373\025\247\202\355k\022\215"
 512      9EF90EFB 
 512      15A782ED 
 512      6B128D
 513 1895 2E73CB9E 		.ascii	".s\313\236\265\310\236a\262C\367\026m\342D\033\211h"
 513      B5C89E61 
 513      B243F716 
 513      6DE2441B 
 513      8968
 514 18a7 10865E80 		.ascii	"\020\206^\200w\330\244j\224\275a\351C\035?\231\330\210"
 514      77D8A46A 
 514      94BD61E9 
 514      431D3F99 
 514      D888
 515 18b9 71F81B6C 		.ascii	"q\370\033l;\317\375z\364-\366\353Q\313\017\307\234\331"
 515      3BCFFD7A 
 515      F42DF6EB 
 515      51CB0FC7 
 515      9CD9
 516 18cb 0FC72C1E 		.ascii	"\017\307,\036qf\036)\310\255\375\224\033\023\"\341\037"
 516      71661E29 
 516      C8ADFD94 
 516      1B1322E1 
 516      1F
 517 18dc 16A230D9 		.ascii	"\026\2420\331B\364\037Y\023.cm\004k\377-\322[B\316\231"
 517      42F41F59 
 517      132E636D 
 517      046BFF2D 
 517      D25B42CE 
 518 18f1 85DCEB76 		.ascii	"\205\334\353v\037;\237y\204\375\366@\366C\272'E\326"
 518      1F3B9F79 
 518      84FDF640 
 518      F643BA27 
 518      45D6
 519 1903 D63AD3EE 		.ascii	"\326:\323\356\362\037\322\335\022!\316,B^\267{W\333"
 519      F21FD2DD 
 519      1221CE2C 
 519      425EB77B 
 519      57DB
 520 1915 89AD2ADA 		.ascii	"\211\255*\332\241\011\221\210 =\"e\037\223\036Q\320"
 520      A1099188 
 520      203D2265 
 520      1F931E51 
 520      D0
 521 1926 901E5BA1 		.ascii	"\220\036[\241%=\242\241\215\2016\026\332m\320n\2076"
 521      253DA2A1 
 521      8D813616 
 521      DA6DD06E 
 521      8736
 522 1938 0EDA7868 		.ascii	"\016\332xh\023\240M\224}L8V\234\314\243\005\243\311"
ARM GAS  C:\Users\PETERL~1\AppData\Local\Temp\ccCxjFnh.s 			page 42


 522      13A04D94 
 522      7D4C3856 
 522      9CCCA305 
 522      A3C9
 523 194a 64EE392B 		.ascii	"d\3569+m\"\305bv\226\361\016\225\261d\343c\020\356\300"
 523      6D22C562 
 523      7696F10E 
 523      95B164E3 
 523      6310EEC0 
 524 195e FF1DD013 		.ascii	"\377\035\320\023%\311H\262M=,\205d\2303\302w\312\270"
 524      25C948B2 
 524      4D3D2C85 
 524      649833C2 
 524      77CAB8
 525 1971 0827B90A 		.ascii	"\010'\271\012\344\017\252\022f\324\366!\316\327\242"
 525      E40FAA12 
 525      66D4F621 
 525      CED7A2
 526 1980 5D34C469 		.ascii	"]4\304i'B=\220z9\337\011\347\260\020\377\267\026\205"
 526      27423D90 
 526      7A39DF09 
 526      E7B010FF 
 526      B71685
 527 1993 FF9F7E7E 		.ascii	"\377\237~~\372\236\226\324\217h\234;\376\220\336qO\037"
 527      FA9E96D4 
 527      8F689C3B 
 527      FE90DE71 
 527      4F1F
 528 19a5 74B02C53 		.ascii	"t\260,S\375\220\356\267\023\213*X\216;\375\240$\345"
 528      FD90EEB7 
 528      138B2A58 
 528      8E3BFDA0 
 528      24E5
 529 19b7 7E93EDCC 		.ascii	"~\223\355\314~\223\375\272\335/U&\266\253i\207aDb\232"
 529      7E93FDBA 
 529      DD2F5526 
 529      B6AB6987 
 529      6144629A 
 530 19cb F4486149 		.ascii	"\364HaI\232\312%i\032\227\244\351\\\222fpI\232\311%"
 530      9ACA2569 
 530      1A97A4E9 
 530      5C926670 
 530      499AC925 
 531 19df 691697A4 		.ascii	"i\026\227\244\331\320\302nu749\200\232\240\315\205v"
 531      D9D0C26E 
 531      75373439 
 531      809AA0CD 
 531      8576
 532 19f1 0FB479D0 		.ascii	"\017\264y\320\346C[\000\355^\226\313g\342\303~IS\331"
 532      E6435B00 
 532      ED5E96CB 
 532      67E2C37E 
 532      4953D9
 533 1a04 7427CCF8 		.ascii	"t'\314\370\251%\225\211\006\3112\373y?\231\246r!I\345"
 533      A9259589 
 533      06C932FB 
 533      793F99A6 
ARM GAS  C:\Users\PETERL~1\AppData\Local\Temp\ccCxjFnh.s 			page 43


 533      722149E5 
 534 1a18 229ACA39 		.ascii	"\"\232\3129\217\315\203r\233\303\027b,\237\313\3052"
 534      8FCD8372 
 534      9BC31762 
 534      2C9FCBC5 
 534      32
 535 1a29 B68B8096 		.ascii	"\266\213\200\226\254\222\342[\367;\333P\217\331l\270"
 535      AC92E25B 
 535      F73BDB50 
 535      8FD96CB8 
 536 1a39 4A38EA12 		.ascii	"J8\352\022J\335\236q\312,#gC\241s\376\004\327\301\346"
 536      4ADD9E71 
 536      CA2C2367 
 536      43A173FE 
 536      04D7C1E6 
 537 1a4d F7B7A854 		.ascii	"\367\267\250T\346J\226\311\217\362\212T\354\307\333"
 537      E64A96C9 
 537      8FF28A54 
 537      ECC7DB
 538 1a5c AFF4C361 		.ascii	"\257\364\303aT&#\333\212\242\374=\321\266?>!\345\214"
 538      542623DB 
 538      8AA2FC3D 
 538      D1B63F3E 
 538      21E58C
 539 1a6f 17B98F53 		.ascii	"\027\271\217Sn\037U\256v\333\275\213\266\3247mL)\347"
 539      6E1F55AE 
 539      76DBBD8B 
 539      B6D4376D 
 539      4C29E7
 540 1a82 A8CB2975 		.ascii	"\250\313)u\302\303\326N\3333\323]6\274+8j\322:\256Y"
 540      C2C3D64E 
 540      DB33D35D 
 540      36BC2B38 
 540      6AD23AAE 
 541 1a97 BD7299CE 		.ascii	"\275r\231\316\357;\255N\376\305\327\337\270y:\250\364"
 541      EF3BAD4E 
 541      FEC5D7DF 
 541      B8793AA8 
 541      F4
 542 1aa8 C17E7A83 		.ascii	"\301~z\203\267A\2531\250\340\231\346\233\257W~\275r"
 542      B741AB31 
 542      A8E099E6 
 542      9BAF577E 
 542      BD72
 543 1aba AD925CAE 		.ascii	"\255\222\\\256Y\273j5\241\327x-_\272\354O\364\351R\317"
 543      59BB6A35 
 543      A1D7782D 
 543      5FBAEC4F 
 543      F4E952CF 
 544 1ace B52BFFF3 		.ascii	"\265+\377\363r5\271\364\\\365\325\352/\227\257]\376"
 544      7235B9F4 
 544      5CF5D5EA 
 544      2F97AF5D 
 544      FE
 545 1adf 9EE7EFD7 		.ascii	"\236\347\357\327yn\362[\357\267\306\020\342\353\027"
 545      796EF25B 
 545      EFB7C610 
ARM GAS  C:\Users\PETERL~1\AppData\Local\Temp\ccCxjFnh.s 			page 44


 545      E2EB17
 546 1aee B4CE875C 		.ascii	"\264\316\207\\\007\351?X\274(H\277h\223\267\377\"\277"
 546      07E93F58 
 546      BC2848BF 
 546      6893B7FF 
 546      22BF
 547 1b00 401FFF10 		.ascii	"@\037\377\020_\355\"\020\364\336&\007\031\025\266\000"
 547      5FED2210 
 547      F4DE2607 
 547      1915B600 
 548 1b10 101F6F7F 		.ascii	"\020\037o\177\377\365\336>\177\326\030\344\332@_\215"
 548      FFF5DE3E 
 548      7FD618E4 
 548      DA405F8D 
 549 1b20 CF7AB5DE 		.ascii	"\317z\265\336\020\360\301\373\232\215\301~A\032\203"
 549      10F0C1FB 
 549      9A8DC17E 
 549      411A83
 550 1b2f 32C42FD0 		.ascii	"2\304/\320\000\230A\245\321X.7\370\374\236\261\3273"
 550      009841A5 
 550      D1582E37 
 550      F8FC9EB1 
 550      D733
 551 1b41 5186A020 		.ascii	"Q\206\240 \177\375\272\215\201!n\364\312\315[\027\340"
 551      7FFDBA8D 
 551      81216EF4 
 551      CACD5B17 
 551      E0
 552 1b52 A60D58AF 		.ascii	"\246\015X\257\365\365\325\372\256\373\360\275\337\271"
 552      F5F5D5FA 
 552      AEFBF0BD 
 552      DFB9
 553 1b60 BDBF78C9 		.ascii	"\275\277x\311G\177\371`\035\334\377u`P\240\366\327Z"
 553      477FF960 
 553      1DDCFF75 
 553      6050A0F6 
 553      D75A
 554 1b72 EFF57EEB 		.ascii	"\357\365~\3538}\326\005x\003\257@\355:\215\257v\203"
 554      387DD605 
 554      7803AF40 
 554      ED3A8DAF 
 554      7683
 555 1b84 7788BF41 		.ascii	"w\210\277Ac\370>X\253\007\025\277\375\177*F\377\275"
 555      63F83E58 
 555      AB0715BF 
 555      FD7F2A46 
 555      FFBD
 556 1b96 7E9D466F 		.ascii	"~\235Fo\360\005\033\210\371_\255Z\266\334K\276j\355"
 556      F0051B88 
 556      F95FAD5A 
 556      B6DC4BBE 
 556      6AED
 557 1ba8 9F562FF7 		.ascii	"\237V/\367R\254Z\263z\371\362e^\262\325\337\254^\346"
 557      52AC5AB3 
 557      7AF9F265 
 557      5EB2D5DF 
 557      AC5EE6
ARM GAS  C:\Users\PETERL~1\AppData\Local\Temp\ccCxjFnh.s 			page 45


 558 1bbb 855702AC 		.ascii	"\205W\002\254Z\346\205\376\013\265}\311\307V\333\311"
 558      5AE685FE 
 558      0BB57DC9 
 558      C756DBC9 
 559 1bcb 25D66B0D 		.ascii	"%\326k\0152\037\177\255\267n\351_sxp\220\316\240_\264"
 559      321F7FAD 
 559      B76EE95F 
 559      73787090 
 559      CEA05FB4 
 560 1bdf 66ED571F 		.ascii	"f\355W\037\274\277\350\313/\227-\372b\365\312U\337\275"
 560      BCBFE8CB 
 560      2F972DFA 
 560      62F5CA55 
 560      DFBD
 561 1bf1 BF28D8DB 		.ascii	"\277(\330\333_\343\357\357\013J\240\025\322\317\326"
 561      5FE3EFEF 
 561      0B4AA015 
 561      D2CFD6
 562 1c00 787949BF 		.ascii	"xyI\277\364\374\243\227t\351\347^_\222\177+\360g^^*"
 562      F4FCA397 
 562      74E9E75E 
 562      5F927F2B 
 562      F0675E5E 
 563 1c15 BF20D2DB 		.ascii	"\277 \322\333\317\027\006E\257'\2272h\274}\261\217n"
 563      CF170645 
 563      AF279732 
 563      68BC7DB1 
 563      8F6E
 564 1c27 090905CF 		.ascii	"\011\011\005\317\240\300\015~\033\345>\264Q\0326\351"
 564      A0C00D7E 
 564      1BE53EB4 
 564      511A36E9 
 565 1c37 B4DE40EA 		.ascii	"\264\336@\352\350\263I\303\256\345\301\232@\355\026"
 565      E8B349C3 
 565      AEE5C19A 
 565      40ED16
 566 1c46 0334C13A 		.ascii	"\0034\301:\355w\012C\260\216\214\345\262\3714\326\031"
 566      ED770A43 
 566      B08E8CE5 
 566      B2F934D6 
 566      19
 567 1c57 3885977A 		.ascii	"8\205\227z}\345\371\325\226E>A\001\301~\376Z\235~\321"
 567      7DE5F9D5 
 567      96453E41 
 567      01C17EFE 
 567      5A9D7ED1 
 568 1c6b 179E9E8B 		.ascii	"\027\236\236\213|6YF\205\362\364\013R\200l\003\210p"
 568      7C365946 
 568      85F2F40B 
 568      52806C03 
 568      8870
 569 1c7d 229D34E0 		.ascii	"\"\2354\340\034\037\303\026\245N\273\021\234\2571|\364"
 569      1C1FC316 
 569      A54EBB11 
 569      9CAF317C 
 569      F4
 570 1c8e 5A8236F9 		.ascii	"Z\2026\371\004\351\264\300Y\242\373P\242\373H\242\373"
ARM GAS  C:\Users\PETERL~1\AppData\Local\Temp\ccCxjFnh.s 			page 46


 570      04E9B4C0 
 570      59A2FB50 
 570      A2FB48A2 
 570      FB
 571 1c9f 58A2FB8D 		.ascii	"X\242\373\215D\367[\211\356wX\267d1\300\022\211\277"
 571      44F75B89 
 571      EE7758B7 
 571      6431C012 
 571      89BF
 572 1cb1 EE77AFCF 		.ascii	"\356w\257\317R\363\335o\002\200-0\370@\026\254\001\375"
 572      52F3DD6F 
 572      02802D30 
 572      F84016AC 
 572      01FD
 573 1cc3 14C42B9B 		.ascii	"\024\304+\233\265:h\203\374}\265:\251\317&o\035q\225"
 573      B53A6883 
 573      FC7DB53A 
 573      A9CF266F 
 573      1D7195
 574 1cd6 778056A5 		.ascii	"w\200V\2457\374\331\333\337oc \027\362\037\177h\035"
 574      37FCD9DB 
 574      DF6F6320 
 574      17F21F7F 
 574      681D
 575 1ce8 767A190C 		.ascii	"vz\031\014\261\363g\177\277\000?\203\322\300\345\251"
 575      B1F3677F 
 575      BF003F83 
 575      D2C0E5A9 
 576 1cf8 823CFC2D 		.ascii	"\202<\374-\270\235\221\301\225\202P\3013\205! \310W"
 576      B89D91C1 
 576      958250C1 
 576      33852120 
 576      C857
 577 1d0a 4BF10DFE 		.ascii	"K\361\015\376\336\033\365\012\203N\273A\257!\343A.d"
 577      DE1BF50A 
 577      834EBB41 
 577      AF21E341 
 577      2E64
 578 1d1c 01FA8DF0 		.ascii	"\001\372\215\360\220\313&\350\316]\311u\276\337\303"
 578      90CB26E8 
 578      CE5DC975 
 578      BEDFC3
 579 1d2b 23A5768B 		.ascii	"#\245v\213\237\301\007\030\3107\033\202\326\377\367"
 579      9FC10718 
 579      C8371B82 
 579      D6FFF7
 580 1d3a 60D96683 		.ascii	"`\331f\203A\027\254\206\301\325k\003\274\2037\201i."
 580      4117AC86 
 580      C1D56B03 
 580      BC833781 
 580      692E
 581 1d4c 6C98F59A 		.ascii	"l\230\365\232\277\204hC@\320\217\254#\317\335Rp\255"
 581      BF846843 
 581      40D08FAC 
 581      23CFDD52 
 581      70AD
 582 1d5e CC271012 		.ascii	"\314'\020\022J\246\327@\013\354\200A\260\022h\003B`"
ARM GAS  C:\Users\PETERL~1\AppData\Local\Temp\ccCxjFnh.s 			page 47


 582      4AA6D740 
 582      0BEC8041 
 582      B0126803 
 582      4260
 583 1d70 EC14011C 		.ascii	"\354\024\001\034m\200&hs \270\205\336\005\352\000J\035"
 583      6D802668 
 583      7320B885 
 583      DE05EA00 
 583      4A1D
 584 1d82 C04268B3 		.ascii	"\300Bh\263!\300\260%\330I\373\2356\320\020\340\255\247"
 584      21C0B025 
 584      D849FB9D 
 584      36D010E0 
 584      ADA7
 585 1d94 656233B9 		.ascii	"eb3\271\300\301\232\020g\213P\177HR\215\301E\240\006"
 585      C0C19A10 
 585      678B507F 
 585      48528DC1 
 585      45A006
 586 1da7 B9E318AC 		.ascii	"\271\343\030\254\331\354\355g\360\013\334\010\376\003"
 586      D9ECED67 
 586      F00BDC08 
 586      FE03
 587 1db5 CB984AF4 		.ascii	"\313\230J\364\022nh\203\241\336\3003\240\002\021\204"
 587      126E6883 
 587      A1DEC033 
 587      A0021184 
 588 1dc5 5E45FCE3 		.ascii	"^E\374\343\355O\343\013n\006C\232\277a\360\013\320j"
 588      ED4FE30B 
 588      6E06439A 
 588      BF61F00B 
 588      D06A
 589 1dd7 02B4DEFA 		.ascii	"\002\264\336\372\020\2356@K\254Q\350\014\324*\351z\255"
 589      109D3640 
 589      4BAC51E8 
 589      0CD42AE9 
 589      7AAD
 590 1de9 DE20DB1C 		.ascii	"\336 \333\034\244\323\033\244\376\336z\203<\204\336"
 590      A4D31BA4 
 590      FEDE7A83 
 590      3C84DE
 591 1df8 46814A9D 		.ascii	"F\201J\235\201\3662\250|B\002B\374\275\015Pg\347-\217"
 591      81F632A8 
 591      7C420242 
 591      FCBD0D50 
 591      67E72D8F 
 592 1e0c 103F96EA 		.ascii	"\020?\226\352\010\201N\202\206\033I\375\033\\n\301\260"
 592      08814E82 
 592      861B49FD 
 592      1B5C6EC1 
 592      B0
 593 1e1d 6975DA40 		.ascii	"iu\332@\037`\272\370\2259\351}6\2214_\364\312\035\300"
 593      1F60BAF8 
 593      9539E97D 
 593      3691345F 
 593      F4CA1DC0 
 594 1e31 0D40FFE1 		.ascii	"\015@\377\341\253\013\370^oI\313W\027\0021@\322\230"
ARM GAS  C:\Users\PETERL~1\AppData\Local\Temp\ccCxjFnh.s 			page 48


 594      AB0BF85E 
 594      6F49CB57 
 594      17023140 
 594      D298
 595 1e43 1926A363 		.ascii	"\031&\243c\356D&\222\265\300i\231v\003\366\364Z\002"
 595      EE442692 
 595      B5C06999 
 595      7603F6F4 
 595      5A02
 596 1e55 F0BE648D 		.ascii	"\360\276d\215\227\004J\242\247\227\347j/\271\327\177"
 596      97044AA2 
 596      A797E76A 
 596      2FB9D77F 
 597 1e65 85D64BBE 		.ascii	"\205\326K\276\2266\212\225\357\257\361\374\374\013/"
 597      96368A95 
 597      EFAFF1FC 
 597      FC0B2F
 598 1e74 19B4ABBD 		.ascii	"\031\264\253\275~3\237`\010\240E\236_\255Y\271\006\312"
 598      7E339F60 
 598      08A0459E 
 598      5FAD59B9 
 598      06CA
 599 1e86 E0223AAD 		.ascii	"\340\":\255l\370p\361o\266\020+1L=o,\373j\251f\015$"
 599      6CF870F1 
 599      6FB6102B 
 599      314C3D6F 
 599      2CFB6AA9 
 600 1e9d 87778045 		.ascii	"\207w\200E\274\304\323K\372\365\262\265^x\365R/\351"
 600      BCC4D34B 
 600      FAF5B2B5 
 600      5E78F552 
 600      2FE9
 601 1eaf 578BC9BF 		.ascii	"W\213\311\277%K\275\360\347 ]O\011\245~\033|tr?\375"
 601      254BBDF0 
 601      E7205D4F 
 601      09A57E1B 
 601      7C74723F 
 602 1ec4 26BF0D06 		.ascii	"&\277\015\006G\275\326\177\203_\240\257v\213\374;\255"
 602      47BDD67F 
 602      835FA0AF 
 602      768BFC3B 
 602      AD
 603 1ed5 8F2148F7 		.ascii	"\217!H\367\331\353\324d\372\377\363\017\267la\232i|"
 603      D9EBD464 
 603      FAFFF30F 
 603      B76C619A 
 603      697C
 604 1ee7 03BC41AF 		.ascii	"\003\274A\2577\254\210\206\011\204\204\000D\267\205"
 604      37AC8886 
 604      09848400 
 604      44B785
 605 1ef6 FC376C71 		.ascii	"\3747lq\324m\201\226\244\267\243\301r\365\351\353\316"
 605      D46D8196 
 605      A4B7A3C1 
 605      72F5E9EB 
 605      CE
 606 1f07 04E0EEEF 		.ascii	"\004\340\356\357\226\220\211\230\233\010\344z\277\377"
ARM GAS  C:\Users\PETERL~1\AppData\Local\Temp\ccCxjFnh.s 			page 49


 606      96908998 
 606      9B08E47A 
 606      BFFF
 607 1f15 0191E5FB 		.ascii	"\001\221\345\373\003'<\177\277\365\3536\372\370\330"
 607      03273C7F 
 607      BFF5EB36 
 607      FAF8D8
 608 1f24 4D7C40F0 		.ascii	"M|@\360\336\007\374\364g\200^\033@\226z\351\262\317"
 608      DE07FCF4 
 608      67805E1B 
 608      40967AE9 
 608      B2CF
 609 1f36 3F5CF2D1 		.ascii	"?\\\362\321\357\240\350\370\031~L\376i6\204\004\372"
 609      EFA0E8F8 
 609      197E4CFE 
 609      69368404 
 609      FA
 610 1f47 18FC8202 		.ascii	"\030\374\202\002\365\357\371\260\307\037|\364\021}L"
 610      F5EFF9B0 
 610      C71F7CF4 
 610      117D4C
 611 1f56 96075E5A 		.ascii	"\226\007^Z\230\354\364\332\317B\364\012\300\326\030"
 611      98ECF4DA 
 611      CF42F40A 
 611      C0D618
 612 1f65 82829DA0 		.ascii	"\202\202\235\240\375&\020\\\017.\247\367 \215\035iK"
 612      FD26105C 
 612      0F2EA7F7 
 612      208D1D69 
 612      4B
 613 1f76 EE282995 		.ascii	"\356()\225\267\216v^\352\363\227\020?\035\351,#\013"
 613      B78E765E 
 613      EAF39710 
 613      3F1DE92C 
 613      230B
 614 1f88 9E258E9B 		.ascii	"\236%\216\233\364\032\262\344\330\260\361o,j\300\234"
 614      F41AB2E4 
 614      D8B0F16F 
 614      2C6AC09C 
 615 1f98 01F66A75 		.ascii	"\001\366ju\232\357\274\375"
 615      9AEFBCFD 
 616 1fa0 43B47ACD 		.ascii	"C\264z\315\372\220\015\177c\321A\344\331\377\001\202"
 616      FA900D7F 
 616      63D141E4 
 616      D9FF0182 
 617 1fb0 E0C7AC   		.ascii	"\340\307\254"
 618              		.text
 619              		.section	.gnu.lto_.symtab.76a06eaa,"",%progbits
 620 0000 41444634 		.ascii	"ADF4159_init\000\000\000\000\000\000\000\000\000\000"
 620      3135395F 
 620      696E6974 
 620      00000000 
 620      00000000 
 621 0016 00005902 		.ascii	"\000\000Y\002\000\000ADF4355_init\000\000\000\000\000"
 621      00004144 
 621      46343335 
 621      355F696E 
ARM GAS  C:\Users\PETERL~1\AppData\Local\Temp\ccCxjFnh.s 			page 50


 621      69740000 
 622 002d 00000000 		.ascii	"\000\000\000\000\000\000\000[\002\000\000SPID1\000\000"
 622      0000005B 
 622      02000053 
 622      50494431 
 622      0000
 623 003f 02000000 		.ascii	"\002\000\000\000\000\000\000\000\000\000r\002\000\000"
 623      00000000 
 623      00007202 
 623      0000
 624 004d 73706952 		.ascii	"spiReleaseBus\000\000\002\000\000\000\000\000\000\000"
 624      656C6561 
 624      73654275 
 624      73000002 
 624      00000000 
 625 0064 00005D02 		.ascii	"\000\000]\002\000\000spiStop\000\000\002\000\000\000"
 625      00007370 
 625      6953746F 
 625      70000002 
 625      000000
 626 0077 00000000 		.ascii	"\000\000\000\000\000\000_\002\000\000spiUnselect\000"
 626      00005F02 
 626      00007370 
 626      69556E73 
 626      656C6563 
 627 008d 00020000 		.ascii	"\000\002\000\000\000\000\000\000\000\000\000a\002\000"
 627      00000000 
 627      00000061 
 627      0200
 628 009b 00737069 		.ascii	"\000spiSend\000\000\002\000\000\000\000\000\000\000"
 628      53656E64 
 628      00000200 
 628      00000000 
 628      0000
 629 00ad 00006702 		.ascii	"\000\000g\002\000\000spiSelect\000\000\002\000\000\000"
 629      00007370 
 629      6953656C 
 629      65637400 
 629      00020000 
 630 00c2 00000000 		.ascii	"\000\000\000\000\000\000i\002\000\000spiStart\000\000"
 630      00006902 
 630      00007370 
 630      69537461 
 630      72740000 
 631 00d6 02000000 		.ascii	"\002\000\000\000\000\000\000\000\000\000n\002\000\000"
 631      00000000 
 631      00006E02 
 631      0000
 632 00e4 73706941 		.ascii	"spiAcquireBus\000\000\002\000\000\000\000\000\000\000"
 632      63717569 
 632      72654275 
 632      73000002 
 632      00000000 
 633 00fb 00007002 		.ascii	"\000\000p\002\000\000"
 633      0000
 634              		.text
 635              		.section	.gnu.lto_.opts,"",%progbits
ARM GAS  C:\Users\PETERL~1\AppData\Local\Temp\ccCxjFnh.s 			page 51


 636 0000 272D666E 		.ascii	"'-fno-trapv' '-mcpu=cortex-m4' '-mno-thumb-interwor"
 636      6F2D7472 
 636      61707627 
 636      20272D6D 
 636      6370753D 
 637 0033 6B272027 		.ascii	"k' '-mthumb' '-ggdb' '-O2' '-fomit-frame-pointer' '"
 637      2D6D7468 
 637      756D6227 
 637      20272D67 
 637      67646227 
 638 0066 2D66616C 		.ascii	"-falign-functions=16' '-ffunction-sections' '-fdata"
 638      69676E2D 
 638      66756E63 
 638      74696F6E 
 638      733D3136 
 639 0099 2D736563 		.ascii	"-sections' '-fno-common' '-flto'\000"
 639      74696F6E 
 639      73272027 
 639      2D666E6F 
 639      2D636F6D 
 640              		.text
 641              		.comm	__gnu_lto_v1,1,1
 642              		.comm	__gnu_lto_slim,1,1
 643              		.ident	"GCC: (GNU Tools for ARM Embedded Processors) 4.9.3 20150529 (release) [ARM/embedded-4_9-br
ARM GAS  C:\Users\PETERL~1\AppData\Local\Temp\ccCxjFnh.s 			page 52


DEFINED SYMBOLS
                            *ABS*:00000000 init_functions.c
                            *COM*:00000001 __gnu_lto_v1
                            *COM*:00000001 __gnu_lto_slim

NO UNDEFINED SYMBOLS
