ARM GAS  C:\Users\PETERL~1\AppData\Local\Temp\ccOS2Lhd.s 			page 1


   1              		.syntax unified
   2              		.cpu cortex-m4
   3              		.fpu softvfp
   4              		.eabi_attribute 20, 1
   5              		.eabi_attribute 21, 1
   6              		.eabi_attribute 23, 3
   7              		.eabi_attribute 24, 1
   8              		.eabi_attribute 25, 1
   9              		.eabi_attribute 26, 1
  10              		.eabi_attribute 30, 2
  11              		.eabi_attribute 34, 1
  12              		.eabi_attribute 18, 4
  13              		.thumb
  14              		.file	"main.c"
  15              		.text
  16              	.Ltext0:
  17              		.section	.gnu.lto_.profile.8205a42f,"",%progbits
  18 0000 789C6366 		.ascii	"x\234cf```a\200\000F\2062a\000\001s\000\222"
  18      60606061 
  18      80004686 
  18      32610001 
  18      730092
  19              		.text
  20              		.section	.gnu.lto_.jmpfuncs.8205a42f,"",%progbits
  21 0000 789C6366 		.ascii	"x\234cf\300\016B\2404#\0103}db\\\271\351\326\014\246"
  21      C00E42A0 
  21      34230833 
  21      7D64625C 
  21      B9E9D60C 
  22 0015 174C3F99 		.ascii	"\027L?\231\030:\324\031\030\2273J\001\205\241\024P\366"
  22      183AD419 
  22      1897334A 
  22      0185A114 
  22      50F6
  23 0027 E5D1F39B 		.ascii	"\345\321\363\2339\301\262\023\374\030\030W\000\205A"
  23      39C1B213 
  23      FC181857 
  23      008541
  24 0036 D2586906 		.ascii	"\322Xi\006\006\000\235\203\022H"
  24      06009D83 
  24      1248
  25              		.text
  26              		.section	.gnu.lto_.inline.8205a42f,"",%progbits
  27 0000 789C6366 		.ascii	"x\234cf\300\016\202\2414#\003\203\350>aF\006&\226\206"
  27      C00E82A1 
  27      34230383 
  27      E83E6146 
  27      06269686 
  28 0014 AD120C2C 		.ascii	"\255\022\014,\014L A&nF\240\004\214\004)b\344\002\013"
  28      0C4C2041 
  28      266E46A0 
  28      048C0429 
  28      62E4020B 
  29 0028 13608209 		.ascii	"\023`\202\011\006\000\332\373\003%"
  29      0600DAFB 
  29      0325
  30              		.text
ARM GAS  C:\Users\PETERL~1\AppData\Local\Temp\ccOS2Lhd.s 			page 2


  31              		.section	.gnu.lto_.pureconst.8205a42f,"",%progbits
  32 0000 789C6366 		.ascii	"x\234cf```f\200\000F\006S\000\000\225\000="
  32      60606066 
  32      80004606 
  32      53000095 
  32      003D
  33              		.text
  34              		.section	.gnu.lto_main.8205a42f,"",%progbits
  35 0000 789C8D53 		.ascii	"x\234\215SMk\023Q\024\275\347\275\227ib\214\024\227"
  35      4D6B1351 
  35      14BDE7BD 
  35      9769628C 
  35      1497
  36 0012 59B9CB2A 		.ascii	"Y\271\313*\356\334\353\037\020\375\011\342\312\205\376"
  36      EEDCEB1F 
  36      10FD09E2 
  36      CA85FE
  37 0021 83E213B3 		.ascii	"\203\342\023\263\310\302J\020\027\005\251\033\2115V"
  37      C8C24A10 
  37      1705A91B 
  37      893556
  38 0030 A79A5A35 		.ascii	"\247\232Z5\321\350X(*TS\261\330\022J\013\222\212\331"
  38      D1E85828 
  38      2A5453B1 
  38      D8124A0B 
  38      928AD9
  39 0043 4D1B3743 		.ascii	"M\0337C\221x\357L-\203:\203\0033\357\343\234w\356;\334"
  39      9178EF4C 
  39      2D833A83 
  39      0333EFE3 
  39      9C77EE3B 
  40 0058 339AFE7E 		.ascii	"3\232\376~N\360\273\254\211r<\"CP\265\217DW\262\012"
  40      4EF0BBAC 
  40      89723C22 
  40      4350B58F 
  40      4457B20A 
  41 006c 3A9A6898 		.ascii	":\232h\230hb\242\235S\240\313J\033\360'\022\030\250"
  41      6862A29D 
  41      53A0CB4A 
  41      1BF02712 
  41      18A8
  42 007e 1D8596FB 		.ascii	"\035\205\226\373\343C\376\273\012\024\035#^\266o\274"
  42      E343FEBB 
  42      0A141D23 
  42      5EB66FBC 
  43 008e 9B726409 		.ascii	"\233rd\011#\313\275\272?pJuk\255\337ll\237\361L\240"
  43      23CBBDBA 
  43      3F704A75 
  43      6BADDF6C 
  43      6C9FF14C 
  44 00a3 140D1561 		.ascii	"\024\015\025a\006E\334CQJ7P\022\352N\345\347Z\336\251"
  44      0645DC43 
  44      514A3750 
  44      12EA4EE5 
  44      E75ADEA9 
  45 00b7 30755C18 		.ascii	"0u\\\030\014\334\207\003\036\347\216zv4\272ssy\301\214"
  45      0CDC8703 
ARM GAS  C:\Users\PETERL~1\AppData\Local\Temp\ccOS2Lhd.s 			page 3


  45      1EE78E7A 
  45      7634BA73 
  45      7379C18C 
  46 00cb 13F51902 		.ascii	"\023\365\031\002m\263\014\364\006\256z\255\202\360D"
  46      6DB30CF4 
  46      06AE7AAD 
  46      82F044
  47 00da E0F6E7EB 		.ascii	"\340\366\347\353\256\232\330\263U\233\015\224\036*>"
  47      AE9AD8B3 
  47      559B0D94 
  47      1E2A3E
  48 00e9 8B594C50 		.ascii	"\213YLP\240\014\011\263\215$\246H>8`V\274\325\17733"
  48      A00C09B3 
  48      8D24A648 
  48      3E386056 
  48      BCD57F33 
  49 00fe 43718E87 		.ascii	"Cq\216\207\314dh\260\324\235\317\211S\247v\232\340\242"
  49      CC6468B0 
  49      D49DCF89 
  49      53A7769A 
  49      E0A2
  50 0110 18A8B1B0 		.ascii	"\030\250\261\260\316\227\304:\206O\317\305\352\254\247"
  50      CE97C43A 
  50      864FCFC5 
  50      EAACA7
  51 011f D679C4CC 		.ascii	"\326y\304\314\270n/Q7\303\354\3071\335\215T\335\346"
  51      B86E2F51 
  51      37C3ECC7 
  51      31DD8D54 
  51      DDE6
  52 0131 1FBA9B89 		.ascii	"\037\272\233\211\272\016\263\347c\272~\252\356\223\230"
  52      BA0EB3E7 
  52      63BA7EAA 
  52      EE9398
  53 0140 2E718734 		.ascii	".q\2074qjt\017\213\276\337=+\007\371\\\347\333\314d"
  53      716A740F 
  53      8BBEDF3D 
  53      2B07F95C 
  53      E7DBCC64 
  54 0154 9896ACAD 		.ascii	"\230\226\254\255Um\030\221\255~\367S6\334\"Y\216\256"
  54      556D1891 
  54      AD7EF753 
  54      36DC2259 
  54      8EAE
  55 0166 7DDD3C32 		.ascii	"}\335<2\215[\010T\016\013\234\222\247\222\022\006\226"
  55      8D5B0854 
  55      0E0B9C92 
  55      A7921206 
  55      96
  56 0177 2687BE29 		.ascii	"&\207\276)\317\332\012#\207\360\014\323\330\225\224"
  56      CFDA0A23 
  56      87F00CD3 
  56      D89594
  57 0186 08F4BEDE 		.ascii	"\010\364\276\336r\013\373P\036\317Q\336\225\346\013"
  57      720BFB50 
  57      1ECF51DE 
  57      95E60B
ARM GAS  C:\Users\PETERL~1\AppData\Local\Temp\ccOS2Lhd.s 			page 4


  58 0195 B2E66EB5 		.ascii	"\262\346n\265s\373\310a\264\004\011\243\325F\231\321"
  58      73FBC861 
  58      B40409A3 
  58      D54699D1 
  59 01a5 DADDF5B7 		.ascii	"\332\335\365\267aX\013\366$\341\005\027\022\227+N\232"
  59      61580BF6 
  59      24E10517 
  59      12972B4E 
  59      9A
  60 01b6 CB9751F7 		.ascii	"\313\227Q\367\033\315\336\224\012\273_-\021:\221k\361"
  60      1BCDDE94 
  60      0ABB5F2D 
  60      113A916B 
  60      F1
  61 01c7 BA1285E7 		.ascii	"\272\022\205\347\377\235\274Jv\362:\321\211'\210\374"
  61      FF9DBC4A 
  61      76F23AD1 
  61      892788FC 
  62 01d7 867883F2 		.ascii	"\206x\203\362\301\315WSo\276(\375\351\374\356O\237{"
  62      C1CD5753 
  62      6FBE28FD 
  62      E9FCEE4F 
  62      9F7B
  63 01e9 CAFD413F 		.ascii	"\312\375A?,@4v\361\334\205K\307\317\323/\350yW\377"
  63      2C403476 
  63      F1DC854B 
  63      C7CFD32F 
  63      E87957FF 
  64              		.text
  65              		.section	.gnu.lto_.symbol_nodes.8205a42f,"",%progbits
  66 0000 789C4DC9 		.ascii	"x\234M\311\261\015\302@\014@\321o_\0221\000=32\201S"
  66      B10DC240 
  66      0C40D16F 
  66      5F123100 
  66      3D333281 
  67 0015 1C17A062 		.ascii	"\034\027\240b\002D\221)\250\323\302\014 ]\311\014\010"
  67      02449129 
  67      A8D3C20C 
  67      205DC90C 
  67      08
  68 0026 E45C6137 		.ascii	"\344\\a7\337\317N\300\2036\232\325\340\362\0043\256"
  68      DFCF4EC0 
  68      83369AD5 
  68      E0F20433 
  68      AE
  69 0037 B72D32A9 		.ascii	"\267-2\251\311z`\0347\310YM\243Oj)\372\250\326E\027"
  69      C97A601C 
  69      37C8594D 
  69      A34F6A29 
  69      FAA8D645 
  70 004c B53EFAA0 		.ascii	"\265>\372\2406\004'\006\346\327W\022=\213W\250\336\216"
  70      36042706 
  70      E6D75712 
  70      3D8B57A8 
  70      DE8E
  71 005e FC5E3D7B 		.ascii	"\374^={\023Ks\365*\271|v\376o\255\245\336\367~\230\376"
  71      134B73F5 
ARM GAS  C:\Users\PETERL~1\AppData\Local\Temp\ccOS2Lhd.s 			page 5


  71      2AB97C76 
  71      FE6FADA5 
  71      DEF77E98 
  72 0073 0B3F4AF9 		.ascii	"\013?J\371:\243"
  72      3AA3
  73              		.text
  74              		.section	.gnu.lto_.refs.8205a42f,"",%progbits
  75 0000 789C6366 		.ascii	"x\234cf```d\200\002\000\000=\000\005"
  75      60606064 
  75      80020000 
  75      3D0005
  76              		.text
  77              		.section	.gnu.lto_.decls.8205a42f,"",%progbits
  78 0000 789CAD56 		.ascii	"x\234\255V}PSW\026\177\367\335\027\002\217\010v\260"
  78      7D505357 
  78      167FF7DD 
  78      17028F08 
  78      76B0
  79 0012 75C7DD99 		.ascii	"u\307\335\231M\231\035\306\331\261FAw\332\376\263E\261"
  79      4D991DC6 
  79      D9B14641 
  79      77DAFEB3 
  79      45B1
  80 0024 AD5D5B98 		.ascii	"\255][\230`gg\307\314db\022KfB\302\222\307\316\372\337"
  80      606767C7 
  80      CC646212 
  80      4B6642C2 
  80      92C7CEFA 
  81 0039 43D045B1 		.ascii	"C\320E\261+\246\325\025:\332\310GAQ\212b\025\205B\252"
  81      2BA6D515 
  81      3ADAC847 
  81      41518A62 
  81      158542AA 
  82 004d 8201957E 		.ascii	"\202\001\225~\370Q\021\305\200\353GC\021T\334bE\262"
  82      F85111C5 
  82      80EB4743 
  82      1154DC62 
  82      45B2
  83 005f E7DEF7F2 		.ascii	"\347\336\367\362it\335\331}\303y\334\373\336\357\374"
  83      6974DDD9 
  83      7DC379DC 
  83      FBDEEFFC 
  84 006f CEEFDE73 		.ascii	"\316\357\336s\356y\301\014\303x\300\374p\015&2L\033"
  84      EE79C10C 
  84      C378C0FC 
  84      700D2632 
  84      4C1B
  85 0081 CB30F0C7 		.ascii	"\3130\360\307\344\200!\260\227\031\351R\2025\202\035"
  85      E48021B0 
  85      9719E952 
  85      8235821D 
  86 0091 03FB12AC 		.ascii	"\003\373\022\254\023\354+\260\023`]\314\223\027\301"
  86      13EC2BB0 
  86      13605DCC 
  86      9317C1
  87 00a0 26C9A602 		.ascii	"&\311\246\002{\007\254\033\254\015\354\224\314\333\012"
  87      7B07AC1B 
ARM GAS  C:\Users\PETERL~1\AppData\Local\Temp\ccOS2Lhd.s 			page 6


  87      AC0DEC94 
  87      CCDB0A
  88 00af C6421004 		.ascii	"\306B\020\004\346\2031\206\377\034\230\032\306\034\330"
  88      E6833186 
  88      FF1C981A 
  88      C61CD8
  89 00be 63B05B60 		.ascii	"c\260[`C`\327\3034t\311q\217\311\032:eM\321\327]\026"
  89      4360D7C3 
  89      3474C971 
  89      8FC91A3A 
  89      654DD1D7 
  90 00d4 1D6D9A38 		.ascii	"\035m\2328\233x\233EI\274\232L\2179=;\342`\252\3429"
  90      9B789B45 
  90      49BC9A4C 
  90      8F393D3B 
  90      E260AAE2 
  91 00e9 326D7B34 		.ascii	"2m{4|\236\233\275M\204\253\242D\234\311\241wxT\217\346"
  91      7C9E9BBD 
  91      4D84ABA2 
  91      449CC9A1 
  91      7778548F 
  92 00fe A0063407 		.ascii	"\240\0064\007T\355A\263\341\276\212\223\230jv\014\235"
  92      54ED41B3 
  92      E1BE8A93 
  92      986A760C 
  92      9D
  93 010f E7E7ED05 		.ascii	"\347\347\355\005h\231\350\236\031\212\320Y\274\263\027"
  93      6899E89E 
  93      198AD059 
  93      BCB317
  94 011e AB7789AE 		.ascii	"\253w\211\256\003\343\225\333/\250D\217\350\366\373"
  94      03E395DB 
  94      2FA8448F 
  94      E8F6FB
  95 012d 7F4FBD91 		.ascii	"\177O\275\221\016\243\275h\036\001\302\220:\240F\244"
  95      0EA3BD68 
  95      1E01C290 
  95      3AA046A4 
  96 013d 06A7BE5D 		.ascii	"\006\247\276]\256C\311\370\005D\011:&\273y\374K:\336"
  96      AE43C9F8 
  96      0544093A 
  96      26BB79FC 
  96      4B3ADE
  97 0150 5CE6EDE1 		.ascii	"\\\346\355\341\361o\350\270\370\263\266\315J\320\372"
  97      F16FE8B8 
  97      F8B3B6CD 
  97      4AD0FA
  98 015f 324FE35C 		.ascii	"2O\343\\\373\344am\002\235\222T%\303#\326sS\254IBi|"
  98      FBE4616D 
  98      029D9254 
  98      25C323D6 
  98      7353AC49 
  99 0176 2D881ABF 		.ascii	"-\210\032\277\346\354\376\225(r\350 \342Q\023\012\004"
  99      E6ECFE95 
  99      2872E820 
  99      E251130A 
  99      04
ARM GAS  C:\Users\PETERL~1\AppData\Local\Temp\ccOS2Lhd.s 			page 7


 100 0187 A6DEE42A 		.ascii	"\246\336\344*\023\305ud\221\011\236$&\270Ft\000\245"
 100      13C57564 
 100      91099E24 
 100      26B84674 
 100      00A5
 101 0199 018262D1 		.ascii	"\001\202b\321\347\360\260\031\036\002q\327TG\251\002"
 101      E7F0B019 
 101      1E0271D7 
 101      5447A902 
 102 01a9 F169B19D 		.ascii	"\361i\261\235\016\305p\242\022\232\326;_\"\022Z@\302"
 102      0EC570A2 
 102      129AD63B 
 102      5F22125A 
 102      40C2
 103 01bb FE900450 		.ascii	"\376\220\004P\024\330-v\264\311\371\005\012H\366\335"
 103      14D82D76 
 103      B4C9F905 
 103      0A48F6DD 
 104 01cb AA7A91E0 		.ascii	"\252z\221\340\017\003~_\010\337\202\236\251\371\213"
 104      0F037E5F 
 104      08DF829E 
 104      A9F98B
 105 01da 989AD181 		.ascii	"\230\232\321\201\017\0077*9(]J\267\212\346\267\377\322"
 105      0F07372A 
 105      39285D4A 
 105      B78AE6B7 
 105      FFD2
 106 01ec C6B9E1E9 		.ascii	"\306\271\341\351\315y),\275\2554\275G\220\234\337\261"
 106      CD79292C 
 106      BDAD34BD 
 106      47909CDF 
 106      B1
 107 01fd F1561F8B 		.ascii	"\361V\037\213\353Y\272\367\275\225\033\006\225\220T"
 107      EB59BAF7 
 107      BD951B06 
 107      959054
 108 020c 2F88EC69 		.ascii	"/\210\354i\314\334ZRQ+z\375\376_S/t\024\205\362\012"
 108      CCDC5A52 
 108      512B7AFD 
 108      FE5F532F 
 108      741485F2 
 109 0221 6329B1C7 		.ascii	"c)\261\307hb\237\250\250\210\220m\021\025\345+\277X"
 109      68629FA8 
 109      A888906D 
 109      1115E52B 
 109      BF58
 110 0233 9F8C6F4A 		.ascii	"\237\214oJ\021k\3677\366sR\304\221\221\015\270R\334"
 110      116BF737 
 110      F67352C4 
 110      91910DB8 
 110      52DC
 111 0245 BD4E9CF6 		.ascii	"\275N\234\366\373\021uB\355a\021\333\003\021\277\244"
 111      FB117542 
 111      ED6111DB 
 111      0311BFA4 
 112 0255 11CB6A3D 		.ascii	"\021\313j=\345\010\257\307\224\245d_\307F\226\262\270"
 112      E508AFC7 
ARM GAS  C:\Users\PETERL~1\AppData\Local\Temp\ccOS2Lhd.s 			page 8


 112      94A5645F 
 112      C74696B2 
 112      B8
 113 0266 AA0E8A4B 		.ascii	"\252\016\212KJ\305)\277\037S\206\2160\206\216\000C'"
 113      4AC529BF 
 113      1F53868E 
 113      30868E00 
 113      4327
 114 0278 6538FAB7 		.ascii	"e8\372\267\342\303\211\330)1\334\367m\3728^b\250\214"
 114      E2C389D8 
 114      2931DCF7 
 114      6DFA385E 
 114      62A88C
 115 028b 64708731 		.ascii	"dp\2071\270\003\014_Q\206\235%\2561\204?\225\030\356"
 115      B8030C5F 
 115      51869D25 
 115      AE31843F 
 115      9518EE
 116 029e 7EB7790A 		.ascii	"~\267y\012K+\351\337\337\270$l\357\010\313\3610\226"
 116      4B2BE9DF 
 116      DFB8246C 
 116      EF08CBF1 
 116      3096
 117 02b0 E3019613 		.ascii	"\343\001\226\023\224e\330]\177+\031\367K,\333\232\257"
 117      9465D85D 
 117      7F2B19F7 
 117      4B2CDB9A 
 117      AF
 118 02c1 9F91F6A3 		.ascii	"\237\221\366\243\271\347\363&\024\265\037'\303XN\006"
 118      B9E7F326 
 118      14B51F27 
 118      C3584E06 
 119 02d1 58BA28CB 		.ascii	"X\272(\313\340\016\367&N\265)T:\324!\224\203n\244\242"
 119      E00EF726 
 119      4EB52954 
 119      3AD42194 
 119      836EA4A2 
 120 02e5 68F80FE8 		.ascii	"h\370\017\350\2235;\272\370\010tk\004\372\224\214>E"
 120      93353BBA 
 120      F808746B 
 120      04FA948C 
 120      3E45
 121 02f7 D1273CBB 		.ascii	"\321'<\273\007\024\264\233xY\"\362\362\327\007\206\222"
 121      0714B49B 
 121      785922F2 
 121      F2D70786 
 121      92
 122 0308 683B9947 		.ascii	"h;\231G\246\333\367\3366\341\012\216\352\037=^\373W"
 122      A6DBF7DE 
 122      36E10A8E 
 122      EA1F3D5E 
 122      FB57
 123 031a 1E0AB8E4 		.ascii	"\036\012\270\344\371\316\017xL\017l(U\341\235\222\373"
 123      F9CE0F78 
 123      4C0F6C28 
 123      55E19D92 
 123      FB
ARM GAS  C:\Users\PETERL~1\AppData\Local\Temp\ccOS2Lhd.s 			page 9


 124 032b 872D5555 		.ascii	"\207-UU\361\270F\232LV\324\325qx\2574\251\335\266}\237"
 124      F1B8469A 
 124      4C56D4D5 
 124      7178AF34 
 124      A9DDB67D 
 125 0340 82C68CA7 		.ascii	"\202\306\214\247-l\367\236\261x|Pz\327\331S|\226\307"
 125      2D6CF79E 
 125      B1787C50 
 125      7AD7D953 
 125      7C96C7
 126 0353 ADD2E4F4 		.ascii	"\255\322\344\364\360\344}\025\005\316$\323\001\347\356"
 126      F0E47D15 
 126      05CE24D3 
 126      01E7EE
 127 0362 FA24DC2E 		.ascii	"\372$\334.\275\353\233\256\270\247\304\356H`\222\004"
 127      BDEB9BAE 
 127      B8A7C4EE 
 127      48609204 
 128 0372 ACFAFEC6 		.ascii	"\254\372\376\306\004\246~t\215\333z?\331\242\300\307"
 128      04A67E74 
 128      8DDB7A3F 
 128      D9A2C0C7 
 129 0382 2568C590 		.ascii	"%h\305\220\363\034\207Os\021\015J-5\250\177\214L\036"
 129      F31C874F 
 129      73110D4A 
 129      2D35A87F 
 129      8C4C1E
 130 0395 8AA753A8 		.ascii	"\212\247S\250\030r\326\253\257~3\224\020lO\207o r\326"
 130      1872D6AB 
 130      AF7E3394 
 130      106C4F87 
 130      6F2072D6 
 131 03a9 AFC0E1BC 		.ascii	"\257\300\341\274\024:\353\352\360\243\016\233\245h\200"
 131      143AEBEA 
 131      F0A30E9B 
 131      A56880
 132 03b8 9DBA009B 		.ascii	"\235\272\000\233r\221\354\324\000\354\224Z\336\251~"
 132      7291ECD4 
 132      00EC945A 
 132      DEA97E
 133 03c7 7878596A 		.ascii	"xxYjO-\303w\312\371\000qS\327\337i\323\031\004\342\357"
 133      4F2DC377 
 133      CAF90071 
 133      53D7DF69 
 133      D31904E2 
 134 03dc 43C457D0 		.ascii	"C\304W\3203\231\257\306dFG\306\266\014#|QZ_\371\307"
 134      3399AFC6 
 134      644647C6 
 134      B60C237C 
 134      515A5FF9 
 135 03f1 133D2CBE 		.ascii	"\023=,\276L'\334\246\316\366Y(5%5\315\005|\343\236\226"
 135      4C27DCA6 
 135      CEF65928 
 135      352535CD 
 135      057CE39E 
 136 0406 E6D9479B 		.ascii	"\346\331G\233E\367:L\343^\203\270\303(%D?\227\324\316"
 136      45F73A4C 
ARM GAS  C:\Users\PETERL~1\AppData\Local\Temp\ccOS2Lhd.s 			page 10


 136      E35E83B8 
 136      C3282544 
 136      3F97D4CE 
 137 041a 6FE1C66C 		.ascii	"o\341\306l\245\255\300%\276Q\310\204\225\025\001Cl\364"
 137      A5ADC025 
 137      BE51C884 
 137      95150143 
 137      6CF4
 138 042c 4F903184 		.ascii	"O\2201\204R\321u\224J\305\022r\327\350\372\270\206\005"
 138      52D17594 
 138      4AC51272 
 138      D7E8FAB8 
 138      8605
 139 043e 94D71B93 		.ascii	"\224\327\033\223\367\002\241\240\035\327;R\207\342\011"
 139      F702A1A0 
 139      1DD73B52 
 139      87E209
 140 044d 82099C86 		.ascii	"\202\011\234\206\340g\251\327\327=\032\207\253\025T"
 140      E067A9D7 
 140      D73D1A87 
 140      AB1554
 141 045c FCE60747 		.ascii	"\374\346\007G\006T(5u\026U\357\365\325\365\301wj\001"
 141      06542835 
 141      751655EF 
 141      F5D5F5C1 
 141      776A01
 142 046f EDD3E721 		.ascii	"\355\323\347!\304m4+T\235!\351.\022\341\316\015\005"
 142      C46D342B 
 142      549D21E9 
 142      2E12E1CE 
 142      0D05
 143 0481 59255171 		.ascii	"Y%Qq\343\351P\247\334\360\336\020\302WI\300d\225?\300"
 143      E3E950A7 
 143      DCF0DE10 
 143      C25749C0 
 143      64953FC0 
 144 0495 2A6FC22A 		.ascii	"*o\302*o\311\253\244\322\177X\257\024\021\201<\251\275"
 144      6FC9ABA4 
 144      D27F58AF 
 144      1411813C 
 144      A9BD
 145 04a7 7ACB5879 		.ascii	"z\313Xy\362,\340,~*'\023A\010>\037]\252\236\346q-]/"
 145      F22CE02C 
 145      7E2A2713 
 145      41083E1F 
 145      5DAA9EE6 
 146 04bf AAFCE94C 		.ascii	"\252\374\351Lw2-\341_\320O\303\311\216\222D\274Gz'N"
 146      77322DE1 
 146      5FD04FC3 
 146      C98E9244 
 146      BC477A27 
 147 04d4 7B1ECFC0 		.ascii	"{\036\317\300M\322$\360\363@%\375<\330y\365\334\217"
 147      4DD224F0 
 147      F34025FD 
 147      3CD879F5 
 147      DC8F
 148 04e6 33708BF4 		.ascii	"3p\213\364\256\245\243\354#8L\322\244a\270\3179\203"
ARM GAS  C:\Users\PETERL~1\AppData\Local\Temp\ccOS2Lhd.s 			page 11


 148      AEA5A3EC 
 148      23384CD2 
 148      A461B8CF 
 148      3983
 149 04f8 02E7C274 		.ascii	"\002\347\302tFu\365\003_\034JI\015]iR\242E*\327\003"
 149      4675F503 
 149      5F1C4A49 
 149      0D5D6952 
 149      A2452AD7 
 150 050d 727BA8DC 		.ascii	"r{\250\334\373r\242\375\260\005\223\240x\032\354!\330"
 150      FB72A2FD 
 150      B00593A0 
 150      781AEC21 
 150      D8
 151 051e 04D803B0 		.ascii	"\004\330\003\260\237\300\036\203\375\013\354g\260G`"
 151      9FC01E83 
 151      FD0BEC67 
 151      B04760
 152 052d 53C16228 		.ascii	"S\301b(-\361\016\312\271:\015\271\372\006\022@\010\203"
 152      2DF10ECA 
 152      B93A0DB9 
 152      FA061240 
 152      0883
 153 053f 09F89AC6 		.ascii	"\011\370\232\306\250Gsd\264\353Z]\234\214\3756\032\373"
 153      A8477364 
 153      B4EB5A5D 
 153      9C8CFD36 
 153      1AFB
 154 0551 1D0A4B2C 		.ascii	"\035\012K,@'\203\320\321h\350\217\321\264\267\203\330"
 154      402783D0 
 154      D168E88F 
 154      D1B4B783 
 154      D8
 155 0562 73B169C3 		.ascii	"s\261i\303\260\003A\354\231h\354\334H\005W\203\310\276"
 155      B00341EC 
 155      9968ECDC 
 155      48055783 
 155      C8BE
 156 0574 D80B0B41 		.ascii	"\330\013\013A\037\006\241w\242\241cQ\320\237\203\320"
 156      1F06A177 
 156      A2A16351 
 156      D09F83D0 
 157 0584 F1D8D030 		.ascii	"\361\330\3200\255\217\202\330\273\321\330{\021\264\305"
 157      AD8F82D8 
 157      BBD1D87B 
 157      11B4C5
 158 0593 DEB13AB3 		.ascii	"\336\261:\263\273\024#\037\224\337H\354\375\012J\360"
 158      BB14231F 
 158      94DF48EC 
 158      FD0A4AF0 
 159 05a3 5E09CBD9 		.ascii	"^\011\313\331\331\230\233P\037:\302\375uqp\016\356\307"
 159      D9989B50 
 159      1F3AC2FD 
 159      7571700E 
 159      EEC7
 160 05b5 38C3ECAE 		.ascii	"8\303\354\256\317&F\022QZ\012\305M\231\343Q1\233\202"
 160      CF264612 
ARM GAS  C:\Users\PETERL~1\AppData\Local\Temp\ccOS2Lhd.s 			page 12


 160      515A0AC5 
 160      4D99E351 
 160      319B82
 161 05c8 7A433D8E 		.ascii	"zC=\2168\321+V\355!\221M\373\237\312\217|\205\332?\275"
 161      38D12B56 
 161      ED21914D 
 161      FB9FCA8F 
 161      7C85DA3F 
 162 05dd 9710F175 		.ascii	"\227\020\361u$\012B\207q\035\253\012h\201!\371\224T"
 162      240A4287 
 162      711DAB0A 
 162      688121F9 
 162      9454
 163 05ef 75791529 		.ascii	"uy\025)[\351\311}J\317c\"\032\036*aS\300\357\340\203"
 163      5BE9C97D 
 163      4ACF6322 
 163      1A1E2A61 
 163      53C0EFE0 
 164 0604 9A065EFA 		.ascii	"\232\006^\372\\>W\253F\245,\317\304\275\365\336\373"
 164      5C3E57AB 
 164      46A52CCF 
 164      C4BDF5DE 
 164      FB
 165 0615 EAA58C32 		.ascii	"\352\245\2142\337`\261\31572\011\216\265\016\301\222"
 165      DF60B1CD 
 165      3732098E 
 165      B50EC192 
 166 0625 6FD60BF1 		.ascii	"o\326\013\361E\026\233\220\221\256\027x\275>0\\c|]g"
 166      45169B90 
 166      91AE1778 
 166      BD3E305C 
 166      637C5D67 
 167 0639 CCB3ACB6 		.ascii	"\314\263\254\2668\204\"\223\305\256\023\354v\253C\367"
 167      38842293 
 167      C5AE13EC 
 167      76AB43F7 
 168 0649 81AD484D 		.ascii	"\201\255HMGjCa\276\332\234\277\332l2\231M\272E\363_"
 168      476A4361 
 168      BEDA9CBF 
 168      DA6C3299 
 168      4DBA45F3 
 169 065e 53A72F58 		.ascii	"S\247/X\270\370\317\031:x\376\212\315n3\277b6\254\266"
 169      B8F8CF19 
 169      3A78FE8A 
 169      CD6E33BF 
 169      6236ACB6 
 170 0672 E82C36A3 		.ascii	"\350,6\243\265\310d\326\345\033\200\313f\326\351M\346"
 170      B5C864D6 
 170      E51B80CB 
 170      66D6E94D 
 170      E6
 171 0683 358622AB 		.ascii	"5\206\"\253\240\027\326\026\230\035\363\363\230U\377"
 171      A017D616 
 171      981DF3F3 
 171      9855FF
 172 0692 D730B022 		.ascii	"\3270\260\"\235\336!\230`\015\300\275h\351\353\272\245"
 172      9DDE2198 
ARM GAS  C:\Users\PETERL~1\AppData\Local\Temp\ccOS2Lhd.s 			page 13


 172      600DC0BD 
 172      68E9EBBA 
 172      A5
 173 06a3 843B57E2 		.ascii	"\204;W\342\246q\354\216\214\005\032\273CS(hd/\2151\217"
 173      A671EC8E 
 173      8C051ABB 
 173      43532868 
 173      642F8D31 
 174 06b8 EC842C88 		.ascii	"\354\204,\2107\346\255\3143\345Z\315\346\202\214\347"
 174      37E6ADCC 
 174      33E55ACD 
 174      E6828CE7 
 175 06c8 F617F20A 		.ascii	"\366\027\362\012\315\006\023qWefe\276\232\376j\272\336"
 175      CD061371 
 175      57656665 
 175      BE9AFE6A 
 175      BADE
 176 06da 62B3082F 		.ascii	"b\263\010/\220\233~M\221\315(X\3546\371\365\233\213"
 176      909B7E4D 
 176      91CD2858 
 176      EC36F9F5 
 176      9B8B
 177 06ec 32162FA6 		.ascii	"2\026/\246\257\351d\341\342\327\350$\301\230\227\273"
 177      AFE964E1 
 177      E2D7E824 
 177      C19897BB 
 178 06fc D6B11C46 		.ascii	"\326\261\034F\232\377F6p*\363\014V\3427\377Y~\200\011"
 178      9AFF4636 
 178      702AF30C 
 178      56E237FF 
 178      597E8009 
 179 0710 3AC29848 		.ascii	":\302\230Hq\010\371\220\350\017\012,v\275\240x7;k\231"
 179      7108F990 
 179      E80F0A2C 
 179      76BDA078 
 179      373B6B99 
 180 0724 362E7BE5 		.ascii	"6.{\345\237r\226i\225\331\2719\313\226ei\0259\357\347"
 180      9F729669 
 180      95D9B939 
 180      CB966569 
 180      1539EFE7 
 181 0738 6469F172 		.ascii	"di\361r\260\354,-\372#-\223\205\277\013\226\011\031"
 181      B0EC2C2D 
 181      FA232D93 
 181      85BF0B96 
 181      0919
 182 074a 62875950 		.ascii	"b\207YP\030\255fCa\346\177\012_`/\024\034\232\334\225"
 182      18AD6643 
 182      61E67F0A 
 182      5F602F14 
 182      1C9ADC95 
 183 075e EF66A46B 		.ascii	"\357f\244kV\254\310\322\274\225\263<\373/\351\232\002"
 183      56ACC8D2 
 183      BC95B33C 
 183      FB2FE99A 
 183      02
 184 076f 83556FB5 		.ascii	"\203Uo\265\232@\021z\233[\222\253\325r+\226\376A\313"
ARM GAS  C:\Users\PETERL~1\AppData\Local\Temp\ccOS2Lhd.s 			page 14


 184      9A40117A 
 184      9B5B92AB 
 184      D5722B96 
 184      FE41CB
 185 0782 65BEA95D 		.ascii	"e\276\251]Ano\343%Z\355\277\001S\237|<"
 185      416E6FE3 
 185      255AEDBF 
 185      01539F7C 
 185      3C
 186              		.text
 187              		.section	.gnu.lto_.symtab.8205a42f,"",%progbits
 188 0000 6D61696E 		.ascii	"main\000\000\000\000\000\000\000\000\000\000\000\000"
 188      00000000 
 188      00000000 
 188      00000000 
 189 0010 AB000000 		.ascii	"\253\000\000\000chThdSleep\000\000\002\000\000\000\000"
 189      63685468 
 189      64536C65 
 189      65700000 
 189      02000000 
 190 0025 00000000 		.ascii	"\000\000\000\000\000\272\000\000\000ADA8282_init\000"
 190      00BA0000 
 190      00414441 
 190      38323832 
 190      5F696E69 
 191 003b 00020000 		.ascii	"\000\002\000\000\000\000\000\000\000\000\000\275\000"
 191      00000000 
 191      000000BD 
 191      00
 192 0048 00004144 		.ascii	"\000\000ADF4355_init\000\000\002\000\000\000\000\000"
 192      46343335 
 192      355F696E 
 192      69740000 
 192      02000000 
 193 005e 00000000 		.ascii	"\000\000\000\000\277\000\000\000ADF4159_init\000\000"
 193      BF000000 
 193      41444634 
 193      3135395F 
 193      696E6974 
 194 0074 02000000 		.ascii	"\002\000\000\000\000\000\000\000\000\000\301\000\000"
 194      00000000 
 194      0000C100 
 194      00
 195 0081 00636853 		.ascii	"\000chSysInit\000\000\002\000\000\000\000\000\000\000"
 195      7973496E 
 195      69740000 
 195      02000000 
 195      00000000 
 196 0095 0000C300 		.ascii	"\000\000\303\000\000\000halInit\000\000\002\000\000"
 196      00006861 
 196      6C496E69 
 196      74000002 
 196      0000
 197 00a7 00000000 		.ascii	"\000\000\000\000\000\000\000\305\000\000\000"
 197      000000C5 
 197      000000
 198              		.text
ARM GAS  C:\Users\PETERL~1\AppData\Local\Temp\ccOS2Lhd.s 			page 15


 199              		.section	.gnu.lto_.opts,"",%progbits
 200 0000 272D666E 		.ascii	"'-fno-trapv' '-mcpu=cortex-m4' '-mno-thumb-interwor"
 200      6F2D7472 
 200      61707627 
 200      20272D6D 
 200      6370753D 
 201 0033 6B272027 		.ascii	"k' '-mthumb' '-ggdb' '-O2' '-fomit-frame-pointer' '"
 201      2D6D7468 
 201      756D6227 
 201      20272D67 
 201      67646227 
 202 0066 2D66616C 		.ascii	"-falign-functions=16' '-ffunction-sections' '-fdata"
 202      69676E2D 
 202      66756E63 
 202      74696F6E 
 202      733D3136 
 203 0099 2D736563 		.ascii	"-sections' '-fno-common' '-flto'\000"
 203      74696F6E 
 203      73272027 
 203      2D666E6F 
 203      2D636F6D 
 204              		.text
 205              		.comm	__gnu_lto_v1,1,1
 206              		.comm	__gnu_lto_slim,1,1
 207              		.ident	"GCC: (GNU Tools for ARM Embedded Processors) 4.9.3 20150529 (release) [ARM/embedded-4_9-br
ARM GAS  C:\Users\PETERL~1\AppData\Local\Temp\ccOS2Lhd.s 			page 16


DEFINED SYMBOLS
                            *ABS*:00000000 main.c
                            *COM*:00000001 __gnu_lto_v1
                            *COM*:00000001 __gnu_lto_slim

NO UNDEFINED SYMBOLS
