ARM GAS  C:\Users\PETERL~1\AppData\Local\Temp\ccMSAsNo.s 			page 1


   1              		.syntax unified
   2              		.cpu cortex-m4
   3              		.fpu softvfp
   4              		.eabi_attribute 20, 1
   5              		.eabi_attribute 21, 1
   6              		.eabi_attribute 23, 3
   7              		.eabi_attribute 24, 1
   8              		.eabi_attribute 25, 1
   9              		.eabi_attribute 26, 1
  10              		.eabi_attribute 30, 2
  11              		.eabi_attribute 34, 1
  12              		.eabi_attribute 18, 4
  13              		.thumb
  14              		.file	"nvic.c"
  15              		.text
  16              	.Ltext0:
  17              		.section	.gnu.lto_.profile.768ebd83,"",%progbits
  18 0000 789C6366 		.ascii	"x\234cf```a\200\000F\006u)\000\000\334\000J"
  18      60606061 
  18      80004606 
  18      75290000 
  18      DC004A
  19              		.text
  20              		.section	.gnu.lto_.jmpfuncs.768ebd83,"",%progbits
  21 0000 789C6366 		.ascii	"x\234cf\300\016\314\2414\013\003\023##s}=#\020\3243"
  21      C00ECCA1 
  21      340B0313 
  21      2323737D 
  21      3D2310D4 
  22 0015 41D94C1F 		.ascii	"A\331L\037\231\030\247\365_\331\301\\\373\273aF\003"
  22      9918A7F5 
  22      5FD9C15C 
  22      FBBB6146 
  22      03
  23 0026 C74F2686 		.ascii	"\307O&\206\277L@\265\214\313\031k\031X@\012\031\000"
  23      BF4C40B5 
  23      8CCB196B 
  23      1958400A 
  23      1900
  24 0038 5F210D37 		.ascii	"_!\0157"
  25              		.text
  26              		.section	.gnu.lto_.inline.768ebd83,"",%progbits
  27 0000 789C6D4E 		.ascii	"x\234mN\273\015\203@\014}\317X\307qDJ\35240A\266\202"
  27      BB0D8340 
  27      0C7DCF58 
  27      C771444A 
  27      EA343041 
  28 0016 4D52640B 		.ascii	"MRd\013:\212,\2231R\222*J\307;\016Q\305\222e[\357\347"
  28      3A8A2C93 
  28      3152922A 
  28      4AC73B0E 
  28      51C59265 
  29 002d 0AFFEBB9 		.ascii	"\012\377\353\271O\007RC#\265\253=,7\204\2513\330\353"
  29      4F075243 
  29      23B5AB3D 
  29      2C3784A9 
  29      33D8EB
ARM GAS  C:\Users\PETERL~1\AppData\Local\Temp\ccMSAsNo.s 			page 2


  30 0040 ECD01505 		.ascii	"\354\320\025\005DA\261\026G\214\312\247\2560\004\372"
  30      4441B116 
  30      478CCAA7 
  30      AE3004FA 
  31 0050 E6606812 		.ascii	"\346`h\022\035\343\307\370\275/\217\364\266\237\361"
  31      1DE3C7F8 
  31      BD2F8FF4 
  31      B69FF1
  32 005f 04CEBC02 		.ascii	"\004\316\274\002C\031R\346\014\227mQ\313\346\222C\372"
  32      431952E6 
  32      0C976D51 
  32      CBE69243 
  32      FA
  33 0070 FC85B5B2 		.ascii	"\374\205\265\262\241\272\016{\312\301;R\260\002\315"
  33      A1BA0E7B 
  33      CAC13B52 
  33      B002CD
  34 007f D11670   		.ascii	"\321\026p"
  35              		.text
  36              		.section	.gnu.lto_.pureconst.768ebd83,"",%progbits
  37 0000 789C6366 		.ascii	"x\234cf``\340d\200\000\026\006)F)&)\026)\000\002\307"
  37      6060E064 
  37      80001606 
  37      29462926 
  37      29162900 
  38 0016 0080     		.ascii	"\000\200"
  39              		.text
  40              		.section	.gnu.lto_nvicEnableVector.768ebd83,"",%progbits
  41 0000 789C9552 		.ascii	"x\234\225RMHTQ\030\275\347\2767\363\306\031\265h\023"
  41      4D485451 
  41      18BDE7BE 
  41      37F3C619 
  41      B56813
  42 0013 4C446DC4 		.ascii	"LDm\304\225\275\240]A\031F;Aj\353\246\246\205\003\351"
  42      95BDA05D 
  42      4119463B 
  42      416AEBA6 
  42      A68503E9 
  43 0027 13B568E7 		.ascii	"\023\265h\347\235\037tQ\240\270Q\222\331\244\321\317"
  43      9D1F7451 
  43      A0B85192 
  43      D9A4D1CF 
  44 0037 E4D85856 		.ascii	"\344\330XV\232\302C\260\\\2246d$\"\2124\201\375,\322"
  44      9AC243B0 
  44      5C943664 
  44      24228A34 
  44      81FD2CD2 
  45 004b 8471A0B2 		.ascii	"\204q\240\262\357\2733\321B\02750\367\336\357\347|\347"
  45      EFBB33D1 
  45      42173530 
  45      F7DEEFE7 
  45      7CE7
  46 005d 9C7B9F21 		.ascii	"\234{\237!v\376\202\364?e\010q\206v\030\002\262{V\210"
  46      76FE82F4 
  46      3F650871 
  46      86761802 
  46      B27B5688 
ARM GAS  C:\Users\PETERL~1\AppData\Local\Temp\ccMSAsNo.s 			page 3


  47 0071 884F027C 		.ascii	"\210O\002|\020\020\355\022\355\370$\327%\272\335d_\240"
  47      1010ED12 
  47      EDF824D7 
  47      25BADD64 
  47      5FA0
  48 0083 F2B652EA 		.ascii	"\362\266R\352[\317\\\244\316E^\012\361]\026\346\340"
  48      5BCF5CA4 
  48      CE455E0A 
  48      F15D16E6 
  48      E0
  49 0094 0E2AA967 		.ascii	"\016*\251g~\341C\207i\234\204\240\363Xj\363u`M\346%"
  49      7EE14387 
  49      699C84A0 
  49      F3586AF3 
  49      75604DE6 
  50 00a9 0E7338DE 		.ascii	"\016s8\3363\323\347\345P\232\034\216N\246^\354\251\030"
  50      33D3E7E5 
  50      509A1C8E 
  50      4EA65EEC 
  50      A918
  51 00bb 502AEACE 		.ascii	"P*\352\316\214\250j3/\015\334\205A\363p\017A\334GPP"
  51      8CA86A33 
  51      2F0DDC85 
  51      41F3700F 
  51      41DC4750 
  52 00d0 4A20890A 		.ascii	"J \211\012\352~sss\3364\252\365\334L\352\325|\021\271"
  52      EA7E7373 
  52      73DE34AA 
  52      F5DC4CEA 
  52      D57C11B9 
  53 00e4 F407F960 		.ascii	"\364\007\371`\027\344\020*\270}=\376\363}\300\033'\331"
  53      17E4102A 
  53      B87D3DFE 
  53      F37DC01B 
  53      27D9
  54 00f6 7B0B6A91 		.ascii	"{\013j\221\202\027\264\017\357s\325\366\366\300\350"
  54      8217B40F 
  54      EF73D5F6 
  54      F6C0E8
  55 0105 44DA2C03 		.ascii	"D\332,\003\270]\022\3204x\361\200\211-:z|\264xKx\361"
  55      B85D12D0 
  55      3478F180 
  55      892D3A7A 
  55      7CB4784B 
  56 011b D3620991 		.ascii	"\323b\011\221\245!|9\037\245\344\335XDt\241\363W\316"
  56      A5217C39 
  56      1FA5E4DD 
  56      584474A1 
  56      F357CE
  57 012e E0B93929 		.ascii	"\340\2719)s\022b\021\261%o!6(E*\0063+\031\203\335\373"
  57      73126211 
  57      B1256F21 
  57      3628452A 
  57      06332B19 
  58 0145 4C816192 		.ascii	"L\201a\222\270\210\251\036p\013\0257\276\250\204\311"
  58      B888A91E 
  58      700B1537 
ARM GAS  C:\Users\PETERL~1\AppData\Local\Temp\ccMSAsNo.s 			page 4


  58      BEA884C9 
  59 0155 C5123515 		.ascii	"\305\0225\025S\345\254z%;\227\361\351\224\340\360\326"
  59      53E5AC7A 
  59      253B97F1 
  59      E994E0F0 
  59      D6
  60 0166 BBADCFE5 		.ascii	"\273\255\317\345\011\364G\224r\255\274\364\343!9M\323"
  60      09F44794 
  60      72ADBCF4 
  60      E321394D 
  60      D3
  61 0177 182EE607 		.ascii	"\030.\346\007o\004\252\222*N\017\022\300\010\022\330"
  61      6F04AA92 
  61      2A4E0F12 
  61      C00812D8 
  62 0187 D08F4295 		.ascii	"\320\217B\225\353\275\231-\237=\244\342\021\367\000"
  62      EBBD992D 
  62      9F3DA4E2 
  62      11F700
  63 0196 51E311AA 		.ascii	"Q\343\021\252r\322\243\337\3531l\022\307J\227;f\373"
  63      72D2A3DF 
  63      EB316C12 
  63      C74A973B 
  63      66FB
  64 01a8 EA0A622D 		.ascii	"\352\012b-\252\022\354\353\333\376\361R&\367z\004F\265"
  64      AA12ECEB 
  64      DBFEF152 
  64      26F77A04 
  64      46B5
  65 01ba D8E872E7 		.ascii	"\330\350r\347\017Yh\362\361\010\302m\025\035\226P\212"
  65      0F5968F2 
  65      F108C26D 
  65      151D9650 
  65      8A
  66 01cb 40135D5D 		.ascii	"@\023]]\323\226\006\035\022x\242A\261\245\216l\361Z"
  66      D396061D 
  66      1278A241 
  66      B1A58E6C 
  66      F15A
  67 01dd FCD4F132 		.ascii	"\374\324\3612\2616\242mZ\020x\212 A\3655\254\356/\336"
  67      B136A26D 
  67      5A10788A 
  67      2041F535 
  67      ACEE2FDE 
  68 01f1 C3BFBA2C 		.ascii	"\303\277\272,\3053\355\022;\\\036\314\3132\214\261K"
  68      C533ED12 
  68      3B5C1ECC 
  68      CB328CB1 
  68      4B
  69 0202 4BBB1C67 		.ascii	"K\273\034g\227~\315\222\236^\367\3747\317s\315#w\347"
  69      977ECD92 
  69      9E5EF7FC 
  69      37CF73CD 
  69      2377E7
  70 0215 99F8CB33 		.ascii	"\231\370\3133Y\340YF\304\355=\313,\234\315\222@\372"
  70      59E05946 
  70      C4ED3DCB 
ARM GAS  C:\Users\PETERL~1\AppData\Local\Temp\ccMSAsNo.s 			page 5


  70      2C9CCD92 
  70      40FA
  71 0227 40087DA2 		.ascii	"@\010}\242\346x}MC\370b\370|\333\225Ka\247>\304g\247"
  71      E6787D4D 
  71      43F862F8 
  71      7CDB954B 
  71      61A73EC4 
  72 023d F5D851DB 		.ascii	"\365\330Q\333i\265\033.\\\266\233\235\226\266V;\344"
  72      69B51B2E 
  72      5CB69B9D 
  72      96B6563B 
  72      E4
  73 024e 34363A4D 		.ascii	"46:M\366\351s\2655\265\327\354\246\253\341\320\221\220"
  73      F6E973B5 
  73      35B5D7EC 
  73      A6ABE1D0 
  73      9190
  74 0260 4093D9DC 		.ascii	"@\223\331\334\022v~\003\344+5f"
  74      12767E03 
  74      E42B3566 
  75              		.text
  76              		.section	.gnu.lto_nvicDisableVector.768ebd83,"",%progbits
  77 0000 789C8D91 		.ascii	"x\234\215\221Kh\023Q\024\206\357\177f\362\250\011U\334"
  77      4B681351 
  77      1486EF7F 
  77      66F2A809 
  77      55DC
  78 0012 5822A29B 		.ascii	"X\"\242\233\322U\035\301\235\202\017\002\356\012\242"
  78      D2551DC1 
  78      9D820F02 
  78      EE0AA2
  79 0021 DB6E342E 		.ascii	"\333n4.:`3b\252\270\353M\023\343B\241\245\033+%\233"
  79      3A603362 
  79      AAB8EB4D 
  79      13E342A1 
  79      A51B2B25 
  80 0036 D677DAB4 		.ascii	"\326w\332\264\246\306GQ\030\012\276\026*\305\026\245"
  80      A6C64751 
  80      180ABE16 
  80      2AC516A5 
  81 0046 48441AA5 		.ascii	"HD\032\245>\026M\025\232\001\245\2363q!t\343\300\334"
  81      3E164D15 
  81      9A01A59E 
  81      33712174 
  81      E3C0DC
  82 0059 7BCF99EF 		.ascii	"{\317\231\357?\3779s\015\265\376\211\361k\223R\373y"
  82      3FFF3973 
  82      0DB5FE89 
  82      F16B9352 
  82      FB79
  83 006b 87A14003 		.ascii	"\207\241@\003\257\224J\207\011\220\203\202\352%\364"
  83      AF944A87 
  83      09908382 
  83      EA25F4
  84 007a E20BD508 		.ascii	"\342\013\325\010\003na(\322vMk\275<2\325r\276\305c\331"
  84      036E6128 
  84      D2764D6B 
ARM GAS  C:\Users\PETERL~1\AppData\Local\Temp\ccMSAsNo.s 			page 6


  84      BD3C32D5 
  84      72BEC563 
  85 008f 0F6A94C1 		.ascii	"\017j\224\301\015\26412\367n1g\032\373\240\370\374\260"
  85      0DB43132 
  85      F76E3167 
  85      1AFBA0F8 
  85      FCB0
  86 00a1 F8F36564 		.ascii	"\370\363ed\211<\302\016\011\247\007\237\017\005%$S\302"
  86      893CC20E 
  86      09A7079F 
  86      0F052524 
  86      53C2
  87 00b3 F2E3E2D3 		.ascii	"\362\343\342\323\215\255\243Z\367\271/J\372\200\351"
  87      8DADA35A 
  87      F7B92F4A 
  87      FA80E9
  88 00c2 91819B30 		.ascii	"\221\201\2330\270\036n!\206\333\210)N)\024\320*x-\373"
  88      B81E6E21 
  88      86DB8829 
  88      4E2914D0 
  88      2A782DFB 
  89 00d6 FB6D2498 		.ascii	"\373m$\230e\357M\015O\214!\010\336'6\273zmm\364\372"
  89      65EF4D0D 
  89      4F8C2108 
  89      DE2736BB 
  89      7A6D6DF4 
  90 00eb 58D96C02 		.ascii	"X\331l\002\004'\026\232\006/\001S\226\000/A\245\252"
  90      0427169A 
  90      062F0153 
  90      96002F41 
  90      A5AA
  91 00fd 2C92893E 		.ascii	",\222\211>\021\311n, S\311}\276rX\352\254\022\255\262"
  91      11C96E2C 
  91      2053C97D 
  91      BE7258EA 
  91      AC12ADB2 
  92 0111 05E1FB9B 		.ascii	"\005\341\373\233\341\351\250\364\310*\214s\013\013\350"
  92      E1E9A8F4 
  92      C82A8C73 
  92      0B0BE8
  93 0120 AB5CF845 		.ascii	"\253\\\370E\015\310`\2103\231z\260\021\233\234b\321"
  93      0DC86088 
  93      33997AB0 
  93      119B9C62 
  93      D1
  94 0131 A3FEFE27 		.ascii	"\243\376\376'!_\264]\241\350\2132\357sU\243\001\005"
  94      215FB45D 
  94      A1E88B32 
  94      EF7355A3 
  94      0105
  95 0143 9878965F 		.ascii	"\230x\226_*\231Bp\307\230@\214\245\014\315\014~\334"
  95      2A994270 
  95      C798408C 
  95      A50CCD0C 
  95      7EDC
  96 0155 220C032B 		.ascii	"\"\014\003+\337t\336\007Bz&\243\233e\340\017\325\327"
  96      DF74DE07 
ARM GAS  C:\Users\PETERL~1\AppData\Local\Temp\ccMSAsNo.s 			page 7


  96      427A26A3 
  96      9B65E00F 
  96      D5D7
  97 0167 B3613FA5 		.ascii	"\263a?\245$\034\231\257\177m\316c8\255\265\033\362("
  97      241C99AF 
  97      7F6DCE63 
  97      38ADB51B 
  97      F228
  98 0179 8C49FE49 		.ascii	"\214I\376Iw\330L>zW/E\332\013:\013\217\232PB\036+\376"
  98      77D84C3E 
  98      7A572F45 
  98      DA0B3A0B 
  98      8F9A5042 
  99 0190 ADF0978B 		.ascii	"\255\360\227\213\227g\353ak\\g\323\3566\2176`\012\355"
  99      9767EB61 
  99      6B5C67D3 
  99      EE368F36 
  99      600AED
 100 01a3 3CAC7F61 		.ascii	"<\254\177awaqw\322\307\362\344\\\315\370\333\311\377"
 100      77617177 
 100      D2C7F2E4 
 100      5CCDF8DB 
 100      C9FF
 101 01b5 FA4450F6 		.ascii	"\372DP\366}\260\316g\253GQ\334\023\037\370>\367a\375"
 101      7DB0CE67 
 101      AB4751DC 
 101      131FF83E 
 101      F761FD
 102 01c8 3B4E9453 		.ascii	";N\224S\017\270^\005iw\376\220\270\012Ue\230o\205;\333"
 102      0FB85E05 
 102      6977FE90 
 102      B80A5565 
 102      986F853B 
 103 01dd 1BDFD319 		.ascii	"\033\337\323\031\357\262\217\333G{\316\234\260\235\316"
 103      EFB28FDB 
 103      477BCE9C 
 103      B09DCE
 104 01ec 849C9DD4 		.ascii	"\204\234\235\324\356]\226\223\262\272\216\235\264N9"
 104      EE5D9693 
 104      B2BA8E9D 
 104      B44E39
 105 01fb A77B5256 		.ascii	"\247{RV\302\351\356v\222\326\301#\035\361\216sV\362"
 105      C2E9EE76 
 105      92D6C123 
 105      1DF18E73 
 105      56F2
 106 020d AC9DD899 		.ascii	"\254\235\330\231PH\376\001\346r\355a"
 106      5048FE01 
 106      E672ED61 
 107              		.text
 108              		.section	.gnu.lto_nvicSetSystemHandlerPriority.768ebd83,"",%progbits
 109 0000 789C6D52 		.ascii	"x\234mRMHTQ\024\276\337\275o\336\033\2351\243\225\030"
 109      4D485451 
 109      14BEDFBD 
 109      6FDE1B9D 
 109      31A39518 
 110 0014 481B7165 		.ascii	"H\033qe/pW\020\205P\020\270\251]\270\2611p@}\242\026"
ARM GAS  C:\Users\PETERL~1\AppData\Local\Temp\ccMSAsNo.s 			page 8


 110      2F705710 
 110      855010B8 
 110      A95DB8B1 
 110      3170407D 
 111 002a 6D06EFE8 		.ascii	"m\006\357\350H\005\245\"\021CeQ\026i\352\230\366\243"
 111      4805A522 
 111      11436551 
 111      1669EA98 
 111      F6A3
 112 003c CE6A6A11 		.ascii	"\316jj\021\"e\015Y\306 I\240Q\264QG\220G\232\235\363"
 112      22650D59 
 112      C62049A0 
 112      51B45147 
 112      90479A9D 
 113 0051 2617518F 		.ascii	"&\027Q\217\367\336\275\347\234\357|\347;\347^%\376}"
 113      F7DEBDE7 
 113      9CEF7CE7 
 113      3BE75E25 
 113      FE7D
 114 0063 2AE8BB2B 		.ascii	"*\350\273+\2058A+|\002\262gV\210\250_J\225,\021:\337"
 114      8538412B 
 114      7C02B267 
 114      5688A85F 
 114      4A952C11 
 115 0079 F8680B1D 		.ascii	"\370h\013\035T0rn\003\340\215\200h\223\312@\033\276"
 115      5430726E 
 115      03E08D80 
 115      6893CA40 
 115      1BBE
 116 008b CB55899E 		.ascii	"\313U\211\236\324P<P\366@k\275ro\242\250\263\310%\276"
 116      D4503C50 
 116      F6406BBD 
 116      726FA2A8 
 116      B3C825BE 
 117 009f ACCCF1E3 		.ascii	"\254\314\361\343!\312\010rg`~\270P\035\206\240\375T"
 117      21CA0872 
 117      67607EB8 
 117      501D86A0 
 117      FD54
 118 00b1 62FD4DE0 		.ascii	"b\375M\340\233t%\366\261\231\354\235\216\233lJ\203\315"
 118      9B7425F6 
 118      B199EC9D 
 118      8E9B6C4A 
 118      83CD
 119 00c3 B1CDD826 		.ascii	"\261\315\330&J\373\265nO-\214\353#\206+\025\006\240"
 119      4AFBB56E 
 119      4F2D8CEB 
 119      23862B15 
 119      06A0
 120 00d5 880F8328 		.ascii	"\210\017\203(\306#\024\013r\011\014\241\224\320\357"
 120      C623140B 
 120      72090CA1 
 120      94D0EF
 121 00e4 6EACCF19 		.ascii	"n\254\317\031\352\230\307\233N\274\236+\314e\376\332"
 121      EA98C79B 
 121      4EBC9E2B 
 121      CC65FEDA 
ARM GAS  C:\Users\PETERL~1\AppData\Local\Temp\ccMSAsNo.s 			page 9


 122 00f4 C91CFE4F 		.ascii	"\311\034\376O\346\010J\031\276\032\333\232\017\2301"
 122      E6084A19 
 122      BE1ADB9A 
 122      0F9831
 123 0103 52BD7B6B 		.ascii	"R\275{kG0\0220A\0139F\367\244\364\366v\377\253\027}"
 123      47301230 
 123      410B3946 
 123      F7A4F4F6 
 123      76FFAB17 
 124 0118 16F224B8 		.ascii	"\026\362$\270\236\017\234k\022\213a\361O\210%J\342\201"
 124      9E0F9C6B 
 124      128B61F1 
 124      4F88254A 
 124      E281
 125 012a 2C4BC9AB 		.ascii	",K\311\253\372\200\330lG\366\252b\236\015\311\263\331"
 125      FA80D86C 
 125      47F6AA62 
 125      9E0DC9B3 
 125      D9
 126 013b E85CB99C 		.ascii	"\350\\\271\234\317\335\371\202\002\243$\201\237e\222"
 126      CFDDF982 
 126      02A32481 
 126      9F6592
 127 014a 912C510B 		.ascii	"\221,Q\0130\030\310bn\277\357J\310\310O}I\373]if%\213"
 127      3018C862 
 127      6EBFEF4A 
 127      C8C84F7D 
 127      49FB5D69 
 128 0161 788C0887 		.ascii	"x\214\010\207\256w\317M*\012\3059d\261T\366..\275M\373"
 128      AE77CF4D 
 128      2A0AC539 
 128      64B154F6 
 128      2E2EBD4D 
 129 0176 99D7F2CC 		.ascii	"\231\327\362\314\301\356k\223\350\303\315h\017\243\374"
 129      C1EE6B93 
 129      E8C3CD68 
 129      0FA3FC
 130 0185 184304E3 		.ascii	"\030C\004\343\\\215g\2774\020\017\020\001\235\213\205"
 130      5C8D67BF 
 130      34100F10 
 130      019D8B85 
 131 0195 2784F28A 		.ascii	"'\204\362\212\342)\"\256\314\363\324\030\236\370\014"
 131      E22922AE 
 131      CCF3D418 
 131      9EF80C
 132 01a4 DA3F5DFC 		.ascii	"\332?]\374z\353tN<\275>\221A\307\202\231\263-r\021\331"
 132      7AEB744E 
 132      3CBD3E91 
 132      41C78299 
 132      B32D7211 
 133 01b9 FDF4625A 		.ascii	"\375\364bZq\335|C\340\031U\310\340e\257\307H\301\037"
 133      71DD7C43 
 133      E01955C8 
 133      E065AFC7 
 133      48C11F
 134 01cc 6B5D8B5E 		.ascii	"k]\213^\263\001\235\351\320\273\376\322\031\360\264"
 134      B3019DE9 
ARM GAS  C:\Users\PETERL~1\AppData\Local\Temp\ccMSAsNo.s 			page 10


 134      D0BBFED2 
 134      19F0B4
 135 01db 8CCD6CCF 		.ascii	"\214\315l\317\004Y\247\326)\323\225A<\247\223\231\370"
 135      0459A7D6 
 135      29D39541 
 135      3CA79399 
 135      F8
 136 01ec 23B42B3B 		.ascii	"#\264+;\375%\257|H\307\340\312\002p?k\336-\242Pb\266"
 136      FD25AF7C 
 136      48C7E0CA 
 136      02703F6B 
 136      DE2DA250 
 137 0202 FF4A813D 		.ascii	"\377J\201=\242c\321\324^\252\215)\224\323|\275\013\226"
 137      A263D1D4 
 137      5EAA8D29 
 137      94D37CBD 
 137      0B96
 138 0214 844DEAC4 		.ascii	"\204M\352\304gDS}\307\275\326\004\037\014\270'B\034"
 138      6744537D 
 138      C7BDD604 
 138      1F0CB827 
 138      421C
 139 0226 AA3C585D 		.ascii	"\252<X]Y\027>\023>\325z\2566\354T\207x\357\264T\034"
 139      59173E13 
 139      3ED57AAE 
 139      36EC5487 
 139      78EFB454 
 140 023b B09D16BB 		.ascii	"\260\235\026\273\256\246\336nr\232[[\354\220\323\320"
 140      AEA6DE6E 
 140      729A5B5B 
 140      EC90D3D0 
 141 024b E034DA47 		.ascii	"\3404\332GOVUV]\260\033\317\207C\373C\302\252\253i\254"
 141      4F565556 
 141      5DB01BCF 
 141      8743FB43 
 141      C2AAAB69 
 142 0260 AD3FDB6C 		.ascii	"\255?\333l45\207\235\337A\322\007I"
 142      3435879D 
 142      DF41D207 
 142      49
 143              		.text
 144              		.section	.gnu.lto_nvicClearPending.768ebd83,"",%progbits
 145 0000 789C6551 		.ascii	"x\234eQMHTQ\024>\337yo\336\214LX\270\222\201\250E\342"
 145      4D485451 
 145      143EDF79 
 145      6FDE8C4C 
 145      58B89281 
 146 0017 CA5ED0AE 		.ascii	"\312^\320\256\240\214Y\264\022\242\266njZ8\220\363\242"
 146      A08C59B4 
 146      12A2B66E 
 146      6A5A3890 
 146      F3A2
 147 0029 B168E71D 		.ascii	"\261h\347\035g\322\205\202\342&AfSI?\223c\031-\262\204"
 147      67D28582 
 147      E2264166 
 147      53493F93 
 147      63192DB2 
ARM GAS  C:\Users\PETERL~1\AppData\Local\Temp\ccMSAsNo.s 			page 11


 148 003e 8750B8A9 		.ascii	"\207P\270\251\2302\012\211i\341\004\375-\324\014\347"
 148      98320A89 
 148      69E104FD 
 148      2DD40CE7 
 149 004e 2DCACE79 		.ascii	"-\312\316y\257]\017\336\275\347|\367\373\276s\316\275"
 149      AF5D0FDE 
 149      BDE77CF7 
 149      FBBE73CE 
 149      BD
 150 005f 16FDFFA5 		.ascii	"\026\375\377\245\344\377\005\242\343\262\303\"\360\304"
 150      E4FF05A2 
 150      E3B2C322 
 150      F0C4
 151 006d 2BA24282 		.ascii	"+\242B\202\001\015\0104\310\030\304W\336`L\370\225\251"
 151      010D0834 
 151      C818C457 
 151      DE604CF8 
 151      95A9
 152 007f 64E78C31 		.ascii	"d\347\2141f\375\315\323\366k\355\001\023\375\344\310"
 152      66FDCDD3 
 152      F66BED01 
 152      13FDE4C8 
 153 008f 06B7D129 		.ascii	"\006\267\321)\224\225\017k\303\266u\014$\361\223\352"
 153      94950F6B 
 153      C3B6750C 
 153      24F193EA 
 154 009f D6CBE417 		.ascii	"\326\313\344\027\016\030\3735]\230\\\236r4e[\323\307"
 154      0E18FB35 
 154      5D985C9E 
 154      7234655B 
 154      D3C7
 155 00b1 8BD517BB 		.ascii	"\213\325\027\273;n\0323\344/\317\233n;`\013w`\211\037"
 155      3B6E1A33 
 155      E42FCF9B 
 155      6E3B600B 
 155      7760891F 
 156 00c5 EE22857B 		.ascii	"\356\"\205{H\221@\204\012:\224\276Q\372\375>\351\224"
 156      48914084 
 156      0A3A94BE 
 156      51FAFD3E 
 156      E994
 157 00d7 A4F69EA8 		.ascii	"\244\366\236\250&\356\303\221\266i\256\3157;;k3c\213"
 157      26EEC391 
 157      B669AECD 
 157      373B3B6B 
 157      33638B
 158 00ea 760BA074 		.ascii	"v\013\240t\026\241m\311\022\263u\211\351\342(F\324\020"
 158      16A16DC9 
 158      12B37589 
 158      E9E22846 
 158      D410
 159 00fc A58EF599 		.ascii	"\245\216\365\231Ywk\025\305\372\360\237\362)5\333f\336"
 159      59776B15 
 159      C5FAF09F 
 159      F22935DB 
 159      66DE
 160 010e 963A8C1F 		.ascii	"\226:\214\037o\247\027vi\243\"\305\254\364\261\212\241"
ARM GAS  C:\Users\PETERL~1\AppData\Local\Temp\ccMSAsNo.s 			page 12


 160      6FA71776 
 160      69A322C5 
 160      ACF4B18A 
 160      A1
 161 011f FAC88A15 		.ascii	"\372\310\212\025\221,!\011Rl:Qn\013$\242g\343\343\317"
 161      912C2109 
 161      526C3A51 
 161      6E0B24A2 
 161      67E3E3CF 
 162 0133 E3A1681F 		.ascii	"\343\241h\037\241\032\212\212\037\377Qb8\220\022b\344"
 162      A11A8A8A 
 162      1FFF5162 
 162      38901262 
 162      E4
 163 0144 B3C511A8 		.ascii	"\263\305\021\250\270 K\223\320\\\0346\277\233\262\255"
 163      B8204B93 
 163      D05C1C36 
 163      BF9BB2AD 
 164 0154 0E8E592A 		.ascii	"\016\216Y*\232V\035\372S\343u-\021B\244\351\215w\315"
 164      9A561DFA 
 164      53E3752D 
 164      1142A4E9 
 164      8D77CD
 165 0167 6FAD654C 		.ascii	"o\255eL\027\214\361\343\001\3071'\027\365@j\351apk,"
 165      178CF1E3 
 165      01C73127 
 165      17F5406A 
 165      E961706B 
 166 017c D9553125 		.ascii	"\331U1%\004\234\300C\224\261\031\276\214\234\214^\257"
 166      049CC043 
 166      94B119BE 
 166      8C9C8C5E 
 166      AF
 167 018d 3513EEAC 		.ascii	"5\023\356\254)\025\374\275\001\267`\036]2k\370h\217"
 167      2915FCBD 
 167      01B7601E 
 167      5D326BF8 
 167      688F
 168 019f E04A2754 		.ascii	"\340J'TG\301\257\235\324>\024m\310\200r9\3028\232>\322"
 168      47C1AF9D 
 168      D43E146D 
 168      C8807239 
 168      C2389A3E 
 169 01b4 9BEECB9E 		.ascii	"\233\356\313\236\313\236\031\270|>\353\365f4\366\362"
 169      CB9E19B8 
 169      7C3EEBF5 
 169      6634F6F2 
 170 01c4 870FB95E 		.ascii	"\207\017\271^\336\355;{\301\275\350]\032\310\273\031"
 170      DEED3B7B 
 170      C1BDE85D 
 170      1AC8BB19 
 171 01d4 AFBFDFCB 		.ascii	"\257\277\337\313\271'N\367\244{\256\272\271+\331\314"
 171      B9274EF7 
 171      A47BAEBA 
 171      B92BD9CC 
 172 01e4 C10C21F7 		.ascii	"\301\014!\367\027M\202\3029"
 172      174D82C2 
ARM GAS  C:\Users\PETERL~1\AppData\Local\Temp\ccMSAsNo.s 			page 13


 172      39
 173              		.text
 174              		.section	.gnu.lto_.symbol_nodes.768ebd83,"",%progbits
 175 0000 789C55C9 		.ascii	"x\234U\311\273\015\2000\000\003\321\213C$\006b%\346"
 175      BB0D8030 
 175      0003D18B 
 175      43240662 
 175      25E6
 176 0012 700ABE1D 		.ascii	"p\012\276\035\023\240\014\301\010\324\314\004\022\024"
 176      13A00CC1 
 176      08D4CC04 
 176      1214
 177 0020 C1C515CF 		.ascii	"\301\305\025\317\021\350\371\246A\206\355\002\233\275"
 177      11E8F9A6 
 177      4186ED02 
 177      9BBD
 178 002e B46894C3 		.ascii	"\264h\224\303\017&Y5\244U\0249j~R\037a\221\233\027\310"
 178      0F265935 
 178      A4551439 
 178      6A7E521F 
 178      61919B17 
 179 0043 B9252A71 		.ascii	"\271%*q\036\0357q5\032v"
 179      1E1D3771 
 179      351A76
 180              		.text
 181              		.section	.gnu.lto_.refs.768ebd83,"",%progbits
 182 0000 789C6366 		.ascii	"x\234cf```c\200\000F&&f&\006\000\000\301\000\024"
 182      60606063 
 182      80004626 
 182      26662606 
 182      0000C100 
 183              		.text
 184              		.section	.gnu.lto_.decls.768ebd83,"",%progbits
 185 0000 789CBD57 		.ascii	"x\234\275WkPTG\026\236\236\036^\303\000Y\335U\213J*"
 185      6B505447 
 185      169E9E1E 
 185      5EC30059 
 185      DD558B4A 
 186 0015 C46CB1C9 		.ascii	"\304l\261\311&\212\321\244\362\330\037\011\242Y\331"
 186      268AD1A4 
 186      F2D81F09 
 186      A259D9
 187 0024 2AB3EC90 		.ascii	"*\263\354\220\370'T\021\2041R\305#\013\343\256\376\273"
 187      F8275411 
 187      843152C5 
 187      230BE3AE 
 187      FEBB
 188 0036 30A883A0 		.ascii	"0\250\203\240\"\370\000\021\035\025\004\031^\002\242"
 188      22F80011 
 188      1D150419 
 188      5E02A2
 189 0045 20020222 		.ascii	" \002\002\"OEE\021\025\034\237   \240\200 \263\247\273"
 189      4F454511 
 189      151C9F20 
 189      2020A080 
 189      20B3A7BB 
 190 0059 EF9DC715 		.ascii	"\357\235\307\025H~\244v\252\316\275\367\334\376\356"
ARM GAS  C:\Users\PETERL~1\AppData\Local\Temp\ccMSAsNo.s 			page 14


 190      487EA476 
 190      AACEBDF7 
 190      DCFEEE
 191 0068 39DF39DD 		.ascii	"9\3379\335}\372\014\226H$\265H\"1\302/o\221D2-\225H"
 191      7DFA0C96 
 191      4824B548 
 191      2231C22F 
 191      6F914432 
 192 007f 6CE09D0F 		.ascii	"l\340\235\017\010<JN\203\274'a?\362\276\006\344\022"
 192      083C4A4E 
 192      83BC2761 
 192      3FF2BE06 
 192      E412
 193 0091 48034813 		.ascii	"H\003H\023H+\010|.i\223X\377\010\316\231\267C\356\012"
 193      482B087C 
 193      2E699358 
 193      FF08CE99 
 193      B743EE0A 
 194 00a5 90F3200B 		.ascii	"\220\363 \013x{\377\000Y\003\322\011\342\016\006\376"
 194      787BFF00 
 194      5903D209 
 194      E20E06FE 
 195 00b5 0CE200D2 		.ascii	"\014\342\000\322\015\372}\020Lp\240/\002Y\200\230\217"
 195      0DFA7D10 
 195      4C70A02F 
 195      02598098 
 195      8F
 196 00c6 1AC99B3F 		.ascii	"\032\311\233?\302\305i\006?\226>\004\373\202m\342\247"
 196      C2C56906 
 196      3F963E04 
 196      FB826DE2 
 196      A7
 197 00d7 938F6F31 		.ascii	"\223\217o1b~\020oK\374k\370\2258\376\202X\216\212A."
 197      627E106F 
 197      4BFC6BF8 
 197      9538FE82 
 197      588E8A41 
 198 00ec F3F16C86 		.ascii	"\363\361l\206w\377\005\371\222\267\273\0011_\015s\344"
 198      77FF05F9 
 198      92B7BB01 
 198      315F0D73 
 198      E4
 199 00fd 8BE4523E 		.ascii	"\213\344R>G\034\342\030\210\215E\274\375\246\031x?\227"
 199      471CE218 
 199      888D45BC 
 199      FDA61978 
 199      3F97
 200 010f A27A7DDA 		.ascii	"\242z}\332OX\212\340Q\366\360PA\211\013rwu\225\247s"
 200      4F588AE0 
 200      51F6F050 
 200      41890B72 
 200      777595A7 
 201 0124 1CA7E5BE 		.ascii	"\034\247\345\276Az$G\231\010[|\221\014\357\307\277&"
 201      417A2447 
 201      99085B7C 
 201      910CEFC7 
 201      BF26
ARM GAS  C:\Users\PETERL~1\AppData\Local\Temp\ccMSAsNo.s 			page 15


 202 0136 03F0684F 		.ascii	"\003\360hO\357Z\216\213\346\206\0229\274H\202>vE\037"
 202      EF5A8E8B 
 202      E6861239 
 202      BC48823E 
 202      76451F
 203 0149 BA4A5016 		.ascii	"\272JP\026r\247C\022\224\215\\\321I\344J<=Hz\036k#\347"
 203      72A74312 
 203      948D5CD1 
 203      49E44A3C 
 203      3D487A1E 
 204 0160 D1DA5F43 		.ascii	"\321\332_Cok\337\326\216{\244\310Y\336C\310\241\324"
 204      6F6BDFD6 
 204      8E7BA4C8 
 204      59DE43C8 
 204      A1D4
 205 0172 23ED034E 		.ascii	"#\355\003N\240+\344\357\020\2654o\264\305\221\016\273"
 205      A02BE4EF 
 205      10B5346F 
 205      B4C5910E 
 205      BB
 206 0183 11B52CB1 		.ascii	"\021\265,\261>\331\226\216\312\210ZX\336\363\302\205"
 206      3ED9968E 
 206      CA885A58 
 206      DEF3C285 
 207 0193 AA6F1355 		.ascii	"\252o\023U\323\021\025\355B<s\\\202\206s\250w\206\001"
 207      D31115ED 
 207      423C735C 
 207      828673A8 
 207      778601
 208 01a6 940FBE0A 		.ascii	"\224\017\276\012\300\227\004\025R\337\037\270\242S\314"
 208      C0970415 
 208      52DF1FB8 
 208      A253CC
 209 01b5 754B4FE5 		.ascii	"uKO\345N\333y\011\024\316qn\210\246!\027\340y\024^\204"
 209      4EDB7909 
 209      14CE716E 
 209      88A62117 
 209      E079145E 
 210 01ca E6091F11 		.ascii	"\346\011\037\021tN\366\310A\027Kt\316\\\350\212\221"
 210      744EF6C8 
 210      41174B74 
 210      CE5CE88A 
 210      91
 211 01db A8641BC5 		.ascii	"\250d\033\305\016\222\004\236J1\232g\301\3454\"sJ\357"
 211      0E92049E 
 211      4A319A67 
 211      C1E53422 
 211      734AEF
 212 01ee 80AEAC18 		.ascii	"\200\256\254\030\257\223c;\232\200\343\311\367\333\344"
 212      AF93633B 
 212      9A80E3C9 
 212      F7DBE4
 213 01fd 1F67D399 		.ascii	"\037g\323\231\251\252\222\232g0^kh\220\343\205\024\024"
 213      A9AA929A 
 213      67305E6B 
 213      6890E385 
 213      1414
ARM GAS  C:\Users\PETERL~1\AppData\Local\Temp\ccMSAsNo.s 			page 16


 214 020f 75E25CBC 		.ascii	"u\342\\\274\035\004\376\236\234\016\335K\235Hw\240*"
 214      1D04FE9E 
 214      9C0EDD4B 
 214      9D4877A0 
 214      2A
 215 0220 D9B92EF0 		.ascii	"\331\271.\360JZ\377\204;\356\214\334\351\024\0175&\326"
 215      4A5AFF84 
 215      3BEE8CDC 
 215      E9140F35 
 215      26D6
 216 0232 BDCD7132 		.ascii	"\275\315q2T\016\224\317\"\214\316\240\217\211s\3625"
 216      540E94CF 
 216      228CCEA0 
 216      8F8973F2 
 216      35
 217 0243 F969CD34 		.ascii	"\371i\3154%&\216\350\034L\327{r\212E\245\360\262\214"
 217      25268EE8 
 217      1C4CD77B 
 217      728A45A5 
 217      F0B28C
 218 0256 664D7A71 		.ascii	"fMzq\252\"\306\006\311\335g\376\250b\206\217(\205\224"
 218      AA22C606 
 218      C9DD67FE 
 218      A862868F 
 218      288594
 219 0269 AD890B08 		.ascii	"\255\211\013\010\205\363@\241\304L\241\034\311M\001"
 219      85F340A1 
 219      C44CA11C 
 219      C94D01
 220 0278 6A730BCA 		.ascii	"js\013\312\035d\0201\005\375Hg\370`kN\252\302\364\256"
 220      1D641031 
 220      05FD4867 
 220      F8606B4E 
 220      AAC2F4AE 
 221 028c 12D197B9 		.ascii	"\022\321\227\271\273_\324*\026\356\343\347\371-\031"
 221      BB5FD42A 
 221      16EEE3E7 
 221      F92D19
 222 029b F2596091 		.ascii	"\362Y`\221\332\013h!\\\253\000J\255\026\266\351\017"
 222      DA0B6821 
 222      5CAB004A 
 222      AD16B6E9 
 222      0F
 223 02ac CBF16344 		.ascii	"\313\361cD\363V\320\326\221\215\335\016s\272\202\241"
 223      F356D0D6 
 223      918DDD0E 
 223      73BA82A1 
 224 02bc 81CCC338 		.ascii	"\201\314\3038\205\323Es\323F#\242_\241j\023/\011y\246"
 224      85D34573 
 224      D34623A2 
 224      5FA16A13 
 224      2F0979A6 
 225 02d0 BC500D72 		.ascii	"\274P\015r\233\205\333\235\242\351\001\227Yi\\\2444"
 225      9B85DB9D 
 225      A2E90197 
 225      59695CA4 
 225      34
ARM GAS  C:\Users\PETERL~1\AppData\Local\Temp\ccMSAsNo.s 			page 17


 226 02e1 6A051ACD 		.ascii	"j\005\032\315\361\333/*p!\335\201\350|\323\205\2276"
 226      F1DB2F2A 
 226      7021DD81 
 226      E87CD385 
 226      9736
 227 02f3 9486EEE0 		.ascii	"\224\206\356\340q\333z\256\312h\374\232|\200\352,\030"
 227      71DB7AAE 
 227      CA68FC9A 
 227      7C80EA2C 
 227      18
 228 0304 D4090C2E 		.ascii	"\324\011\014.Q\006{\317\226j\234p-3P\360,Yc\307\014"
 228      51067BCF 
 228      966A9C70 
 228      2D3350F0 
 228      2C5963C7 
 229 0319 94990C90 		.ascii	"\224\231\014\220\020\352-\014\324\013\006\032\250\201"
 229      10EA2D0C 
 229      D40B061A 
 229      A881
 230 0327 8E786E5C 		.ascii	"\216xn\\\206\3573\003\023Uc}\274\201N+\006\215\026\006"
 230      86EF3303 
 230      1355637D 
 230      BC814E2B 
 230      068D1606 
 231 033b 1A05034D 		.ascii	"\032\005\003M\324@\362\216d\255\302jM\223-`\216\270"
 231      D440F28E 
 231      64ADC26A 
 231      4D932D60 
 231      8EB8
 232 034d 99AD6940 		.ascii	"\231\255i@\032_\247\214 \232-x\307gk(^\337\3530k\266"
 232      1A5FA78C 
 232      209A2D78 
 232      C7676B28 
 232      5EDFEB30 
 233 0363 2ED36CB5 		.ascii	".\323l\265\010\331\312O\272?l\217\207\031\327\314\323"
 233      08D9CA4F 
 233      BA3F6C8F 
 233      8719D7CC 
 233      D3
 234 0374 8F0B1070 		.ascii	"\217\013\020p5pCSM\372\225{4\011\351\234\301h|\227~"
 234      35704353 
 234      4DFA957B 
 234      3409E99C 
 234      C1687C97 
 235 0389 85AE5810 		.ascii	"\205\256X\020\276\"\020n\245\204\037'\356\033\3028\007"
 235      BE22106E 
 235      A5841F27 
 235      EE1BC238 
 235      07
 236 039a 532B1D77 		.ascii	"S+\035w\357\272\340\323\354y\327\255\027\373\\\336\255"
 236      EFBAE0D3 
 236      EC79D7AD 
 236      17FB5CDE 
 236      AD
 237 03ab C16950DA 		.ascii	"\301iP\332`_R\217\005\251\205\212\367\217r\255\272\241"
 237      605F528F 
 237      05A9858A 
ARM GAS  C:\Users\PETERL~1\AppData\Local\Temp\ccMSAsNo.s 			page 18


 237      F78F72AD 
 237      BAA1
 238 03bd 81ED838B 		.ascii	"\201\355\203\213\242\022t\321\011\034I\012\335\270W"
 238      A21274D1 
 238      091C490A 
 238      DDB857
 239 03cc C10964D1 		.ascii	"\301\011d\321b\277_#\256\320u\004,\332\320\373\026["
 239      62BF5F23 
 239      AED07504 
 239      2CDAD0FB 
 239      165B
 240 03de 7201DB92 		.ascii	"r\001\333\222\273\232\016^\300T5R\227\007\256\336:\003"
 240      BB9A0E5E 
 240      C0543552 
 240      9707AEDE 
 240      3A03
 241 03f0 D967FE77 		.ascii	"\331g\376w\3349\331l\207\237RE\232\370p4\003\011\033"
 241      DC39D96C 
 241      879F5245 
 241      9AF87034 
 241      03091B
 242 0403 CABABEDE 		.ascii	"\312\272\276\336\206\335\264\200\337M7\300\365Ma75\276"
 242      86DDB480 
 242      DF4D37C0 
 242      F54D6137 
 242      35BE
 243 0415 3220B29B 		.ascii	"2 \262\233:`\002n\231w\323\002\323f\222\032\3323\376"
 243      3A60026E 
 243      9977D302 
 243      D366921A 
 243      DA33FE
 244 0428 35B3D1BB 		.ascii	"5\263\321\273\263\031M\331\332\364'b\364\016\030m7\033"
 244      B3194DD9 
 244      DAF42762 
 244      F40E186D 
 244      371B
 245 043a EDB0D8A2 		.ascii	"\355\260\330\2427\343\243\016`Ra5\277\301(\352Dr\370"
 245      37E3A30E 
 245      60526135 
 245      BFC128EA 
 245      4472F8
 246 044d A63B8E1B 		.ascii	"\246;\216\033\225\321\022\2563\320\350\2574\032\265"
 246      95D112AE 
 246      33D0E8AF 
 246      341AB5
 247 045c CEB46AC7 		.ascii	"\316\264j\307\320\262\275\275\261\275\303\026\217\260"
 247      D0B2BDBD 
 247      B1BDC316 
 247      8FB0
 248 046a D43CAB4E 		.ascii	"\324<\253N\337\314\034\374\246\332\002_\234k>\231/\245"
 248      DFCC1CFC 
 248      A6DA025F 
 248      9C6B3E99 
 248      2FA5
 249 047c F639A9E5 		.ascii	"\3669\251\345\221\241`G\306\330qC\037\242\252\035Q\015"
 249      91A16047 
 249      C6D87143 
ARM GAS  C:\Users\PETERL~1\AppData\Local\Temp\ccMSAsNo.s 			page 19


 249      1FA2AA1D 
 249      510D
 250 048e D309DC1C 		.ascii	"\323\011\334\034g\304c\341\214x\304\214\027\025\216"
 250      67C463E1 
 250      8C78C48C 
 250      17158E
 251 049d 5D713657 		.ascii	"]q6W}5\335\376\017\000\376\220\302\237\320\252\377X"
 251      7D35DDFE 
 251      0F00FE90 
 251      C29FD0AA 
 251      FF58
 252 04af A8FAF1BD 		.ascii	"\250\372\361\275\243S6\226\350\373s\241\273\262\313"
 252      A3533696 
 252      E8FB73A1 
 252      BBB2CB
 253 04be 6A1DF16B 		.ascii	"j\035\361k\026w\335\323\212]\012\026\205-\335\341\225"
 253      1677DDD3 
 253      8A5D0A16 
 253      852DDDE1 
 253      95
 254 04cf FA58074A 		.ascii	"\372X\007J\373'\242\336m\275\241g9[H\324\351\207\332"
 254      FB27A2DE 
 254      6DBDA167 
 254      395B48D4 
 254      E987DA
 255 04e2 119BD9A3 		.ascii	"\021\233\331\243\350\027\242\350cQT\024\364\247\330"
 255      E817A2E8 
 255      63515414 
 255      F4A7D8
 256 04f1 8AA3780A 		.ascii	"\212\243x\012\360^\012\177Fy\365\013\274\322o\355>\204"
 256      F05E0A7F 
 256      4679F50B 
 256      BCD26FED 
 256      3E84
 257 0503 71B48CF2 		.ascii	"q\264\214\362\332~\310x\314\011\3073e_\371\241DF\212"
 257      DA7EC878 
 257      CC09C733 
 257      655FF9A1 
 257      44468A
 258 0516 A37ACBE1 		.ascii	"\243z\313\341\2643\030\357a\203\265W\357\350\331\331"
 258      B43318EF 
 258      6183B557 
 258      EFE8D9D9 
 259 0526 ACA3BAF6 		.ascii	"\254\243\272\366\342x\253\014\037d\203\302$)\370Iz\222"
 259      E278AB0C 
 259      1F6483C2 
 259      2429F849 
 259      7A92
 260 0538 5B77DC19 		.ascii	"[w\334\031\037a\203u-W\037\261)\322\321\301\227O/\234"
 260      1F618375 
 260      2D571FB1 
 260      29D2D1C1 
 260      974F2F9C 
 261 054c B0C327D9 		.ascii	"\260\303'\331\340DR\354>f\226\303\264\266\224$78\341"
 261      E04452EC 
 261      3E6696C3 
 261      B4B69424 
ARM GAS  C:\Users\PETERL~1\AppData\Local\Temp\ccMSAsNo.s 			page 20


 261      3738E1
 262 055f 3C36D89C 		.ascii	"<6\330\234\222\236\256`_\322\301;\315\011\223\012|\226"
 262      929EAE60 
 262      5FD2C13B 
 262      CD09930A 
 262      7C96
 263 0571 0DEE1EBA 		.ascii	"\015\356\036\272\272\223gK+\320\263\214\251^\266\020"
 263      BA93674B 
 263      2BD0B38C 
 263      A95EB610 
 264 0581 3967CA69 		.ascii	"9g\312i\274$\223\345\224\255K\356\325~>\345\237\323"
 264      BC2493E5 
 264      94AD4BEE 
 264      D57E3EE5 
 264      9FD3
 265 0593 A3A76A7F 		.ascii	"\243\247j\177\253\303\3549\346\244|\216\215,\307m\227"
 265      ABC3EC39 
 265      E6A47C8E 
 265      8D2CC76D 
 265      97
 266 05a4 0FEF7D63 		.ascii	"\017\357}c\245\274\006\3704\205GI\347\011\037\021\364"
 266      A5BC06F8 
 266      34854749 
 266      E7091F11 
 266      F4
 267 05b5 E4F4C941 		.ascii	"\344\364\311A'|\236\021\315\250\032\213c\311\321Q\242"
 267      277C9E11 
 267      CDA81A8B 
 267      63C9D151 
 267      A2
 268 05c6 59958999 		.ascii	"Y\225\211\231<Q\027\232\346\024C1#:D\3611\355\332+v"
 268      3C51179A 
 268      E6144331 
 268      233A44F1 
 268      31EDDA2B 
 269 05db 541F6405 		.ascii	"T\037d\005r\340z\201\375\354L\267\013L\267I)\323\361"
 269      72E07A81 
 269      FDEC4CB7 
 269      0B4CB749 
 269      29D3F1
 270 05ee AE33E7AD 		.ascii	"\2563\347\255:\031\262\341c\244\256h\253\224\300\265"
 270      3A19B2E1 
 270      63A4AE68 
 270      AB94C0B5 
 271 05fe 94E97681 		.ascii	"\224\351v\201\351t\305D\223\302\022\3359\027\372H\333"
 271      E974C544 
 271      93C212DD 
 271      3917FA48 
 271      DB
 272 060f F35405BE 		.ascii	"\363T\005\276$\263Z\323\012~M\017\351\316\336w`q\035"
 272      24B35AD3 
 272      0A7E4D0F 
 272      E9CEDE77 
 272      60711D
 273 0622 A5006346 		.ascii	"\245\000cF\177\222=\005$\374\221\350\307\242\313\272"
 273      7F923D05 
 273      24FC91E8 
ARM GAS  C:\Users\PETERL~1\AppData\Local\Temp\ccMSAsNo.s 			page 21


 273      C7A2CBBA 
 274 0632 59F3A7B1 		.ascii	"Y\363\247\261!\272~\362z\337\034\313|\267\020\330.\026"
 274      21BA7EF2 
 274      7ADF1CCB 
 274      7CB710D8 
 274      2E16
 275 0644 D8CEDB45 		.ascii	"\330\316\333E2\361\014\304\003\323\235\224i\002e\272"
 275      32F10CC4 
 275      03D39D94 
 275      690265BA 
 276 0654 5B607AF3 		.ascii	"[`z\363\342\355\273N\270\2211\315*\276a`+p\210V\211"
 276      E2EDBB4E 
 276      B89131CD 
 276      2ABE6160 
 276      2B708856 
 277 0669 A1F1A96B 		.ascii	"\241\361\251k\016\270\215\015jr\272&\344,\014R\257\\"
 277      0EB88D0D 
 277      6A72BA26 
 277      E42C0C52 
 277      AF5C
 278 067b 26B2E2DE 		.ascii	"&\262\342\336E\213\205\337|rq\327\221\002ZZ4\272\344"
 278      458B85DF 
 278      7C7271D7 
 278      91025A5A 
 278      34BAE4
 279 068e 64345715 		.ascii	"d4W\025\203\2113\264G\212\321a\351|\023\005\224Hy\374"
 279      838933B4 
 279      478AD161 
 279      E97C1305 
 279      944879FC 
 280 06a2 152E121D 		.ascii	"\025.\022\035\027\023\245\313\376\250~\031\352\206\343"
 280      1713A5CB 
 280      FEA87E19 
 280      EA86E3
 281 06b1 A50731A4 		.ascii	"\245\0071\244P* &\013\240FW\241\267\005$)&I\274MSQ\334"
 281      502A2026 
 281      0BA04657 
 281      A1B70524 
 281      292649BC 
 282 06c9 2BB27956 		.ascii	"+\262yV\2609&\2669\216,\220\034\247\323\023$l}4\300"
 282      B03926B6 
 282      398E2C90 
 282      1CA7D313 
 282      246C7D34 
 283 06de 238582C0 		.ascii	"#\205\202\300W+32_@\276\020#_\212\220\245\002rB\214"
 283      572B3332 
 283      5F40BE10 
 283      235F8A90 
 283      A5027242 
 284 06f3 7C2542E6 		.ascii	"|%B\346\012\310\347b\3440\262\216\250L\210hR\034\321"
 284      0AC8E762 
 284      E430B28E 
 284      A84C8868 
 284      521CD1
 285 0706 9419B987 		.ascii	"\224\031\271\207\237\365o\324\022\324\005\343\367\350"
 285      9FF56FD4 
 285      12D405E3 
ARM GAS  C:\Users\PETERL~1\AppData\Local\Temp\ccMSAsNo.s 			page 22


 285      F7E8
 286 0714 1041C371 		.ascii	"\020A\303q\201\216K\335\321~\351b\224\002r\014\344\020"
 286      818E4BDD 
 286      D17EE962 
 286      9402720C 
 286      E410
 287 0726 880EE420 		.ascii	"\210\016\344 H2H*H\032\310\021\220\243 \373@\016H\027"
 287      4832482A 
 287      481AC811 
 287      90A320FB 
 287      400E4817 
 288 073a D3538FB2 		.ascii	"\323S\217\262=G8\300\026F\321|\376\205\215\2154\242"
 288      3D4738C0 
 288      1646D17C 
 288      FE858D8D 
 288      34A2
 289 074c FCE7096C 		.ascii	"\374\347\011lG\304lGEq\225\177\224\274\014\305\202\315"
 289      47C46C47 
 289      4571957F 
 289      94BC0CC5 
 289      82CD
 290 075e 1DBC4D61 		.ascii	"\035\274MaS\2418\221\315\034\301\346\240\330\346\220"
 290      53A13891 
 290      CD1CC1E6 
 290      A0D8E690 
 291 076e D92639C2 		.ascii	"\331&9\302\015Yz[\016\021\210D\350\211L\015A\377\213"
 291      0D597A5B 
 291      0E118844 
 291      E8894C0D 
 291      41FF8B
 292 0781 A9496734 		.ascii	"\251Ig4\337}\246L\241\014H\320\357\221,J\2422\016\331"
 292      DF7DA64C 
 292      A10C48D0 
 292      EF912C4A 
 292      A2320ED9 
 293 0795 A374B066 		.ascii	"\243t\260f07\021\204\222\320D\234\330\223\245\263\265"
 293      30371184 
 293      92D0449C 
 293      D893A5B3 
 293      B5
 294 07a6 EA23D32D 		.ascii	"\352#\323-V\264\004\235\220\262\377Fp'%\336p\252Fj\205"
 294      56B4049D 
 294      90B2FF46 
 294      702725DE 
 294      70AA466A 
 295 07bb 265D9F19 		.ascii	"&]\237\031\235\311\2433)\272\274+\266\227\225\030\203"
 295      9DC9A333 
 295      29BABC2B 
 295      B6979518 
 295      83
 296 07cc 3DF1D568 		.ascii	"=\361\325h"
 297 07d0 4C8AB2A1 		.ascii	"L\212\262\241{7\236\356\345\302\356\235\333\\p\222\015"
 297      7B379EEE 
 297      E5C2EE9D 
 297      DB5C7092 
 297      0D
 298 07e1 6BC3340D 		.ascii	"k\3034\015\331r\241\331\320\376\246f\343\374\225\274"
ARM GAS  C:\Users\PETERL~1\AppData\Local\Temp\ccMSAsNo.s 			page 23


 298      D972A1D9 
 298      D0FEA666 
 298      E3FC95BC 
 299 07f1 6A177C88 		.ascii	"j\027|\210}\3374ZU\340\200\2171\345\305`u\247=\316d"
 299      7DDF345A 
 299      55E0808F 
 299      31E5C560 
 299      75A73DCE 
 300 0806 4AFABEFD 		.ascii	"J\372\276\3759\314-eQ\334\254\251\260\3059l\2548\366"
 300      39CC2D65 
 300      51DCACA9 
 300      B0C5396C 
 300      AC38F6
 301 0819 748B2D2E 		.ascii	"t\213-.\344M<\030\037a%\362-\312h\377^h\373K\330\230"
 301      E44D3C18 
 301      1F6125F2 
 301      2DCA68FF 
 301      5E68FB4B 
 302 082f D00238B3 		.ascii	"\320\0028\263\026`l\353P,+C\012\242v'd\345\263/\035"
 302      16606CEB 
 302      502C2B43 
 302      0AA27627 
 302      64E5B32F 
 303 0844 E93FE3E7 		.ascii	"\351?\343\347\207\367;\315^*\317\010\245\262\204\225"
 303      87F73BCD 
 303      5E2ACF08 
 303      A5B28495 
 304 0854 CAB4D6F6 		.ascii	"\312\264\326\366T'\361\031P\014\013\3604]{gi\255<#\324"
 304      5427F119 
 304      500C0BF0 
 304      345D7B67 
 304      69AD3C23 
 305 0869 CA8AC9AE 		.ascii	"\312\212\311\256k\216\3423`Vt\345\350\260\321\021\227"
 305      6B8EE233 
 305      605674E5 
 305      E8B0D111 
 305      97
 306 087a B12052C6 		.ascii	"\261 R\306\232\353\330_\364EDm\255\253\271\343\210+"
 306      9AEBD85F 
 306      F445446D 
 306      ADABB9E3 
 306      882B
 307 088c D89896D3 		.ascii	"\330\230\226\323\344\312q-S\262\036\\Nd\265\377\003"
 307      E4CA712D 
 307      53B21E5C 
 307      4E64B5FF 
 307      03
 308 089d 5A811FF5 		.ascii	"Z\201\037\365\245:\341\0066\326{,\353\226\002_f\312"
 308      A53AE106 
 308      36D67B2C 
 308      EB96025F 
 308      66CA
 309 08af BDB17BD5 		.ascii	"\275\261{\325\354\364[F\324\013\321i%\216\370:\033\353"
 309      ECF45B46 
 309      D40BD169 
 309      258EF83A 
 309      1BEB
ARM GAS  C:\Users\PETERL~1\AppData\Local\Temp\ccMSAsNo.s 			page 24


 310 08c1 EE4F1C94 		.ascii	"\356O\034\224\341\016\246DU\345^g\300/\350\3214|l\233"
 310      E10EA644 
 310      55E55E67 
 310      C02FE8D1 
 310      347C6C9B 
 311 08d5 3DEE6263 		.ascii	"=\356bc\205\3073JXn\277\241y\217;e\264\233={\227\204"
 311      85C7334A 
 311      586EBFA1 
 311      798F3B65 
 311      B49B3D7B 
 312 08eb EC7D4893 		.ascii	"\354}H\223\027\225\226a\300|:t\302AS\007\351\310\247"
 312      17959661 
 312      C07C3A74 
 312      C2415307 
 312      E9C8A7
 313 08fe E9A8A7E9 		.ascii	"\351\250\247\351\270$\244\243!)\255\333\326\022\255"
 313      B824A4A3 
 313      2129ADDB 
 313      D612AD
 314 090d 97CE812E 		.ascii	"\227\316\201.\255n\237v\304\017\255Y*\030\313)\015W"
 314      AD6E9F76 
 314      C40FAD59 
 314      2A18CB29 
 314      0D57
 315 091f E480BBD9 		.ascii	"\344\200\273\331X\351\251\204\011\326\024\254!j\265"
 315      58E9A984 
 315      09D614AC 
 315      216AB5
 316 092e 963BAAC0 		.ascii	"\226;\252\300}6V}\2323\337\247\355\312K\037a\223@\273"
 316      7D36567D 
 316      9A33DFA7 
 316      EDCA4B1F 
 316      619340BB 
 317 0942 A4ACA377 		.ascii	"\244\254\243w\233\361\354\321^\025\242m\345\327J_k\266"
 317      9BF1ECD1 
 317      5E15A26D 
 317      E5D74A5F 
 317      6BB6
 318 0954 8BF85CBD 		.ascii	"\213\370\\\275\002\001\024\322\000\256\321\000\256\012"
 318      020114D2 
 318      00AED100 
 318      AE0A
 319 0962 01EC9838 		.ascii	"\001\354\2308U\211-\321$\334Y\321\203\205Y\320/\014"
 319      55892DD1 
 319      24DC59D1 
 319      838559D0 
 319      2F0C
 320 0974 F2B357D1 		.ascii	"\362\263W\321\317\261>\310\307\262\241t\346\033\312"
 320      CFB13EC8 
 320      C7B2A174 
 320      E61BCA
 321 0983 7D4D673B 		.ascii	"}Mg;\331\006\240\315B\366\243S=st=\267\204(\012\330"
 321      D906A0CD 
 321      42F6A353 
 321      3D73743D 
 321      B784280A 
 322 0998 CE2D3B56 		.ascii	"\316-;V\034$\016\342&\320j\247\264:(\255[\002\255\227"
ARM GAS  C:\Users\PETERL~1\AppData\Local\Temp\ccMSAsNo.s 			page 25


 322      1C240EE2 
 322      26D06AA7 
 322      B43A28AD 
 322      5B02AD97 
 323 09ac 93FAEE37 		.ascii	"\223\372\3567\202\230\025\335\177\263&N\201GY\020Gv"
 323      829815DD 
 323      7FB3264E 
 323      81475910 
 323      4776
 324 09be 154EB07E 		.ascii	"\025N\260~\365\027\242n;\020\323\"\303\023\374\326\257"
 324      F517A26E 
 324      3B10D322 
 324      C313FCD6 
 324      AF
 325 09cf 2C1A667B 		.ascii	",\032f{VK\364\205y\367\236\024\333\233[\211\305\226"
 325      564BF485 
 325      79F79E14 
 325      DB9B5B89 
 325      C596
 326 09e1 4D853B39 		.ascii	"M\205;9\371\015\203\372F\005\307\237\375EpN\014[\236"
 326      F90D83FA 
 326      4605C79F 
 326      FD45704E 
 326      0C5B9E
 327 09f4 FD2CA3F9 		.ascii	"\375,\243\371\310\324'\014\230\372\204S3c\315-\305\256"
 327      C8D4270C 
 327      98FA8453 
 327      3363CD2D 
 327      C5AE
 328 0a06 5C01DA29 		.ascii	"\\\001\332)\206v\211\240\375&\253ybh\276%to\224N\273"
 328      867689A0 
 328      FD26AB79 
 328      6268BE25 
 328      746F944E 
 329 0a1b 04900D70 		.ascii	"\004\220\015p\2465\362Ha\235\243&\221Q\243\311\350E"
 329      A635F248 
 329      619DA326 
 329      9151A3C9 
 329      E845
 330 0a2d B1D15AAB 		.ascii	"\261\321Z\253\260\366jt;(W2\005\227\305\330\026\353"
 330      B0F66A74 
 330      3B285732 
 330      0597C5D8 
 330      16EB
 331 0a3f 1444E9C6 		.ascii	"\024D\351\306\311\251Z\012\014\312x\250P\246\3209+\256"
 331      C9A95A0A 
 331      0CCA78A8 
 331      50A6D039 
 331      2BAE
 332 0a51 1A5DAF5E 		.ascii	"\032]\257^\260\232#\266\372\20152\326\344\277yf\377"
 332      B09A23B6 
 332      FA813532 
 332      D6E4BF79 
 332      66FF
 333 0a63 E6B0A64D 		.ascii	"\346\260\246Ma\325\314\034\226\031\332g\202\346\316"
 333      61D5CC1C 
 333      9619DA67 
ARM GAS  C:\Users\PETERL~1\AppData\Local\Temp\ccMSAsNo.s 			page 26


 333      82E6CE
 334 0a72 E8DF625E 		.ascii	"\350\337b^_\231\240\347\305\320\012K\253\320\251\354"
 334      5F99A0E7 
 334      C5D00A4B 
 334      ABD0A9EC 
 335 0a82 243300EB 		.ascii	"$3\000\353\223vu\004)\254Zt\327:\255Q\272x\002\275\015"
 335      93767504 
 335      29AC5A74 
 335      D73AAD51 
 335      BA7802BD 
 336 0a97 D03B5211 		.ascii	"\320;R\021\264\027YS}f\362_0\363\012\260\340:i\302V"
 336      B4175953 
 336      7D66F25F 
 336      30F30AB0 
 336      E03A69C2 
 337 0aac CECCD502 		.ascii	"\316\314\325\002\373\332\204\255\026c/\210\261S&l\325"
 337      FBDA84AD 
 337      16632F88 
 337      B153266C 
 337      D5
 338 0abd CCD837FA 		.ascii	"\314\3307\372\300,\010\347$\035\032\346[\233\027\320"
 338      C02C08E7 
 338      241D1AE6 
 338      5B9B17D0 
 339 0acd DA7443BB 		.ascii	"\332tC\273\322\013\362\000d\000\304\000r\017\344\011"
 339      D20BF200 
 339      6400C400 
 339      720FE409 
 340 0add C828481F 		.ascii	"\310(H\037\310 \310s\220!\220\247 \217@\036\202\364"
 340      C820C873 
 340      902190A7 
 340      208F401E 
 340      82F4
 341 0aef 803C0619 		.ascii	"\200<\006\031\001y\006\322\017r\337\324'BJ\343HJ\257"
 341      017906D2 
 341      0F72DFD4 
 341      27424AE3 
 341      484AAF
 342 0b02 434ADB78 		.ascii	"CJ\333x\216B\341C7D\263?a\012\247\\\034\016k\277Y\350"
 342      8E42E143 
 342      3744B33F 
 342      610AA75C 
 342      1C0E6BBF 
 343 0b18 B4A1EAA1 		.ascii	"\264\241\352\241]\335\360L]]LG\232\316\026\271\317\247"
 343      5DDDF04C 
 343      5D5D4C47 
 343      9ACE16B9 
 343      CFA7
 344 0b2a B8DDA1F6 		.ascii	"\270\335\241\366h\014,eKM}\327\260\320w\315\224\030"
 344      680C2C65 
 344      4B4D7DD7 
 344      B0D077CD 
 344      9418
 345 0b3c F412F2F1 		.ascii	"\364\022\362\361\377\310\015\224\276\330\2757\212\035"
 345      FFC80D94 
 345      BED8BD37 
 345      8A1D
ARM GAS  C:\Users\PETERL~1\AppData\Local\Temp\ccMSAsNo.s 			page 27


 346 0b4a ADDAB831 		.ascii	"\255\332\2701\253\246o\234o\343\310]\026\2701 \302~"
 346      ABA66F9C 
 346      6FE3C85D 
 346      16B83120 
 346      C27E
 347 0b5c 5370987A 		.ascii	"Sp\230z\305r\177\265\355\337\277\373\301\315K\"\367"
 347      C5727FB5 
 347      EDDFBFFB 
 347      C1CD4B22 
 347      F7
 348 0b6d F717DE6C 		.ascii	"\367\027\336l\010\374\312/pc\360\372\340H\365\246\240"
 348      08FCCA2F 
 348      7063F0FA 
 348      E048F5A6 
 348      A0
 349 0b7e E0703F75 		.ascii	"\340p?uxxH\244\337\317a\233\334\350\223[@D\250\233*"
 349      787848A4 
 349      DFCF619B 
 349      DCE8935B 
 349      4044A89B 
 350 0b93 74BD2A28 		.ascii	"t\275*(H\025\344\367\351\322/\335\226/\373\344\263\177"
 350      4815E4F7 
 350      E9D22FDD 
 350      962FFBE4 
 350      B37F
 351 0ba5 AFF083F7 		.ascii	"\257\360\203\367K\302\302\303TKT\001\353\203\375\202"
 351      4BC2C2C3 
 351      544B5401 
 351      EB83FD82 
 352 0bb5 C3024336 		.ascii	"\303\002C6\005\251\374B\003\300V\230\312\317?H\265!"
 352      05A9FC42 
 352      03C05698 
 352      CACF3F48 
 352      B521
 353 0bc7 605388DA 		.ascii	"`S\210\332_\275\345\027U\344\322\215\222\037\177W7\221"
 353      5FBDE517 
 353      55E4D28D 
 353      921F7F57 
 353      3791
 354 0bd9 5B22FDFC 		.ascii	"[\"\375\374#\325A\020\003\330~+\354?\301\201\253\303"
 354      23D54110 
 354      03D87E2B 
 354      EC3FC181 
 354      ABC3
 355 0beb 02D687A8 		.ascii	"\002\326\207\250\326\251\002\325\341\021\177\363\372"
 355      D6A902D5 
 355      E1117FF3 
 355      FA
 356 0bf8 CACF8B38 		.ascii	"\312\317\2138\363e\316\250\343\360\310\025\313<\302"
 356      F365CEA8 
 356      E3F0C815 
 356      CB3CC2
 357 0c07 233D3606 		.ascii	"#=6\006\204x\374\022\036\241\216\364\010\014\017\015"
 357      8478FC12 
 357      1EA18EF4 
 357      080C0F0D 
 358 0c17 0D0FF3F0 		.ascii	"\015\017\363\360T\256\365Z\273\331\203\030Y\032(\371"
ARM GAS  C:\Users\PETERL~1\AppData\Local\Temp\ccMSAsNo.s 			page 28


 358      54AEF55A 
 358      BBD98318 
 358      591A28F9 
 359 0c27 03B9AF0A 		.ascii	"\003\271\257\012\2164[{\233\274\361U\251}\267D\252U"
 359      8E345B7B 
 359      9BBCF155 
 359      A97DB744 
 359      AA55
 360 0c39 A16B02C2 		.ascii	"\241k\002\302\202BT\021>\021\301\341\021\301\352-\324"
 360      82425411 
 360      3E11C1E1 
 360      11C1EA2D 
 360      D4
 361 0c4a B757882A 		.ascii	"\267W\210* \302G\025\006|~v\010\334\010\3005\001!j\217"
 361      20C24715 
 361      067C7E76 
 361      08DC08C0 
 361      3501216A 
 362 0c5f B95844A8 		.ascii	"\271XD\250=\370`<\0027B8\020\206\275\277\377\206Ma\201"
 362      3DF8603C 
 362      02374238 
 362      1086BDBF 
 362      FF864D61 
 363 0c74 FEFE4EC2 		.ascii	"\376\376N\302\303\322\317\227-\377\342\235\271\334K"
 363      C3D2CF97 
 363      2DFFE29D 
 363      B9DC4B
 364 0c83 ECC83C7E 		.ascii	"\354\310<~\341\257v`3J\236\276[\347\355\345\377=\344"
 364      E1AF7660 
 364      334A9EBE 
 364      5BE7EDE5 
 364      FF3DE4
 365 0c96 5DE6EDBB 		.ascii	"]\346\355\273Z\351\240\\\015\327u\253W-\223y{\255V\332"
 365      5AE9A05C 
 365      0DD775AB 
 365      572D9379 
 365      7BAD56DA 
 366 0caa 2B99F609 		.ascii	"+\231\366\011\014\372\230\007\227\303\240\205\272B\346"
 366      0CFA9807 
 366      97C3A085 
 366      BA42E6
 367 0cb9 EDB9D2AC 		.ascii	"\355\271\322\254~*\365\3661)\237\311|\277\367V~9Wp\252"
 367      7E2AF5F6 
 367      31299FC9 
 367      7CBFF756 
 367      7E395770 
 368 0cce CD10FC5A 		.ascii	"\315\020\374Z_o_s\214\341\021*\377\300\320OI\230\276"
 368      5F6F5F73 
 368      8CE1112A 
 368      FFC0D04F 
 368      4998BE
 369 0ce1 5E2B293D 		.ascii	"^+)=\033/\237\037\274W\201c_\245l\335\367\377T\332x"
 369      1B2F9F1F 
 369      BC578163 
 369      5FA56CDD 
 369      F7FF54DA 
 370 0cf6 7A2BBD94 		.ascii	"z+\275\224\330\027\304\213\334\327\370\330\370\256!"
ARM GAS  C:\Users\PETERL~1\AppData\Local\Temp\ccMSAsNo.s 			page 29


 370      D817C48B 
 370      DCD7F8D8 
 370      F8AE21
 371 0d05 835EDFC2 		.ascii	"\203^\337\302e\015\271\254\202\213\315\332\265\337z"
 371      650DB9AC 
 371      828BCDDA 
 371      B5DF7A
 372 0d14 2A652BC9 		.ascii	"*e+\311\305\023t\354\363\255\022\257\002\361\\\245\224"
 372      C51374EC 
 372      F3AD12AF 
 372      02F15CA5 
 372      94
 373 0d25 C1981222 		.ascii	"\301\230\022\"\363T\202qO/\345\377\000\267\0209y"
 373      F3548271 
 373      4F2FE5FF 
 373      00B71039 
 373      79
 374              		.text
 375              		.section	.gnu.lto_.symtab.768ebd83,"",%progbits
 376 0000 6E766963 		.ascii	"nvicEnableVector\000\000\000\000\000\000\000\000\000"
 376      456E6162 
 376      6C655665 
 376      63746F72 
 376      00000000 
 377 0019 000000C3 		.ascii	"\000\000\000\303\000\000\000nvicDisableVector\000\000"
 377      0000006E 
 377      76696344 
 377      69736162 
 377      6C655665 
 378 0033 00000000 		.ascii	"\000\000\000\000\000\000\000\000\000\000\307\000\000"
 378      00000000 
 378      0000C700 
 378      00
 379 0040 006E7669 		.ascii	"\000nvicSetSystemHandlerPriority\000\000\000\000\000"
 379      63536574 
 379      53797374 
 379      656D4861 
 379      6E646C65 
 380 0062 00000000 		.ascii	"\000\000\000\000\000\000\000\311\000\000\000nvicCle"
 380      000000C9 
 380      0000006E 
 380      76696343 
 380      6C65
 381 0074 61725065 		.ascii	"arPending\000\000\000\000\000\000\000\000\000\000\000"
 381      6E64696E 
 381      67000000 
 381      00000000 
 381      00000000 
 382 0088 00CB0000 		.ascii	"\000\313\000\000\000chSysHalt\000\000\002\000\000\000"
 382      00636853 
 382      79734861 
 382      6C740000 
 382      02000000 
 383 009c 00000000 		.ascii	"\000\000\000\000\000\000\320\000\000\000"
 383      0000D000 
 383      0000
 384              		.text
ARM GAS  C:\Users\PETERL~1\AppData\Local\Temp\ccMSAsNo.s 			page 30


 385              		.section	.gnu.lto_.opts,"",%progbits
 386 0000 272D666E 		.ascii	"'-fno-trapv' '-mcpu=cortex-m4' '-mno-thumb-interwor"
 386      6F2D7472 
 386      61707627 
 386      20272D6D 
 386      6370753D 
 387 0033 6B272027 		.ascii	"k' '-mthumb' '-ggdb' '-O2' '-fomit-frame-pointer' '"
 387      2D6D7468 
 387      756D6227 
 387      20272D67 
 387      67646227 
 388 0066 2D66616C 		.ascii	"-falign-functions=16' '-ffunction-sections' '-fdata"
 388      69676E2D 
 388      66756E63 
 388      74696F6E 
 388      733D3136 
 389 0099 2D736563 		.ascii	"-sections' '-fno-common' '-flto'\000"
 389      74696F6E 
 389      73272027 
 389      2D666E6F 
 389      2D636F6D 
 390              		.text
 391              		.comm	__gnu_lto_v1,1,1
 392              		.comm	__gnu_lto_slim,1,1
 393              		.ident	"GCC: (GNU Tools for ARM Embedded Processors) 4.9.3 20150529 (release) [ARM/embedded-4_9-br
ARM GAS  C:\Users\PETERL~1\AppData\Local\Temp\ccMSAsNo.s 			page 31


DEFINED SYMBOLS
                            *ABS*:00000000 nvic.c
                            *COM*:00000001 __gnu_lto_v1
                            *COM*:00000001 __gnu_lto_slim

NO UNDEFINED SYMBOLS
