ARM GAS  C:\Users\PETERL~1\AppData\Local\Temp\ccM6UUSh.s 			page 1


   1              		.syntax unified
   2              		.cpu cortex-m4
   3              		.fpu softvfp
   4              		.eabi_attribute 20, 1
   5              		.eabi_attribute 21, 1
   6              		.eabi_attribute 23, 3
   7              		.eabi_attribute 24, 1
   8              		.eabi_attribute 25, 1
   9              		.eabi_attribute 26, 1
  10              		.eabi_attribute 30, 2
  11              		.eabi_attribute 34, 1
  12              		.eabi_attribute 18, 4
  13              		.thumb
  14              		.file	"pal.c"
  15              		.text
  16              	.Ltext0:
  17              		.section	.gnu.lto_.profile.768e6308,"",%progbits
  18 0000 789C6366 		.ascii	"x\234cf```a\200\000F\206\010C\000\001U\000\222"
  18      60606061 
  18      80004686 
  18      08430001 
  18      550092
  19              		.text
  20              		.section	.gnu.lto_.jmpfuncs.768e6308,"",%progbits
  21 0000 789C6366 		.ascii	"x\234cf\300\016\312\24043\003##c=#\323G&\306i\375Wv"
  21      C00ECAA0 
  21      34330323 
  21      23633D23 
  21      D34726C6 
  22 0018 30D7FE6E 		.ascii	"0\327\376n\230\321\300\361\223\211\341/\023P\226q9c"
  22      98D1C0F1 
  22      9389E12F 
  22      13509671 
  22      3963
  23 002a 2D031313 		.ascii	"-\003\023\023##s=\0265\214\177\231\030\201jV\000\325"
  23      2323733D 
  23      16358C7F 
  23      9918816A 
  23      5600D5
  24 003d B080D530 		.ascii	"\260\200\32502\203\215,\007\211b\250f\372\313\0044\222"
  24      32838D2C 
  24      078962A8 
  24      66FACB04 
  24      3492
  25 004f 71255035 		.ascii	"q%P5\003\000\360( \301"
  25      0300F028 
  25      20C1
  26              		.text
  27              		.section	.gnu.lto_.inline.768e6308,"",%progbits
  28 0000 789C6366 		.ascii	"x\234cf\300\016L\031!43\003\203\200\010#\033C\306G&"
  28      C00E4C19 
  28      21343303 
  28      83800823 
  28      1B43C647 
  29 0015 C6FB4FCE 		.ascii	"\306\373O\316_\344x\301\364\223\011(\310\270\234Q\212"
  29      5FE478C1 
  29      F4930928 
ARM GAS  C:\Users\PETERL~1\AppData\Local\Temp\ccM6UUSh.s 			page 2


  29      C8B89C51 
  29      8A
  30 0026 81211342 		.ascii	"\201!\023B\245\001%\327\037=}\210\015$\311\302\317\300"
  30      A50125D7 
  30      1F3D7D88 
  30      0D24C9C2 
  30      CFC0
  31 0038 B882518A 		.ascii	"\270\202Q\212\331\201!\025J\203\214bd`v`\345\\\341\306"
  31      D9812115 
  31      4A838C62 
  31      64607660 
  31      E55CE1C6 
  32 004c C079C38C 		.ascii	"\300y\303\214\211\201e\201<Px\011{\003#\007\023\003"
  32      89816581 
  32      3C507809 
  32      7B032307 
  32      1303
  33 005e EB161520 		.ascii	"\353\026\025 \015\262\214\211\233A\004\250\222\211A"
  33      0DB28C89 
  33      9B4104A8 
  33      928941
  34 006d 5492919D 		.ascii	"T\222\221\235!\003\325\016\034\2062\002\031l\202/Z\030"
  34      2103D50E 
  34      1C863202 
  34      196C822F 
  34      5A18
  35 007f 719BCC74 		.ascii	"q\233\314t\201\277\201\011\311|\026\006!y\220\227\210"
  35      81BF8109 
  35      C97C1606 
  35      21799097 
  35      88
  36 0090 329F95B5 		.ascii	"2\237\225\265C\035\257\243Yx\201\2414\301\017\004\241"
  36      431DAFA3 
  36      597881A1 
  36      34C10F04 
  36      A1
  37 00a1 E6330000 		.ascii	"\3463\000\000\332\2543R"
  37      DAAC3352 
  38              		.text
  39              		.section	.gnu.lto_.pureconst.768e6308,"",%progbits
  40 0000 789C6366 		.ascii	"x\234cf```g\200\000f\006)&)\026I\000\001\303\000a"
  40      60606067 
  40      80006606 
  40      29262916 
  40      490001C3 
  41              		.text
  42              		.section	.gnu.lto_palReadBus.768e6308,"",%progbits
  43 0000 789C8D52 		.ascii	"x\234\215RQK\024Q\024>\337\2753\263\263;\253+=\205D"
  43      514B1451 
  43      143EDFBD 
  43      33B3B33B 
  43      AB2B3D85 
  44 0015 F42242B1 		.ascii	"\364\"B\261\255\321[O\201?\241W_\324\036\024\004\243"
  44      ADD15B4F 
  44      813FA157 
  44      5FD41E14 
  44      04A3
ARM GAS  C:\Users\PETERL~1\AppData\Local\Temp\ccM6UUSh.s 			page 3


  45 0027 4DE86571 		.ascii	"M\350eq\324%\202\"\305$6\3144\242\322,7-M\315B\204B"
  45      D4258222 
  45      C52436CC 
  45      34A2D22C 
  45      372D4DCD 
  46 003e A88CD0B4 		.ascii	"\250\214\320\264\225\260\2076((\320\024r\011\261sf6"
  46      95B08736 
  46      2828D014 
  46      7209B173 
  46      6636
  47 0050 5DE8C581 		.ascii	"]\350\305\201\271w\276{\276\363\235\363\235;\232\376"
  47      B977BE7B 
  47      BEF39DF3 
  47      9D3B9AFE 
  48 0060 7F2AF94D 		.ascii	"\177*\371Mj\242\012\336a\021T\307\034Q\213\255\224\321"
  48      6AA20ADE 
  48      611154C7 
  48      1C518BAD 
  48      94D1
  49 0072 67921BD2 		.ascii	"g\222\033\322\253\263DnX+c!\306\320\234:\310\310\200"
  49      ABB3446E 
  49      582B6321 
  49      C6D09C3A 
  49      C8C880
  50 0085 E9B34C40 		.ascii	"\351\263L@>\010\324\254\264a\242\031\337\325\232\302"
  50      3E08D4AC 
  50      B461A219 
  50      DFD59AC2 
  51 0095 C4D0C65B 		.ascii	"\304\320\306[\347\233\312):D\014';gS\226@\030\002\227"
  51      E79BCA29 
  51      3A440C27 
  51      3B675396 
  51      40180297 
  52 00a9 16534BC1 		.ascii	"\026SK\301\362;\256\333\272\3329|\376zW\037G\024\255"
  52      F23BAEDB 
  52      BADA397C 
  52      FE7A571F 
  52      4714AD
  53 00bc 2BC23D94 		.ascii	"+\302=\224\242\037\245\"8\200r\246\256\266d\262\001"
  53      A21FA522 
  53      388072A6 
  53      AEB664B2 
  53      01
  54 00cd 1D85A42D 		.ascii	"\035\205\244-f2\363V\331mN\233\236\035qO\0329\245q\037"
  54      6632F356 
  54      D96D4E9B 
  54      9E1D714F 
  54      1A39A571 
  55 00e2 BA308F8F 		.ascii	"\2720\217\217\010\203(\023\372Zrk\311\261\222\256\353"
  55      08832813 
  55      FA5A726B 
  55      C9B192AE 
  55      EB
  56 00f3 966C2912 		.ascii	"\226l)\022yV}\000\013\274\361Az\337\264\273\275\375"
  56      79567D00 
  56      0BBCF141 
  56      7ADFB4BB 
ARM GAS  C:\Users\PETERL~1\AppData\Local\Temp\ccM6UUSh.s 			page 4


  56      BDFD
  57 0105 E5EE8F61 		.ascii	"\345\356\217a\243HA\222\014N7,^\314\000/\226-0\310K"
  57      A3484192 
  57      0C4E372C 
  57      5ECC002F 
  57      962D30C8 
  58 011a 2024D091 		.ascii	" $\320\221%L\322)e\371\025\333_\031\360\256? \371\261"
  58      254CD229 
  58      65F915DB 
  58      5F19F0AE 
  58      3F20F9B1 
  59 012e 2D7D598B 		.ascii	"-}Y\213\374o%\003\370\234}\367\336\026\307<X<\364\034"
  59      FC6F2503 
  59      F89C7DF7 
  59      DE16C73C 
  59      583CF41C 
  60 0142 095D134F 		.ascii	"\011]\023OS/\243u\014>\327`\356\350f\357\317\242\036"
  60      532FA375 
  60      0C3ED760 
  60      EEE866EF 
  60      CFA21E
  61 0155 7423A76C 		.ascii	"t#\247l\316\366\351|~c\343j&\022=\222SA\014\241\007"
  61      CEF6E97C 
  61      7E63E36A 
  61      26123D92 
  61      53410CA1 
  62 016a BFC40021 		.ascii	"\277\304\000!\215(q\2759\275+\220~\371z\306\033o0Bx"
  62      8D2871BD 
  62      39BD2B90 
  62      7EF97AC6 
  62      1B6F3042 
  63 017f B453CCA0 		.ascii	"\264S\314\240\345c\372\023\014!\212\336\315\371+C*\361"
  63      E563FA13 
  63      0C218ADE 
  63      CDF92B43 
  63      2AF1
  64 0191 C7BDE8DA 		.ascii	"\307\275\350\3329\025ZW2\210a$$t\255}a\\s(%!G\306E\205"
  64      39155A57 
  64      32886124 
  64      2474AD7D 
  64      615C7328 
  65 01ab 261C0F0E 		.ascii	"&\034\017\016\264w\215s\037\335-\035\302\012c\004\011"
  65      B4778D73 
  65      1FDD2D1D 
  65      C20A6304 
  65      09
  66 01bc 3CCEF7DA 		.ascii	"<\316\367\332\233\355O9,\260\237\311x\302,\257(F\221"
  66      9BED4F39 
  66      2CB09FC9 
  66      78C22CAF 
  66      284691
  67 01cf C8A922AF 		.ascii	"\310\251\"\257\033\323\233\224X_{u+\337\274\265\027"
  67      1BD39B94 
  67      585F7B75 
  67      2BDFBCB5 
  67      17
  68 01e0 F7C518F3 		.ascii	"\367\305\030\363\334C\334?e\367\313\230\3717\276@a\227"
ARM GAS  C:\Users\PETERL~1\AppData\Local\Temp\ccM6UUSh.s 			page 5


  68      DC43DC3F 
  68      65F7CB98 
  68      F937BE40 
  68      6197
  69 01f2 C55E5E81 		.ascii	"\305^^\201^\204+`<\257\227}si\314\216\016\272I\016\224"
  69      5E842B60 
  69      3CAF977D 
  69      7369CC8E 
  69      0EBA490E 
  70 0207 60C293F4 		.ascii	"`\302\223\364~\211IOr\347F\354\275\335\310\263\335\033"
  70      7E89494F 
  70      72E746EC 
  70      BDDDC8B3 
  70      DD1B
  71 0219 99F20556 		.ascii	"\231\362\005V\002\276@\2205\030\267\255X>\016q\233|"
  71      02BE4090 
  71      3518B7AD 
  71      583E0E71 
  71      9B7C
  72 022b 5A58C3D9 		.ascii	"ZX\303\331K\015\205\347^\015-5^x5\3326/\034\360\025"
  72      4B0D85E7 
  72      5E0D2D35 
  72      5E7835DA 
  72      362F1CF0 
  73 0240 C29EAE43 		.ascii	"\302\236\256C+\310K\206I~K\310\220\271\253\303\225'"
  73      2BC84B86 
  73      497E4BC8 
  73      90B9ABC3 
  73      9527
  74 0252 AA2AEBEA 		.ascii	"\252*\353\352k\352O\235k:]\337XU+\337\215\361\343\025"
  74      6BEA4F9D 
  74      6B3A5DDF 
  74      58552BDF 
  74      8DF1E315 
  75 0266 B1C678AC 		.ascii	"\261\306x\254\256\272!\026?[\033;S\335p\264\226tMS\374"
  75      AEBA2116 
  75      3F5B1B3B 
  75      53DD70B4 
  75      96744D53 
  76 027b 2F580541 		.ascii	"/X\005A\307"
  76      C7
  77              		.text
  78              		.section	.gnu.lto_palWriteBus.768e6308,"",%progbits
  79 0000 789C8D53 		.ascii	"x\234\215S\315KTQ\024\277\347\336;o\276\3368\037\264"
  79      CD4B5451 
  79      14BFE7DE 
  79      3B6FBEDE 
  79      381FB4
  80 0013 1017D146 		.ascii	"\020\027\321F\204b\232$\332\264\212\204\376\201\266"
  80      84629A24 
  80      DAB48A84 
  80      FE81B6
  81 0022 6ED4160E 		.ascii	"n\324\026\016\010F\243\313\3017:A\020\245Y\304\240Y"
  81      0846A3CB 
  81      C1373A41 
  81      10A559C4 
  81      A059
ARM GAS  C:\Users\PETERL~1\AppData\Local\Temp\ccM6UUSh.s 			page 6


  82 0034 51449AE5 		.ascii	"QD\232\345\224\351\370\221\325$\004\202\245\230\366"
  82      94E9F891 
  82      D5240482 
  82      A598F6
  83 0043 31260A35 		.ascii	"1&\0125B-\002u\004\235J\354\234\373\2369\324\306\007"
  83      422D0275 
  83      049D4AEC 
  83      9CFB9E39 
  83      D4C607
  84 0056 73EE3D5F 		.ascii	"s\356=_\277s~\347\334\021\354\377\257\002\177a\311\330"
  84      BF737EE7 
  84      DC11ECFF 
  84      AF027F61 
  84      C9D8
  85 0068 313C4163 		.ascii	"1<Ac\300\333\246\030\21398\227\267m\314p\211\225\011"
  85      C0DBA618 
  85      8B393897 
  85      B76DCC70 
  85      899509
  86 007b C60C5D70 		.ascii	"\306\014]p9\027B\3256\266\0375\01163\312\006@\027\006"
  86      391742D5 
  86      36B61F35 
  86      093633CA 
  86      06401706 
  87 008f AC890B69 		.ascii	"\254\211\013i\203&\370\316W9\264\245{\023\356\262{\206"
  87      8326F8CE 
  87      5739B4A5 
  87      7B13EEB2 
  87      7B86
  88 00a1 61ACDC19 		.ascii	"a\254\334\031*>_\234\347\214\345\270Y\017\356C\031\206"
  88      2A3E5F9C 
  88      E78CE5B8 
  88      590FEE43 
  88      1986
  89 00b3 ACC43259 		.ascii	"\254\3042Y\273\010\002\303\373H\337\372[\3677\236\347"
  89      BB0802C3 
  89      FB48DFFA 
  89      5BF7379E 
  89      E7
  90 00c4 7080D4D1 		.ascii	"p\200\324\321\366\211\204F*\227\244~\310df\265\322\273"
  90      F6898446 
  90      2A97A47E 
  90      C86466B5 
  90      D2BB
  91 00d6 86D19C1E 		.ascii	"\206\321\234\036\3517N\310<\027\320\015\002\361\240"
  91      E9374EC8 
  91      3C17D00D 
  91      02F1A0
  92 00e5 074AE001 		.ascii	"\007J\340\001\224041\350\205R\214N\246f:<\242\\\341"
  92      94303431 
  92      E885528C 
  92      4EA6663A 
  92      3CA25CE1 
  93 00f9 8E75769C 		.ascii	"\216uv\2344\023?\233\211\022\036\376\233(\031<\202R"
  93      34133F9B 
  93      89121EFE 
  93      9B28193C 
ARM GAS  C:\Users\PETERL~1\AppData\Local\Temp\ccM6UUSh.s 			page 7


  93      8252
  94 010b 8A5E8D6F 		.ascii	"\212^\215o}tkql\332\267\265\323/\364\201\006x\240!\031"
  94      7D746B71 
  94      6CDAB7B5 
  94      D32FF481 
  94      0678A021 
  95 0120 481BDBDB 		.ascii	"H\033\333\333_\007~\017\311}\034\250\232\304t\233\206"
  95      5F077E0F 
  95      C97D1CA8 
  95      9AC4749B 
  95      86
  96 0131 42B30381 		.ascii	"B\263\003\2018\360jw\222p\221p\223['\341A\341(\"\233"
  96      38F06A77 
  96      92709170 
  96      935B27E1 
  96      41E12822 
  97 0146 97848F54 		.ascii	"\227\204\217T?\335\002$\030\313b)\032\3432\347t\212"
  97      3FDD0224 
  97      18CB6229 
  97      1AE332E7 
  97      748A
  98 0158 F710FFD4 		.ascii	"\367\020\377\324\222\273$\250\372\006\247\201.e\247"
  98      92BB24A8 
  98      FA06A781 
  98      2E65A7
  99 0167 671C3412 		.ascii	"g\0344\022\201\315$\261q\372\226Q\303\355\210yhN\201"
  99      81CD24B1 
  99      71FA9651 
  99      C3ED8879 
  99      684E81
 100 017a 192B3176 		.ascii	"\031+1vp\363\326\017O\027tB\236;1\333\014G\373\215\365"
 100      70F3D60F 
 100      4F177442 
 100      9E3B31DB 
 100      0C47FB8D 
 101 018f AB196FF0 		.ascii	"\253\031o\360P\236\273\3401t\301\232\332\007<\201 \303"
 101      509EBBE0 
 101      3174C19A 
 101      DA073C81 
 101      20C3
 102 01a1 7A536217 		.ascii	"zSb\027 \371zr\\\315\337\345e\320\377\267\230d\363\345"
 102      20F97A72 
 102      5CCDDFE5 
 102      65D0FFB7 
 102      9864F3E5 
 103 01b5 62012405 		.ascii	"b\001$\005\022\336\315\331\313}<\372\313\270`8\362\334"
 103      12DECDD9 
 103      CB7D3CFA 
 103      CBB86038 
 103      F2DC
 104 01c7 9DE334A7 		.ascii	"\235\3434\247\247\020%\327\365\326\271a\201\256\004"
 104      A71025D7 
 104      F5D6B961 
 104      81AE04
 105 01d6 B9749A26 		.ascii	"\271t\232&+$\241+\265\247\365\3320\366\321\031k\243"
 105      2B24A12B 
 105      B5A7F5DA 
ARM GAS  C:\Users\PETERL~1\AppData\Local\Temp\ccM6UUSh.s 			page 8


 105      30F6D119 
 105      6BA3
 106 01e8 280F0C40 		.ascii	"(\017\014@\024\006\255^oe\273\023n\004\300\227\243C"
 106      1406AD5E 
 106      6F65BB13 
 106      6E04C097 
 106      A343
 107 01fa 0AA35451 		.ascii	"\012\243TQ\030\202h\236\027\251nljRD\375\312\222E^\333"
 107      1882689E 
 107      17A96E6C 
 107      6A5244FD 
 107      CA92455E 
 108 020f 0B792F0C 		.ascii	"\013y/\014+\362@\344G\220<B\374\324L\000\307\006n\243"
 108      2BF240E4 
 108      47903C42 
 108      FCD44C00 
 108      C7066EA3 
 109 0223 609ACEBD 		.ascii	"`\232\316\275\000J\030U\200\352\271<S\200-\233\026\240"
 109      004A1855 
 109      80EAB93C 
 109      53802D9B 
 109      16A0
 110 0235 4B613A0B 		.ascii	"Ka:\0131\335{\333\320\330\356\206\236\233\230\355\026"
 110      31DD7BDB 
 110      D0D8EE86 
 110      9E9B98ED 
 110      16
 111 0246 A66E624C 		.ascii	"\246nbL~\331\314\3514L\233\217\301\013\004\300\032\213"
 111      7ED9CCE9 
 111      344C9B8F 
 111      C10B04C0 
 111      1A8B
 112 0258 7633C483 		.ascii	"v3\304\203Q\224\262`\245\024\251N<\205\235y\221\252"
 112      5194B260 
 112      A514A94E 
 112      3C859D79 
 112      91AA
 113 026a D5D94E96 		.ascii	"\325\331N\226\017\201\013\263\374*\312G\246u\313\024"
 113      0F810BB3 
 113      FC2ACA47 
 113      A675CB14 
 114 027a 50587E34 		.ascii	"PX~4\215\267+>\205[\365*\016\005\334\020P\203\227\026"
 114      8DB72B3E 
 114      855BF52A 
 114      0E05DC10 
 114      50839716 
 115 028e B7EC9B8B 		.ascii	"\267\354\233\213)G\260\327\210\243\303\017iEO\230\357"
 115      2947B0D7 
 115      88A3C30F 
 115      69454F98 
 115      EF
 116 029f E25DCF74 		.ascii	"\342]\317t\207n\271\002\360\012\202k\370\326\220\370"
 116      876EB902 
 116      F00A826B 
 116      F8D690F8 
 117 02af 3804B124 		.ascii	"8\004\261$[\204Xz\373\224z\000\214\376+@\233\307\321"
 117      5B84587A 
ARM GAS  C:\Users\PETERL~1\AppData\Local\Temp\ccM6UUSh.s 			page 9


 117      FB947A00 
 117      8CFE2B40 
 117      9BC7D1
 118 02c2 1CAC385E 		.ascii	"\034\2548^YQ\033\256\016\237nh<\023\256\257\254\241"
 118      59511BAE 
 118      0E9F6E68 
 118      3C13AEAF 
 118      ACA1
 119 02d4 7B7DE4E8 		.ascii	"{}\344\350\221P}$T[U\027\212\234\253\011\235\255\252"
 119      91507D24 
 119      545B5517 
 119      8A9CAB09 
 119      9DADAA
 120 02e7 3B5CC344 		.ascii	";\\\303DucDV\207\033\"\177\000\273\245\212\242"
 120      75634456 
 120      871B227F 
 120      00BBA58A 
 120      A2
 121              		.text
 122              		.section	.gnu.lto_palSetBusMode.768e6308,"",%progbits
 123 0000 789C8D52 		.ascii	"x\234\215RMKTQ\030>\3179\347\336\271\316\235Is%.\242"
 123      4D4B5451 
 123      183ECF39 
 123      E7DEB9CE 
 123      9D497325 
 124 0016 8D08854D 		.ascii	"\215\010\205M\022mZ\005.\372\001m\335\370\021(\030\023"
 124      126D5A05 
 124      2EFA016D 
 124      DDF81128 
 124      1813
 125 0028 4DAE62F0 		.ascii	"M\256b\360\216\032\264J\263\210\0015\203\010\277\312"
 125      8E1AB44A 
 125      B3880135 
 125      8308BFCA 
 126 0038 294BF333 		.ascii	")K\3633\206 \020\"C\264\217\021\263\205#%\024hJu\011"
 126      86201022 
 126      43B48F11 
 126      B3852325 
 126      14684A75 
 127 004d B1F7BDD7 		.ascii	"\261\367\275\327\322>\026^\270\347\234\347\234\347}"
 127      D23E165E 
 127      B8E79CE7 
 127      9CE77D
 128 005c DEF77DCE 		.ascii	"\336\367}\316Q\342\337\257\214\376\213J\210\3434\303"
 128      51E2DFAF 
 128      8CFE8B4A 
 128      88E334C3 
 129 006c 1490ADD3 		.ascii	"\024\220\255\323B$,)\365-C8A\265:%\204\023RR\317E\010"
 129      42242C29 
 129      F52D4338 
 129      41B53A25 
 129      84135252 
 130 0083 1A130708 		.ascii	"\032\023\007\010i\030>\313\000x! \032\244\322\006\032"
 130      69183ECB 
 130      00782120 
 130      1AA4D206 
 130      1A
ARM GAS  C:\Users\PETERL~1\AppData\Local\Temp\ccM6UUSh.s 			page 10


 131 0094 B022D724 		.ascii	"\260\"\327$Z\323\375I\273\370\216\3438\253m\223\005"
 131      5AD3FD49 
 131      BBF88EE3 
 131      38AB6D93 
 131      05
 132 00a5 970A5C29 		.ascii	"\227\012\\)\304\272\364\363\241\033\305DYMd\262\001"
 132      C4BAF4F3 
 132      A11BC544 
 132      594D64B2 
 132      01
 133 00b6 550241EB 		.ascii	"U\002A\353\321\201\215\027\366G\351J\034d8\3266\225"
 133      D1818D17 
 133      F647E94A 
 133      1C6438D6 
 133      3695
 134 00c8 34194ACD 		.ascii	"4\031J\315\360u&3k\026\335v\234\306\364\370\240sR\273"
 134      F0752633 
 134      6B16DD76 
 134      9CC6F4F8 
 134      A07352BB 
 135 00dc 52A1078A 		.ascii	"R\241\007\212\364\320\213B\364\241P\320\226@?\212\210"
 135      F4D08B42 
 135      F4A150D0 
 135      96403F8A 
 135      88
 136 00ed FDC15DE9 		.ascii	"\375\301]\351\016\253ROw\263\357jG\320\217\314\370\221"
 136      0EAB524F 
 136      77B3EF6A 
 136      47D08FCC 
 136      F891
 137 00ff 1A77FF8E 		.ascii	"\032w\377\216\324\002\367P\304\364\265\346\3157\266"
 137      D402F750 
 137      C4F4B5E6 
 137      CD37B6
 138 010e D94C55E7 		.ascii	"\331LU\347m\376*\030\0030A\023m\244\362\323\316\326"
 138      6DFE2A18 
 138      03304113 
 138      6DA4F2D3 
 138      CED6
 139 0120 D652EAD3 		.ascii	"\326R\352\323\244\016Kp:M\341\206I\203\031\240!`1\314"
 139      A40E4B70 
 139      3A4DE186 
 139      498319A0 
 139      216031CC 
 140 0134 A1C10A32 		.ascii	"\241\301\0122\264\341\011\213,\351\260I\313R\362\254"
 140      B4E1098B 
 140      2CE9B049 
 140      CB52F2AC 
 141 0144 5EA1F96D 		.ascii	"^\241\371mS\252E\261\3647\311v\275\317\276\234\261\270"
 141      53AA45B1 
 141      F437C976 
 141      BDCFBE9C 
 141      B1B8
 142 0156 61BA06A4 		.ascii	"a\272\006\244\250*\376\226\011\221\367j\036\215\303"
 142      A82AFE96 
 142      0991F76A 
 142      1E8DC3
ARM GAS  C:\Users\PETERL~1\AppData\Local\Temp\ccM6UUSh.s 			page 11


 143 0165 F0B99AB8 		.ascii	"\360\271\232\270C\337\273>\207;\321\016W\346P\264O\247"
 143      43DFBB3E 
 143      873BD10E 
 143      57E650B4 
 143      4FA7
 144 0177 FD8E8D6B 		.ascii	"\375\216\215k\231\334\222\303\256\014\342>:\361\305"
 144      99DC92C3 
 144      AE0CE23E 
 144      3AF1C5
 145 0186 731B0F50 		.ascii	"s\033\017P\"(\337\264\332\021H={\376\324s7\230+0\370"
 145      2228DFB4 
 145      DA11483D 
 145      7BFED473 
 145      37982B30 
 146 019b 3B9916F3 		.ascii	";\231\026\363\245j\001\232\211\254ws\366\312\200\214"
 146      A56A019A 
 146      89AC7773 
 146      F6CA808C 
 147 01ab FF702E3B 		.ascii	"\377p.;\226+\355u\311&<D\234\217n\264\314\215(:J\362"
 147      962BED75 
 147      C9263C44 
 147      9C8F6EB4 
 147      CC8D283A 
 148 01c1 5188AD12 		.ascii	"Q\210\255\022\273\233\010y\260\267\345\372\010\325\321"
 148      BB9B0879 
 148      B0B7E5FA 
 148      08D5D1
 149 01d0 9E686556 		.ascii	"\236heV\030\217\020\307\320v\255]\331\236\244M\002\364"
 149      188F10C7 
 149      D076AD5D 
 149      D99EA44D 
 149      02F4
 150 01e2 2E421826 		.ascii	".B\030&\226\227\024\217\021w\345>\257\032\303s\212["
 150      9697148F 
 150      1177E53E 
 150      AF1AC373 
 150      8A5B
 151 01f4 9FF9BADD 		.ascii	"\237\371\272\335\274\271\227\346s1\3425\017n~\224\232"
 151      BCB997E6 
 151      7331E235 
 151      0F6E7E94 
 151      9A
 152 0205 DFE55E60 		.ascii	"\337\345^`/\002y\030\363\004\274\273\037\377S\300\332"
 152      2F027918 
 152      F304BCBB 
 152      1FFF53C0 
 152      DA
 153 0216 9BFD133B 		.ascii	"\233\375\023;\366O\372\002\213\001_\200\",\302M\013"
 153      F64FFA02 
 153      8B015F80 
 153      222CC24D 
 153      0B
 154 0227 A68F8354 		.ascii	"\246\217\203T\024\355\212\005\230\377\265}\377:\327"
 154      14ED8A05 
 154      98FFB57D 
 154      FF3AD7
 155 0236 8127643B 		.ascii	"\201'd;\365\357\361mW\346\213E$\322\357Ny!\202\337\027"
ARM GAS  C:\Users\PETERL~1\AppData\Local\Temp\ccM6UUSh.s 			page 12


 155      F5EFF16D 
 155      57E68B45 
 155      24D2EF4E 
 155      792182DF 
 156 024b D82D621E 		.ascii	"\330-b\036*;Q^VS[Y{\372B}um\264\274\212\327\321\330"
 156      2A3B515E 
 156      56535B59 
 156      7BFA427D 
 156      756DB4BC 
 157 0263 B1A39168 		.ascii	"\261\243\221h,RSQ\027\211\235\257\212\234\253\250;R"
 157      2C525351 
 157      17899DAF 
 157      8A9CABA8 
 157      3B52
 158 0275 2554657D 		.ascii	"%Te}L\237\215V\237\371\011\215\201?\300"
 158      4C9F8D56 
 158      9FF9098D 
 158      813FC0
 159              		.text
 160              		.section	.gnu.lto_.symbol_nodes.768e6308,"",%progbits
 161 0000 789C55C9 		.ascii	"x\234U\311\313\015\302@\024C\321\373<\223O\027\224\372"
 161      CB0DC240 
 161      1443D1FB 
 161      3C934F17 
 161      94FA
 162 0012 B208F90A 		.ascii	"\262\010\371\012\211\012\320\024\303\032\032\311\206"
 162      890AD014 
 162      C31A1AC9 
 162      86
 163 001f 0E083048 		.ascii	"\016\0100H\031/lY'\000\027r\324\313\341\372\000wn\251"
 163      192F6C59 
 163      27001772 
 163      D4CBE1FA 
 163      00776EA9 
 164 0033 A59A4492 		.ascii	"\245\232D\222\007\235\345V\300,\373\302 W\001\213\364"
 164      079DE556 
 164      C02CFBC2 
 164      2057018B 
 164      F4
 165 0044 011BF7FA 		.ascii	"\001\033\367\372\001]\327b\253<\036~\240\246\177=-("
 165      015DD762 
 165      AB3C1E7E 
 165      A0A67F3D 
 165      2D28
 166 0056 6FFC6FC3 		.ascii	"o\374o\303}\330N\274\001)\317$\353"
 166      7DD84EBC 
 166      0129CF24 
 166      EB
 167              		.text
 168              		.section	.gnu.lto_.refs.768e6308,"",%progbits
 169 0000 789C6366 		.ascii	"x\234cf``\020`\200\000F\006&F\026F&&f\026F\026&V\026"
 169      60601060 
 169      80004606 
 169      26461646 
 169      26266616 
 170 0019 060002F7 		.ascii	"\006\000\002\367\0008"
 170      0038
ARM GAS  C:\Users\PETERL~1\AppData\Local\Temp\ccM6UUSh.s 			page 13


 171              		.text
 172              		.section	.gnu.lto_.decls.768e6308,"",%progbits
 173 0000 789CAD58 		.ascii	"x\234\255X{PSW\032\277\347\236$\206\020B\267\330\326"
 173      7B505357 
 173      1ABFE79E 
 173      24861042 
 173      B7D8D6
 174 0013 65BA23D2 		.ascii	"e\272#\322Y\306v\254\240n\267\333\316\354\324V\335\342"
 174      59C676AC 
 174      A06EB7DB 
 174      CEECD456 
 174      DDE2
 175 0025 AEAD4C6C 		.ascii	"\256\255Ll\267\335)3)\205X\231E\342\222\260\273\375"
 175      B7DD2933 
 175      29855899 
 175      45E292B0 
 175      BBFD
 176 0037 EFF25250 		.ascii	"\357\362RP\024\014\202\340\003\003\002\002\242\274\304"
 176      140C82E0 
 176      03030202 
 176      A2BCC4
 177 0046 07A0282A 		.ascii	"\007\240(*\202\017t\221\276\0045hi\021TP\261\006T\262"
 177      820F7491 
 177      BE043568 
 177      69115450 
 177      B10654B2 
 178 005a DF39E726 		.ascii	"\3379\347&\271I\203v\246\315\314\311y\375\316\367\375"
 178      B9498376 
 178      A6CDCCC9 
 178      79FDCEF7 
 178      FD
 179 006b BED7B937 		.ascii	"\276\327\2717\301\034\307\335D\034g\207\317\177\002"
 179      C11CC7DD 
 179      441C6787 
 179      CF7F02
 180 007a 38EE63CC 		.ascii	"8\356c\314q2X\213\200&\207\326\000\255\011Z+\264\337"
 180      7132588B 
 180      802687D6 
 180      00AD095A 
 180      2BB4DF
 181 008d 012E001A 		.ascii	"\001.\000\032'\356\315\200q\010\264\331\320\346A{\003"
 181      27EECD80 
 181      7108B4D9 
 181      D0E6417B 
 181      03
 182 009e 1A1CE7FE 		.ascii	"\032\034\347\376\014\375|h\013D\254\343C\360\277\201"
 182      0CFD7C68 
 182      0B44ACE3 
 182      43F0BF81 
 183 00ae 5E034D4D 		.ascii	"^\003MMz\304d\206\303X\011\375\014\350\377\012\355E"
 183      7AC46486 
 183      C35809FD 
 183      0CE8FF0A 
 183      ED45
 184 00c0 51CF42C4 		.ascii	"Q\317B\304\364\357\2036\007\306*h\012h\0278\306q\032"
 184      F4EF8336 
 184      07C62A68 
ARM GAS  C:\Users\PETERL~1\AppData\Local\Temp\ccM6UUSh.s 			page 14


 184      0A681738 
 184      C6711A
 185 00d3 8C5F8036 		.ascii	"\214_\2006\016\343\337B\317\213:\010\027$\362\220~\010"
 185      0EE3DF42 
 185      CF8B3A08 
 185      1724F290 
 185      7E08
 186 00e5 D700D136 		.ascii	"\327\000\3216\007\007\242_\363\024\016\304\376F\017"
 186      0707A25F 
 186      F3140EC4 
 186      FE460F
 187 00f4 0EC31CE3 		.ascii	"\016\303\034\343!\227\360\240\034\240\015q\214K\210"
 187      2197F0A0 
 187      1CA00D71 
 187      8C4B88
 188 0103 84CB7C0F 		.ascii	"\204\313|\017.\263'\341\362\362S\270\2208\034\223p!"
 188      2EB327E1 
 188      F2F253B8 
 188      90381C93 
 188      7021
 189 0115 DC17417B 		.ascii	"\334\027A{]\364\275\224\013\346\334cC(x\306\344\016"
 189      5DF4BD94 
 189      0BE6DC63 
 189      432878C6 
 189      E40E
 190 0127 8FDA776F 		.ascii	"\217\332wo\377\024\003\357;\274\354\372\266\232\375"
 190      FF1403EF 
 190      3BBCECFA 
 190      B69AFD
 191 0136 FE282430 		.ascii	"\376($0PU\"\010B\2720\037\355F*\264\013a\311\211|X\267"
 191      50552208 
 191      42BA301F 
 191      ED462AB4 
 191      0B61C989 
 192 014d BD453660 		.ascii	"\275E6`\250\244}\272 $\013#f\001O\343\320\254@\364r"
 192      A8A47DBA 
 192      20240B23 
 192      66014FE3 
 192      D0AC40F4 
 193 0162 2087CA51 		.ascii	" \207\312Q\010\335\342P%\012D\025(\220h\272\226s'C\256"
 193      08DDE250 
 193      250A4415 
 193      289068BA 
 193      96732743 
 194 0177 12D1E94F 		.ascii	"\022\321\351OC\2477o*\363\031\340\221F\3651\231\376"
 194      43A7376F 
 194      2AF319E0 
 194      9146F531 
 194      99FE
 195 0189 905D5EAD 		.ascii	"\220]^\255\206\251Z\345K\246\207\366\216\236\363\245"
 195      86A95AE5 
 195      4BA687F6 
 195      8E9EF3A5 
 196 0199 BB4164DA 		.ascii	"\273Ad\332hn\317W\320]\031\231\256\037\277sNC\247*2"
 196      686ECF57 
 196      D05D1999 
 196      AE1FBF73 
ARM GAS  C:\Users\PETERL~1\AppData\Local\Temp\ccM6UUSh.s 			page 15


 196      4E43A72A 
 197 01ae 1D1F3B95 		.ascii	"\035\037;\225\244 \212\005!;E\360i\327\300\006\252\006"
 197      A4208A05 
 197      213B45F0 
 197      69D7C006 
 197      AA06
 198 01c0 5535A08A 		.ascii	"U5\240\212CuT\365\314@T\3134\267\247V\236\367{6\233"
 198      437554F5 
 198      CC4054CB 
 198      34B7A756 
 198      9EF77B36 
 199 01d5 C2052108 		.ascii	"\302\005!\010Q/\354\001\370^\012\257G\317:\016\021\364"
 199      512FEC01 
 199      F85E0AAF 
 199      47CF3A0E 
 199      11F4
 200 01e7 C44D7B87 		.ascii	"\304M{\207\277\024]\365$\364\331\037\317\334\323\250"
 200      BF145DF5 
 200      24F4D91F 
 200      CFDCD3A8 
 201 01f7 D7121F88 		.ascii	"\327\022\037\210T\366\241g%\\\032\020I\005\332\003\272"
 201      54F6A167 
 201      255C1A10 
 201      4905DA03 
 201      BA
 202 0208 A6657706 		.ascii	"\246ew\006\363\301\247\344\360\203\264\221\014\0255"
 202      F3C1A7E4 
 202      F083B491 
 202      0C1535
 203 0217 4B4D8DBE 		.ascii	"KM\215\276S\230\3477\271Y\007\035f\355ef\235\3722\251"
 203      5398E737 
 203      B959071D 
 203      66ED6566 
 203      9DFA32A9 
 204 022b CDC7D3AC 		.ascii	"\315\307\323\254\375\000?@\341\207(\321\203\016\242"
 204      FD003F40 
 204      E18728D1 
 204      830EA2
 205 023a 655D3FEE 		.ascii	"e]?\356\220{\2325)\372@\317\216R\205\233Y\215nf5\211"
 205      907B9A35 
 205      29FA40CF 
 205      8E52859B 
 205      598D6E66 
 206 0250 663551B3 		.ascii	"f5Q\263vl\250\033SP\263V\221\303\265E=\01705KC\2467"
 206      766CA81B 
 206      5350B356 
 206      91C3B545 
 206      3D0F3035 
 207 0268 EB2C6D4A 		.ascii	"\353,mJ:\365#\323\013i\023\312\311\215lq\030y\204\031"
 207      3AF523D3 
 207      0B6913CA 
 207      C98D6C71 
 207      18798419 
 208 027c 595AB5CD 		.ascii	"YZ\265\315\346\353id3\300\017S\370QJ\273\305A;\317\372"
 208      E6EB6964 
 208      33C00F53 
 208      F8514ABB 
ARM GAS  C:\Users\PETERL~1\AppData\Local\Temp\ccM6UUSh.s 			page 16


 208      C5413BCF 
 209 0291 3853E169 		.ascii	"8S\341i\344\244\350\242n{\236\322\315\310cnF\266\212"
 209      E4A4E8A2 
 209      6E7B9ED2 
 209      CDC8636E 
 209      46B68A
 210 02a4 46B65223 		.ascii	"F\266R#\277\352\255\275*\307SHa\241\235\371}\335\252"
 210      BFEAADBD 
 210      2AC75348 
 210      61A19DF9 
 210      7DDDAA
 211 02b7 5995B4A8 		.ascii	"Y\225\264\250\216\016 W\361\035o/\352\221SOXy2\277t"
 211      8E0E2057 
 211      F11D6F2F 
 211      EA91534F 
 211      587932BF 
 212 02cc BEB68F25 		.ascii	"\276\266\217%\356,\312\257r \006O\245\"\222\312\232"
 212      EE2CCAAF 
 212      7220064F 
 212      A52292CA 
 212      9A
 213 02dd 32A7C0CE 		.ascii	"2\247\300\316\014\025=xu\353X\211\017\235\222\253\333"
 213      0C153D78 
 213      75EB5889 
 213      0F9D92AB 
 213      DB
 214 02ee 9F2CB51C 		.ascii	"\237,\265\034\261\265\251\360\014\212\316L\267v\250"
 214      B1B5A9F0 
 214      0C8ACE4C 
 214      B776A8
 215 02fd F02B64CC 		.ascii	"\360+d\314\267\177/\354\324\240\020Z\323#\267\314m/"
 215      B77F2FEC 
 215      D4A0105A 
 215      D323B7CC 
 215      6D2F
 216 030f 0A820C9D 		.ascii	"\012\202\014\235\003C\317 \214N\240Y\2042\221J>\351"
 216      0343CF20 
 216      8C4EA059 
 216      8432914A 
 216      3EE9
 217 0321 2EE338A7 		.ascii	".\3438\247e\350,\324\347\014\025\305\242vX\354\240\276"
 217      65E82CD4 
 217      E70C15C5 
 217      A27658EC 
 217      A0BE
 218 0333 E64F3E3A 		.ascii	"\346O>:\222*G\252\020\357\207\316{9D)4\247\231\237'"
 218      922A47AA 
 218      10EF87CE 
 218      7B394429 
 218      34A7999F 
 219 0348 143A81C2 		.ascii	"\024:\201\302i\027\205sH\345t\313\255\326\222\377\222"
 219      69178573 
 219      48E574CB 
 219      ADD692FF 
 219      92
 220 0359 98A7FC3C 		.ascii	"\230\247\374<\261\244\012{V\247\252\261\015Q\353\327"
 220      B1A40A7B 
ARM GAS  C:\Users\PETERL~1\AppData\Local\Temp\ccM6UUSh.s 			page 17


 220      56A7AAB1 
 220      0D51EBD7 
 221 0369 D76FD9A2 		.ascii	"\327o\331\242\304\023lb\313.-\225\3414z\303\241\222"
 221      C4136C62 
 221      CB2E2D95 
 221      E1347AC3 
 221      A192
 222 037b DCBC2A39 		.ascii	"\334\274*9\365\257\222L\233\212*\206\225x=\333k\351"
 222      F5AF924C 
 222      9B8A2A86 
 222      95783DDB 
 222      6BE9
 223 038d 483AA7C2 		.ascii	"H:\247\3029lr\346\232\355\036\273n\236!\323\036s\321"
 223      396C72E6 
 223      9AED1EBB 
 223      6E9E21D3 
 223      1E73D1
 224 03a0 2E0DDECC 		.ascii	".\015\336\314\366:'\262\357N\301[\335\201\032\006\334"
 224      F63A27B2 
 224      EF4EC15B 
 224      DD811A06 
 224      DC
 225 03b1 F275FF28 		.ascii	"\362u\377(\313e\032\317\334\323[\263\344x;\203f\367"
 225      CB651ACF 
 225      DCD35BB3 
 225      E4783B83 
 225      66F7
 226 03c3 992FCA70 		.ascii	"\231/\312p\031\357\026\317 \026\317\315C\266}J:\265"
 226      19EF16CF 
 226      2016CFCD 
 226      43B67D4A 
 226      3AB5
 227 03d5 DB31716E 		.ascii	"\3331qn\361\345\013}>\316\250\355\357G\304e}\340\262"
 227      F1E50B7D 
 227      3ECEA8ED 
 227      EF47C465 
 227      7DE0B2
 228 03e8 CB2E9705 		.ascii	"\313.\227\005I\243\006\316\222\227\203\247.\201Sz\210"
 228      49A306CE 
 228      929783A7 
 228      2E81537A 
 228      88
 229 03f9 A7ACE0A9 		.ascii	"\247\254\340\251 \321SW`\361*\213Z\375\265\333\353T"
 229      20D15357 
 229      60F12A8B 
 229      5AFDB5DB 
 229      EB54
 230 040b 0EC1CD27 		.ascii	"\016\301\315'7\320X\\\007\301\275.\301}\350\211\222"
 230      37D0585C 
 230      07C1BD2E 
 230      C17DE889 
 230      92
 231 041c AF79958C 		.ascii	"\257y\225\214\016\014g]C\270\226\331\267n\323h\007\217"
 231      0E0C675D 
 231      43B896D9 
 231      B76ED368 
 231      078F
ARM GAS  C:\Users\PETERL~1\AppData\Local\Temp\ccM6UUSh.s 			page 18


 232 042e 1BD88365 		.ascii	"\033\330\203emK\363T\024\034\020\034b\001y#\0173\232"
 232      6D4BF354 
 232      141C101C 
 232      62017923 
 232      0F339A
 233 0441 16A7A408 		.ascii	"\026\247\244\010\233\246Q\265\337\201\332\037P\200K"
 233      9BA651B5 
 233      DF81DA1F 
 233      50804B
 234 0450 FA4C524B 		.ascii	"\372LRK\257\300\027\267\221\026\246E\230\237\300I\312"
 234      AFC017B7 
 234      9116A645 
 234      989FC049 
 234      CA
 235 0461 8C804135 		.ascii	"\214\200A5\272\001,\276G\301h\000\005S\256D\266\345"
 235      BA012CBE 
 235      47C16800 
 235      0553AE44 
 235      B6E5
 236 0473 569AA23C 		.ascii	"V\232\242<\214\312\355\367*\367\022\021A\363\320:T\212"
 236      8CCAEDF7 
 236      2AF71211 
 236      41F3D03A 
 236      548A
 237 0485 9404C189 		.ascii	"\224\004\301\211V\273\252\362\364`\333-\005~\314\270"
 237      56BBAAF2 
 237      F460DB2D 
 237      057ECCB8 
 238 0495 67DE3FD0 		.ascii	"g\336?\320\243F\301\301S)y\353`i\247Zh\017\243\331\373"
 238      A346C1C1 
 238      532979EB 
 238      6069A75A 
 238      680FA3D9 
 239 04aa 2DA8B885 		.ascii	"-\250\270\205\246\272\222\323E\335B4\334\356\227\037"
 239      A6BA92D3 
 239      45DD4234 
 239      DCEE971F 
 240 04ba 4D662C06 		.ascii	"Mf,\006'\207\232\305\273m\276Ij%\001\023+o\203\225C"
 240      27879AC5 
 240      BB6DBE49 
 240      6A250113 
 240      2B6F8395 
 241 04cf 60E54DD1 		.ascii	"`\345M\321JJ\375F\332\024\001\021\310O\271\027g\015"
 241      4A4AFD46 
 241      DA140111 
 241      C84FB917 
 241      670D
 242 04e1 AFF39F0A 		.ascii	"\257\363\237\0122\223&\225\311\271\011\20439\337\024"
 242      32932695 
 242      C9B90984 
 242      3339DF14 
 243 04f1 4FA8B09D 		.ascii	"O\250\260\235\005\256\340\301\3316\177\232\301\323\350"
 243      05AEE0C1 
 243      D9367F9A 
 243      C1D3E8
 244 0500 E57CE248 		.ascii	"\345|\342H\212/N\305tO\230h\177\354\2073\330\304\361"
 244      8A2F4EC5 
ARM GAS  C:\Users\PETERL~1\AppData\Local\Temp\ccM6UUSh.s 			page 19


 244      744F9868 
 244      7FEC8733 
 244      D8C4F1
 245 0513 0856B347 		.ascii	"\010V\263G\360\366\313\027o\372\341\015l\257\376Hz\016"
 245      F0F6CB17 
 245      6FFAE10D 
 245      6CAFFE48 
 245      7A0E
 246 0525 D4129B94 		.ascii	"\324\022\233\224_\3534\373Q\340L\230\372\025\027\337"
 246      5FEB34FB 
 246      51E04C98 
 246      FA1517DF 
 247 0535 1F54A080 		.ascii	"\037T\240\200`\327'd\243x\003\023\272'\201n\033\245"
 247      60D72764 
 247      A3780313 
 247      BA27816E 
 247      1BA5
 248 0547 6B13039D 		.ascii	"k\023\003\235\312\207\240\307\3008\205\017F\023\320"
 248      CA87A0C7 
 248      C038850F 
 248      4613D0
 249 0556 8F411B87 		.ascii	"\217A\033\207\366\010Z2\254=\204\336\016M\200q\022\357"
 249      F6085A32 
 249      AC3D84DE 
 249      0E4D8071 
 249      12EF
 250 0568 4886D414 		.ascii	"H\206\324\024\353\0251V\027 V_B\000\210@g\000\272\251"
 250      EB153156 
 250      1720565F 
 250      42008840 
 250      6700BAA9 
 251 057c 8E6A1428 		.ascii	"\216j\024(\242-WK\025\"\366+O\354\327H\022X\200\332"
 251      A22D574B 
 251      1522F62B 
 251      4FECD748 
 251      125880DA 
 252 0590 9CD0BB9E 		.ascii	"\234\320\273\236\320;\236b\007\234\330o\274\213\225"
 252      D03B9E62 
 252      079CD86F 
 252      BC8B95
 253 059f 607B9CD8 		.ascii	"`{\234\330\377ybg\2723\270\354D^\364n\230\013:\346\204"
 253      FF796267 
 253      BA33B8EC 
 253      445EF46E 
 253      980B3AE6 
 254 05b4 DEF3848E 		.ascii	"\336\363\204\216z@\307\235\320\373\336\241\022\256\017"
 254      7A40C79D 
 254      D0FBDEA1 
 254      12AE0F
 255 05c3 9DD81F3D 		.ascii	"\235\330\037=\261\017\334\304&Y\207K\365G!\203\206!"
 255      B10FDCC4 
 255      2659874B 
 255      F5472183 
 255      8621
 256 05d5 FD46BCFB 		.ascii	"\375F\274\373\313I\301\332+\211Y\227W'T\273J\370\333"
 256      CB49C1DA 
 256      2B895997 
ARM GAS  C:\Users\PETERL~1\AppData\Local\Temp\ccM6UUSh.s 			page 20


 256      572754BB 
 256      4AF8DB
 257 05e8 5205D481 		.ascii	"R\005\324\201\315K\015\363\205e\243C\276($\200\342\036"
 257      CD4B0DF3 
 257      8565A343 
 257      BE282480 
 257      E21E
 258 05fa E9956835 		.ascii	"\351\225h5\037\200N\271\2568r\210~\274\345\036J\203"
 258      1F804EB9 
 258      AE387288 
 258      7EBCE51E 
 258      4A83
 259 060c 94FB25E9 		.ascii	"\224\373%\351\007Y?vz\365\032?\274\231\225\300\372\346"
 259      07593F76 
 259      7AF51A3F 
 259      BC9995C0 
 259      FAE6
 260 061e 1D777DDC 		.ascii	"\035w}\334^\035\010\035We\246\363j\221\030P\277\222"
 260      5E1D081D 
 260      5765A6F3 
 260      6A911850 
 260      BF92
 261 0630 36940937 		.ascii	"6\224\0117\264\232Ro\312\320\200\211ka\177\015\357$"
 261      B49A526F 
 261      CAD08089 
 261      6B617F0D 
 261      EF24
 262 0642 0F70467E 		.ascii	"\017pF~2\211(\003HK\205\242\207\231\347\353\020.ft\314"
 262      32892803 
 262      484B85A2 
 262      8799E7EB 
 262      102E6674 
 263 0657 5D67EB7D 		.ascii	"]g\353}q\005\235\360{\017^\035V\212\017\004ka\207\012"
 263      71059DF0 
 263      7B0F5E1D 
 263      568A0F04 
 263      6B61870A 
 264 066b D46DE055 		.ascii	"\324m\340U(\323\245\256\023=\361\365`=\357\365\221\\"
 264      28D3A5AE 
 264      133DF1F5 
 264      603DEFF5 
 264      915C
 265 067d DCDBFF00 		.ascii	"\334\333\377\000\343\375L\343W7\252v\373\342&\354\366"
 265      E3FD4CE3 
 265      5737AA76 
 265      FBE226EC 
 265      F6
 266 068e EC0B777F 		.ascii	"\354\013w\177\227\011w\276\313\360\025\205\333\236\360"
 266      970977BE 
 266      CBF01585 
 266      DB9EF0
 267 069d 6AB10914 		.ascii	"j\261\011\024\206\213\0127\362\201\310\314\213\257\026"
 267      868B0A37 
 267      F281C8CC 
 267      8BAF16
 268 06ac F9593DD3 		.ascii	"\371Y=\323\311\343,\007\370g\273\370\207\273\336,\252"
 268      C9E32C07 
ARM GAS  C:\Users\PETERL~1\AppData\Local\Temp\ccM6UUSh.s 			page 21


 268      F867BBF8 
 268      87BBDE2C 
 268      AA
 269 06bd 7EA8BF84 		.ascii	"~\250\277\204\361\016\031\341!\337Sf+A\364&r\273\201"
 269      F10E19E1 
 269      21DF5366 
 269      2B41F426 
 269      72BB81
 270 06d0 5C6FB979 		.ascii	"\\o\271y<K\201-\240p3\204\267\000Z>\357z\334\214t\326"
 270      3C4B812D 
 270      A0703384 
 270      B7005A3E 
 270      EF7ADC8C 
 271 06e6 DAFC0FD5 		.ascii	"\332\374\017\325\011$\273I\210\326\201\316<~\222\252"
 271      0924BB49 
 271      88D681CE 
 271      3C7E92AA 
 272 06f6 85A7533E 		.ascii	"\205\247S>\255\031\302.\327\023\351V\265\000\315\244"
 272      AD19C22E 
 272      D713E956 
 272      B500CDA4 
 273 0706 5012882C 		.ascii	"P\022\210,\257B%U0\276\223T\001@~Z\005\225\345\217V"
 273      AF422555 
 273      30BE9354 
 273      01407E5A 
 273      0595E58F 
 274 071b FB38AAA0 		.ascii	"\3738\252\240\000\252`\033\010:\356\252\002r\350'U\340"
 274      00AA601B 
 274      083AEEAA 
 274      0272E827 
 274      55E0
 275 072d B01F6D05 		.ascii	"\260\037m\005\263\237\344\002\360g\337\343\301N_\267"
 275      B39FE402 
 275      F067DFE3 
 275      C14E5FB7 
 276 073d C4DEE696 		.ascii	"\304\336\346\226\330\333Y\246\222\236\374\372\271\274"
 276      D8DB59A6 
 276      929EFCFA 
 276      B9BC
 277 074b 294729E3 		.ascii	")G)\343\331\034}B\177\253\2454e\035\366{!W|\010>#\243"
 277      D91C7D42 
 277      7FABA534 
 277      651DF67B 
 277      21577C08 
 278 0762 36BB04EC 		.ascii	"6\273\004\354\340_\200\357B^\306\364u\337[\373\006\376"
 278      E05F80EF 
 278      425EC6F4 
 278      75DF5BFB 
 278      06FE
 279 0774 92860F5D 		.ascii	"\222\206\017]\354\252\373\006\005\025\012\226\232\221"
 279      ECAAFB06 
 279      05150A96 
 279      9A91
 280 0782 F6FA1275 		.ascii	"\366\372\022u!\211\203\360\310nG\210\234B\026g\002p"
 280      218983F0 
 280      C86E4788 
 280      9C421667 
ARM GAS  C:\Users\PETERL~1\AppData\Local\Temp\ccM6UUSh.s 			page 22


 280      0270
 281 0794 644C19A3 		.ascii	"dL\031\243\">\010N\266\365\344\0140\036D\031\343q{h"
 281      223E084E 
 281      B6F5E40C 
 281      301E4419 
 281      E3717B68 
 282 07a8 D77517B7 		.ascii	"\327u\027\267b\236.\016\035\316*TK\311E</\341VB\271"
 282      629E2E0E 
 282      1DCE2A54 
 282      4BC9453C 
 282      2FE15642 
 283 07bd ED74702B 		.ascii	"\355tp+)m\356V\340ur\226\343]\331\233U\224\234"
 283      296DEE56 
 283      E0757296 
 283      E35DD99B 
 283      55949C
 284 07d0 B5F1B89E 		.ascii	"\265\361\270\236\021\303\364\010*\225\020+u\020+\243"
 284      11C3F408 
 284      2A95102B 
 284      75102BA3 
 285 07e0 C46A5A5B 		.ascii	"\304jZ[\237\303\233\251\004~u\321\243\012?\307\213\332"
 285      9FC39BA9 
 285      047E75D1 
 285      A30A3FC7 
 285      8BDA
 286 07f2 C31B95DA 		.ascii	"\303\033\225\332d\370A^\001|w\375\354\312,\367^\231"
 286      64F8415E 
 286      017C77FD 
 286      ECCA2CF7 
 286      5E99
 287 0804 DDDDE3C7 		.ascii	"\335\335\343\30715\265\302i~u\327\267cj\247\371\225"
 287      3135B5C2 
 287      697E75D7 
 287      B7636AA7 
 287      F995
 288 0816 CCFC82E4 		.ascii	"\314\374\202\344\262\301\311\315\257\242\346\357v\230"
 288      B2C1C9CD 
 288      AFA2E6EF 
 288      7698
 289 0824 BFF16847 		.ascii	"\277\361hG\205?\2660\363-\275#\357;C\343\237\227\"\224"
 289      853FB630 
 289      F32DBD23 
 289      EF3B43E3 
 289      9F972294 
 290 0838 0856BB7D 		.ascii	"\010V\273}:=\204\366H\034\260\307\341\200\275\324\001"
 290      3A3D84F6 
 290      481CB0C7 
 290      E180BDD4 
 290      01
 291 0849 F96BF3D3 		.ascii	"\371k\363\323\325n\371D~\222\271tV\263|\002\244\375"
 291      D56EF944 
 291      7E92B974 
 291      56B37C02 
 291      A4FD
 292 085b 71C13D44 		.ascii	"q\301=D\011W;si$s\367\240\317\244|k)\337\032\007\337"
 292      09573B73 
 292      692473F7 
ARM GAS  C:\Users\PETERL~1\AppData\Local\Temp\ccM6UUSh.s 			page 23


 292      A0CFA47C 
 292      6B29DF1A 
 293 0871 EA9CBEBB 		.ascii	"\352\234\276\273J\274\227\361\335\325\320_Cr\311*\214"
 293      4ABC97F1 
 293      DDD5D05F 
 293      4372C92A 
 293      8C
 294 0882 D81A0EFE 		.ascii	"\330\032\016\376>\277Nhu\344\022\034Cu\022\306u\016"
 294      3EBF4E68 
 294      75E4121C 
 294      437512C6 
 294      750E
 295 0894 C6F594B1 		.ascii	"\306\365\224\2617gfe\335><\305\231_\373\2303\373\256"
 295      37676665 
 295      DD3E3CC5 
 295      995FFB98 
 295      33FBAE
 296 08a7 AC2B94D3 		.ascii	"\254+\224\323ErU4\260\305\361\375\333/\250&e|\2002\336"
 296      45725534 
 296      B0C5F1FD 
 296      DB2FA826 
 296      657C8032 
 297 08bc EF607CFE 		.ascii	"\357`|\376Xs\256?\036`\214\233\273\256\217\252)\343"
 297      5873AE3F 
 297      1E608C9B 
 297      BBAE8FAA 
 297      29E3
 298 08ce 9A871977 		.ascii	"\232\207\031wq\201P\224,L\000az\012\035\224\020>\350"
 298      71815094 
 298      2C4C0061 
 298      7A0A1D94 
 298      103EE8
 299 08e1 207C8812 		.ascii	" |\210\022\3567\347\216`<\301\244\354;|\343\272\006"
 299      EE37E78E 
 299      603CC1A4 
 299      EC3B7CE3 
 299      BA06
 300 08f3 AF51D0C9 		.ascii	"\257Q\320\311\365\321}f\337\351\271\212\355\202\222"
 300      F5D17D66 
 300      DFE9B98A 
 300      ED8292
 301 0902 FC2DC152 		.ascii	"\374-\301R\245\247\301\377\245\"\341\202\005\002Y\245"
 301      A5A7C1FF 
 301      A522E182 
 301      050259A5 
 302 0912 CE11924B 		.ascii	"\316\021\222K\340\332\263\2775\235\376o\321\010Z\240"
 302      E0DAB3BF 
 302      359DFE6F 
 302      D1085AA0 
 303 0922 A2247F77 		.ascii	"\242$\177w4\021]\250\231\207H\037\346_\002\001\203-"
 303      34115DA8 
 303      9987481F 
 303      E65F0201 
 303      832D
 304 0934 D9A764B8 		.ascii	"\331\247d\270\210)h\314:\271G5\275\232*hd\012N\025\214"
 304      882968CC 
 304      3AB94735 
ARM GAS  C:\Users\PETERL~1\AppData\Local\Temp\ccM6UUSh.s 			page 24


 304      BD9A2A68 
 304      640A4E15 
 305 0949 34F85205 		.ascii	"4\370R\005\226\346\235\202\254]H%yB\377> \322\241,$"
 305      96E69D82 
 305      AC5D4825 
 305      7942FF3E 
 305      20D2A12C 
 306 095e F7F1112A 		.ascii	"\367\361\021*\275\205H?J\245[z\307z\225\270\231I_\235"
 306      BD85483F 
 306      4AA55B7A 
 306      C77A95B8 
 306      99495F9D 
 307 0972 6A1EE0A7 		.ascii	"j\036\340\247\237\246\322\2171\351\225k\276\033f\364"
 307      9FA6D28F 
 307      31E9956B 
 307      BE1B66F4 
 308 0982 2D4312E9 		.ascii	"-C\022\351\307D\351\220s\222\237\373\307\250\364V\""
 308      C744E990 
 308      73929FFB 
 308      C7A8F456 
 308      22
 309 0993 FD38957E 		.ascii	"\3758\225~\326Z{\234wKF\222\013\256\360\234\020/\267"
 309      D65A7B9C 
 309      774B4692 
 309      0BAEF09C 
 309      102FB7
 310 09a6 13F4721B 		.ascii	"\023\364r\033\272_\267\306\375\357\201\003n\350\223"
 310      BA5FB7C6 
 310      FDEF8103 
 310      6EE893
 311 09b5 229AF4B2 		.ascii	"\"\232\364\262\350\025Q\011\362\305K\337I4*\336}\377"
 311      E8155109 
 311      F2C54BDF 
 311      49342ADE 
 311      7DFF
 312 09c7 C3A0059C 		.ascii	"\303\240\005\234\332hZ9o\256\356\363U\261\006\235I\231"
 312      DA685A39 
 312      6FAEEEF3 
 312      55B1069D 
 312      4999
 313 09d9 181B6F82 		.ascii	"\030\033o\202\231I\245\3239\206\313\243\337\214\214"
 313      9949A5D3 
 313      3986CBA3 
 313      DF8C8C
 314 09e8 5E11FB59 		.ascii	"^\021\373Y\254\321\224\030\023k\2104\031\014q\306\310"
 314      ACD19418 
 314      136B8834 
 314      190C71C6 
 314      C8
 315 09f9 CFE31383 		.ascii	"\317\343\023\203\350((*ae\220~\345g\372\230\030}L\344"
 315      E828282A 
 315      6165907E 
 315      E567FA98 
 315      187D4CE4 
 316 0a0d 1F66BF11 		.ascii	"\037f\277\02147l\316k\377\232\027\011\353\257\306\033"
 316      34376CCE 
 316      6BFF9A17 
ARM GAS  C:\Users\PETERL~1\AppData\Local\Temp\ccM6UUSh.s 			page 25


 316      09EBAFC6 
 316      1B
 317 0a1e E2F5AFEA 		.ascii	"\342\365\257\352\243>\213\215\214\215\217\216K\214\321"
 317      A33E8B8D 
 317      8C8D8F8E 
 317      4B8CD1
 318 0a2d 47AE8C02 		.ascii	"G\256\214\002Y\361\372H]\214~yTb\234Ig\372b\225\336"
 318      59F1FA48 
 318      5D8C7E79 
 318      54629C49 
 318      67FA6295 
 319 0a42 387B05F7 		.ascii	"8{\005\367\311\257\252\306\370\2051Rg4\305\200\015 "
 319      C9AFAAC6 
 319      F8853152 
 319      6734C580 
 319      0D20
 320 0a54 5BFEDED2 		.ascii	"[\376\336\322\205\213\264\212\245\037\374#b\221v\312"
 320      858BB48A 
 320      A51FFC23 
 320      629176CA 
 321 0a64 D265118B 		.ascii	"\322e\021\213\026-\324\312#>\214X\250\305\213\241-]"
 321      162DD4CA 
 321      233E8C58 
 321      A8C58BA1 
 321      2D5D
 322 0a76 A8451F51 		.ascii	"\250E\037Q\333\347\374\321i;\031b\243\336$\217\216\323"
 322      DBE7FCD1 
 322      693B1962 
 322      A3DE248F 
 322      8ED3
 323 0a88 4725BCBD 		.ascii	"G%\274\275\340\315\310\005\204\3362F\217R5\030\347\205"
 323      E0CDC805 
 323      84DE3246 
 323      8F523518 
 323      E785
 324 0a9a 851A8CA1 		.ascii	"\205\032\214\241+\242\342BW\031\022L\306\320e\037\274"
 324      2BA2E242 
 324      5719124C 
 324      C6D0651F 
 324      BC
 325 0aab 376F6EE8 		.ascii	"7on\350\222%\013C\337\215X\274\364\337sCWE\305\351\342"
 325      92250B43 
 325      DF8D58BC 
 325      F4DF7343 
 325      5745C5E9 
 326 0ac0 E2628004 		.ascii	"\342b\200\004\012\227\275\263L\253\225-Y\3607\255\354"
 326      0A97BDB3 
 326      4CAB952D 
 326      59F037AD 
 326      EC
 327 0ad1 EDBF6897 		.ascii	"\355\277h\227\220\257p\374\216V\253\2125\220\323\261"
 327      90AF70FC 
 327      8E56AB8A 
 327      3590D3B1 
 328 0ae1 313A9382 		.ascii	"1:\223\202\015\324lee\224\361\237:\223\214tjBI\267<"
 328      0DD46C65 
 328      6594F19F 
ARM GAS  C:\Users\PETERL~1\AppData\Local\Temp\ccM6UUSh.s 			page 26


 328      3A938C74 
 328      6A4249B7 
 329 0af6 CA68FA93 		.ascii	"\312h\372\223\316\364\367_\327W\0167)\014\313\227\203"
 329      CEF4F75F 
 329      D7570E37 
 329      290CCB97 
 329      83
 330 0b07 C1B39F66 		.ascii	"\301\263\237f\252x\220\330\006\247T\320i\365Q1\220R"
 330      AA7890D8 
 330      06A754D0 
 330      69F55131 
 330      9052
 331 0b19 AF3CEDA4 		.ascii	"\257<\355\2441!\232\236\212\346|\241\373(!\326\244\207"
 331      31219A9E 
 331      8AE67CA1 
 331      FB2821D6 
 331      A487
 332 0b2b 63CA58C3 		.ascii	"c\312X\303JC\214^g\362\203\305ez\023,\275\007s\237\350"
 332      4A438C5E 
 332      67F283C5 
 332      657A132C 
 332      BD07739F 
 333 0b40 15CBBE30 		.ascii	"\025\313\2760\206G\305\231B\237$7\301\344$\024\275\002"
 333      8647C599 
 333      429F2437 
 333      C1E42414 
 333      BD02
 334 0b52 E20E949E 		.ascii	"\342\016\224\236\323\211n\327\2019\237'\030\022W\021"
 334      D3896ED7 
 334      81399F27 
 334      18125711 
 335 0b62 F94A9D6E 		.ascii	"\371J\235nyb|\264N\347\347\030\314~=ln\230\257\213?"
 335      79627CB4 
 335      4EE7E718 
 335      CC7E3D6C 
 335      6E98AF8B 
 336 0b77 E7B6F39A 		.ascii	"\347\266\363\232Z\302\321mk^\230\306\215)\367\177\334"
 336      5AC2D16D 
 336      6B5E98C6 
 336      8D29F77F 
 336      DC
 337 0b88 58DD0B   		.ascii	"X\335\013"
 338              		.text
 339              		.section	.gnu.lto_.symtab.768e6308,"",%progbits
 340 0000 70616C52 		.ascii	"palReadBus\000\000\000\000\000\000\000\000\000\000\000"
 340      65616442 
 340      75730000 
 340      00000000 
 340      00000000 
 341 0015 00210100 		.ascii	"\000!\001\000\000palWriteBus\000\000\000\000\000\000"
 341      0070616C 
 341      57726974 
 341      65427573 
 341      00000000 
 342 002b 00000000 		.ascii	"\000\000\000\000\000\000&\001\000\000palSetBusMode\000"
 342      00002601 
 342      00007061 
ARM GAS  C:\Users\PETERL~1\AppData\Local\Temp\ccM6UUSh.s 			page 27


 342      6C536574 
 342      4275734D 
 343 0043 00000000 		.ascii	"\000\000\000\000\000\000\000\000\000\000\000.\001\000"
 343      00000000 
 343      0000002E 
 343      0100
 344 0051 00636853 		.ascii	"\000chSysHalt\000\000\002\000\000\000\000\000\000\000"
 344      79734861 
 344      6C740000 
 344      02000000 
 344      00000000 
 345 0065 00003301 		.ascii	"\000\0003\001\000\000_pal_lld_setgroupmode\000\000\002"
 345      00005F70 
 345      616C5F6C 
 345      6C645F73 
 345      65746772 
 346 0083 00000000 		.ascii	"\000\000\000\000\000\000\000\000\0009\001\000\000"
 346      00000000 
 346      00390100 
 346      00
 347              		.text
 348              		.section	.gnu.lto_.opts,"",%progbits
 349 0000 272D666E 		.ascii	"'-fno-trapv' '-mcpu=cortex-m4' '-mno-thumb-interwor"
 349      6F2D7472 
 349      61707627 
 349      20272D6D 
 349      6370753D 
 350 0033 6B272027 		.ascii	"k' '-mthumb' '-ggdb' '-O2' '-fomit-frame-pointer' '"
 350      2D6D7468 
 350      756D6227 
 350      20272D67 
 350      67646227 
 351 0066 2D66616C 		.ascii	"-falign-functions=16' '-ffunction-sections' '-fdata"
 351      69676E2D 
 351      66756E63 
 351      74696F6E 
 351      733D3136 
 352 0099 2D736563 		.ascii	"-sections' '-fno-common' '-flto'\000"
 352      74696F6E 
 352      73272027 
 352      2D666E6F 
 352      2D636F6D 
 353              		.text
 354              		.comm	__gnu_lto_v1,1,1
 355              		.comm	__gnu_lto_slim,1,1
 356              		.ident	"GCC: (GNU Tools for ARM Embedded Processors) 4.9.3 20150529 (release) [ARM/embedded-4_9-br
ARM GAS  C:\Users\PETERL~1\AppData\Local\Temp\ccM6UUSh.s 			page 28


DEFINED SYMBOLS
                            *ABS*:00000000 pal.c
                            *COM*:00000001 __gnu_lto_v1
                            *COM*:00000001 __gnu_lto_slim

NO UNDEFINED SYMBOLS
