ARM GAS  C:\Users\PETERL~1\AppData\Local\Temp\ccsA9zce.s 			page 1


   1              		.syntax unified
   2              		.cpu cortex-m4
   3              		.fpu softvfp
   4              		.eabi_attribute 20, 1
   5              		.eabi_attribute 21, 1
   6              		.eabi_attribute 23, 3
   7              		.eabi_attribute 24, 1
   8              		.eabi_attribute 25, 1
   9              		.eabi_attribute 26, 1
  10              		.eabi_attribute 30, 2
  11              		.eabi_attribute 34, 1
  12              		.eabi_attribute 18, 4
  13              		.thumb
  14              		.file	"pal_lld.c"
  15              		.text
  16              	.Ltext0:
  17              		.section	.gnu.lto_.profile.bbac2f20,"",%progbits
  18 0000 789C6366 		.ascii	"x\234cf```c\200\000F\206\203\214\373\031\001\005(\001"
  18      60606063 
  18      80004686 
  18      838CFB19 
  18      01052801 
  19 0014 8D       		.ascii	"\215"
  20              		.text
  21              		.section	.gnu.lto_.jmpfuncs.bbac2f20,"",%progbits
  22 0000 789C6366 		.ascii	"x\234cf\300\016\004\2404\023\003##c=#3\220d\257\257"
  22      C00E04A0 
  22      34130323 
  22      23633D23 
  22      339064AF 
  23 0015 AF670000 		.ascii	"\257g\000\000\014\320\002#"
  23      0CD00223 
  24              		.text
  25              		.section	.gnu.lto_.inline.bbac2f20,"",%progbits
  26 0000 789C6366 		.ascii	"x\234cf\300\0166Bi&\006\206v\3066FFv\006F\006f\005\020"
  26      C00E3642 
  26      69260686 
  26      76C63646 
  26      46760646 
  27 0018 E1002212 		.ascii	"\341\000\"\022@D\003#\210\\\000&\017\200I\006\201C\214"
  27      40440323 
  27      885C0026 
  27      0F804906 
  27      81438C
  28 002b 175E7333 		.ascii	"\027^s3\330=\270\302\314\304\300\370\202\235\005B\202"
  28      D83DB8C2 
  28      CCC4C0F8 
  28      829D0542 
  28      82
  29 003c 080E3093 		.ascii	"\010\0160\223\003D\010\200\231\002 B\001\314T\000\021"
  29      03440880 
  29      99022042 
  29      01CC5400 
  29      11
  30 004d 0E60A603 		.ascii	"\016`\246\003\210h`d\202P`\222\011\302a\002\271\207"
  30      88686064 
  30      82506092 
ARM GAS  C:\Users\PETERL~1\AppData\Local\Temp\ccsA9zce.s 			page 2


  30      09C26102 
  30      B987
  31 005f 91C16613 		.ascii	"\221\301f\023\023##\023#\003\003sH\313y\005\006\241"
  31      13232313 
  31      23030373 
  31      48CB7905 
  31      06A1
  32 0071 39178156 		.ascii	"9\027\201V\011]\350ad\001;\030\0005\274\037\000"
  32      095DE861 
  32      64013B18 
  32      0035BC1F 
  32      00
  33              		.text
  34              		.section	.gnu.lto_.pureconst.bbac2f20,"",%progbits
  35 0000 789C6366 		.ascii	"x\234cf```e\200\000&\006)F)\000\000\371\000@"
  35      60606065 
  35      80002606 
  35      29462900 
  35      00F90040 
  36              		.text
  37              		.section	.gnu.lto__pal_lld_init.bbac2f20,"",%progbits
  38 0000 789CA59B 		.ascii	"x\234\245\233}PUe\036\307\357s\316\005\201\013\350\372"
  38      7D505565 
  38      1EC7EF73 
  38      CE05810B 
  38      E8FA
  39 0012 4A646591 		.ascii	"Jde\221i/\210i\231\231\225\246i\355\266\263\315\324"
  39      692F8869 
  39      999995A6 
  39      69EDB6B3 
  39      CDD4
  40 0024 3F3BD34C 		.ascii	"?;\323L\323\326n\271\343\254\316\326\356\354?M\027D"
  40      D3D66EB9 
  40      E3ACCED6 
  40      EEEC3F4D 
  40      1744
  41 0036 7C47A0F2 		.ascii	"|G\240\362%% 3\021\025\025\023|\201@\020P\024\324\360"
  41      25252033 
  41      11151513 
  41      7C814010 
  41      5014D4F0 
  42 004a 0D7C0315 		.ascii	"\015|\003\025\025\005\005\001\365\202\300\236\337\367"
  42      15050501 
  42      F582C09E 
  42      DFF7
  43 0058 3E0FCFBD 		.ascii	">\017\317\275\010\3149>\315\364\003\274\347~\316\347"
  43      08CC393E 
  43      CDF403BC 
  43      E77ECEE7 
  44 0068 9EF3E363 		.ascii	"\236\363\343c\336P\267=\370O\250\361\357\214\0116\333"
  44      DE50B73D 
  44      F84FA8F1 
  44      EF8C0936 
  44      DB
  45 0079 FBC647A6 		.ascii	"\373\306G\246\333\230\026Wf\263E\372i\214\321'6f\373"
  45      DB981657 
  45      66B345FA 
ARM GAS  C:\Users\PETERL~1\AppData\Local\Temp\ccsA9zce.s 			page 3


  45      698CD127 
  45      3666FB
  46 008c 4663DFB0 		.ascii	"Fc\337\260Z\255Qcqy\233V9F\255w:\235\015\371Y!\363C"
  46      5AAD5163 
  46      71799B56 
  46      3946AD77 
  46      3A9D0DF9 
  47 00a4 5C9ACDD6 		.ascii	"\\\232\315\326\244\2711l\003\033e\034\022\263\371\\"
  47      A4B9316C 
  47      031B651C 
  47      12B3F95C 
  48 00b4 B15D9FCE 		.ascii	"\261]\237\316l\306\347\273\323\233K\035\3274\227\306"
  48      6CC6E7BB 
  48      D39B4B1D 
  48      D73497C6 
  49 00c4 46D0977B 		.ascii	"F\320\227{\022\016\254\362\245/5;}\231\353J;f\037\271"
  49      120EACF2 
  49      A52F353B 
  49      7D99EB4A 
  49      3B661FB9 
  50 00d8 CEE98CCA 		.ascii	"\316\351\214\312+\315pN\261\2734\235\2452\335\340\261"
  50      2BCD704E 
  50      B1BB349D 
  50      A532DDE0 
  50      B1
  51 00e9 8D2C94A5 		.ascii	"\215,\224\245\261P\233\361K6\266\211\215\244\303\033"
  51      B1509BF1 
  51      4B36B689 
  51      8DA4C31B 
  52 00f9 A3DB4F39 		.ascii	"\243\333O9|\243\215s\017p\237\223mf\276\314\370\270"
  52      7CA38D73 
  52      0F709F93 
  52      6D66BECC 
  52      F8B8
  53 010b 75609EB3 		.ascii	"u`\236\263\263\363Rzv\271}\001\323\214\347\330u\032"
  53      B3F3527A 
  53      76B97D01 
  53      D38CE7D8 
  53      751A
  54 011d 3E347C69 		.ascii	">4|i\3701b\370\323\247\0014\0344\002i\004\321\010\246"
  54      F83162F8 
  54      D3A70134 
  54      1C340269 
  54      04D108A6 
  55 0131 D19FC600 		.ascii	"\321\237\306\000\032\003i\014\2421\230\306\020\032C"
  55      1A03690C 
  55      A23198C6 
  55      101A43
  56 0140 690CA311 		.ascii	"i\014\243\021B\343\021\032dg\177\224\306p\032\217\321"
  56      42E3111A 
  56      64677F94 
  56      C6701A8F 
  56      D1
  57 0151 789CC613 		.ascii	"x\234\306\0234F\320x\222\306S4\302h<Mc$\215gh\214\242"
  57      3446D078 
  57      92C65334 
  57      C2683C4D 
ARM GAS  C:\Users\PETERL~1\AppData\Local\Temp\ccsA9zce.s 			page 4


  57      63248D67 
  58 0168 319AC6B3 		.ascii	"1\232\306\2634\236\243\361<\215\027h\204\323\030C#\202"
  58      349EA3F1 
  58      3C8D1768 
  58      84D31843 
  58      2382
  59 017a C6581A2F 		.ascii	"\306X\032/\322\030Gc<\215\227h\274Lc\002\215WhL\244"
  59      D2184763 
  59      3C8D9768 
  59      BC4C6302 
  59      8D57684C 
  60 018f F12A8D49 		.ascii	"\361*\215I4^\2431\231\306\3534\336\240\361&\215)4\246"
  60      345EA331 
  60      99C6EB34 
  60      DEA0F126 
  60      8D2934A6 
  61 01a3 D2788BC6 		.ascii	"\322x\213\3064\032\323i\274Mc\006\215\2314\336\241a"
  61      341AD369 
  61      BC4D6306 
  61      8D9934DE 
  61      A161
  62 01b5 B35D362E 		.ascii	"\263]6.8mC\215\246\321G\275\222\345g6\326\245\370\320"
  62      386D438D 
  62      A6D147BD 
  62      92E56736 
  62      D6A5F8D0 
  63 01c9 3DB8ABD1 		.ascii	"=\270\253\321j\334\333{\256\334N7\327\307\331\260\320"
  63      6ADCDB7B 
  63      AEDC4E37 
  63      D7C7D9B0 
  63      D0
  64 01da 891B7CE1 		.ascii	"\211\033|\341\362\221c~\370%\033}\031\323q\301\345\223"
  64      F291637E 
  64      F8251B7D 
  64      19D371C1 
  64      E593
  65 01ec C8D63097 		.ascii	"\310\3260\227\346\313\266\030w8\335\270\303\364@|B\313"
  65      E6CBB618 
  65      7738DDB8 
  65      C3F4407C 
  65      42CB
  66 01fe B701E19B 		.ascii	"\267\001\341\233\234\321\221~.\255\037\333\312\022\331"
  66      9CD1917E 
  66      2EAD1FDB 
  66      CA12D9
  67 020d 6D2C15DB 		.ascii	"m,\025\333\306\302m\225l^\263\257\373<\272\373T\011"
  67      C6C26D95 
  67      6C5EB3AF 
  67      FB3CBAFB 
  67      5409
  68 021f 15BB72FA 		.ascii	"\025\273r\372\021\327\336i\254\307v\203b\350$0:\306"
  68      11D7DE69 
  68      ACC77683 
  68      62E82430 
  68      3AC6
  69 0231 C26932E4 		.ascii	"\302i2\344iv\260p\003N\224\314\370z\346>\227\217\005"
  69      6976B070 
ARM GAS  C:\Users\PETERL~1\AppData\Local\Temp\ccsA9zce.s 			page 5


  69      034E94CC 
  69      F87AE63E 
  69      978F05
  70 0244 D4AF40D1 		.ascii	"\324\257@\321.\262\235\336\306\004zh\303L\211\315\""
  70      2EB29DDE 
  70      C6047A68 
  70      C34C89CD 
  70      22
  71 0255 435FDB49 		.ascii	"C_\333I\026\225W^,8\025E\373\323\034\243\1771\276#\252"
  71      1695575E 
  71      2C381545 
  71      FBD31CA3 
  71      7F31BE23 
  72 026a 3AD75F9E 		.ascii	":\327_\236b<\307\217\177K\263]l\264\347\015\320\201"
  72      623CC78F 
  72      7F4BB35D 
  72      6CB4E70D 
  72      D081
  73 027c DF792FA9 		.ascii	"\337y/\251>\3108o\244\361\204\332\202`\227\346\177W"
  73      3EC8386F 
  73      A4F184DA 
  73      826097E6 
  73      7F57
  74 028e F363BBF9 		.ascii	"\363c\273\371\311o\346\307\266\3667N>\300\245\005\260"
  74      C96FE6C7 
  74      B6F6374E 
  74      3EC0A505 
  74      B0
  75 029f 3D38355D 		.ascii	"=85]\035\343\221\264\234\372\263\375\277ns\3069\363"
  75      1DE391B4 
  75      9CFAB3FD 
  75      BF6E73C6 
  75      39F3
  76 02b1 74E31C6C 		.ascii	"t\343\034l/\013'\003\033\313f_\033J\032\327\251<\230"
  76      2F0B2703 
  76      1BCB665F 
  76      1B4A1AD7 
  76      A93C98
  77 02c4 3F59FF13 		.ascii	"?Y\377\023\276\361\017U\334J\322\303R\214o\355\252\354"
  77      BEF10F55 
  77      DC4AD2C3 
  77      528C6FED 
  77      AAEC
  78 02d6 82BFE745 		.ascii	"\202\277\347E';;:;\215\227\353`9\336\337\340\\\3677"
  78      273B3B3A 
  78      3B8D97EB 
  78      6039DEDF 
  78      E05CF737 
  79 02ea 16663C2B 		.ascii	"\026f<+\243z\335J\254\220\303\351\244\025b\271\306\021"
  79      A37ADD4A 
  79      AC90C3E9 
  79      A41562B9 
  79      C611
  80 02fc DE2FB936 		.ascii	"\336/\2716\263\370>\353\001\354\327\275\034\034\234"
  80      B3F83EEB 
  80      01ECD7BD 
  80      1C1C9C
ARM GAS  C:\Users\PETERL~1\AppData\Local\Temp\ccsA9zce.s 			page 6


  81 030b C7C2E85A 		.ascii	"\307\302\350Z\030\227?*\263\2610\245\237WG\300\245#"
  81      18973F2A 
  81      B3B130A5 
  81      9F5747C0 
  81      A523
  82 031d 8CD3A326 		.ascii	"\214\323\243&M\032\353^\032\266\317x\2416\226O7s\240"
  82      4D1AEB5E 
  82      1AB6CF78 
  82      A136964F 
  82      3773A0
  83 0330 E725F5EB 		.ascii	"\347%\365\353~I\215\313\037H\327\263\240\333\365\214"
  83      7E498DCB 
  83      1F48D7B3 
  83      A0DBF58C 
  84 0340 73562DA1 		.ascii	"sV-\241\213\035\304\366\343\242\352n&+\304\246\344'"
  84      8B1DC4F6 
  84      E3A2EA6E 
  84      262BC4A6 
  84      E427
  85 0352 A40C21BA 		.ascii	"\244\014!\272'\332\201\347w$E\307:\010\035G\350`\272"
  85      27DA81E7 
  85      772445C7 
  85      3A081D47 
  85      E860BA
  86 0365 18AC88B3 		.ascii	"\030\254\210\263sK~\256\366\307\242\344\205\320\246"
  86      734B7EAE 
  86      F6C7A2E4 
  86      85D0A6
  87 0374 14836CE7 		.ascii	"\024\203l\347\344\003\264,\003\361\232\267\027\245\364"
  87      E403B42C 
  87      03F19AB7 
  87      17A5F4
  88 0383 73CB0F32 		.ascii	"s\313\0172g;\200D\017\002\347\303q%\335E\255\230\035"
  88      673B8044 
  88      0F02E7C3 
  88      7125DD45 
  88      AD981D
  89 0396 02CA97A3 		.ascii	"\002\312\227\243\016\223\331 \367\335\3502\033l\301"
  89      0E93D920 
  89      F7DDE832 
  89      1B6CC1
  90 03a5 AC14B87E 		.ascii	"\254\024\270~\034W\246bv\004(?\216:Jf\203\335\327\254"
  90      1C57A662 
  90      7604283F 
  90      8E3A4A66 
  90      83DDD7AC 
  91 03b9 58980DB1 		.ascii	"X\230\015\261`v\0148\177\216\373]\305\254\034\250\000"
  91      60760C38 
  91      7F8EFB5D 
  91      C5AC1CA8 
  91      00
  92 03ca 8E3A4E66 		.ascii	"\216:NfC\334\327\254\313l\250\005\263\023\30098\356"
  92      43DCD7AC 
  92      CB6CA805 
  92      B313C039 
  92      38EE
  93 03dc A48AD929 		.ascii	"\244\212\331)\240\0029\3524\231\015u_\263\303\302l\230"
ARM GAS  C:\Users\PETERL~1\AppData\Local\Temp\ccsA9zce.s 			page 7


  93      A00239EA 
  93      34990D75 
  93      5FB3C3C2 
  93      6C98
  94 03ee 05B30AE0 		.ascii	"\005\263\012\340\2028\256R\305\354\014P\301\034u\226"
  94      8238AE52 
  94      C5EC0C50 
  94      C11C7596 
  95 03fe CC86B9AF 		.ascii	"\314\206\271\257Y\227Y\210\005\263s\300\365\347\270"
  95      59975988 
  95      05B373C0 
  95      F5E7B8
  96 040d F32A6617 		.ascii	"\363*f\027\200\342%aUd\026\202\252U\230\011y5B\356Y"
  96      80E22561 
  96      55641682 
  96      AA559809 
  96      793542EE 
  97 0422 EEBABECB 		.ascii	"\356\272\276\313}\021\247\373C\317\345\276$\312}\331"
  97      7D11A7FB 
  97      43CFE5BE 
  97      24CA7DD9 
  98 0432 ABDC5673 		.ascii	"\253\334Vs]\203\\G\355^Y\342p\347z!r}\205\347\272\342"
  98      5D835C47 
  98      ED5E59E2 
  98      70E77A21 
  98      727D85E7 
  99 0448 A1737DD5 		.ascii	"\241s}\325\210qu\257\271&.\035Q\323G\256\257!\327\265"
  99      887175AF 
  99      B9262E1D 
  99      51D347AE 
  99      AF21D7B5 
 100 045c 74BFFD8D 		.ascii	"t\277\375\215\307v\335\256O\012@\256\207#\3277kW8\274"
 100      C776DDAE 
 100      4F0A40AE 
 100      8723D737 
 100      6B5738BC 
 101 0470 6FFF757E 		.ascii	"o\377u~\021\257oI/\323\275r}C\344\232\230\254N\356@"
 101      11AF6F49 
 101      2FD3BD72 
 101      7D43E49A 
 101      98AC4EEE 
 102 0485 2D5EDBC5 		.ascii	"-^\333\305}\251\207\002=v\340\212\307\016\244g\347&"
 102      7DA98702 
 102      3D76E08A 
 102      C70EA467 
 102      E726
 103 0497 0679EC40 		.ascii	"\006y\354@\275\3503P7i\007\374e\237a\373\2109=l\347"
 103      BDE83350 
 103      376907FC 
 103      659F61FB 
 103      88393D6C 
 104 04ac 2DD167E0 		.ascii	"-\321g\340\032T\314\032E\237\201\272Mf\217\310>\303"
 104      1A54CC1A 
 104      459F81BA 
 104      4D668FC8 
 104      3EC3
 105 04be 2CD48259 		.ascii	",\324\202Y\223\3503p\315*f-\242\317@\335!\263P\331g"
ARM GAS  C:\Users\PETERL~1\AppData\Local\Temp\ccsA9zce.s 			page 8


 105      93E83370 
 105      CD2A662D 
 105      A2CF40DD 
 105      21B350D9 
 106 04d3 983D6AC1 		.ascii	"\230=j\301\354\256\3503p\367T\314\\\242\317@\265\222"
 106      ECAEE833 
 106      70F754CC 
 106      5CA2CF40 
 106      B592
 107 04e5 D9A3B2CF 		.ascii	"\331\243\262\3170\033n\301\254M\364\031\270\373*f\355"
 107      301B6EC1 
 107      AC4DF419 
 107      B8FB2A66 
 107      ED
 108 04f6 A2CF4075 		.ascii	"\242\317@u\220\331p\331g\230=f\301\254S\364\0318\247"
 108      90D970D9 
 108      67983D66 
 108      C1AC53F4 
 108      1938A7
 109 0509 A66016A9 		.ascii	"\246`\026\251\361>\003\025\245\031f\217\311>\303\354"
 109      F13E0315 
 109      A519668F 
 109      C93EC3EC 
 110 0519 710B66F3 		.ascii	"q\013f\3634\336g\340\242U\314\346k\274\317@\305\220"
 110      34DE67E0 
 110      A255CCE6 
 110      6BBCCF40 
 110      C590
 111 052b D9E3C8D8 		.ascii	"\331\343\310\330\0053}^\240u\357\363\255\276\373\274"
 111      05337D5E 
 111      A075EFF3 
 111      ADBEFBBC 
 112 053b 10A71BD8 		.ascii	"\020\247\033\330s\237\027i\274\317\2135\225>/\321\250"
 112      739F1769 
 112      BCCF8B35 
 112      953E2FD1 
 112      A8
 113 054c CF395736 		.ascii	"\3179W6,\343}\216C\237\227j\241\335^\230\325>/\323\302"
 113      2CE37D8E 
 113      439F976A 
 113      A1DD5E98 
 113      D53E2FD3 
 114 0561 E815F7D2 		.ascii	"\350\025\367\322g\342\322\021\306\351{\355s\254F}^N"
 114      67E2D211 
 114      C6E97BED 
 114      73AC467D 
 114      5E4E
 115 0573 7F300A30 		.ascii	"\1770\0120\036\253_\276\367\006\336\022\360\233H\207"
 115      1EAB5FBE 
 115      F706DE12 
 115      F09B4887 
 116 0583 DE298C3F 		.ascii	"\336)\214?\323\355\366\307i\356\213\030\023U\020\305"
 116      D3EDF6C7 
 116      69EE8B18 
 116      135510C5 
 117 0593 BCFA1CAF 		.ascii	"\274\372\034\257\361>\023\223%\310\0350\350\306\023"
 117      F13E1393 
ARM GAS  C:\Users\PETERL~1\AppData\Local\Temp\ccsA9zce.s 			page 9


 117      25C81D30 
 117      E8C613
 118 05a2 B2D65DA3 		.ascii	"\262\326]\243\337\013\273v\300x\365];\260vYM\226\346"
 118      DF0BBB76 
 118      C078F55D 
 118      3BB07659 
 118      4D96E6
 119 05b5 B103DF6A 		.ascii	"\261\003\337j\274\317@}G;\020 \373\014\333'\314\351"
 119      BCCF407D 
 119      473B1020 
 119      FB0CDB27 
 119      CCE9
 120 05c7 613BBFD7 		.ascii	"a;\277\327x\237\201[\241b\266R\343}\006j\025\231=!\373"
 120      789F815B 
 120      A162B652 
 120      E37D066A 
 120      15993D21 
 121 05dc 0CB31116 		.ascii	"\014\263\021\026\314Vk\274\317\300\375\240b\266F\343"
 121      CC566BBC 
 121      CFC0FDA0 
 121      62B646E3 
 122 05ec 7D066A2D 		.ascii	"}\006j-\231\215\220}\206\331\223\026\314\0225\336g\340"
 122      998D907D 
 122      86D99316 
 122      CC1235DE 
 122      67E0
 123 05fe 7E54314B 		.ascii	"~T1K\322x\237\201J&\263'e\237a\366\224\005\263\024\215"
 123      D2789F81 
 123      4A26B327 
 123      659F61F6 
 123      9405B314 
 124 0613 F719B89F 		.ascii	"\367\031\270\237T\314\326i\274\317@\375LfO\311>\303"
 124      54CCD669 
 124      BCCF40FD 
 124      4C664FC9 
 124      3EC3
 125 0625 2CCC82D9 		.ascii	",\314\202\331z\215\367\031\270_T\3146\210>\003\225J"
 125      7A8DF719 
 125      B85F54CC 
 125      36883E03 
 125      954A
 126 0637 6661B2CF 		.ascii	"fa\262\3170{\332\202\331F\321g\340\322T\3146\211>\003"
 126      307BDA82 
 126      D946D167 
 126      E0D254CC 
 126      36893E03 
 127 064b B599CC9E 		.ascii	"\265\231\314\236F\306Z\314\364y\313\003}n\355\273\317"
 127      46C65ACC 
 127      F479CB03 
 127      7D6EEDBB 
 127      CF
 128 065c E938DDA0 		.ascii	"\3518\335\240\236\373\274U\364y\233R\237\267\343.Gn"
 128      9EFBBC55 
 128      F4799B52 
 128      9FB7E32E 
 128      476E
 129 066e EA4CD0DD 		.ascii	"\352L\320\335}^\205>g\360>\267<t\237w\030\365\335\322"
ARM GAS  C:\Users\PETERL~1\AppData\Local\Temp\ccsA9zce.s 			page 10


 129      7D5E853E 
 129      67F03EB7 
 129      3C749F77 
 129      18F5DDD2 
 130 0682 6B9F894B 		.ascii	"k\237\211KGl\357\243\317\277\242\317;\351~;\350\002"
 130      476CEFA3 
 130      CFBFA2CF 
 130      3BE97E3B 
 130      E802
 131 0694 EC886AC3 		.ascii	"\354\210j\303[m~\037\322\241\333\026'\374\323\373\356"
 131      5B6D7E1F 
 131      D2A1DB16 
 131      27FCD3FB 
 131      EE
 132 06a5 67F2BBBF 		.ascii	"g\362\273\277\"29'\310+\317Y\"\317\204d\273\344\012"
 132      22323927 
 132      C82BCF59 
 132      22CF8464 
 132      BBE40A
 133 06b8 ECC40A5C 		.ascii	"\354\304\012\\-\273\376?\217\015\310\360\330\2005\315"
 133      2DBBFE3F 
 133      8F0DC8F0 
 133      D88035CD 
 134 06c8 65513E1E 		.ascii	"eQ>\036\033\260[\324\031\244=\264\001\016Yg\270\216"
 134      1BB05BD4 
 134      19A43DB4 
 134      010E5967 
 134      B88E
 135 06da 342587D5 		.ascii	"4%\207\325\334+\342\014Z\266\202W\216h3H\277\221\327"
 135      DC2BE20C 
 135      5AB68257 
 135      8E683348 
 135      BF91D7
 136 06ed 48D96678 		.ascii	"H\331fx=c\336+W\244\031\264<\005\257}\242\314 \345\223"
 136      3D63DE2B 
 136      57A419B4 
 136      3C05AF7D 
 136      A2CC20E5 
 137 0702 D733B2CC 		.ascii	"\3273\262\314\360\032e\336\253@\204\031\264\375\012"
 137      F01A65DE 
 137      AB408419 
 137      B4FD0A
 138 0711 5E85A2CB 		.ascii	"^\205\242\313 \025\221\327(\331ex\2156\357U,\262\014"
 138      201591D7 
 138      28D96578 
 138      8D36EF55 
 138      2CB20C
 139 0724 DA0105AF 		.ascii	"\332\001\005\257\203\242\312 \225\220\327hYex=k\336"
 139      83A2CA20 
 139      9590D768 
 139      5965783D 
 139      6BDE
 140 0736 EB908832 		.ascii	"\353\220\2102h\207\025\274JE\223A*#\257ge\223\341\365"
 140      688715BC 
 140      4A459341 
 140      2A23AF67 
 140      6593E1F5 
ARM GAS  C:\Users\PETERL~1\AppData\Local\Temp\ccsA9zce.s 			page 11


 141 074a 9C79AF23 		.ascii	"\234y\257#\"\311\240\035U\360:&\212\014\322\357\344"
 141      22C9A01D 
 141      55F03A26 
 141      8A0CD2EF 
 141      E4
 142 075b F51CC2D5 		.ascii	"\365\034\302\325f\246\310\345\017\024\271\275\357\""
 142      66A6C8E5 
 142      0F14B9BD 
 142      EF22
 143 0769 1FC7E906 		.ascii	"\037\307\351\006\367\\\344\023\242\310'\225\212|\012"
 143      F75CE413 
 143      A2C82795 
 143      8A7C0A
 144 0778 452E39B0 		.ascii	"E.9\260~\267\277\273\310\311(\362i^\344\266\207.r\205"
 144      7EB7BFBB 
 144      C8C928F2 
 144      695EE4B6 
 144      872E7285 
 145 078c D1DBF25E 		.ascii	"\321\333\362^\213L\\:\342T\037E\256D\221\317\320\335"
 145      8B4C5C3A 
 145      E2541F45 
 145      AE4491CF 
 145      D0DD
 146 079e 0EA4B797 		.ascii	"\016\244\267\227*\357\307j(\362\\:\364\250s\343}\335"
 146      2AEFC76A 
 146      28F25C3A 
 146      F4A873E3 
 146      7DDD
 147 07b0 FBEE9FE5 		.ascii	"\373\356\237\345w\177U\352\265\015>^I>'\222LLv^\256"
 147      777F55EA 
 147      B50D3E5E 
 147      493E2792 
 147      4C4C765E 
 148 07c5 C019AC40 		.ascii	"\300\031\254@K\353\306\223\001\036;"
 148      4BEBC693 
 148      011E3B
 149 07d0 70DA6307 		.ascii	"p\332c\007\026\264g~\354\371\246\226H2HU\264\002\201"
 149      16B4677E 
 149      ECF9A696 
 149      48324855 
 149      B40281
 150 07e3 32C9907D 		.ascii	"2\311\220}\336\234\035v\263Z4\031\270\213\012b\227D"
 150      DE9C1D76 
 150      B35A3419 
 150      B88B0A62 
 150      9744
 151 07f5 9341BA4C 		.ascii	"\223A\272Lb\317\313&C\354\005\013b5\"\312\300]Q\020"
 151      62CFCB26 
 151      43EC050B 
 151      623522CA 
 151      C05D5110 
 152 0809 BB2AA20C 		.ascii	"\273*\242\014\3225\022{AF\031b\341\026\304jE\225\201"
 152      D235127B 
 152      41461962 
 152      E116C46A 
 152      459581
 153 081c BBAE2076 		.ascii	"\273\256 vCT\031\244:\022\013\227U\206\330\030\013b"
ARM GAS  C:\Users\PETERL~1\AppData\Local\Temp\ccsA9zce.s 			page 12


 153      435419A4 
 153      3A120B97 
 153      5586D818 
 153      0B62
 154 082e F522CBC0 		.ascii	"\365\"\313\300\335T\020\273%\262\014R\003\211\215\221"
 154      DD5410BB 
 154      25B20C52 
 154      03898D91 
 155 083e 59865884 		.ascii	"Y\206X\204\005\261F\321e\340n+\2105\211.\203\324Lb\021"
 155      05B146D1 
 155      65E06E2B 
 155      8835892E 
 155      83D44C62 
 156 0853 B2CB101B 		.ascii	"\262\313\020\033kA\254E\204\031\270;\012bwE\230A\272"
 156      6B41AC45 
 156      8419B83B 
 156      0A627745 
 156      9841BA
 157 0866 476263D1 		.ascii	"Gbc\321\257\370\022\023av=\020\346\205\205}\206\271"
 157      AFF81213 
 157      61763D10 
 157      E685857D 
 157      86B9
 158 0878 15A71BD2 		.ascii	"\025\247\033\322s\230\333D\230\357+\205\271\035a\276"
 158      7398DB44 
 158      98EF2B85 
 158      B91D61BE 
 159 0888 98535BC7 		.ascii	"\230S[\307\337\312HE\230;x\230\345\013\263\032\346N"
 159      DFCA4845 
 159      983B7898 
 159      E50BB31A 
 159      E64E
 160 089a 23BBAE5E 		.ascii	"#\273\256^\303L\\:\242\275\2170;u\012s\244n\334\356"
 160      C34C5C3A 
 160      A2BD8F30 
 160      3B750A73 
 160      A46EDCEE 
 161 08ae 20E3B1EC 		.ascii	" \343\261\354\353\315E\3560/\305\261\233W/\375\253\367"
 161      EBCD45EE 
 161      302FC5B1 
 161      9B572FFD 
 161      ABF7
 162 08c0 DD8FD2DD 		.ascii	"\335\217\322\335\0271qK\331\012\357\37738O\347a&&\213"
 162      1731714B 
 162      D90AEFFF 
 162      33384FE7 
 162      6126268B 
 163 08d4 D6BB56C0 		.ascii	"\326\273V\300\240\033O8\222[X\343\371\307\245\016\217"
 163      A01B4F38 
 163      925B58E3 
 163      F9C7A50E 
 163      8F
 164 08e5 15985F50 		.ascii	"\025\230_P\262D\367|;K\347e\006*F7v H\226\031\266/\232"
 164      B244F77C 
 164      3B4BE765 
 164      062A4637 
 164      76204896 
ARM GAS  C:\Users\PETERL~1\AppData\Local\Temp\ccsA9zce.s 			page 13


 165 08fd B2C36E2E 		.ascii	"\262\303n.\320y\230A[\250\"\266H\347e\006j1\211\275"
 165      D0799841 
 165      5BA822B6 
 165      48E76506 
 165      6A3189BD 
 166 0911 28CB0CB1 		.ascii	"(\313\014\261q\346\305\226\350<\314\240-U\021[\246\363"
 166      71E6C596 
 166      E83CCCA0 
 166      2D55115B 
 166      A6F3
 167 0923 3203154B 		.ascii	"2\003\025Kb\343d\231!6\336\274\330r\235\207\031\264"
 167      62E36499 
 167      2136DEBC 
 167      D8729D87 
 167      19B4
 168 0935 3815B178 		.ascii	"8\025\261x\235\227\031\250\004\022\033/\313\014\261"
 168      9D9719A8 
 168      04121B2F 
 168      CB0CB1
 169 0944 97CC8B7D 		.ascii	"\227\314\213}\253\3630\203\366\235\212\330\367:/3P+"
 169      ABF33083 
 169      F69D8AD8 
 169      F73A2F33 
 169      502B
 170 0956 48EC2559 		.ascii	"H\354%Yf\210\275l^l\245\316\303\014\332*\025\261\325"
 170      6688BD6C 
 170      5E6CA5CE 
 170      C30CDA2A 
 170      15B1D5
 171 0969 3A2F3350 		.ascii	":/3P?\220\330\313\262\314\020\233`^l\215\316\303\014"
 171      3F90D8CB 
 171      B2CC109B 
 171      605E6C8D 
 171      CEC30C
 172 097c DA5A15B1 		.ascii	"\332Z\025\261D\235\227\031\250\037Il\002\002\266\322"
 172      449D9719 
 172      A81F496C 
 172      0202B6D2 
 173 098c 4C9993F4 		.ascii	"L\231\223\364\356e^\322w\231\223q\272\241=\2279E\347"
 173      EE655ED2 
 173      77999371 
 173      BAA13D97 
 173      3945E7
 174 099f 65FE4957 		.ascii	"e\376IW)\363:\235\312|\351ljQ\240\273\314\333P\346\237"
 174      29F33A9D 
 174      CA7CE96C 
 174      6A51A0BB 
 174      CCDB50E6 
 175 09b4 F5D06E2F 		.ascii	"\365\320n/\314j\231\327\353a\364\212{)3q\351\010\343"
 175      CC6A99D7 
 175      EB61F48A 
 175      7B293371 
 175      E908E3
 176 09c7 F4BD96F9 		.ascii	"\364\275\226\371\027\224y\003\335\356`\343\2612\347"
 176      17947903 
 176      DDEE60E3 
 176      B132E7
ARM GAS  C:\Users\PETERL~1\AppData\Local\Temp\ccsA9zce.s 			page 14


 177 09d6 CDA5EE9F 		.ascii	"\315\245\356\237\331H\305\261Uw/\345\332\275\357\177"
 177      D948C5B1 
 177      55772FE5 
 177      DABDEF7F 
 178 09e6 2ABFFF0D 		.ascii	"*\277\377\015\371M\031\232W\2327\2124\023\224\245\311"
 178      F94D199A 
 178      579A378A 
 178      341394A5 
 178      C9
 179 09f7 25D88025 		.ascii	"%\330\200%(\253j\215\367\365X\002\343\345w-\301\215"
 179      28AB6A8D 
 179      F7F55802 
 179      E3E5772D 
 179      C18D
 180 0a09 DA9D7783 		.ascii	"\332\235w\203=\337\311\022i\006j3-A\260L3t_1\247\207"
 180      3DDFC912 
 180      69066A33 
 180      2D41B04C 
 180      33745F31 
 181 0a1f F5DC22DA 		.ascii	"\365\334\"\332\014\\\272\212\331V\321f\240\266\221\331"
 181      0C5CBA8A 
 181      D956D166 
 181      A0B691D9 
 182 0a2f 2BB2CD30 		.ascii	"+\262\3150\233h\301l\273\2103p\031*f;D\234\201\372\225"
 182      9B68C16C 
 182      BB883370 
 182      192A663B 
 182      449C81FA 
 183 0a44 CC26CA38 		.ascii	"\314&\3128\303\354U\013f;E\235\201\313T1\313\022u\006"
 183      C3EC550B 
 183      663B459D 
 183      81CB5431 
 183      CB127506 
 184 0a58 6A1799BD 		.ascii	"j\027\231\275*\353\014\263I\026\314v\213<\003\267G\305"
 184      2AEB0CB3 
 184      4916CC76 
 184      8B3C03B7 
 184      47C5
 185 0a6a 6CAFC833 		.ascii	"l\257\3103P\331d6I\346\031f\257Y0\313\021}\006\3567"
 185      50D96436 
 185      49E61966 
 185      AF5930CB 
 185      117D06EE 
 186 0a7f 15B35CD1 		.ascii	"\025\263\\\321g\240\362\310\3545\331g\230M\266`\266"
 186      67A0F2C8 
 186      EC35D967 
 186      984DB660 
 186      B6
 187 0a90 4F041AB8 		.ascii	"O\004\032\270|\025\263\002\021h\240\366\223\331dt,\321"
 187      7C15B302 
 187      1168A0F6 
 187      93D96474 
 187      2CD1
 188 0aa2 4CA00B1F 		.ascii	"L\240\013\037\010tl\337\201.\302\351\206\365\034\350"
 188      08746CDF 
 188      812EC2E9 
 188      86F51CE8 
ARM GAS  C:\Users\PETERL~1\AppData\Local\Temp\ccsA9zce.s 			page 15


 189 0ab2 6211E803 		.ascii	"b\021\350\003J\201>\210@\237\277\323R\354\376\2512\347"
 189      4A813E88 
 189      409FBFD3 
 189      52ECFEA9 
 189      32E7
 190 0ac4 2E04BA84 		.ascii	".\004\272\204\007:\361\241\003}\310\310oa\257\201&."
 190      073AF1A1 
 190      037DC8C8 
 190      6F61AF81 
 190      262E
 191 0ad6 1D71B08F 		.ascii	"\035q\260\217@\037F\240K\351~\3677\036\333\230\222\231"
 191      401F46A0 
 191      4BE97EF7 
 191      371EDB98 
 191      9299
 192 0ae8 E6FE298D 		.ascii	"\346\376)\215\3758\366\374\311c\337\373{\337\3772~\377"
 192      FD38F6FC 
 192      C963DFFB 
 192      7BDFFF32 
 192      7EFF
 193 0afa 2FAEBDF7 		.ascii	"/\256\275\367\215W\237\217\210>\023\223\035\225;P\212"
 193      8D579F8F 
 193      883E1393 
 193      1D953B50 
 193      8A
 194 0b0b 1D28AD4B 		.ascii	"\035(\255K=\341\343\261\003%\036;PT\275fq?\317\367\265"
 194      3DE1E3B1 
 194      03251E3B 
 194      5054BD66 
 194      713FCFF7 
 195 0b20 449F81FA 		.ascii	"D\237\201\372\235v\240\277\3543l_7e\207\345,\027y\006"
 195      9D76A0BF 
 195      EC336C5F 
 195      376587E5 
 195      2C177906 
 196 0b34 EDB88AD8 		.ascii	"\355\270\212\330\011\221g\240N\222\330\3532\317\020"
 196      099167A0 
 196      4E92D8EB 
 196      32CF10
 197 0b43 7BC3BCD8 		.ascii	"{\303\274\330)Qg\320N\253\210U\210:\003UIbo\310:C\354"
 197      295167D0 
 197      4EAB8855 
 197      883A0355 
 197      49626FC8 
 198 0b5a 4DF36267 		.ascii	"M\363bgD\234A;\253\"vN\304\031\250\363$\366\246\214"
 198      449C413B 
 198      AB22764E 
 198      C419A8F3 
 198      24F6A68C 
 199 0b6e 33C4A698 		.ascii	"3\304\246\230\027\273 \332\014Z\225\212X\265h3P\027"
 199      17BB20DA 
 199      0C5A958A 
 199      58B56833 
 199      5017
 200 0b80 496C8A6C 		.ascii	"Il\212l3\304\246\232\027\273$\322\014\332e\025\261\032"
 200      33C4A69A 
 200      17BB24D2 
ARM GAS  C:\Users\PETERL~1\AppData\Local\Temp\ccsA9zce.s 			page 16


 200      0CDA6515 
 200      B11A
 201 0b92 9166A0AE 		.ascii	"\221f\240\256\220\330T\231f\210\275e^\354\252(3h\327"
 201      90D85499 
 201      6688BD65 
 201      5EECAA28 
 201      3368D7
 202 0ba5 54C46A45 		.ascii	"T\304jE\231\201\272Nbo!`;\314\224\371\306\003e^\335"
 202      9981BA4E 
 202      626F2160 
 202      3BCC94F9 
 202      C603655E 
 203 0bba 7799EB70 		.ascii	"w\231\353p\272\220\236\313\\/\312|S\251\314\267P\346"
 203      BA909ECB 
 203      5C2FCA7C 
 203      53A9CCB7 
 203      50E6
 204 0bcc F6454531 		.ascii	"\366EE1\374\307\235\363P\346\006^\346\035\017]\346F"
 204      FCC79DF3 
 204      50E6065E 
 204      E61D0F5D 
 204      E646
 205 0bde A3BB377A 		.ascii	"\243\2737z-3q\351\210[}\224\3716\312\334D\267{\200\361"
 205      2D3371E9 
 205      885B7D94 
 205      F936CADC 
 205      44B77B80 
 206 0bf3 D83C9733 		.ascii	"\330<\2273\301\375\246F\025\216\215L\236\277\306\327"
 206      C1FDA646 
 206      158E8D4C 
 206      9EBFC6D7 
 207 0c03 FBF637F3 		.ascii	"\373\3667\363\333\237\234\270v\276\367\177:\267\210"
 207      DB9F9CB8 
 207      76BEF77F 
 207      3AB788
 208 0c12 341394DD 		.ascii	"4\023\224\335\221K\320\204%8\225tu\235\347o\317\015"
 208      914BD084 
 208      25389574 
 208      759DE76F 
 208      CF0D
 209 0c24 1E4BE03A 		.ascii	"\036K\340:\276\374t\200\347;[\"\315@\335\243%\030 \323"
 209      BEFC7480 
 209      E73B5B22 
 209      CD40DDA3 
 209      251820D3 
 210 0c38 0CDD69E6 		.ascii	"\014\335i\346\364\260\236.\321f\340ZU\314\332D\233\201"
 210      F4B09E2E 
 210      D166E05A 
 210      55CCDA44 
 210      9B81
 211 0c4a BA4F66D3 		.ascii	"\272Of\323d\233a6\335\202Y\273\2103p\035*f\235\"\316"
 211      649B6136 
 211      DD8259BB 
 211      8833701D 
 211      2A669D22 
 212 0c5f 4039ED86 		.ascii	"@9\355\206\331t\031g\230\275m\301,\322\316\353\014\\"
 212      D9741967 
ARM GAS  C:\Users\PETERL~1\AppData\Local\Temp\ccsA9zce.s 			page 17


 212      98BD6DC1 
 212      2CD2CEEB 
 212      0C5C
 213 0c71 945DC16C 		.ascii	"\224]\301l\236\235\327\031\250h2{[\326\031f3,\230\315"
 213      9E9DD719 
 213      A868327B 
 213      5BD61966 
 213      332C98CD 
 214 0c85 B7F33C03 		.ascii	"\267\363<\003\027\243b\266\300\316\363\014\324B2\233"
 214      17A362B6 
 214      C0CEF30C 
 214      D442329B 
 215 0c95 21F30CB3 		.ascii	"!\363\014\263\231\026\314\026\331y\237\201[\254b\266"
 215      9916CC16 
 215      D9799F81 
 215      5BAC62B6 
 216 0ca5 C4CEFB0C 		.ascii	"\304\316\373\014\324R2\233)\373\014\263w,\230-\263\363"
 216      D452329B 
 216      29FB0CB3 
 216      772C982D 
 216      B3F3
 217 0cb7 400317AB 		.ascii	"@\003\027\253b\266\334\316\003\015T\034\231\275c;\317"
 217      62B6DCCE 
 217      030D541C 
 217      99BD633B 
 217      CF
 218 0cc8 22F3B2FE 		.ascii	"\"\363\262\376\210X\332\350\257\0171\372kC\232\3156"
 218      8858DAE8 
 218      AF0F31FA 
 218      6B439ACD 
 218      36
 219 0cd9 75DAA48F 		.ascii	"u\332\244\217\246}1\353o\263>\370\352?\237\315\232\363"
 219      A67D31EB 
 219      6FB33EF8 
 219      EA3F9FCD 
 219      9AF3
 220 0ceb D1A7F4F9 		.ascii	"\321\247\364\371\234/\307\217\215\230\363e\304\027\237"
 220      9C2FC78F 
 220      8D98F365 
 220      C4179F
 221 0cfa CC8E983B 		.ascii	"\314\216\230;\347\337_}\031\361\301\207\177\036?.\342"
 221      E7DF5F7D 
 221      19F1C187 
 221      7F1E3F2E 
 221      E2
 222 0d0b BDF7A647 		.ascii	"\275\367\246G\314|\377\335\277\374w\\\304\334Of\177"
 222      CC7CFFDD 
 222      BFFC775C 
 222      C4DC4F66 
 222      7F
 223 0d1c 3C7BF667 		.ascii	"<{\366gc>\265\371~:\347_\377\230\365\271\317\347sg\315"
 223      633EB5F9 
 223      7E3AE75F 
 223      FF98F5B9 
 223      CFE77367 
 224 0d31 99FB7F8D 		.ascii	"\231\373\177\215z\371K"
 224      7AF94B
ARM GAS  C:\Users\PETERL~1\AppData\Local\Temp\ccsA9zce.s 			page 18


 225              		.text
 226              		.section	.gnu.lto__pal_lld_setgroupmode.bbac2f20,"",%progbits
 227 0000 789C9D57 		.ascii	"x\234\235W{PT\347\025\277\347\273\373\006\304G\306 "
 227      7B5054E7 
 227      15BFE7BB 
 227      FB06C447 
 227      C620
 228 0012 6A3483F8 		.ascii	"j4\203\370\214\202`\264j\325\"h\232\231$\355\214\235"
 228      8C8260B4 
 228      6AD52268 
 228      9A9924ED 
 228      8C9D
 229 0024 E964C699 		.ascii	"\351d\306\231\250\301\031\235Ba\200\364\361W\257<6\246"
 229      A8C1199D 
 229      426180F4 
 229      F157AF3C 
 229      36A6
 230 0036 B11D4BD3 		.ascii	"\261\035K\323\324\032\231<,j\004Y\203\257BT6\224\012"
 230      D41A993C 
 230      2C6A0459 
 230      83AF4254 
 230      36940A
 231 0049 2262A806 		.ascii	"\"b\250\006\324\"\220\024\020+\222R\321\015\031\"=\217"
 231      D4229014 
 231      102B9252 
 231      D10D1922 
 231      3D8F
 232 005b BBB04B20 		.ascii	"\273\260K \303\310\314\236\375\356\331\337\371\335s"
 232      C3C8CC9E 
 232      FDEED9DF 
 232      F9DD73
 233 006a 7EDF39F7 		.ascii	"~\3379\367\273\350\332\267\377v\341\347\355pM\333\215"
 233      BBE8DAB7 
 233      FF76E1E7 
 233      ED704DDB 
 233      8D
 234 007b DF10A281 		.ascii	"\337\020\242\201\332[\217N\207\002]\026\272\262\354"
 234      DA5B8F4E 
 234      87025D16 
 234      BAB2EC
 235 008a 9EA7192E 		.ascii	"\236\247\031.\007\331P\213\262\362\225\215\257\254`"
 235      07D9508B 
 235      B2F2958D 
 235      AFAC60
 236 0099 1790CDBF 		.ascii	"\027\220\315\277\260\203C\026\016\345\312\265#\320\271"
 236      B0834316 
 236      0EE5CAB5 
 236      23D0B9
 237 00a8 A75A43A4 		.ascii	"\247ZC\244S\350>q\270\000h\241\201\366\033\245[\254"
 237      53E83E71 
 237      B80068A1 
 237      81F61BA5 
 237      5BAC
 238 00ba 36BBC3E9 		.ascii	"6\273\303\351\002\\J2wT\257\202\275\336\242}!\363\012"
 238      025C4A32 
 238      7754AF82 
 238      BDDEA27D 
ARM GAS  C:\Users\PETERL~1\AppData\Local\Temp\ccsA9zce.s 			page 19


 238      21F30A
 239 00cd 0DC3F86F 		.ascii	"\015\303\370oiSD^D\277\322\264\373J\000p\030\346!\344"
 239      6953445E 
 239      44BFD2B4 
 239      FB4A0070 
 239      18E621E4 
 240 00e1 96EFCC9E 		.ascii	"\226\357\314\2360=\0114\\\227\225\364]\016\351R\375"
 240      303D0934 
 240      5C9795F4 
 240      5D0EE952 
 240      FD
 241 00f2 0A66D365 		.ascii	"\012f\323ey~\315>\033]*\013]6zn\336P\321\007\015#\333"
 241      797ECD3E 
 241      1B5D2A0B 
 241      5D367A6E 
 241      DE50D107 
 242 0109 7BA5D4F8 		.ascii	"{\245\324\370\201\245_\351p\004t\344\203\017!\022\216"
 242      81A55FE9 
 242      700474E4 
 242      830F2112 
 242      8E
 243 011a 42A4862E 		.ascii	"B\244\206.\015\212 \032\321\0374w\370t\375y\346=ZY\266"
 243      0D8A201A 
 243      D11F3477 
 243      F874FD79 
 243      E63D5A59 
 244 012f 8003DBCE 		.ascii	"\200\003\333\316\0266\206\032?\354W\026(\036\031i\321"
 244      1636861A 
 244      3FEC5716 
 244      281E1969 
 244      D1
 245 0140 E01847DE 		.ascii	"\340\030G\336\356\277s8L\177\211#\2779\372\207\003."
 245      EEBF7338 
 245      4C7F8923 
 245      BF39FA87 
 245      032E
 246 0152 093D5778 		.ascii	"\011=Wx\225C\255P22\324\252\201\007\242\011?P\273\277"
 246      9543AD50 
 246      3232D4AA 
 246      8107A209 
 246      3F50BBBF 
 247 0166 2C54DFC4 		.ascii	",T\337\304\261\356\343_7[\243\336\247\330\212\274\352"
 247      B1EEE35F 
 247      375BA3DE 
 247      A7D88ABC 
 247      EA
 248 0177 50A3C6C8 		.ascii	"P\243\306\310m\033\034\234\325\257lp<\230A\3760\344"
 248      6D1B1C9C 
 248      D5AF6C70 
 248      3C9841FE 
 248      30E4
 249 0189 DDBD071E 		.ascii	"\335\275\007\036X\365\2279\374\356\203#\177\012\341"
 249      58F59739 
 249      FCEE8323 
 249      7F0AE1
 250 0198 F0F76A0A 		.ascii	"\360\367j\012m\001\301\245c\004\037\354\373\264\327"
 250      6D01C1A5 
ARM GAS  C:\Users\PETERL~1\AppData\Local\Temp\ccsA9zce.s 			page 20


 250      63041FEC 
 250      FBB4D7
 251 01a7 A16FE1E0 		.ascii	"\241o\341\340\252\303_\026\204K\360\305\240\340\223"
 251      AAC35F16 
 251      844BF0C5 
 251      A0E093
 252 01b6 63047FE0 		.ascii	"c\004\177\340)\373\251\276\203c\033N>l\231 \261\265"
 252      29FBA9BE 
 252      83631B4E 
 252      3E6C9920 
 252      B1B5
 253 01c8 41B1A7C7 		.ascii	"A\261\247\307\210m\350\276\355q\352?\347`\343d\376#"
 253      886DE8BE 
 253      ED71EA3F 
 253      E760E364 
 253      FE23
 254 01da A7045F0A 		.ascii	"\247\004_\012\012\376\333\030\301\027\017\\=\357\322"
 254      0AFEDB18 
 254      C1170F5C 
 254      3DEFD2
 255 01e9 3339F8CE 		.ascii	"39\370\316\311\3542\263\344\272\240\340\3621\202{s\277"
 255      C9EC32B3 
 255      E4BAA0E0 
 255      F231827B 
 255      73BF
 256 01fb 690AB1E5 		.ascii	"i\012\261\345b\177M\204\217 \012N\340\347\024~\316\340"
 256      627F4D84 
 256      8F200A4E 
 256      E0E7147E 
 256      CEE0
 257 020d A70C3F1F 		.ascii	"\247\014?\037C\224\364\033\234\005\033h\232k,\024r\371"
 257      4394F41B 
 257      9C051B68 
 257      9A6B2C14 
 257      72F9
 258 021f 3E2C7E43 		.ascii	">,~C\351\277\224*N\274\236-U\264]\311\253\015\332\272"
 258      E9BF942A 
 258      4EBC9E2D 
 258      55B45DC9 
 258      AB0DDABA 
 259 0233 73A3A502 		.ascii	"s\243\245\002\347\231\342|OQ\315\004\335\000\346\350"
 259      E799E27C 
 259      4F51CD04 
 259      DD00E6E8 
 260 0243 EA2A8F65 		.ascii	"\352*\217e\012o9vk\356{\306\243\301A \206\212Q\031\274"
 260      0A6F3976 
 260      6BEE7BC6 
 260      A3C14120 
 260      868A5119 
 261 0258 CCF03BA3 		.ascii	"\314\360;\243\350\217\240\347\010Cao\301\2710\2418\037"
 261      E88FA0E7 
 261      0843616F 
 261      C1B930A1 
 261      381F
 262 026a 4CF1C9A8 		.ascii	"L\361\311\250\024\225L\321~\250'\017t\267P\374\366h"
 262      14954CD1 
 262      7EA8270F 
ARM GAS  C:\Users\PETERL~1\AppData\Local\Temp\ccsA9zce.s 			page 21


 262      74B750FC 
 262      F668
 263 027c 5E3E0845 		.ascii	"^>\010Em0\305\337G\245\250\202(\317d\25718x\277\245"
 263      6D30C5DF 
 263      47A5A882 
 263      28CF64AF 
 263      313878BF 
 264 0291 F4CD751E 		.ascii	"\364\315u\036\365\034\360T \020\205\303\331B\351pNP"
 264      F51CF054 
 264      201085C3 
 264      D942E970 
 264      4E50
 265 02a3 3C6C7994 		.ascii	"<ly\224\317\246\221x\370 \300\366\017aL(\216\203=\214"
 265      CFA69178 
 265      F820C0F6 
 265      0F614C28 
 265      8E833D8C 
 266 02b7 81136819 		.ascii	"\201\023h\031\316\350\211\264\234\304!\223i9E#\341\237"
 266      CEE889B4 
 266      9CC42193 
 266      69394523 
 266      E19F
 267 02c9 00E29E4A 		.ascii	"\000\342\236J\216'\311D\220\231\206\306\021\311\212"
 267      8E27C944 
 267      909986C6 
 267      11C98A
 268 02d8 4EA7E50C 		.ascii	"N\247\345\014Nj&\320X?E\200Ydf\223y\232L\024\2319d\242"
 268      4E6A26D0 
 268      583F4580 
 268      59646693 
 268      799A4C14 
 269 02f0 C9CC2533 		.ascii	"\311\314%3\237\002\027\220Y\310\302.\"\3473d\026\223"
 269      9F021790 
 269      59C8C22E 
 269      22E73364 
 269      1693
 270 0302 59422696 		.ascii	"YB&\226\314R\302\304\221\211g\371\226\221\363Y2\313"
 270      CC52C2C4 
 270      918967F9 
 270      9691F359 
 270      32CB
 271 0314 C9AC20B3 		.ascii	"\311\254 \263\222\314*2\253\311\254!\263\226\314:2\011"
 271      92CC2A32 
 271      ABC9AC21 
 271      B396CC3A 
 271      3209
 272 0326 ACCF7A2E 		.ascii	"\254\317z.8\221kM\34227\260\032\033Y\037Mk\307\036\304"
 272      38916B4D 
 272      E23237B0 
 272      1A1B591F 
 272      4D6BC71E 
 273 033b 67688752 		.ascii	"gh\207R\370\245\337\204\234\257\334\217\212\276GM\351"
 273      F8A5DF84 
 273      9CAFDC8F 
 273      8ABE474D 
 273      E9
 274 034c 53213EE5 		.ascii	"S!>\345\302\235\372}\311_\357\207\323\303\316\2162\377"
ARM GAS  C:\Users\PETERL~1\AppData\Local\Temp\ccsA9zce.s 			page 22


 274      C29DFA7D 
 274      C95FEF87 
 274      D3C3CE8E 
 274      32FF
 275 035e 0377A411 		.ascii	"\003w\244\021\024w-\322 H\343\240\013\305\277\222\240"
 275      14772DD2 
 275      2048E3A0 
 275      0BC5BF92 
 275      A0
 276 036f 50091A7A 		.ascii	"P\011\032zB\332qW.`\020\242Z\334\355 \2400\304!h\177"
 276      42DA7157 
 276      2E6010A2 
 276      5ADCED20 
 276      A030C421 
 277 0385 53479F4E 		.ascii	"SG\237N \007ncu\000\363\011b\016\023\346z?\363\004a"
 277      20076E63 
 277      7500F309 
 277      620E13E6 
 277      7A3FF304 
 278 039a FE8BAFEE 		.ascii	"\376\213\257\356\202\244\023\241A\315H\346p\304A\364"
 278      82A413A1 
 278      41CD48E6 
 278      70C441F4 
 279 03aa 30D32962 		.ascii	"0\323)b\012\027\246F?\323Da:^Q\364\206\223\231\266h"
 279      0A17A646 
 279      3FD34461 
 279      3A5E51F4 
 279      869399B6 
 280 03bf 707124D3 		.ascii	"pq$\323$\304!\250\373\352;\345\241\234#6Vm@\216g\210"
 280      24C421A8 
 280      FBEA3BE5 
 280      A19C2336 
 280      566D408E 
 281 03d5 799230B7 		.ascii	"y\2220\267\370\231'\013\363\221\212\374\303\026f6\260"
 281      F899270B 
 281      F3918AFC 
 281      C3166636 
 281      B0
 282 03e6 CD2E8DA4 		.ascii	"\315.\215\244\236\202@\232\353\203mw\201\251\355\032"
 282      9E82409A 
 282      EB836D77 
 282      81A9ED1A 
 283 03f6 D4055097 		.ascii	"\324\005P\227\021\365\024\274\314\366\356\013a\217<"
 283      11F514BC 
 283      CCF6EE0B 
 283      618F3C
 284 0405 085ADBAF 		.ascii	"\010Z\333\25748(\300\206\003q\231g\243\003\317\025<"
 284      343828C0 
 284      86037199 
 284      67A303CF 
 284      153C
 285 0417 EB74C44E 		.ascii	"\353t\304N\344-\365\341\217r\301\011Z\315\013\326\301"
 285      E42DF5E1 
 285      8F72C109 
 285      5ACD0BD6 
 285      C1
 286 0428 625EB0BC 		.ascii	"b^\260\274\272y\301\273\250\314\013\354\030\237\002"
ARM GAS  C:\Users\PETERL~1\AppData\Local\Temp\ccsA9zce.s 			page 23


 286      BA79C1BB 
 286      A8CC0BEC 
 286      189F02
 287 0437 29EA61F1 		.ascii	")\352a\361ZIw*\272\360\356\325\005]\245R\024\216^=\336"
 287      5A49772A 
 287      BAF0EED5 
 287      055DA552 
 287      148E5E3D 
 288 044c FD33C8BD 		.ascii	"\3753\310\275\221\263\315\304 `\327\241\217\367\330"
 288      91B3CDC4 
 288      2060D7A1 
 288      8FF7D8
 289 045b 1980E95D 		.ascii	"\031\200\351]\221\321\355\004\360\251'\260V\225\340"
 289      91D1ED04 
 289      F0A927B0 
 289      5695E0
 290 046a ECBEB5A3 		.ascii	"\354\276\265\243\023\024\266\214\032hJ\367\251\015\316"
 290      1314B68C 
 290      1A684AF7 
 290      A90DCE
 291 0479 BAD6944E 		.ascii	"\272\326\224N\320q\247\325\236\033\350X\357|\353\225"
 291      D071A7D5 
 291      9E1BE858 
 291      EF7CEB95 
 292 0489 4EB0E07E 		.ascii	"N\260\340~\251\267^\366\251DgqkV'XQeUL\277'9\317R\200"
 292      A9B75EF6 
 292      A9446771 
 292      6B562758 
 292      5165554C 
 293 04a3 8D4A5775 		.ascii	"\215JWu\344\331\350ln\335\202\032X\264\335\363\244y"
 293      E4D9E86C 
 293      6EDD821A 
 293      58B4DDF3 
 293      A479
 294 04b5 EB8FED85 		.ascii	"\353\217\355\205\021\217_\234W\0325\232\"\032X~\342"
 294      118F5F9C 
 294      571A359A 
 294      221A587E 
 294      E2
 295 04c6 62829F52 		.ascii	"b\202\237R\332O\242\\\201;a\307\235h\220\355z\333\335"
 295      DA4FA25C 
 295      813B61C7 
 295      9D6890ED 
 295      7ADBDD
 296 04d9 6D115004 		.ascii	"m\021P\004\342\314\036\316ny}@\211w\032\376@\270fw\225"
 296      E2CC1ECE 
 296      6E797D40 
 296      89771AFE 
 296      40B86677 
 297 04ee E989E49D 		.ascii	"\351\211\344\235\235\306\333\210\016\2721:\005\323x"
 297      9DC6DB88 
 297      0EBA313A 
 297      05D378
 298 04fd 6CAD80A6 		.ascii	"l\255\200\246\343\355\256\267e\327\362\333\204\003\273"
 298      E3EDAEB7 
 298      65D7F2DB 
 298      8403BB
ARM GAS  C:\Users\PETERL~1\AppData\Local\Temp\ccsA9zce.s 			page 24


 299 050c E39F1049 		.ascii	"\343\237\020IA\314}\015\0044\003qC4UD3\203\324\276\234"
 299      41CC7D0D 
 299      04340371 
 299      43345544 
 299      3383D4BE 
 300 0521 736FAA00 		.ascii	"so\252\0008\351\201\352<\036\004\033&}\325|Rv\340\216"
 300      38E981EA 
 300      3C1E041B 
 300      267DD57C 
 300      5276E08E 
 301 0535 574D412D 		.ascii	"WMA-*O\177\324Sj\027\364S\201\275\243\363\371t\352\253"
 301      2A4F7FD4 
 301      536A17F4 
 301      5381BDA3 
 301      F3F974EA 
 302 054a 77EF8515 		.ascii	"w\357\205\025\300;\370\304u\372\324L\270F\361\364\214"
 302      C03BF8C4 
 302      75FAD44C 
 302      B846F1F4 
 302      8C
 303 055b AE7BF3B4 		.ascii	"\256{\363\264cq\221\221\213?\270\3403(\200\377\361["
 303      63719191 
 303      8B3FB8E0 
 303      332880FF 
 303      F15B
 304 056d 1134C262 		.ascii	"\0214\302b\312\361kw\273\251\312,J\2125\277fzf\343\235"
 304      CAF16B77 
 304      BBA9CA2C 
 304      4A8A35BF 
 304      667A66E3 
 305 0582 D04FCE3E 		.ascii	"\320O\316>w\235U\234O\263\237T\250\314\177\237\263\017"
 305      779D559C 
 305      4FB39F54 
 305      A8CC7F9F 
 305      B30F
 306 0594 B8FB2EC3 		.ascii	"\270\373.\303\360\316\374\316\014\232\2063\270\016\213"
 306      F0CEFCCE 
 306      0C9A8633 
 306      B80E8B
 307 05a3 918E6BB4 		.ascii	"\221\216k\264\015\325\370\245\277\306\250q\027u\203"
 307      0DD5F8A5 
 307      BFC6A871 
 307      177583
 308 05b2 2981286F 		.ascii	")\201(o\216,j\316\267\212\302y@\371\347\004\0275\227"
 308      8E2C6ACE 
 308      B78AC279 
 308      40F9E704 
 308      173597
 309 05c5 FD8F5DD4 		.ascii	"\375\217]\324\277\2063h\246\242\346rQvibl\203G\307\276"
 309      BF863368 
 309      A6A2E672 
 309      51766962 
 309      6C8347C7 
 310 05da 2FF7994F 		.ascii	"/\367\231O\323L\375c\223\353\0050\007\233e~p\263,D\377"
 310      D34CFD63 
 310      93EB0530 
 310      079B657E 
ARM GAS  C:\Users\PETERL~1\AppData\Local\Temp\ccsA9zce.s 			page 25


 310      70B32C44 
 311 05ef 50B378A9 		.ascii	"P\263x\251Y\026j\254M_\245\251\315\242qks\2133\343\367"
 311      59166AAC 
 311      4D5FA5A9 
 311      CDA2716B 
 311      738B33E3 
 312 0604 9216BF36 		.ascii	"\222\026\2776\003\246\022\317\0101j\343\037\014L}\021"
 312      03A612CF 
 312      08316AE3 
 312      1F0C4C7D 
 312      11
 313 0615 FA459B76 		.ascii	"\372E\233vS\233%\354\327Y\233\317G\323f\372wf\320:\234"
 313      539B25EC 
 313      D7599BCF 
 313      47D366FA 
 313      7766D03A 
 314 062a 411B69B3 		.ascii	"A\033i\263Df\261\276d\263\320\307J\363\017\035\035v"
 314      4466B1BE 
 314      64B3D0C7 
 314      4AF30F1D 
 314      1D76
 315 063c 3C3A3EF7 		.ascii	"<:>\367\317f\237)\311R\304\005\352\026\207G\002z\203"
 315      CF669F29 
 315      C952C405 
 315      EA168747 
 315      027A83
 316 064f 758B47FF 		.ascii	"u\213G\377\220n\225\244[\274\350\366\300\257\333\262"
 316      906E95A4 
 316      5BBCE8F6 
 316      C0AFDBB2 
 317 065f 71EBF605 		.ascii	"q\353\366\005gM\377`\300\277\375\272U\231\202<+\304"
 317      674DFF60 
 317      C0BFFDBA 
 317      5599823C 
 317      2BC4
 318 0671 A85B9FA9 		.ascii	"\250[\237\251\333r\244F\277\350\326m\302V\260\337\362"
 318      DB72A446 
 318      BFE8D66D 
 318      C256B0DF 
 318      F2
 319 0682 B8BAB50F 		.ascii	"\270\272\265\017g\320A\272\255\340Zz\207jY9\356Z:\231"
 319      67D041BA 
 319      ADE05A7A 
 319      876A5939 
 319      EE5A3A99 
 320 0696 C9424CB7 		.ascii	"\311BL\267\271\026\314\334?\037\253\270\234\225\222"
 320      B916CCDC 
 320      3F1FABB8 
 320      9C9592
 321 06a5 79B399F9 		.ascii	"y\263\231\371j\366[\0377\363\256\341\373\335\241\314"
 321      6AF65B1F 
 321      37F3AEE1 
 321      FBDDA1CC 
 322 06b5 57CB2E3C 		.ascii	"W\313.<\364g\276f\334\231\377\207\231\254\304twd\346"
 322      F467BE66 
 322      DC99FF87 
 322      99ACC474 
ARM GAS  C:\Users\PETERL~1\AppData\Local\Temp\ccsA9zce.s 			page 26


 322      7764E6
 323 06c8 6B39F335 		.ascii	"k9\3635\301\231\257c\277z\334\314\273\207\357w\2172"
 323      C199AF63 
 323      BF7ADCCC 
 323      BB87EF77 
 323      8F32
 324 06da 5FC773EC 		.ascii	"_\307s\354\340\003\231\017\374\207%\313\344xL\300#\024"
 324      E003990F 
 324      FC8725CB 
 324      E4784CC0 
 324      2314
 325 06ec 6777E884 		.ascii	"gw\350\204\347s6\201\236\351\327s*\376\034a\202\374"
 325      E7733681 
 325      9EE9D773 
 325      2AFE1C61 
 325      82FC
 326 06fe 87269238 		.ascii	"\207&\22285\374\237V\347\243\243\336c\276\217\255\307"
 326      35FC9F56 
 326      E7A3A3DE 
 326      63BE8FAD 
 326      C7
 327 070f B10A24E1 		.ascii	"\261\012$\341c|\275y\276xV\011(\021{(\350]\212O\376"
 327      637CBD79 
 327      BE785609 
 327      28117B28 
 327      E85D8A4F 
 328 0724 4441B578 		.ascii	"DA\265x\226\013*\011\367+\010\305/\013I\202\372\"F@"
 328      960B2A09 
 328      F72B08C5 
 328      2F0B4982 
 328      FA224640 
 329 0738 1B509A20 		.ascii	"\033P\232 \020\277*l P\276\273\307\023+\250\2152\220"
 329      10BF2A6C 
 329      2050BEBB 
 329      C7132BA8 
 329      8D3290
 330 074b 0DFB0FE5 		.ascii	"\015\373\017\345\310i\204o\007=\001A\374N\262\221\213"
 330      C869846F 
 330      073D0141 
 330      FC4EB291 
 330      8B
 331 075c 72D13B66 		.ascii	"r\321;f\013\354\362\366^\322\345\024\246\027P@/\316"
 331      0BECF2F6 
 331      5ED2E514 
 331      A6175040 
 331      2FCE
 332 076e 7B42E2AA 		.ascii	"{B\342\252\315\211;vn\333\271)\353\265\344\235i\233"
 332      CD893B76 
 332      6EDBB929 
 332      EBB5E49D 
 332      699B
 333 0780 5FA5755A 		.ascii	"_\245uZf|lLZf\314\216\255)1\351i\031Y\2311\233~\362"
 333      667C6C4C 
 333      5A66CC8E 
 333      AD2931E9 
 333      69195999 
 334 0798 627C5CCC 		.ascii	"b|\\\314\013/$\305<\367\343\347\177\364\213\270\230"
ARM GAS  C:\Users\PETERL~1\AppData\Local\Temp\ccsA9zce.s 			page 27


 334      0B2F24C5 
 334      3CF7E3E7 
 334      7FF48BB8 
 334      98
 335 07a9 F4AD29AF 		.ascii	"\364\255)\257\244\244$/yU\263\020\302\222\2725\363g"
 335      A4A4242F 
 335      7955B310 
 335      C292BA35 
 335      F367
 336 07bb 96D4B4E4 		.ascii	"\226\324\264\344\355V2\031\266\264\254_\247o\317\260"
 336      ED563219 
 336      B6B4AC5F 
 336      A76FCFB0 
 337 07cb A765A66F 		.ascii	"\247e\246o\337"
 337      DF
 338 07d0 9E9C614D 		.ascii	"\236\234aM\177-=9\303\2625%+C\337\2663\313A\013\212"
 338      7F2D3D39 
 338      C3B23525 
 338      2B43DFB6 
 338      33CB410B 
 339 07e5 50A94B55 		.ascii	"P\251KUj\234J]\366\177\337\353y\270"
 339      6A9C4A5D 
 339      F67FDFEB 
 339      79B8
 340              		.text
 341              		.section	.gnu.lto_.symbol_nodes.bbac2f20,"",%progbits
 342 0000 789C6366 		.ascii	"x\234cf``Pa\200\002\246V\246z\006\206\011\347\030\030"
 342      60605061 
 342      8002A656 
 342      A67A0686 
 342      09E71818 
 343 0014 EAEB19E6 		.ascii	"\352\353\031\346-\340``jc\252gD\026`\000\000\260\337"
 343      2DE06060 
 343      6A63AA67 
 343      44166000 
 343      00B0DF
 344 0027 097E     		.ascii	"\011~"
 345              		.text
 346              		.section	.gnu.lto_.refs.bbac2f20,"",%progbits
 347 0000 789C6366 		.ascii	"x\234cf```d\200\002\000\000=\000\005"
 347      60606064 
 347      80020000 
 347      3D0005
 348              		.text
 349              		.section	.gnu.lto_.decls.bbac2f20,"",%progbits
 350 0000 789CCD58 		.ascii	"x\234\315XiTTG\026\356z\325\3354M\0039\301l\036'!\314"
 350      69545447 
 350      16EE7AD5 
 350      DD344D03 
 350      39C16C1E 
 351 0017 19C6C924 		.ascii	"\031\306\311$\0015\313L~E\201\2503&\366i\314d\346\204"
 351      0135CB4C 
 351      7E4581A8 
 351      3326F669 
 351      CC64E684 
 352 002b 73089156 		.ascii	"s\010\221V\231Aa\240\231c\376=VY\005q\305\215V@p\027"
 352      994161A0 
ARM GAS  C:\Users\PETERL~1\AppData\Local\Temp\ccsA9zce.s 			page 28


 352      9963FE3D 
 352      56590571 
 352      C58D5640 
 353 0041 11978080 		.ascii	"\021\227\200\200(\010\250\270\340\202\013\320\340\002"
 353      2808A8B8 
 353      E0820BD0 
 353      E002
 354 004f B2880B2A 		.ascii	"\262\210\013*\010\302\334\252z\335\257\373\3710\231"
 354      08C2DCAA 
 354      7ADDAFFB 
 354      F93099
 355 005e C9FC983E 		.ascii	"\311\374\230>|T\335\252\257n\335[u_\325}\017+\024\212"
 355      7C54DDAA 
 355      AF6EDD5B 
 355      755FD57D 
 355      0F2B148A 
 356 0072 20A4508C 		.ascii	" \244P\214\301\357\357\223\024\2126\254P\300\237B\257"
 356      C1EFEF93 
 356      148A36AC 
 356      50C09F42 
 356      AF
 357 0083 107F1CA0 		.ascii	"\020\177\034\240\037\360\011R\274\360#\355\356\002\337"
 357      1FF00952 
 357      BCF023ED 
 357      EE02DF
 358 0092 0DA003F4 		.ascii	"\015\240\003\364\000\336\005$\000?\016\360\010\352I"
 358      00DE0524 
 358      003F0EF0 
 358      08EA49
 359 00a1 507643B9 		.ascii	"PvC\271\014\312\311\200D@2\300\033\360\026\264\307@"
 359      0CCAC980 
 359      444032C0 
 359      1BF016B4 
 359      C740
 360 00b3 6904B441 		.ascii	"i\004\264A\375\030\340\327P\257\205\362m(O@\371\026"
 360      FD18E0D7 
 360      50AF85F2 
 360      6D284F40 
 360      F916
 361 00c5 94D5504E 		.ascii	"\224\325PN\202\262\006\312w\240<\011\245'\224\307\241"
 361      82B206CA 
 361      77A03C09 
 361      A52794C7 
 361      A1
 362 00d6 FC15941D 		.ascii	"\374\025\224\035PZ\000\267\001\355\200\233\200\026\300"
 362      505A00B7 
 362      01ED809B 
 362      8016C0
 363 00e5 2D40AB9D 		.ascii	"-@\253\235\037\0312~\020\337\\$~\274\007m\037\000|\001"
 363      1F19327E 
 363      10DF5C24 
 363      7EBC076D 
 363      1F007C01 
 364 00f9 A5824F7F 		.ascii	"\245\202O\177R0\233\211Oj\301\016b\003\261\227\330J"
 364      52309B89 
 364      4F6AC10E 
 364      6203B197 
ARM GAS  C:\Users\PETERL~1\AppData\Local\Temp\ccsA9zce.s 			page 29


 364      D84A
 365 010b EC24B6A0 		.ascii	"\354$\266\240q\326\353\001\207\216\354\0318\343\322"
 365      71D6EB01 
 365      878EEC19 
 365      38E3D2
 366 011a C52137AD 		.ascii	"\305!7\255'\021\177\314\256[\247\006Q\247U\022\261\374"
 366      27117FCC 
 366      AE5BA706 
 366      51A75512 
 366      B1FC
 367 012c 4271B78A 		.ascii	"Bq\267\212\366Z\334\211<X\263y9\353\036AD\316[\327~"
 367      F65ADC89 
 367      3C58B379 
 367      39EB1E41 
 367      44CE5BD7 
 368 0141 51FBFE0E 		.ascii	"Q\373\376\016\236\347\223\371\252WD\255e\203\007\013"
 368      9EE793F9 
 368      AA5744AD 
 368      6583070B 
 369 0151 DDD838CA 		.ascii	"\335\3308\312\333_\336\365\330\235\216\233D\304\266"
 369      DB5FDEF5 
 369      D89D8E9B 
 369      44C4B6
 370 0160 8AB23B6A 		.ascii	"\212\262;j\354L\273*+\006k\265x\022\255\247'[\352\265"
 370      EC4CBB2A 
 370      2B066BB5 
 370      7812ADA7 
 370      275BEAB5 
 371 0174 F837B41E 		.ascii	"\3707\264\036\273\255,\335\011\206\274\253\245\032\333"
 371      BBAD2CDD 
 371      0986BCAB 
 371      A51ADB
 372 0183 360CE53B 		.ascii	"6\014\345;S\221\004\0071\206\253\273\303\347\271!om"
 372      53910407 
 372      3186ABBB 
 372      C3E7B921 
 372      6F6D
 373 0195 3E4C7FBF 		.ascii	">L\177\277+\273v\022\317+\321\001\244E\373\020F;\321"
 373      2BBB7612 
 373      CF2BD101 
 373      A445FB10 
 373      463BD1
 374 01a8 FB600A1D 		.ascii	"\373`\012\035M~\311<\037\307g\305\363\316un\012T\210"
 374      4D7EC93C 
 374      1FC767C5 
 374      F3CE756E 
 374      0A5488
 375 01bb 26A22234 		.ascii	"&\242\"4Q\201J\22070(\027\025C\343~h\004\3055#\025\011"
 375      51814A90 
 375      37302817 
 375      1543E37E 
 375      6804C535 
 376 01d2 2AA4F596 		.ascii	"*\244\365\226\037tPf\0205aob\366\353\304\204R0a\257"
 376      1F745066 
 376      1035616F 
 376      62F6EBC4 
 376      84523061 
ARM GAS  C:\Users\PETERL~1\AppData\Local\Temp\ccsA9zce.s 			page 30


 377 01e7 68025864 		.ascii	"h\002Xd[\227\221\206\365Gt\370\021\242\036\346fm|\254"
 377      5B979186 
 377      F54774F8 
 377      11A21EE6 
 377      666D7CAC 
 378 01fb C2434CC8 		.ascii	"\302CL\310\0338\367@\203y\216\012\371\253\327\354R\321"
 378      1B38F740 
 378      83798E0A 
 378      F9ABD7EC 
 378      52D1
 379 020d E5D21071 		.ascii	"\345\322\020q\353\336#\337\340d\326u\300\274\353$\306"
 379      EBDE23DF 
 379      E064D675 
 379      C0BCEB24 
 379      C6
 380 021e CB9970AA 		.ascii	"\313\231p\252c\360\221\216\362^!bu\337\31647\234\315"
 380      63F0918E 
 380      F25E2162 
 380      75DFCE34 
 380      379CCD
 381 0231 FA8A0A32 		.ascii	"\372\212\0122:1^\313\204\234\247\247k\331\372\277\011"
 381      3A315ECB 
 381      849CA7A7 
 381      6BD9FABF 
 381      09
 382 0242 A273CAB1 		.ascii	"\242s\312\261\204;:\344\305~\036\336f\360\363~\371\366"
 382      843B3AE4 
 382      C57E1EDE 
 382      66F0F37E 
 382      F9F6
 383 0254 9BB357C6 		.ascii	"\233\263W\306\363\371oR\373\017\203\375u\310C\364z\362"
 383      F3F96F52 
 383      FB0F83FD 
 383      75C843F4 
 383      7AF2
 384 0266 44055D03 		.ascii	"D\005]\003\360\203\320\315\033\012\325u\276\224Z.\245"
 384      F083D0CD 
 384      1B0AD575 
 384      BE945A2E 
 384      A5
 385 0277 1E252CF4 		.ascii	"\036%,\364\236\215\232f\243\036\222\325*2sl\3142)\363"
 385      9E8D9A66 
 385      A31E92D5 
 385      2A32736C 
 385      CC3229F3 
 386 028b 47243160 		.ascii	"G$1`\223\215[!o\200\0357\323\306=\"\257W4!\327F\255"
 386      938D5B21 
 386      6F801D37 
 386      D3C63D22 
 386      AF573421 
 387 02a2 9452AB44 		.ascii	"\224R\253D\352\012\330o>\213\347?7)\320.\350\337M\273"
 387      EA0AD86F 
 387      3E8BE73F 
 387      3729D02E 
 387      E8DF4DBB 
 388 02b6 081B361D 		.ascii	"\010\0336\035\325C\204\034G^\350\030\240\026p\002P\015"
 388      D543841C 
ARM GAS  C:\Users\PETERL~1\AppData\Local\Temp\ccsA9zce.s 			page 31


 388      475EE818 
 388      A0167002 
 388      500D
 389 02c8 A8019C44 		.ascii	"\250\001\234D^4\030H\304XR\012\325<\"\303\024B\260\330"
 389      5E341848 
 389      C458520A 
 389      D53C22C3 
 389      1442B0D8 
 390 02dc 9E202EFD 		.ascii	"\236 .\375\314\232tW\344\341-7\023:\005\023\374\307"
 390      CC9A7457 
 390      E4E12D37 
 390      133A0513 
 390      FCC7
 391 02ee 93152DD4 		.ascii	"\223\025-\324\240\006\030\264G\014M2\26354/=?\3636n"
 391      A00618B4 
 391      470C4D32 
 391      B335342F 
 391      3D3FF336 
 392 0303 65E16279 		.ascii	"e\341by\236u@\205o3aU\303\212\357p/\253\307V\355nr\242"
 392      9E754085 
 392      6F336155 
 392      C38AEF70 
 392      2FABC756 
 393 031b 71F40722 		.ascii	"q\364\007\"\356\332\225\265\306\011?b}\235\025\275<"
 393      EEDA95B5 
 393      C6093F62 
 393      7D9D15BD 
 393      3C
 394 032c 47FBF444 		.ascii	"G\373\364D\274[y\267\334\005?c}\271\313\367\017\261"
 394      BC5B79B7 
 394      DC053F63 
 394      7DB9CBF7 
 394      0FB1
 395 033e 73239288 		.ascii	"s#\222\210}\325O\222\235p,f\021]Y\362\220\005q2\225"
 395      7DD54F92 
 395      9D702C66 
 395      115D59F2 
 395      90057132 
 396 0353 6B78BE8E 		.ascii	"kx\276\216\303\311\2543\377TV\016\242\235ET^\337\234"
 396      C3C9AC33 
 396      FF54560E 
 396      A29D4554 
 396      5EDF9C
 397 0366 EC863359 		.ascii	"\354\2063Y\337\351\264\334\0346a\025\225\213O\034\333"
 397      DFE9B4DC 
 397      1C366115 
 397      958B4F1C 
 397      DB
 398 0377 88F01AD6 		.ascii	"\210\360\032\326i=\201t\354\004rI}\274!Q\205<\274\254"
 398      693D8174 
 398      EC047249 
 398      7DBC2151 
 398      853CBCAC 
 399 038b 3F8785DD 		.ascii	"?\207\205\335\016\013\273\203n\341\015aU\357\300\252"
 399      0E0BBB83 
 399      6EE10D61 
 399      55EFC0AA 
ARM GAS  C:\Users\PETERL~1\AppData\Local\Temp\ccsA9zce.s 			page 32


 400 039b B6C10A76 		.ascii	"\266\301\012v\000,\200\333\200v\300M@\013\340\026\240"
 400      002C80DB 
 400      8076C04D 
 400      400BE016 
 400      A0
 401 03ac 55585D33 		.ascii	"UX]3Y\335\336\302\257x\010\034\262\300\227a\201\211"
 401      59DDDEC2 
 401      AF78081C 
 401      B2C09761 
 401      8189
 402 03be 1EDB765D 		.ascii	"\036\333v]q\2101\336<\362[\201yM\312\274.a\226[\231"
 402      718831DE 
 402      3CF25B81 
 402      794DCABC 
 402      2E61965B 
 403 03d3 A7A5CCC9 		.ascii	"\247\245\314\311\216\304\323Vb\243\224xV\242\362\206"
 403      8EC4D356 
 403      62A39478 
 403      56A2F286 
 404 03e3 957941CA 		.ascii	"\225yA\312l\2220\353\254\3143Rf\225\343\003\306\233"
 404      6C9230EB 
 404      ACCC3352 
 404      6695E303 
 404      C69B
 405 03f5 BBACD48B 		.ascii	"\273\254\324\213R\352%)u\320Jm\226R\257J\251\315V\352"
 405      52EA2529 
 405      75D04A6D 
 405      9652AF4A 
 405      A9CD56EA 
 406 0409 3929F5BC 		.ascii	"9)\365\274\035\225\006\367\021\372$\335\220y\222\320"
 406      1D9506F7 
 406      11FA24DD 
 406      907992D0 
 407 0419 96815D87 		.ascii	"\226\201]\207\234\360&\032\026\334\241LK\226F\362XY"
 407      9CF0261A 
 407      16DCA14C 
 407      4B9646F2 
 407      5859
 408 042b 771FDD85 		.ascii	"w\037\335\205M\377o\002\200Z0\012\217W\027\014\356\024"
 408      4DFF6F02 
 408      805A300A 
 408      8F57170C 
 408      EE14
 409 043d 1FAF1B76 		.ascii	"\037\257\033v\217\327\303\241\261Tg\017aZ\363x\323*"
 409      8FD7C3A1 
 409      B154670F 
 409      615AF378 
 409      D32A
 410 044f 7EF69CA0 		.ascii	"~\366\234\240\2621\261f-\322\245\212\227\024\352\266"
 410      B231B166 
 410      2DD2A58A 
 410      9714EAB6 
 411 045f 3BAE14A8 		.ascii	";\256\024\250\007\351\004f\177\306h\227N\311\2616\364"
 411      07E90466 
 411      7FC66897 
 411      4EC9B136 
 411      F4
ARM GAS  C:\Users\PETERL~1\AppData\Local\Temp\ccsA9zce.s 			page 33


 412 0470 2DBDDA57 		.ascii	"-\275\332W\0274\027qo\254\246\006\305\363\257(\221\376"
 412      17341771 
 412      6FACA606 
 412      C5F3AF28 
 412      91FE
 413 0482 75BBB17D 		.ascii	"u\273\261}\350\015\370\337\213\224LAG\321\2252'\\\310"
 413      E80DF8DF 
 413      8B944C41 
 413      47D19532 
 413      275CC8
 414 0495 1EADC253 		.ascii	"\036\255\302S\033rt\236\233y\363\276\373}\031\375\276"
 414      1B72749E 
 414      9B79F3BE 
 414      FB7D19FD 
 414      BE
 415 04a6 39BC398E 		.ascii	"9\2749\216\037\035\033Ct\024\272g\363_A\352\324X\324"
 415      1F1D1B43 
 415      7414BA67 
 415      F35F41EA 
 415      D458D4
 416 04b9 8F3C61E0 		.ascii	"\217<a\340\361\272-\327\205l\202#\212\256\235-ng\317"
 416      F1BA2DD7 
 416      856C8223 
 416      8AAE9D2D 
 416      6E67CF
 417 04cc E8FB445C 		.ascii	"\350\373D\\\263\243+\024?es\364U\347/\325\302\375\033"
 417      B3A32B14 
 417      3F6573F4 
 417      55E72FD5 
 417      C2FD1B
 418 04df FFF3EE5F 		.ascii	"\377\363\356_\0301z=)A\207\023\224txF\311\372\365\032"
 418      18317A3D 
 418      29418713 
 418      94747846 
 418      C9FAF51A 
 419 04f3 9CCA84C1 		.ascii	"\234\312\204\301\254\202\002%^\301\204\262-\333\373"
 419      AC820225 
 419      5EC184B2 
 419      2DDBFB
 420 0502 35388709 		.ascii	"58\207\011\225\365\261g\2648\227\011\327\263\267\024"
 420      95F5B167 
 420      B4389709 
 420      D7B3B714 
 421 0512 BAE13C26 		.ascii	"\272\341<&4\216f=\004\207\225\016\327\254\033\273f\327"
 421      348E663D 
 421      0487950E 
 421      D7AC1BBB 
 421      66D7
 422 0524 5FB93D80 		.ascii	"_\271=\200\251\331\324\213\325\015\0332Ux;\243f\265"
 422      A9D9D48B 
 422      D50D1B32 
 422      55783BA3 
 422      66B5
 423 0536 673729F1 		.ascii	"g7)\361~\245C\012\343\311R\230\265=\203\0074T\034\033"
 423      7EA5430A 
 423      E3C95298 
 423      B53D8307 
ARM GAS  C:\Users\PETERL~1\AppData\Local\Temp\ccsA9zce.s 			page 34


 423      34541C1B 
 424 054a C32418B7 		.ascii	"\303$\030\267\266\234kw\266%0\007o#\222=\304qZ4*\306"
 424      B69C6B77 
 424      B6253007 
 424      6F23923D 
 424      C4715A34 
 425 0560 90A77D02 		.ascii	"\220\247}\002\003\313\241*\202\265\030\006\267G\310"
 425      03CBA12A 
 425      82B51806 
 425      B747C8
 426 056f 5AC472DE 		.ascii	"Z\304r\336\300`k1\006\215<G\023\230\222\216{iZ\253\342"
 426      C0606B31 
 426      068D3C47 
 426      1398928E 
 426      7B695AAB 
 427 0584 BD35CB69 		.ascii	"\2755\313iZ\222\000\212\237\213\212a\236\227i\216\227"
 427      5A92008A 
 427      9F8B8A61 
 427      9E97698E 
 427      97
 428 0595 D58C0EF5 		.ascii	"\325\214\016\365gv |\224\371\227\266j\240\236\303\307"
 428      6776207C 
 428      94F997B6 
 428      6AA09EC3 
 428      C7
 429 05a6 A8A04CAD 		.ascii	"\250\240L\255,\237\200\274<\274\204l\"\245lv|<\277\352"
 429      2C9F80BC 
 429      3CBC846C 
 429      22A56C76 
 429      7C3CBFEA 
 430 05ba 4D3A6D22 		.ascii	"M:m\"\207Q2\347!j\237,\271I\315\374\347Q\012\273\360"
 430      875132E7 
 430      216A9F2C 
 430      B949CDFC 
 430      E7510ABB 
 431 05cf 2364F214 		.ascii	"#d\362\024\246\202\025\3138/\224\302\331\216\3328s_"
 431      A68215CB 
 431      382F94C2 
 431      D98EDA38 
 431      735F
 432 05e1 A2BAC897 		.ascii	"\242\272\310\227\352M\222\325;,\036\013=\005HC\030/"
 432      EA4D92D5 
 432      3B2C1E0B 
 432      3D054843 
 432      182F
 433 05f3 9E0A0DDD 		.ascii	"\236\012\015\335\265}j|\222\331\236\376\370\320u\222"
 433      B57D6A7C 
 433      92D99EFE 
 433      F8D07592 
 434 0603 0F4DA0C6 		.ascii	"\017M\240\306[\272\013\032u\274\220\005<\203\025[\316"
 434      5BBA0B1A 
 434      75BC9005 
 434      3C83155B 
 434      CE
 435 0614 4D182765 		.ascii	"M\030'e\341-\367n\253\252\342\230\025i\334\270\324l"
 435      E12DF76E 
 435      ABAAE298 
ARM GAS  C:\Users\PETERL~1\AppData\Local\Temp\ccsA9zce.s 			page 35


 435      1569DCB8 
 435      D46C
 436 0626 E13123CF 		.ascii	"\3411#\317\275\350%!\023/3\301\313t\3602\203\263;O\356"
 436      BDE82521 
 436      132F33C1 
 436      CB74F032 
 436      83B33B4F 
 437 063b 263AC189 		.ascii	"&:\301\211\006\224\027m\337\232\331\237\346>\001t\306"
 437      0694176D 
 437      DF9AD99F 
 437      E63E0174 
 437      C6
 438 064c 8EAB53E1 		.ascii	"\216\253S\341\240\020\306\254l\336:\252\305\365J\341"
 438      A010C6AC 
 438      6CDE3AAA 
 438      C5F54AE1 
 439 065c A6AC8877 		.ascii	"\246\254\210w\301\215L\340G\353\236\273\342&&X_\007"
 439      C18D4CE0 
 439      47EB9EBB 
 439      E2262658 
 439      5F07
 440 066e 74EC7560 		.ascii	"t\354u`SKS\257+nf}%\025\311+\265\270\205\011E\035\215"
 440      534B53AF 
 440      2B6E667D 
 440      2515C92B 
 440      B5B88509 
 441 0685 D9AE9438 		.ascii	"\331\256\2248\031D\327\255[\037w\253\355\256W\311\005"
 441      1944D7AD 
 441      5B1F77AB 
 441      EDAE57C9 
 441      05
 442 0696 7B1FEC7B 		.ascii	"{\037\354{@\355['\354l>\370\274\011L\314\003l\006\344"
 442      40ED5B27 
 442      EC6C3EF8 
 442      BC094CCC 
 442      036C06E4 
 443 06aa 00D60336 		.ascii	"\000\326\0036\002\266\0026\000r\001f\300\026\333\356"
 443      02B60236 
 443      00720166 
 443      C016DBEE 
 444 06ba 27C45B5A 		.ascii	"'\304[Z\205\315y\004\233\363\0246\207(\034'KL\2107\267"
 444      85CD7904 
 444      9BF31436 
 444      87281C27 
 444      4B4C8837 
 445 06cf 15A805EE 		.ascii	"\025\250\005\356\240\224\353\220\246\002u\320F\315\346"
 445      A094EB90 
 445      A60275D0 
 445      46CDE6
 446 06de 24D42AA9 		.ascii	"$\324*\251\332.\033wH^\255\035\367\272\215; \345Nv\264"
 446      DA2E1B77 
 446      485EAD1D 
 446      F7BA8D3B 
 446      20E54E76 
 447 06f3 A0C5C67C 		.ascii	"\240\305\306|\"\357\230H\035\262QWJ\215]\3059R\237\331"
 447      22EF9848 
 447      1DB25157 
ARM GAS  C:\Users\PETERL~1\AppData\Local\Temp\ccsA9zce.s 			page 36


 447      4A8D5DC5 
 447      39529FD9 
 448 0707 A8ABE5A9 		.ascii	"\250\253\345\251v\266\016\333\270k\244\334\265\016j"
 448      76B60EDB 
 448      B86BA4DC 
 448      B50E6A
 449 0716 632DFD05 		.ascii	"c-\375\005\306\252\004\214\262 \336V\310\257\227\315"
 449      C6AA048C 
 449      B220DE56 
 449      C8AF97CD 
 450 0726 04CB0DBB 		.ascii	"\004\313\015\273={,\273\010vW\371\325\002r\225\257\223"
 450      3D7B2CBB 
 450      087657F9 
 450      D5027295 
 450      AF93
 451 0738 7968B9CD 		.ascii	"yh\271\315\333\006z\\\220\267\007\345\215\0305h\033"
 451      DB067A5C 
 451      90B707E5 
 451      8D183568 
 451      1B
 452 0749 287A289E 		.ascii	"(z(\236id\020\375\311\305\036*\200\220\373%\341\007"
 452      696410FD 
 452      C9C51E2A 
 452      8090FB25 
 452      E107
 453 075b 513FD490 		.ascii	"Q?\324\220\264\314\025\267\013\227Ly\356Cg\207\373w"
 453      B4CC15B7 
 453      0B974C79 
 453      EE436787 
 453      FB77
 454 076d 1B677FFF 		.ascii	"\033g\177\377\026q:\30100\2755\261'\035\216d\0355\275"
 454      16713AC1 
 454      3030BD35 
 454      B1271D8E 
 454      641D35BD 
 455 0781 2CC50D5C 		.ascii	",\305\015\\\334\001\375\205\234\315x\2403\343\307\323"
 455      DC01FD85 
 455      9CCD78A0 
 455      33E3C7D3 
 456 0791 88B683D1 		.ascii	"\210\266\203\321\366JQ\366\205\323%.\270\227\232\303"
 456      F64A51F6 
 456      85D3252E 
 456      B8979AC3 
 457 07a1 ED39DCD6 		.ascii	"\3559\334\326\257\021\016}\313\346z-\314\260\033\316"
 457      AF110E7D 
 457      CBE67A2D 
 457      CCB01BCE 
 458 07b1 C89DE20C 		.ascii	"\310\235\342\014\245\350\245o\303\2738\331\213u_u\365"
 458      A5E8A56F 
 458      C3BB38D9 
 458      8B755F75 
 458      F5
 459 07c2 6B7888CD 		.ascii	"kx\210\315\221\264ed\273\2530\207y\247"
 459      91B46564 
 459      BBAB3087 
 459      79A7
 460 07d0 3342FB60 		.ascii	"3B\373`\206=?{\206\275\3623\\\274\370\3548\246\351\011"
ARM GAS  C:\Users\PETERL~1\AppData\Local\Temp\ccsA9zce.s 			page 37


 460      863D3F7B 
 460      86BDF233 
 460      5CBCF8EC 
 460      38A6E909 
 461 07e4 51C7D293 		.ascii	"Q\307\322\223\314\314{G\235h\033q\242\230\243\215\355"
 461      CCCC7B47 
 461      9D681B71 
 461      A298A38D 
 461      ED
 462 07f5 AD699B55 		.ascii	"\255i\233U\264\221\254\335~\326\370\354\340\246s\332"
 462      B491ACDD 
 462      7ED6F8EC 
 462      E0A673DA 
 463 0805 71139903 		.ascii	"q\023\231\003\034IdJ8!\2219{\254|\265;\216S\261\257"
 463      1C49644A 
 463      38219139 
 463      7BAC7CB5 
 463      3B8E53B1 
 464 081a 124567F3 		.ascii	"\022Eg\363\\\205D\246o\317\024\273D\006F\241RNLd\240"
 464      5C8544A6 
 464      6FCF14BB 
 464      440646A1 
 464      524E4C64 
 465 082f CE129983 		.ascii	"\316\022\231\203\034Id::;\343XBPE_\320\3277^IQ\341u"
 465      1C49643A 
 465      3A3BE358 
 465      4250455F 
 465      D0D7375E 
 466 0847 4C6BDCB9 		.ascii	"Lk\334\271\336\233\3568\237\011\315\255\226*\027\\\310"
 466      DE9BEE38 
 466      9F09CDAD 
 466      962A175C 
 466      C8
 467 0858 043EB333 		.ascii	"\004>\2633\001\343\275LH\311\216\357\324\340\003L\330"
 467      01E3BD4C 
 467      48C98EEF 
 467      D4E0034C 
 467      D8
 468 0869 BB7F38D7 		.ascii	"\273\1778\327\031\037f\302\246\332\232\013j|\214\011"
 468      191F66C2 
 468      A6DA9A0B 
 468      6A7C8C09 
 469 0879 0F2E1FFC 		.ascii	"\017.\037\374=n`\365\374\346\314\215\03071a\250\261"
 469      3D6E60F5 
 469      FCE6CC8D 
 469      18373161 
 469      A8B1
 470 088b B314E316 		.ascii	"\263\024\343\026&4\025e%k\360\035\301\255\274\202\203"
 470      26341565 
 470      256BF01D 
 470      C1ADBC82 
 470      83
 471 089c CED4BACF 		.ascii	"\316\324\272\317\211\230\232V<\346Dr)\336\032T:\255"
 471      89989A56 
 471      3CE64472 
 471      29DE1A54 
 471      3AAD
ARM GAS  C:\Users\PETERL~1\AppData\Local\Temp\ccsA9zce.s 			page 38


 472 08ae DD029D20 		.ascii	"\335\002\235 y\000<\204\350wt/b7\025X\360\253Y\302\255"
 472      79003C84 
 472      E877742F 
 472      62371558 
 472      F0AB59C2 
 473 08c3 EC69A297 		.ascii	"\354i\242\227\340qn\242p\002\325p\257Z\307\3204\211"
 473      E0716EA2 
 473      7002D570 
 473      AF5AC7D0 
 473      3489
 474 08d5 5F97E586 		.ascii	"_\227\345\206\373\331\274;Z\207\343Ux\210\011mO\333"
 474      FBD9BC3B 
 474      5A87E355 
 474      7888096D 
 474      4FDB
 475 08e7 AAD99BA2 		.ascii	"\252\331\233\242/\021O\026\354\315U\343X5\355;\331\363"
 475      2F114F16 
 475      ECCD55E3 
 475      5835ED3B 
 475      D9F3
 476 08f9 A41BE114 		.ascii	"\244\033\341\024&\334\331]\233\347\206W0\341j\341\262"
 476      26DCD95D 
 476      9BE78657 
 476      30E16AE1 
 476      B2
 477 090a 951ABC41 		.ascii	"\225\032\274A\355\340\207\216\371Qs%\351\256\032\347"
 477      EDE0878E 
 477      F9517325 
 477      E9AE1AE7 
 478 091a B1BEB183 		.ascii	"\261\276\261\203\353\352]\361N&\034)\316\032by\344,"
 478      EBEA5DF1 
 478      4E261C29 
 478      CE1A6279 
 478      E42C
 479 092c BA1B7571 		.ascii	"\272\033uq5*\\\312\3722n\231\3634\270\222\0119}w2\325"
 479      352A5CCA 
 479      FA326E99 
 479      F334B892 
 479      09397D77 
 480 0942 B89E09C9 		.ascii	"\270\236\011\311\345\253\2661\365\177%\342\360\350\366"
 480      E5ABB631 
 480      F57F25E2 
 480      F0E8F6
 481 0951 7EB80659 		.ascii	"~\270\006Y\337\316B\376u\334\302\352\373*w\2460\336"
 481      DFCE42FE 
 481      75DCC2EA 
 481      FB2A77A6 
 481      30DE
 482 0963 77744376 		.ascii	"wtCv\264\026\271\343N\326w\271\346\332\015W\374\200"
 482      B416B9E3 
 482      4ED677B9 
 482      E6DA0D57 
 482      FC80
 483 0975 091BB22E 		.ascii	"\011\033\262.\344\260\027\331ED\\Q\260\012\362\223a"
 483      E4B017D9 
 483      45445C51 
 483      B00AF293 
ARM GAS  C:\Users\PETERL~1\AppData\Local\Temp\ccsA9zce.s 			page 39


 483      61
 484 0986 D65759DB 		.ascii	"\326WY\333\270\325\031\363NTx\226^R\313\341\004&\024"
 484      B8D519F3 
 484      4E547896 
 484      5E52CBE1 
 484      042614
 485 0999 5FEABAA2 		.ascii	"_\352\272\242\245\243\226\022\321\334T\271]\207\227"
 485      A5A39612 
 485      D1DC54B9 
 485      5D8797
 486 09a8 B3BED5E5 		.ascii	"\263\276\325\345\033\263\331\324<\225\273KFo\252\360"
 486      1BB3D9D4 
 486      3C95BB4B 
 486      466FAAF0 
 487 09b8 2ADAE959 		.ascii	"*\332\351Y;\220V\346d\375\210\343e\177\365\332\337\302"
 487      3B9056E6 
 487      64FD88E3 
 487      657FF5DA 
 487      DFC2
 488 09ca E4FCBD5F 		.ascii	"\344\374\275_y4\177\356\212\202$\353\021|\014\"\273"
 488      79347FEE 
 488      8A8224EB 
 488      117C0C22 
 488      BB
 489 09db FB6557C6 		.ascii	"\373eW\306\325\222Pr\266\023\356\021)Wrge\224\332\250"
 489      D5925072 
 489      B613EE11 
 489      29577267 
 489      6594DAA8 
 490 09ef 6D52AA45 		.ascii	"mR\252E\242vXT{^\312=/y\371L)U\022.\304\033\272*p\255"
 490      A2765854 
 490      7B5ECA3D 
 490      2F79F94C 
 490      2955122E 
 491 0a09 5188AE49 		.ascii	"Q\210\256I\364\246\2116\334\220\352m\222\276T\246\213"
 491      F4A68936 
 491      DC90EA6D 
 491      92BE54A6 
 491      8B
 492 0a1a 8A5BA48A 		.ascii	"\212[\244\212[%\212SE\305\327\345\025\277\3605\350\020"
 492      5B258A53 
 492      45C5D7E5 
 492      15BFF035 
 492      E810
 493 0a2c E862EFBC 		.ascii	"\350b\357\274\335\302U\023\213\275\321M\270Fz\001C\200"
 493      DDC25513 
 493      8BBDD14D 
 493      B8467A01 
 493      4380
 494 0a3e 31C00860 		.ascii	"1\300\010`\024\360\034\360\004\320\001\270\017\030\000"
 494      14F01CF0 
 494      04D001B8 
 494      0F1800
 495 0a4d 3C06F0D8 		.ascii	"<\006\360\330\013\015C\371\014\320\007x\010x\012\270"
 495      0B0D43F9 
 495      0CD00778 
 495      08780AB8 
ARM GAS  C:\Users\PETERL~1\AppData\Local\Temp\ccsA9zce.s 			page 40


 496 0a5d 0D1804F4 		.ascii	"\015\030\004\364\000\372\001\217\000\017\000w\000w\001"
 496      00FA018F 
 496      000F0077 
 496      007701
 497 0a6c 9D802EC0 		.ascii	"\235\200.\300-\300=\273\254\311\374\\\\\372&\251'\027"
 497      2DC03DBB 
 497      ACC9FC5C 
 497      5CFA26A9 
 497      2717
 498 0a7e 255E5F13 		.ascii	"%^_\023\271?\312\356\276]\3020(rOK\271g$z\227\213\253"
 498      B93FCAEE 
 498      BE5DC230 
 498      28724F4B 
 498      B967247A 
 499 0a95 D92E1F2A 		.ascii	"\331.\037*v\237\354F\231br\372\\\2227\330\316\212n\321"
 499      769FEC46 
 499      996272FA 
 499      5C9237D8 
 499      CE8A6ED1 
 500 0aa9 8A6AF9D8 		.ascii	"\212j\371\330\266#'\213f4K\311W\244\344!Qs\243\274\177"
 500      B623278B 
 500      66344BC9 
 500      57A4E421 
 500      5173A3BC 
 501 0abe 76E43191 		.ascii	"v\3441\221|Y^\263\030\337=%\2660\254\225\206\341Z\311"
 501      7C595EB3 
 501      18DF3D25 
 501      B630AC95 
 501      86E15AC9 
 502 0ad2 C2F58A7A 		.ascii	"\302\365\212zOJ\365\3269\350\2153w\211\353V%\345\276"
 502      4F4AF5D6 
 502      39E88D33 
 502      7789EB56 
 502      25E5BE
 503 0ae5 F0D9E699 		.ascii	"\360\331\346\231h\304Y\251\021\347$F\214\210F\\\220"
 503      68C459A9 
 503      11E72446 
 503      8C88465C 
 503      90
 504 0af6 7F78ED73 		.ascii	"\177x\355s^\221\\&%K\277\270\366\213\026\237\222r\317"
 504      5E915C26 
 504      254BBFB8 
 504      F68B169F 
 504      9272CF
 505 0b09 4A15DF13 		.ascii	"J\025\337\023\0257\310\223\355\322i\221{T\312\225&\377"
 505      1537C893 
 505      EDD26991 
 505      7B54CA95 
 505      26FF
 506 0b1b 6D22B752 		.ascii	"m\"\267R~\331Dn\253\310\255\220\327kg\360\015\221\\"
 506      7ED9446E 
 506      ABC8AD90 
 506      D76B67F0 
 506      0D915C
 507 0b2e 2EBF1276 		.ascii	".\277\022v\344>\221\\/\277\321vy\362\331\222P\362Z\337"
 507      E43E915C 
 507      2FBFD176 
ARM GAS  C:\Users\PETERL~1\AppData\Local\Temp\ccsA9zce.s 			page 41


 507      79F2D992 
 507      50F25ADF 
 508 0b42 2D97285F 		.ascii	"-\227(_[vj\207V\362\231\313z2\241x8\220\376_\016'\352"
 508      5B766A87 
 508      56F299CB 
 508      7A32A178 
 508      3890FE5F 
 509 0b59 C9BA521D 		.ascii	"\311\272R\035$\253q\330\003\035\026S\311nN\374xv\371"
 509      24AB71D8 
 509      031D1653 
 509      C96E4EFC 
 509      7876F9
 510 0b6c DE60B9CA 		.ascii	"\336`\271\312!\323&d1\207I\3004u&%\260w\267U^\306\016"
 510      21D32664 
 510      318749C0 
 510      34752625 
 510      B077B755 
 511 0b83 9FDAE43E 		.ascii	"\237\332\344>\234+~\362\2539\271\373\213/\367q\016\023"
 511      9C2B7EF2 
 511      AB39B9FB 
 511      8B2FF771 
 511      0E13
 512 0b95 273A4C9C 		.ascii	"':L\234$L\234D'\276P\225P\347&;\261\342\347\317\212"
 512      244C9C44 
 512      27BE5095 
 512      50E7263B 
 512      B1E2E7CF 
 513 0baa 96610F92 		.ascii	"\226a\017\222L\230\317\255\325i\2054:\371\247\277\200"
 513      4C98CFAD 
 513      D5698534 
 513      3AF9A7BF 
 513      80
 514 0bbb A164AC25 		.ascii	"\241d\254%\011\324\275\206\012w\232!\203IB*}\367\011"
 514      09D4BD86 
 514      0A779A21 
 514      8349422A 
 514      7DF709
 515 0bce CF3EFE91 		.ascii	"\317>\376\221w\207\024L\333\2127\356.q\0367iN\303$i"
 515      7787144C 
 515      DB8A37EE 
 515      2E711E37 
 515      694EC324 
 516 0be3 4EC542D2 		.ascii	"N\305B\322|\364\370\343\363\256\370\012\313IN>\272x"
 516      7CF4F8E3 
 516      F3AEF80A 
 516      CB494E3E 
 516      BA78
 517 0bf5 8B83A4B9 		.ascii	"\213\203\244\271\012\222\346\335\035\213V\304\363\371"
 517      0A92E6DD 
 517      1D8B56C4 
 517      F3F9
 518 0c03 BC656CEC 		.ascii	"\274el\354\035O2\012\245c1i\206:\363(\003{*\3243\277"
 518      1D4F320A 
 518      A5633169 
 518      863AF328 
 518      037B2AD4 
 519 0c19 FADAD34F 		.ascii	"\372\332\323O\361j\264i\361\264\251\301\013#\303\"\202"
ARM GAS  C:\Users\PETERL~1\AppData\Local\Temp\ccsA9zce.s 			page 42


 519      F16AB469 
 519      F1B4A9C1 
 519      0B23C322 
 519      82
 520 0c2a A38DA698 		.ascii	"\243\215\246\230\310`\223&&l\211\011\332L\332\340`k"
 520      C8609326 
 520      266C8909 
 520      DA4CDAE0 
 520      606B
 521 0c3c 75C1FCCF 		.ascii	"u\301\374\317\202\346/\012\373>,\332\024\023\032\026"
 521      82E62F0A 
 521      FB3E2CDA 
 521      14131A16 
 522 0c4c 11648A88 		.ascii	"\021d\212\210\010\217\016Z\270$\306\223\326<C\242\026"
 522      088F0E5A 
 522      B824C693 
 522      D63C43A2 
 522      16
 523 0c5d 7B1A177F 		.ascii	"{\032\027\177o\014\0155\206\006}\364\341\037=\247\372"
 523      6F0C0D35 
 523      86067DF4 
 523      E11F3DA7 
 523      FA
 524 0c6e 4EF9F89F 		.ascii	"N\371\370\237\323\202\240\375\203%\021K\214\037\030"
 524      D382A0FD 
 524      8325114B 
 524      8C1F18
 525 0c7d 43BE0F0B 		.ascii	"C\276\017\013\012[2?<&\324\030\2648\004t-1\006\005\207"
 525      0A5B323F 
 525      3C26D418 
 525      B4380474 
 525      2D310605 
 526 0c92 1A1784C4 		.ascii	"\032\027\204\304\204\233\202M?D\032\243?\\\244\370\366"
 526      849B824D 
 526      3F441AA3 
 526      3F5CA4F8 
 526      F6
 527 0ca3 7F3A4DF4 		.ascii	"\177:M\364\017\321A\301\321\246P\360\001t\253\026G\204"
 527      0FD141C1 
 527      D1A650F0 
 527      0174AB16 
 527      4784
 528 0cb5 1AA3D411 		.ascii	"\032\243\324\021d\256(\247\210\350H\24314J\025\031\023"
 528      64AE28A7 
 528      88E848A3 
 528      31344A15 
 528      1913
 529 0cc7 191A8523 		.ascii	"\031\032\205#B\243\224!\013\242\302\311\277E\323\375"
 529      42A39421 
 529      0BA2C2C9 
 529      BF45D3FD 
 530 0cd7 3E0BF223 		.ascii	">\013\362#F\0042#\250A\021\321\323|}\"\242}\026\205"
 530      46043223 
 530      A84111D1 
 530      D37C7D22 
 530      A27D1685 
 531 0ceb 84FB4446 		.ascii	"\204\373DFD\231\242}\002\347}9m\252\317\2349\376>3\365"
ARM GAS  C:\Users\PETERL~1\AppData\Local\Temp\ccsA9zce.s 			page 43


 531      4499A27D 
 531      02E77D39 
 531      6DAACF9C 
 531      39FE3E33 
 532 0d00 B3E7FE6B 		.ascii	"\263\347\376k\252OdHxpxx(L\245\326O\367\0171\205\250"
 532      AA4F6448 
 532      78707878 
 532      284CA5D6 
 532      4FF70F31 
 533 0d16 F53358E1 		.ascii	"\3653X\341\307\012\177V\004\260\342\013V\314d\305,V"
 533      C70A7F56 
 533      04B0E20B 
 533      56CC64C5 
 533      2C56
 534 0d28 CC2685B3 		.ascii	"\314&\205\263~\372\034\277\210%\013\302\026\272\006"
 534      7EFA1CBF 
 534      88250BC2 
 534      16BA06
 535 0d37 0B4A83C3 		.ascii	"\013J\203\303\226\204\231~\251a\363\025:\273\3356\251"
 535      9684997E 
 535      A961F315 
 535      3ABBDD36 
 535      A9
 536 0d48 BE9CEB1F 		.ascii	"\276\234\353\037`P\317\235\3677}\200\301in\240> \300"
 536      6050CF9D 
 536      F7377D80 
 536      C1696EA0 
 536      3E20C0
 537 0d5b DFA0D27F 		.ascii	"\337\240\322\177\255\3677\340\331\200\271\376\006\364"
 537      ADF737E0 
 537      D980B9FE 
 537      06F4
 538 0d69 0D0D8629 		.ascii	"\015\015\206)\237\330\202\201T1\004\212j~\2701$\012"
 538      9FD88281 
 538      5431048A 
 538      6A7EB831 
 538      240A
 539 0d7b CD52CE08 		.ascii	"\315R\316\0104\030\224s\374\376lPN\377\3020\207\374"
 539      34189473 
 539      FCFE6C50 
 539      4EFFC230 
 539      87FC
 540 0d8d 9B856718 		.ascii	"\233\205g\030\014\332\260\010bMXh\260I\307\252\213C"
 540      0CDAB008 
 540      624D5868 
 540      B049C7AA 
 540      8B43
 541 0d9f A2FF01C1 		.ascii	"\242\377\001\301\025\026A\366!\330\364\232\3155\320"
 541      151641F6 
 541      21D8F49A 
 541      CD35D0
 542 0dae B6302A22 		.ascii	"\2660*\"&\222\264\273\030\374\374\202\347\301\016\371"
 542      2692B4BB 
 542      18FCFC82 
 542      E7C10EF9 
 543 0dbe 1B17707E 		.ascii	"\033\027p~\006'\375\2349~_\3144(\311?\3547\333\240\231"
 543      0627FD9C 
ARM GAS  C:\Users\PETERL~1\AppData\Local\Temp\ccsA9zce.s 			page 44


 543      397E5FCC 
 543      3428C93F 
 543      EC37DBA0 
 544 0dd3 3E6BC614 		.ascii	">k\306\024C\340<Z\231j\255L#\025gC@`\200\341/\001\376"
 544      43E03C5A 
 544      996AAD4C 
 544      23156743 
 544      406080E1 
 545 0dea BE9AE97A 		.ascii	"\276\232\351z+I\317H\266\276)NDA\300W\006RN\025\312"
 545      2B49CF48 
 545      B6BE294E 
 545      4441C057 
 545      06524E15 
 546 0dff 6950DA18 		.ascii	"iP\332\030S\235\310h\332\243\247\014[\3174g2v\216\236"
 546      539DC868 
 546      DAA3A70C 
 546      5BCF3467 
 546      32768E9E 
 547 0e13 B491D1B6 		.ascii	"\264\221\321\266\3324V\263\362>r&\032\204^\275\225g"
 547      DA3456B3 
 547      F23E7226 
 547      1A845EBD 
 547      9567
 548 0e25 EDFD5839 		.ascii	"\355\375X9\303\337\017|\011\024\233>Q\005\006\372\315"
 548      C3DF0F7C 
 548      09149B3E 
 548      510506FA 
 548      CD
 549 0e36 3468C1D9 		.ascii	"4h\301\331\331S\003\211\253\237\276l\247\215KM>~_\006"
 549      D9530389 
 549      AB9FBE6C 
 549      A78D4B4D 
 549      3E7E5F06 
 550 0e4a CE0E849D 		.ascii	"\316\016\204\235\366\241\033\272\340#\337O\227.\205"
 550      F6A11BBA 
 550      E023DF4F 
 550      972E85
 551 0e59 C0D39030 		.ascii	"\300\323\2200!\273\373o\250\265C\027"
 551      21BBFB6F 
 551      A8B54317 
 552              		.text
 553              		.section	.gnu.lto_.symtab.bbac2f20,"",%progbits
 554 0000 5F70616C 		.ascii	"_pal_lld_init\000\000\000\000\000\000\000\000\000\000"
 554      5F6C6C64 
 554      5F696E69 
 554      74000000 
 554      00000000 
 555 0017 0000EF00 		.ascii	"\000\000\357\000\000\000_pal_lld_setgroupmode\000\000"
 555      00005F70 
 555      616C5F6C 
 555      6C645F73 
 555      65746772 
 556 0034 00000000 		.ascii	"\000\000\000\000\000\000\000\000\000\0006\001\000\000"
 556      00000000 
 556      00003601 
 556      0000
 557              		.text
ARM GAS  C:\Users\PETERL~1\AppData\Local\Temp\ccsA9zce.s 			page 45


 558              		.section	.gnu.lto_.opts,"",%progbits
 559 0000 272D666E 		.ascii	"'-fno-trapv' '-mcpu=cortex-m4' '-mno-thumb-interwor"
 559      6F2D7472 
 559      61707627 
 559      20272D6D 
 559      6370753D 
 560 0033 6B272027 		.ascii	"k' '-mthumb' '-ggdb' '-O2' '-fomit-frame-pointer' '"
 560      2D6D7468 
 560      756D6227 
 560      20272D67 
 560      67646227 
 561 0066 2D66616C 		.ascii	"-falign-functions=16' '-ffunction-sections' '-fdata"
 561      69676E2D 
 561      66756E63 
 561      74696F6E 
 561      733D3136 
 562 0099 2D736563 		.ascii	"-sections' '-fno-common' '-flto'\000"
 562      74696F6E 
 562      73272027 
 562      2D666E6F 
 562      2D636F6D 
 563              		.text
 564              		.comm	__gnu_lto_v1,1,1
 565              		.comm	__gnu_lto_slim,1,1
 566              		.ident	"GCC: (GNU Tools for ARM Embedded Processors) 4.9.3 20150529 (release) [ARM/embedded-4_9-br
ARM GAS  C:\Users\PETERL~1\AppData\Local\Temp\ccsA9zce.s 			page 46


DEFINED SYMBOLS
                            *ABS*:00000000 pal_lld.c
                            *COM*:00000001 __gnu_lto_v1
                            *COM*:00000001 __gnu_lto_slim

NO UNDEFINED SYMBOLS
