ARM GAS  C:\Users\PETERL~1\AppData\Local\Temp\ccJFfFIw.s 			page 1


   1              		.syntax unified
   2              		.cpu cortex-m4
   3              		.fpu softvfp
   4              		.eabi_attribute 20, 1
   5              		.eabi_attribute 21, 1
   6              		.eabi_attribute 23, 3
   7              		.eabi_attribute 24, 1
   8              		.eabi_attribute 25, 1
   9              		.eabi_attribute 26, 1
  10              		.eabi_attribute 30, 2
  11              		.eabi_attribute 34, 1
  12              		.eabi_attribute 18, 4
  13              		.thumb
  14              		.file	"st.c"
  15              		.text
  16              	.Ltext0:
  17              		.section	.gnu.lto_.profile.bbac3cca,"",%progbits
  18 0000 789C6366 		.ascii	"x\234cf```a\200\000F\006w9\000\001 \000n"
  18      60606061 
  18      80004606 
  18      77390001 
  18      20006E
  19              		.text
  20              		.section	.gnu.lto_.jmpfuncs.bbac3cca,"",%progbits
  21 0000 789C6366 		.ascii	"x\234cf\300\016r\2414+\210`\004\202zF\246\217L\214\323"
  21      C00E72A1 
  21      342B8860 
  21      04827A46 
  21      A68F4C8C 
  22 0015 FAAFEC60 		.ascii	"\372\257\354`\256\375\3350\243\201\343'\023\303_&\220"
  22      AEFDDD30 
  22      A381E327 
  22      13C35F26 
  22      90
  23 0026 E472C65A 		.ascii	"\344r\306Z\006f\006\006\026\354\212\030\37721\002\025"
  23      06660606 
  23      16EC8A18 
  23      FF323102 
  23      15
  24 0037 AD002A62 		.ascii	"\255\000*b\003\322\330\344\201\2460\256\004\3123\000"
  24      03D2D8E4 
  24      81A630AE 
  24      04CA3300 
  25 0047 0082421F 		.ascii	"\000\202B\0379"
  25      39
  26              		.text
  27              		.section	.gnu.lto_.inline.bbac3cca,"",%progbits
  28 0000 789C6366 		.ascii	"x\234cf\300\016\312\2414+\003\003\013\017#\003\023\220"
  28      C00ECAA1 
  28      342B0303 
  28      0B0F2303 
  28      1390
  29 0012 C9B6401E 		.ascii	"\311\266@\036D10r\201\010\006\036^\2400\337\206\\\270"
  29      44313072 
  29      8108061E 
  29      5EA030DF 
  29      865CB8
ARM GAS  C:\Users\PETERL~1\AppData\Local\Temp\ccJFfFIw.s 			page 2


  30 0025 38133748 		.ascii	"8\0237H\230\231\201\205\031(\301t\201\037.\301\302\300"
  30      98998185 
  30      1928C174 
  30      811F2EC1 
  30      C2C0
  31 0037 C50D14E2 		.ascii	"\305\015\024\342\232\340\207\246\226\015\227\004\003"
  31      9AE087A6 
  31      960D9704 
  31      03
  32 0044 00248B08 		.ascii	"\000$\213\010\353"
  32      EB
  33              		.text
  34              		.section	.gnu.lto_.pureconst.bbac3cca,"",%progbits
  35 0000 789C6366 		.ascii	"x\234cf``\340f\200\000V\006\011F)f)\026)6)\000\004\022"
  35      6060E066 
  35      80005606 
  35      09462966 
  35      29162936 
  36 0018 00A2     		.ascii	"\000\242"
  37              		.text
  38              		.section	.gnu.lto_stInit.bbac3cca,"",%progbits
  39 0000 789C6366 		.ascii	"x\234cf\300\004R@\274\020\210\265\201\230\221\231\201"
  39      C0045240 
  39      BC1088B5 
  39      81989199 
  39      81
  40 0011 9169C239 		.ascii	"\221i\3029\006\206F\016&FF\020\203\201\221\241\236\211"
  40      0686460E 
  40      26464610 
  40      838191A1 
  40      9E89
  41 0023 B19EF125 		.ascii	"\261\236\361%\323G&\306\011\007V\317\340V_\332\320\320"
  41      D34726C6 
  41      090756CF 
  41      E0565FDA 
  41      D0D0
  42 0035 F0E1D0F9 		.ascii	"\360\341\320\371\306\200\003\214?\231\030\030>3A\314"
  42      C680038C 
  42      3F991818 
  42      3E3341CC 
  43 0045 615CCEA8 		.ascii	"a\\\316\250\316\000T\364\261\345\357un\266\026\240\""
  43      CE0054F4 
  43      B1E5EF75 
  43      6EB616A0 
  43      22
  44 0056 01881CE3 		.ascii	"\001\210\034\343\012F6F \275^\350@\303\377\377\217\247"
  44      0A463646 
  44      20BD5EE8 
  44      40C3FFFF 
  44      8FA7
  45 0068 FED16766 		.ascii	"\376\321gf`x\002\224\001\231\377\224\211\011D3\337a"
  45      60780294 
  45      0199FF94 
  45      89094433 
  45      DF61
  46 007a 6C3EF097 		.ascii	"l>\360\227\027\244\024d\306\274\313}\353\230j\1777t"
  46      17A41464 
ARM GAS  C:\Users\PETERL~1\AppData\Local\Temp\ccJFfFIw.s 			page 3


  46      C6BCCB7D 
  46      EB986A7F 
  46      3774
  47 008c 3470FC64 		.ascii	"4p\374db\374\314\004\324\316\270\222\261\226\341'P\365"
  47      62FCCC04 
  47      D4CEB892 
  47      B196E127 
  47      50F5
  48 009e 3DC6C603 		.ascii	"=\306\306\003\377Y\301*\031@\3460\202\364\003M\323t"
  48      FF59C12A 
  48      1940E630 
  48      82F4034D 
  48      D374
  49 00b0 B68A71CE 		.ascii	"\266\212q\316\310L\312\014.)M\311\314\217I\006\261\363"
  49      C84CCA0C 
  49      2E294DC9 
  49      CC8F4906 
  49      B1F3
  50 00c2 8B8D0DF4 		.ascii	"\213\215\015\364\363\213\3653\022s\364\213\213\222\365"
  50      F38BF533 
  50      1273F48B 
  50      8B92F5
  51 00d1 8B4BF492 		.ascii	"\213K\364\222\031\000\325\273IW"
  51      1900D5BB 
  51      4957
  52              		.text
  53              		.section	.gnu.lto_stStartAlarm.bbac3cca,"",%progbits
  54 0000 789C9D53 		.ascii	"x\234\235S]H\223a\024~\317\373}\3736\335P\351J\274\320"
  54      5D489361 
  54      147ECFFB 
  54      7DFB36DD 
  54      50E94ABC 
  55 0015 404402E7 		.ascii	"@D\002\347\227y\327M\201\335\004z\245\227B\370\007\012"
  55      9779D74D 
  55      81DD047A 
  55      A59742F8 
  55      070A
  56 0027 86E15674 		.ascii	"\206\341Vt3\374\246S*JE\313Fa\026b\376\377\2449\377"
  56      33FCA653 
  56      2A4A45CB 
  56      46611662 
  56      FEFFA439 
  57 003c D2A6664A 		.ascii	"\322\246fJRR\231\222Ey1\251LBS\260\031\272\316y7#\363"
  57      52529992 
  57      457931A9 
  57      4C4253B0 
  57      19BACE79 
  58 0053 226CB0BD 		.ascii	"\"l\260\275?\3479\317s\316\373\234Il\377'\021\277Q2"
  58      3FE739CF 
  58      73CEFB9C 
  58      496CFF27 
  58      11BF5132 
  59 0067 63177105 		.ascii	"c\027q\005\035\003^\371\2021\273\201si0\222i\301\362"
  59      1D035EF9 
  59      8231BB81 
  59      73693092 
  59      69C1F2
ARM GAS  C:\Users\PETERL~1\AppData\Local\Temp\ccJFfFIw.s 			page 4


  60 007a 9CCA3493 		.ascii	"\234\3124\223\004\262\377Z\006\240\015\003V\304%\031"
  60      04B2FF5A 
  60      06A00D03 
  60      56C42519 
  61 008a 8AE00B5F 		.ascii	"\212\340\013_\343P\351nu\032c\0334M[}\325\023^\032\356"
  61      E350E96E 
  61      751A631B 
  61      344D5B7D 
  61      D5135E1A 
  62 009f E58CAD73 		.ascii	"\345\214\255s??4B,B*\312K\257\201\024\007\014\367\003"
  62      3F3F3442 
  62      2C422ACA 
  62      4BAF8114 
  62      070CF703 
  63 00b3 1D1BCF8D 		.ascii	"\035\033\317\215\237\271\227\303a:\016VM9\025:r\231"
  63      9FB997C3 
  63      613A0E56 
  63      4D39153A 
  63      7299
  64 00c5 8E5B37A6 		.ascii	"\216[7\246Jt1\365\232V\354\036\356\326N\312^.A\023H"
  64      4A7431F5 
  64      9A56EC1E 
  64      EED64ECA 
  64      5E2E4113 
  65 00da C807CD10 		.ascii	"\310\007\315\020\001-\020\301\360\212A+\304\020|\315"
  65      012D10C1 
  65      F08A412B 
  65      C4107CCD 
  66 00ea B13D6F54 		.ascii	"\261=oT\034\250\035\266\275+\013m\240\000.x\321y\310"
  66      1CA81DB6 
  66      BD2B0B6D 
  66      A0002E78 
  66      D179C8
  67 00fd ADF97CF5 		.ascii	"\255\371|\365\215m\275r\260\016(I\301tYO?\214y\020M"
  67      8D6DBD72 
  67      B00E2849 
  67      C174594F 
  67      3F8C7910 
  68 0112 FD2C714E 		.ascii	"\375,qN\253\264\000c\256\001\327\345\311\320=\304\213"
  68      ABB40063 
  68      AE01D7E5 
  68      C9D03DC4 
  68      8B
  69 0123 4B9FC205 		.ascii	"K\237\302\005\347:\207\277$\031\264\203\202J\035\240"
  69      E73A87BF 
  69      2419B483 
  69      824A1DA0 
  70 0133 6C720563 		.ascii	"lr\005c\337\246'\313t\324\214\016\303\232h\350\243g"
  70      DFA627CB 
  70      74D48C0E 
  70      C39A68E8 
  70      A367
  71 0145 E6A5415C 		.ascii	"\346\245A\\1:\336\234\371\332\302k\341\266\275R3x\271"
  71      313ADE9C 
  71      F9DAC26B 
  71      E1B6BD52 
  71      3378B9
ARM GAS  C:\Users\PETERL~1\AppData\Local\Temp\ccJFfFIw.s 			page 5


  72 0158 029DD854 		.ascii	"\002\235\330T\0276E\261\315jO{\210\271Us\330WW\252\312"
  72      173645B1 
  72      CD6A4F7B 
  72      88B95573 
  72      D85757AA 
  73 016d A3BC5C0F 		.ascii	"\243\274\\\017\017\240\026\276c\231B\010\272\301\314"
  73      0FA016BE 
  73      63994208 
  73      BAC1CC
  74 017c 16A0E447 		.ascii	"\026\240\344G\331\212\354\327\324\373eo\315/mH\244!"
  74      D98AECD7 
  74      D4FB656F 
  74      CD2F6D48 
  74      A421
  75 018e E333F520 		.ascii	"\3433\365 \333\033p\274\035\237\236I\240\262\021\205"
  75      DB1B70BC 
  75      1D9F9E49 
  75      A0B21185 
  76 019e 10FBFDA1 		.ascii	"\020\373\375\241\253z\001A\262\207$\310\250q\211\015"
  76      AB7A0141 
  76      B28724C8 
  76      A871890D 
  77 01ae 464AEF41 		.ascii	"FJ\357A& \225p\347uy\007\267\375\324.Qu\206uN\322\275"
  77      26209570 
  77      E7757907 
  77      B7FDD42E 
  77      51758675 
  78 01c5 60A3504D 		.ascii	"`\243PM\305l\277\204!'\205\202\350\265\367\264\027$"
  78      C56CBF84 
  78      21278582 
  78      E8B5F7B4 
  78      1724
  79 01d7 8ECD15D7 		.ascii	"\216\315\025\327\373\341w{\301\340\002\033\364\005\332"
  79      FBE1777B 
  79      C1E0021B 
  79      F405DA
  80 01e6 ABF33439 		.ascii	"\253\36349\215H\200\003\022\004\204\022\2420\0006/7"
  80      8D488003 
  80      12048412 
  80      A2300036 
  80      2F37
  81 01f8 8A6A6461 		.ascii	"\212jda\303\034\024\207\021\276\247a\353\012HV\361\350"
  81      C31C1487 
  81      11BEA761 
  81      EB0A4856 
  81      F1E8
  82 020a EFFAFA76 		.ascii	"\357\372\372vL\321\367p,\026k\307s\334\216\273\332\216"
  82      4CD1F770 
  82      2C166BC7 
  82      73DC8EBB 
  82      DA8E
  83 021c CF07341C 		.ascii	"\317\0074\034\203{\207#0vC\020\275\211/\216\216\326"
  83      837B8723 
  83      30764310 
  83      BD892F8E 
  83      8ED6
  84 022e 0CB8EA4A 		.ascii	"\014\270\352JC\366:\332\260\034N\210\200\253\322>W\037"
ARM GAS  C:\Users\PETERL~1\AppData\Local\Temp\ccJFfFIw.s 			page 6


  84      43F63ADA 
  84      B01C4E88 
  84      80ABD23E 
  84      571F
  85 0240 09578741 		.ascii	"\011W\207A9\200a#\317B\275\334\004#\3020\360s d\264"
  85      39806123 
  85      CF42BDDC 
  85      0423C230 
  85      F0732064 
  86 0255 7AA381AB 		.ascii	"z\243\201\253\355\010q\307\221\241\217\301\014\321\230"
  86      ED0871C7 
  86      91A18FC1 
  86      0CD198
  87 0264 2DE2E006 		.ascii	"-\342\340\0065P\346j\327l\261\376@\222n1 \243B\217\007"
  87      3550E66A 
  87      D76CB1FE 
  87      40926E31 
  87      20A3428F 
  88 0279 F8C6C0FC 		.ascii	"\370\306\300\374\247'z\324\031\307D\342_\375?\376'\273"
  88      A7277AD4 
  88      19C744E2 
  88      5FFD3FFE 
  88      27BB
  89 028b 0328F827 		.ascii	"\003(\370'\004\377\314\342x\205I\360\243\356SL\374\000"
  89      04FFCCE2 
  89      788549F0 
  89      A3EE534C 
  89      FC00
  90 029d F6C58965 		.ascii	"\366\305\211e\203\360\223\321\377\012\310H\314:\222"
  90      83F093D1 
  90      FF0AC848 
  90      CC3A92
  91 02ac 743C3D29 		.ascii	"t<=)7/3/\325z>;\257 =\213\366\005\226\304\243j\201E"
  91      372F332F 
  91      D57A3E3B 
  91      AF203D8B 
  91      F60596C4 
  92 02c4 CDCDC857 		.ascii	"\315\315\310W-\205Y\252\305\032\237\305\364\031\231"
  92      2D8559AA 
  92      C51A9FC5 
  92      F41999
  93 02d3 166BDED9 		.ascii	"\026k\336\331\234\023\377\3128WPh\265\250\251i)\211"
  93      9C13FFCA 
  93      38575068 
  93      B5A8A969 
  93      2989
  94 02e5 C7D4E4E4 		.ascii	"\307\324\344\344Sj\332\351\224\013\011\310q&??;>\227"
  94      536ADAE9 
  94      940B09C8 
  94      71263F3F 
  94      3B3E97
  95 02f8 C944F20B 		.ascii	"\311D\362\013\217\010\243\030"
  95      8F08A318 
  96              		.text
  97              		.section	.gnu.lto_stStopAlarm.bbac3cca,"",%progbits
  98 0000 789C6366 		.ascii	"x\234cf\300\004R@\254\313\310\300\220\015\244\031\231"
  98      C0045240 
ARM GAS  C:\Users\PETERL~1\AppData\Local\Temp\ccJFfFIw.s 			page 7


  98      ACCBC8C0 
  98      900DA419 
  98      99
  99 0011 19189926 		.ascii	"\031\030\231&\234c`h\344`bd\0041\030\030\031\352\231"
  99      9C636068 
  99      E4606264 
  99      04311818 
  99      19EA99
 100 0024 18EB195F 		.ascii	"\030\353\031_2}db\234p`\365\014n\365\245\015\015\015"
 100      327D6462 
 100      9C7060F5 
 100      0C6EF5A5 
 100      0D0D0D
 101 0037 1F366D97 		.ascii	"\0376m\227h\225\370\311\304\300\360\231\011b\014\343"
 101      6895F8C9 
 101      C4C0F099 
 101      09620CE3 
 102 0047 72467506 		.ascii	"rFu\006\240\232\217-\177\257s\263\265\000\325\010@\344"
 102      A09A8F2D 
 102      7FAF73B3 
 102      B500D508 
 102      40E4
 103 0059 185730B2 		.ascii	"\030W0\262\001\215gX/t\240\341\377\377\305s\336lgaf"
 103      018D6758 
 103      2F74A0E1 
 103      FFFFC573 
 103      DE6C6761 
 104 006e 60780294 		.ascii	"`x\002\224\002\231\377\224\211\011D3\337b<\364a\307"
 104      0299FF94 
 104      89094433 
 104      DF623CF4 
 104      61C7
 105 0080 BADD47B9 		.ascii	"\272\335G\271Q\214x\260\364\275\004\330\200\317L\214"
 105      518C78B0 
 105      F4BD04D8 
 105      80CF4C8C 
 106 0090 E88633AE 		.ascii	"\350\2063\256dd\003\232\276\212\221\015(\361\356\364"
 106      6464039A 
 106      BE8A910D 
 106      28F1EEF4 
 107 00a0 F136D617 		.ascii	"\3616\326\027L?\231\030\201r\015, \265\367\237\234\277"
 107      4C3F9918 
 107      81720D2C 
 107      20B5F79F 
 107      9CBF
 108 00b2 C8011662 		.ascii	"\310\001\026b\000q\247\237\177\275\212i.\343\354\306"
 108      0071A79F 
 108      7FBD8A69 
 108      2EE3ECC6 
 109 00c2 090D1C3F 		.ascii	"\011\015\034?\231\230\030W3J1\256a\224\002\313}\237"
 109      99981857 
 109      334A31AE 
 109      619402CB 
 109      7D9F
 110 00d4 FC642D9F 		.ascii	"\374d-\237\356\352\206\226\306\017w\276\235\342\377"
 110      EEEA8696 
 110      C60F77BE 
ARM GAS  C:\Users\PETERL~1\AppData\Local\Temp\ccJFfFIw.s 			page 8


 110      9DE2FF
 111 00e3 C9C4CCB8 		.ascii	"\311\304\314\270\226q.\343'\240\033\301\2660\256c\324"
 111      96712EE3 
 111      27A01BC1 
 111      B630AE63 
 111      D4
 112 00f4 453611E8 		.ascii	"E6\021\350~\306\365@\275\367\030\033\037\034}\317\001"
 112      7EC6F540 
 112      BDF7181B 
 112      1F1C7DCF 
 112      01
 113 0105 72202808 		.ascii	"r (\010\236\000\255\002\372\005\250K\323\331*\3069#"
 113      9E00AD02 
 113      FA05A84B 
 113      D3D92AC6 
 113      3923
 114 0117 332933B8 		.ascii	"3)3\270\2444%3?&\031\304\316/66\320\317/\326\317H\314"
 114      A4342533 
 114      3F2619C4 
 114      CE2F3636 
 114      D0CF2FD6 
 115 012e D12F2E4A 		.ascii	"\321/.J\326/.\321Kf\260'\244\262 \277\250\244X?8\304"
 115      D62F2ED1 
 115      4B66B027 
 115      A4B220BF 
 115      A8A4583F 
 116 0144 D7D848DF 		.ascii	"\327\330H\337\307\307E?\304\323\267\314\020\2507>''"
 116      C7C7453F 
 116      C4D3B7CC 
 116      10A8373E 
 116      2727
 117 0156 452F8301 		.ascii	"E/\203\001\000\252\312\225["
 117      00AACA95 
 117      5B
 118              		.text
 119              		.section	.gnu.lto_stSetAlarm.bbac3cca,"",%progbits
 120 0000 789C9552 		.ascii	"x\234\225RKHTa\024\376\277\377\336\2713:\242\322jpa"
 120      4B485461 
 120      14FEBFFF 
 120      DEB9333A 
 120      A2D26A70 
 121 0015 818804EA 		.ascii	"\201\210\004\352\315\334\265)\260M\240+[\012\342\013"
 121      CDDCB529 
 121      B04DA02B 
 121      5B0AE20B 
 122 0025 148C0967 		.ascii	"\024\214\011g\2126\342\035\035\245\242T\264L\012\255"
 122      8A36E21D 
 122      1DA5A254 
 122      B44C0AAD 
 123 0035 10CD476A 		.ascii	"\020\315Gji\215\217\3511%\241 %QiY\224\013\205\"\013"
 123      698D8FE9 
 123      3125A120 
 123      25516959 
 123      940B8522 
 124 004a 4D691A43 		.ascii	"Mi\032C\355\234;\026\230\213h\340\316\377\237\377|\347"
 124      ED9C3B16 
 124      988B68E0 
ARM GAS  C:\Users\PETERL~1\AppData\Local\Temp\ccJFfFIw.s 			page 9


 124      CEFF9FFF 
 124      7CE7
 125 005c FBCE4B11 		.ascii	"\373\316K\021;\177\351\364\345*B\234\242\023\026\001"
 125      3B7FE9F4 
 125      E52A429C 
 125      A2131601 
 126 006c 59FF4C08 		.ascii	"Y\377L\010\217MJe4^\030\221\352\264.\214(\005j\370Y"
 126      8F4D4A65 
 126      345E1891 
 126      EAB42E8C 
 126      28056AF8 
 127 0081 05F82220 		.ascii	"\005\370\" *\244\242\242\002\237\344\262D}\240\247\331"
 127      2AA4A2A2 
 127      029FE4B2 
 127      447DA0A7 
 127      D9
 128 0092 9ED46E18 		.ascii	"\236\324n\030\306R\203\337Q\355\010I!Vd\230\0377\220"
 128      C65283DF 
 128      51ED0849 
 128      21566498 
 128      1F3790
 129 00a5 4490BADA 		.ascii	"D\220\272\332\352\363P\222!\350>\322\267\372\324\376"
 129      EAF35092 
 129      21E83ED2 
 129      B7FAD4FE 
 130 00b5 518624F6 		.ascii	"Q\206$\366\2609\3320\321\254\261)U6\327.NTY\022\333"
 130      B039DA30 
 130      D1ACB129 
 130      5536D72E 
 130      4E545912 
 131 00ca 0CA332E0 		.ascii	"\014\2432\340\0370\016\251!\251\240\023\012\361\241"
 131      1F300EA9 
 131      21A9A013 
 131      0AF1A1
 132 00d9 0B71E846 		.ascii	"\013q\350F\234\240'\201\036$2|\331\273>c\327\274\244"
 132      9CA02781 
 132      1E24327C 
 132      D9BB3E63 
 132      D7BCA4
 133 00ec 1DBBFE5B 		.ascii	"\035\273\376[\0267\241\201\016z\350\337\025067\333:"
 133      1637A181 
 133      0E7AE8DF 
 133      15303637 
 133      DB3A
 134 00fe 16FDAACD 		.ascii	"\026\375\252\315\002\016\322(\\\265\362\237\020\363"
 134      020ED228 
 134      5CB5F29F 
 134      10F3
 135 010c 84E67A16 		.ascii	"\204\346z\026\244\344S\231\305c\337\210\357\314x\314"
 135      A4E45399 
 135      C563DF88 
 135      EFCC78CC 
 136 011c 36E2B985 		.ascii	"6\342\271\205\357\016\223sE\342/I\201^h\244\324\007"
 136      EF0E9373 
 136      45E22F49 
 136      815E68A4 
 136      D407
ARM GAS  C:\Users\PETERL~1\AppData\Local\Temp\ccJFfFIw.s 			page 10


 137 012e 2D2835F2 		.ascii	"-(5\362}\235\034\257\261p1\026r\033fA\037\346\247\236"
 137      7D9D1CAF 
 137      B1703116 
 137      721B6641 
 137      1FE6A79E 
 138 0142 DBCC27C1 		.ascii	"\333\314'\301\346\245\251\317\335\262\005W<\365\206"
 138      E6A5A9CF 
 138      DDB20557 
 138      3CF586
 139 0151 2D2435F4 		.ascii	"-$5\364SQ\267\250(\366\005\033\347{\243Sz\014\257gi"
 139      5351B7A8 
 139      28F6051B 
 139      E77BA353 
 139      7A0CAF67 
 140 0166 B1A17677 		.ascii	"\261\241vwHZq\033-\370Fi\232B\030@\212\230E\325\217"
 140      485A711B 
 140      2DF84669 
 140      9A421840 
 140      8A9845D5 
 141 017b 9A4535AC 		.ascii	"\232E5\254i\015\313^\236YXUXC\2456\015\022\333+x_\217"
 141      690DCB5E 
 141      9E595855 
 141      5843A536 
 141      0D12DB2B 
 142 0192 4D7E49E3 		.ascii	"M~I\343\264\011E\020O\207\377\234\325\204\020\331\035"
 142      B4094510 
 142      4F87FF9C 
 142      D58410D9 
 142      1D
 143 01a3 16145CB8 		.ascii	"\026\024\\\270\"F\343\225wP\031\310)\264\276\250\355"
 143      2246E395 
 143      775019C8 
 143      29B4BEA8 
 143      ED
 144 01b4 93E53F8D 		.ascii	"\223\345?\215\323\234\235mE\262\364]\224\263\253\251"
 144      D39C9D6D 
 144      45B2F45D 
 144      94B3ABA9 
 145 01c4 EEE5B042 		.ascii	"\356\345\260B\256fvEp\267\267\225\027a\232]u\027\206"
 145      AE667645 
 145      70B7B795 
 145      17619A5D 
 145      751786
 146 01d7 F1A7BC48 		.ascii	"\361\247\274H\370P\216\241\255\362\256\316w6\333\211"
 146      F8508EA1 
 146      ADF2AECE 
 146      7736DB89 
 147 01e7 80162402 		.ascii	"\200\026$\002\2142E1\202\362\220\264\233\331\250\346"
 147      8C324531 
 147      82F290B4 
 147      9BD9A8E6 
 148 01f7 18A65119 		.ascii	"\030\246Q\031\313\370\301\366\265\263P\334f\323\337"
 148      CBF8C1F6 
 148      B5B350DC 
 148      66D3DF
 149 0206 0E0D6D44 		.ascii	"\016\015mD%\\\247\265\230{3V\024\360^3667\301\3131\272"
 149      255CA7B5 
ARM GAS  C:\Users\PETERL~1\AppData\Local\Temp\ccJFfFIw.s 			page 11


 149      987B3356 
 149      14F05E33 
 149      363637C1 
 150 021d 7D39B6D6 		.ascii	"}9\266\326\316\217\204 u\234&\3324\342\233\252\216\336"
 150      CE8F8420 
 150      759C26DA 
 150      34E29BAA 
 150      8EDE
 151 022f 3ED1F6A0 		.ascii	">\321\366\240\203\021[SUvL\365\2369\325\373\320\376"
 151      83115B53 
 151      55764CF5 
 151      9E39D5FB 
 151      D0FE
 152 0241 6360AD93 		.ascii	"c`\255\2231!\031\205\007\346\300\020\346 \310\243\306"
 152      31211985 
 152      07E6C010 
 152      E620C8A3 
 152      C6
 153 0252 D576A9F7 		.ascii	"\325v\251\367\022$\220\314\003}\210\024$P\264\351G\000"
 153      122490CC 
 153      037D8814 
 153      2450B4E9 
 153      4700
 154 0264 3AA7F91E 		.ascii	":\247\371\036\236\271'A\233\331\017\301{\011n\004ux"
 154      9EB92741 
 154      9BD90FC1 
 154      7B096E04 
 154      7578
 155 0276 6FC6819C 		.ascii	"o\306\201\234\214\342\222\374\222l\367\211\302\022g"
 155      8CE292FC 
 155      926CF789 
 155      C21267
 156 0285 4E01DF9D 		.ascii	"N\001\337\235\256\364}\272\323\245\027\347\225\352\256"
 156      AEF47DBA 
 156      D3A517E7 
 156      95EAAE
 157 0294 B202DDE5 		.ascii	"\262\002\335\345N-\020\326\274|\227\273\344X\321\301"
 157      4E2D10D6 
 157      BC7C97BB 
 157      E458D1C1 
 158 02a4 7F451C77 		.ascii	"\177E\034w\226\271]z\366\321\254\364\375zf\346a\375"
 158      96B95D7A 
 158      F6D1ACF4 
 158      FD7A66E6 
 158      61FD
 159 02b6 E891AC93 		.ascii	"\350\221\254\223i\304\221[ZZ\230Z,T&\371\005\246(_r"
 159      69C4915B 
 159      5A5A985A 
 159      2C5426F9 
 159      05A6285F 
 160              		.text
 161              		.section	.gnu.lto_stGetAlarm.bbac3cca,"",%progbits
 162 0000 789C9552 		.ascii	"x\234\225RMh\023A\024~of\263I\033Q\361\024r\250\202"
 162      4D681341 
 162      147E6F66 
 162      B3491B51 
 162      F11472A8 
ARM GAS  C:\Users\PETERL~1\AppData\Local\Temp\ccJFfFIw.s 			page 12


 163 0015 42F190AE 		.ascii	"B\361\220\25657/\036\352EhO\355\261 \232\036\022\014"
 163      35372F1E 
 163      EA45684F 
 163      EDB1209A 
 163      1E120C
 164 0028 449AE82D 		.ascii	"D\232\350-d\242\241(H[\322\242\251\322*h\264?&\365\267"
 164      64A2A128 
 164      485BD2A2 
 164      A9D22A68 
 164      B43F26F5 
 165 003d 26A9D0AA 		.ascii	"&\251\320\252\207\012A\213\250\211\224\252=$\240\264"
 165      870A418B 
 165      A88994AA 
 165      3D24A0B4 
 166 004d 486B0235 		.ascii	"Hk\0025H\214o6Q\210=\210\013\2733o\276o\276\367\276"
 166      488C6F36 
 166      51883D88 
 166      0BBB336F 
 166      BE6FBEF7 
 167 0062 F796C3D6 		.ascii	"\367\226\303\326\307N\357\007\006p\222V4\000\262\301"
 167      C74EEF07 
 167      06709256 
 167      3400B2C1 
 168 0072 57004113 		.ascii	"W\000A\023c<\325\004\242Q\311h \266qT\252\307\012\242"
 168      633CD504 
 168      A251C968 
 168      20B67154 
 168      AAC70AA2 
 169 0086 DC004280 		.ascii	"\334\000B\200q\005\003\370\205m0L\306\213/\315\237Y"
 169      710503F8 
 169      856D304C 
 169      C68B2FCD 
 169      9F59
 170 0098 89C11EA0 		.ascii	"\211\301\036\2400\025~\021Qe\210\212\014\263\231H\266"
 170      30157E11 
 170      5165888A 
 170      0CB39948 
 170      B6
 171 00a9 A1392AC4 		.ascii	"\2419*\304\331\365\360\234{d\370:!\014\012\014\3606"
 171      D9F5F09C 
 171      7B64F83A 
 171      210C0A0C 
 171      F036
 172 00bb 5A711CAD 		.ascii	"Zq\034\255Ro\002\233%w#T\316\232\325\220\020bg\231\212"
 172      526F029B 
 172      25772354 
 172      CE9AD590 
 172      10626799 
 173 00d0 22126193 		.ascii	"\"\022a\223\250\"-t0\275k^T*7\306\326\346\024#\007\222"
 173      A8222D74 
 173      30BD6B5E 
 173      542A37C6 
 173      D6E61423 
 174 00e6 31D087AB 		.ascii	"1\320\207\253\362\003\220#\262,.O\352\264\362%|6\223"
 174      F2039023 
 174      B22C2E4F 
 174      EAB4F225 
ARM GAS  C:\Users\PETERL~1\AppData\Local\Temp\ccJFfFIw.s 			page 13


 174      7C3693
 175 00f9 8C5F58D8 		.ascii	"\214_X\330Q\247\273\222\377i\321%\013\014\377\312\010"
 175      51A7BB92 
 175      FF69D125 
 175      0B0CFFCA 
 175      08
 176 010a 38852A25 		.ascii	"8\205*%\272\203\352&3\020\3665\275\320g\220F\024\202"
 176      BA83EA26 
 176      3310F635 
 176      BDD06790 
 176      461482
 177 011d 856EE653 		.ascii	"\205n\346Sn\361\265I?\002\031^^\\\235d\243x58(L%f\300"
 177      6EF1B549 
 177      3F02195E 
 177      5E5C9D64 
 177      A3783538 
 178 0136 18398A4B 		.ascii	"\0309\212KG\204m\016\345b\333mS\"\024\\_\016\367\357"
 178      47846D0E 
 178      E562DB6D 
 178      5322145C 
 178      5F0EF7EF 
 179 014a 2E3115A7 		.ascii	".1\025\247q\024\277Q\231z\"\274\2136X\302s\337\373\326"
 179      7114BF51 
 179      997A22BC 
 179      8B3658C2 
 179      73DFFBD6 
 180 015e 946ACE5A 		.ascii	"\224j\316Z\332+\331|\221\313\034\234zt\217\324\336a"
 180      DA2BD97C 
 180      91CB1C9C 
 180      7A748FD4 
 180      DE61
 181 0170 E8FDF374 		.ascii	"\350\375\363t\271U\226M,\242\004o\315^4\352\024\022"
 181      B955964D 
 181      2CA2046F 
 181      CD5E34EA 
 181      1412
 182 0182 BBAFB750 		.ascii	"\273\257\267P\032\347\220j\342\313\250H\242,a\354M\177"
 182      1AE7906A 
 182      E2CBA848 
 182      A22C61EC 
 182      4D7F
 183 0194 9CF97F88 		.ascii	"\234\371\177\210\363\262:c\201\311\324\017\320/\241"
 183      F3B23A63 
 183      81C9D40F 
 183      D02FA1
 184 01a3 4B036F13 		.ascii	"K\003o\023\234\240\210\204L\262\331u\366Lz810\234\300"
 184      9CA08884 
 184      4CB2D975 
 184      F64C7A38 
 184      31309CC0 
 185 01b7 3FF61AF0 		.ascii	"?\366\032\360!\372\361Q\315\336\265\334x\304L\002\026"
 185      21FAF151 
 185      CDDEB5DC 
 185      78C44C02 
 185      16
 186 01c8 22E30CB1 		.ascii	"\"\343\014\261\364\244\370\030\375%\326\250W\243\374"
 186      F4A4F818 
ARM GAS  C:\Users\PETERL~1\AppData\Local\Temp\ccJFfFIw.s 			page 14


 186      FD25D6A8 
 186      57A3FC
 187 01d7 1E436A24 		.ascii	"\036Cj$\276j\250\237\302\315@m\010|\313\020\022\372"
 187      BE6AA89F 
 187      C2CD406D 
 187      087CCB10 
 187      12FA
 188 01e9 1092D22A 		.ascii	"\020\222\322*\377\217\026g\322\373J\314\214)\275\305"
 188      FF8F1667 
 188      D2FB4ACC 
 188      8C29BDC5 
 189 01f9 589521CA 		.ascii	"X\225!\312\323\241b\224i1\242\314[\345\010f\321\206"
 189      D3A16294 
 189      6931A2CC 
 189      5BE50866 
 189      D186
 190 020b 7BE9B68E 		.ascii	"{\351\266\216\343\023\324\340#\006W\242\025K\265\271"
 190      E313D4E0 
 190      230657A2 
 190      154BB5B9 
 191 021b D44FFA91 		.ascii	"\324O\372\221PVN-\331\337v\250\273\315\351:\341\352"
 191      50564E2D 
 191      D9DF76A8 
 191      BBCDE93A 
 191      E1EA
 192 022d F49DEE71 		.ascii	"\364\235\356qy\272\035r\357\361\332\017h\036\257\346"
 192      79BA1D72 
 192      EFF1DA0F 
 192      681EAFE6 
 193 023d 3CEED6BC 		.ascii	"<\356\326\274\275\016\315\353kq\300\341\1771Oyz}^\255"
 193      BD0ECDEB 
 193      6B71C0E1 
 193      7F314F79 
 193      7A7D5EAD 
 194 0251 B3ABC37E 		.ascii	"\263\253\303~Pko?\242u\035\3558\323Jw\217\271\335=-"
 194      506B6F3F 
 194      A2751DED 
 194      38D34A77 
 194      8FB9DD3D 
 195 0266 4EF80565 		.ascii	"N\370\005e 0\334"
 195      2030DC
 196              		.text
 197              		.section	.gnu.lto_.symbol_nodes.bbac3cca,"",%progbits
 198 0000 789C558A 		.ascii	"x\234U\212\273\015\203P\024C}}\001=\366a?S\220\360\227"
 198      BB0D8350 
 198      14437D7D 
 198      013DF661 
 198      3F5390F0 
 199 0015 98005150 		.ascii	"\230\000QP\246\315\032\231!\223D\374R\360\334X\3669"
 199      A6CD1A99 
 199      219344FC 
 199      52F0DC58 
 199      F639
 200 0027 0EE0857F 		.ascii	"\016\340\205\177XQ\300\364\001$\314K\000\037\224\335"
 200      5851C0F4 
 200      0124CC4B 
 200      001F94DD 
ARM GAS  C:\Users\PETERL~1\AppData\Local\Temp\ccJFfFIw.s 			page 15


 201 0037 8FB42716 		.ascii	"\217\264'\026\312\371\244\030\231\365\376F\346@;\315"
 201      CAF9A418 
 201      99F5FE46 
 201      E6403BCD 
 202 0047 864A2230 		.ascii	"\206J\"0\222\007\260\226J/\200\262\014\260\216\312n"
 202      9207B096 
 202      4A2F80B2 
 202      0CB08ECA 
 202      6E
 203 0058 DB11B07E 		.ascii	"\333\021\260~\177\346\226\243z\027\236\\\225\235\205"
 203      7FE696A3 
 203      7A179E5C 
 203      959D85
 204 0067 0D7A1D2C 		.ascii	"\015z\035,)"
 204      29
 205              		.text
 206              		.section	.gnu.lto_.refs.bbac3cca,"",%progbits
 207 0000 789C6366 		.ascii	"x\234cf``\020`\200\000FF&&\026F\026&V\026F6&v\026\006"
 207      60601060 
 207      80004646 
 207      26261646 
 207      16265616 
 208 001a 00034700 		.ascii	"\000\003G\000B"
 208      42
 209              		.text
 210              		.section	.gnu.lto_.decls.bbac3cca,"",%progbits
 211 0000 789CB558 		.ascii	"x\234\265X{LTW\032\277\347\236\313\000\303\000.\356"
 211      7B4C5457 
 211      1ABFE79E 
 211      CB00C300 
 211      2EEE
 212 0012 6AC31F2B 		.ascii	"j\303\037+\332,\321FE\241\215i7\033\037ccMj\327\014"
 212      DA2CD146 
 212      45A18D69 
 212      371B1F63 
 212      634D6AD7 
 213 0027 6ED2A424 		.ascii	"n\322\244$S\012S!\341a\235\261Y\377\273\003\264\002"
 213      530A5321 
 213      E1619DB1 
 213      59FFBB03 
 213      B402
 214 0039 3EA0880A 		.ascii	">\240\210\012*:\024T\004\021\260\002\362\020\250mq\020"
 214      2A3A1454 
 214      0411B002 
 214      F210A86D 
 214      7110
 215 004b 057CF0B0 		.ascii	"\005|\360\260\240 \276\025\355 U@\253\263\3379\347\336"
 215      A020BE15 
 215      ED205540 
 215      ABB3DF39 
 215      E7DE
 216 005d 993BD3D1 		.ascii	"\231;\323\321n\367q\223o\346|\347\374\316\357{\234\347"
 216      6EF77193 
 216      6FE67CE7 
 216      FCCEEF7B 
 216      9CE7
 217 006f BD98E3B8 		.ascii	"\275\230\343\270?\362\034g\207gm\020\307%c\216SA\335"
ARM GAS  C:\Users\PETERL~1\AppData\Local\Temp\ccJFfFIw.s 			page 16


 217      3FF21C67 
 217      87676D10 
 217      C725638E 
 217      5341DD
 218 0082 6A10A8E6 		.ascii	"j\020\250\346\252A\0329\366x\203\264\200t\202\234\007"
 218      AA411A39 
 218      F67883B4 
 218      8074829C 
 218      07
 219 0093 B908D203 		.ascii	"\271\010\322\003\322\007r\005\004\272r\327@n\200\334"
 219      D2077205 
 219      04BA72D7 
 219      406E80DC 
 220 00a3 E65C9F16 		.ascii	"\346\\\237\026\251\235\360\336\0019)\325\363R[\037\367"
 220      A99DF0DE 
 220      013929D5 
 220      F3525B1F 
 220      F7
 221 00b4 EB87D8F1 		.ascii	"\353\207\330\361\227\372\004\200h@\332Af\202\314E\034"
 221      97FA0480 
 221      6840DA41 
 221      6682CC45 
 221      1C
 222 00c5 F706C808 		.ascii	"\367\006\310\010\224\347!\346\347q\220~\020\0011[\177"
 222      94E721E6 
 222      E771907E 
 222      1001315B 
 222      7F
 223 00d6 86FFBF80 		.ascii	"\206\377\277\200L\007\021$\276\267\020\363u\021\374"
 223      4C071124 
 223      BEB710F3 
 223      7511FC
 224 00e5 23C95FE5 		.ascii	"#\311_\345C\342\022$\233J\033H\342\343%\314\333\350"
 224      43E21224 
 224      9B4A1B48 
 224      E2E325CC 
 224      DBE8
 225 00f7 D7FE5EFC 		.ascii	"\327\376^\374\035\376\222\2346(\374\345\025\376\012"
 225      1DFE929C 
 225      3628FCE5 
 225      15FE0A
 226 0106 1297ECEB 		.ascii	"\022\227\354\353_%_o\270\331\353\221l\374\267\266z\024"
 226      5F255F6F 
 226      B8D9EB91 
 226      6CFCB7B6 
 226      7A14
 227 0118 B6FE26D9 		.ascii	"\266\376&\331r\037\277Q\036Y\313\012>\306<\202\242p"
 227      721FBF51 
 227      1E59CB0A 
 227      3EC63C82 
 227      A270
 228 012a 7D6F654D 		.ascii	"}oeM \012\015\016V\027\213\242\230..AeH\215\016!\254"
 228      200A0D0E 
 228      56178BA2 
 228      982E2E41 
 228      65488D0E 
 229 0140 E89107F5 		.ascii	"\350\221\007\365\023\213I\003\024}\350\177\272(\246"
ARM GAS  C:\Users\PETERL~1\AppData\Local\Temp\ccJFfFIw.s 			page 17


 229      138B4903 
 229      147DE87F 
 229      BA28A6
 230 014f 88B61C11 		.ascii	"\210\266\034\021\277\306\241\271\301hN0\207JP(m\342"
 230      BFC6A1B9 
 230      C1684E30 
 230      874A5028 
 230      6DE2
 231 0161 50290A46 		.ascii	"P)\012F\207Q0\2614\274}4\303K-\241\323\177\013\275'"
 231      875130B1 
 231      34BC7D34 
 231      C34B2DA1 
 231      D37F0BBD 
 232 0176 FB42BEE6 		.ascii	"\373B\276\346\016\217\002\324qD\0359fi\365\001U\243"
 232      0E8F02D4 
 232      71441D39 
 232      6669F501 
 232      55A3
 233 0188 F6276ADD 		.ascii	"\366'j\335\321\237\317\371\321\326\020\242\326\347X"
 233      D19FCFF9 
 233      D1D610A2 
 233      D6E758
 234 0197 F354B455 		.ascii	"\363T\264U \352\370\027\266\0145U5T}T\366L \206E1;U"
 234      20EAF817 
 234      B60C3555 
 234      35547D54 
 234      F64C2086 
 235 01af F4B50640 		.ascii	"\364\265\006@\003\252\000S\225`\212C\307\250\351\331"
 235      03AA0053 
 235      95608A43 
 235      C7A8E9D9 
 236 01bf C1A88A59 		.ascii	"\301\250\212Y>\233\365C\237&(\233\302E1\004\321,\224"
 236      3E9BF543 
 236      9F26289B 
 236      C2453104 
 236      D12C94
 237 01d2 03FC2885 		.ascii	"\003\374(\205\177\203\202\344N\004]v\247\272\202W\242"
 237      7F8382E4 
 237      4E045D76 
 237      A7BA8257 
 237      A2
 238 01e3 8FBC0A3D 		.ascii	"\217\274\012=qk\363AA\223Ir \271r\034\005)|\251Fd\310"
 238      716BF341 
 238      41934972 
 238      20B9721C 
 238      05297CA9 
 239 01fa E93FA0D3 		.ascii	"\351?\240\323\033s\017\372\322(?$\235og\227ThhX~D\335"
 239      1B730FFA 
 239      D2283F24 
 239      9D6F6797 
 239      54686858 
 240 0211 FA74F45C 		.ascii	"\372t\364\\\000U\325D}:y\332\254zy\224ur\224'X\224\326"
 240      0055D544 
 240      7D3A79DA 
 240      AC7A7994 
 240      75729427 
 241 0228 B4D24E7F 		.ascii	"\264\322N\177\367(k\000^K\341\365\324\357:\331\357\027"
ARM GAS  C:\Users\PETERL~1\AppData\Local\Temp\ccJFfFIw.s 			page 18


 241      F7286B00 
 241      5E4BE1F5 
 241      D4EF3AD9 
 241      EF17
 242 023a 23F6B640 		.ascii	"#\366\266@\367(_\212>\373\244},\300%\312\006\227(\033"
 242      F7285F8A 
 242      3EFBA47D 
 242      2CC025CA 
 242      0697281B 
 243 024e A5281B69 		.ascii	"\245(\033i\224\015\317\206/\011\323wH\216O\021\320\352"
 243      940DCF86 
 243      2F09D377 
 243      488E4F11 
 243      D0EA
 244 0260 690AEC49 		.ascii	"i\012\354I4\035~?\022\030\263\2456\355\221\200\275\311"
 244      341D7E3F 
 244      1218B3A5 
 244      36ED9180 
 244      BDC9
 245 0272 74454579 		.ascii	"tEEy\327.\251\347\226\322\251\332bC\316)}\353\350\315"
 245      D72EA9E7 
 245      96D2A9DA 
 245      6243CE29 
 245      7DEBE8CD 
 246 0286 DD7CC83E 		.ascii	"\335|\310>\321Ri+\237\270\254\021\255b\213\335\276\230"
 246      D152692B 
 246      9FB8AC11 
 246      AD628BDD 
 246      BE98
 247 0298 52A12684 		.ascii	"R\241&\204Q3\232K\3157I3\033\265\240\020\350\326\261"
 247      51339A4B 
 247      CD374933 
 247      1BB5A010 
 247      E8D6B1
 248 02ab CF723C10 		.ascii	"\317r<\020/\246\334\315M\023\255j\274\222\226\267\244"
 248      2FA6DCCD 
 248      4D13AD6A 
 248      BC9296B7 
 248      A4
 249 02bc 0FB5A9B1 		.ascii	"\017\265\251\261\216\226\315\007\033\266xC\316g\252"
 249      8E96CD07 
 249      1BB67843 
 249      CE67AA
 250 02cb A9A5C13D 		.ascii	"\251\245\301=\223\305\276T%;m T\361\326[bQ\000\012\245"
 250      93C5BE54 
 250      253B6D20 
 250      54F1D65B 
 250      6251000A 
 251 02e0 4BC876B2 		.ascii	"K\310v\262h\370\275TXG\247![\3379,\323\336\344Iwf\210"
 251      68F8BD54 
 251      5847A721 
 251      5BDF392C 
 251      D3DEE449 
 252 02f7 73848C5A 		.ascii	"s\204\214Za9\314TS,\372\036*\177\240\003\306\377\360"
 252      6139CC54 
 252      532CFA1E 
 252      2A7FA003 
ARM GAS  C:\Users\PETERL~1\AppData\Local\Temp\ccJFfFIw.s 			page 19


 252      C6FFF0
 253 030a 4B539A17 		.ascii	"KS\232\027R\207z\356\324\346\241\023ua\313\246\234i"
 253      52877AEE 
 253      D4E6A113 
 253      7561CBA6 
 253      9C69
 254 031c A228202B 		.ascii	"\242( +\270p\312\351\302i\244\226\363\305?8\232S\215"
 254      B870CAE9 
 254      C269A496 
 254      F3C53F38 
 254      9A538D
 255 032f 6497AD77 		.ascii	"d\227\255ww\377\211\340\333\001\377\255\023oE\257\364"
 255      77FF89E0 
 255      DB01FFAD 
 255      136F45AF 
 255      F4
 256 0340 F98C479F 		.ascii	"\371\214G\237Q\325\326\253\031\336\002\354L\224\356"
 256      51D5D6AB 
 256      19DE02EC 
 256      4C94EE
 257 034f 23BA382F 		.ascii	"#\2728/\367e\314~\351h\237\243\243}\026I\303]]\3375"
 257      F765CC7E 
 257      E9689FA3 
 257      A37D1649 
 257      C35D5DDF 
 258 0364 A2C6DD74 		.ascii	"\242\306\335t{B\235U\315\275~0\254C0\254\365_\342|\321"
 258      7B429D55 
 258      CDBD7E30 
 258      AC4330AC 
 258      F55FE27C 
 259 0379 9222BEB0 		.ascii	"\222\"\276\260\333\021\355\205:\024\003\333!\017l'\035"
 259      DB11ED85 
 259      3A1403DB 
 259      210F6C27 
 259      1D
 260 038a D8ACCDF7 		.ascii	"\330\254\315\367\276\340\3610ci7\177gVQ\026KC\221\212"
 260      BEE0F130 
 260      6369377F 
 260      67565116 
 260      4B43918A 
 261 039e 4D0D3A33 		.ascii	"M\015:3\272\024\004]2\301yJPYbk\362\307\017\031\301"
 261      BA14045D 
 261      32C1794A 
 261      5059626B 
 261      F2C70F19 
 262 03b3 C0A1DE6E 		.ascii	"\300\241\336n\346\206\345\262\203\200xpAApA&\270H\011"
 262      E686E5B2 
 262      83807870 
 262      41417041 
 262      26B84809 
 263 03c7 4E5CB834 		.ascii	"N\\\2704\356\255\014\232\244\303\031\365%\2279^>4q_"
 263      EEAD0C9A 
 263      A4C319F5 
 263      2597395E 
 263      3E34715F 
 264 03db 832799B5 		.ascii	"\203'\231\265\374\374=\341\324\330\320\344\365V\347"
 264      FCFC3DE1 
ARM GAS  C:\Users\PETERL~1\AppData\Local\Temp\ccJFfFIw.s 			page 20


 264      D4D8D0E4 
 264      F556E7
 265 03ea 54861EA8 		.ascii	"T\206\036\250[a\257[\266\327C\355]\334\235s\034\341"
 265      5B61AF5B 
 265      B6D743ED 
 265      5DDC9D73 
 265      1CE1
 266 03fc 344C296A 		.ascii	"4L)j\367L\346b\302!\332J\036\214/\371*5\273X\034\262"
 266      F74CE662 
 266      C221DA4A 
 266      1E8C2FF9 
 266      2A35BB58 
 267 0412 DB67B005 		.ascii	"\333g\260\005\321\253`\351\225Y\372(K^f^\272\306e\031"
 267      D1AB60E9 
 267      9559FA28 
 267      4B5E665E 
 267      BAC66519 
 268 0426 1F7171FB 		.ascii	"\037qq\3732[\306\200\264?\317\037Ct\234\241N\032g\333"
 268      325BC680 
 268      B43FCF1F 
 268      43749CA1 
 268      4E1A67DB 
 269 043a 96B27BBE 		.ascii	"\226\262{\276/\035\350~\032\362\217\362@Wl\277\366\310"
 269      2F1DE87E 
 269      1AF28FF2 
 269      40576CBF 
 269      F6C8
 270 044c 07773187 		.ascii	"\007w1\207\017U\337\254D\324\341\312\372\3162>_,\224"
 270      0F55DFAC 
 270      44D4E1CA 
 270      FACE323E 
 270      5F2C94
 271 045f 071A7AA1 		.ascii	"\007\032z\241\001\205\303\003\262\303W\250\3037sv\330"
 271      0185C303 
 271      B2C357A8 
 271      C3377376 
 271      D8
 272 0470 30CE1458 		.ascii	"0\316\024X\346\254%\027\005\274\235))\355\337\236\026"
 272      E6AC2517 
 272      05BC9D29 
 272      29EDDF9E 
 272      16
 273 0481 66140A05 		.ascii	"f\024\012\005pf\301\216K\252\262\036}oV\275^(vYl\345"
 273      7066C18E 
 273      4BAAB21E 
 273      7D6F56BD 
 273      5E287659 
 274 0497 4DADC89C 		.ascii	"M\255\310\234mI\311\026\311X\322-\371*X\201\331\243"
 274      6D49C916 
 274      C958D22D 
 274      F92A5881 
 274      D9A3
 275 04a9 D8C90789 		.ascii	"\330\311\007\211-4\204 o\327\320\353d/\032\230\034\360"
 275      2D348420 
 275      6FD7D0EB 
 275      642F1A98 
 275      1CF0
ARM GAS  C:\Users\PETERL~1\AppData\Local\Temp\ccJFfFIw.s 			page 21


 276 04bb C115CCC0 		.ascii	"\301\025\314\300\343\352\212\366\200\031'\251\201\006"
 276      E3EA8AF6 
 276      801927A9 
 276      8106
 277 04c9 66602423 		.ascii	"f`$#\365\201/5`\351/\022\005\253\230F\262N\267B\302"
 277      F5812F35 
 277      60E92F12 
 277      05AB9846 
 277      B24EB742 
 278 04de 0E3343B1 		.ascii	"\0163C\261\203\016S\366\353\204\375\006e\177d\267ey"
 278      830E53F6 
 278      EB84FD06 
 278      657F64B7 
 278      6579
 279 04f0 E136C6BE 		.ascii	"\3416\306\276\371i\307\023\315\214^%{F\345\316\261\000"
 279      F969C713 
 279      CD8C5E25 
 279      7B46E5CE 
 279      B100
 280 0502 C6FECC03 		.ascii	"\306\376\314\003{\217\013\373M\312~\213\260\337\246"
 280      7B8F0BFB 
 280      4DCA7E8B 
 280      B0DFA6
 281 0511 EC57F35A 		.ascii	"\354W\363Z2]\317!2\027\234\303sG\332\241\357\320\035"
 281      325DCF21 
 281      32179CC3 
 281      7347DAA1 
 281      EFD01D
 282 0524 BAF56ED3 		.ascii	"\272\365n\3236v\026\213*b\273\262\271,\303\227\236<"
 282      3676168B 
 282      2A62BBB2 
 282      B92CC397 
 282      9E3C
 283 0536 1F13F554 		.ascii	"\037\023\365T\335\246\002\001_g\256>8U\374Or\012\245"
 283      DDA60201 
 283      5F67AE3E 
 283      3855FC4F 
 283      720AA5
 284 0549 FE7B7B14 		.ascii	"\376{{\024\364H\313\267?\306\370'\326}\367d\305a?<&"
 284      F448CBB7 
 284      3FC6F827 
 284      D67DF764 
 284      C5613F3C 
 285 055e 29F9A7FB 		.ascii	")\371\247\373\005<\316\224\342\035;\217xQ\243>tW\356"
 285      053CCE94 
 285      E21D3B8F 
 285      7851A33E 
 285      7457EE
 286 0571 BC94E58B 		.ascii	"\274\224\345\213\177am\007s\3073\002\261\331\213\255"
 286      7F616D07 
 286      73C73302 
 286      B1D98BAD 
 287 0581 F0E18931 		.ascii	"\360\341\2111vLN!\352\344\263K\227y\234\306\332\316"
 287      764C4E21 
 287      EAE4B34B 
 287      97799CC6 
 287      DACE
ARM GAS  C:\Users\PETERL~1\AppData\Local\Temp\ccJFfFIw.s 			page 22


 288 0593 F45CFBDA 		.ascii	"\364\\\373\332\013\2473%\177\374lk \005\276F\257\011"
 288      0BA73325 
 288      7FFC6C6B 
 288      2005BE46 
 288      AF09
 289 05a5 7B525303 		.ascii	"{RS\003\3616\326f9\364\334\036\200s\231\"\33764\354"
 289      F136D666 
 289      39F4DC1E 
 289      80739922 
 289      DF3634EC 
 290 05b9 B6B1F7DB 		.ascii	"\266\261\367\333{\347\375q>k\033\033Ny\201p\001SJ\206"
 290      7BE7FD71 
 290      3E6B1B1B 
 290      4E798170 
 290      01534A86 
 291 05cd 3B72FC29 		.ascii	";r\374)p6Q\367\347Njq!k\252\037\335\374\263\017>\300"
 291      703651F7 
 291      E74E6A71 
 291      216BAA1F 
 291      DDFCB30F 
 292 05e3 94C1F1C1 		.ascii	"\224\301\361\301S\336\024\267\200\250;\032\367\346\260"
 292      53DE14B7 
 292      80A83B1A 
 292      F7E6B0
 293 05f2 735EA4CD 		.ascii	"s^\244\315\333\216\026\2171\3070e-\0348\213_~\262\247"
 293      DB8E168F 
 293      31C73065 
 293      2D1C388B 
 293      5F7EB2A7 
 294 0606 F0D2C96E 		.ascii	"\360\322\311n\346i>\013\356w\225*\316j\023\335\372E"
 294      E6693E0B 
 294      EE77952A 
 294      CE6A13DD 
 294      FA45
 295 0618 3E188D51 		.ascii	">\030\215Qx*\037$w\"\350]\335%6o%z\344U\350\314\235"
 295      782A1F24 
 295      7722E85D 
 295      DD25366F 
 295      257AE455 
 296 062f B9AD081F 		.ascii	"\271\255\010\037fQt\233o\365\360\270\234)\307\212\016"
 296      6651749B 
 296      6FF5F0B8 
 296      9C29C78A 
 296      0E
 297 0640 D4B039B1 		.ascii	"\324\2609\261\204\206\320{\276\333\033\037\223\362W"
 297      8486D07B 
 297      BEDB1B1F 
 297      93F257
 298 064f 953DC96E 		.ascii	"\225=\311n*\357\021\265\255zk\213\032\327\260\266\347"
 298      2AEF11B5 
 298      AD7A6B8B 
 298      1AD7B0B6 
 298      E7
 299 0660 65372678 		.ascii	"e7&x\334\300\224\333M#\"O\201\253\211z\365\301\326A"
 299      DCC094DB 
 299      4D23224F 
 299      81AB897A 
ARM GAS  C:\Users\PETERL~1\AppData\Local\Temp\ccJFfFIw.s 			page 23


 299      F5C1D641 
 300 0674 1FDCE46A 		.ascii	"\037\334\344j \200\031\310\334\\e\367~yR\262\344\244"
 300      208019C8 
 300      DC5C65F7 
 300      7E7952B2 
 300      E4A4
 301 0686 CCA13931 		.ascii	"\314\24191\027\034\030\302R\224\0269'\333 J\033Eg\323"
 301      171C18C2 
 301      52941639 
 301      27DB204A 
 301      1B4567D3 
 302 069a 28B3E428 		.ascii	"(\263\344(G\373\322:\375\224\350\221W\241\317=))P\341"
 302      47FBD23A 
 302      FD94E891 
 302      57A1CF3D 
 302      292950E1 
 303 06ae EF9997F2 		.ascii	"\357\231\227\362\225MC\257l\323\372;7U\370\243Y\354"
 303      954D43AF 
 303      6CD3FA3B 
 303      3755F8A3 
 303      59EC
 304 06c0 993A4BF1 		.ascii	"\231:K\361\204\316\262\210i\251\266\374Z\313\242\272"
 304      84CEB288 
 304      69A9B6FC 
 304      5ACBA2BA 
 305 06d0 63620BEC 		.ascii	"cb\013\354\325\304\310f\036\243=\374T\347\232\331\302"
 305      D5C4C866 
 305      1EA33DFC 
 305      54E79AD9 
 305      C2
 306 06e1 138B6FC0 		.ascii	"\023\213o\300\017G\360\226\301r\225u\001\205f\272C3"
 306      0F47F096 
 306      C1729575 
 306      018566BA 
 306      4333
 307 06f3 28B40239 		.ascii	"(\264\0029\260\235\016\354\004r\303N\"W\332v\007\364"
 307      B09D0EEC 
 307      0472C34E 
 307      2257DA76 
 307      07F4
 308 0705 913B74CC 		.ascii	"\221;t\314\015\372\243\003\372\334\035\372\013r\363"
 308      0DFAA303 
 308      FADC1DFA 
 308      0B72F3
 309 0714 A0C3811D 		.ascii	"\240\303\201\035w\307>q\307\236s`\037{\306R\027\276"
 309      77C73E71 
 309      C79E7360 
 309      1F7BC652 
 309      17BE
 310 0726 9226EA12 		.ascii	"\222&\352\022\023\207\356B\373=\332D\320\260\255\240"
 310      1387EE42 
 310      FB3DDA44 
 310      D0B0ADA0 
 311 0736 123E1415 		.ascii	"\022>\024\025\360\263\320^\220\"\220} \273@\212Av\203"
 311      F0B3D05E 
 311      9022907D 
 311      20BB408A 
ARM GAS  C:\Users\PETERL~1\AppData\Local\Temp\ccJFfFIw.s 			page 24


 311      417683
 312 0749 E483EC04 		.ascii	"\344\203\354\004\261\200\034\002\311\003)\0049\000r"
 312      B1801C02 
 312      C9032904 
 312      390072
 313 0758 10643FC8 		.ascii	"\020d?\310\016\220\\\220\303 _\363\263\350\371B\035"
 313      0E905C90 
 313      C3205FF3 
 313      B3E8F942 
 313      1D
 314 0769 B43A1C7C 		.ascii	"\264:\034|\350\356\340l\267X\232\035\320\007\036\241"
 314      E8EEE06C 
 314      B7589A1D 
 314      D0071EA1 
 315 0779 CE6C9E71 		.ascii	"\316l\236q G\335\2216\367\014]u`\323=\217\275\223\266"
 315      2047DD91 
 315      36F70C5D 
 315      7560D33D 
 315      8FBD93B6 
 316 078d CF017DEA 		.ascii	"\317\001}\352y\350\025\264\375\016\354\013w\254\335"
 316      79E815B4 
 316      FD0EEC0B 
 316      77ACDD
 317 079c 65ECCD96 		.ascii	"e\354\315\226{\363\000\371\025\037\204r$\007\344E\201"
 317      7BF300F9 
 317      151F8472 
 317      2407E445 
 317      81
 318 07ad B6BB39D0 		.ascii	"\266\2739\320\346 \375\311s\\N\350Y\007\364g\317s\317"
 318      E620FDC9 
 318      735C4EE8 
 318      5907F467 
 318      CF73CF
 319 07c0 E1ABD932 		.ascii	"\341\253\3312@\034H\003\007\276\220\034\220w*\311"
 319      401C4803 
 319      07BE901C 
 319      90772AC9 
 320 07d0 55455857 		.ascii	"UEXW\034\264_\272gk\223\373J\271\354\300>\363<\247\251"
 320      1CB45FBA 
 320      676B93FB 
 320      4AB9ECC0 
 320      3EF33CA7 
 321 07e5 B7E47E3C 		.ascii	"\267\344~<\324T\256\022\021\201p\362-\204sL\221\241"
 321      D454AE12 
 321      118170F2 
 321      2D84734C 
 321      91A1
 322 07f7 BBE51D70 		.ascii	"\273\345\035pGcL[=/ef\025n\335\247mu/0\232\032\352i"
 322      47634C5B 
 322      3D2F6566 
 322      156EDDA7 
 322      6D752F30 
 323 080f 46A33298 		.ascii	"F\2432\230\310\377\357IM\303\271\237\350\203J\301\320"
 323      C8FFEF49 
 323      4DC3B99F 
 323      E8834AC1 
 323      D0
ARM GAS  C:\Users\PETERL~1\AppData\Local\Temp\ccJFfFIw.s 			page 25


 324 0820 7DE7559F 		.ascii	"}\347U\237\304&\277J\235\334\337:\352\355rO(U\204\304"
 324      C426BF4A 
 324      9DDCDF3A 
 324      EAED724F 
 324      285584C4 
 325 0834 A1233CBB 		.ascii	"\241#<\273'\300?y\357\033\252\372\216wA\367\273\334"
 325      27C03F79 
 325      EF1BAAFA 
 325      8E7741F7 
 325      BBDC
 326 0846 2ACA2574 		.ascii	"*\312%t9E\357\332\331\276\327\033oQ\321o\0177&\257\216"
 326      3945EFDA 
 326      D9BED71B 
 326      6F51D16F 
 326      0F3726AF 
 327 085b 7BA360DF 		.ascii	"{\243`\337\320`\362Y\241\222\367\3456\321\017\005)\331"
 327      D060F259 
 327      A192F7E5 
 327      36D10F05 
 327      29D9
 328 086d 533E737C 		.ascii	"S>s|(\250\202L\220&\310\"\014\3731\236\275\342\220\017"
 328      28A8824C 
 328      9026C822 
 328      0CFB319E 
 328      BDE2900F 
 329 0881 15508B8E 		.ascii	"\025P\213\216\362\356\037*\030\021\271\017\267l\263"
 329      F2EE1F2A 
 329      1811B90F 
 329      B76CB3
 330 0890 7B29EFA2 		.ascii	"{)\357\242\004\357\364\353\033^y\377.\024\333\012|q"
 330      04EFF4EB 
 330      1B5E79FF 
 330      2E14DB0A 
 330      7C71
 331 08a2 8E8A9DE8 		.ascii	"\216\212\235\3505\275\267\375\341.\332R\011\227\347"
 331      35BDB7FD 
 331      E12EDA52 
 331      0997E7
 332 08b1 E6E89C54 		.ascii	"\346\350\234T\221]\236->\244\027:\316;/\243\307%\373"
 332      915D9E2D 
 332      3EA4173A 
 332      CE3B2FA3 
 332      C725FB
 333 08c4 A89A2797 		.ascii	"\250\232'\227\321\235\325\267#\361a\306\362SJW*c\261"
 333      D19DD5B7 
 333      23F161C6 
 333      F2534A57 
 333      2A63B1
 334 08d7 141C60EF 		.ascii	"\024\034`\357\014\315\342L\372\326P\243`\250\221\031"
 334      0CCDE24C 
 334      FAD650A3 
 334      60A89119 
 335 08e7 6A2943D1 		.ascii	"j)C\321\343\332Z/\334\310(\352v\357\337\024\310(\352"
 335      E3DA5A2F 
 335      DCC828EA 
 335      76EFDF14 
 335      C828EA
ARM GAS  C:\Users\PETERL~1\AppData\Local\Temp\ccJFfFIw.s 			page 26


 336 08fa 1414E4DA 		.ascii	"\024\024\344\332vBAqB\246\250\243\024W\316\227\226\006"
 336      76424171 
 336      42A6A8A3 
 336      1457CE97 
 336      9606
 337 090c E00E46D1 		.ascii	"\340\016F\321\372\260\343\214\232Q\234s\363\242^AQ/"
 337      FAB0E38C 
 337      9A519C73 
 337      F3A25E41 
 337      512F
 338 091e 5334500A 		.ascii	"S4P\012\253e\374J \036d\024)\365\346\203^\224b\350\356"
 338      AB65FC4A 
 338      201E6414 
 338      29F5E683 
 338      5E9462E8 
 339 0933 810EE97D 		.ascii	"\201\016\351}\004H\330\033I\243\202\245Qf9\311\207p"
 339      0448D81B 
 339      49A382A5 
 339      516639C9 
 339      8770
 340 0945 424C5CF4 		.ascii	"BL\\\364z\225\321\2642)\336\244Z\361\301?B\264\334\034"
 340      7A95D1B4 
 340      3229DEA4 
 340      5AF1C13F 
 340      42B4DC1C 
 341 0959 ED3B51DA 		.ascii	"\355;Q\332\270\370O\342#M\033b\343\223\243bH9\331\030"
 341      B8F84FE2 
 341      234D1B62 
 341      E393A362 
 341      4839D918 
 342 096d B1202CD9 		.ascii	"\261 ,\331\030\026\027\235\020f\\\037\023f4\315\217"
 342      1816179D 
 342      10665C1F 
 342      136634CD 
 342      8F
 343 097e E17C8D1B 		.ascii	"\341|\215\033\215\246\370D\203\336\344\263!>\311\024"
 343      8DA6F844 
 343      83DEE4B3 
 343      213EC914 
 344 098e 11AE37A9 		.ascii	"\021\2567\251\365z\271\370i\314;\254\257\221\361\230"
 344      F57AB9F8 
 344      69CC3BAC 
 344      AF91F198 
 345 099e 9293138C 		.ascii	"\222\223\023\214Qk\2236\204\320RH\364\372\304\020C\342"
 345      516B9336 
 345      84D05248 
 345      F4FAC410 
 345      43E2
 346 09b0 2786D858 		.ascii	"'\206\330XCl\324\233\363\337\016\011_\260\360\255\317"
 346      436CD49B 
 346      F3DF0E09 
 346      5FB0F0AD 
 346      CF
 347 09c1 22A2A07E 		.ascii	"\"\242\240~^Rr\222a\236!\372\223\370\250\370\244\230"
 347      5E527292 
 347      619E21FA 
 347      93F8A8F8 
ARM GAS  C:\Users\PETERL~1\AppData\Local\Temp\ccJFfFIw.s 			page 27


 347      A498
 348 09d3 840DB186 		.ascii	"\204\015\261\206\250\304h\340J2D\351c\015\237FoH0\351"
 348      A8C468E0 
 348      4A3244E9 
 348      630D9F46 
 348      6F4830E9 
 349 09e7 4D1BD719 		.ascii	"M\033\327\031\214\363\343\270\217\376\247f \242(\275"
 349      8CF3E3B8 
 349      8FFEA766 
 349      20A228BD 
 350 09f7 D1140B31 		.ascii	"\321\024\0131\000\367\233\257J\305zS\230\324+,&\216"
 350      00F79BAF 
 350      4AC57A53 
 350      98D42B2C 
 350      268E
 351 0a09 64427248 		.ascii	"dBrHc4E\232\242\327\233\226&\200\011?\242$\257\243e"
 351      6334459A 
 351      A2D79B96 
 351      2680093F 
 351      A224AFA3 
 352 0a1e 35940D26 		.ascii	"5\224\015&\271\270\302\340@\350\023\022b\365\3610\002"
 352      B9B8C2E0 
 352      40E81312 
 352      62F5F130 
 352      02
 353 0a2f 8B7F2BF5 		.ascii	"\213\177+\365\353\222\327\233\214a\221kVE\204\207\275"
 353      EB92D79B 
 353      8C61916B 
 353      56458487 
 353      BD
 354 0a40 FFFEF2B0 		.ascii	"\377\376\362\2605+W}\2760\2141\200i\337\230\270\310"
 354      352B577D 
 354      BE308C31 
 354      8069DF98 
 354      B8C8
 355 0a52 8DC6F7A2 		.ascii	"\215\306\367\242\023La\277\307s\350\351\243\327\177"
 355      134C61BF 
 355      C773E8E9 
 355      A3D77F
 356 0a61 BA212946 		.ascii	"\272!)F\257\367\227\013\363\027-\010\217\360W\306\302"
 356      AFF7970B 
 356      F3172D08 
 356      8FF057C6 
 356      C2
 357 0a72 29DB2216 		.ascii	")\333\"\026\3709\303qmy\323\317\031\035\007\345D2\033"
 357      F839C371 
 357      6D79D3CF 
 357      191D07E5 
 357      44321B
 358 0a85 E213F526 		.ascii	"\342\023\365&\254\325-\004\011\027\"Wiu\302\362\225"
 358      ACD52D04 
 358      09172257 
 358      6975C2F2 
 358      95
 359 0a96 EFEAF848 		.ascii	"\357\352\370H\035~w\205\316K\253]\245[H\177\303\005"
 359      1D7E7785 
 359      CE4BAB5D 
ARM GAS  C:\Users\PETERL~1\AppData\Local\Temp\ccJFfFIw.s 			page 28


 359      A55B487F 
 359      C305
 360 0aa8 ADF65D1D 		.ascii	"\255\366]\035\326~\260\006\257\216\324\342\245:\035"
 360      D67EB006 
 360      AF8ED4E2 
 360      A53A1D
 361 0ab7 D6694187 		.ascii	"\326iA\207\016\313\226\257\321\341\345\244\347\252\245"
 361      0ECB96AF 
 361      D1E1E5A4 
 361      E7AAA5
 362 0ac6 3AFEEFAC 		.ascii	":\376\357\254W\004\340?\324-\373O\023'\371\006\031\360"
 362      5704E03F 
 362      D42DFB4F 
 362      1327F906 
 362      19F0
 363 0ad8 D22F83F9 		.ascii	"\322/\203\3712M\036\015\243>\232\370\257\217\2161\305"
 363      324D1E0D 
 363      A33E9AF8 
 363      AF8F8E31 
 363      C5
 364 0ae9 7F6E0892 		.ascii	"\177n\010\222\252\215$\031\254\345\017\216\252\344u"
 364      AA8D2419 
 364      ACE50F8E 
 364      AAE475
 365 0af8 AC668A5C 		.ascii	"\254f\212\\c0\271V\254\225+\376\005\275\234\305\320"
 365      6330B956 
 365      AC952BFE 
 365      05BD9CC5 
 365      D0
 366              		.text
 367              		.section	.gnu.lto_.symtab.bbac3cca,"",%progbits
 368 0000 7374496E 		.ascii	"stInit\000\000\000\000\000\000\000\000\000\000\000\000"
 368      69740000 
 368      00000000 
 368      00000000 
 368      0000
 369 0012 C0000000 		.ascii	"\300\000\000\000stStartAlarm\000\000\000\000\000\000"
 369      73745374 
 369      61727441 
 369      6C61726D 
 369      00000000 
 370 0028 00000000 		.ascii	"\000\000\000\000\000\000\317\000\000\000stStopAlarm"
 370      0000CF00 
 370      00007374 
 370      53746F70 
 370      416C6172 
 371 003d 00000000 		.ascii	"\000\000\000\000\000\000\000\000\000\000\000\000\321"
 371      00000000 
 371      00000000 
 371      D1
 372 004a 00000073 		.ascii	"\000\000\000stSetAlarm\000\000\000\000\000\000\000\000"
 372      74536574 
 372      416C6172 
 372      6D000000 
 372      00000000 
 373 005f 00000000 		.ascii	"\000\000\000\000\323\000\000\000stGetAlarm\000\000\000"
 373      D3000000 
ARM GAS  C:\Users\PETERL~1\AppData\Local\Temp\ccJFfFIw.s 			page 29


 373      73744765 
 373      74416C61 
 373      726D0000 
 374 0074 00000000 		.ascii	"\000\000\000\000\000\000\000\000\000\326\000\000\000"
 374      00000000 
 374      00D60000 
 374      00
 375 0081 73745F6C 		.ascii	"st_lld_init\000\000\002\000\000\000\000\000\000\000"
 375      6C645F69 
 375      6E697400 
 375      00020000 
 375      00000000 
 376 0096 0000D800 		.ascii	"\000\000\330\000\000\000chSysHalt\000\000\002\000\000"
 376      00006368 
 376      53797348 
 376      616C7400 
 376      00020000 
 377 00aa 00000000 		.ascii	"\000\000\000\000\000\000\000\335\000\000\000"
 377      000000DD 
 377      000000
 378              		.text
 379              		.section	.gnu.lto_.opts,"",%progbits
 380 0000 272D666E 		.ascii	"'-fno-trapv' '-mcpu=cortex-m4' '-mno-thumb-interwor"
 380      6F2D7472 
 380      61707627 
 380      20272D6D 
 380      6370753D 
 381 0033 6B272027 		.ascii	"k' '-mthumb' '-ggdb' '-O2' '-fomit-frame-pointer' '"
 381      2D6D7468 
 381      756D6227 
 381      20272D67 
 381      67646227 
 382 0066 2D66616C 		.ascii	"-falign-functions=16' '-ffunction-sections' '-fdata"
 382      69676E2D 
 382      66756E63 
 382      74696F6E 
 382      733D3136 
 383 0099 2D736563 		.ascii	"-sections' '-fno-common' '-flto'\000"
 383      74696F6E 
 383      73272027 
 383      2D666E6F 
 383      2D636F6D 
 384              		.text
 385              		.comm	__gnu_lto_v1,1,1
 386              		.comm	__gnu_lto_slim,1,1
 387              		.ident	"GCC: (GNU Tools for ARM Embedded Processors) 4.9.3 20150529 (release) [ARM/embedded-4_9-br
ARM GAS  C:\Users\PETERL~1\AppData\Local\Temp\ccJFfFIw.s 			page 30


DEFINED SYMBOLS
                            *ABS*:00000000 st.c
                            *COM*:00000001 __gnu_lto_v1
                            *COM*:00000001 __gnu_lto_slim

NO UNDEFINED SYMBOLS
