ARM GAS  C:\Users\PETERL~1\AppData\Local\Temp\ccBZCqIb.s 			page 1


   1              		.syntax unified
   2              		.cpu cortex-m4
   3              		.fpu softvfp
   4              		.eabi_attribute 20, 1
   5              		.eabi_attribute 21, 1
   6              		.eabi_attribute 23, 3
   7              		.eabi_attribute 24, 1
   8              		.eabi_attribute 25, 1
   9              		.eabi_attribute 26, 1
  10              		.eabi_attribute 30, 2
  11              		.eabi_attribute 34, 1
  12              		.eabi_attribute 18, 4
  13              		.thumb
  14              		.file	"st_lld.c"
  15              		.text
  16              	.Ltext0:
  17              		.section	.gnu.lto_.profile.bbac18c3,"",%progbits
  18 0000 789C6366 		.ascii	"x\234cf```a\200\000F\206ze\000\001\225\000\253"
  18      60606061 
  18      80004686 
  18      7A650001 
  18      9500AB
  19              		.text
  20              		.section	.gnu.lto_.jmpfuncs.bbac18c3,"",%progbits
  21 0000 789C6366 		.ascii	"x\234cf\300\016l\2404\023\262 #\220\317\364\221\211"
  21      C00E6CA0 
  21      3413B220 
  21      2390CFF4 
  21      9189
  22 0012 71C7A7B7 		.ascii	"q\307\247\267\363\271^0\375db\220a`\\\316(\305\000\022"
  22      F3B95E30 
  22      FD646290 
  22      61605CCE 
  22      28C50012 
  23 0026 BCB1F0CD 		.ascii	"\274\261\360\3154^\260 \007\003\343\012\240 \003\000"
  23      345EB020 
  23      0703E30A 
  23      A0200300 
  24 0036 6AC10DEE 		.ascii	"j\301\015\356"
  25              		.text
  26              		.section	.gnu.lto_.inline.bbac18c3,"",%progbits
  27 0000 789C6366 		.ascii	"x\234cf\300\016\342\2404\023\003\203\360a\006F\006&"
  27      C00EE2A0 
  27      34130383 
  27      F0610646 
  27      0626
  28 0012 BE7B010C 		.ascii	"\276{\001\014l\013\344\231@\202\214\\\244\020\014\""
  28      6C0BE499 
  28      40828C5C 
  28      A4100C22 
  29 0022 3240FD32 		.ascii	"2@\3752\017n1\302\015`\346\001\233\314\000\000c`\006"
  29      0F6E31C2 
  29      0D60E601 
  29      9BCC0000 
  29      636006
  30 0035 86       		.ascii	"\206"
  31              		.text
ARM GAS  C:\Users\PETERL~1\AppData\Local\Temp\ccBZCqIb.s 			page 2


  32              		.section	.gnu.lto_.pureconst.bbac18c3,"",%progbits
  33 0000 789C6366 		.ascii	"x\234cf```e\200\000&\006+F)\000\001Y\000`"
  33      60606065 
  33      80002606 
  33      2B462900 
  33      01590060 
  34              		.text
  35              		.section	.gnu.lto_VectorB0.bbac18c3,"",%progbits
  36 0000 789C8D54 		.ascii	"x\234\215TmlSU\030>\357\271\267\267\355:e\340\037\234"
  36      6D6C5355 
  36      183EEFB9 
  36      B7B7ED3A 
  36      65E01F9C 
  37 0014 666B420C 		.ascii	"fkB\014!q\\t\211FbBt\306\204H\375\301\370IBF\327\244"
  37      21715C74 
  37      89466242 
  37      74C68448 
  37      FDC1F849 
  38 002c 4D3A4ADA 		.ascii	"M:J\332n\201\037\204\333\265\233\006?F\020bA'\242\314"
  38      6E811F84 
  38      DBB59B06 
  38      3F461062 
  38      4127A2CC 
  39 0040 AFE9184C 		.ascii	"\257\351\030L\021:m\353\2202\351\240\343kS7\\%\314\217"
  39      113A6DEB 
  39      9032E9A0 
  39      E36B5337 
  39      5C25CC8F 
  40 0054 8864589C 		.ascii	"\210dX\2344\213\314\367=\355F\333}\331\244\367\236{"
  40      348BCCF7 
  40      3DED46DB 
  40      7DD9A4F7 
  40      9E7B
  41 0066 9EE77D9F 		.ascii	"\236\347}\237\367\274\3479Gb3\177\225\370\177Qal50\006"
  41      F7BCE739 
  41      4762337F 
  41      95F87F51 
  41      616C3530 
  42 007b 3A067CF7 		.ascii	":\006|\367y\306|\006\316\245P\031\323\212\344\001\225"
  42      79C67C06 
  42      CEA55019 
  42      D38AE401 
  42      95
  43 008c 69C512C8 		.ascii	"i\305\022\310\231i\031\200\006\014\330N.\311\260\023"
  43      99691980 
  43      060CD84E 
  43      2EC9B013 
  44 009c 7EE7B738 		.ascii	"~\347\2678\354\216\266\007M\313\3334M\033\2738$7-Ms"
  44      EC8EB607 
  44      4DCBDB34 
  44      4D1BBB38 
  44      24372D4D 
  45 00b1 C6523C93 		.ascii	"\306R<\223\037>\204\345\0149\267\002\377\016\232\224"
  45      1F3E84E5 
  45      0C39B702 
  45      FF0E9A94 
  46 00c1 00724A32 		.ascii	"\000rJ2\030|\004\012j\262#K\242\332\344\344\373\007"
ARM GAS  C:\Users\PETERL~1\AppData\Local\Temp\ccBZCqIb.s 			page 3


  46      187C040A 
  46      6AB2234B 
  46      A2DAE4E4 
  46      FB07
  47 00d3 8747E4C5 		.ascii	"\207G\344\305:\226\346\240\320\203\261\353H\"\255Q\316"
  47      3A96E6A0 
  47      D083B1EB 
  47      4822AD51 
  47      CE
  48 00e4 E92D0D83 		.ascii	"\351-\015\203?\032\211\003\205Q\276w.\275\336\301wL"
  48      3F1A8903 
  48      8551BE77 
  48      2EBDDEC1 
  48      774C
  49 00f6 682F6B86 		.ascii	"h/k\2064\347)\212\200\217a\007\306Jl\030\244\271h\230"
  49      34E7298A 
  49      808F6107 
  49      C64A6C18 
  49      A4B96898 
  50 010a 143EC9D2 		.ascii	"\024>\311\322~\204\236\343G\307{t\304\375\207\353\220"
  50      7E849EE3 
  50      47C77B74 
  50      C4FD87EB 
  50      90
  51 011b 7D337EA6 		.ascii	"}3~\246Y\367\033Os\031\353\324dJ0r=q\301 \246\030}\356"
  51      59F71B4F 
  51      7319EBD4 
  51      644A3072 
  51      3D71C120 
  52 0133 DFD5BB57 		.ascii	"\337\325\273Wj\205\267 \315u\320\016\245\360)\224\012"
  52      6A85B720 
  52      CD75D00E 
  52      A5F02994 
  52      0A
  53 0144 E0BD9BD1 		.ascii	"\340\275\233\321\207+\332\265\000\002\012|\006\255\360"
  53      872BDAB5 
  53      00020A7C 
  53      06ADF0
  54 0153 97680074 		.ascii	"\227h\000t@\005\012\371\3574\367I\031\235\254\324\201"
  54      40050AF9 
  54      EF34F749 
  54      199DACD4 
  54      81
  55 0164 C1D1DB12 		.ascii	"\301\321\333\022\345\005\316\340\010&\271\002\201\037"
  55      E505CEE0 
  55      0826B902 
  55      811F
  56 0172 FCA5590E 		.ascii	"\374\245Y\016\022|\037t\277\252\027\004\314\322I*\214"
  56      127C1F74 
  56      BFAA1704 
  56      CCD2492A 
  56      8C
  57 0183 9A21B150 		.ascii	"\232!\261P\231\204\225\217\215\215_\023\225\347\024"
  57      9984958F 
  57      8D8D5F13 
  57      95E714
  58 0192 E5D3B4E8 		.ascii	"\345\323\264\350\212y\013;z\257\260cP\221\273<\264\000"
ARM GAS  C:\Users\PETERL~1\AppData\Local\Temp\ccBZCqIb.s 			page 4


  58      8A790B3B 
  58      7AAFB063 
  58      5091BB3C 
  58      B400
  59 01a4 7461C800 		.ascii	"ta\310\0004\226PX\252]\333+I\317\002\215Ov\334>g\"\222"
  59      34965058 
  59      AA5DDB2B 
  59      49CF028D 
  59      4F76DC3E 
  60 01bb DE4C9FA1 		.ascii	"\336L\237\241=\275A\205>\015\242C\177\\>\324V\264\354"
  60      3DBD4185 
  60      3E0DA243 
  60      7F5C3ED4 
  60      56B4EC
  61 01ce 90A6358E 		.ascii	"\220\2465\216\005\375\021\353\036\277v\030\207\223k"
  61      05FD11EB 
  61      1EBF7618 
  61      87936B
  62 01dd CAD3DC08 		.ascii	"\312\323\334\010\237\203\204\273\015_`A\307\263k@\241"
  62      9F8384BB 
  62      0D5F6041 
  62      C7B36B40 
  62      A1
  63 01ee 2F611906 		.ascii	"/a\031\006\376\374\332\337]@y\214f\006'\020\035\202"
  63      FEFCDADF 
  63      5D40798C 
  63      66062710 
  63      1D82
  64 0200 C66BFB76 		.ascii	"\306k\373v\215\006\225<\277$G\273W\010\267\244p\361"
  64      8D06953C 
  64      BF2447BB 
  64      5708B7A4 
  64      70F1
  65 0212 F9C864FC 		.ascii	"\371\310d\374\364R\211\301I\302\344B\227A\010-P\020"
  65      F45289C1 
  65      49C2E442 
  65      9741082D 
  65      5010
  66 0224 106E8929 		.ascii	"\020n\211)\014\272\211\257+\200:cW\365\014\276\"H\311"
  66      0CBA89AF 
  66      2B803A63 
  66      57F50CBE 
  66      2248C9
  67 0237 87A2771F 		.ascii	"\207\242w\037\242\212\031|M\240~\206N\230t Bv\006v\220"
  67      A28A197C 
  67      4DA07E86 
  67      4E987420 
  67      42760676 
  68 024c 0EC4C88D 		.ascii	"\016\304\310\215;oH\345\235\274U\013\232\323\274\210"
  68      3B6F48E5 
  68      9DBC550B 
  68      9AD3BC88 
  69 025c 22F60D4D 		.ascii	"\"\366\015M\370\212d\262_\024\312EY\007\232\336\334"
  69      F88A64B2 
  69      5F14CA45 
  69      59079ADE 
  69      DC
ARM GAS  C:\Users\PETERL~1\AppData\Local\Temp\ccBZCqIb.s 			page 5


  70 026d 5F8C33F0 		.ascii	"_\2143\360\015\310b\371\014z@F\340\354K\357\216\313"
  70      0DC862F9 
  70      0C7A4046 
  70      E0EC4BEF 
  70      8ECB
  71 027f E55DD968 		.ascii	"\345]\331h\023q\373o\304BF\021}\212\242\341[\220\321"
  71      1371FB6F 
  71      C4424611 
  71      7D8AA2E1 
  71      5B90D1
  72 0292 E5FE6438 		.ascii	"\345\376d8\021Sh9\263Y\335 \032\000\247\247\017\205"
  72      11536839 
  72      B359DD20 
  72      1A00A7A7 
  72      0F85
  73 02a4 3FFA76E9 		.ascii	"?\372v\351\\dc\206\034\273GN\336\215\367=\230\337\242"
  73      5C646386 
  73      1CBB474E 
  73      DE8DF73D 
  73      98DFA2
  74 02b7 A6F0D446 		.ascii	"\246\360\324F\024\315h\302\031\321\204\336\331\263\233"
  74      14CD68C2 
  74      19D184DE 
  74      D9B39B
  75 02c6 040CDFE5 		.ascii	"\004\014\337\345d\217\264\014?\221\237\275m:{q\3416"
  75      648FB40C 
  75      3F919FBD 
  75      6D3A7B71 
  75      E136
  76 02d8 BF92A06D 		.ascii	"\277\222\240m>K\330}3\224\343B\271ov\345\373\005\014"
  76      3E4BD87D 
  76      3394E342 
  76      B96F76E5 
  76      FB050C
  77 02eb E77294C3 		.ascii	"\347r\224\303\211ae.\372\242\014\375|\226>u\030r-~\352"
  77      8961652E 
  77      FAA20CFD 
  77      7C963E75 
  77      18722D7E 
  78 0300 97FF65F1 		.ascii	"\227\377e\361\204\260\370\364\3612\342T\377\334\026"
  78      84B0F8F4 
  78      F132E254 
  78      FFDC16
  79 030f 0FB75C55 		.ascii	"\017\267\\U\304\032R\274\244\320\227\315\277\242//\020"
  79      C41A52BC 
  79      A4D097CD 
  79      BFA22F2F 
  79      10
  80 0320 B4B8C097 		.ascii	"\264\270\300\227\2412\222apqv_^\022\215\271\234\343"
  80      A1329261 
  80      7071765F 
  80      5E128DB9 
  80      9CE3
  81 0332 CBC37F26 		.ascii	"\313\303\177&C\312\224\345\372\205\345\256\010\313\025"
  81      43CA94E5 
  81      FA85E5AE 
  81      08CB15
ARM GAS  C:\Users\PETERL~1\AppData\Local\Temp\ccBZCqIb.s 			page 6


  82 0341 FA6B00FD 		.ascii	"\372k\000\375E\267\215<u\365&\003\2219\257\336%\030"
  82      45B78D3C 
  82      75F52603 
  82      9139AFDE 
  82      2518
  83 0353 30B8F0D5 		.ascii	"0\270\360\325\373\000\322\276\317\322~\002_t\342\005"
  83      FB00D2BE 
  83      CFD27E02 
  83      5F74E205 
  84 0363 C16474D5 		.ascii	"\301dt\325\003\351\240\374\232\252\325\033\253\354\216"
  84      03E9A0FC 
  84      9AAAD51B 
  84      ABEC8E
  85 0372 CD8E6A6F 		.ascii	"\315\216jo}\255\303\265\321Jc\227\247r\225\352\362\250"
  85      7DADC3B5 
  85      D14A6397 
  85      A77295EA 
  85      F2A8
  86 0384 F61AA7BA 		.ascii	"\366\032\247\272\325\345\366z\324\352\015\226\312\307"
  86      D5E5F67A 
  86      D4EA0D96 
  86      CAC7
  87 0392 D575EB9E 		.ascii	"\325u\353\236S7\254\2654<\246z\274\233\234\316\332\225"
  87      5337ACB5 
  87      343CA67A 
  87      BC9B9CCE 
  87      DA95
  88 03a4 56A66BA8 		.ascii	"V\246k\250q\326\333\236\232/\213\333\233M\362\314zK"
  88      71D6DB9E 
  88      9A2F8BDB 
  88      9B4DF2CC 
  88      7A4B
  89 03b6 95659B6A 		.ascii	"\225e\233j\265[]n\333\246\206'\353V\332\331\323\363"
  89      B55B5D6E 
  89      DBA68627 
  89      EB56DAD9 
  89      D3F3
  90 03c8 45DAB679 		.ascii	"E\332\266y\325*K\365\332j\325\261\305\352\254\257\265"
  90      D52A4BF5 
  90      DA6AD5B1 
  90      C5EAACAF 
  90      B5
  91 03d9 A922D25A 		.ascii	"\251\"\322Z\367|\375\026+\006\253\013\025\357\362\340"
  91      F77CFD16 
  91      2B06AB0B 
  91      15EFF2E0 
  92 03e9 03F5E9BD 		.ascii	"\003\365\351\275\020\037i\323*v\317v\017\362K,\325\353"
  92      101F69D3 
  92      2A76CF76 
  92      0FF24B2C 
  92      D5EB
  93 03fb CD9B6B3C 		.ascii	"\315\233k<\266\255n\307\243\346GV1\356f\372:[\235\313"
  93      B6AD6EC7 
  93      A3E64756 
  93      31EE66FA 
  93      3A5B9DCB 
  94 040f BD9DFD07 		.ascii	"\275\235\375\007\033s\252\302"
ARM GAS  C:\Users\PETERL~1\AppData\Local\Temp\ccBZCqIb.s 			page 7


  94      1B73AAC2 
  95              		.text
  96              		.section	.gnu.lto_st_lld_init.bbac18c3,"",%progbits
  97 0000 789C9D94 		.ascii	"x\234\235\224KL\023A\030\307\347?\333\027\324\367\211"
  97      4B4C1341 
  97      18C7E73F 
  97      DB17D4F7 
  97      89
  98 0011 34241E3C 		.ascii	"4$\036<p\261\256\312\315\213!p1\201x\200#\211Q8@BRc"
  98      70B1AECA 
  98      CD8B2170 
  98      31817880 
  98      23895138 
  99 0029 D11B611B 		.ascii	"\321\033a\033\036!\036\014\017c4Z\215\032#\210<D\251"
  99      1E211E0C 
  99      0F63345A 
  99      8D1A2388 
  99      3C44A9
 100 003c 28A22B3E 		.ascii	"(\242+>@\221VC\024\202<.h \001\262P\0257D\352|\323R"
 100      40915643 
 100      14823C2E 
 100      682001B2 
 100      50153744 
 101 0054 442ED04D 		.ascii	"D.\320Mvfw\276\331\337\357\373vfWa\033\017\2278\263"
 101      766677BE 
 101      D9DFEFFB 
 101      76665761 
 101      1B0F9738 
 102 0069 AC8C6588 		.ascii	"\254\214e\210\036\012\003\257\0152\346sp\200.\030X9"
 102      1E0A03AF 
 102      0D32E673 
 102      70802E18 
 102      5839
 103 007b 473966F8 		.ascii	"G9f\370\002G\255\336|\331\231vG\3234\243>\234R\225b"
 103      0247ADDE 
 103      7CD99976 
 103      47D334A3 
 103      3E9C5295 
 104 0090 72C6C23C 		.ascii	"r\306\302<\212\301]\24411g\241\362\317\260\323V)\346"
 104      8AC15DA4 
 104      313167A1 
 104      F2CFB0D3 
 104      5629E6
 105 00a3 EC8AC6D0 		.ascii	"\354\212\306\320\010\033D\337\266G\327\"\221\333\327"
 105      081B44DF 
 105      B647D722 
 105      91DBD7
 106 00b2 66972DBB 		.ascii	"f\227-\27393\271p\211\306J\215\215\032\306\246\304t"
 106      3933B970 
 106      89C64A8D 
 106      8D1AC6A6 
 106      C474
 107 00c4 727EE39C 		.ascii	"r~\343\234ze\024\275\201\205P:\001\2268\371\177w\217"
 107      7A6514BD 
 107      8185503A 
 107      019638F9 
 107      7F778F
ARM GAS  C:\Users\PETERL~1\AppData\Local\Temp\ccBZCqIb.s 			page 8


 108 00d7 0F59A6B9 		.ascii	"\017Y\246\271\311\271f\324h\026\322MN\205>9\344\020"
 108      C9B966D4 
 108      6816D24D 
 108      4E853E39 
 108      E410
 109 00e9 A3DBEA95 		.ascii	"\243\333\352\225I\323\352\307U\230\\A\023\\\270\007"
 109      49D3EAC7 
 109      55985C41 
 109      135CB807 
 110 00f9 970CD4D5 		.ascii	"\227\014\324\325\377lHv7k\225>\207\311-h\206\037\213"
 110      FF6C4876 
 110      376B953E 
 110      87C92D68 
 110      861F8B
 111 010c 3273DC87 		.ascii	"2s\334\207\233\215\242\342\207-\352Q\242\252>\377t\207"
 111      9B8DA2E2 
 111      872DEA51 
 111      A2AA3EFF 
 111      7487
 112 011e 54010C2D 		.ascii	"T\001\014-\002\"\222\251\007M\331\202\245u\315\322\006"
 112      022292A9 
 112      074DD982 
 112      A575CDD2 
 112      06
 113 012f B7601325 		.ascii	"\267`\023%P\367Y\211\252\254\342\211\245\306\231\021"
 113      50F75989 
 113      AAACE289 
 113      A5C69911 
 114 013f 99BF55D3 		.ascii	"\231\277U\323k\265\035\353J\262J\346`C\310\217\250\314"
 114      6BB51DEB 
 114      4AB24AE6 
 114      6043C88F 
 114      A8CC
 115 0151 8676217B 		.ascii	"\206v!{\020\223\325\364\377\232s\254\311:\244\214\336"
 115      1093D5F4 
 115      FF9A73AC 
 115      C93AA48C 
 115      DE
 116 0162 341EAE2F 		.ascii	"4\036\256/\211T\033j\330,\366\321\032\266\223j\260\021"
 116      89541B6A 
 116      D82CF6D1 
 116      1AB6936A 
 116      B011
 117 0174 C530BE54 		.ascii	"\3050\276T\330c\240\371\201\276j+\245k\027k\376\337"
 117      D863A0F9 
 117      81BE6A2B 
 117      A56B176B 
 117      FEDF
 118 0186 A2D825F1 		.ascii	"\242\330%\361\312\371\376\213\212P\3714M\337kr\007\002"
 118      CAF9FE8B 
 118      8A50F934 
 118      4DDF6B72 
 118      0702
 119 0198 42F738A6 		.ascii	"B\3678\246\2735\257\247\222\015$\353\2222\271k\236\300"
 119      BB35AFA7 
 119      920D24EB 
 119      9232B96B 
ARM GAS  C:\Users\PETERL~1\AppData\Local\Temp\ccBZCqIb.s 			page 9


 119      9EC0
 120 01aa 2DA29DDF 		.ascii	"-\242\235\337'\276:\211d\011e0<\215\326`\264\017\307"
 120      27BE3A89 
 120      64096530 
 120      3C8DD660 
 120      B40FC7
 121 01bd ED9B6777 		.ascii	"\355\233gwK\266B\354g\222\275R1\024\200dG\304\261\223"
 121      4BB642EC 
 121      6792BD52 
 121      31148064 
 121      47C4B193 
 122 01d1 A1278637 		.ascii	"\241'\2067\022\301?\227x\013\341_H|\374%\2101\350\253"
 122      12C13F97 
 122      780BE15F 
 122      487CFC25 
 122      8831E8AB 
 123 01e5 998F6D19 		.ascii	"\231\217m\031\235\204\227\022-v\003E>v7\205\241\266"
 123      9D849712 
 123      2D760345 
 123      3E763785 
 123      A1B6
 124 01f7 88E5D1F7 		.ascii	"\210\345\321\367\223\267\027n\354s\311=\366\012j\\d"
 124      93B7176E 
 124      EC73C93D 
 124      F60A6A5C 
 124      64
 125 0208 6C5D64C1 		.ascii	"l]d\301k)\262\021\353\215\300\306\223\036O\200\365V"
 125      6B29B211 
 125      EB8DC0C6 
 125      931E4F80 
 125      F556
 126 021a B2ECC4EA 		.ascii	"\262\354\304\352\373\207e$\302\352\227,\007\261\336"
 126      FB876524 
 126      C2EA972C 
 126      07B1DE
 127 0229 0956CB6A 		.ascii	"\011V\313j^\023\011\260\336KV\022\261\006b\2541T\351"
 127      5E1309B0 
 127      DE4B5612 
 127      B10662AC 
 127      3154E9
 128 023c 91A0FC30 		.ascii	"\221\240\3740h\372\365\241\013\255\274lY\253\321\304"
 128      68FAF5A1 
 128      0BADBC6C 
 128      59ABD1C4 
 129 024c 07901CA6 		.ascii	"\007\220\034\246\275\217\017(\243P\327\342\334\215d"
 129      BD8F0F28 
 129      A350D7E2 
 129      DC8D64
 130 025b 5A53672A 		.ascii	"ZSg*\303 \\bh\344\346\354\245\355r\310\301\020\204\313"
 130      C3205C62 
 130      68E4E6EC 
 130      A5ED72C8 
 130      C11084CB 
 131 026f E4DBD804 		.ascii	"\344\333\330\004|z\317q\311c\364[\003\375\316\304\256"
 131      7C7ACF71 
 131      C963F45B 
 131      03FDCEC4 
ARM GAS  C:\Users\PETERL~1\AppData\Local\Temp\ccBZCqIb.s 			page 10


 131      AE
 132 0280 3E9A7924 		.ascii	">\232y$?\263\250\370Tqn\351\331\302bO~\001]{\274\351"
 132      3FB3A8F8 
 132      54716EE9 
 132      D9C2624F 
 132      7E015D7B 
 133 0296 07558F57 		.ascii	"\007U\217W-:Y\242\236\366\234)\365\252\271y9\351\207"
 133      2D3A59A2 
 133      9EF69C29 
 133      F5AAB979 
 133      39E987
 134 02a9 D5ECEC2C 		.ascii	"\325\354\354,5\357X\316\271C\252\267\364DII\341\201"
 134      35EF58CE 
 134      B943AAB7 
 134      F4444949 
 134      E181
 135 02bb 02F617B5 		.ascii	"\002\366\027\265n\352\020"
 135      6EEA10
 136              		.text
 137              		.section	.gnu.lto_.symbol_nodes.bbac18c3,"",%progbits
 138 0000 789C4DC8 		.ascii	"x\234M\310;\022\202@\024D\321\236\036\376\244\346.\265"
 138      3B128240 
 138      1444D19E 
 138      1EFEA4E6 
 138      2EB5
 139 0012 095014BF 		.ascii	"\011P\024\277+\260\014f)\024f\256\301\200\2205X\312"
 139      2BB00C66 
 139      291466AE 
 139      C1809035 
 139      58CA
 140 0024 90BC4E6E 		.ascii	"\220\274Nn\235\366\0006\016\353\330R\300\375\015Hx<"
 140      9DF60036 
 140      0EEBD852 
 140      C0FD0D48 
 140      783C
 141 0036 0B704739 		.ascii	"\013pG9{\270#\305\365@\323\374}\240\274\365\225J\254"
 141      7BB823C5 
 141      F540D3FC 
 141      7DA0BCF5 
 141      954AAC
 142 0049 2F546A7D 		.ascii	"/Tj}\2462\353\023\225[\367Ta\335Q\245\365\236\252\254"
 142      A632EB13 
 142      955BF754 
 142      61DD51A5 
 142      F59EAAAC 
 143 005d 6F546DEC 		.ascii	"oTm\354Q!|\276\316\243\304\020[ \214c\346\221c\210\315"
 143      51217CBE 
 143      CEA3C410 
 143      5B208C63 
 143      E6916388 
 144 0072 30C5A668 		.ascii	"0\305\246h_K\023\204X\217\266\237\267\036DX\352jL\335"
 144      5F4B1384 
 144      588FB69F 
 144      B71E4458 
 144      EA6A4CDD 
 145 0086 BCC50F55 		.ascii	"\274\305\017U/H\273"
 145      2F48BB
ARM GAS  C:\Users\PETERL~1\AppData\Local\Temp\ccBZCqIb.s 			page 11


 146              		.text
 147              		.section	.gnu.lto_.refs.bbac18c3,"",%progbits
 148 0000 789C6366 		.ascii	"x\234cf```d\200\002\000\000=\000\005"
 148      60606064 
 148      80020000 
 148      3D0005
 149              		.text
 150              		.section	.gnu.lto_.decls.bbac18c3,"",%progbits
 151 0000 789CCD59 		.ascii	"x\234\315YyPTI\232\257|Y\\E\001\006v\364t\020\2751\264"
 151      79505449 
 151      9AAF7C59 
 151      5C450106 
 151      76F47410 
 152 0017 1BE3F6CE 		.ascii	"\033\343\366\316t7\012\335\343\316\354FLk\20161\332"
 152      74370ADD 
 152      E3CEEC46 
 152      4C6B8136 
 152      31DA
 153 0029 4D14F6C4 		.ascii	"M\024\366\304D\017\0215\010\245\262\313\341@\321\253"
 153      440F1135 
 153      08A5B2CB 
 153      E140D1AB 
 154 0039 FF6C3C81 		.ascii	"\377l<\201V\344\020\304\013<QQ.\021\004\017T\004\244"
 154      56E410C4 
 154      0B3C5151 
 154      2E11040F 
 154      5404A4
 155 004c E5120554 		.ascii	"\345\022\005T\016\361\340\360@\016APT\020\245\366\313"
 155      0EF1E0F0 
 155      400E4150 
 155      5410A5F6 
 155      CB
 156 005d CCF7EABD 		.ascii	"\314\367\352\275z\226N\317\306N\304T\304\347{_\346/"
 156      7A964ECF 
 156      C64EC454 
 156      C4E77B5F 
 156      E62F
 157 006f 7FF9CB2F 		.ascii	"\177\371\313/\363e~\211X\245R\361H\2452\303\257\366"
 157      F3657E89 
 157      58A552F1 
 157      48A532C3 
 157      AFF6
 158 0081 4395EA3B 		.ascii	"C\225\352;{\225\012CY\000\030\024\253JT\354\247\005"
 158      7B950A43 
 158      59001814 
 158      AB4A54EC 
 158      A705
 159 0093 3B01760A 		.ascii	";\001v\012\254\034\354,X\005X%X5X\015\330E\260:\260"
 159      AC1CEC2C 
 159      58055825 
 159      5835580D 
 159      D845B03A 
 160 00a8 06B02BAA 		.ascii	"\006\260+\2527\177'\004\036\302\375\021X3X)\230;t4\013"
 160      377F2704 
 160      1EC2FD11 
 160      58335829 
 160      983B7434 
ARM GAS  C:\Users\PETERL~1\AppData\Local\Temp\ccBZCqIb.s 			page 12


 161 00bd EC1ABCBB 		.ascii	"\354\032\274\273\012\030\322\257\007\224\375\0341\035"
 161      0A18D2AF 
 161      0794FD1C 
 161      311D
 162 00cb AFC1DE13 		.ascii	"\257\301\336\0238\032\204~>\202\212\177\006\373\005"
 162      381A847E 
 162      3E828A7F 
 162      06FB05
 163 00da D8BF807D 		.ascii	"\330\277\200}\212\230\006\242\305\0131]\363\341\351"
 163      8A9806A2 
 163      C50B315D 
 163      F3E1E9
 164 00e9 83984EA2 		.ascii	"\203\230N\242\367\013x_\200\230\376r\033\032\311\370"
 164      F70B785F 
 164      8098FE72 
 164      1B1AC9F8 
 165 00f9 5C641A49 		.ascii	"\\d\032Il\376G\320\226\012\317\024$\351\035\202\262"
 165      6CFE47D0 
 165      960ACF14 
 165      24E91D82 
 165      B2
 166 010a CD88696D 		.ascii	"\315\210im\002\323\200\205\201\237\010\346\0026\243"
 166      02D38085 
 166      819F08E6 
 166      0236A3
 167 0119 62417406 		.ascii	"bAt\006S\203q`\0320L\336\205\276l\305i\234Cg\216M\\"
 167      53837160 
 167      1A304CDE 
 167      85BE6CC5 
 167      699C4367 
 168 0130 711EE090 		.ascii	"q\036\340\220\253\306\223\270g3\0322\355\301\325j\324"
 168      ABC693B8 
 168      67331A32 
 168      EDC1D56A 
 168      D4
 169 0141 C4ADAA9C 		.ascii	"\304\255\252\234\254\323`\240\203\367C\231}m\232O\012"
 169      ACD360A0 
 169      83F74399 
 169      7D6D9A4F 
 169      0A
 170 0152 789E4FE4 		.ascii	"x\236O\344\253o \211\"%\261\267Q\203\335)h\375\221s"
 170      AB6F2089 
 170      2225B1B7 
 170      5183DD29 
 170      68FD9173 
 171 0166 290ED0FE 		.ascii	")\016\320\376#\015\255\352\331=\225\343D]2\355nP\304"
 171      230DADEA 
 171      D93D95E3 
 171      445D32ED 
 171      6E50C4
 172 0179 35F4F387 		.ascii	"5\364\363\207\\\321\\M\016\020\215\235\317\250\373\220"
 172      5CD15C4D 
 172      0E108D9D 
 172      CFA8FB90 
 173 0189 E7D5A818 		.ascii	"\347\325\250\030iP!\302\250\000}BFBZ\223_\"\317\307"
 173      695021C2 
 173      A8007D42 
ARM GAS  C:\Users\PETERL~1\AppData\Local\Temp\ccBZCqIb.s 			page 13


 173      46425A93 
 173      5F22CFC7 
 174 019d F1E9F1BC 		.ascii	"\361\351\361\274S\203\253\012\345\"\017\224\207<T\350"
 174      5383AB0A 
 174      E5220F94 
 174      873C54E8 
 175 01ad 189A0B08 		.ascii	"\030\232\013\010\212EG\241\260\010\012\201\270\366U"
 175      8A4547A1 
 175      B0080A81 
 175      B8F655
 176 01bc 65821DD2 		.ascii	"e\202\035\322\314\265\335\350\270\215FTB\312\017\031"
 176      CCB5DDE8 
 176      B88D4654 
 176      42CA0F19 
 177 01cc EF130925 		.ascii	"\357\023\011% !_\222\000\212\230\006R\001#97}\267M\375"
 177      20215F92 
 177      008A9806 
 177      52012339 
 177      377DB74D 
 178 01e1 B3EDD082 		.ascii	"\263\355\320\202p\317R\243\200\367-\344*T\212~\006\377"
 178      70CF52A3 
 178      80F72DE4 
 178      2A548A7E 
 178      06FF
 179 01f3 FE49CD02 		.ascii	"\376I\315\0022Q\335\332\201q/\242\021\211+\273\260\321"
 179      3251DDDA 
 179      81712FA2 
 179      11892BBB 
 179      B0D1
 180 0205 D9731F9F 		.ascii	"\331s\037\237]2\326\225{\332)\213\317\216\343g\314f"
 180      5D32D695 
 180      7BDA298B 
 180      CF8EE367 
 180      CC66
 181 0217 441BA132 		.ascii	"D\033\2412K\217*\362\316z<\201<\241\341\365]\031'\020"
 181      4B8F2AF2 
 181      CE7A3C81 
 181      3CA1E1F5 
 181      5D192710 
 182 022b CE67C13F 		.ascii	"\316g\301?\227\276\265OKYz\263\352\215\325\011\374+"
 182      97BEB54F 
 182      4B597AB3 
 182      EA8DD509 
 182      FC2B
 183 023d B319338A 		.ascii	"\263\0313\212\2232\212\223\"\305)J\221;|\266\300\011"
 183      93328A93 
 183      22C5294A 
 183      913B7CB6 
 183      C009
 184 024f 9F641417 		.ascii	"\237d\024\027\333\363\274\200\241\227\037\313lz\272"
 184      DBF3BC80 
 184      A1971FCB 
 184      6C7ABA
 185 025e 684B7C7A 		.ascii	"hK|z\016\337k6\377\234\221\234\226\221\234\026I\312"
 185      0EDF6B36 
 185      FF9C919C 
 185      96919C16 
ARM GAS  C:\Users\PETERL~1\AppData\Local\Temp\ccBZCqIb.s 			page 14


 185      49CA
 186 0270 29C9A5DA 		.ascii	")\311\245\332\347\003\3168\016S\222\334\352\306\006"
 186      E703CE38 
 186      0E5392DC 
 186      EAC606
 187 027f 4C594A8A 		.ascii	"LYJ\212\213\036\243,\376\200|4gd,gD\226\263\224\245"
 187      8B1EA32C 
 187      FE807C34 
 187      67642C67 
 187      4496B394 
 188 0294 B0B1BB81 		.ascii	"\260\261\273\201\303\215\214e\303D\305N7\306\322\334"
 188      C38D8C65 
 188      C344C54E 
 188      37C6D2DC 
 189 02a4 F29F0A92 		.ascii	"\362\237\012\222s2\222s\"I\005%\3519\272\347\006\207"
 189      73329273 
 189      22490525 
 189      E939BAE7 
 189      0687
 190 02b6 33D59424 		.ascii	"3\325\224$\2439i\013\022\244\214\214*\245\234\227\261"
 190      A339690B 
 190      12A48C8C 
 190      2AA59C97 
 190      B1
 191 02c7 9C17592A 		.ascii	"\234\027Y*)\313&\363h\271\006\2271\226\234\013\235C"
 191      29CB26F3 
 191      68B90697 
 191      31969C0B 
 191      9D43
 192 02d9 768C6573 		.ascii	"v\214esY\357/\024,U2\226*\221\245\232\262\304\367%\233"
 192      59EF2F14 
 192      2C553296 
 192      2A91A59A 
 192      B2C4F725 
 193 02ee D5F83963 		.ascii	"\325\3709c\351\177\031w\334A\320r\345\015-\027d,\027"
 193      E97F1977 
 193      DC41D072 
 193      E50D2D17 
 193      642C17
 194 0301 44961ACA 		.ascii	"D\226\032\312\322~\266\351\214\006\247\331Q\226k?\346"
 194      D27EB6E9 
 194      8C06A7D9 
 194      51966B3F 
 194      E6
 195 0312 2E11A252 		.ascii	".\021\242R\254\214\312\2172\216\037E\216\213\224\343"
 195      AC8CCA8F 
 195      328E1F45 
 195      8E8B94E3 
 196 0322 7463CD03 		.ascii	"tc\315\003\214\213\030\307\321\254\276$1*\251oLP\255"
 196      8C8B18C7 
 196      D1ACBE24 
 196      312AA96F 
 196      4C50AD
 197 0335 8CA55664 		.ascii	"\214\245Vd\251c\023t\260\340\2123\256a,\035\033r\006"
 197      A9631374 
 197      B0E08A33 
 197      AE612C1D 
ARM GAS  C:\Users\PETERL~1\AppData\Local\Temp\ccBZCqIb.s 			page 15


 197      1B7206
 198 0348 5C4529AB 		.ascii	"\\E)\253\024$\3652\222z\221\244\201\222$\026\225T8\251"
 198      1424F532 
 198      927A91A4 
 198      81922416 
 198      955438A9 
 199 035c 39F6D590 		.ascii	"9\366\325\220\357\001\312v\265\036\335\255\265\2245"
 199      EF01CA76 
 199      B51EDDAD 
 199      B59435
 200 036b 225A5894 		.ascii	"\"ZX\224\366\354\242\366\255\237S\023\375\234.!\341"
 200      F6ECA2F6 
 200      AD9F5313 
 200      FD9C2E21 
 200      E1
 201 037c 7B2A6D2B 		.ascii	"{*m+\334\247\301\035LZ[\325\372<{&\255\345\364\244V"
 201      DCA7C11D 
 201      4C5A5BD5 
 201      FA3C7B26 
 201      ADE5F4A4 
 202 0391 A60D5AA1 		.ascii	"\246\015Z\241\3132m\227EmW\250\266\356\314\352$\265"
 202      CB326D97 
 202      456D57A8 
 202      B6EECCEA 
 202      24B5
 203 03a3 3649DA1D 		.ascii	"6I\332\035\350`\244N\233\221\226\242\341\011\350\272"
 203      E860A44E 
 203      9B9196A2 
 203      E109E8BA 
 204 03b3 C1CACD5A 		.ascii	"\301\312\315Z\272/\362\366\244\333\222\252\302MNtc\374"
 204      BA2FF2F6 
 204      A4DB92AA 
 204      C24D4E74 
 204      63FC
 205 03c5 33716BCE 		.ascii	"3qk\316l\334\253\306\207\354\251\244\221\232\234\265"
 205      6CDCABC6 
 205      87ECA9A4 
 205      919A9CB5 
 206 03d5 1AD876E2 		.ascii	"\032\330v\342\177\332\266\003-\022\262\314\3170.f\315"
 206      7FDAB603 
 206      2D12B2CC 
 206      CF302E66 
 206      CD
 207 03e6 774D15E7 		.ascii	"wM\025\347;\3432\301\311\252\277\245\306\247\231\223"
 207      3BE332C1 
 207      C9AABFA5 
 207      C6A79993 
 208 03f6 B37DC751 		.ascii	"\263}\307Q;\332\251#\335h[\332\322\234p\005\253;\262"
 208      3BDAA923 
 208      DD685BDA 
 208      D29C7005 
 208      AB3BB2
 209 0409 EDC52637 		.ascii	"\355\305&7|\2019Mw'\237j)p\026q\247\246\333\2728|\221"
 209      7C81394D 
 209      77279F6A 
 209      29701671 
 209      A7A6DBBA 
ARM GAS  C:\Users\PETERL~1\AppData\Local\Temp\ccBZCqIb.s 			page 16


 210 0420 D55DEAE8 		.ascii	"\325]\352\350;h\207\033\230\223\365\342r\235\033\005"
 210      3B68871B 
 210      9893F5E2 
 210      729D1B05 
 211 0430 7E40DC17 		.ascii	"~@\334\027\273\343\343\335p3\253\313\316}mv\305m\314"
 211      BBE3E3DD 
 211      7033ABCB 
 211      CE7D6D76 
 211      C56DCC
 212 0443 11CF052D 		.ascii	"\021\317\005-;\027\366\\\030\272\352\202\273X\335\323"
 212      3B17F65C 
 212      18BAEA82 
 212      BB58DDD3 
 213 0453 BB713308 		.ascii	"\273q3\010\337aN\336\335\346\014\027\012\374\230\270"
 213      DF614EDE 
 213      DDE60C17 
 213      0AFC98B8 
 214 0463 FBB74DE9 		.ascii	"\373\267M\351p\037\253:;\236<\341\210\0370\247\347E"
 214      701FAB3A 
 214      3B9E3CE1 
 214      881F30A7 
 214      E745
 215 0475 4F8D03C5 		.ascii	"O\215\003\305\315#\356\366\212=\031N,\276\264z\363\261"
 215      CD23EEF6 
 215      8A3D194E 
 215      2CBEB47A 
 215      F3B1
 216 0487 9CA74C18 		.ascii	"\234\247L\030\246\254\007n_\306$\246\2748YZ\215l\256"
 216      A6AC076E 
 216      5FC624A6 
 216      BC38595A 
 216      8D6CAE
 217 049a 06C8EE8C 		.ascii	"\006\310\356\214>\366@\017Y<\367\016\267\026\270\271"
 217      3EF6400F 
 217      593CF70E 
 217      B716B8B9 
 218 04aa A75338CF 		.ascii	"\247S8\317{\232\350R\353\007x\027\205\017\"w\261\021"
 218      7B9AE852 
 218      EB077817 
 218      850F2277 
 218      B111
 219 04bc 41EF6CCF 		.ascii	"A\357l\317\033s\220\243\257\275\013\235\264c[\035\302"
 219      1B7390A3 
 219      AFBD0B9D 
 219      B4635B1D 
 219      C2
 220 04cd 836C14ED 		.ascii	"\203l\024\355\353\373;8<\302\234\322C\207O\2615\361"
 220      EBFB3B38 
 220      3CC29CD2 
 220      43874FB1 
 220      35F1
 221 04df 251D42E7 		.ascii	"%\035B\347\325v\007\374D\210\337\361\364)WZ\367\025"
 221      D57607FC 
 221      4488DFF1 
 221      F429575A 
 221      F715
 222 04f1 711B4FA6 		.ascii	"q\033O\246Vk\360sV\367\272\360\376$\207\247\231\363"
ARM GAS  C:\Users\PETERL~1\AppData\Local\Temp\ccBZCqIb.s 			page 17


 222      566BF073 
 222      56F7BAF0 
 222      FE2487A7 
 222      99F3
 223 0503 B0F211CF 		.ascii	"\260\362\021\317Q`\000q\273GR{\034\361\214u\007\256"
 223      51600071 
 223      BB47527B 
 223      1CF18C75 
 223      07AE
 224 0515 AC83A4E4 		.ascii	"\254\203\244\344\343f\207\267\007\345\231\030\224\177"
 224      E36687B7 
 224      07E59918 
 224      947F
 225 0523 A53159BF 		.ascii	"\2451Y\277\367p/\026F\231-\306d\002\320\035\024\375"
 225      F7702F16 
 225      46992DC6 
 225      6402D01D 
 225      14FD
 226 0535 9C8EF299 		.ascii	"\234\216\362\2318\312\361\033\011-\316r\364\265w\241"
 226      38CAF11B 
 226      092DCE72 
 226      F4B577A1 
 227 0545 AF3CCFDB 		.ascii	"\257<\317\333k\217\023\034\250\312\304\212mGX\030\376"
 227      6B8F131C 
 227      A8CAC48A 
 227      6D475818 
 227      FE
 228 0556 08EEFBB7 		.ascii	"\010\356\373\267Z6\026\273\2409\3547{\216\3547wN6\237"
 228      5A3616BB 
 228      A039EC37 
 228      7B8EEC37 
 228      774E369F 
 229 056a 103F9675 		.ascii	"\020?\226u>{\301\231R\276:\001\323N\306\341\223]\317"
 229      3E7BC199 
 229      52BE3A01 
 229      D34EC6E1 
 229      935DCF
 230 057d CD96BE99 		.ascii	"\315\226\276\231'\264\307_\302?*\202\317\356)\262o\230"
 230      27B4C75F 
 230      C23F2A82 
 230      CFEE29B2 
 230      6F98
 231 058f 47A1634A 		.ascii	"G\241cJ\350c\012\315E\026l\213\005\333\255\304\366("
 231      E8630ACD 
 231      45166C8B 
 231      05DBADC4 
 231      F628
 232 05a1 689B2CD0 		.ascii	"h\233,\320\033Jh\227\002z\323\002\275\247\204\336U*"
 232      1B4A6897 
 232      027AD302 
 232      BDA784DE 
 232      552A
 233 05b3 68B660EF 		.ascii	"h\266`\357(\261\267\225\330+\026\354-\333X*a\213\260"
 233      28B1B795 
 233      D82B16EC 
 233      2DDB582A 
 233      618BB0
ARM GAS  C:\Users\PETERL~1\AppData\Local\Temp\ccBZCqIb.s 			page 18


 234 05c6 50BF34A9 		.ascii	"P\2774\251P\013\324\267\322*\202\206m\005m\346\346\242"
 234      500BD4B7 
 234      D22A8286 
 234      6D056DE6 
 234      E6A2
 235 05d8 786E0E8A 		.ascii	"xn\016\212\003\333\004\226\000\366\032\315AI\360\344"
 235      03DB0496 
 235      00F61ACD 
 235      4149F0E4 
 236 05e8 C1CCF0FE 		.ascii	"\301\314\360\376\012l\003\274\247\202\315\300\373Fx"
 236      0A6C03BC 
 236      A782CDC0 
 236      FB4678
 237 05f7 2683A580 		.ascii	"&\203\245\200\375\0006\015e/\301\322\340=\221\233Cw"
 237      FD00360D 
 237      652FC1D2 
 237      E03D919B 
 237      4377
 238 0609 4D2AB0C1 		.ascii	"M*\260\301\"\260M)\360c\305X\252,\320\3536\241R4/Y\220"
 238      22B04D29 
 238      F063C558 
 238      AA2CD0EB 
 238      36A15234 
 239 0620 9D4A6487 		.ascii	"\235Jd\2072B\335\026\354\250\355\271\227hoX\240\275"
 239      3242DD16 
 239      ECA8EDB9 
 239      97686F58 
 239      A0BD
 240 0632 B6A75E46 		.ascii	"\266\247^F{\313\202\275\257\304>\260\242]\237=\364)"
 240      7BCB82BD 
 240      AFC43EB0 
 240      A25D9F3D 
 240      F429
 241 0644 205F2077 		.ascii	" _ w4) \305\217\002M)\0044ZH\333m\217K\202^\266@o\332"
 241      342920C5 
 241      8F024D29 
 241      04345A48 
 241      DB6D8F4B 
 242 065e 5E7B16AD 		.ascii	"^{\026\255\353\263o\023\001C `X\200\212;\225 U6\254"
 242      EBB36F13 
 242      01432060 
 242      58808A3B 
 242      95205536 
 243 0673 3B16DA47 		.ascii	";\026\332GJ\332\021%\266\313\202\355\263\275\246\251"
 243      4ADA1125 
 243      B6CB82ED 
 243      B3BDA6A9 
 244 0683 5A9222F7 		.ascii	"Z\222\"\367V\026\331\363\210@T\342\331\252\262,\221"
 244      5616D9F3 
 244      884054E2 
 244      D9AAB22C 
 244      91
 245 0694 DEC1A266 		.ascii	"\336\301\242f-/0=\265\375)\263^!E\257\037;3\203\321"
 245      2D2F303D 
 245      B5FD29B3 
 245      5E2145AF 
 245      1F3B3383 
ARM GAS  C:\Users\PETERL~1\AppData\Local\Temp\ccBZCqIb.s 			page 19


 246 06a9 ECB9B656 		.ascii	"\354\271\266V4\332\002\013\371\357\275\250\351p\206"
 246      34DA020B 
 246      F9EFBDA8 
 246      E97086
 247 06b8 231C513A 		.ascii	"#\034Q:ttU\312\366\311\330\304\353\314\371\375u\343"
 247      747455CA 
 247      F6C9D8C4 
 247      EBCCF9FD 
 247      75E3
 248 06ca 0E567942 		.ascii	"\016VyB\272lH*\224\301\261<\001\236\200n(\334\373g|"
 248      BA6C482A 
 248      94C1B13C 
 248      019E806E 
 248      28DCFB67 
 249 06df 996E84EA 		.ascii	"\231n\204\352{{JN\271\241\271\036\036\364r\223\310\177"
 249      7B7B4A4E 
 249      B9A1B91E 
 249      1EF47293 
 249      C87F
 250 06f1 8976721A 		.ascii	"\211vr\032\264\225\303R\310T\231P>\371;R\001\257\216"
 250      B495C352 
 250      C8549950 
 250      3EF93B52 
 250      01AF8E
 251 0704 F4492F2C 		.ascii	"\364I/,c\031<\376@\205>\241\2737\332\006\343'U*\264"
 251      63193CFE 
 251      40853EA1 
 251      BB37DA06 
 251      E327552A 
 252 0719 83F340DB 		.ascii	"\203\363@\3339\017\371!\357\312\016\371]\235\017&0\335"
 252      390FF921 
 252      EFCA0EF9 
 252      5D9D0F26 
 252      30DD
 253 072b 7639E2EE 		.ascii	"v9\342\356\033\330\261\313I\332\300\021\355;\023Zgq"
 253      1BD8B1CB 
 253      49DAC011 
 253      ED3B135A 
 253      6771
 254 073d 44F52E4E 		.ascii	"D\365.N\332\300\211C\016\210\352\242\353\016\224\357"
 254      DAC08943 
 254      0E88EAA2 
 254      EB0E94EF 
 255 074d DF682E70 		.ascii	"\337h.p\250w\030Q>\007\232^\377P^\316\0160\232\377\344"
 255      A8771851 
 255      3E079A5E 
 255      FF505ECE 
 255      0E309AFF 
 256 0762 E48CED70 		.ascii	"\344\214\355py\373\331\263\217\023\316\236\275L\353"
 256      79FBD9B3 
 256      8F13CE9E 
 256      BD4CEB
 257 0771 48FC7091 		.ascii	"H\374p\221\275t\30425\273A\315\036\252f?UC\033Q\007"
 257      BD74C432 
 257      35BB41CD 
 257      1EAA663F 
 257      55431B51 
ARM GAS  C:\Users\PETERL~1\AppData\Local\Temp\ccBZCqIb.s 			page 20


 258 0786 5A54EE6B 		.ascii	"ZT\356k\230\321\340\253\354H)\037\036\210s\202$\257"
 258      98D1E0AB 
 258      EC48291F 
 258      1E887382 
 258      24AF
 259 0798 BA64EC72 		.ascii	"\272d\354rU\216\357\205\303\033\370\006\276\032\262"
 259      558EEF85 
 259      C31BF806 
 259      BE1AB2
 260 07a7 BCFDD5B3 		.ascii	"\274\375\325\263h\332\226\315Iy^\266\020`t\200#y\336"
 260      68DA96CD 
 260      49795EB6 
 260      10607480 
 260      2379DE
 261 07ba E181C2C7 		.ascii	"\341\201\302\307\030os\244DO\256\337\230t\244D\220\336"
 261      186F73A4 
 261      444FAEDF 
 261      9874A444 
 261      90DE
 262 07cc E77D6EB9 		.ascii	"\347}n\271"
 263 07d0 7D2DA22C 		.ascii	"}-\242,\007e,\007E\226C\224\245\257\255\275U\203\017"
 263      07652C07 
 263      45964394 
 263      A5AFADBD 
 263      55830F
 264 07e3 33969C82 		.ascii	"3\226\234\202\202;\032\306\222Y8\212\025,92\226\034"
 264      823B1AC6 
 264      9259388A 
 264      152C3932 
 264      961C
 265 07f5 91E53065 		.ascii	"\221\3450e\271\3376\316kp9c92R1\300\006\225\375\012"
 265      B9DF36CE 
 265      6B703963 
 265      39325231 
 265      C00695FD 
 266 080a 3E3E329E 		.ascii	">>2\236*\376#JqDFqD\244\310\345\336\226R\337*\233\031"
 266      2AFE234A 
 266      71444671 
 266      44A4C8E5 
 266      DE9652DF 
 267 0821 757B6BF6 		.ascii	"u{k\366\234\317\221\3549\217\023\262\347\231\3364\336"
 267      9CCF91EC 
 267      398F13B2 
 267      E799DE34 
 267      DE
 268 0832 09D7300D 		.ascii	"\011\3270\015\007\006\273\3224\270\2259#\3653ev@\215"
 268      0706BBD2 
 268      34B89539 
 268      23F53365 
 268      76408D
 269 0845 0A6997E4 		.ascii	"\012i\227\344R\263\265z\002\261\270W^\317^\274\245X"
 269      52B3B57A 
 269      02B1B857 
 269      5ECF5EBC 
 269      A558
 270 0857 8A7BBA9A 		.ascii	"\212{\272\232\020\243\002Q):\012\035\020\227\211-\242"
 270      10A30251 
ARM GAS  C:\Users\PETERL~1\AppData\Local\Temp\ccBZCqIb.s 			page 21


 270      293A0A1D 
 270      1097892D 
 270      A2
 271 0868 62CD07FB 		.ascii	"b\315\007\373'\020\336\355D\351\253\012\033R\355\305"
 271      2710DEED 
 271      44E9AB0A 
 271      1B52EDC5 
 272 0878 49AC58FA 		.ascii	"I\254X\372\346$\036\223\215\372\230HTL\211^\326_H\346"
 272      E6241E93 
 272      8DFA9848 
 272      544C895E 
 272      D65F48E6 
 273 088c 7031231A 		.ascii	"p1#\032?\270\273X\315\002\267\347x(\273\374\306'r\354"
 273      3FB8BB58 
 273      CD02B7E7 
 273      7828BBFC 
 273      C62772EC 
 274 08a0 36522223 		.ascii	"6R\"#)\021I\216S\222\232C\235;\035\360E\201\344Aq\253"
 274      2911498E 
 274      53929A43 
 274      9D3B1DF0 
 274      4581E441 
 275 08b6 8BB812CA 		.ascii	"\213\270\022\312\277P\314a\251\214\245Td)\243,;[\032"
 275      BF50CC61 
 275      A98CA554 
 275      6429A32C 
 275      3B5B1A
 276 08c9 DD712723 		.ascii	"\335q'#\311\276}\355\367\302:H~\252\\\007'd\034'D\216"
 276      C9BE7DED 
 276      F7C23A48 
 276      7EAA5C07 
 276      27641C27 
 277 08df 9394635F 		.ascii	"\223\224c_\353\235A5~\304Hf\342[{\354\330pv\025[\257"
 277      EB9D4135 
 277      7EC44866 
 277      E25B7BEC 
 277      D8707615 
 278 08f5 8353328A 		.ascii	"\203S2\212S\"\305iJq\367\341\3038\366\365W\323\313\300"
 278      5322C569 
 278      4A71F7E1 
 278      C338F6F5 
 278      57D3CBC0 
 279 0909 89AAB227 		.ascii	"\211\252\262',\345Od\027\207\346\316Mvx\222u\021\327"
 279      2CE54F64 
 279      1787E6CE 
 279      4D767892 
 279      7511D7
 280 091c FAE89E1B 		.ascii	"\372\350\236\033N\320P\347Fwo\2653\336\310\034>\355"
 280      4ED050E7 
 280      46776FB5 
 280      33DEC81C 
 280      3EED
 281 092e 6102C669 		.ascii	"a\002\306i\314\331\224\021\377\320\021ocNq\351\364~"
 281      CCD99411 
 281      FFD0116F 
 281      634E71E9 
 281      F47E
ARM GAS  C:\Users\PETERL~1\AppData\Local\Temp\ccBZCqIb.s 			page 22


 282 0940 279CC99C 		.ascii	"'\234\311\234\275u\265\327\354\361\001\346\214w\234"
 282      BD75B5D7 
 282      ECF101E6 
 282      8C779C
 283 094f FA152E60 		.ascii	"\372\025.`\35797\322\366`\\\306\234\251\346\207'1>\317"
 283      EF3937D2 
 283      F6605CC6 
 283      9CA9E687 
 283      27313ECF 
 284 0963 9CEB79E9 		.ascii	"\234\353y\351\211\216\270\2169\315|f\272+naNA\367t\274"
 284      898EB88E 
 284      39CD7C66 
 284      BA2B6E61 
 284      4E41F774 
 285 0978 1DEE624E 		.ascii	"\035\356bN\375\341\342\375\366\270Op\206\237\017An\315"
 285      FDE1E2FD 
 285      F6B84F70 
 285      869F0F41 
 285      6ECD
 286 098a 1C713FD2 		.ascii	"\034q?\322\262\375\250\277\250\356\220+\036gu]\271\033"
 286      B2FDA8BF 
 286      A8EE902B 
 286      1E67755D 
 286      B91B
 287 099c B73AE269 		.ascii	"\267:\342i\346\324vn\030\264\307\361\316\3241\237\312"
 287      E6D4766E 
 287      18B4C7F1 
 287      CED4319F 
 287      CA
 288 09ad 6C74C1C9 		.ascii	"lt\301\311\314\331\325\020Wk\207\2673'\365~\366!G\274"
 288      CCD9D510 
 288      576B87B7 
 288      3327F57E 
 288      F62147BC 
 289 09c1 9F395923 		.ascii	"\2379Y#\375i\3668\2379\3233\371\217]p\031s\012s\371"
 289      FD69F638 
 289      9F39D333 
 289      F98F5D70 
 289      19730A73 
 290 09d6 F7F179F6 		.ascii	"\367\361y\366>^\320\235\347\206\353\231\323Q{\363\266"
 290      3E5ED09D 
 290      E786EB99 
 290      D3517BF3 
 290      B6
 291 09e7 0BBECA9C 		.ascii	"\013\276\312\234\335\351\327\262X\270W\023w\313\341"
 291      DDE9D7B2 
 291      58B85713 
 291      77CBE1
 292 09f6 6D1B387C 		.ascii	"m\0338|\213\325\355\337\\:\305\376h\266\206\256\373"
 292      8BD5EDDF 
 292      5C3AC5FE 
 292      68B686AE 
 292      FB
 293 0a07 BAE6834E 		.ascii	"\272\346\203N\270\227\325\275L)\253\343\360}\346\034"
 293      B897D5BD 
 293      4C29ABE3 
 293      F07DE61C 
ARM GAS  C:\Users\PETERL~1\AppData\Local\Temp\ccBZCqIb.s 			page 23


 294 0a17 6F1FE8D4 		.ascii	"o\037\350\324P\340Z\272\232\256W\345k\361(\253\023/"
 294      50E05ABA 
 294      9AAE57E5 
 294      6BF128AB 
 294      132F
 295 0a29 445AE142 		.ascii	"DZ\341B4T6s\317\016O\320J\317\272\211\344s\016bNm\235"
 295      34543673 
 295      CF0E4FD0 
 295      4ACFBA89 
 295      E4730E62 
 296 0a40 54CBD26B 		.ascii	"T\313\322k\232]\233{r\276\331B>5v$\377\010+\252\377"
 296      9A5D9B7B 
 296      72BED942 
 296      3E357624 
 296      FF082BAA 
 297 0a55 5D697057 		.ascii	"]ipWY\250\230\211\237Sb\025\211[\352I\013\364\226\022"
 297      59A89889 
 297      9F536215 
 297      895BEA49 
 297      0BF49612 
 298 0a69 7A9BB3C6 		.ascii	"z\233\263\306NK\264\315J\254U\202\317\363\331\233N\252"
 298      4E4BB4CD 
 298      4AAC5582 
 298      CFF3D99B 
 298      4EAA
 299 0a7b 0916EE18 		.ascii	"\011\026\356\030\250M\300Z\222\254v\005o\262\244\341"
 299      A84DC05A 
 299      92AC7605 
 299      6FB2A4E1 
 300 0a8b 8692B793 		.ascii	"\206\222\267\223\223\3478@\234\"\021w)\211o*\210\223"
 300      93E73840 
 300      9C221177 
 300      29896F2A 
 300      8893
 301 0a9d 24E20EDB 		.ascii	"$\342\016\333\304o$\343\345p\236\235\241U\375B\336\362"
 301      C46F24E3 
 301      E5709E9D 
 301      A155FD42 
 301      DEF2
 302 0aaf 1ACEED1E 		.ascii	"\032\316\355\036\3107\006\300\236\221\034\004l\022\354"
 302      C83706C0 
 302      9E911C04 
 302      6C12EC
 303 0abe 25D814D8 		.ascii	"%\330\024\330\023\260n\260G`c`\343`\257\300^\200=\007"
 303      13B06EB0 
 303      47606360 
 303      E360AFC0 
 303      5E803D07 
 304 0ad2 1B041B05 		.ascii	"\033\004\033\005{\012\326\0076\001\366\020l\030\354"
 304      7B0AD607 
 304      3601F610 
 304      6C18EC
 305 0ae1 31D808D8 		.ascii	"1\330\010\330]\260\007`\367\300\356\203\365\202\015"
 305      5DB00760 
 305      F7C0EE83 
 305      F5820D
 306 0af0 C993F6D7 		.ascii	"\311\223\366\327R\350[\225#Q\346\2547%l\205\315\331"
ARM GAS  C:\Users\PETERL~1\AppData\Local\Temp\ccBZCqIb.s 			page 24


 306      52E85B95 
 306      2351E6AC 
 306      37256C85 
 306      CDD9
 307 0b02 97658C93 		.ascii	"\227e\214\223\022\266I\211\035Q\360n\226\242y\307\366"
 307      12B64989 
 307      1D51F06E 
 307      96A279C7 
 307      F6
 308 0b13 52B14C53 		.ascii	"R\261LS\\\366\014#&\347\333U\333\202e*\206$\025\027"
 308      5CF60C23 
 308      26E7DB55 
 308      DB82652A 
 308      86241517 
 309 0b27 6DAF6D19 		.ascii	"m\257m\0318Q\222q]\011nU\202\247$\346\313\266\307'\003"
 309      38519271 
 309      5D096E55 
 309      82A724E6 
 309      CBB6C727 
 310 0b3c 9B25F035 		.ascii	"\233%\3605\333\314\322\372\036.\263,\303Z\3452\274\253"
 310      DBCCD2FA 
 310      1E2EB32C 
 310      C35AE532 
 310      BCAB
 311 0b4e 08DC2389 		.ascii	"\010\334#\211\267N\311ku5\201\270\015Hq\253y#\310H\361"
 311      B74EC96B 
 311      753581B8 
 311      0D4871AB 
 311      7923C848 
 312 0b63 2DBC9444 		.ascii	"-\274\224D\\Q\212P^\245^I\"Zl\177\274\362\273\224\004"
 312      5C518A50 
 312      5EA55E49 
 312      225A6C7F 
 312      BCF2BB94 
 313 0b78 3EAF0477 		.ascii	">\257\004w(\024?\226\024_Rb\0339\005\361\250D\334`\033"
 313      28143F96 
 313      145F5262 
 313      1B3905F1 
 313      A844DC60 
 314 0b8d 2C29BE23 		.ascii	",)\276#a\253\224X\345m\276G\302^\260\0356\011\333-a"
 314      61AB9458 
 314      E56DBE47 
 314      C25EB01D 
 314      3609DB2D 
 315 0ba2 AB6DF3CA 		.ascii	"\253m\363\312\004\337\226\300\225\266#!\003\217H\340"
 315      04DF96C0 
 315      95B62321 
 315      038F48E0 
 316 0bb2 7ADB13CD 		.ascii	"z\333\023\315\300\364\312\322R\026J\376\217\242\377"
 316      C0F4CAD2 
 316      52164AFE 
 316      8FA2FF
 317 0bc1 8D2B185C 		.ascii	"\215+\030\\\252nnl\202\263\331\372R%\356L\310\014\033"
 317      AA6E6E6C 
 317      82B3D9FA 
 317      5225EE4C 
 317      C80C1B
ARM GAS  C:\Users\PETERL~1\AppData\Local\Temp\ccBZCqIb.s 			page 25


 318 0bd4 D23FCAE6 		.ascii	"\322?\312\346DG\222yR\013w\311\031\220t\326\222\353"
 318      44479279 
 318      520B77C9 
 318      199074D6 
 318      92EB
 319 0be6 D07189D7 		.ascii	"\320q\211\327\257\216\321\311\012;\253\353\327\214\325"
 319      AF8ED1C9 
 319      0A3BABEB 
 319      D78CD5
 320 0bf5 F58BC7EC 		.ascii	"\365\213\307\354\372\005O\222\234\025\274\034\264\303"
 320      FA054F92 
 320      9C15BC1C 
 320      B4C3
 321 0c03 A7B52C9B 		.ascii	"\247\265,\233(\252\275\351\202\353\2303\274u\370\265"
 321      28AABDE9 
 321      82EB9833 
 321      BC75F8B5 
 322 0c13 2BBEC29C 		.ascii	"+\276\302\234\212#\033+\235q\033u\354\233R.^\"\207\351"
 322      8A231B2B 
 322      9D711B75 
 322      EC9B522E 
 322      5E2287E9 
 323 0c27 6CE10F52 		.ascii	"l\341\017R\275\371\205\227,WXH\216\320F\374\256\211"
 323      BDF98597 
 323      2C575848 
 323      8ED046FC 
 323      AE89
 324 0c39 DB5F285E 		.ascii	"\333_(^\234\311yi\205\225\355\230\362\331\220\376\264"
 324      9CC97969 
 324      8595ED98 
 324      F2D990FE 
 324      B4
 325 0c4a 48D0642A 		.ascii	"H\320d*6\341\271(\011\303\375\025,\021\354\007,\333"
 325      36E1B928 
 325      09C3FD15 
 325      2C11EC07 
 325      2CDB
 326 0c5c BFF32C1D 		.ascii	"\277\363,\035\304\333\026#\335\314\367\024\222\2339"
 326      C4DB1623 
 326      DDCCF714 
 326      929B39
 327 0c6b 406CDDCC 		.ascii	"@l\335\314\367\311\206\025\247d\222\216vXB\035W_$\301"
 327      F7C98615 
 327      A764928E 
 327      7658421D 
 327      575F24C1 
 328 0c7f C57536E5 		.ascii	"\305u6\345,\370\275#J\001\350zl\231\037\322\001\375"
 328      2CF8BD23 
 328      4A01E87A 
 328      6C991FD2 
 328      01FD
 329 0c91 D91A154A 		.ascii	"\331\032\025J\206\301\374\265\201\221\277z&\346/\261"
 329      86C1FCB5 
 329      8191BF7A 
 329      26E62FB1 
 330 0ca1 9AD7142C 		.ascii	"\232\327\024,\237\327Ta^S\351\274\246\354\351\334\253"
 330      9FD75461 
ARM GAS  C:\Users\PETERL~1\AppData\Local\Temp\ccBZCqIb.s 			page 26


 330      5E53E9BC 
 330      A6ECE9DC 
 330      AB
 331 0cb2 B5423759 		.ascii	"\265B7Y\375\261~\263\200&O\307\330\260H\223\217\267"
 331      FDB17EB3 
 331      80264FC7 
 331      D8B04893 
 331      8FB7
 332 0cc4 C164BFE4 		.ascii	"\301d\277\344\353o=u*\215\301 \226\254\014\371mP\310"
 332      EB6F3D75 
 332      2A8DC120 
 332      96AC0CF9 
 332      6D50C8
 333 0cd7 EAB01561 		.ascii	"\352\260\025a1\246\330\320\260\250 STTxL\320\252\310"
 333      31A6D8D0 
 333      B0A82053 
 333      5454784C 
 333      D0AAC8
 334 0cea 584FFAE6 		.ascii	"XO\372\346\031\034\035\341i\214Xa\014\0155\206\006}"
 334      191C1DE1 
 334      698C5861 
 334      0C0D3586 
 334      067D
 335 0cfc FED96F3C 		.ascii	"\376\331o<\275\347\315\377\342/>AP\376idT\244\361Sc"
 335      BDE7CDFF 
 335      E22F3E41 
 335      50FE6964 
 335      54A4F153 
 336 0d11 F08AB0A0 		.ascii	"\360\212\260\240\260\310\220\360\330PcPD0pE\032\203"
 336      B0C890F0 
 336      D8506350 
 336      44307045 
 336      1A83
 337 0d23 0CA1C695 		.ascii	"\014\241\306\225\301\261\341&\203i\335\032c\314g\253"
 337      C1B1E126 
 337      8369DD1A 
 337      63CC67AB 
 338 0d33 557FFA7F 		.ascii	"U\177\372\177\355&f]L\220!\306\024\012c\000n\307?\030"
 338      ED26665D 
 338      4C9021C6 
 338      140A6300 
 338      6EC73F18 
 339 0d47 434C51D1 		.ascii	"CLQ\321\213\346\375N\367\333 \035\351$\220uB;\214\212"
 339      8BE6FD4E 
 339      F7DB201D 
 339      E9249075 
 339      423B8C8A 
 340 0d5b F199E715 		.ascii	"\361\231\347\025\025\343\265:8\334kMT\264)\306+p\371"
 340      15E3B53A 
 340      38DC6B4D 
 340      54B429C6 
 340      2B70F9
 341 0d6e 321F6FAF 		.ascii	"2\037o\257\245K}\275\226\373/\373~\276W\214\311\020"
 341      A54B7DBD 
 341      96FB2FFB 
 341      7EBE578C 
 341      C910
ARM GAS  C:\Users\PETERL~1\AppData\Local\Temp\ccBZCqIb.s 			page 27


 342 0d80 1E1EFA59 		.ascii	"\036\036\372Y\210\312\231\275\031\302\"\303L\356\006"
 342      88CA99BD 
 342      19C222C3 
 342      4CEE06
 343 0d8f 02368445 		.ascii	"\0026\204E\377\305`\\\023\026\036\265*\326\370\233w"
 343      FFC5605C 
 343      13161EB5 
 343      2AD6F89B 
 343      77
 344 0da0 D1479B04 		.ascii	"\321G\233\004\366\205\372e\272ek\275BV\207DE\033\015"
 344      F685FA65 
 344      BA656BBD 
 344      42568744 
 344      451B0D
 345 0db3 DF2F8800 		.ascii	"\337/\210\000\205\357\031BW\2542\204\2546\206\374\227"
 345      85EF1942 
 345      57AC3284 
 345      AC3686FC 
 345      97
 346 0dc4 21DC18FC 		.ascii	"!\334\030\374\275\321\020\026\023=\377\257\320\011\203"
 346      BDD11016 
 346      133DFFAF 
 346      D00983
 347 0dd3 05A650E3 		.ascii	"\005\246P\343\212\330U@\363!\2149\330\024\003\377F\255"
 347      8AD85540 
 347      F3218C39 
 347      D81403FF 
 347      46AD
 348 0de5 31441883 		.ascii	"1D\030\203cb\241\207\220\3500\323\337FGI\200\316C\246"
 348      6362A187 
 348      90E830D3 
 348      DF464749 
 348      80CE43A6 
 349 0df9 2A36323C 		.ascii	"*62<\012\036+\243\243\"\010\231{\310\352\300u1\313\303"
 349      0A1E2BA3 
 349      A3220899 
 349      7BC8EAC0 
 349      7531CBC3 
 350 0e0d 228CD15F 		.ascii	"\"\214\321_\005G\206\206\033\243\375\275~:\377:\302"
 350      05478686 
 350      1BA3FDBD 
 350      7E3AFF3A 
 350      C2
 351 0e1e FE817CCC 		.ascii	"\376\201|\314r\356\177\262\214\"\030\002\254\034\206"
 351      72EE7FB2 
 351      8C221802 
 351      AC1C86
 352 0e2d 3C54C648 		.ascii	"<T\306H\2231\232\024\316\026\232@\037\321\2007\222i"
 352      93319A14 
 352      CE169A40 
 352      1FD18037 
 352      9269
 353 0e3f 9915F97D 		.ascii	"\231\025\371}X\210_d\360\212p#\233\377\177\377i\263"
 353      58885F64 
 353      F08A7023 
 353      9BFF7FFF 
 353      69B3
ARM GAS  C:\Users\PETERL~1\AppData\Local\Temp\ccBZCqIb.s 			page 28


 354 0e51 1F121511 		.ascii	"\037\022\025\021\021\025)N\023!\001\2610\363\021\344"
 354      1115294E 
 354      132101B1 
 354      30F311E4 
 355 0e61 6B088B30 		.ascii	"k\010\2130\230\260N?\037\314[\035\270L\247W\373\372"
 355      98B04E3F 
 355      1FCC5B1D 
 355      B84CA757 
 355      FBFA
 356 0e73 FBE9B940 		.ascii	"\373\351\271@=\366[\242\267\323\351\226\351\347\323"
 356      3DF65BA2 
 356      B7D3E996 
 356      E9E7D3
 357 0e82 7FBDD53A 		.ascii	"\177\275\325:\235\237\036\353\276^\216\003\002ux\241"
 357      9D9F1EEB 
 357      BE5E8E03 
 357      027578A1 
 358 0e92 5E8FF53A 		.ascii	"^\217\365:\360\241\301\"\337\345z\354KZ.[\250\347\276"
 358      F0A1C122 
 358      DFE57AEC 
 358      4B5A2E5B 
 358      A8E7BE
 359 0ea5 61AD7C00 		.ascii	"a\255|\000\377G\375\242\377\353\372\024\264\201Pu\310"
 359      FF47FDA2 
 359      FFEBFA14 
 359      B4815075 
 359      C8
 360 0eb6 EAE068F7 		.ascii	"\352\340h\367\250\230\340p\230\237\245\020\326\305\020"
 360      A898E070 
 360      989FA510 
 360      D6C510
 361 0ec5 55FF40FD 		.ascii	"U\377@\375;g\207P\223&d\232\310\023xf\321\011\226\021"
 361      3B678750 
 361      9326649A 
 361      C8137866 
 361      D1099611 
 362 0ed9 B8D3E56E 		.ascii	"\270\323\345n5QN\226\"\027\203!\306h2,Z\030\350\027"
 362      35514E96 
 362      22178321 
 362      C668322C 
 362      5A18E817 
 363 0eed A0F77709 		.ascii	"\240\367w\011\016\377\357\340ud6\302\341[\377\217w\365"
 363      0EFFEFE0 
 363      756436C2 
 363      E15BFF8F 
 363      77F5
 364 0eff 6C5C6BF2 		.ascii	"l\\k\362\322-\013\364\017\224\226\007\371*B\"\026\307"
 364      D22D0BF4 
 364      0F949607 
 364      F92A4222 
 364      16C7
 365 0f11 4692B8CF 		.ascii	"F\222\270\317&r\276\261^h\357\011\243\373\226.IQ\036"
 365      2672BEB1 
 365      5E68EF09 
 365      A3FB962E 
 365      49511E
 366 0f24 D56B55F4 		.ascii	"\325kU\364\036\225\247X\270\316\262Bg\275NgX\016\033"
ARM GAS  C:\Users\PETERL~1\AppData\Local\Temp\ccBZCqIb.s 			page 29


 366      1E95A758 
 366      B8CEB242 
 366      67BD4E67 
 366      580E1B
 367 0f37 90AF7125 		.ascii	"\220\257q%\247\323;\004,]\252[\274D\257&\377`\235\277"
 367      A7D33B04 
 367      2C5DAA5B 
 367      BC44AF26 
 367      FF609DBF 
 368 0f4b DE71E157 		.ascii	"\336q\341W\213\346\353\003\227\323\027o\361\305\207"
 368      8BE6EB03 
 368      97D3176F 
 368      F1C587
 369 0f5a BC38E9FD 		.ascii	"\2748\351\375\002\375\364\177\360\363\235\347\2700@"
 369      02FDF47F 
 369      F0F39DE7 
 369      B83040
 370 0f69 04053090 		.ascii	"\004\0050\220\245n\276\003!\360\373ZO\236\336\302\323"
 370      A56EBE03 
 370      21F0FB5A 
 370      4F9EDEC2 
 370      D3
 371 0f7a 079E1684 		.ascii	"\007\236\026\204\267\003iMk\002(\302R\343\343D\332."
 371      B703694D 
 371      6B0228C2 
 371      52E3E344 
 371      DA2E
 372 0f8c 0D2065A4 		.ascii	"\015 e\244\265\345\315\207\275\211\270\317\235\010\203"
 372      B5E5CD87 
 372      BD89B8CF 
 372      9D0883
 373 0f9b 501B20E2 		.ascii	"P\033 \342\304"
 373      C4
 374 0fa0 DA2F60B5 		.ascii	"\332/`\265\221e\027(\025\375\332.0P\267D\257\201\301"
 374      91651728 
 374      15FDDA2E 
 374      3050B744 
 374      AF81C1
 375 0fb3 FA7B0792 		.ascii	"\372{\007\222\241.\370i\023\024\270\234-\264\225\237"
 375      A12EF869 
 375      1314B89C 
 375      2DB4959F 
 376 0fc3 CF5BB076 		.ascii	"\317[\260v-\314\215\253\357\242%\313t\337\212\021\264"
 376      2DCC8DAB 
 376      EFA225CB 
 376      74DF8A11 
 376      B4
 377 0fd4 F7F7D57D 		.ascii	"\367\367\325}\343\353gO\364,\376\216<\274\027\177\367"
 377      E3EB674F 
 377      F42CFE8E 
 377      3CBC177F 
 377      F7
 378 0fe5 BFB499B3 		.ascii	"\277\264\231\263+"
 378      2B
 379              		.text
 380              		.section	.gnu.lto_.symtab.bbac18c3,"",%progbits
 381 0000 56656374 		.ascii	"VectorB0\000\000\000\000\000\000\000\000\000\000\000"
ARM GAS  C:\Users\PETERL~1\AppData\Local\Temp\ccBZCqIb.s 			page 30


 381      6F724230 
 381      00000000 
 381      00000000 
 381      000000
 382 0013 00B40000 		.ascii	"\000\264\000\000\000st_lld_init\000\000\000\000\000"
 382      0073745F 
 382      6C6C645F 
 382      696E6974 
 382      00000000 
 383 0028 00000000 		.ascii	"\000\000\000\000\000\000\000\266\000\000\000_port_i"
 383      000000B6 
 383      0000005F 
 383      706F7274 
 383      5F69
 384 003a 72715F65 		.ascii	"rq_epilogue\000\000\002\000\000\000\000\000\000\000"
 384      70696C6F 
 384      67756500 
 384      00020000 
 384      00000000 
 385 004f 0000B800 		.ascii	"\000\000\270\000\000\000_dbg_check_leave_isr\000\000"
 385      00005F64 
 385      62675F63 
 385      6865636B 
 385      5F6C6561 
 386 006b 02000000 		.ascii	"\002\000\000\000\000\000\000\000\000\000\272\000\000"
 386      00000000 
 386      0000BA00 
 386      00
 387 0078 005F7374 		.ascii	"\000_stats_stop_measure_crit_isr\000\000\002\000\000"
 387      6174735F 
 387      73746F70 
 387      5F6D6561 
 387      73757265 
 388 009a 00000000 		.ascii	"\000\000\000\000\000\000\000\274\000\000\000_dbg_ch"
 388      000000BC 
 388      0000005F 
 388      6462675F 
 388      6368
 389 00ac 65636B5F 		.ascii	"eck_unlock_from_isr\000\000\002\000\000\000\000\000"
 389      756E6C6F 
 389      636B5F66 
 389      726F6D5F 
 389      69737200 
 390 00c7 00000000 		.ascii	"\000\000\000\000\276\000\000\000chSysTimerHandlerI\000"
 390      BE000000 
 390      63685379 
 390      7354696D 
 390      65724861 
 391 00e2 00020000 		.ascii	"\000\002\000\000\000\000\000\000\000\000\000\300\000"
 391      00000000 
 391      000000C0 
 391      00
 392 00ef 00005F64 		.ascii	"\000\000_dbg_check_lock_from_isr\000\000\002\000\000"
 392      62675F63 
 392      6865636B 
 392      5F6C6F63 
 392      6B5F6672 
ARM GAS  C:\Users\PETERL~1\AppData\Local\Temp\ccBZCqIb.s 			page 31


 393 010e 00000000 		.ascii	"\000\000\000\000\000\000\000\302\000\000\000_stats_"
 393      000000C2 
 393      0000005F 
 393      73746174 
 393      735F
 394 0120 73746172 		.ascii	"start_measure_crit_isr\000\000\002\000\000\000\000\000"
 394      745F6D65 
 394      61737572 
 394      655F6372 
 394      69745F69 
 395 013e 00000000 		.ascii	"\000\000\000\000\304\000\000\000_dbg_check_enter_is"
 395      C4000000 
 395      5F646267 
 395      5F636865 
 395      636B5F65 
 396 0159 72000002 		.ascii	"r\000\000\002\000\000\000\000\000\000\000\000\000\306"
 396      00000000 
 396      00000000 
 396      00C6
 397 0167 0000005F 		.ascii	"\000\000\000_stats_increase_irq\000\000\002\000\000"
 397      73746174 
 397      735F696E 
 397      63726561 
 397      73655F69 
 398 0182 00000000 		.ascii	"\000\000\000\000\000\000\000\310\000\000\000nvicEna"
 398      000000C8 
 398      0000006E 
 398      76696345 
 398      6E61
 399 0194 626C6556 		.ascii	"bleVector\000\000\002\000\000\000\000\000\000\000\000"
 399      6563746F 
 399      72000002 
 399      00000000 
 399      00000000 
 400 01a8 00CD0000 		.ascii	"\000\315\000\000\000"
 400      00
 401              		.text
 402              		.section	.gnu.lto_.opts,"",%progbits
 403 0000 272D666E 		.ascii	"'-fno-trapv' '-mcpu=cortex-m4' '-mno-thumb-interwor"
 403      6F2D7472 
 403      61707627 
 403      20272D6D 
 403      6370753D 
 404 0033 6B272027 		.ascii	"k' '-mthumb' '-ggdb' '-O2' '-fomit-frame-pointer' '"
 404      2D6D7468 
 404      756D6227 
 404      20272D67 
 404      67646227 
 405 0066 2D66616C 		.ascii	"-falign-functions=16' '-ffunction-sections' '-fdata"
 405      69676E2D 
 405      66756E63 
 405      74696F6E 
 405      733D3136 
 406 0099 2D736563 		.ascii	"-sections' '-fno-common' '-flto'\000"
 406      74696F6E 
 406      73272027 
 406      2D666E6F 
ARM GAS  C:\Users\PETERL~1\AppData\Local\Temp\ccBZCqIb.s 			page 32


 406      2D636F6D 
 407              		.text
 408              		.comm	__gnu_lto_v1,1,1
 409              		.comm	__gnu_lto_slim,1,1
 410              		.ident	"GCC: (GNU Tools for ARM Embedded Processors) 4.9.3 20150529 (release) [ARM/embedded-4_9-br
ARM GAS  C:\Users\PETERL~1\AppData\Local\Temp\ccBZCqIb.s 			page 33


DEFINED SYMBOLS
                            *ABS*:00000000 st_lld.c
                            *COM*:00000001 __gnu_lto_v1
                            *COM*:00000001 __gnu_lto_slim

NO UNDEFINED SYMBOLS
